==========================================
SLURM_JOB_ID = 2293429
SLURM_JOB_NODELIST = b08-06
TMPDIR = /tmp/SLURM_2293429
==========================================
Running Sample ID SRR12223738_SRP271933_Undaria_pinnatifida_individual_2_2016-04-19_INTRO_Fr_Roscoff_2_France with options  --RGID C9HDRANXX.2 --RGLB SRR12223738 --RGPL ILLUMINA --RGPU C9HDRANXX.2.SRR12223738 --RGSM INTRO_Fr_Roscoff_2_France 
Using GATK jar /home1/mharden/.conda/envs/gatk4/share/gatk4-4.2.2.0-1/gatk-package-4.2.2.0-local.jar
Running:
    java -Dsamjdk.use_async_io_read_samtools=false -Dsamjdk.use_async_io_write_samtools=true -Dsamjdk.use_async_io_write_tribble=false -Dsamjdk.compression_level=2 -jar /home1/mharden/.conda/envs/gatk4/share/gatk4-4.2.2.0-1/gatk-package-4.2.2.0-local.jar AddOrReplaceReadGroups -I SRR12223738_SRP271933_Undaria_pinnatifida_individual_2_2016-04-19_INTRO_Fr_Roscoff_2_France.sorted.bam -O SRR12223738_SRP271933_Undaria_pinnatifida_individual_2_2016-04-19_INTRO_Fr_Roscoff_2_France.RG.sorted.bam --RGID C9HDRANXX.2 --RGLB SRR12223738 --RGPL ILLUMINA --RGPU C9HDRANXX.2.SRR12223738 --RGSM INTRO_Fr_Roscoff_2_France
22:36:04.092 INFO  NativeLibraryLoader - Loading libgkl_compression.so from jar:file:/home1/mharden/.conda/envs/gatk4/share/gatk4-4.2.2.0-1/gatk-package-4.2.2.0-local.jar!/com/intel/gkl/native/libgkl_compression.so
[Mon Oct 25 22:36:04 PDT 2021] AddOrReplaceReadGroups --INPUT SRR12223738_SRP271933_Undaria_pinnatifida_individual_2_2016-04-19_INTRO_Fr_Roscoff_2_France.sorted.bam --OUTPUT SRR12223738_SRP271933_Undaria_pinnatifida_individual_2_2016-04-19_INTRO_Fr_Roscoff_2_France.RG.sorted.bam --RGID C9HDRANXX.2 --RGLB SRR12223738 --RGPL ILLUMINA --RGPU C9HDRANXX.2.SRR12223738 --RGSM INTRO_Fr_Roscoff_2_France --VERBOSITY INFO --QUIET false --VALIDATION_STRINGENCY STRICT --COMPRESSION_LEVEL 2 --MAX_RECORDS_IN_RAM 500000 --CREATE_INDEX false --CREATE_MD5_FILE false --GA4GH_CLIENT_SECRETS client_secrets.json --help false --version false --showHidden false --USE_JDK_DEFLATER false --USE_JDK_INFLATER false
Oct 25, 2021 10:36:04 PM shaded.cloud_nio.com.google.auth.oauth2.ComputeEngineCredentials runningOnComputeEngine
INFO: Failed to detect whether we are running on Google Compute Engine.
[Mon Oct 25 22:36:04 PDT 2021] Executing as mharden@b08-06.hpc.usc.edu on Linux 3.10.0-1062.4.1.el7.x86_64 amd64; OpenJDK 64-Bit Server VM 1.8.0_302-b08; Deflater: Intel; Inflater: Intel; Provider GCS is available; Picard version: Version:4.2.2.0
INFO	2021-10-25 22:36:04	AddOrReplaceReadGroups	Created read-group ID=C9HDRANXX.2 PL=ILLUMINA LB=SRR12223738 SM=INTRO_Fr_Roscoff_2_France

INFO	2021-10-25 22:36:14	AddOrReplaceReadGroups	Processed     1,000,000 records.  Elapsed time: 00:00:10s.  Time for last 1,000,000:   10s.  Last read position: LG00:4,458,812
INFO	2021-10-25 22:36:24	AddOrReplaceReadGroups	Processed     2,000,000 records.  Elapsed time: 00:00:20s.  Time for last 1,000,000:    9s.  Last read position: LG00:6,767,762
INFO	2021-10-25 22:36:33	AddOrReplaceReadGroups	Processed     3,000,000 records.  Elapsed time: 00:00:28s.  Time for last 1,000,000:    8s.  Last read position: LG00:9,840,203
INFO	2021-10-25 22:36:41	AddOrReplaceReadGroups	Processed     4,000,000 records.  Elapsed time: 00:00:37s.  Time for last 1,000,000:    8s.  Last read position: LG00:14,262,899
INFO	2021-10-25 22:36:50	AddOrReplaceReadGroups	Processed     5,000,000 records.  Elapsed time: 00:00:45s.  Time for last 1,000,000:    8s.  Last read position: LG00:18,182,682
INFO	2021-10-25 22:36:58	AddOrReplaceReadGroups	Processed     6,000,000 records.  Elapsed time: 00:00:53s.  Time for last 1,000,000:    8s.  Last read position: LG00:22,589,359
INFO	2021-10-25 22:37:06	AddOrReplaceReadGroups	Processed     7,000,000 records.  Elapsed time: 00:01:01s.  Time for last 1,000,000:    8s.  Last read position: LG00:26,845,193
INFO	2021-10-25 22:37:14	AddOrReplaceReadGroups	Processed     8,000,000 records.  Elapsed time: 00:01:09s.  Time for last 1,000,000:    7s.  Last read position: LG00:31,034,450
INFO	2021-10-25 22:37:21	AddOrReplaceReadGroups	Processed     9,000,000 records.  Elapsed time: 00:01:17s.  Time for last 1,000,000:    7s.  Last read position: LG00:35,130,783
INFO	2021-10-25 22:37:29	AddOrReplaceReadGroups	Processed    10,000,000 records.  Elapsed time: 00:01:24s.  Time for last 1,000,000:    7s.  Last read position: LG00:40,007,180
INFO	2021-10-25 22:37:36	AddOrReplaceReadGroups	Processed    11,000,000 records.  Elapsed time: 00:01:32s.  Time for last 1,000,000:    7s.  Last read position: LG00:44,473,927
INFO	2021-10-25 22:37:44	AddOrReplaceReadGroups	Processed    12,000,000 records.  Elapsed time: 00:01:39s.  Time for last 1,000,000:    7s.  Last read position: LG00:49,028,566
INFO	2021-10-25 22:37:52	AddOrReplaceReadGroups	Processed    13,000,000 records.  Elapsed time: 00:01:47s.  Time for last 1,000,000:    7s.  Last read position: LG00:54,135,625
INFO	2021-10-25 22:37:59	AddOrReplaceReadGroups	Processed    14,000,000 records.  Elapsed time: 00:01:55s.  Time for last 1,000,000:    7s.  Last read position: LG00:58,908,165
INFO	2021-10-25 22:38:07	AddOrReplaceReadGroups	Processed    15,000,000 records.  Elapsed time: 00:02:02s.  Time for last 1,000,000:    7s.  Last read position: LG00:63,900,449
INFO	2021-10-25 22:38:14	AddOrReplaceReadGroups	Processed    16,000,000 records.  Elapsed time: 00:02:10s.  Time for last 1,000,000:    7s.  Last read position: LG00:69,343,222
INFO	2021-10-25 22:38:21	AddOrReplaceReadGroups	Processed    17,000,000 records.  Elapsed time: 00:02:17s.  Time for last 1,000,000:    7s.  Last read position: LG00:74,154,938
INFO	2021-10-25 22:38:30	AddOrReplaceReadGroups	Processed    18,000,000 records.  Elapsed time: 00:02:25s.  Time for last 1,000,000:    8s.  Last read position: LG00:79,246,810
INFO	2021-10-25 22:38:38	AddOrReplaceReadGroups	Processed    19,000,000 records.  Elapsed time: 00:02:34s.  Time for last 1,000,000:    8s.  Last read position: LG00:83,479,634
INFO	2021-10-25 22:38:47	AddOrReplaceReadGroups	Processed    20,000,000 records.  Elapsed time: 00:02:42s.  Time for last 1,000,000:    8s.  Last read position: LG00:88,659,463
INFO	2021-10-25 22:38:54	AddOrReplaceReadGroups	Processed    21,000,000 records.  Elapsed time: 00:02:50s.  Time for last 1,000,000:    7s.  Last read position: LG00:93,858,139
INFO	2021-10-25 22:39:01	AddOrReplaceReadGroups	Processed    22,000,000 records.  Elapsed time: 00:02:57s.  Time for last 1,000,000:    7s.  Last read position: LG00:99,101,482
INFO	2021-10-25 22:39:09	AddOrReplaceReadGroups	Processed    23,000,000 records.  Elapsed time: 00:03:04s.  Time for last 1,000,000:    7s.  Last read position: LG00:104,572,936
INFO	2021-10-25 22:39:16	AddOrReplaceReadGroups	Processed    24,000,000 records.  Elapsed time: 00:03:12s.  Time for last 1,000,000:    7s.  Last read position: LG00:110,001,176
INFO	2021-10-25 22:39:23	AddOrReplaceReadGroups	Processed    25,000,000 records.  Elapsed time: 00:03:19s.  Time for last 1,000,000:    7s.  Last read position: LG00:115,426,238
INFO	2021-10-25 22:39:31	AddOrReplaceReadGroups	Processed    26,000,000 records.  Elapsed time: 00:03:26s.  Time for last 1,000,000:    7s.  Last read position: LG00:120,741,799
INFO	2021-10-25 22:39:38	AddOrReplaceReadGroups	Processed    27,000,000 records.  Elapsed time: 00:03:34s.  Time for last 1,000,000:    7s.  Last read position: LG00:126,463,676
INFO	2021-10-25 22:39:45	AddOrReplaceReadGroups	Processed    28,000,000 records.  Elapsed time: 00:03:41s.  Time for last 1,000,000:    7s.  Last read position: LG00:131,872,706
INFO	2021-10-25 22:39:53	AddOrReplaceReadGroups	Processed    29,000,000 records.  Elapsed time: 00:03:48s.  Time for last 1,000,000:    7s.  Last read position: LG00:136,767,436
INFO	2021-10-25 22:40:00	AddOrReplaceReadGroups	Processed    30,000,000 records.  Elapsed time: 00:03:55s.  Time for last 1,000,000:    7s.  Last read position: LG00:142,332,667
INFO	2021-10-25 22:40:07	AddOrReplaceReadGroups	Processed    31,000,000 records.  Elapsed time: 00:04:03s.  Time for last 1,000,000:    7s.  Last read position: LG00:148,201,122
INFO	2021-10-25 22:40:15	AddOrReplaceReadGroups	Processed    32,000,000 records.  Elapsed time: 00:04:10s.  Time for last 1,000,000:    7s.  Last read position: LG00:152,570,485
INFO	2021-10-25 22:40:22	AddOrReplaceReadGroups	Processed    33,000,000 records.  Elapsed time: 00:04:17s.  Time for last 1,000,000:    7s.  Last read position: LG00:154,607,573
INFO	2021-10-25 22:40:29	AddOrReplaceReadGroups	Processed    34,000,000 records.  Elapsed time: 00:04:25s.  Time for last 1,000,000:    7s.  Last read position: LG00:159,970,480
INFO	2021-10-25 22:40:36	AddOrReplaceReadGroups	Processed    35,000,000 records.  Elapsed time: 00:04:32s.  Time for last 1,000,000:    7s.  Last read position: LG00:165,418,848
INFO	2021-10-25 22:40:44	AddOrReplaceReadGroups	Processed    36,000,000 records.  Elapsed time: 00:04:39s.  Time for last 1,000,000:    7s.  Last read position: LG00:168,278,979
INFO	2021-10-25 22:40:51	AddOrReplaceReadGroups	Processed    37,000,000 records.  Elapsed time: 00:04:46s.  Time for last 1,000,000:    7s.  Last read position: LG00:169,014,749
INFO	2021-10-25 22:40:58	AddOrReplaceReadGroups	Processed    38,000,000 records.  Elapsed time: 00:04:54s.  Time for last 1,000,000:    7s.  Last read position: LG00:172,709,218
INFO	2021-10-25 22:41:05	AddOrReplaceReadGroups	Processed    39,000,000 records.  Elapsed time: 00:05:01s.  Time for last 1,000,000:    7s.  Last read position: LG01:2,478,829
INFO	2021-10-25 22:41:13	AddOrReplaceReadGroups	Processed    40,000,000 records.  Elapsed time: 00:05:08s.  Time for last 1,000,000:    7s.  Last read position: LG01:5,934,143
INFO	2021-10-25 22:41:20	AddOrReplaceReadGroups	Processed    41,000,000 records.  Elapsed time: 00:05:15s.  Time for last 1,000,000:    7s.  Last read position: LG01:9,185,940
INFO	2021-10-25 22:41:27	AddOrReplaceReadGroups	Processed    42,000,000 records.  Elapsed time: 00:05:23s.  Time for last 1,000,000:    7s.  Last read position: LG01:13,113,784
INFO	2021-10-25 22:41:34	AddOrReplaceReadGroups	Processed    43,000,000 records.  Elapsed time: 00:05:30s.  Time for last 1,000,000:    7s.  Last read position: LG01:16,535,910
INFO	2021-10-25 22:41:42	AddOrReplaceReadGroups	Processed    44,000,000 records.  Elapsed time: 00:05:37s.  Time for last 1,000,000:    7s.  Last read position: LG01:20,455,284
INFO	2021-10-25 22:41:49	AddOrReplaceReadGroups	Processed    45,000,000 records.  Elapsed time: 00:05:44s.  Time for last 1,000,000:    7s.  Last read position: LG01:24,075,011
INFO	2021-10-25 22:41:56	AddOrReplaceReadGroups	Processed    46,000,000 records.  Elapsed time: 00:05:52s.  Time for last 1,000,000:    7s.  Last read position: LG02:535,025
INFO	2021-10-25 22:42:03	AddOrReplaceReadGroups	Processed    47,000,000 records.  Elapsed time: 00:05:59s.  Time for last 1,000,000:    7s.  Last read position: LG02:3,731,473
INFO	2021-10-25 22:42:11	AddOrReplaceReadGroups	Processed    48,000,000 records.  Elapsed time: 00:06:06s.  Time for last 1,000,000:    7s.  Last read position: LG02:7,069,117
INFO	2021-10-25 22:42:18	AddOrReplaceReadGroups	Processed    49,000,000 records.  Elapsed time: 00:06:14s.  Time for last 1,000,000:    7s.  Last read position: LG02:10,466,891
INFO	2021-10-25 22:42:25	AddOrReplaceReadGroups	Processed    50,000,000 records.  Elapsed time: 00:06:21s.  Time for last 1,000,000:    7s.  Last read position: LG02:13,983,872
INFO	2021-10-25 22:42:33	AddOrReplaceReadGroups	Processed    51,000,000 records.  Elapsed time: 00:06:28s.  Time for last 1,000,000:    7s.  Last read position: LG02:16,953,508
INFO	2021-10-25 22:42:40	AddOrReplaceReadGroups	Processed    52,000,000 records.  Elapsed time: 00:06:35s.  Time for last 1,000,000:    7s.  Last read position: LG03:949,182
INFO	2021-10-25 22:42:47	AddOrReplaceReadGroups	Processed    53,000,000 records.  Elapsed time: 00:06:43s.  Time for last 1,000,000:    7s.  Last read position: LG03:4,643,416
INFO	2021-10-25 22:42:54	AddOrReplaceReadGroups	Processed    54,000,000 records.  Elapsed time: 00:06:50s.  Time for last 1,000,000:    7s.  Last read position: LG03:8,352,724
INFO	2021-10-25 22:43:02	AddOrReplaceReadGroups	Processed    55,000,000 records.  Elapsed time: 00:06:57s.  Time for last 1,000,000:    7s.  Last read position: LG03:12,286,147
INFO	2021-10-25 22:43:09	AddOrReplaceReadGroups	Processed    56,000,000 records.  Elapsed time: 00:07:04s.  Time for last 1,000,000:    7s.  Last read position: LG03:15,383,920
INFO	2021-10-25 22:43:16	AddOrReplaceReadGroups	Processed    57,000,000 records.  Elapsed time: 00:07:12s.  Time for last 1,000,000:    7s.  Last read position: LG04:2,667,834
INFO	2021-10-25 22:43:23	AddOrReplaceReadGroups	Processed    58,000,000 records.  Elapsed time: 00:07:19s.  Time for last 1,000,000:    7s.  Last read position: LG04:6,615,387
INFO	2021-10-25 22:43:31	AddOrReplaceReadGroups	Processed    59,000,000 records.  Elapsed time: 00:07:26s.  Time for last 1,000,000:    7s.  Last read position: LG04:10,093,746
INFO	2021-10-25 22:43:38	AddOrReplaceReadGroups	Processed    60,000,000 records.  Elapsed time: 00:07:33s.  Time for last 1,000,000:    7s.  Last read position: LG04:13,775,564
INFO	2021-10-25 22:43:45	AddOrReplaceReadGroups	Processed    61,000,000 records.  Elapsed time: 00:07:41s.  Time for last 1,000,000:    7s.  Last read position: LG05:1,505,184
INFO	2021-10-25 22:43:52	AddOrReplaceReadGroups	Processed    62,000,000 records.  Elapsed time: 00:07:48s.  Time for last 1,000,000:    7s.  Last read position: LG05:5,276,182
INFO	2021-10-25 22:44:00	AddOrReplaceReadGroups	Processed    63,000,000 records.  Elapsed time: 00:07:55s.  Time for last 1,000,000:    7s.  Last read position: LG05:8,336,307
INFO	2021-10-25 22:44:07	AddOrReplaceReadGroups	Processed    64,000,000 records.  Elapsed time: 00:08:02s.  Time for last 1,000,000:    7s.  Last read position: LG05:11,864,494
INFO	2021-10-25 22:44:14	AddOrReplaceReadGroups	Processed    65,000,000 records.  Elapsed time: 00:08:10s.  Time for last 1,000,000:    7s.  Last read position: LG05:15,512,477
INFO	2021-10-25 22:44:21	AddOrReplaceReadGroups	Processed    66,000,000 records.  Elapsed time: 00:08:17s.  Time for last 1,000,000:    7s.  Last read position: LG05:19,298,224
INFO	2021-10-25 22:44:29	AddOrReplaceReadGroups	Processed    67,000,000 records.  Elapsed time: 00:08:24s.  Time for last 1,000,000:    7s.  Last read position: LG06:635,553
INFO	2021-10-25 22:44:36	AddOrReplaceReadGroups	Processed    68,000,000 records.  Elapsed time: 00:08:31s.  Time for last 1,000,000:    7s.  Last read position: LG06:3,877,321
INFO	2021-10-25 22:44:43	AddOrReplaceReadGroups	Processed    69,000,000 records.  Elapsed time: 00:08:39s.  Time for last 1,000,000:    7s.  Last read position: LG06:7,680,635
INFO	2021-10-25 22:44:50	AddOrReplaceReadGroups	Processed    70,000,000 records.  Elapsed time: 00:08:46s.  Time for last 1,000,000:    7s.  Last read position: LG06:11,509,020
INFO	2021-10-25 22:44:58	AddOrReplaceReadGroups	Processed    71,000,000 records.  Elapsed time: 00:08:53s.  Time for last 1,000,000:    7s.  Last read position: LG07:2,450,357
INFO	2021-10-25 22:45:05	AddOrReplaceReadGroups	Processed    72,000,000 records.  Elapsed time: 00:09:00s.  Time for last 1,000,000:    7s.  Last read position: LG07:5,572,052
INFO	2021-10-25 22:45:12	AddOrReplaceReadGroups	Processed    73,000,000 records.  Elapsed time: 00:09:08s.  Time for last 1,000,000:    7s.  Last read position: LG07:9,448,236
INFO	2021-10-25 22:45:19	AddOrReplaceReadGroups	Processed    74,000,000 records.  Elapsed time: 00:09:15s.  Time for last 1,000,000:    7s.  Last read position: LG08:1,076,637
INFO	2021-10-25 22:45:27	AddOrReplaceReadGroups	Processed    75,000,000 records.  Elapsed time: 00:09:22s.  Time for last 1,000,000:    7s.  Last read position: LG08:4,633,210
INFO	2021-10-25 22:45:34	AddOrReplaceReadGroups	Processed    76,000,000 records.  Elapsed time: 00:09:29s.  Time for last 1,000,000:    7s.  Last read position: LG08:8,589,424
INFO	2021-10-25 22:45:41	AddOrReplaceReadGroups	Processed    77,000,000 records.  Elapsed time: 00:09:36s.  Time for last 1,000,000:    7s.  Last read position: LG08:12,407,793
INFO	2021-10-25 22:45:48	AddOrReplaceReadGroups	Processed    78,000,000 records.  Elapsed time: 00:09:44s.  Time for last 1,000,000:    7s.  Last read position: LG09:609,359
INFO	2021-10-25 22:45:55	AddOrReplaceReadGroups	Processed    79,000,000 records.  Elapsed time: 00:09:51s.  Time for last 1,000,000:    7s.  Last read position: LG09:3,085,373
INFO	2021-10-25 22:46:03	AddOrReplaceReadGroups	Processed    80,000,000 records.  Elapsed time: 00:09:58s.  Time for last 1,000,000:    7s.  Last read position: LG09:6,955,093
INFO	2021-10-25 22:46:10	AddOrReplaceReadGroups	Processed    81,000,000 records.  Elapsed time: 00:10:05s.  Time for last 1,000,000:    7s.  Last read position: LG09:10,199,785
INFO	2021-10-25 22:46:17	AddOrReplaceReadGroups	Processed    82,000,000 records.  Elapsed time: 00:10:13s.  Time for last 1,000,000:    7s.  Last read position: LG10:1,079,674
INFO	2021-10-25 22:46:24	AddOrReplaceReadGroups	Processed    83,000,000 records.  Elapsed time: 00:10:20s.  Time for last 1,000,000:    7s.  Last read position: LG10:4,454,818
INFO	2021-10-25 22:46:32	AddOrReplaceReadGroups	Processed    84,000,000 records.  Elapsed time: 00:10:27s.  Time for last 1,000,000:    7s.  Last read position: LG10:7,906,800
INFO	2021-10-25 22:46:39	AddOrReplaceReadGroups	Processed    85,000,000 records.  Elapsed time: 00:10:34s.  Time for last 1,000,000:    7s.  Last read position: LG10:11,453,154
INFO	2021-10-25 22:46:46	AddOrReplaceReadGroups	Processed    86,000,000 records.  Elapsed time: 00:10:42s.  Time for last 1,000,000:    7s.  Last read position: LG10:14,901,258
INFO	2021-10-25 22:46:53	AddOrReplaceReadGroups	Processed    87,000,000 records.  Elapsed time: 00:10:49s.  Time for last 1,000,000:    7s.  Last read position: LG10:18,013,334
INFO	2021-10-25 22:47:01	AddOrReplaceReadGroups	Processed    88,000,000 records.  Elapsed time: 00:10:56s.  Time for last 1,000,000:    7s.  Last read position: LG10:21,672,158
INFO	2021-10-25 22:47:08	AddOrReplaceReadGroups	Processed    89,000,000 records.  Elapsed time: 00:11:03s.  Time for last 1,000,000:    7s.  Last read position: LG10:25,210,582
INFO	2021-10-25 22:47:15	AddOrReplaceReadGroups	Processed    90,000,000 records.  Elapsed time: 00:11:11s.  Time for last 1,000,000:    7s.  Last read position: LG10:28,774,904
INFO	2021-10-25 22:47:22	AddOrReplaceReadGroups	Processed    91,000,000 records.  Elapsed time: 00:11:18s.  Time for last 1,000,000:    7s.  Last read position: LG11:3,788,708
INFO	2021-10-25 22:47:30	AddOrReplaceReadGroups	Processed    92,000,000 records.  Elapsed time: 00:11:25s.  Time for last 1,000,000:    7s.  Last read position: LG11:7,606,747
INFO	2021-10-25 22:47:37	AddOrReplaceReadGroups	Processed    93,000,000 records.  Elapsed time: 00:11:32s.  Time for last 1,000,000:    7s.  Last read position: LG11:10,885,959
INFO	2021-10-25 22:47:44	AddOrReplaceReadGroups	Processed    94,000,000 records.  Elapsed time: 00:11:40s.  Time for last 1,000,000:    7s.  Last read position: LG11:14,674,403
INFO	2021-10-25 22:47:51	AddOrReplaceReadGroups	Processed    95,000,000 records.  Elapsed time: 00:11:47s.  Time for last 1,000,000:    7s.  Last read position: LG11:18,008,185
INFO	2021-10-25 22:47:59	AddOrReplaceReadGroups	Processed    96,000,000 records.  Elapsed time: 00:11:54s.  Time for last 1,000,000:    7s.  Last read position: LG11:22,114,545
INFO	2021-10-25 22:48:06	AddOrReplaceReadGroups	Processed    97,000,000 records.  Elapsed time: 00:12:01s.  Time for last 1,000,000:    7s.  Last read position: LG11:26,089,617
INFO	2021-10-25 22:48:13	AddOrReplaceReadGroups	Processed    98,000,000 records.  Elapsed time: 00:12:09s.  Time for last 1,000,000:    7s.  Last read position: LG12:3,138,241
INFO	2021-10-25 22:48:21	AddOrReplaceReadGroups	Processed    99,000,000 records.  Elapsed time: 00:12:16s.  Time for last 1,000,000:    7s.  Last read position: LG12:6,965,058
INFO	2021-10-25 22:48:28	AddOrReplaceReadGroups	Processed   100,000,000 records.  Elapsed time: 00:12:24s.  Time for last 1,000,000:    7s.  Last read position: LG12:10,392,846
INFO	2021-10-25 22:48:35	AddOrReplaceReadGroups	Processed   101,000,000 records.  Elapsed time: 00:12:31s.  Time for last 1,000,000:    7s.  Last read position: LG12:14,010,761
INFO	2021-10-25 22:48:42	AddOrReplaceReadGroups	Processed   102,000,000 records.  Elapsed time: 00:12:38s.  Time for last 1,000,000:    7s.  Last read position: LG13:2,918,481
INFO	2021-10-25 22:48:50	AddOrReplaceReadGroups	Processed   103,000,000 records.  Elapsed time: 00:12:45s.  Time for last 1,000,000:    7s.  Last read position: LG13:6,081,994
INFO	2021-10-25 22:48:57	AddOrReplaceReadGroups	Processed   104,000,000 records.  Elapsed time: 00:12:52s.  Time for last 1,000,000:    7s.  Last read position: LG13:9,324,537
INFO	2021-10-25 22:49:04	AddOrReplaceReadGroups	Processed   105,000,000 records.  Elapsed time: 00:13:00s.  Time for last 1,000,000:    7s.  Last read position: LG13:12,734,977
INFO	2021-10-25 22:49:11	AddOrReplaceReadGroups	Processed   106,000,000 records.  Elapsed time: 00:13:07s.  Time for last 1,000,000:    7s.  Last read position: LG14:1,196,980
INFO	2021-10-25 22:49:19	AddOrReplaceReadGroups	Processed   107,000,000 records.  Elapsed time: 00:13:14s.  Time for last 1,000,000:    7s.  Last read position: LG14:4,691,060
INFO	2021-10-25 22:49:26	AddOrReplaceReadGroups	Processed   108,000,000 records.  Elapsed time: 00:13:21s.  Time for last 1,000,000:    7s.  Last read position: LG14:8,265,399
INFO	2021-10-25 22:49:33	AddOrReplaceReadGroups	Processed   109,000,000 records.  Elapsed time: 00:13:29s.  Time for last 1,000,000:    7s.  Last read position: LG14:11,472,389
INFO	2021-10-25 22:49:40	AddOrReplaceReadGroups	Processed   110,000,000 records.  Elapsed time: 00:13:36s.  Time for last 1,000,000:    7s.  Last read position: LG15:1,344,021
INFO	2021-10-25 22:49:48	AddOrReplaceReadGroups	Processed   111,000,000 records.  Elapsed time: 00:13:43s.  Time for last 1,000,000:    7s.  Last read position: LG15:4,598,133
INFO	2021-10-25 22:49:55	AddOrReplaceReadGroups	Processed   112,000,000 records.  Elapsed time: 00:13:50s.  Time for last 1,000,000:    7s.  Last read position: LG15:8,311,786
INFO	2021-10-25 22:50:02	AddOrReplaceReadGroups	Processed   113,000,000 records.  Elapsed time: 00:13:58s.  Time for last 1,000,000:    7s.  Last read position: LG15:11,602,023
INFO	2021-10-25 22:50:09	AddOrReplaceReadGroups	Processed   114,000,000 records.  Elapsed time: 00:14:05s.  Time for last 1,000,000:    7s.  Last read position: LG15:14,905,257
INFO	2021-10-25 22:50:17	AddOrReplaceReadGroups	Processed   115,000,000 records.  Elapsed time: 00:14:12s.  Time for last 1,000,000:    7s.  Last read position: LG16:279,202
INFO	2021-10-25 22:50:24	AddOrReplaceReadGroups	Processed   116,000,000 records.  Elapsed time: 00:14:19s.  Time for last 1,000,000:    7s.  Last read position: LG16:3,649,974
INFO	2021-10-25 22:50:31	AddOrReplaceReadGroups	Processed   117,000,000 records.  Elapsed time: 00:14:27s.  Time for last 1,000,000:    7s.  Last read position: LG16:7,608,500
INFO	2021-10-25 22:50:38	AddOrReplaceReadGroups	Processed   118,000,000 records.  Elapsed time: 00:14:34s.  Time for last 1,000,000:    7s.  Last read position: LG16:11,190,559
INFO	2021-10-25 22:50:46	AddOrReplaceReadGroups	Processed   119,000,000 records.  Elapsed time: 00:14:41s.  Time for last 1,000,000:    7s.  Last read position: LG16:14,439,211
INFO	2021-10-25 22:50:53	AddOrReplaceReadGroups	Processed   120,000,000 records.  Elapsed time: 00:14:48s.  Time for last 1,000,000:    7s.  Last read position: LG17:2,020,990
INFO	2021-10-25 22:51:00	AddOrReplaceReadGroups	Processed   121,000,000 records.  Elapsed time: 00:14:56s.  Time for last 1,000,000:    7s.  Last read position: LG17:5,220,008
INFO	2021-10-25 22:51:07	AddOrReplaceReadGroups	Processed   122,000,000 records.  Elapsed time: 00:15:03s.  Time for last 1,000,000:    7s.  Last read position: LG17:8,604,462
INFO	2021-10-25 22:51:15	AddOrReplaceReadGroups	Processed   123,000,000 records.  Elapsed time: 00:15:10s.  Time for last 1,000,000:    7s.  Last read position: LG17:12,152,427
INFO	2021-10-25 22:51:22	AddOrReplaceReadGroups	Processed   124,000,000 records.  Elapsed time: 00:15:17s.  Time for last 1,000,000:    7s.  Last read position: LG18:3,829,933
INFO	2021-10-25 22:51:29	AddOrReplaceReadGroups	Processed   125,000,000 records.  Elapsed time: 00:15:24s.  Time for last 1,000,000:    7s.  Last read position: LG18:7,736,266
INFO	2021-10-25 22:51:36	AddOrReplaceReadGroups	Processed   126,000,000 records.  Elapsed time: 00:15:32s.  Time for last 1,000,000:    7s.  Last read position: LG18:11,065,227
INFO	2021-10-25 22:51:43	AddOrReplaceReadGroups	Processed   127,000,000 records.  Elapsed time: 00:15:39s.  Time for last 1,000,000:    7s.  Last read position: LG19:2,006,945
INFO	2021-10-25 22:51:51	AddOrReplaceReadGroups	Processed   128,000,000 records.  Elapsed time: 00:15:46s.  Time for last 1,000,000:    7s.  Last read position: LG19:4,922,277
INFO	2021-10-25 22:51:58	AddOrReplaceReadGroups	Processed   129,000,000 records.  Elapsed time: 00:15:53s.  Time for last 1,000,000:    7s.  Last read position: LG19:8,328,771
INFO	2021-10-25 22:52:05	AddOrReplaceReadGroups	Processed   130,000,000 records.  Elapsed time: 00:16:01s.  Time for last 1,000,000:    7s.  Last read position: LG19:11,831,398
INFO	2021-10-25 22:52:12	AddOrReplaceReadGroups	Processed   131,000,000 records.  Elapsed time: 00:16:08s.  Time for last 1,000,000:    7s.  Last read position: LG20:318,504
INFO	2021-10-25 22:52:20	AddOrReplaceReadGroups	Processed   132,000,000 records.  Elapsed time: 00:16:15s.  Time for last 1,000,000:    7s.  Last read position: LG20:3,884,622
INFO	2021-10-25 22:52:27	AddOrReplaceReadGroups	Processed   133,000,000 records.  Elapsed time: 00:16:22s.  Time for last 1,000,000:    7s.  Last read position: LG20:7,029,528
INFO	2021-10-25 22:52:34	AddOrReplaceReadGroups	Processed   134,000,000 records.  Elapsed time: 00:16:29s.  Time for last 1,000,000:    7s.  Last read position: LG20:10,501,039
INFO	2021-10-25 22:52:41	AddOrReplaceReadGroups	Processed   135,000,000 records.  Elapsed time: 00:16:37s.  Time for last 1,000,000:    7s.  Last read position: LG21:1,269,918
INFO	2021-10-25 22:52:48	AddOrReplaceReadGroups	Processed   136,000,000 records.  Elapsed time: 00:16:44s.  Time for last 1,000,000:    7s.  Last read position: LG21:4,248,874
INFO	2021-10-25 22:52:56	AddOrReplaceReadGroups	Processed   137,000,000 records.  Elapsed time: 00:16:51s.  Time for last 1,000,000:    7s.  Last read position: LG21:7,627,087
INFO	2021-10-25 22:53:03	AddOrReplaceReadGroups	Processed   138,000,000 records.  Elapsed time: 00:16:58s.  Time for last 1,000,000:    7s.  Last read position: LG21:11,002,008
INFO	2021-10-25 22:53:10	AddOrReplaceReadGroups	Processed   139,000,000 records.  Elapsed time: 00:17:06s.  Time for last 1,000,000:    7s.  Last read position: LG22:171,062
INFO	2021-10-25 22:53:18	AddOrReplaceReadGroups	Processed   140,000,000 records.  Elapsed time: 00:17:13s.  Time for last 1,000,000:    7s.  Last read position: LG22:4,109,493
INFO	2021-10-25 22:53:25	AddOrReplaceReadGroups	Processed   141,000,000 records.  Elapsed time: 00:17:20s.  Time for last 1,000,000:    7s.  Last read position: LG22:7,098,811
INFO	2021-10-25 22:53:32	AddOrReplaceReadGroups	Processed   142,000,000 records.  Elapsed time: 00:17:28s.  Time for last 1,000,000:    7s.  Last read position: LG22:10,798,743
INFO	2021-10-25 22:53:39	AddOrReplaceReadGroups	Processed   143,000,000 records.  Elapsed time: 00:17:35s.  Time for last 1,000,000:    7s.  Last read position: LG23:2,289,376
INFO	2021-10-25 22:53:46	AddOrReplaceReadGroups	Processed   144,000,000 records.  Elapsed time: 00:17:42s.  Time for last 1,000,000:    7s.  Last read position: LG23:5,465,208
INFO	2021-10-25 22:53:54	AddOrReplaceReadGroups	Processed   145,000,000 records.  Elapsed time: 00:17:49s.  Time for last 1,000,000:    7s.  Last read position: LG23:8,348,309
INFO	2021-10-25 22:54:01	AddOrReplaceReadGroups	Processed   146,000,000 records.  Elapsed time: 00:17:56s.  Time for last 1,000,000:    7s.  Last read position: LG23:11,729,874
INFO	2021-10-25 22:54:08	AddOrReplaceReadGroups	Processed   147,000,000 records.  Elapsed time: 00:18:03s.  Time for last 1,000,000:    7s.  Last read position: LG23:14,900,770
INFO	2021-10-25 22:54:15	AddOrReplaceReadGroups	Processed   148,000,000 records.  Elapsed time: 00:18:11s.  Time for last 1,000,000:    7s.  Last read position: LG24:1,724,230
INFO	2021-10-25 22:54:22	AddOrReplaceReadGroups	Processed   149,000,000 records.  Elapsed time: 00:18:18s.  Time for last 1,000,000:    7s.  Last read position: LG24:5,190,870
INFO	2021-10-25 22:54:29	AddOrReplaceReadGroups	Processed   150,000,000 records.  Elapsed time: 00:18:25s.  Time for last 1,000,000:    7s.  Last read position: LG24:8,651,345
INFO	2021-10-25 22:54:37	AddOrReplaceReadGroups	Processed   151,000,000 records.  Elapsed time: 00:18:32s.  Time for last 1,000,000:    7s.  Last read position: LG24:12,849,798
INFO	2021-10-25 22:54:44	AddOrReplaceReadGroups	Processed   152,000,000 records.  Elapsed time: 00:18:39s.  Time for last 1,000,000:    7s.  Last read position: LG25:2,558,375
INFO	2021-10-25 22:54:51	AddOrReplaceReadGroups	Processed   153,000,000 records.  Elapsed time: 00:18:47s.  Time for last 1,000,000:    7s.  Last read position: LG25:6,181,221
INFO	2021-10-25 22:54:58	AddOrReplaceReadGroups	Processed   154,000,000 records.  Elapsed time: 00:18:54s.  Time for last 1,000,000:    7s.  Last read position: LG25:9,978,316
INFO	2021-10-25 22:55:06	AddOrReplaceReadGroups	Processed   155,000,000 records.  Elapsed time: 00:19:01s.  Time for last 1,000,000:    7s.  Last read position: LG25:13,201,716
INFO	2021-10-25 22:55:13	AddOrReplaceReadGroups	Processed   156,000,000 records.  Elapsed time: 00:19:08s.  Time for last 1,000,000:    7s.  Last read position: LG26:2,965,970
INFO	2021-10-25 22:55:20	AddOrReplaceReadGroups	Processed   157,000,000 records.  Elapsed time: 00:19:16s.  Time for last 1,000,000:    7s.  Last read position: LG26:5,814,197
INFO	2021-10-25 22:55:27	AddOrReplaceReadGroups	Processed   158,000,000 records.  Elapsed time: 00:19:23s.  Time for last 1,000,000:    7s.  Last read position: LG26:9,587,773
INFO	2021-10-25 22:55:35	AddOrReplaceReadGroups	Processed   159,000,000 records.  Elapsed time: 00:19:30s.  Time for last 1,000,000:    7s.  Last read position: LG26:13,332,214
INFO	2021-10-25 22:55:42	AddOrReplaceReadGroups	Processed   160,000,000 records.  Elapsed time: 00:19:37s.  Time for last 1,000,000:    7s.  Last read position: LG27:3,571,072
INFO	2021-10-25 22:55:49	AddOrReplaceReadGroups	Processed   161,000,000 records.  Elapsed time: 00:19:45s.  Time for last 1,000,000:    7s.  Last read position: LG27:7,187,255
INFO	2021-10-25 22:55:57	AddOrReplaceReadGroups	Processed   162,000,000 records.  Elapsed time: 00:19:52s.  Time for last 1,000,000:    7s.  Last read position: LG27:11,075,329
INFO	2021-10-25 22:56:04	AddOrReplaceReadGroups	Processed   163,000,000 records.  Elapsed time: 00:19:59s.  Time for last 1,000,000:    7s.  Last read position: LG28:2,435,498
INFO	2021-10-25 22:56:11	AddOrReplaceReadGroups	Processed   164,000,000 records.  Elapsed time: 00:20:07s.  Time for last 1,000,000:    7s.  Last read position: LG28:6,041,191
INFO	2021-10-25 22:56:18	AddOrReplaceReadGroups	Processed   165,000,000 records.  Elapsed time: 00:20:14s.  Time for last 1,000,000:    7s.  Last read position: LG28:9,643,134
INFO	2021-10-25 22:56:26	AddOrReplaceReadGroups	Processed   166,000,000 records.  Elapsed time: 00:20:21s.  Time for last 1,000,000:    7s.  Last read position: LG29:1,009,860
INFO	2021-10-25 22:56:33	AddOrReplaceReadGroups	Processed   167,000,000 records.  Elapsed time: 00:20:28s.  Time for last 1,000,000:    7s.  Last read position: LG29:4,405,063
INFO	2021-10-25 22:56:40	AddOrReplaceReadGroups	Processed   168,000,000 records.  Elapsed time: 00:20:36s.  Time for last 1,000,000:    7s.  Last read position: LG30:2,622,767
INFO	2021-10-25 22:56:48	AddOrReplaceReadGroups	Processed   169,000,000 records.  Elapsed time: 00:20:43s.  Time for last 1,000,000:    7s.  Last read position: LG30:6,583,293
INFO	2021-10-25 22:56:55	AddOrReplaceReadGroups	Processed   170,000,000 records.  Elapsed time: 00:20:50s.  Time for last 1,000,000:    7s.  Last read position: UNPIN3877:10,093
INFO	2021-10-25 22:57:02	AddOrReplaceReadGroups	Processed   171,000,000 records.  Elapsed time: 00:20:57s.  Time for last 1,000,000:    7s.  Last read position: UNPIN3877:41,812
INFO	2021-10-25 22:57:09	AddOrReplaceReadGroups	Processed   172,000,000 records.  Elapsed time: 00:21:04s.  Time for last 1,000,000:    7s.  Last read position: UNPIN3877:75,115
INFO	2021-10-25 22:57:16	AddOrReplaceReadGroups	Processed   173,000,000 records.  Elapsed time: 00:21:11s.  Time for last 1,000,000:    6s.  Last read position: UNPIN3877:107,178
INFO	2021-10-25 22:57:23	AddOrReplaceReadGroups	Processed   174,000,000 records.  Elapsed time: 00:21:18s.  Time for last 1,000,000:    6s.  Last read position: UNPIN3878:17,417
INFO	2021-10-25 22:57:29	AddOrReplaceReadGroups	Processed   175,000,000 records.  Elapsed time: 00:21:24s.  Time for last 1,000,000:    5s.  Last read position: */*
INFO	2021-10-25 22:57:34	AddOrReplaceReadGroups	Processed   176,000,000 records.  Elapsed time: 00:21:29s.  Time for last 1,000,000:    4s.  Last read position: */*
INFO	2021-10-25 22:57:38	AddOrReplaceReadGroups	Processed   177,000,000 records.  Elapsed time: 00:21:34s.  Time for last 1,000,000:    4s.  Last read position: */*
INFO	2021-10-25 22:57:43	AddOrReplaceReadGroups	Processed   178,000,000 records.  Elapsed time: 00:21:39s.  Time for last 1,000,000:    5s.  Last read position: */*
INFO	2021-10-25 22:57:48	AddOrReplaceReadGroups	Processed   179,000,000 records.  Elapsed time: 00:21:44s.  Time for last 1,000,000:    4s.  Last read position: */*
INFO	2021-10-25 22:57:53	AddOrReplaceReadGroups	Processed   180,000,000 records.  Elapsed time: 00:21:49s.  Time for last 1,000,000:    4s.  Last read position: */*
[Mon Oct 25 22:57:56 PDT 2021] picard.sam.AddOrReplaceReadGroups done. Elapsed time: 21.87 minutes.
Runtime.totalMemory()=45461504
Tool returned:
0
