==========================================
SLURM_JOB_ID = 2286297
SLURM_JOB_NODELIST = b08-18
TMPDIR = /tmp/SLURM_2286297
==========================================
Running Sample ID SRR12223699_SRP271933_Undaria_pinnatifida_individual_10_2016-04-05_INTRO_Fr_Thau_5_France with options  --RGID CA61RANXX.6 --RGLB SRR12223699 --RGPL ILLUMINA --RGPU CA61RANXX.6.SRR12223699 --RGSM INTRO_Fr_Thau_5_France 
Using GATK jar /home1/mharden/.conda/envs/gatk4/share/gatk4-4.2.2.0-1/gatk-package-4.2.2.0-local.jar
Running:
    java -Dsamjdk.use_async_io_read_samtools=false -Dsamjdk.use_async_io_write_samtools=true -Dsamjdk.use_async_io_write_tribble=false -Dsamjdk.compression_level=2 -jar /home1/mharden/.conda/envs/gatk4/share/gatk4-4.2.2.0-1/gatk-package-4.2.2.0-local.jar AddOrReplaceReadGroups -I SRR12223699_SRP271933_Undaria_pinnatifida_individual_10_2016-04-05_INTRO_Fr_Thau_5_France.sorted.bam -O SRR12223699_SRP271933_Undaria_pinnatifida_individual_10_2016-04-05_INTRO_Fr_Thau_5_France.RG.sorted.bam --RGID CA61RANXX.6 --RGLB SRR12223699 --RGPL ILLUMINA --RGPU CA61RANXX.6.SRR12223699 --RGSM INTRO_Fr_Thau_5_France
21:34:23.052 INFO  NativeLibraryLoader - Loading libgkl_compression.so from jar:file:/home1/mharden/.conda/envs/gatk4/share/gatk4-4.2.2.0-1/gatk-package-4.2.2.0-local.jar!/com/intel/gkl/native/libgkl_compression.so
[Mon Oct 25 21:34:23 PDT 2021] AddOrReplaceReadGroups --INPUT SRR12223699_SRP271933_Undaria_pinnatifida_individual_10_2016-04-05_INTRO_Fr_Thau_5_France.sorted.bam --OUTPUT SRR12223699_SRP271933_Undaria_pinnatifida_individual_10_2016-04-05_INTRO_Fr_Thau_5_France.RG.sorted.bam --RGID CA61RANXX.6 --RGLB SRR12223699 --RGPL ILLUMINA --RGPU CA61RANXX.6.SRR12223699 --RGSM INTRO_Fr_Thau_5_France --VERBOSITY INFO --QUIET false --VALIDATION_STRINGENCY STRICT --COMPRESSION_LEVEL 2 --MAX_RECORDS_IN_RAM 500000 --CREATE_INDEX false --CREATE_MD5_FILE false --GA4GH_CLIENT_SECRETS client_secrets.json --help false --version false --showHidden false --USE_JDK_DEFLATER false --USE_JDK_INFLATER false
Oct 25, 2021 9:34:23 PM shaded.cloud_nio.com.google.auth.oauth2.ComputeEngineCredentials runningOnComputeEngine
INFO: Failed to detect whether we are running on Google Compute Engine.
[Mon Oct 25 21:34:23 PDT 2021] Executing as mharden@b08-18.hpc.usc.edu on Linux 3.10.0-1062.4.1.el7.x86_64 amd64; OpenJDK 64-Bit Server VM 1.8.0_302-b08; Deflater: Intel; Inflater: Intel; Provider GCS is available; Picard version: Version:4.2.2.0
INFO	2021-10-25 21:34:23	AddOrReplaceReadGroups	Created read-group ID=CA61RANXX.6 PL=ILLUMINA LB=SRR12223699 SM=INTRO_Fr_Thau_5_France

INFO	2021-10-25 21:34:33	AddOrReplaceReadGroups	Processed     1,000,000 records.  Elapsed time: 00:00:09s.  Time for last 1,000,000:    9s.  Last read position: LG00:4,760,359
INFO	2021-10-25 21:34:43	AddOrReplaceReadGroups	Processed     2,000,000 records.  Elapsed time: 00:00:19s.  Time for last 1,000,000:    9s.  Last read position: LG00:6,768,141
INFO	2021-10-25 21:34:52	AddOrReplaceReadGroups	Processed     3,000,000 records.  Elapsed time: 00:00:29s.  Time for last 1,000,000:    9s.  Last read position: LG00:10,263,743
INFO	2021-10-25 21:35:01	AddOrReplaceReadGroups	Processed     4,000,000 records.  Elapsed time: 00:00:38s.  Time for last 1,000,000:    8s.  Last read position: LG00:14,847,931
INFO	2021-10-25 21:35:10	AddOrReplaceReadGroups	Processed     5,000,000 records.  Elapsed time: 00:00:46s.  Time for last 1,000,000:    8s.  Last read position: LG00:19,197,186
INFO	2021-10-25 21:35:18	AddOrReplaceReadGroups	Processed     6,000,000 records.  Elapsed time: 00:00:55s.  Time for last 1,000,000:    8s.  Last read position: LG00:23,551,364
INFO	2021-10-25 21:35:26	AddOrReplaceReadGroups	Processed     7,000,000 records.  Elapsed time: 00:01:03s.  Time for last 1,000,000:    8s.  Last read position: LG00:27,610,874
INFO	2021-10-25 21:35:34	AddOrReplaceReadGroups	Processed     8,000,000 records.  Elapsed time: 00:01:11s.  Time for last 1,000,000:    7s.  Last read position: LG00:32,255,841
INFO	2021-10-25 21:35:42	AddOrReplaceReadGroups	Processed     9,000,000 records.  Elapsed time: 00:01:18s.  Time for last 1,000,000:    7s.  Last read position: LG00:36,427,694
INFO	2021-10-25 21:35:50	AddOrReplaceReadGroups	Processed    10,000,000 records.  Elapsed time: 00:01:26s.  Time for last 1,000,000:    7s.  Last read position: LG00:41,389,310
INFO	2021-10-25 21:35:58	AddOrReplaceReadGroups	Processed    11,000,000 records.  Elapsed time: 00:01:34s.  Time for last 1,000,000:    7s.  Last read position: LG00:45,746,976
INFO	2021-10-25 21:36:06	AddOrReplaceReadGroups	Processed    12,000,000 records.  Elapsed time: 00:01:42s.  Time for last 1,000,000:    8s.  Last read position: LG00:50,582,307
INFO	2021-10-25 21:36:14	AddOrReplaceReadGroups	Processed    13,000,000 records.  Elapsed time: 00:01:50s.  Time for last 1,000,000:    7s.  Last read position: LG00:55,603,343
INFO	2021-10-25 21:36:21	AddOrReplaceReadGroups	Processed    14,000,000 records.  Elapsed time: 00:01:58s.  Time for last 1,000,000:    7s.  Last read position: LG00:60,473,729
INFO	2021-10-25 21:36:29	AddOrReplaceReadGroups	Processed    15,000,000 records.  Elapsed time: 00:02:06s.  Time for last 1,000,000:    7s.  Last read position: LG00:66,085,059
INFO	2021-10-25 21:36:37	AddOrReplaceReadGroups	Processed    16,000,000 records.  Elapsed time: 00:02:13s.  Time for last 1,000,000:    7s.  Last read position: LG00:71,372,596
INFO	2021-10-25 21:36:45	AddOrReplaceReadGroups	Processed    17,000,000 records.  Elapsed time: 00:02:21s.  Time for last 1,000,000:    7s.  Last read position: LG00:76,377,572
INFO	2021-10-25 21:36:52	AddOrReplaceReadGroups	Processed    18,000,000 records.  Elapsed time: 00:02:29s.  Time for last 1,000,000:    7s.  Last read position: LG00:81,738,490
INFO	2021-10-25 21:37:00	AddOrReplaceReadGroups	Processed    19,000,000 records.  Elapsed time: 00:02:37s.  Time for last 1,000,000:    7s.  Last read position: LG00:86,912,637
INFO	2021-10-25 21:37:08	AddOrReplaceReadGroups	Processed    20,000,000 records.  Elapsed time: 00:02:44s.  Time for last 1,000,000:    7s.  Last read position: LG00:92,664,958
INFO	2021-10-25 21:37:15	AddOrReplaceReadGroups	Processed    21,000,000 records.  Elapsed time: 00:02:52s.  Time for last 1,000,000:    7s.  Last read position: LG00:97,941,164
INFO	2021-10-25 21:37:22	AddOrReplaceReadGroups	Processed    22,000,000 records.  Elapsed time: 00:02:59s.  Time for last 1,000,000:    7s.  Last read position: LG00:103,169,075
INFO	2021-10-25 21:37:30	AddOrReplaceReadGroups	Processed    23,000,000 records.  Elapsed time: 00:03:06s.  Time for last 1,000,000:    7s.  Last read position: LG00:108,622,351
INFO	2021-10-25 21:37:37	AddOrReplaceReadGroups	Processed    24,000,000 records.  Elapsed time: 00:03:13s.  Time for last 1,000,000:    7s.  Last read position: LG00:114,670,976
INFO	2021-10-25 21:37:44	AddOrReplaceReadGroups	Processed    25,000,000 records.  Elapsed time: 00:03:21s.  Time for last 1,000,000:    7s.  Last read position: LG00:119,524,379
INFO	2021-10-25 21:37:52	AddOrReplaceReadGroups	Processed    26,000,000 records.  Elapsed time: 00:03:28s.  Time for last 1,000,000:    7s.  Last read position: LG00:125,648,714
INFO	2021-10-25 21:38:00	AddOrReplaceReadGroups	Processed    27,000,000 records.  Elapsed time: 00:03:36s.  Time for last 1,000,000:    8s.  Last read position: LG00:131,683,257
INFO	2021-10-25 21:38:07	AddOrReplaceReadGroups	Processed    28,000,000 records.  Elapsed time: 00:03:44s.  Time for last 1,000,000:    7s.  Last read position: LG00:137,076,538
INFO	2021-10-25 21:38:14	AddOrReplaceReadGroups	Processed    29,000,000 records.  Elapsed time: 00:03:51s.  Time for last 1,000,000:    7s.  Last read position: LG00:143,399,599
INFO	2021-10-25 21:38:22	AddOrReplaceReadGroups	Processed    30,000,000 records.  Elapsed time: 00:03:58s.  Time for last 1,000,000:    7s.  Last read position: LG00:149,434,778
INFO	2021-10-25 21:38:30	AddOrReplaceReadGroups	Processed    31,000,000 records.  Elapsed time: 00:04:06s.  Time for last 1,000,000:    7s.  Last read position: LG00:152,571,069
INFO	2021-10-25 21:38:37	AddOrReplaceReadGroups	Processed    32,000,000 records.  Elapsed time: 00:04:14s.  Time for last 1,000,000:    7s.  Last read position: LG00:152,597,887
INFO	2021-10-25 21:38:46	AddOrReplaceReadGroups	Processed    33,000,000 records.  Elapsed time: 00:04:23s.  Time for last 1,000,000:    9s.  Last read position: LG00:158,383,678
INFO	2021-10-25 21:38:54	AddOrReplaceReadGroups	Processed    34,000,000 records.  Elapsed time: 00:04:30s.  Time for last 1,000,000:    7s.  Last read position: LG00:164,378,310
INFO	2021-10-25 21:39:01	AddOrReplaceReadGroups	Processed    35,000,000 records.  Elapsed time: 00:04:38s.  Time for last 1,000,000:    7s.  Last read position: LG00:168,278,971
INFO	2021-10-25 21:39:08	AddOrReplaceReadGroups	Processed    36,000,000 records.  Elapsed time: 00:04:45s.  Time for last 1,000,000:    7s.  Last read position: LG00:168,690,608
INFO	2021-10-25 21:39:16	AddOrReplaceReadGroups	Processed    37,000,000 records.  Elapsed time: 00:04:52s.  Time for last 1,000,000:    7s.  Last read position: LG00:172,787,143
INFO	2021-10-25 21:39:24	AddOrReplaceReadGroups	Processed    38,000,000 records.  Elapsed time: 00:05:01s.  Time for last 1,000,000:    8s.  Last read position: LG01:2,860,302
INFO	2021-10-25 21:39:31	AddOrReplaceReadGroups	Processed    39,000,000 records.  Elapsed time: 00:05:08s.  Time for last 1,000,000:    7s.  Last read position: LG01:6,772,456
INFO	2021-10-25 21:39:39	AddOrReplaceReadGroups	Processed    40,000,000 records.  Elapsed time: 00:05:15s.  Time for last 1,000,000:    7s.  Last read position: LG01:10,862,766
INFO	2021-10-25 21:39:46	AddOrReplaceReadGroups	Processed    41,000,000 records.  Elapsed time: 00:05:22s.  Time for last 1,000,000:    7s.  Last read position: LG01:14,791,988
INFO	2021-10-25 21:39:53	AddOrReplaceReadGroups	Processed    42,000,000 records.  Elapsed time: 00:05:30s.  Time for last 1,000,000:    7s.  Last read position: LG01:18,796,525
INFO	2021-10-25 21:40:00	AddOrReplaceReadGroups	Processed    43,000,000 records.  Elapsed time: 00:05:37s.  Time for last 1,000,000:    7s.  Last read position: LG01:22,840,087
INFO	2021-10-25 21:40:08	AddOrReplaceReadGroups	Processed    44,000,000 records.  Elapsed time: 00:05:44s.  Time for last 1,000,000:    7s.  Last read position: LG01:26,226,077
INFO	2021-10-25 21:40:15	AddOrReplaceReadGroups	Processed    45,000,000 records.  Elapsed time: 00:05:51s.  Time for last 1,000,000:    7s.  Last read position: LG02:2,860,149
INFO	2021-10-25 21:40:22	AddOrReplaceReadGroups	Processed    46,000,000 records.  Elapsed time: 00:05:59s.  Time for last 1,000,000:    7s.  Last read position: LG02:6,300,383
INFO	2021-10-25 21:40:30	AddOrReplaceReadGroups	Processed    47,000,000 records.  Elapsed time: 00:06:06s.  Time for last 1,000,000:    7s.  Last read position: LG02:9,791,821
INFO	2021-10-25 21:40:37	AddOrReplaceReadGroups	Processed    48,000,000 records.  Elapsed time: 00:06:14s.  Time for last 1,000,000:    7s.  Last read position: LG02:13,536,219
INFO	2021-10-25 21:40:45	AddOrReplaceReadGroups	Processed    49,000,000 records.  Elapsed time: 00:06:21s.  Time for last 1,000,000:    7s.  Last read position: LG02:17,022,709
INFO	2021-10-25 21:40:53	AddOrReplaceReadGroups	Processed    50,000,000 records.  Elapsed time: 00:06:29s.  Time for last 1,000,000:    7s.  Last read position: LG03:1,421,530
INFO	2021-10-25 21:41:02	AddOrReplaceReadGroups	Processed    51,000,000 records.  Elapsed time: 00:06:39s.  Time for last 1,000,000:    9s.  Last read position: LG03:5,356,995
INFO	2021-10-25 21:41:10	AddOrReplaceReadGroups	Processed    52,000,000 records.  Elapsed time: 00:06:46s.  Time for last 1,000,000:    7s.  Last read position: LG03:9,445,444
INFO	2021-10-25 21:41:17	AddOrReplaceReadGroups	Processed    53,000,000 records.  Elapsed time: 00:06:53s.  Time for last 1,000,000:    7s.  Last read position: LG03:13,730,148
INFO	2021-10-25 21:41:24	AddOrReplaceReadGroups	Processed    54,000,000 records.  Elapsed time: 00:07:01s.  Time for last 1,000,000:    7s.  Last read position: LG04:1,642,384
INFO	2021-10-25 21:41:31	AddOrReplaceReadGroups	Processed    55,000,000 records.  Elapsed time: 00:07:08s.  Time for last 1,000,000:    7s.  Last read position: LG04:5,772,698
INFO	2021-10-25 21:41:39	AddOrReplaceReadGroups	Processed    56,000,000 records.  Elapsed time: 00:07:15s.  Time for last 1,000,000:    7s.  Last read position: LG04:9,393,520
INFO	2021-10-25 21:41:46	AddOrReplaceReadGroups	Processed    57,000,000 records.  Elapsed time: 00:07:23s.  Time for last 1,000,000:    7s.  Last read position: LG04:13,400,113
INFO	2021-10-25 21:41:53	AddOrReplaceReadGroups	Processed    58,000,000 records.  Elapsed time: 00:07:30s.  Time for last 1,000,000:    7s.  Last read position: LG05:1,401,946
INFO	2021-10-25 21:42:01	AddOrReplaceReadGroups	Processed    59,000,000 records.  Elapsed time: 00:07:37s.  Time for last 1,000,000:    7s.  Last read position: LG05:5,331,914
INFO	2021-10-25 21:42:08	AddOrReplaceReadGroups	Processed    60,000,000 records.  Elapsed time: 00:07:44s.  Time for last 1,000,000:    7s.  Last read position: LG05:8,598,345
INFO	2021-10-25 21:42:15	AddOrReplaceReadGroups	Processed    61,000,000 records.  Elapsed time: 00:07:52s.  Time for last 1,000,000:    7s.  Last read position: LG05:12,368,747
INFO	2021-10-25 21:42:22	AddOrReplaceReadGroups	Processed    62,000,000 records.  Elapsed time: 00:07:59s.  Time for last 1,000,000:    7s.  Last read position: LG05:16,206,288
INFO	2021-10-25 21:42:30	AddOrReplaceReadGroups	Processed    63,000,000 records.  Elapsed time: 00:08:06s.  Time for last 1,000,000:    7s.  Last read position: LG05:20,126,840
INFO	2021-10-25 21:42:37	AddOrReplaceReadGroups	Processed    64,000,000 records.  Elapsed time: 00:08:13s.  Time for last 1,000,000:    7s.  Last read position: LG06:1,562,367
INFO	2021-10-25 21:42:44	AddOrReplaceReadGroups	Processed    65,000,000 records.  Elapsed time: 00:08:20s.  Time for last 1,000,000:    7s.  Last read position: LG06:5,496,466
INFO	2021-10-25 21:42:51	AddOrReplaceReadGroups	Processed    66,000,000 records.  Elapsed time: 00:08:28s.  Time for last 1,000,000:    7s.  Last read position: LG06:9,368,582
INFO	2021-10-25 21:42:59	AddOrReplaceReadGroups	Processed    67,000,000 records.  Elapsed time: 00:08:35s.  Time for last 1,000,000:    7s.  Last read position: LG07:884,929
INFO	2021-10-25 21:43:06	AddOrReplaceReadGroups	Processed    68,000,000 records.  Elapsed time: 00:08:42s.  Time for last 1,000,000:    7s.  Last read position: LG07:4,239,877
INFO	2021-10-25 21:43:13	AddOrReplaceReadGroups	Processed    69,000,000 records.  Elapsed time: 00:08:49s.  Time for last 1,000,000:    7s.  Last read position: LG07:8,045,239
INFO	2021-10-25 21:43:20	AddOrReplaceReadGroups	Processed    70,000,000 records.  Elapsed time: 00:08:57s.  Time for last 1,000,000:    7s.  Last read position: LG08:23,314
INFO	2021-10-25 21:43:27	AddOrReplaceReadGroups	Processed    71,000,000 records.  Elapsed time: 00:09:04s.  Time for last 1,000,000:    7s.  Last read position: LG08:3,512,370
INFO	2021-10-25 21:43:35	AddOrReplaceReadGroups	Processed    72,000,000 records.  Elapsed time: 00:09:11s.  Time for last 1,000,000:    7s.  Last read position: LG08:7,783,271
INFO	2021-10-25 21:43:42	AddOrReplaceReadGroups	Processed    73,000,000 records.  Elapsed time: 00:09:18s.  Time for last 1,000,000:    7s.  Last read position: LG08:11,756,504
INFO	2021-10-25 21:43:49	AddOrReplaceReadGroups	Processed    74,000,000 records.  Elapsed time: 00:09:26s.  Time for last 1,000,000:    7s.  Last read position: LG09:364,939
INFO	2021-10-25 21:43:56	AddOrReplaceReadGroups	Processed    75,000,000 records.  Elapsed time: 00:09:33s.  Time for last 1,000,000:    7s.  Last read position: LG09:3,084,753
INFO	2021-10-25 21:44:04	AddOrReplaceReadGroups	Processed    76,000,000 records.  Elapsed time: 00:09:40s.  Time for last 1,000,000:    7s.  Last read position: LG09:7,094,997
INFO	2021-10-25 21:44:11	AddOrReplaceReadGroups	Processed    77,000,000 records.  Elapsed time: 00:09:48s.  Time for last 1,000,000:    7s.  Last read position: LG09:10,501,610
INFO	2021-10-25 21:44:18	AddOrReplaceReadGroups	Processed    78,000,000 records.  Elapsed time: 00:09:55s.  Time for last 1,000,000:    7s.  Last read position: LG10:1,523,352
INFO	2021-10-25 21:44:26	AddOrReplaceReadGroups	Processed    79,000,000 records.  Elapsed time: 00:10:02s.  Time for last 1,000,000:    7s.  Last read position: LG10:5,048,445
INFO	2021-10-25 21:44:33	AddOrReplaceReadGroups	Processed    80,000,000 records.  Elapsed time: 00:10:09s.  Time for last 1,000,000:    7s.  Last read position: LG10:8,580,474
INFO	2021-10-25 21:44:40	AddOrReplaceReadGroups	Processed    81,000,000 records.  Elapsed time: 00:10:17s.  Time for last 1,000,000:    7s.  Last read position: LG10:12,432,735
INFO	2021-10-25 21:44:48	AddOrReplaceReadGroups	Processed    82,000,000 records.  Elapsed time: 00:10:24s.  Time for last 1,000,000:    7s.  Last read position: LG10:15,930,116
INFO	2021-10-25 21:44:55	AddOrReplaceReadGroups	Processed    83,000,000 records.  Elapsed time: 00:10:31s.  Time for last 1,000,000:    7s.  Last read position: LG10:19,366,886
INFO	2021-10-25 21:45:02	AddOrReplaceReadGroups	Processed    84,000,000 records.  Elapsed time: 00:10:39s.  Time for last 1,000,000:    7s.  Last read position: LG10:23,223,437
INFO	2021-10-25 21:45:09	AddOrReplaceReadGroups	Processed    85,000,000 records.  Elapsed time: 00:10:46s.  Time for last 1,000,000:    7s.  Last read position: LG10:26,896,252
INFO	2021-10-25 21:45:16	AddOrReplaceReadGroups	Processed    86,000,000 records.  Elapsed time: 00:10:53s.  Time for last 1,000,000:    7s.  Last read position: LG11:1,858,983
INFO	2021-10-25 21:45:24	AddOrReplaceReadGroups	Processed    87,000,000 records.  Elapsed time: 00:11:00s.  Time for last 1,000,000:    7s.  Last read position: LG11:6,081,618
INFO	2021-10-25 21:45:31	AddOrReplaceReadGroups	Processed    88,000,000 records.  Elapsed time: 00:11:08s.  Time for last 1,000,000:    7s.  Last read position: LG11:9,865,852
INFO	2021-10-25 21:45:39	AddOrReplaceReadGroups	Processed    89,000,000 records.  Elapsed time: 00:11:15s.  Time for last 1,000,000:    7s.  Last read position: LG11:13,668,612
INFO	2021-10-25 21:45:47	AddOrReplaceReadGroups	Processed    90,000,000 records.  Elapsed time: 00:11:23s.  Time for last 1,000,000:    8s.  Last read position: LG11:17,176,282
INFO	2021-10-25 21:45:54	AddOrReplaceReadGroups	Processed    91,000,000 records.  Elapsed time: 00:11:31s.  Time for last 1,000,000:    7s.  Last read position: LG11:21,490,671
INFO	2021-10-25 21:46:01	AddOrReplaceReadGroups	Processed    92,000,000 records.  Elapsed time: 00:11:38s.  Time for last 1,000,000:    7s.  Last read position: LG11:25,639,869
INFO	2021-10-25 21:46:09	AddOrReplaceReadGroups	Processed    93,000,000 records.  Elapsed time: 00:11:45s.  Time for last 1,000,000:    7s.  Last read position: LG12:2,828,475
INFO	2021-10-25 21:46:16	AddOrReplaceReadGroups	Processed    94,000,000 records.  Elapsed time: 00:11:52s.  Time for last 1,000,000:    7s.  Last read position: LG12:6,992,765
INFO	2021-10-25 21:46:23	AddOrReplaceReadGroups	Processed    95,000,000 records.  Elapsed time: 00:12:00s.  Time for last 1,000,000:    7s.  Last read position: LG12:10,568,035
INFO	2021-10-25 21:46:30	AddOrReplaceReadGroups	Processed    96,000,000 records.  Elapsed time: 00:12:07s.  Time for last 1,000,000:    7s.  Last read position: LG12:14,293,791
INFO	2021-10-25 21:46:37	AddOrReplaceReadGroups	Processed    97,000,000 records.  Elapsed time: 00:12:14s.  Time for last 1,000,000:    7s.  Last read position: LG13:3,343,616
INFO	2021-10-25 21:46:45	AddOrReplaceReadGroups	Processed    98,000,000 records.  Elapsed time: 00:12:21s.  Time for last 1,000,000:    7s.  Last read position: LG13:6,991,543
INFO	2021-10-25 21:46:52	AddOrReplaceReadGroups	Processed    99,000,000 records.  Elapsed time: 00:12:28s.  Time for last 1,000,000:    7s.  Last read position: LG13:10,484,460
INFO	2021-10-25 21:46:59	AddOrReplaceReadGroups	Processed   100,000,000 records.  Elapsed time: 00:12:36s.  Time for last 1,000,000:    7s.  Last read position: LG13:14,288,504
INFO	2021-10-25 21:47:06	AddOrReplaceReadGroups	Processed   101,000,000 records.  Elapsed time: 00:12:43s.  Time for last 1,000,000:    7s.  Last read position: LG14:2,869,161
INFO	2021-10-25 21:47:14	AddOrReplaceReadGroups	Processed   102,000,000 records.  Elapsed time: 00:12:50s.  Time for last 1,000,000:    7s.  Last read position: LG14:6,437,263
INFO	2021-10-25 21:47:21	AddOrReplaceReadGroups	Processed   103,000,000 records.  Elapsed time: 00:12:57s.  Time for last 1,000,000:    7s.  Last read position: LG14:9,982,726
INFO	2021-10-25 21:47:28	AddOrReplaceReadGroups	Processed   104,000,000 records.  Elapsed time: 00:13:05s.  Time for last 1,000,000:    7s.  Last read position: LG15:142,703
INFO	2021-10-25 21:47:35	AddOrReplaceReadGroups	Processed   105,000,000 records.  Elapsed time: 00:13:12s.  Time for last 1,000,000:    7s.  Last read position: LG15:3,443,550
INFO	2021-10-25 21:47:43	AddOrReplaceReadGroups	Processed   106,000,000 records.  Elapsed time: 00:13:19s.  Time for last 1,000,000:    7s.  Last read position: LG15:7,025,272
INFO	2021-10-25 21:47:50	AddOrReplaceReadGroups	Processed   107,000,000 records.  Elapsed time: 00:13:27s.  Time for last 1,000,000:    7s.  Last read position: LG15:10,646,306
INFO	2021-10-25 21:47:57	AddOrReplaceReadGroups	Processed   108,000,000 records.  Elapsed time: 00:13:34s.  Time for last 1,000,000:    7s.  Last read position: LG15:14,135,425
INFO	2021-10-25 21:48:05	AddOrReplaceReadGroups	Processed   109,000,000 records.  Elapsed time: 00:13:41s.  Time for last 1,000,000:    7s.  Last read position: LG15:17,784,701
INFO	2021-10-25 21:48:12	AddOrReplaceReadGroups	Processed   110,000,000 records.  Elapsed time: 00:13:48s.  Time for last 1,000,000:    7s.  Last read position: LG16:3,044,594
INFO	2021-10-25 21:48:19	AddOrReplaceReadGroups	Processed   111,000,000 records.  Elapsed time: 00:13:56s.  Time for last 1,000,000:    7s.  Last read position: LG16:7,143,937
INFO	2021-10-25 21:48:26	AddOrReplaceReadGroups	Processed   112,000,000 records.  Elapsed time: 00:14:03s.  Time for last 1,000,000:    7s.  Last read position: LG16:11,008,706
INFO	2021-10-25 21:48:34	AddOrReplaceReadGroups	Processed   113,000,000 records.  Elapsed time: 00:14:10s.  Time for last 1,000,000:    7s.  Last read position: LG16:14,417,055
INFO	2021-10-25 21:48:41	AddOrReplaceReadGroups	Processed   114,000,000 records.  Elapsed time: 00:14:17s.  Time for last 1,000,000:    7s.  Last read position: LG17:2,255,547
INFO	2021-10-25 21:48:48	AddOrReplaceReadGroups	Processed   115,000,000 records.  Elapsed time: 00:14:25s.  Time for last 1,000,000:    7s.  Last read position: LG17:4,973,942
INFO	2021-10-25 21:48:56	AddOrReplaceReadGroups	Processed   116,000,000 records.  Elapsed time: 00:14:33s.  Time for last 1,000,000:    8s.  Last read position: LG17:8,566,568
INFO	2021-10-25 21:49:04	AddOrReplaceReadGroups	Processed   117,000,000 records.  Elapsed time: 00:14:41s.  Time for last 1,000,000:    8s.  Last read position: LG18:6,164
INFO	2021-10-25 21:49:13	AddOrReplaceReadGroups	Processed   118,000,000 records.  Elapsed time: 00:14:49s.  Time for last 1,000,000:    8s.  Last read position: LG18:4,336,788
INFO	2021-10-25 21:49:21	AddOrReplaceReadGroups	Processed   119,000,000 records.  Elapsed time: 00:14:57s.  Time for last 1,000,000:    7s.  Last read position: LG18:8,295,660
INFO	2021-10-25 21:49:28	AddOrReplaceReadGroups	Processed   120,000,000 records.  Elapsed time: 00:15:04s.  Time for last 1,000,000:    7s.  Last read position: LG18:11,698,273
INFO	2021-10-25 21:49:36	AddOrReplaceReadGroups	Processed   121,000,000 records.  Elapsed time: 00:15:12s.  Time for last 1,000,000:    7s.  Last read position: LG19:2,850,673
INFO	2021-10-25 21:49:43	AddOrReplaceReadGroups	Processed   122,000,000 records.  Elapsed time: 00:15:20s.  Time for last 1,000,000:    7s.  Last read position: LG19:5,983,680
INFO	2021-10-25 21:49:50	AddOrReplaceReadGroups	Processed   123,000,000 records.  Elapsed time: 00:15:27s.  Time for last 1,000,000:    7s.  Last read position: LG19:9,616,066
INFO	2021-10-25 21:49:57	AddOrReplaceReadGroups	Processed   124,000,000 records.  Elapsed time: 00:15:34s.  Time for last 1,000,000:    7s.  Last read position: LG19:13,075,257
INFO	2021-10-25 21:50:05	AddOrReplaceReadGroups	Processed   125,000,000 records.  Elapsed time: 00:15:41s.  Time for last 1,000,000:    7s.  Last read position: LG20:1,730,297
INFO	2021-10-25 21:50:12	AddOrReplaceReadGroups	Processed   126,000,000 records.  Elapsed time: 00:15:48s.  Time for last 1,000,000:    7s.  Last read position: LG20:5,375,648
INFO	2021-10-25 21:50:19	AddOrReplaceReadGroups	Processed   127,000,000 records.  Elapsed time: 00:15:56s.  Time for last 1,000,000:    7s.  Last read position: LG20:9,105,127
INFO	2021-10-25 21:50:26	AddOrReplaceReadGroups	Processed   128,000,000 records.  Elapsed time: 00:16:03s.  Time for last 1,000,000:    7s.  Last read position: LG20:12,320,786
INFO	2021-10-25 21:50:33	AddOrReplaceReadGroups	Processed   129,000,000 records.  Elapsed time: 00:16:10s.  Time for last 1,000,000:    7s.  Last read position: LG21:3,132,039
INFO	2021-10-25 21:50:41	AddOrReplaceReadGroups	Processed   130,000,000 records.  Elapsed time: 00:16:17s.  Time for last 1,000,000:    7s.  Last read position: LG21:6,755,019
INFO	2021-10-25 21:50:48	AddOrReplaceReadGroups	Processed   131,000,000 records.  Elapsed time: 00:16:24s.  Time for last 1,000,000:    7s.  Last read position: LG21:10,251,306
INFO	2021-10-25 21:50:55	AddOrReplaceReadGroups	Processed   132,000,000 records.  Elapsed time: 00:16:32s.  Time for last 1,000,000:    7s.  Last read position: LG21:14,229,115
INFO	2021-10-25 21:51:02	AddOrReplaceReadGroups	Processed   133,000,000 records.  Elapsed time: 00:16:39s.  Time for last 1,000,000:    7s.  Last read position: LG22:3,811,471
INFO	2021-10-25 21:51:10	AddOrReplaceReadGroups	Processed   134,000,000 records.  Elapsed time: 00:16:46s.  Time for last 1,000,000:    7s.  Last read position: LG22:7,005,106
INFO	2021-10-25 21:51:17	AddOrReplaceReadGroups	Processed   135,000,000 records.  Elapsed time: 00:16:54s.  Time for last 1,000,000:    7s.  Last read position: LG22:10,968,473
INFO	2021-10-25 21:51:24	AddOrReplaceReadGroups	Processed   136,000,000 records.  Elapsed time: 00:17:01s.  Time for last 1,000,000:    7s.  Last read position: LG23:2,544,676
INFO	2021-10-25 21:51:32	AddOrReplaceReadGroups	Processed   137,000,000 records.  Elapsed time: 00:17:08s.  Time for last 1,000,000:    7s.  Last read position: LG23:5,849,874
INFO	2021-10-25 21:51:39	AddOrReplaceReadGroups	Processed   138,000,000 records.  Elapsed time: 00:17:16s.  Time for last 1,000,000:    7s.  Last read position: LG23:8,962,945
INFO	2021-10-25 21:51:46	AddOrReplaceReadGroups	Processed   139,000,000 records.  Elapsed time: 00:17:23s.  Time for last 1,000,000:    7s.  Last read position: LG23:12,454,390
INFO	2021-10-25 21:51:53	AddOrReplaceReadGroups	Processed   140,000,000 records.  Elapsed time: 00:17:30s.  Time for last 1,000,000:    7s.  Last read position: LG23:15,863,017
INFO	2021-10-25 21:52:01	AddOrReplaceReadGroups	Processed   141,000,000 records.  Elapsed time: 00:17:37s.  Time for last 1,000,000:    7s.  Last read position: LG24:3,057,223
INFO	2021-10-25 21:52:08	AddOrReplaceReadGroups	Processed   142,000,000 records.  Elapsed time: 00:17:44s.  Time for last 1,000,000:    7s.  Last read position: LG24:6,655,564
INFO	2021-10-25 21:52:15	AddOrReplaceReadGroups	Processed   143,000,000 records.  Elapsed time: 00:17:51s.  Time for last 1,000,000:    7s.  Last read position: LG24:10,972,743
INFO	2021-10-25 21:52:22	AddOrReplaceReadGroups	Processed   144,000,000 records.  Elapsed time: 00:17:59s.  Time for last 1,000,000:    7s.  Last read position: LG25:983,826
INFO	2021-10-25 21:52:29	AddOrReplaceReadGroups	Processed   145,000,000 records.  Elapsed time: 00:18:06s.  Time for last 1,000,000:    7s.  Last read position: LG25:4,653,327
INFO	2021-10-25 21:52:36	AddOrReplaceReadGroups	Processed   146,000,000 records.  Elapsed time: 00:18:13s.  Time for last 1,000,000:    7s.  Last read position: LG25:8,690,463
INFO	2021-10-25 21:52:44	AddOrReplaceReadGroups	Processed   147,000,000 records.  Elapsed time: 00:18:20s.  Time for last 1,000,000:    7s.  Last read position: LG25:12,269,126
INFO	2021-10-25 21:52:51	AddOrReplaceReadGroups	Processed   148,000,000 records.  Elapsed time: 00:18:27s.  Time for last 1,000,000:    7s.  Last read position: LG26:2,095,082
INFO	2021-10-25 21:52:58	AddOrReplaceReadGroups	Processed   149,000,000 records.  Elapsed time: 00:18:35s.  Time for last 1,000,000:    7s.  Last read position: LG26:5,052,701
INFO	2021-10-25 21:53:05	AddOrReplaceReadGroups	Processed   150,000,000 records.  Elapsed time: 00:18:42s.  Time for last 1,000,000:    7s.  Last read position: LG26:8,956,187
INFO	2021-10-25 21:53:13	AddOrReplaceReadGroups	Processed   151,000,000 records.  Elapsed time: 00:18:49s.  Time for last 1,000,000:    7s.  Last read position: LG26:12,931,113
INFO	2021-10-25 21:53:20	AddOrReplaceReadGroups	Processed   152,000,000 records.  Elapsed time: 00:18:57s.  Time for last 1,000,000:    7s.  Last read position: LG27:3,379,727
INFO	2021-10-25 21:53:27	AddOrReplaceReadGroups	Processed   153,000,000 records.  Elapsed time: 00:19:04s.  Time for last 1,000,000:    7s.  Last read position: LG27:7,247,900
INFO	2021-10-25 21:53:34	AddOrReplaceReadGroups	Processed   154,000,000 records.  Elapsed time: 00:19:11s.  Time for last 1,000,000:    7s.  Last read position: LG27:11,384,899
INFO	2021-10-25 21:53:42	AddOrReplaceReadGroups	Processed   155,000,000 records.  Elapsed time: 00:19:18s.  Time for last 1,000,000:    7s.  Last read position: LG28:2,848,261
INFO	2021-10-25 21:53:49	AddOrReplaceReadGroups	Processed   156,000,000 records.  Elapsed time: 00:19:26s.  Time for last 1,000,000:    7s.  Last read position: LG28:6,711,446
INFO	2021-10-25 21:53:56	AddOrReplaceReadGroups	Processed   157,000,000 records.  Elapsed time: 00:19:33s.  Time for last 1,000,000:    7s.  Last read position: LG28:10,467,238
INFO	2021-10-25 21:54:04	AddOrReplaceReadGroups	Processed   158,000,000 records.  Elapsed time: 00:19:40s.  Time for last 1,000,000:    7s.  Last read position: LG29:2,003,806
INFO	2021-10-25 21:54:11	AddOrReplaceReadGroups	Processed   159,000,000 records.  Elapsed time: 00:19:47s.  Time for last 1,000,000:    7s.  Last read position: LG30:354,726
INFO	2021-10-25 21:54:18	AddOrReplaceReadGroups	Processed   160,000,000 records.  Elapsed time: 00:19:54s.  Time for last 1,000,000:    7s.  Last read position: LG30:3,953,200
INFO	2021-10-25 21:54:25	AddOrReplaceReadGroups	Processed   161,000,000 records.  Elapsed time: 00:20:02s.  Time for last 1,000,000:    7s.  Last read position: LG30:8,169,705
INFO	2021-10-25 21:54:32	AddOrReplaceReadGroups	Processed   162,000,000 records.  Elapsed time: 00:20:09s.  Time for last 1,000,000:    7s.  Last read position: UNPIN3877:33,350
INFO	2021-10-25 21:54:39	AddOrReplaceReadGroups	Processed   163,000,000 records.  Elapsed time: 00:20:16s.  Time for last 1,000,000:    7s.  Last read position: UNPIN3877:84,165
INFO	2021-10-25 21:54:46	AddOrReplaceReadGroups	Processed   164,000,000 records.  Elapsed time: 00:20:23s.  Time for last 1,000,000:    6s.  Last read position: UNPIN3878:3,664
INFO	2021-10-25 21:54:53	AddOrReplaceReadGroups	Processed   165,000,000 records.  Elapsed time: 00:20:29s.  Time for last 1,000,000:    6s.  Last read position: */*
INFO	2021-10-25 21:54:58	AddOrReplaceReadGroups	Processed   166,000,000 records.  Elapsed time: 00:20:34s.  Time for last 1,000,000:    4s.  Last read position: */*
INFO	2021-10-25 21:55:03	AddOrReplaceReadGroups	Processed   167,000,000 records.  Elapsed time: 00:20:39s.  Time for last 1,000,000:    4s.  Last read position: */*
INFO	2021-10-25 21:55:07	AddOrReplaceReadGroups	Processed   168,000,000 records.  Elapsed time: 00:20:44s.  Time for last 1,000,000:    4s.  Last read position: */*
INFO	2021-10-25 21:55:12	AddOrReplaceReadGroups	Processed   169,000,000 records.  Elapsed time: 00:20:49s.  Time for last 1,000,000:    4s.  Last read position: */*
INFO	2021-10-25 21:55:17	AddOrReplaceReadGroups	Processed   170,000,000 records.  Elapsed time: 00:20:54s.  Time for last 1,000,000:    4s.  Last read position: */*
INFO	2021-10-25 21:55:22	AddOrReplaceReadGroups	Processed   171,000,000 records.  Elapsed time: 00:20:58s.  Time for last 1,000,000:    4s.  Last read position: */*
INFO	2021-10-25 21:55:26	AddOrReplaceReadGroups	Processed   172,000,000 records.  Elapsed time: 00:21:03s.  Time for last 1,000,000:    4s.  Last read position: */*
INFO	2021-10-25 21:55:31	AddOrReplaceReadGroups	Processed   173,000,000 records.  Elapsed time: 00:21:08s.  Time for last 1,000,000:    4s.  Last read position: */*
[Mon Oct 25 21:55:34 PDT 2021] picard.sam.AddOrReplaceReadGroups done. Elapsed time: 21.19 minutes.
Runtime.totalMemory()=46338048
Tool returned:
0
