==========================================
SLURM_JOB_ID = 2293152
SLURM_JOB_NODELIST = b08-10
TMPDIR = /tmp/SLURM_2293152
==========================================
Running Sample ID SRR12223731_SRP271933_Undaria_pinnatifida_individual_17_2017-01-09_INTRO_NZ_Well2017_3_New_Zealand with options  --RGID CALETANXX.2 --RGLB SRR12223731 --RGPL ILLUMINA --RGPU CALETANXX.2.SRR12223731 --RGSM INTRO_NZ_Well2017_3_New_Zealand 
Using GATK jar /home1/mharden/.conda/envs/gatk4/share/gatk4-4.2.2.0-1/gatk-package-4.2.2.0-local.jar
Running:
    java -Dsamjdk.use_async_io_read_samtools=false -Dsamjdk.use_async_io_write_samtools=true -Dsamjdk.use_async_io_write_tribble=false -Dsamjdk.compression_level=2 -jar /home1/mharden/.conda/envs/gatk4/share/gatk4-4.2.2.0-1/gatk-package-4.2.2.0-local.jar AddOrReplaceReadGroups -I SRR12223731_SRP271933_Undaria_pinnatifida_individual_17_2017-01-09_INTRO_NZ_Well2017_3_New_Zealand.sorted.bam -O SRR12223731_SRP271933_Undaria_pinnatifida_individual_17_2017-01-09_INTRO_NZ_Well2017_3_New_Zealand.RG.sorted.bam --RGID CALETANXX.2 --RGLB SRR12223731 --RGPL ILLUMINA --RGPU CALETANXX.2.SRR12223731 --RGSM INTRO_NZ_Well2017_3_New_Zealand
22:27:54.975 INFO  NativeLibraryLoader - Loading libgkl_compression.so from jar:file:/home1/mharden/.conda/envs/gatk4/share/gatk4-4.2.2.0-1/gatk-package-4.2.2.0-local.jar!/com/intel/gkl/native/libgkl_compression.so
[Mon Oct 25 22:27:55 PDT 2021] AddOrReplaceReadGroups --INPUT SRR12223731_SRP271933_Undaria_pinnatifida_individual_17_2017-01-09_INTRO_NZ_Well2017_3_New_Zealand.sorted.bam --OUTPUT SRR12223731_SRP271933_Undaria_pinnatifida_individual_17_2017-01-09_INTRO_NZ_Well2017_3_New_Zealand.RG.sorted.bam --RGID CALETANXX.2 --RGLB SRR12223731 --RGPL ILLUMINA --RGPU CALETANXX.2.SRR12223731 --RGSM INTRO_NZ_Well2017_3_New_Zealand --VERBOSITY INFO --QUIET false --VALIDATION_STRINGENCY STRICT --COMPRESSION_LEVEL 2 --MAX_RECORDS_IN_RAM 500000 --CREATE_INDEX false --CREATE_MD5_FILE false --GA4GH_CLIENT_SECRETS client_secrets.json --help false --version false --showHidden false --USE_JDK_DEFLATER false --USE_JDK_INFLATER false
Oct 25, 2021 10:27:55 PM shaded.cloud_nio.com.google.auth.oauth2.ComputeEngineCredentials runningOnComputeEngine
INFO: Failed to detect whether we are running on Google Compute Engine.
[Mon Oct 25 22:27:55 PDT 2021] Executing as mharden@b08-10.hpc.usc.edu on Linux 3.10.0-1062.4.1.el7.x86_64 amd64; OpenJDK 64-Bit Server VM 1.8.0_302-b08; Deflater: Intel; Inflater: Intel; Provider GCS is available; Picard version: Version:4.2.2.0
INFO	2021-10-25 22:27:55	AddOrReplaceReadGroups	Created read-group ID=CALETANXX.2 PL=ILLUMINA LB=SRR12223731 SM=INTRO_NZ_Well2017_3_New_Zealand

INFO	2021-10-25 22:28:05	AddOrReplaceReadGroups	Processed     1,000,000 records.  Elapsed time: 00:00:10s.  Time for last 1,000,000:   10s.  Last read position: LG00:4,869,593
INFO	2021-10-25 22:28:16	AddOrReplaceReadGroups	Processed     2,000,000 records.  Elapsed time: 00:00:20s.  Time for last 1,000,000:   10s.  Last read position: LG00:6,767,752
INFO	2021-10-25 22:28:25	AddOrReplaceReadGroups	Processed     3,000,000 records.  Elapsed time: 00:00:30s.  Time for last 1,000,000:    9s.  Last read position: LG00:9,815,215
INFO	2021-10-25 22:28:34	AddOrReplaceReadGroups	Processed     4,000,000 records.  Elapsed time: 00:00:39s.  Time for last 1,000,000:    8s.  Last read position: LG00:14,673,077
INFO	2021-10-25 22:28:43	AddOrReplaceReadGroups	Processed     5,000,000 records.  Elapsed time: 00:00:47s.  Time for last 1,000,000:    8s.  Last read position: LG00:19,271,988
INFO	2021-10-25 22:28:51	AddOrReplaceReadGroups	Processed     6,000,000 records.  Elapsed time: 00:00:56s.  Time for last 1,000,000:    8s.  Last read position: LG00:24,344,881
INFO	2021-10-25 22:29:00	AddOrReplaceReadGroups	Processed     7,000,000 records.  Elapsed time: 00:01:04s.  Time for last 1,000,000:    8s.  Last read position: LG00:28,679,167
INFO	2021-10-25 22:29:08	AddOrReplaceReadGroups	Processed     8,000,000 records.  Elapsed time: 00:01:12s.  Time for last 1,000,000:    8s.  Last read position: LG00:33,765,565
INFO	2021-10-25 22:29:16	AddOrReplaceReadGroups	Processed     9,000,000 records.  Elapsed time: 00:01:20s.  Time for last 1,000,000:    7s.  Last read position: LG00:38,433,948
INFO	2021-10-25 22:29:24	AddOrReplaceReadGroups	Processed    10,000,000 records.  Elapsed time: 00:01:28s.  Time for last 1,000,000:    7s.  Last read position: LG00:43,403,166
INFO	2021-10-25 22:29:32	AddOrReplaceReadGroups	Processed    11,000,000 records.  Elapsed time: 00:01:36s.  Time for last 1,000,000:    7s.  Last read position: LG00:48,392,664
INFO	2021-10-25 22:29:39	AddOrReplaceReadGroups	Processed    12,000,000 records.  Elapsed time: 00:01:44s.  Time for last 1,000,000:    7s.  Last read position: LG00:53,496,396
INFO	2021-10-25 22:29:47	AddOrReplaceReadGroups	Processed    13,000,000 records.  Elapsed time: 00:01:52s.  Time for last 1,000,000:    7s.  Last read position: LG00:58,944,027
INFO	2021-10-25 22:29:55	AddOrReplaceReadGroups	Processed    14,000,000 records.  Elapsed time: 00:02:00s.  Time for last 1,000,000:    8s.  Last read position: LG00:64,288,710
INFO	2021-10-25 22:30:03	AddOrReplaceReadGroups	Processed    15,000,000 records.  Elapsed time: 00:02:08s.  Time for last 1,000,000:    7s.  Last read position: LG00:69,870,141
INFO	2021-10-25 22:30:11	AddOrReplaceReadGroups	Processed    16,000,000 records.  Elapsed time: 00:02:16s.  Time for last 1,000,000:    8s.  Last read position: LG00:75,539,273
INFO	2021-10-25 22:30:19	AddOrReplaceReadGroups	Processed    17,000,000 records.  Elapsed time: 00:02:24s.  Time for last 1,000,000:    7s.  Last read position: LG00:80,964,908
INFO	2021-10-25 22:30:27	AddOrReplaceReadGroups	Processed    18,000,000 records.  Elapsed time: 00:02:31s.  Time for last 1,000,000:    7s.  Last read position: LG00:86,002,303
INFO	2021-10-25 22:30:34	AddOrReplaceReadGroups	Processed    19,000,000 records.  Elapsed time: 00:02:39s.  Time for last 1,000,000:    7s.  Last read position: LG00:91,440,342
INFO	2021-10-25 22:30:42	AddOrReplaceReadGroups	Processed    20,000,000 records.  Elapsed time: 00:02:46s.  Time for last 1,000,000:    7s.  Last read position: LG00:97,019,706
INFO	2021-10-25 22:30:50	AddOrReplaceReadGroups	Processed    21,000,000 records.  Elapsed time: 00:02:54s.  Time for last 1,000,000:    7s.  Last read position: LG00:103,386,959
INFO	2021-10-25 22:30:57	AddOrReplaceReadGroups	Processed    22,000,000 records.  Elapsed time: 00:03:02s.  Time for last 1,000,000:    7s.  Last read position: LG00:109,502,525
INFO	2021-10-25 22:31:05	AddOrReplaceReadGroups	Processed    23,000,000 records.  Elapsed time: 00:03:09s.  Time for last 1,000,000:    7s.  Last read position: LG00:115,596,977
INFO	2021-10-25 22:31:12	AddOrReplaceReadGroups	Processed    24,000,000 records.  Elapsed time: 00:03:17s.  Time for last 1,000,000:    7s.  Last read position: LG00:121,354,393
INFO	2021-10-25 22:31:20	AddOrReplaceReadGroups	Processed    25,000,000 records.  Elapsed time: 00:03:24s.  Time for last 1,000,000:    7s.  Last read position: LG00:127,448,276
INFO	2021-10-25 22:31:28	AddOrReplaceReadGroups	Processed    26,000,000 records.  Elapsed time: 00:03:32s.  Time for last 1,000,000:    7s.  Last read position: LG00:132,751,714
INFO	2021-10-25 22:31:35	AddOrReplaceReadGroups	Processed    27,000,000 records.  Elapsed time: 00:03:40s.  Time for last 1,000,000:    7s.  Last read position: LG00:138,074,908
INFO	2021-10-25 22:31:43	AddOrReplaceReadGroups	Processed    28,000,000 records.  Elapsed time: 00:03:47s.  Time for last 1,000,000:    7s.  Last read position: LG00:144,228,424
INFO	2021-10-25 22:31:50	AddOrReplaceReadGroups	Processed    29,000,000 records.  Elapsed time: 00:03:55s.  Time for last 1,000,000:    7s.  Last read position: LG00:150,340,214
INFO	2021-10-25 22:31:58	AddOrReplaceReadGroups	Processed    30,000,000 records.  Elapsed time: 00:04:03s.  Time for last 1,000,000:    7s.  Last read position: LG00:153,593,133
INFO	2021-10-25 22:32:06	AddOrReplaceReadGroups	Processed    31,000,000 records.  Elapsed time: 00:04:10s.  Time for last 1,000,000:    7s.  Last read position: LG00:159,423,082
INFO	2021-10-25 22:32:13	AddOrReplaceReadGroups	Processed    32,000,000 records.  Elapsed time: 00:04:18s.  Time for last 1,000,000:    7s.  Last read position: LG00:165,623,654
INFO	2021-10-25 22:32:20	AddOrReplaceReadGroups	Processed    33,000,000 records.  Elapsed time: 00:04:25s.  Time for last 1,000,000:    7s.  Last read position: LG00:168,279,420
INFO	2021-10-25 22:32:28	AddOrReplaceReadGroups	Processed    34,000,000 records.  Elapsed time: 00:04:32s.  Time for last 1,000,000:    7s.  Last read position: LG00:170,974,374
INFO	2021-10-25 22:32:35	AddOrReplaceReadGroups	Processed    35,000,000 records.  Elapsed time: 00:04:40s.  Time for last 1,000,000:    7s.  Last read position: LG00:173,668,849
INFO	2021-10-25 22:32:43	AddOrReplaceReadGroups	Processed    36,000,000 records.  Elapsed time: 00:04:47s.  Time for last 1,000,000:    7s.  Last read position: LG01:3,720,416
INFO	2021-10-25 22:32:50	AddOrReplaceReadGroups	Processed    37,000,000 records.  Elapsed time: 00:04:55s.  Time for last 1,000,000:    7s.  Last read position: LG01:7,790,665
INFO	2021-10-25 22:32:57	AddOrReplaceReadGroups	Processed    38,000,000 records.  Elapsed time: 00:05:02s.  Time for last 1,000,000:    7s.  Last read position: LG01:12,220,405
INFO	2021-10-25 22:33:05	AddOrReplaceReadGroups	Processed    39,000,000 records.  Elapsed time: 00:05:09s.  Time for last 1,000,000:    7s.  Last read position: LG01:16,181,234
INFO	2021-10-25 22:33:12	AddOrReplaceReadGroups	Processed    40,000,000 records.  Elapsed time: 00:05:16s.  Time for last 1,000,000:    7s.  Last read position: LG01:20,407,884
INFO	2021-10-25 22:33:19	AddOrReplaceReadGroups	Processed    41,000,000 records.  Elapsed time: 00:05:24s.  Time for last 1,000,000:    7s.  Last read position: LG01:24,653,412
INFO	2021-10-25 22:33:27	AddOrReplaceReadGroups	Processed    42,000,000 records.  Elapsed time: 00:05:31s.  Time for last 1,000,000:    7s.  Last read position: LG02:1,373,247
INFO	2021-10-25 22:33:34	AddOrReplaceReadGroups	Processed    43,000,000 records.  Elapsed time: 00:05:39s.  Time for last 1,000,000:    7s.  Last read position: LG02:5,170,134
INFO	2021-10-25 22:33:41	AddOrReplaceReadGroups	Processed    44,000,000 records.  Elapsed time: 00:05:46s.  Time for last 1,000,000:    7s.  Last read position: LG02:9,211,549
INFO	2021-10-25 22:33:49	AddOrReplaceReadGroups	Processed    45,000,000 records.  Elapsed time: 00:05:53s.  Time for last 1,000,000:    7s.  Last read position: LG02:13,272,610
INFO	2021-10-25 22:33:56	AddOrReplaceReadGroups	Processed    46,000,000 records.  Elapsed time: 00:06:01s.  Time for last 1,000,000:    7s.  Last read position: LG02:17,468,173
INFO	2021-10-25 22:34:04	AddOrReplaceReadGroups	Processed    47,000,000 records.  Elapsed time: 00:06:09s.  Time for last 1,000,000:    8s.  Last read position: LG03:2,376,646
INFO	2021-10-25 22:34:13	AddOrReplaceReadGroups	Processed    48,000,000 records.  Elapsed time: 00:06:17s.  Time for last 1,000,000:    8s.  Last read position: LG03:6,676,170
INFO	2021-10-25 22:34:21	AddOrReplaceReadGroups	Processed    49,000,000 records.  Elapsed time: 00:06:25s.  Time for last 1,000,000:    8s.  Last read position: LG03:11,027,377
INFO	2021-10-25 22:34:29	AddOrReplaceReadGroups	Processed    50,000,000 records.  Elapsed time: 00:06:34s.  Time for last 1,000,000:    8s.  Last read position: LG03:14,818,215
INFO	2021-10-25 22:34:36	AddOrReplaceReadGroups	Processed    51,000,000 records.  Elapsed time: 00:06:41s.  Time for last 1,000,000:    7s.  Last read position: LG04:1,794,822
INFO	2021-10-25 22:34:43	AddOrReplaceReadGroups	Processed    52,000,000 records.  Elapsed time: 00:06:48s.  Time for last 1,000,000:    7s.  Last read position: LG04:6,097,974
INFO	2021-10-25 22:34:51	AddOrReplaceReadGroups	Processed    53,000,000 records.  Elapsed time: 00:06:55s.  Time for last 1,000,000:    7s.  Last read position: LG04:10,017,104
INFO	2021-10-25 22:34:58	AddOrReplaceReadGroups	Processed    54,000,000 records.  Elapsed time: 00:07:03s.  Time for last 1,000,000:    7s.  Last read position: LG04:14,166,824
INFO	2021-10-25 22:35:06	AddOrReplaceReadGroups	Processed    55,000,000 records.  Elapsed time: 00:07:10s.  Time for last 1,000,000:    7s.  Last read position: LG05:2,451,255
INFO	2021-10-25 22:35:13	AddOrReplaceReadGroups	Processed    56,000,000 records.  Elapsed time: 00:07:17s.  Time for last 1,000,000:    7s.  Last read position: LG05:6,480,140
INFO	2021-10-25 22:35:20	AddOrReplaceReadGroups	Processed    57,000,000 records.  Elapsed time: 00:07:25s.  Time for last 1,000,000:    7s.  Last read position: LG05:10,275,225
INFO	2021-10-25 22:35:28	AddOrReplaceReadGroups	Processed    58,000,000 records.  Elapsed time: 00:07:32s.  Time for last 1,000,000:    7s.  Last read position: LG05:14,483,052
INFO	2021-10-25 22:35:35	AddOrReplaceReadGroups	Processed    59,000,000 records.  Elapsed time: 00:07:39s.  Time for last 1,000,000:    7s.  Last read position: LG05:18,738,788
INFO	2021-10-25 22:35:42	AddOrReplaceReadGroups	Processed    60,000,000 records.  Elapsed time: 00:07:47s.  Time for last 1,000,000:    7s.  Last read position: LG06:572,366
INFO	2021-10-25 22:35:50	AddOrReplaceReadGroups	Processed    61,000,000 records.  Elapsed time: 00:07:54s.  Time for last 1,000,000:    7s.  Last read position: LG06:4,397,621
INFO	2021-10-25 22:35:57	AddOrReplaceReadGroups	Processed    62,000,000 records.  Elapsed time: 00:08:01s.  Time for last 1,000,000:    7s.  Last read position: LG06:8,353,143
INFO	2021-10-25 22:36:04	AddOrReplaceReadGroups	Processed    63,000,000 records.  Elapsed time: 00:08:09s.  Time for last 1,000,000:    7s.  Last read position: LG07:195,985
INFO	2021-10-25 22:36:11	AddOrReplaceReadGroups	Processed    64,000,000 records.  Elapsed time: 00:08:16s.  Time for last 1,000,000:    7s.  Last read position: LG07:3,876,009
INFO	2021-10-25 22:36:19	AddOrReplaceReadGroups	Processed    65,000,000 records.  Elapsed time: 00:08:23s.  Time for last 1,000,000:    7s.  Last read position: LG07:7,868,780
INFO	2021-10-25 22:36:26	AddOrReplaceReadGroups	Processed    66,000,000 records.  Elapsed time: 00:08:31s.  Time for last 1,000,000:    7s.  Last read position: LG08:125,460
INFO	2021-10-25 22:36:34	AddOrReplaceReadGroups	Processed    67,000,000 records.  Elapsed time: 00:08:38s.  Time for last 1,000,000:    7s.  Last read position: LG08:3,993,516
INFO	2021-10-25 22:36:41	AddOrReplaceReadGroups	Processed    68,000,000 records.  Elapsed time: 00:08:46s.  Time for last 1,000,000:    7s.  Last read position: LG08:9,026,097
INFO	2021-10-25 22:36:49	AddOrReplaceReadGroups	Processed    69,000,000 records.  Elapsed time: 00:08:53s.  Time for last 1,000,000:    7s.  Last read position: LG08:13,251,750
INFO	2021-10-25 22:36:56	AddOrReplaceReadGroups	Processed    70,000,000 records.  Elapsed time: 00:09:01s.  Time for last 1,000,000:    7s.  Last read position: LG09:2,166,185
INFO	2021-10-25 22:37:04	AddOrReplaceReadGroups	Processed    71,000,000 records.  Elapsed time: 00:09:08s.  Time for last 1,000,000:    7s.  Last read position: LG09:3,075,043
INFO	2021-10-25 22:37:11	AddOrReplaceReadGroups	Processed    72,000,000 records.  Elapsed time: 00:09:16s.  Time for last 1,000,000:    7s.  Last read position: LG09:7,275,844
INFO	2021-10-25 22:37:18	AddOrReplaceReadGroups	Processed    73,000,000 records.  Elapsed time: 00:09:23s.  Time for last 1,000,000:    7s.  Last read position: LG09:11,059,083
INFO	2021-10-25 22:37:26	AddOrReplaceReadGroups	Processed    74,000,000 records.  Elapsed time: 00:09:30s.  Time for last 1,000,000:    7s.  Last read position: LG10:2,171,558
INFO	2021-10-25 22:37:33	AddOrReplaceReadGroups	Processed    75,000,000 records.  Elapsed time: 00:09:38s.  Time for last 1,000,000:    7s.  Last read position: LG10:6,145,716
INFO	2021-10-25 22:37:41	AddOrReplaceReadGroups	Processed    76,000,000 records.  Elapsed time: 00:09:45s.  Time for last 1,000,000:    7s.  Last read position: LG10:9,640,160
INFO	2021-10-25 22:37:48	AddOrReplaceReadGroups	Processed    77,000,000 records.  Elapsed time: 00:09:53s.  Time for last 1,000,000:    7s.  Last read position: LG10:13,755,011
INFO	2021-10-25 22:37:56	AddOrReplaceReadGroups	Processed    78,000,000 records.  Elapsed time: 00:10:00s.  Time for last 1,000,000:    7s.  Last read position: LG10:17,516,023
INFO	2021-10-25 22:38:03	AddOrReplaceReadGroups	Processed    79,000,000 records.  Elapsed time: 00:10:07s.  Time for last 1,000,000:    7s.  Last read position: LG10:21,621,590
INFO	2021-10-25 22:38:10	AddOrReplaceReadGroups	Processed    80,000,000 records.  Elapsed time: 00:10:15s.  Time for last 1,000,000:    7s.  Last read position: LG10:25,831,403
INFO	2021-10-25 22:38:18	AddOrReplaceReadGroups	Processed    81,000,000 records.  Elapsed time: 00:10:22s.  Time for last 1,000,000:    7s.  Last read position: LG11:702,677
INFO	2021-10-25 22:38:25	AddOrReplaceReadGroups	Processed    82,000,000 records.  Elapsed time: 00:10:30s.  Time for last 1,000,000:    7s.  Last read position: LG11:5,461,175
INFO	2021-10-25 22:38:33	AddOrReplaceReadGroups	Processed    83,000,000 records.  Elapsed time: 00:10:37s.  Time for last 1,000,000:    7s.  Last read position: LG11:9,953,157
INFO	2021-10-25 22:38:40	AddOrReplaceReadGroups	Processed    84,000,000 records.  Elapsed time: 00:10:45s.  Time for last 1,000,000:    7s.  Last read position: LG11:13,857,232
INFO	2021-10-25 22:38:48	AddOrReplaceReadGroups	Processed    85,000,000 records.  Elapsed time: 00:10:52s.  Time for last 1,000,000:    7s.  Last read position: LG11:17,556,205
INFO	2021-10-25 22:38:55	AddOrReplaceReadGroups	Processed    86,000,000 records.  Elapsed time: 00:11:00s.  Time for last 1,000,000:    7s.  Last read position: LG11:22,231,332
INFO	2021-10-25 22:39:02	AddOrReplaceReadGroups	Processed    87,000,000 records.  Elapsed time: 00:11:07s.  Time for last 1,000,000:    7s.  Last read position: LG11:26,649,804
INFO	2021-10-25 22:39:10	AddOrReplaceReadGroups	Processed    88,000,000 records.  Elapsed time: 00:11:14s.  Time for last 1,000,000:    7s.  Last read position: LG12:4,249,406
INFO	2021-10-25 22:39:17	AddOrReplaceReadGroups	Processed    89,000,000 records.  Elapsed time: 00:11:22s.  Time for last 1,000,000:    7s.  Last read position: LG12:8,289,065
INFO	2021-10-25 22:39:25	AddOrReplaceReadGroups	Processed    90,000,000 records.  Elapsed time: 00:11:29s.  Time for last 1,000,000:    7s.  Last read position: LG12:12,438,251
INFO	2021-10-25 22:39:32	AddOrReplaceReadGroups	Processed    91,000,000 records.  Elapsed time: 00:11:37s.  Time for last 1,000,000:    7s.  Last read position: LG13:1,707,202
INFO	2021-10-25 22:39:39	AddOrReplaceReadGroups	Processed    92,000,000 records.  Elapsed time: 00:11:44s.  Time for last 1,000,000:    7s.  Last read position: LG13:5,274,803
INFO	2021-10-25 22:39:47	AddOrReplaceReadGroups	Processed    93,000,000 records.  Elapsed time: 00:11:51s.  Time for last 1,000,000:    7s.  Last read position: LG13:8,825,908
INFO	2021-10-25 22:39:54	AddOrReplaceReadGroups	Processed    94,000,000 records.  Elapsed time: 00:11:59s.  Time for last 1,000,000:    7s.  Last read position: LG13:12,701,347
INFO	2021-10-25 22:40:02	AddOrReplaceReadGroups	Processed    95,000,000 records.  Elapsed time: 00:12:06s.  Time for last 1,000,000:    7s.  Last read position: LG14:1,774,021
INFO	2021-10-25 22:40:09	AddOrReplaceReadGroups	Processed    96,000,000 records.  Elapsed time: 00:12:14s.  Time for last 1,000,000:    7s.  Last read position: LG14:5,627,301
INFO	2021-10-25 22:40:17	AddOrReplaceReadGroups	Processed    97,000,000 records.  Elapsed time: 00:12:21s.  Time for last 1,000,000:    7s.  Last read position: LG14:9,621,870
INFO	2021-10-25 22:40:24	AddOrReplaceReadGroups	Processed    98,000,000 records.  Elapsed time: 00:12:29s.  Time for last 1,000,000:    7s.  Last read position: LG14:13,579,764
INFO	2021-10-25 22:40:32	AddOrReplaceReadGroups	Processed    99,000,000 records.  Elapsed time: 00:12:36s.  Time for last 1,000,000:    7s.  Last read position: LG15:3,546,924
INFO	2021-10-25 22:40:39	AddOrReplaceReadGroups	Processed   100,000,000 records.  Elapsed time: 00:12:44s.  Time for last 1,000,000:    7s.  Last read position: LG15:7,471,709
INFO	2021-10-25 22:40:47	AddOrReplaceReadGroups	Processed   101,000,000 records.  Elapsed time: 00:12:51s.  Time for last 1,000,000:    7s.  Last read position: LG15:11,495,933
INFO	2021-10-25 22:40:54	AddOrReplaceReadGroups	Processed   102,000,000 records.  Elapsed time: 00:12:59s.  Time for last 1,000,000:    7s.  Last read position: LG15:15,281,719
INFO	2021-10-25 22:41:01	AddOrReplaceReadGroups	Processed   103,000,000 records.  Elapsed time: 00:13:06s.  Time for last 1,000,000:    7s.  Last read position: LG16:996,717
INFO	2021-10-25 22:41:09	AddOrReplaceReadGroups	Processed   104,000,000 records.  Elapsed time: 00:13:13s.  Time for last 1,000,000:    7s.  Last read position: LG16:5,053,306
INFO	2021-10-25 22:41:16	AddOrReplaceReadGroups	Processed   105,000,000 records.  Elapsed time: 00:13:21s.  Time for last 1,000,000:    7s.  Last read position: LG16:9,475,113
INFO	2021-10-25 22:41:23	AddOrReplaceReadGroups	Processed   106,000,000 records.  Elapsed time: 00:13:28s.  Time for last 1,000,000:    7s.  Last read position: LG16:13,113,667
INFO	2021-10-25 22:41:31	AddOrReplaceReadGroups	Processed   107,000,000 records.  Elapsed time: 00:13:35s.  Time for last 1,000,000:    7s.  Last read position: LG17:984,265
INFO	2021-10-25 22:41:38	AddOrReplaceReadGroups	Processed   108,000,000 records.  Elapsed time: 00:13:43s.  Time for last 1,000,000:    7s.  Last read position: LG17:3,673,101
INFO	2021-10-25 22:41:46	AddOrReplaceReadGroups	Processed   109,000,000 records.  Elapsed time: 00:13:50s.  Time for last 1,000,000:    7s.  Last read position: LG17:7,253,018
INFO	2021-10-25 22:41:53	AddOrReplaceReadGroups	Processed   110,000,000 records.  Elapsed time: 00:13:57s.  Time for last 1,000,000:    7s.  Last read position: LG17:11,098,035
INFO	2021-10-25 22:42:00	AddOrReplaceReadGroups	Processed   111,000,000 records.  Elapsed time: 00:14:05s.  Time for last 1,000,000:    7s.  Last read position: LG18:2,988,855
INFO	2021-10-25 22:42:08	AddOrReplaceReadGroups	Processed   112,000,000 records.  Elapsed time: 00:14:12s.  Time for last 1,000,000:    7s.  Last read position: LG18:7,457,492
INFO	2021-10-25 22:42:15	AddOrReplaceReadGroups	Processed   113,000,000 records.  Elapsed time: 00:14:20s.  Time for last 1,000,000:    7s.  Last read position: LG18:11,235,319
INFO	2021-10-25 22:42:22	AddOrReplaceReadGroups	Processed   114,000,000 records.  Elapsed time: 00:14:27s.  Time for last 1,000,000:    7s.  Last read position: LG19:2,488,344
INFO	2021-10-25 22:42:30	AddOrReplaceReadGroups	Processed   115,000,000 records.  Elapsed time: 00:14:34s.  Time for last 1,000,000:    7s.  Last read position: LG19:5,704,540
INFO	2021-10-25 22:42:37	AddOrReplaceReadGroups	Processed   116,000,000 records.  Elapsed time: 00:14:42s.  Time for last 1,000,000:    7s.  Last read position: LG19:9,724,623
INFO	2021-10-25 22:42:44	AddOrReplaceReadGroups	Processed   117,000,000 records.  Elapsed time: 00:14:49s.  Time for last 1,000,000:    7s.  Last read position: LG19:13,720,337
INFO	2021-10-25 22:42:52	AddOrReplaceReadGroups	Processed   118,000,000 records.  Elapsed time: 00:14:56s.  Time for last 1,000,000:    7s.  Last read position: LG20:2,448,929
INFO	2021-10-25 22:42:59	AddOrReplaceReadGroups	Processed   119,000,000 records.  Elapsed time: 00:15:04s.  Time for last 1,000,000:    7s.  Last read position: LG20:6,483,713
INFO	2021-10-25 22:43:07	AddOrReplaceReadGroups	Processed   120,000,000 records.  Elapsed time: 00:15:11s.  Time for last 1,000,000:    7s.  Last read position: LG20:10,435,164
INFO	2021-10-25 22:43:14	AddOrReplaceReadGroups	Processed   121,000,000 records.  Elapsed time: 00:15:18s.  Time for last 1,000,000:    7s.  Last read position: LG21:1,503,142
INFO	2021-10-25 22:43:21	AddOrReplaceReadGroups	Processed   122,000,000 records.  Elapsed time: 00:15:26s.  Time for last 1,000,000:    7s.  Last read position: LG21:5,179,042
INFO	2021-10-25 22:43:29	AddOrReplaceReadGroups	Processed   123,000,000 records.  Elapsed time: 00:15:33s.  Time for last 1,000,000:    7s.  Last read position: LG21:8,878,594
INFO	2021-10-25 22:43:36	AddOrReplaceReadGroups	Processed   124,000,000 records.  Elapsed time: 00:15:41s.  Time for last 1,000,000:    7s.  Last read position: LG21:13,095,721
INFO	2021-10-25 22:43:44	AddOrReplaceReadGroups	Processed   125,000,000 records.  Elapsed time: 00:15:48s.  Time for last 1,000,000:    7s.  Last read position: LG22:2,247,161
INFO	2021-10-25 22:43:51	AddOrReplaceReadGroups	Processed   126,000,000 records.  Elapsed time: 00:15:55s.  Time for last 1,000,000:    7s.  Last read position: LG22:5,971,398
INFO	2021-10-25 22:43:58	AddOrReplaceReadGroups	Processed   127,000,000 records.  Elapsed time: 00:16:03s.  Time for last 1,000,000:    7s.  Last read position: LG22:9,971,692
INFO	2021-10-25 22:44:06	AddOrReplaceReadGroups	Processed   128,000,000 records.  Elapsed time: 00:16:10s.  Time for last 1,000,000:    7s.  Last read position: LG23:1,947,640
INFO	2021-10-25 22:44:13	AddOrReplaceReadGroups	Processed   129,000,000 records.  Elapsed time: 00:16:17s.  Time for last 1,000,000:    7s.  Last read position: LG23:5,642,481
INFO	2021-10-25 22:44:20	AddOrReplaceReadGroups	Processed   130,000,000 records.  Elapsed time: 00:16:25s.  Time for last 1,000,000:    7s.  Last read position: LG23:9,123,920
INFO	2021-10-25 22:44:28	AddOrReplaceReadGroups	Processed   131,000,000 records.  Elapsed time: 00:16:32s.  Time for last 1,000,000:    7s.  Last read position: LG23:12,821,293
INFO	2021-10-25 22:44:35	AddOrReplaceReadGroups	Processed   132,000,000 records.  Elapsed time: 00:16:39s.  Time for last 1,000,000:    7s.  Last read position: LG24:186,438
INFO	2021-10-25 22:44:42	AddOrReplaceReadGroups	Processed   133,000,000 records.  Elapsed time: 00:16:47s.  Time for last 1,000,000:    7s.  Last read position: LG24:4,124,173
INFO	2021-10-25 22:44:50	AddOrReplaceReadGroups	Processed   134,000,000 records.  Elapsed time: 00:16:54s.  Time for last 1,000,000:    7s.  Last read position: LG24:8,064,274
INFO	2021-10-25 22:44:57	AddOrReplaceReadGroups	Processed   135,000,000 records.  Elapsed time: 00:17:02s.  Time for last 1,000,000:    7s.  Last read position: LG24:12,898,288
INFO	2021-10-25 22:45:04	AddOrReplaceReadGroups	Processed   136,000,000 records.  Elapsed time: 00:17:09s.  Time for last 1,000,000:    7s.  Last read position: LG25:2,938,985
INFO	2021-10-25 22:45:12	AddOrReplaceReadGroups	Processed   137,000,000 records.  Elapsed time: 00:17:16s.  Time for last 1,000,000:    7s.  Last read position: LG25:7,198,062
INFO	2021-10-25 22:45:19	AddOrReplaceReadGroups	Processed   138,000,000 records.  Elapsed time: 00:17:24s.  Time for last 1,000,000:    7s.  Last read position: LG25:11,226,495
INFO	2021-10-25 22:45:27	AddOrReplaceReadGroups	Processed   139,000,000 records.  Elapsed time: 00:17:31s.  Time for last 1,000,000:    7s.  Last read position: LG26:1,107,332
INFO	2021-10-25 22:45:34	AddOrReplaceReadGroups	Processed   140,000,000 records.  Elapsed time: 00:17:38s.  Time for last 1,000,000:    7s.  Last read position: LG26:4,789,649
INFO	2021-10-25 22:45:41	AddOrReplaceReadGroups	Processed   141,000,000 records.  Elapsed time: 00:17:46s.  Time for last 1,000,000:    7s.  Last read position: LG26:8,889,478
INFO	2021-10-25 22:45:49	AddOrReplaceReadGroups	Processed   142,000,000 records.  Elapsed time: 00:17:53s.  Time for last 1,000,000:    7s.  Last read position: LG26:13,054,541
INFO	2021-10-25 22:45:56	AddOrReplaceReadGroups	Processed   143,000,000 records.  Elapsed time: 00:18:00s.  Time for last 1,000,000:    7s.  Last read position: LG27:3,818,842
INFO	2021-10-25 22:46:03	AddOrReplaceReadGroups	Processed   144,000,000 records.  Elapsed time: 00:18:08s.  Time for last 1,000,000:    7s.  Last read position: LG27:7,703,102
INFO	2021-10-25 22:46:11	AddOrReplaceReadGroups	Processed   145,000,000 records.  Elapsed time: 00:18:15s.  Time for last 1,000,000:    7s.  Last read position: LG27:11,972,279
INFO	2021-10-25 22:46:18	AddOrReplaceReadGroups	Processed   146,000,000 records.  Elapsed time: 00:18:23s.  Time for last 1,000,000:    7s.  Last read position: LG28:3,793,889
INFO	2021-10-25 22:46:25	AddOrReplaceReadGroups	Processed   147,000,000 records.  Elapsed time: 00:18:30s.  Time for last 1,000,000:    7s.  Last read position: LG28:7,969,785
INFO	2021-10-25 22:46:33	AddOrReplaceReadGroups	Processed   148,000,000 records.  Elapsed time: 00:18:37s.  Time for last 1,000,000:    7s.  Last read position: LG28:11,708,639
INFO	2021-10-25 22:46:40	AddOrReplaceReadGroups	Processed   149,000,000 records.  Elapsed time: 00:18:45s.  Time for last 1,000,000:    7s.  Last read position: LG29:3,527,514
INFO	2021-10-25 22:46:47	AddOrReplaceReadGroups	Processed   150,000,000 records.  Elapsed time: 00:18:52s.  Time for last 1,000,000:    7s.  Last read position: LG30:2,373,342
INFO	2021-10-25 22:46:55	AddOrReplaceReadGroups	Processed   151,000,000 records.  Elapsed time: 00:18:59s.  Time for last 1,000,000:    7s.  Last read position: LG30:6,392,242
INFO	2021-10-25 22:47:02	AddOrReplaceReadGroups	Processed   152,000,000 records.  Elapsed time: 00:19:07s.  Time for last 1,000,000:    7s.  Last read position: UNPIN3877:9,682
INFO	2021-10-25 22:47:09	AddOrReplaceReadGroups	Processed   153,000,000 records.  Elapsed time: 00:19:14s.  Time for last 1,000,000:    7s.  Last read position: UNPIN3877:40,894
INFO	2021-10-25 22:47:16	AddOrReplaceReadGroups	Processed   154,000,000 records.  Elapsed time: 00:19:21s.  Time for last 1,000,000:    7s.  Last read position: UNPIN3877:73,404
INFO	2021-10-25 22:47:23	AddOrReplaceReadGroups	Processed   155,000,000 records.  Elapsed time: 00:19:28s.  Time for last 1,000,000:    7s.  Last read position: UNPIN3877:105,446
INFO	2021-10-25 22:47:30	AddOrReplaceReadGroups	Processed   156,000,000 records.  Elapsed time: 00:19:35s.  Time for last 1,000,000:    7s.  Last read position: UNPIN3878:9,428
INFO	2021-10-25 22:47:37	AddOrReplaceReadGroups	Processed   157,000,000 records.  Elapsed time: 00:19:41s.  Time for last 1,000,000:    6s.  Last read position: */*
INFO	2021-10-25 22:47:42	AddOrReplaceReadGroups	Processed   158,000,000 records.  Elapsed time: 00:19:47s.  Time for last 1,000,000:    5s.  Last read position: */*
INFO	2021-10-25 22:47:47	AddOrReplaceReadGroups	Processed   159,000,000 records.  Elapsed time: 00:19:52s.  Time for last 1,000,000:    5s.  Last read position: */*
INFO	2021-10-25 22:47:52	AddOrReplaceReadGroups	Processed   160,000,000 records.  Elapsed time: 00:19:57s.  Time for last 1,000,000:    5s.  Last read position: */*
INFO	2021-10-25 22:47:57	AddOrReplaceReadGroups	Processed   161,000,000 records.  Elapsed time: 00:20:02s.  Time for last 1,000,000:    5s.  Last read position: */*
INFO	2021-10-25 22:48:02	AddOrReplaceReadGroups	Processed   162,000,000 records.  Elapsed time: 00:20:07s.  Time for last 1,000,000:    5s.  Last read position: */*
INFO	2021-10-25 22:48:07	AddOrReplaceReadGroups	Processed   163,000,000 records.  Elapsed time: 00:20:12s.  Time for last 1,000,000:    5s.  Last read position: */*
[Mon Oct 25 22:48:08 PDT 2021] picard.sam.AddOrReplaceReadGroups done. Elapsed time: 20.22 minutes.
Runtime.totalMemory()=46075904
Tool returned:
0
