==========================================
SLURM_JOB_ID = 2289301
SLURM_JOB_NODELIST = b08-09
TMPDIR = /tmp/SLURM_2289301
==========================================
Running Sample ID SRR12223713_SRP271933_Undaria_pinnatifida_individual_33_2017-12-19_NAT_Kr_Tongyeong_2_South_Korea with options  --RGID CC860ANXX.1 --RGLB SRR12223713 --RGPL ILLUMINA --RGPU CC860ANXX.1.SRR12223713 --RGSM NAT_Kr_Tongyeong_2_South_Korea 
Using GATK jar /home1/mharden/.conda/envs/gatk4/share/gatk4-4.2.2.0-1/gatk-package-4.2.2.0-local.jar
Running:
    java -Dsamjdk.use_async_io_read_samtools=false -Dsamjdk.use_async_io_write_samtools=true -Dsamjdk.use_async_io_write_tribble=false -Dsamjdk.compression_level=2 -jar /home1/mharden/.conda/envs/gatk4/share/gatk4-4.2.2.0-1/gatk-package-4.2.2.0-local.jar AddOrReplaceReadGroups -I SRR12223713_SRP271933_Undaria_pinnatifida_individual_33_2017-12-19_NAT_Kr_Tongyeong_2_South_Korea.sorted.bam -O SRR12223713_SRP271933_Undaria_pinnatifida_individual_33_2017-12-19_NAT_Kr_Tongyeong_2_South_Korea.RG.sorted.bam --RGID CC860ANXX.1 --RGLB SRR12223713 --RGPL ILLUMINA --RGPU CC860ANXX.1.SRR12223713 --RGSM NAT_Kr_Tongyeong_2_South_Korea
21:56:34.826 INFO  NativeLibraryLoader - Loading libgkl_compression.so from jar:file:/home1/mharden/.conda/envs/gatk4/share/gatk4-4.2.2.0-1/gatk-package-4.2.2.0-local.jar!/com/intel/gkl/native/libgkl_compression.so
[Mon Oct 25 21:56:34 PDT 2021] AddOrReplaceReadGroups --INPUT SRR12223713_SRP271933_Undaria_pinnatifida_individual_33_2017-12-19_NAT_Kr_Tongyeong_2_South_Korea.sorted.bam --OUTPUT SRR12223713_SRP271933_Undaria_pinnatifida_individual_33_2017-12-19_NAT_Kr_Tongyeong_2_South_Korea.RG.sorted.bam --RGID CC860ANXX.1 --RGLB SRR12223713 --RGPL ILLUMINA --RGPU CC860ANXX.1.SRR12223713 --RGSM NAT_Kr_Tongyeong_2_South_Korea --VERBOSITY INFO --QUIET false --VALIDATION_STRINGENCY STRICT --COMPRESSION_LEVEL 2 --MAX_RECORDS_IN_RAM 500000 --CREATE_INDEX false --CREATE_MD5_FILE false --GA4GH_CLIENT_SECRETS client_secrets.json --help false --version false --showHidden false --USE_JDK_DEFLATER false --USE_JDK_INFLATER false
Oct 25, 2021 9:56:35 PM shaded.cloud_nio.com.google.auth.oauth2.ComputeEngineCredentials runningOnComputeEngine
INFO: Failed to detect whether we are running on Google Compute Engine.
[Mon Oct 25 21:56:35 PDT 2021] Executing as mharden@b08-09.hpc.usc.edu on Linux 3.10.0-1062.4.1.el7.x86_64 amd64; OpenJDK 64-Bit Server VM 1.8.0_302-b08; Deflater: Intel; Inflater: Intel; Provider GCS is available; Picard version: Version:4.2.2.0
INFO	2021-10-25 21:56:35	AddOrReplaceReadGroups	Created read-group ID=CC860ANXX.1 PL=ILLUMINA LB=SRR12223713 SM=NAT_Kr_Tongyeong_2_South_Korea

INFO	2021-10-25 21:56:45	AddOrReplaceReadGroups	Processed     1,000,000 records.  Elapsed time: 00:00:10s.  Time for last 1,000,000:   10s.  Last read position: LG00:5,151,324
INFO	2021-10-25 21:56:55	AddOrReplaceReadGroups	Processed     2,000,000 records.  Elapsed time: 00:00:20s.  Time for last 1,000,000:    9s.  Last read position: LG00:6,769,383
INFO	2021-10-25 21:57:04	AddOrReplaceReadGroups	Processed     3,000,000 records.  Elapsed time: 00:00:29s.  Time for last 1,000,000:    9s.  Last read position: LG00:11,611,571
INFO	2021-10-25 21:57:13	AddOrReplaceReadGroups	Processed     4,000,000 records.  Elapsed time: 00:00:38s.  Time for last 1,000,000:    8s.  Last read position: LG00:16,520,025
INFO	2021-10-25 21:57:21	AddOrReplaceReadGroups	Processed     5,000,000 records.  Elapsed time: 00:00:46s.  Time for last 1,000,000:    8s.  Last read position: LG00:21,593,052
INFO	2021-10-25 21:57:29	AddOrReplaceReadGroups	Processed     6,000,000 records.  Elapsed time: 00:00:54s.  Time for last 1,000,000:    8s.  Last read position: LG00:26,641,513
INFO	2021-10-25 21:57:37	AddOrReplaceReadGroups	Processed     7,000,000 records.  Elapsed time: 00:01:02s.  Time for last 1,000,000:    8s.  Last read position: LG00:31,694,177
INFO	2021-10-25 21:57:45	AddOrReplaceReadGroups	Processed     8,000,000 records.  Elapsed time: 00:01:10s.  Time for last 1,000,000:    8s.  Last read position: LG00:36,567,238
INFO	2021-10-25 21:57:53	AddOrReplaceReadGroups	Processed     9,000,000 records.  Elapsed time: 00:01:18s.  Time for last 1,000,000:    7s.  Last read position: LG00:41,677,980
INFO	2021-10-25 21:58:01	AddOrReplaceReadGroups	Processed    10,000,000 records.  Elapsed time: 00:01:26s.  Time for last 1,000,000:    7s.  Last read position: LG00:46,644,969
INFO	2021-10-25 21:58:09	AddOrReplaceReadGroups	Processed    11,000,000 records.  Elapsed time: 00:01:34s.  Time for last 1,000,000:    7s.  Last read position: LG00:51,773,806
INFO	2021-10-25 21:58:17	AddOrReplaceReadGroups	Processed    12,000,000 records.  Elapsed time: 00:01:42s.  Time for last 1,000,000:    7s.  Last read position: LG00:57,400,928
INFO	2021-10-25 21:58:25	AddOrReplaceReadGroups	Processed    13,000,000 records.  Elapsed time: 00:01:49s.  Time for last 1,000,000:    7s.  Last read position: LG00:62,498,090
INFO	2021-10-25 21:58:32	AddOrReplaceReadGroups	Processed    14,000,000 records.  Elapsed time: 00:01:57s.  Time for last 1,000,000:    7s.  Last read position: LG00:68,852,436
INFO	2021-10-25 21:58:40	AddOrReplaceReadGroups	Processed    15,000,000 records.  Elapsed time: 00:02:05s.  Time for last 1,000,000:    7s.  Last read position: LG00:74,655,993
INFO	2021-10-25 21:58:47	AddOrReplaceReadGroups	Processed    16,000,000 records.  Elapsed time: 00:02:12s.  Time for last 1,000,000:    7s.  Last read position: LG00:80,739,904
INFO	2021-10-25 21:58:55	AddOrReplaceReadGroups	Processed    17,000,000 records.  Elapsed time: 00:02:20s.  Time for last 1,000,000:    7s.  Last read position: LG00:85,911,924
INFO	2021-10-25 21:59:03	AddOrReplaceReadGroups	Processed    18,000,000 records.  Elapsed time: 00:02:27s.  Time for last 1,000,000:    7s.  Last read position: LG00:91,082,333
INFO	2021-10-25 21:59:10	AddOrReplaceReadGroups	Processed    19,000,000 records.  Elapsed time: 00:02:35s.  Time for last 1,000,000:    7s.  Last read position: LG00:96,489,990
INFO	2021-10-25 21:59:18	AddOrReplaceReadGroups	Processed    20,000,000 records.  Elapsed time: 00:02:43s.  Time for last 1,000,000:    7s.  Last read position: LG00:102,776,355
INFO	2021-10-25 21:59:25	AddOrReplaceReadGroups	Processed    21,000,000 records.  Elapsed time: 00:02:50s.  Time for last 1,000,000:    7s.  Last read position: LG00:108,857,616
INFO	2021-10-25 21:59:33	AddOrReplaceReadGroups	Processed    22,000,000 records.  Elapsed time: 00:02:58s.  Time for last 1,000,000:    7s.  Last read position: LG00:115,120,186
INFO	2021-10-25 21:59:41	AddOrReplaceReadGroups	Processed    23,000,000 records.  Elapsed time: 00:03:05s.  Time for last 1,000,000:    7s.  Last read position: LG00:121,086,272
INFO	2021-10-25 21:59:48	AddOrReplaceReadGroups	Processed    24,000,000 records.  Elapsed time: 00:03:13s.  Time for last 1,000,000:    7s.  Last read position: LG00:127,170,152
INFO	2021-10-25 21:59:55	AddOrReplaceReadGroups	Processed    25,000,000 records.  Elapsed time: 00:03:20s.  Time for last 1,000,000:    7s.  Last read position: LG00:133,279,841
INFO	2021-10-25 22:00:03	AddOrReplaceReadGroups	Processed    26,000,000 records.  Elapsed time: 00:03:28s.  Time for last 1,000,000:    7s.  Last read position: LG00:139,134,734
INFO	2021-10-25 22:00:10	AddOrReplaceReadGroups	Processed    27,000,000 records.  Elapsed time: 00:03:35s.  Time for last 1,000,000:    7s.  Last read position: LG00:145,663,038
INFO	2021-10-25 22:00:18	AddOrReplaceReadGroups	Processed    28,000,000 records.  Elapsed time: 00:03:42s.  Time for last 1,000,000:    7s.  Last read position: LG00:151,841,682
INFO	2021-10-25 22:00:25	AddOrReplaceReadGroups	Processed    29,000,000 records.  Elapsed time: 00:03:50s.  Time for last 1,000,000:    7s.  Last read position: LG00:153,679,966
INFO	2021-10-25 22:00:33	AddOrReplaceReadGroups	Processed    30,000,000 records.  Elapsed time: 00:03:57s.  Time for last 1,000,000:    7s.  Last read position: LG00:159,964,837
INFO	2021-10-25 22:00:40	AddOrReplaceReadGroups	Processed    31,000,000 records.  Elapsed time: 00:04:05s.  Time for last 1,000,000:    7s.  Last read position: LG00:166,162,588
INFO	2021-10-25 22:00:48	AddOrReplaceReadGroups	Processed    32,000,000 records.  Elapsed time: 00:04:12s.  Time for last 1,000,000:    7s.  Last read position: LG00:168,282,251
INFO	2021-10-25 22:00:55	AddOrReplaceReadGroups	Processed    33,000,000 records.  Elapsed time: 00:04:20s.  Time for last 1,000,000:    7s.  Last read position: LG00:172,298,822
INFO	2021-10-25 22:01:02	AddOrReplaceReadGroups	Processed    34,000,000 records.  Elapsed time: 00:04:27s.  Time for last 1,000,000:    7s.  Last read position: LG01:2,020,146
INFO	2021-10-25 22:01:09	AddOrReplaceReadGroups	Processed    35,000,000 records.  Elapsed time: 00:04:34s.  Time for last 1,000,000:    7s.  Last read position: LG01:6,565,648
INFO	2021-10-25 22:01:17	AddOrReplaceReadGroups	Processed    36,000,000 records.  Elapsed time: 00:04:41s.  Time for last 1,000,000:    7s.  Last read position: LG01:10,751,980
INFO	2021-10-25 22:01:24	AddOrReplaceReadGroups	Processed    37,000,000 records.  Elapsed time: 00:04:49s.  Time for last 1,000,000:    7s.  Last read position: LG01:15,130,307
INFO	2021-10-25 22:01:31	AddOrReplaceReadGroups	Processed    38,000,000 records.  Elapsed time: 00:04:56s.  Time for last 1,000,000:    7s.  Last read position: LG01:19,494,633
INFO	2021-10-25 22:01:39	AddOrReplaceReadGroups	Processed    39,000,000 records.  Elapsed time: 00:05:03s.  Time for last 1,000,000:    7s.  Last read position: LG01:23,996,612
INFO	2021-10-25 22:01:46	AddOrReplaceReadGroups	Processed    40,000,000 records.  Elapsed time: 00:05:11s.  Time for last 1,000,000:    7s.  Last read position: LG02:942,779
INFO	2021-10-25 22:01:53	AddOrReplaceReadGroups	Processed    41,000,000 records.  Elapsed time: 00:05:18s.  Time for last 1,000,000:    7s.  Last read position: LG02:4,761,677
INFO	2021-10-25 22:02:01	AddOrReplaceReadGroups	Processed    42,000,000 records.  Elapsed time: 00:05:25s.  Time for last 1,000,000:    7s.  Last read position: LG02:8,832,740
INFO	2021-10-25 22:02:08	AddOrReplaceReadGroups	Processed    43,000,000 records.  Elapsed time: 00:05:32s.  Time for last 1,000,000:    7s.  Last read position: LG02:12,933,715
INFO	2021-10-25 22:02:15	AddOrReplaceReadGroups	Processed    44,000,000 records.  Elapsed time: 00:05:40s.  Time for last 1,000,000:    7s.  Last read position: LG02:17,294,238
INFO	2021-10-25 22:02:22	AddOrReplaceReadGroups	Processed    45,000,000 records.  Elapsed time: 00:05:47s.  Time for last 1,000,000:    7s.  Last read position: LG03:2,447,582
INFO	2021-10-25 22:02:29	AddOrReplaceReadGroups	Processed    46,000,000 records.  Elapsed time: 00:05:54s.  Time for last 1,000,000:    7s.  Last read position: LG03:6,915,110
INFO	2021-10-25 22:02:36	AddOrReplaceReadGroups	Processed    47,000,000 records.  Elapsed time: 00:06:01s.  Time for last 1,000,000:    7s.  Last read position: LG03:11,614,566
INFO	2021-10-25 22:02:43	AddOrReplaceReadGroups	Processed    48,000,000 records.  Elapsed time: 00:06:08s.  Time for last 1,000,000:    7s.  Last read position: LG03:16,581,714
INFO	2021-10-25 22:02:51	AddOrReplaceReadGroups	Processed    49,000,000 records.  Elapsed time: 00:06:16s.  Time for last 1,000,000:    7s.  Last read position: LG04:3,811,464
INFO	2021-10-25 22:02:58	AddOrReplaceReadGroups	Processed    50,000,000 records.  Elapsed time: 00:06:23s.  Time for last 1,000,000:    7s.  Last read position: LG04:8,346,325
INFO	2021-10-25 22:03:05	AddOrReplaceReadGroups	Processed    51,000,000 records.  Elapsed time: 00:06:30s.  Time for last 1,000,000:    7s.  Last read position: LG04:12,672,462
INFO	2021-10-25 22:03:13	AddOrReplaceReadGroups	Processed    52,000,000 records.  Elapsed time: 00:06:37s.  Time for last 1,000,000:    7s.  Last read position: LG05:1,276,629
INFO	2021-10-25 22:03:20	AddOrReplaceReadGroups	Processed    53,000,000 records.  Elapsed time: 00:06:45s.  Time for last 1,000,000:    7s.  Last read position: LG05:5,682,390
INFO	2021-10-25 22:03:27	AddOrReplaceReadGroups	Processed    54,000,000 records.  Elapsed time: 00:06:52s.  Time for last 1,000,000:    7s.  Last read position: LG05:9,433,257
INFO	2021-10-25 22:03:34	AddOrReplaceReadGroups	Processed    55,000,000 records.  Elapsed time: 00:06:59s.  Time for last 1,000,000:    7s.  Last read position: LG05:13,627,055
INFO	2021-10-25 22:03:42	AddOrReplaceReadGroups	Processed    56,000,000 records.  Elapsed time: 00:07:06s.  Time for last 1,000,000:    7s.  Last read position: LG05:18,076,188
INFO	2021-10-25 22:03:49	AddOrReplaceReadGroups	Processed    57,000,000 records.  Elapsed time: 00:07:13s.  Time for last 1,000,000:    7s.  Last read position: LG06:276,305
INFO	2021-10-25 22:03:56	AddOrReplaceReadGroups	Processed    58,000,000 records.  Elapsed time: 00:07:20s.  Time for last 1,000,000:    7s.  Last read position: LG06:4,231,857
INFO	2021-10-25 22:04:03	AddOrReplaceReadGroups	Processed    59,000,000 records.  Elapsed time: 00:07:28s.  Time for last 1,000,000:    7s.  Last read position: LG06:8,483,887
INFO	2021-10-25 22:04:10	AddOrReplaceReadGroups	Processed    60,000,000 records.  Elapsed time: 00:07:35s.  Time for last 1,000,000:    7s.  Last read position: LG07:488,441
INFO	2021-10-25 22:04:17	AddOrReplaceReadGroups	Processed    61,000,000 records.  Elapsed time: 00:07:42s.  Time for last 1,000,000:    7s.  Last read position: LG07:4,256,944
INFO	2021-10-25 22:04:24	AddOrReplaceReadGroups	Processed    62,000,000 records.  Elapsed time: 00:07:49s.  Time for last 1,000,000:    7s.  Last read position: LG07:8,640,524
INFO	2021-10-25 22:04:31	AddOrReplaceReadGroups	Processed    63,000,000 records.  Elapsed time: 00:07:56s.  Time for last 1,000,000:    7s.  Last read position: LG08:865,223
INFO	2021-10-25 22:04:38	AddOrReplaceReadGroups	Processed    64,000,000 records.  Elapsed time: 00:08:03s.  Time for last 1,000,000:    7s.  Last read position: LG08:4,985,918
INFO	2021-10-25 22:04:46	AddOrReplaceReadGroups	Processed    65,000,000 records.  Elapsed time: 00:08:10s.  Time for last 1,000,000:    7s.  Last read position: LG08:9,811,282
INFO	2021-10-25 22:04:53	AddOrReplaceReadGroups	Processed    66,000,000 records.  Elapsed time: 00:08:18s.  Time for last 1,000,000:    7s.  Last read position: LG08:14,398,876
INFO	2021-10-25 22:05:00	AddOrReplaceReadGroups	Processed    67,000,000 records.  Elapsed time: 00:08:25s.  Time for last 1,000,000:    7s.  Last read position: LG09:2,655,927
INFO	2021-10-25 22:05:08	AddOrReplaceReadGroups	Processed    68,000,000 records.  Elapsed time: 00:08:32s.  Time for last 1,000,000:    7s.  Last read position: LG09:3,084,779
INFO	2021-10-25 22:05:15	AddOrReplaceReadGroups	Processed    69,000,000 records.  Elapsed time: 00:08:40s.  Time for last 1,000,000:    7s.  Last read position: LG09:7,519,905
INFO	2021-10-25 22:05:22	AddOrReplaceReadGroups	Processed    70,000,000 records.  Elapsed time: 00:08:47s.  Time for last 1,000,000:    7s.  Last read position: LG09:11,294,234
INFO	2021-10-25 22:05:29	AddOrReplaceReadGroups	Processed    71,000,000 records.  Elapsed time: 00:08:54s.  Time for last 1,000,000:    7s.  Last read position: LG10:2,802,871
INFO	2021-10-25 22:05:36	AddOrReplaceReadGroups	Processed    72,000,000 records.  Elapsed time: 00:09:01s.  Time for last 1,000,000:    7s.  Last read position: LG10:6,898,927
INFO	2021-10-25 22:05:44	AddOrReplaceReadGroups	Processed    73,000,000 records.  Elapsed time: 00:09:08s.  Time for last 1,000,000:    7s.  Last read position: LG10:11,038,650
INFO	2021-10-25 22:05:51	AddOrReplaceReadGroups	Processed    74,000,000 records.  Elapsed time: 00:09:15s.  Time for last 1,000,000:    7s.  Last read position: LG10:15,127,528
INFO	2021-10-25 22:05:58	AddOrReplaceReadGroups	Processed    75,000,000 records.  Elapsed time: 00:09:23s.  Time for last 1,000,000:    7s.  Last read position: LG10:18,978,023
INFO	2021-10-25 22:06:05	AddOrReplaceReadGroups	Processed    76,000,000 records.  Elapsed time: 00:09:30s.  Time for last 1,000,000:    7s.  Last read position: LG10:23,412,518
INFO	2021-10-25 22:06:12	AddOrReplaceReadGroups	Processed    77,000,000 records.  Elapsed time: 00:09:37s.  Time for last 1,000,000:    7s.  Last read position: LG10:27,700,579
INFO	2021-10-25 22:06:19	AddOrReplaceReadGroups	Processed    78,000,000 records.  Elapsed time: 00:09:44s.  Time for last 1,000,000:    7s.  Last read position: LG11:2,869,632
INFO	2021-10-25 22:06:26	AddOrReplaceReadGroups	Processed    79,000,000 records.  Elapsed time: 00:09:51s.  Time for last 1,000,000:    7s.  Last read position: LG11:8,083,358
INFO	2021-10-25 22:06:34	AddOrReplaceReadGroups	Processed    80,000,000 records.  Elapsed time: 00:09:58s.  Time for last 1,000,000:    7s.  Last read position: LG11:12,127,987
INFO	2021-10-25 22:06:41	AddOrReplaceReadGroups	Processed    81,000,000 records.  Elapsed time: 00:10:06s.  Time for last 1,000,000:    7s.  Last read position: LG11:16,175,635
INFO	2021-10-25 22:06:48	AddOrReplaceReadGroups	Processed    82,000,000 records.  Elapsed time: 00:10:13s.  Time for last 1,000,000:    7s.  Last read position: LG11:21,003,003
INFO	2021-10-25 22:06:55	AddOrReplaceReadGroups	Processed    83,000,000 records.  Elapsed time: 00:10:20s.  Time for last 1,000,000:    7s.  Last read position: LG11:25,515,388
INFO	2021-10-25 22:07:03	AddOrReplaceReadGroups	Processed    84,000,000 records.  Elapsed time: 00:10:27s.  Time for last 1,000,000:    7s.  Last read position: LG12:2,994,734
INFO	2021-10-25 22:07:10	AddOrReplaceReadGroups	Processed    85,000,000 records.  Elapsed time: 00:10:34s.  Time for last 1,000,000:    7s.  Last read position: LG12:7,394,299
INFO	2021-10-25 22:07:17	AddOrReplaceReadGroups	Processed    86,000,000 records.  Elapsed time: 00:10:41s.  Time for last 1,000,000:    7s.  Last read position: LG12:11,711,859
INFO	2021-10-25 22:07:24	AddOrReplaceReadGroups	Processed    87,000,000 records.  Elapsed time: 00:10:48s.  Time for last 1,000,000:    7s.  Last read position: LG13:1,534,851
INFO	2021-10-25 22:07:31	AddOrReplaceReadGroups	Processed    88,000,000 records.  Elapsed time: 00:10:56s.  Time for last 1,000,000:    7s.  Last read position: LG13:5,369,615
INFO	2021-10-25 22:07:38	AddOrReplaceReadGroups	Processed    89,000,000 records.  Elapsed time: 00:11:03s.  Time for last 1,000,000:    7s.  Last read position: LG13:9,290,418
INFO	2021-10-25 22:07:45	AddOrReplaceReadGroups	Processed    90,000,000 records.  Elapsed time: 00:11:10s.  Time for last 1,000,000:    7s.  Last read position: LG13:13,063,515
INFO	2021-10-25 22:07:52	AddOrReplaceReadGroups	Processed    91,000,000 records.  Elapsed time: 00:11:17s.  Time for last 1,000,000:    7s.  Last read position: LG14:2,386,825
INFO	2021-10-25 22:07:59	AddOrReplaceReadGroups	Processed    92,000,000 records.  Elapsed time: 00:11:24s.  Time for last 1,000,000:    7s.  Last read position: LG14:6,349,462
INFO	2021-10-25 22:08:07	AddOrReplaceReadGroups	Processed    93,000,000 records.  Elapsed time: 00:11:31s.  Time for last 1,000,000:    7s.  Last read position: LG14:10,247,486
INFO	2021-10-25 22:08:14	AddOrReplaceReadGroups	Processed    94,000,000 records.  Elapsed time: 00:11:38s.  Time for last 1,000,000:    7s.  Last read position: LG15:811,434
INFO	2021-10-25 22:08:21	AddOrReplaceReadGroups	Processed    95,000,000 records.  Elapsed time: 00:11:45s.  Time for last 1,000,000:    7s.  Last read position: LG15:4,639,146
INFO	2021-10-25 22:08:28	AddOrReplaceReadGroups	Processed    96,000,000 records.  Elapsed time: 00:11:52s.  Time for last 1,000,000:    7s.  Last read position: LG15:9,127,450
INFO	2021-10-25 22:08:35	AddOrReplaceReadGroups	Processed    97,000,000 records.  Elapsed time: 00:12:00s.  Time for last 1,000,000:    7s.  Last read position: LG15:13,002,402
INFO	2021-10-25 22:08:42	AddOrReplaceReadGroups	Processed    98,000,000 records.  Elapsed time: 00:12:07s.  Time for last 1,000,000:    7s.  Last read position: LG15:16,918,246
INFO	2021-10-25 22:08:49	AddOrReplaceReadGroups	Processed    99,000,000 records.  Elapsed time: 00:12:14s.  Time for last 1,000,000:    7s.  Last read position: LG16:2,387,197
INFO	2021-10-25 22:08:56	AddOrReplaceReadGroups	Processed   100,000,000 records.  Elapsed time: 00:12:21s.  Time for last 1,000,000:    7s.  Last read position: LG16:6,814,235
INFO	2021-10-25 22:09:03	AddOrReplaceReadGroups	Processed   101,000,000 records.  Elapsed time: 00:12:28s.  Time for last 1,000,000:    7s.  Last read position: LG16:11,240,629
INFO	2021-10-25 22:09:10	AddOrReplaceReadGroups	Processed   102,000,000 records.  Elapsed time: 00:12:35s.  Time for last 1,000,000:    7s.  Last read position: LG16:15,056,550
INFO	2021-10-25 22:09:17	AddOrReplaceReadGroups	Processed   103,000,000 records.  Elapsed time: 00:12:42s.  Time for last 1,000,000:    7s.  Last read position: LG17:3,458,861
INFO	2021-10-25 22:09:25	AddOrReplaceReadGroups	Processed   104,000,000 records.  Elapsed time: 00:12:49s.  Time for last 1,000,000:    7s.  Last read position: LG17:6,723,767
INFO	2021-10-25 22:09:32	AddOrReplaceReadGroups	Processed   105,000,000 records.  Elapsed time: 00:12:56s.  Time for last 1,000,000:    7s.  Last read position: LG17:10,662,196
INFO	2021-10-25 22:09:39	AddOrReplaceReadGroups	Processed   106,000,000 records.  Elapsed time: 00:13:03s.  Time for last 1,000,000:    7s.  Last read position: LG18:2,484,776
INFO	2021-10-25 22:09:46	AddOrReplaceReadGroups	Processed   107,000,000 records.  Elapsed time: 00:13:10s.  Time for last 1,000,000:    7s.  Last read position: LG18:7,098,856
INFO	2021-10-25 22:09:53	AddOrReplaceReadGroups	Processed   108,000,000 records.  Elapsed time: 00:13:18s.  Time for last 1,000,000:    7s.  Last read position: LG18:10,923,190
INFO	2021-10-25 22:10:00	AddOrReplaceReadGroups	Processed   109,000,000 records.  Elapsed time: 00:13:25s.  Time for last 1,000,000:    7s.  Last read position: LG19:2,403,095
INFO	2021-10-25 22:10:07	AddOrReplaceReadGroups	Processed   110,000,000 records.  Elapsed time: 00:13:32s.  Time for last 1,000,000:    7s.  Last read position: LG19:6,113,244
INFO	2021-10-25 22:10:15	AddOrReplaceReadGroups	Processed   111,000,000 records.  Elapsed time: 00:13:39s.  Time for last 1,000,000:    7s.  Last read position: LG19:10,214,923
INFO	2021-10-25 22:10:22	AddOrReplaceReadGroups	Processed   112,000,000 records.  Elapsed time: 00:13:46s.  Time for last 1,000,000:    7s.  Last read position: LG19:14,325,709
INFO	2021-10-25 22:10:29	AddOrReplaceReadGroups	Processed   113,000,000 records.  Elapsed time: 00:13:53s.  Time for last 1,000,000:    7s.  Last read position: LG20:3,664,579
INFO	2021-10-25 22:10:36	AddOrReplaceReadGroups	Processed   114,000,000 records.  Elapsed time: 00:14:01s.  Time for last 1,000,000:    7s.  Last read position: LG20:7,856,883
INFO	2021-10-25 22:10:43	AddOrReplaceReadGroups	Processed   115,000,000 records.  Elapsed time: 00:14:08s.  Time for last 1,000,000:    7s.  Last read position: LG20:11,879,218
INFO	2021-10-25 22:10:50	AddOrReplaceReadGroups	Processed   116,000,000 records.  Elapsed time: 00:14:15s.  Time for last 1,000,000:    7s.  Last read position: LG21:2,965,277
INFO	2021-10-25 22:10:57	AddOrReplaceReadGroups	Processed   117,000,000 records.  Elapsed time: 00:14:22s.  Time for last 1,000,000:    7s.  Last read position: LG21:6,942,766
INFO	2021-10-25 22:11:04	AddOrReplaceReadGroups	Processed   118,000,000 records.  Elapsed time: 00:14:29s.  Time for last 1,000,000:    7s.  Last read position: LG21:11,021,846
INFO	2021-10-25 22:11:11	AddOrReplaceReadGroups	Processed   119,000,000 records.  Elapsed time: 00:14:36s.  Time for last 1,000,000:    7s.  Last read position: LG22:780,789
INFO	2021-10-25 22:11:19	AddOrReplaceReadGroups	Processed   120,000,000 records.  Elapsed time: 00:14:43s.  Time for last 1,000,000:    7s.  Last read position: LG22:5,194,619
INFO	2021-10-25 22:11:26	AddOrReplaceReadGroups	Processed   121,000,000 records.  Elapsed time: 00:14:51s.  Time for last 1,000,000:    7s.  Last read position: LG22:8,772,614
INFO	2021-10-25 22:11:33	AddOrReplaceReadGroups	Processed   122,000,000 records.  Elapsed time: 00:14:58s.  Time for last 1,000,000:    7s.  Last read position: LG23:968,978
INFO	2021-10-25 22:11:40	AddOrReplaceReadGroups	Processed   123,000,000 records.  Elapsed time: 00:15:05s.  Time for last 1,000,000:    7s.  Last read position: LG23:4,864,014
INFO	2021-10-25 22:11:47	AddOrReplaceReadGroups	Processed   124,000,000 records.  Elapsed time: 00:15:12s.  Time for last 1,000,000:    7s.  Last read position: LG23:8,345,995
INFO	2021-10-25 22:11:54	AddOrReplaceReadGroups	Processed   125,000,000 records.  Elapsed time: 00:15:19s.  Time for last 1,000,000:    7s.  Last read position: LG23:12,325,138
INFO	2021-10-25 22:12:01	AddOrReplaceReadGroups	Processed   126,000,000 records.  Elapsed time: 00:15:26s.  Time for last 1,000,000:    7s.  Last read position: LG23:16,186,036
INFO	2021-10-25 22:12:09	AddOrReplaceReadGroups	Processed   127,000,000 records.  Elapsed time: 00:15:33s.  Time for last 1,000,000:    7s.  Last read position: LG24:3,949,708
INFO	2021-10-25 22:12:16	AddOrReplaceReadGroups	Processed   128,000,000 records.  Elapsed time: 00:15:40s.  Time for last 1,000,000:    7s.  Last read position: LG24:8,061,532
INFO	2021-10-25 22:12:23	AddOrReplaceReadGroups	Processed   129,000,000 records.  Elapsed time: 00:15:48s.  Time for last 1,000,000:    7s.  Last read position: LG24:12,967,167
INFO	2021-10-25 22:12:30	AddOrReplaceReadGroups	Processed   130,000,000 records.  Elapsed time: 00:15:55s.  Time for last 1,000,000:    7s.  Last read position: LG25:3,339,600
INFO	2021-10-25 22:12:37	AddOrReplaceReadGroups	Processed   131,000,000 records.  Elapsed time: 00:16:02s.  Time for last 1,000,000:    7s.  Last read position: LG25:7,821,963
INFO	2021-10-25 22:12:44	AddOrReplaceReadGroups	Processed   132,000,000 records.  Elapsed time: 00:16:09s.  Time for last 1,000,000:    7s.  Last read position: LG25:12,030,643
INFO	2021-10-25 22:12:51	AddOrReplaceReadGroups	Processed   133,000,000 records.  Elapsed time: 00:16:16s.  Time for last 1,000,000:    7s.  Last read position: LG26:2,491,120
INFO	2021-10-25 22:12:58	AddOrReplaceReadGroups	Processed   134,000,000 records.  Elapsed time: 00:16:23s.  Time for last 1,000,000:    7s.  Last read position: LG26:5,907,674
INFO	2021-10-25 22:13:06	AddOrReplaceReadGroups	Processed   135,000,000 records.  Elapsed time: 00:16:30s.  Time for last 1,000,000:    7s.  Last read position: LG26:10,400,623
INFO	2021-10-25 22:13:13	AddOrReplaceReadGroups	Processed   136,000,000 records.  Elapsed time: 00:16:37s.  Time for last 1,000,000:    7s.  Last read position: LG27:1,124,578
INFO	2021-10-25 22:13:20	AddOrReplaceReadGroups	Processed   137,000,000 records.  Elapsed time: 00:16:45s.  Time for last 1,000,000:    7s.  Last read position: LG27:5,695,060
INFO	2021-10-25 22:13:27	AddOrReplaceReadGroups	Processed   138,000,000 records.  Elapsed time: 00:16:52s.  Time for last 1,000,000:    7s.  Last read position: LG27:9,663,068
INFO	2021-10-25 22:13:34	AddOrReplaceReadGroups	Processed   139,000,000 records.  Elapsed time: 00:16:59s.  Time for last 1,000,000:    7s.  Last read position: LG28:1,969,552
INFO	2021-10-25 22:13:41	AddOrReplaceReadGroups	Processed   140,000,000 records.  Elapsed time: 00:17:06s.  Time for last 1,000,000:    7s.  Last read position: LG28:6,122,407
INFO	2021-10-25 22:13:48	AddOrReplaceReadGroups	Processed   141,000,000 records.  Elapsed time: 00:17:13s.  Time for last 1,000,000:    7s.  Last read position: LG28:10,386,313
INFO	2021-10-25 22:13:55	AddOrReplaceReadGroups	Processed   142,000,000 records.  Elapsed time: 00:17:20s.  Time for last 1,000,000:    7s.  Last read position: LG29:2,362,198
INFO	2021-10-25 22:14:02	AddOrReplaceReadGroups	Processed   143,000,000 records.  Elapsed time: 00:17:27s.  Time for last 1,000,000:    7s.  Last read position: LG30:1,126,135
INFO	2021-10-25 22:14:09	AddOrReplaceReadGroups	Processed   144,000,000 records.  Elapsed time: 00:17:34s.  Time for last 1,000,000:    7s.  Last read position: LG30:5,374,446
INFO	2021-10-25 22:14:16	AddOrReplaceReadGroups	Processed   145,000,000 records.  Elapsed time: 00:17:41s.  Time for last 1,000,000:    7s.  Last read position: UNPIN3877:585
INFO	2021-10-25 22:14:23	AddOrReplaceReadGroups	Processed   146,000,000 records.  Elapsed time: 00:17:48s.  Time for last 1,000,000:    6s.  Last read position: UNPIN3877:9,293
INFO	2021-10-25 22:14:30	AddOrReplaceReadGroups	Processed   147,000,000 records.  Elapsed time: 00:17:55s.  Time for last 1,000,000:    6s.  Last read position: UNPIN3877:16,800
INFO	2021-10-25 22:14:37	AddOrReplaceReadGroups	Processed   148,000,000 records.  Elapsed time: 00:18:01s.  Time for last 1,000,000:    6s.  Last read position: UNPIN3877:23,778
INFO	2021-10-25 22:14:43	AddOrReplaceReadGroups	Processed   149,000,000 records.  Elapsed time: 00:18:08s.  Time for last 1,000,000:    6s.  Last read position: UNPIN3877:31,022
INFO	2021-10-25 22:14:50	AddOrReplaceReadGroups	Processed   150,000,000 records.  Elapsed time: 00:18:15s.  Time for last 1,000,000:    6s.  Last read position: UNPIN3877:38,446
INFO	2021-10-25 22:14:57	AddOrReplaceReadGroups	Processed   151,000,000 records.  Elapsed time: 00:18:22s.  Time for last 1,000,000:    6s.  Last read position: UNPIN3877:45,641
INFO	2021-10-25 22:15:04	AddOrReplaceReadGroups	Processed   152,000,000 records.  Elapsed time: 00:18:29s.  Time for last 1,000,000:    6s.  Last read position: UNPIN3877:54,226
INFO	2021-10-25 22:15:11	AddOrReplaceReadGroups	Processed   153,000,000 records.  Elapsed time: 00:18:35s.  Time for last 1,000,000:    6s.  Last read position: UNPIN3877:61,405
INFO	2021-10-25 22:15:17	AddOrReplaceReadGroups	Processed   154,000,000 records.  Elapsed time: 00:18:42s.  Time for last 1,000,000:    6s.  Last read position: UNPIN3877:68,876
INFO	2021-10-25 22:15:24	AddOrReplaceReadGroups	Processed   155,000,000 records.  Elapsed time: 00:18:49s.  Time for last 1,000,000:    6s.  Last read position: UNPIN3877:76,239
INFO	2021-10-25 22:15:31	AddOrReplaceReadGroups	Processed   156,000,000 records.  Elapsed time: 00:18:56s.  Time for last 1,000,000:    6s.  Last read position: UNPIN3877:83,901
INFO	2021-10-25 22:15:38	AddOrReplaceReadGroups	Processed   157,000,000 records.  Elapsed time: 00:19:03s.  Time for last 1,000,000:    6s.  Last read position: UNPIN3877:91,499
INFO	2021-10-25 22:15:45	AddOrReplaceReadGroups	Processed   158,000,000 records.  Elapsed time: 00:19:10s.  Time for last 1,000,000:    6s.  Last read position: UNPIN3877:98,857
INFO	2021-10-25 22:15:52	AddOrReplaceReadGroups	Processed   159,000,000 records.  Elapsed time: 00:19:17s.  Time for last 1,000,000:    6s.  Last read position: UNPIN3877:106,154
INFO	2021-10-25 22:15:59	AddOrReplaceReadGroups	Processed   160,000,000 records.  Elapsed time: 00:19:23s.  Time for last 1,000,000:    6s.  Last read position: UNPIN3877:113,642
INFO	2021-10-25 22:16:05	AddOrReplaceReadGroups	Processed   161,000,000 records.  Elapsed time: 00:19:30s.  Time for last 1,000,000:    6s.  Last read position: UNPIN3877:121,123
INFO	2021-10-25 22:16:12	AddOrReplaceReadGroups	Processed   162,000,000 records.  Elapsed time: 00:19:37s.  Time for last 1,000,000:    6s.  Last read position: UNPIN3877:128,756
INFO	2021-10-25 22:16:19	AddOrReplaceReadGroups	Processed   163,000,000 records.  Elapsed time: 00:19:44s.  Time for last 1,000,000:    6s.  Last read position: UNPIN3878:22,983
INFO	2021-10-25 22:16:25	AddOrReplaceReadGroups	Processed   164,000,000 records.  Elapsed time: 00:19:50s.  Time for last 1,000,000:    5s.  Last read position: */*
INFO	2021-10-25 22:16:30	AddOrReplaceReadGroups	Processed   165,000,000 records.  Elapsed time: 00:19:54s.  Time for last 1,000,000:    4s.  Last read position: */*
INFO	2021-10-25 22:16:35	AddOrReplaceReadGroups	Processed   166,000,000 records.  Elapsed time: 00:19:59s.  Time for last 1,000,000:    4s.  Last read position: */*
INFO	2021-10-25 22:16:39	AddOrReplaceReadGroups	Processed   167,000,000 records.  Elapsed time: 00:20:04s.  Time for last 1,000,000:    4s.  Last read position: */*
INFO	2021-10-25 22:16:44	AddOrReplaceReadGroups	Processed   168,000,000 records.  Elapsed time: 00:20:09s.  Time for last 1,000,000:    4s.  Last read position: */*
INFO	2021-10-25 22:16:49	AddOrReplaceReadGroups	Processed   169,000,000 records.  Elapsed time: 00:20:14s.  Time for last 1,000,000:    4s.  Last read position: */*
[Mon Oct 25 22:16:50 PDT 2021] picard.sam.AddOrReplaceReadGroups done. Elapsed time: 20.26 minutes.
Runtime.totalMemory()=46456832
Tool returned:
0
