==========================================
SLURM_JOB_ID = 2290503
SLURM_JOB_NODELIST = b10-21
TMPDIR = /tmp/SLURM_2290503
==========================================
Running Sample ID SRR12223716_SRP271933_Undaria_pinnatifida_individual_4_2016-04-19_INTRO_Fr_Roscoff_4_France with options  --RGID C9F9CANXX.2 --RGLB SRR12223716 --RGPL ILLUMINA --RGPU C9F9CANXX.2.SRR12223716 --RGSM INTRO_Fr_Roscoff_4_France 
Using GATK jar /home1/mharden/.conda/envs/gatk4/share/gatk4-4.2.2.0-1/gatk-package-4.2.2.0-local.jar
Running:
    java -Dsamjdk.use_async_io_read_samtools=false -Dsamjdk.use_async_io_write_samtools=true -Dsamjdk.use_async_io_write_tribble=false -Dsamjdk.compression_level=2 -jar /home1/mharden/.conda/envs/gatk4/share/gatk4-4.2.2.0-1/gatk-package-4.2.2.0-local.jar AddOrReplaceReadGroups -I SRR12223716_SRP271933_Undaria_pinnatifida_individual_4_2016-04-19_INTRO_Fr_Roscoff_4_France.sorted.bam -O SRR12223716_SRP271933_Undaria_pinnatifida_individual_4_2016-04-19_INTRO_Fr_Roscoff_4_France.RG.sorted.bam --RGID C9F9CANXX.2 --RGLB SRR12223716 --RGPL ILLUMINA --RGPU C9F9CANXX.2.SRR12223716 --RGSM INTRO_Fr_Roscoff_4_France
22:11:19.108 INFO  NativeLibraryLoader - Loading libgkl_compression.so from jar:file:/home1/mharden/.conda/envs/gatk4/share/gatk4-4.2.2.0-1/gatk-package-4.2.2.0-local.jar!/com/intel/gkl/native/libgkl_compression.so
[Mon Oct 25 22:11:19 PDT 2021] AddOrReplaceReadGroups --INPUT SRR12223716_SRP271933_Undaria_pinnatifida_individual_4_2016-04-19_INTRO_Fr_Roscoff_4_France.sorted.bam --OUTPUT SRR12223716_SRP271933_Undaria_pinnatifida_individual_4_2016-04-19_INTRO_Fr_Roscoff_4_France.RG.sorted.bam --RGID C9F9CANXX.2 --RGLB SRR12223716 --RGPL ILLUMINA --RGPU C9F9CANXX.2.SRR12223716 --RGSM INTRO_Fr_Roscoff_4_France --VERBOSITY INFO --QUIET false --VALIDATION_STRINGENCY STRICT --COMPRESSION_LEVEL 2 --MAX_RECORDS_IN_RAM 500000 --CREATE_INDEX false --CREATE_MD5_FILE false --GA4GH_CLIENT_SECRETS client_secrets.json --help false --version false --showHidden false --USE_JDK_DEFLATER false --USE_JDK_INFLATER false
Oct 25, 2021 10:11:19 PM shaded.cloud_nio.com.google.auth.oauth2.ComputeEngineCredentials runningOnComputeEngine
INFO: Failed to detect whether we are running on Google Compute Engine.
[Mon Oct 25 22:11:19 PDT 2021] Executing as mharden@b10-21.hpc.usc.edu on Linux 3.10.0-1062.4.1.el7.x86_64 amd64; OpenJDK 64-Bit Server VM 1.8.0_302-b08; Deflater: Intel; Inflater: Intel; Provider GCS is available; Picard version: Version:4.2.2.0
INFO	2021-10-25 22:11:19	AddOrReplaceReadGroups	Created read-group ID=C9F9CANXX.2 PL=ILLUMINA LB=SRR12223716 SM=INTRO_Fr_Roscoff_4_France

INFO	2021-10-25 22:11:29	AddOrReplaceReadGroups	Processed     1,000,000 records.  Elapsed time: 00:00:09s.  Time for last 1,000,000:    9s.  Last read position: LG00:5,185,420
INFO	2021-10-25 22:11:39	AddOrReplaceReadGroups	Processed     2,000,000 records.  Elapsed time: 00:00:19s.  Time for last 1,000,000:    9s.  Last read position: LG00:6,768,688
INFO	2021-10-25 22:11:47	AddOrReplaceReadGroups	Processed     3,000,000 records.  Elapsed time: 00:00:28s.  Time for last 1,000,000:    8s.  Last read position: LG00:11,252,314
INFO	2021-10-25 22:11:56	AddOrReplaceReadGroups	Processed     4,000,000 records.  Elapsed time: 00:00:37s.  Time for last 1,000,000:    8s.  Last read position: LG00:16,077,597
INFO	2021-10-25 22:12:04	AddOrReplaceReadGroups	Processed     5,000,000 records.  Elapsed time: 00:00:45s.  Time for last 1,000,000:    8s.  Last read position: LG00:21,108,337
INFO	2021-10-25 22:12:13	AddOrReplaceReadGroups	Processed     6,000,000 records.  Elapsed time: 00:00:53s.  Time for last 1,000,000:    8s.  Last read position: LG00:25,910,065
INFO	2021-10-25 22:12:21	AddOrReplaceReadGroups	Processed     7,000,000 records.  Elapsed time: 00:01:01s.  Time for last 1,000,000:    8s.  Last read position: LG00:30,883,296
INFO	2021-10-25 22:12:29	AddOrReplaceReadGroups	Processed     8,000,000 records.  Elapsed time: 00:01:09s.  Time for last 1,000,000:    7s.  Last read position: LG00:35,552,988
INFO	2021-10-25 22:12:37	AddOrReplaceReadGroups	Processed     9,000,000 records.  Elapsed time: 00:01:17s.  Time for last 1,000,000:    7s.  Last read position: LG00:41,087,193
INFO	2021-10-25 22:12:45	AddOrReplaceReadGroups	Processed    10,000,000 records.  Elapsed time: 00:01:25s.  Time for last 1,000,000:    8s.  Last read position: LG00:45,970,305
INFO	2021-10-25 22:12:53	AddOrReplaceReadGroups	Processed    11,000,000 records.  Elapsed time: 00:01:33s.  Time for last 1,000,000:    7s.  Last read position: LG00:51,321,380
INFO	2021-10-25 22:13:00	AddOrReplaceReadGroups	Processed    12,000,000 records.  Elapsed time: 00:01:41s.  Time for last 1,000,000:    7s.  Last read position: LG00:57,134,720
INFO	2021-10-25 22:13:08	AddOrReplaceReadGroups	Processed    13,000,000 records.  Elapsed time: 00:01:48s.  Time for last 1,000,000:    7s.  Last read position: LG00:62,063,738
INFO	2021-10-25 22:13:16	AddOrReplaceReadGroups	Processed    14,000,000 records.  Elapsed time: 00:01:56s.  Time for last 1,000,000:    7s.  Last read position: LG00:68,711,627
INFO	2021-10-25 22:13:23	AddOrReplaceReadGroups	Processed    15,000,000 records.  Elapsed time: 00:02:04s.  Time for last 1,000,000:    7s.  Last read position: LG00:74,021,033
INFO	2021-10-25 22:13:31	AddOrReplaceReadGroups	Processed    16,000,000 records.  Elapsed time: 00:02:11s.  Time for last 1,000,000:    7s.  Last read position: LG00:79,880,876
INFO	2021-10-25 22:13:38	AddOrReplaceReadGroups	Processed    17,000,000 records.  Elapsed time: 00:02:19s.  Time for last 1,000,000:    7s.  Last read position: LG00:85,239,959
INFO	2021-10-25 22:13:46	AddOrReplaceReadGroups	Processed    18,000,000 records.  Elapsed time: 00:02:26s.  Time for last 1,000,000:    7s.  Last read position: LG00:90,976,127
INFO	2021-10-25 22:13:53	AddOrReplaceReadGroups	Processed    19,000,000 records.  Elapsed time: 00:02:34s.  Time for last 1,000,000:    7s.  Last read position: LG00:96,905,403
INFO	2021-10-25 22:14:01	AddOrReplaceReadGroups	Processed    20,000,000 records.  Elapsed time: 00:02:41s.  Time for last 1,000,000:    7s.  Last read position: LG00:102,351,115
INFO	2021-10-25 22:14:08	AddOrReplaceReadGroups	Processed    21,000,000 records.  Elapsed time: 00:02:49s.  Time for last 1,000,000:    7s.  Last read position: LG00:108,192,066
INFO	2021-10-25 22:14:16	AddOrReplaceReadGroups	Processed    22,000,000 records.  Elapsed time: 00:02:56s.  Time for last 1,000,000:    7s.  Last read position: LG00:114,768,354
INFO	2021-10-25 22:14:23	AddOrReplaceReadGroups	Processed    23,000,000 records.  Elapsed time: 00:03:04s.  Time for last 1,000,000:    7s.  Last read position: LG00:120,734,171
INFO	2021-10-25 22:14:31	AddOrReplaceReadGroups	Processed    24,000,000 records.  Elapsed time: 00:03:11s.  Time for last 1,000,000:    7s.  Last read position: LG00:126,954,322
INFO	2021-10-25 22:14:38	AddOrReplaceReadGroups	Processed    25,000,000 records.  Elapsed time: 00:03:19s.  Time for last 1,000,000:    7s.  Last read position: LG00:133,301,615
INFO	2021-10-25 22:14:46	AddOrReplaceReadGroups	Processed    26,000,000 records.  Elapsed time: 00:03:26s.  Time for last 1,000,000:    7s.  Last read position: LG00:138,958,857
INFO	2021-10-25 22:14:53	AddOrReplaceReadGroups	Processed    27,000,000 records.  Elapsed time: 00:03:34s.  Time for last 1,000,000:    7s.  Last read position: LG00:145,365,716
INFO	2021-10-25 22:15:01	AddOrReplaceReadGroups	Processed    28,000,000 records.  Elapsed time: 00:03:41s.  Time for last 1,000,000:    7s.  Last read position: LG00:151,885,655
INFO	2021-10-25 22:15:08	AddOrReplaceReadGroups	Processed    29,000,000 records.  Elapsed time: 00:03:49s.  Time for last 1,000,000:    7s.  Last read position: LG00:152,593,435
INFO	2021-10-25 22:15:16	AddOrReplaceReadGroups	Processed    30,000,000 records.  Elapsed time: 00:03:56s.  Time for last 1,000,000:    7s.  Last read position: LG00:158,348,031
INFO	2021-10-25 22:15:23	AddOrReplaceReadGroups	Processed    31,000,000 records.  Elapsed time: 00:04:03s.  Time for last 1,000,000:    7s.  Last read position: LG00:164,554,399
INFO	2021-10-25 22:15:30	AddOrReplaceReadGroups	Processed    32,000,000 records.  Elapsed time: 00:04:11s.  Time for last 1,000,000:    7s.  Last read position: LG00:168,279,001
INFO	2021-10-25 22:15:38	AddOrReplaceReadGroups	Processed    33,000,000 records.  Elapsed time: 00:04:18s.  Time for last 1,000,000:    7s.  Last read position: LG00:170,019,582
INFO	2021-10-25 22:15:45	AddOrReplaceReadGroups	Processed    34,000,000 records.  Elapsed time: 00:04:26s.  Time for last 1,000,000:    7s.  Last read position: LG00:173,578,312
INFO	2021-10-25 22:15:53	AddOrReplaceReadGroups	Processed    35,000,000 records.  Elapsed time: 00:04:33s.  Time for last 1,000,000:    7s.  Last read position: LG01:3,954,226
INFO	2021-10-25 22:16:00	AddOrReplaceReadGroups	Processed    36,000,000 records.  Elapsed time: 00:04:40s.  Time for last 1,000,000:    7s.  Last read position: LG01:7,802,796
INFO	2021-10-25 22:16:07	AddOrReplaceReadGroups	Processed    37,000,000 records.  Elapsed time: 00:04:48s.  Time for last 1,000,000:    7s.  Last read position: LG01:12,343,937
INFO	2021-10-25 22:16:14	AddOrReplaceReadGroups	Processed    38,000,000 records.  Elapsed time: 00:04:55s.  Time for last 1,000,000:    7s.  Last read position: LG01:16,309,322
INFO	2021-10-25 22:16:22	AddOrReplaceReadGroups	Processed    39,000,000 records.  Elapsed time: 00:05:02s.  Time for last 1,000,000:    7s.  Last read position: LG01:20,897,399
INFO	2021-10-25 22:16:29	AddOrReplaceReadGroups	Processed    40,000,000 records.  Elapsed time: 00:05:10s.  Time for last 1,000,000:    7s.  Last read position: LG01:24,912,597
INFO	2021-10-25 22:16:36	AddOrReplaceReadGroups	Processed    41,000,000 records.  Elapsed time: 00:05:17s.  Time for last 1,000,000:    7s.  Last read position: LG02:1,862,048
INFO	2021-10-25 22:16:44	AddOrReplaceReadGroups	Processed    42,000,000 records.  Elapsed time: 00:05:24s.  Time for last 1,000,000:    7s.  Last read position: LG02:5,620,215
INFO	2021-10-25 22:16:51	AddOrReplaceReadGroups	Processed    43,000,000 records.  Elapsed time: 00:05:31s.  Time for last 1,000,000:    7s.  Last read position: LG02:9,533,378
INFO	2021-10-25 22:16:58	AddOrReplaceReadGroups	Processed    44,000,000 records.  Elapsed time: 00:05:39s.  Time for last 1,000,000:    7s.  Last read position: LG02:13,639,247
INFO	2021-10-25 22:17:06	AddOrReplaceReadGroups	Processed    45,000,000 records.  Elapsed time: 00:05:46s.  Time for last 1,000,000:    7s.  Last read position: LG02:16,809,317
INFO	2021-10-25 22:17:13	AddOrReplaceReadGroups	Processed    46,000,000 records.  Elapsed time: 00:05:53s.  Time for last 1,000,000:    7s.  Last read position: LG03:1,333,866
INFO	2021-10-25 22:17:20	AddOrReplaceReadGroups	Processed    47,000,000 records.  Elapsed time: 00:06:01s.  Time for last 1,000,000:    7s.  Last read position: LG03:5,650,157
INFO	2021-10-25 22:17:27	AddOrReplaceReadGroups	Processed    48,000,000 records.  Elapsed time: 00:06:08s.  Time for last 1,000,000:    7s.  Last read position: LG03:10,033,618
INFO	2021-10-25 22:17:35	AddOrReplaceReadGroups	Processed    49,000,000 records.  Elapsed time: 00:06:15s.  Time for last 1,000,000:    7s.  Last read position: LG03:15,422,892
INFO	2021-10-25 22:17:42	AddOrReplaceReadGroups	Processed    50,000,000 records.  Elapsed time: 00:06:22s.  Time for last 1,000,000:    7s.  Last read position: LG04:3,209,799
INFO	2021-10-25 22:17:49	AddOrReplaceReadGroups	Processed    51,000,000 records.  Elapsed time: 00:06:29s.  Time for last 1,000,000:    7s.  Last read position: LG04:7,641,632
INFO	2021-10-25 22:17:56	AddOrReplaceReadGroups	Processed    52,000,000 records.  Elapsed time: 00:06:36s.  Time for last 1,000,000:    7s.  Last read position: LG04:11,902,161
INFO	2021-10-25 22:18:03	AddOrReplaceReadGroups	Processed    53,000,000 records.  Elapsed time: 00:06:44s.  Time for last 1,000,000:    7s.  Last read position: LG05:335,455
INFO	2021-10-25 22:18:10	AddOrReplaceReadGroups	Processed    54,000,000 records.  Elapsed time: 00:06:51s.  Time for last 1,000,000:    7s.  Last read position: LG05:4,577,298
INFO	2021-10-25 22:18:18	AddOrReplaceReadGroups	Processed    55,000,000 records.  Elapsed time: 00:06:58s.  Time for last 1,000,000:    7s.  Last read position: LG05:8,276,051
INFO	2021-10-25 22:18:25	AddOrReplaceReadGroups	Processed    56,000,000 records.  Elapsed time: 00:07:05s.  Time for last 1,000,000:    7s.  Last read position: LG05:12,384,882
INFO	2021-10-25 22:18:32	AddOrReplaceReadGroups	Processed    57,000,000 records.  Elapsed time: 00:07:12s.  Time for last 1,000,000:    7s.  Last read position: LG05:16,652,674
INFO	2021-10-25 22:18:39	AddOrReplaceReadGroups	Processed    58,000,000 records.  Elapsed time: 00:07:20s.  Time for last 1,000,000:    7s.  Last read position: LG05:20,903,517
INFO	2021-10-25 22:18:46	AddOrReplaceReadGroups	Processed    59,000,000 records.  Elapsed time: 00:07:27s.  Time for last 1,000,000:    7s.  Last read position: LG06:2,556,434
INFO	2021-10-25 22:18:53	AddOrReplaceReadGroups	Processed    60,000,000 records.  Elapsed time: 00:07:34s.  Time for last 1,000,000:    7s.  Last read position: LG06:6,819,994
INFO	2021-10-25 22:19:00	AddOrReplaceReadGroups	Processed    61,000,000 records.  Elapsed time: 00:07:41s.  Time for last 1,000,000:    7s.  Last read position: LG06:11,328,375
INFO	2021-10-25 22:19:08	AddOrReplaceReadGroups	Processed    62,000,000 records.  Elapsed time: 00:07:48s.  Time for last 1,000,000:    7s.  Last read position: LG07:2,771,542
INFO	2021-10-25 22:19:15	AddOrReplaceReadGroups	Processed    63,000,000 records.  Elapsed time: 00:07:55s.  Time for last 1,000,000:    7s.  Last read position: LG07:6,545,371
INFO	2021-10-25 22:19:22	AddOrReplaceReadGroups	Processed    64,000,000 records.  Elapsed time: 00:08:02s.  Time for last 1,000,000:    7s.  Last read position: LG07:11,186,727
INFO	2021-10-25 22:19:29	AddOrReplaceReadGroups	Processed    65,000,000 records.  Elapsed time: 00:08:09s.  Time for last 1,000,000:    7s.  Last read position: LG08:2,813,530
INFO	2021-10-25 22:19:36	AddOrReplaceReadGroups	Processed    66,000,000 records.  Elapsed time: 00:08:17s.  Time for last 1,000,000:    7s.  Last read position: LG08:7,560,534
INFO	2021-10-25 22:19:43	AddOrReplaceReadGroups	Processed    67,000,000 records.  Elapsed time: 00:08:24s.  Time for last 1,000,000:    7s.  Last read position: LG08:11,889,787
INFO	2021-10-25 22:19:50	AddOrReplaceReadGroups	Processed    68,000,000 records.  Elapsed time: 00:08:31s.  Time for last 1,000,000:    6s.  Last read position: LG09:620,071
INFO	2021-10-25 22:19:57	AddOrReplaceReadGroups	Processed    69,000,000 records.  Elapsed time: 00:08:38s.  Time for last 1,000,000:    7s.  Last read position: LG09:3,597,128
INFO	2021-10-25 22:20:05	AddOrReplaceReadGroups	Processed    70,000,000 records.  Elapsed time: 00:08:45s.  Time for last 1,000,000:    7s.  Last read position: LG09:8,072,946
INFO	2021-10-25 22:20:12	AddOrReplaceReadGroups	Processed    71,000,000 records.  Elapsed time: 00:08:52s.  Time for last 1,000,000:    7s.  Last read position: LG09:12,000,037
INFO	2021-10-25 22:20:19	AddOrReplaceReadGroups	Processed    72,000,000 records.  Elapsed time: 00:08:59s.  Time for last 1,000,000:    7s.  Last read position: LG10:3,239,202
INFO	2021-10-25 22:20:26	AddOrReplaceReadGroups	Processed    73,000,000 records.  Elapsed time: 00:09:07s.  Time for last 1,000,000:    7s.  Last read position: LG10:7,265,723
INFO	2021-10-25 22:20:33	AddOrReplaceReadGroups	Processed    74,000,000 records.  Elapsed time: 00:09:14s.  Time for last 1,000,000:    7s.  Last read position: LG10:11,173,922
INFO	2021-10-25 22:20:40	AddOrReplaceReadGroups	Processed    75,000,000 records.  Elapsed time: 00:09:21s.  Time for last 1,000,000:    7s.  Last read position: LG10:15,190,789
INFO	2021-10-25 22:20:48	AddOrReplaceReadGroups	Processed    76,000,000 records.  Elapsed time: 00:09:28s.  Time for last 1,000,000:    7s.  Last read position: LG10:18,880,928
INFO	2021-10-25 22:20:55	AddOrReplaceReadGroups	Processed    77,000,000 records.  Elapsed time: 00:09:35s.  Time for last 1,000,000:    7s.  Last read position: LG10:23,069,055
INFO	2021-10-25 22:21:02	AddOrReplaceReadGroups	Processed    78,000,000 records.  Elapsed time: 00:09:42s.  Time for last 1,000,000:    7s.  Last read position: LG10:27,223,373
INFO	2021-10-25 22:21:09	AddOrReplaceReadGroups	Processed    79,000,000 records.  Elapsed time: 00:09:49s.  Time for last 1,000,000:    7s.  Last read position: LG11:2,698,090
INFO	2021-10-25 22:21:16	AddOrReplaceReadGroups	Processed    80,000,000 records.  Elapsed time: 00:09:56s.  Time for last 1,000,000:    7s.  Last read position: LG11:7,078,587
INFO	2021-10-25 22:21:23	AddOrReplaceReadGroups	Processed    81,000,000 records.  Elapsed time: 00:10:04s.  Time for last 1,000,000:    7s.  Last read position: LG11:10,957,732
INFO	2021-10-25 22:21:30	AddOrReplaceReadGroups	Processed    82,000,000 records.  Elapsed time: 00:10:11s.  Time for last 1,000,000:    7s.  Last read position: LG11:15,260,212
INFO	2021-10-25 22:21:38	AddOrReplaceReadGroups	Processed    83,000,000 records.  Elapsed time: 00:10:18s.  Time for last 1,000,000:    7s.  Last read position: LG11:19,620,456
INFO	2021-10-25 22:21:45	AddOrReplaceReadGroups	Processed    84,000,000 records.  Elapsed time: 00:10:25s.  Time for last 1,000,000:    7s.  Last read position: LG11:24,331,488
INFO	2021-10-25 22:21:52	AddOrReplaceReadGroups	Processed    85,000,000 records.  Elapsed time: 00:10:32s.  Time for last 1,000,000:    7s.  Last read position: LG12:2,052,524
INFO	2021-10-25 22:21:59	AddOrReplaceReadGroups	Processed    86,000,000 records.  Elapsed time: 00:10:40s.  Time for last 1,000,000:    7s.  Last read position: LG12:6,630,090
INFO	2021-10-25 22:22:06	AddOrReplaceReadGroups	Processed    87,000,000 records.  Elapsed time: 00:10:47s.  Time for last 1,000,000:    7s.  Last read position: LG12:10,607,143
INFO	2021-10-25 22:22:13	AddOrReplaceReadGroups	Processed    88,000,000 records.  Elapsed time: 00:10:54s.  Time for last 1,000,000:    7s.  Last read position: LG13:479,509
INFO	2021-10-25 22:22:20	AddOrReplaceReadGroups	Processed    89,000,000 records.  Elapsed time: 00:11:01s.  Time for last 1,000,000:    7s.  Last read position: LG13:4,650,292
INFO	2021-10-25 22:22:28	AddOrReplaceReadGroups	Processed    90,000,000 records.  Elapsed time: 00:11:08s.  Time for last 1,000,000:    7s.  Last read position: LG13:8,200,796
INFO	2021-10-25 22:22:35	AddOrReplaceReadGroups	Processed    91,000,000 records.  Elapsed time: 00:11:15s.  Time for last 1,000,000:    7s.  Last read position: LG13:12,150,686
INFO	2021-10-25 22:22:42	AddOrReplaceReadGroups	Processed    92,000,000 records.  Elapsed time: 00:11:22s.  Time for last 1,000,000:    7s.  Last read position: LG14:1,201,579
INFO	2021-10-25 22:22:49	AddOrReplaceReadGroups	Processed    93,000,000 records.  Elapsed time: 00:11:29s.  Time for last 1,000,000:    7s.  Last read position: LG14:5,005,469
INFO	2021-10-25 22:22:56	AddOrReplaceReadGroups	Processed    94,000,000 records.  Elapsed time: 00:11:36s.  Time for last 1,000,000:    7s.  Last read position: LG14:9,001,635
INFO	2021-10-25 22:23:03	AddOrReplaceReadGroups	Processed    95,000,000 records.  Elapsed time: 00:11:43s.  Time for last 1,000,000:    7s.  Last read position: LG14:13,101,977
INFO	2021-10-25 22:23:10	AddOrReplaceReadGroups	Processed    96,000,000 records.  Elapsed time: 00:11:50s.  Time for last 1,000,000:    7s.  Last read position: LG15:3,195,332
INFO	2021-10-25 22:23:17	AddOrReplaceReadGroups	Processed    97,000,000 records.  Elapsed time: 00:11:58s.  Time for last 1,000,000:    7s.  Last read position: LG15:7,124,484
INFO	2021-10-25 22:23:24	AddOrReplaceReadGroups	Processed    98,000,000 records.  Elapsed time: 00:12:05s.  Time for last 1,000,000:    7s.  Last read position: LG15:11,193,753
INFO	2021-10-25 22:23:31	AddOrReplaceReadGroups	Processed    99,000,000 records.  Elapsed time: 00:12:12s.  Time for last 1,000,000:    7s.  Last read position: LG15:15,065,405
INFO	2021-10-25 22:23:38	AddOrReplaceReadGroups	Processed   100,000,000 records.  Elapsed time: 00:12:19s.  Time for last 1,000,000:    7s.  Last read position: LG16:942,588
INFO	2021-10-25 22:23:46	AddOrReplaceReadGroups	Processed   101,000,000 records.  Elapsed time: 00:12:26s.  Time for last 1,000,000:    7s.  Last read position: LG16:4,994,559
INFO	2021-10-25 22:23:53	AddOrReplaceReadGroups	Processed   102,000,000 records.  Elapsed time: 00:12:33s.  Time for last 1,000,000:    7s.  Last read position: LG16:9,597,038
INFO	2021-10-25 22:24:00	AddOrReplaceReadGroups	Processed   103,000,000 records.  Elapsed time: 00:12:40s.  Time for last 1,000,000:    7s.  Last read position: LG16:13,296,290
INFO	2021-10-25 22:24:07	AddOrReplaceReadGroups	Processed   104,000,000 records.  Elapsed time: 00:12:47s.  Time for last 1,000,000:    7s.  Last read position: LG17:1,378,120
INFO	2021-10-25 22:24:14	AddOrReplaceReadGroups	Processed   105,000,000 records.  Elapsed time: 00:12:55s.  Time for last 1,000,000:    7s.  Last read position: LG17:4,632,993
INFO	2021-10-25 22:24:21	AddOrReplaceReadGroups	Processed   106,000,000 records.  Elapsed time: 00:13:02s.  Time for last 1,000,000:    7s.  Last read position: LG17:8,562,646
INFO	2021-10-25 22:24:28	AddOrReplaceReadGroups	Processed   107,000,000 records.  Elapsed time: 00:13:09s.  Time for last 1,000,000:    7s.  Last read position: LG18:269,686
INFO	2021-10-25 22:24:36	AddOrReplaceReadGroups	Processed   108,000,000 records.  Elapsed time: 00:13:16s.  Time for last 1,000,000:    7s.  Last read position: LG18:5,032,211
INFO	2021-10-25 22:24:43	AddOrReplaceReadGroups	Processed   109,000,000 records.  Elapsed time: 00:13:23s.  Time for last 1,000,000:    7s.  Last read position: LG18:9,091,840
INFO	2021-10-25 22:24:50	AddOrReplaceReadGroups	Processed   110,000,000 records.  Elapsed time: 00:13:30s.  Time for last 1,000,000:    7s.  Last read position: LG19:669,544
INFO	2021-10-25 22:24:57	AddOrReplaceReadGroups	Processed   111,000,000 records.  Elapsed time: 00:13:37s.  Time for last 1,000,000:    7s.  Last read position: LG19:4,419,467
INFO	2021-10-25 22:25:04	AddOrReplaceReadGroups	Processed   112,000,000 records.  Elapsed time: 00:13:44s.  Time for last 1,000,000:    7s.  Last read position: LG19:7,881,888
INFO	2021-10-25 22:25:11	AddOrReplaceReadGroups	Processed   113,000,000 records.  Elapsed time: 00:13:52s.  Time for last 1,000,000:    7s.  Last read position: LG19:12,014,880
INFO	2021-10-25 22:25:18	AddOrReplaceReadGroups	Processed   114,000,000 records.  Elapsed time: 00:13:59s.  Time for last 1,000,000:    7s.  Last read position: LG20:1,035,216
INFO	2021-10-25 22:25:25	AddOrReplaceReadGroups	Processed   115,000,000 records.  Elapsed time: 00:14:06s.  Time for last 1,000,000:    7s.  Last read position: LG20:5,018,430
INFO	2021-10-25 22:25:32	AddOrReplaceReadGroups	Processed   116,000,000 records.  Elapsed time: 00:14:13s.  Time for last 1,000,000:    7s.  Last read position: LG20:9,281,300
INFO	2021-10-25 22:25:40	AddOrReplaceReadGroups	Processed   117,000,000 records.  Elapsed time: 00:14:20s.  Time for last 1,000,000:    7s.  Last read position: LG21:473,269
INFO	2021-10-25 22:25:47	AddOrReplaceReadGroups	Processed   118,000,000 records.  Elapsed time: 00:14:27s.  Time for last 1,000,000:    7s.  Last read position: LG21:3,866,084
INFO	2021-10-25 22:25:54	AddOrReplaceReadGroups	Processed   119,000,000 records.  Elapsed time: 00:14:34s.  Time for last 1,000,000:    7s.  Last read position: LG21:7,864,346
INFO	2021-10-25 22:26:01	AddOrReplaceReadGroups	Processed   120,000,000 records.  Elapsed time: 00:14:41s.  Time for last 1,000,000:    7s.  Last read position: LG21:12,034,096
INFO	2021-10-25 22:26:08	AddOrReplaceReadGroups	Processed   121,000,000 records.  Elapsed time: 00:14:48s.  Time for last 1,000,000:    7s.  Last read position: LG22:1,764,510
INFO	2021-10-25 22:26:15	AddOrReplaceReadGroups	Processed   122,000,000 records.  Elapsed time: 00:14:56s.  Time for last 1,000,000:    7s.  Last read position: LG22:5,647,660
INFO	2021-10-25 22:26:22	AddOrReplaceReadGroups	Processed   123,000,000 records.  Elapsed time: 00:15:03s.  Time for last 1,000,000:    7s.  Last read position: LG22:9,790,065
INFO	2021-10-25 22:26:29	AddOrReplaceReadGroups	Processed   124,000,000 records.  Elapsed time: 00:15:10s.  Time for last 1,000,000:    7s.  Last read position: LG23:1,844,403
INFO	2021-10-25 22:26:37	AddOrReplaceReadGroups	Processed   125,000,000 records.  Elapsed time: 00:15:17s.  Time for last 1,000,000:    7s.  Last read position: LG23:5,584,468
INFO	2021-10-25 22:26:44	AddOrReplaceReadGroups	Processed   126,000,000 records.  Elapsed time: 00:15:24s.  Time for last 1,000,000:    7s.  Last read position: LG23:9,082,709
INFO	2021-10-25 22:26:51	AddOrReplaceReadGroups	Processed   127,000,000 records.  Elapsed time: 00:15:31s.  Time for last 1,000,000:    7s.  Last read position: LG23:12,822,250
INFO	2021-10-25 22:26:58	AddOrReplaceReadGroups	Processed   128,000,000 records.  Elapsed time: 00:15:38s.  Time for last 1,000,000:    7s.  Last read position: LG24:220,817
INFO	2021-10-25 22:27:05	AddOrReplaceReadGroups	Processed   129,000,000 records.  Elapsed time: 00:15:45s.  Time for last 1,000,000:    7s.  Last read position: LG24:4,242,239
INFO	2021-10-25 22:27:12	AddOrReplaceReadGroups	Processed   130,000,000 records.  Elapsed time: 00:15:53s.  Time for last 1,000,000:    7s.  Last read position: LG24:8,168,885
INFO	2021-10-25 22:27:19	AddOrReplaceReadGroups	Processed   131,000,000 records.  Elapsed time: 00:16:00s.  Time for last 1,000,000:    7s.  Last read position: LG24:12,943,676
INFO	2021-10-25 22:27:26	AddOrReplaceReadGroups	Processed   132,000,000 records.  Elapsed time: 00:16:07s.  Time for last 1,000,000:    7s.  Last read position: LG25:3,122,844
INFO	2021-10-25 22:27:33	AddOrReplaceReadGroups	Processed   133,000,000 records.  Elapsed time: 00:16:14s.  Time for last 1,000,000:    7s.  Last read position: LG25:7,434,261
INFO	2021-10-25 22:27:40	AddOrReplaceReadGroups	Processed   134,000,000 records.  Elapsed time: 00:16:21s.  Time for last 1,000,000:    7s.  Last read position: LG25:11,602,359
INFO	2021-10-25 22:27:48	AddOrReplaceReadGroups	Processed   135,000,000 records.  Elapsed time: 00:16:28s.  Time for last 1,000,000:    7s.  Last read position: LG26:1,615,280
INFO	2021-10-25 22:27:55	AddOrReplaceReadGroups	Processed   136,000,000 records.  Elapsed time: 00:16:35s.  Time for last 1,000,000:    7s.  Last read position: LG26:5,201,873
INFO	2021-10-25 22:28:02	AddOrReplaceReadGroups	Processed   137,000,000 records.  Elapsed time: 00:16:42s.  Time for last 1,000,000:    7s.  Last read position: LG26:9,524,221
INFO	2021-10-25 22:28:09	AddOrReplaceReadGroups	Processed   138,000,000 records.  Elapsed time: 00:16:50s.  Time for last 1,000,000:    7s.  Last read position: LG27:388,858
INFO	2021-10-25 22:28:16	AddOrReplaceReadGroups	Processed   139,000,000 records.  Elapsed time: 00:16:57s.  Time for last 1,000,000:    7s.  Last read position: LG27:4,705,142
INFO	2021-10-25 22:28:23	AddOrReplaceReadGroups	Processed   140,000,000 records.  Elapsed time: 00:17:04s.  Time for last 1,000,000:    7s.  Last read position: LG27:8,460,439
INFO	2021-10-25 22:28:31	AddOrReplaceReadGroups	Processed   141,000,000 records.  Elapsed time: 00:17:11s.  Time for last 1,000,000:    7s.  Last read position: LG28:659,502
INFO	2021-10-25 22:28:38	AddOrReplaceReadGroups	Processed   142,000,000 records.  Elapsed time: 00:17:18s.  Time for last 1,000,000:    7s.  Last read position: LG28:4,894,902
INFO	2021-10-25 22:28:45	AddOrReplaceReadGroups	Processed   143,000,000 records.  Elapsed time: 00:17:26s.  Time for last 1,000,000:    7s.  Last read position: LG28:9,010,798
INFO	2021-10-25 22:28:52	AddOrReplaceReadGroups	Processed   144,000,000 records.  Elapsed time: 00:17:33s.  Time for last 1,000,000:    7s.  Last read position: LG29:934,395
INFO	2021-10-25 22:28:59	AddOrReplaceReadGroups	Processed   145,000,000 records.  Elapsed time: 00:17:40s.  Time for last 1,000,000:    7s.  Last read position: LG29:4,706,374
INFO	2021-10-25 22:29:06	AddOrReplaceReadGroups	Processed   146,000,000 records.  Elapsed time: 00:17:47s.  Time for last 1,000,000:    7s.  Last read position: LG30:3,602,327
INFO	2021-10-25 22:29:14	AddOrReplaceReadGroups	Processed   147,000,000 records.  Elapsed time: 00:17:54s.  Time for last 1,000,000:    7s.  Last read position: LG30:8,278,036
INFO	2021-10-25 22:29:21	AddOrReplaceReadGroups	Processed   148,000,000 records.  Elapsed time: 00:18:01s.  Time for last 1,000,000:    6s.  Last read position: UNPIN3877:18,310
INFO	2021-10-25 22:29:27	AddOrReplaceReadGroups	Processed   149,000,000 records.  Elapsed time: 00:18:08s.  Time for last 1,000,000:    6s.  Last read position: UNPIN3877:41,452
INFO	2021-10-25 22:29:34	AddOrReplaceReadGroups	Processed   150,000,000 records.  Elapsed time: 00:18:15s.  Time for last 1,000,000:    6s.  Last read position: UNPIN3877:65,960
INFO	2021-10-25 22:29:41	AddOrReplaceReadGroups	Processed   151,000,000 records.  Elapsed time: 00:18:22s.  Time for last 1,000,000:    6s.  Last read position: UNPIN3877:89,285
INFO	2021-10-25 22:29:48	AddOrReplaceReadGroups	Processed   152,000,000 records.  Elapsed time: 00:18:29s.  Time for last 1,000,000:    6s.  Last read position: UNPIN3877:112,194
INFO	2021-10-25 22:29:55	AddOrReplaceReadGroups	Processed   153,000,000 records.  Elapsed time: 00:18:36s.  Time for last 1,000,000:    6s.  Last read position: UNPIN3878:11,050
INFO	2021-10-25 22:30:01	AddOrReplaceReadGroups	Processed   154,000,000 records.  Elapsed time: 00:18:42s.  Time for last 1,000,000:    6s.  Last read position: */*
INFO	2021-10-25 22:30:06	AddOrReplaceReadGroups	Processed   155,000,000 records.  Elapsed time: 00:18:47s.  Time for last 1,000,000:    4s.  Last read position: */*
INFO	2021-10-25 22:30:11	AddOrReplaceReadGroups	Processed   156,000,000 records.  Elapsed time: 00:18:52s.  Time for last 1,000,000:    4s.  Last read position: */*
INFO	2021-10-25 22:30:16	AddOrReplaceReadGroups	Processed   157,000,000 records.  Elapsed time: 00:18:56s.  Time for last 1,000,000:    4s.  Last read position: */*
INFO	2021-10-25 22:30:21	AddOrReplaceReadGroups	Processed   158,000,000 records.  Elapsed time: 00:19:01s.  Time for last 1,000,000:    4s.  Last read position: */*
INFO	2021-10-25 22:30:26	AddOrReplaceReadGroups	Processed   159,000,000 records.  Elapsed time: 00:19:06s.  Time for last 1,000,000:    4s.  Last read position: */*
[Mon Oct 25 22:30:27 PDT 2021] picard.sam.AddOrReplaceReadGroups done. Elapsed time: 19.15 minutes.
Runtime.totalMemory()=46268416
Tool returned:
0
