==========================================
SLURM_JOB_ID = 2291404
SLURM_JOB_NODELIST = b08-09
TMPDIR = /tmp/SLURM_2291404
==========================================
Running Sample ID SRR12223724_SRP271933_Undaria_pinnatifida_individual_23_2015-01-23_CUL_Kr_Wando2015_2_South_Korea with options  --RGID C711EANXX.3 --RGLB SRR12223724 --RGPL ILLUMINA --RGPU C711EANXX.3.SRR12223724 --RGSM CUL_Kr_Wando2015_2_South_Korea 
Using GATK jar /home1/mharden/.conda/envs/gatk4/share/gatk4-4.2.2.0-1/gatk-package-4.2.2.0-local.jar
Running:
    java -Dsamjdk.use_async_io_read_samtools=false -Dsamjdk.use_async_io_write_samtools=true -Dsamjdk.use_async_io_write_tribble=false -Dsamjdk.compression_level=2 -jar /home1/mharden/.conda/envs/gatk4/share/gatk4-4.2.2.0-1/gatk-package-4.2.2.0-local.jar AddOrReplaceReadGroups -I SRR12223724_SRP271933_Undaria_pinnatifida_individual_23_2015-01-23_CUL_Kr_Wando2015_2_South_Korea.sorted.bam -O SRR12223724_SRP271933_Undaria_pinnatifida_individual_23_2015-01-23_CUL_Kr_Wando2015_2_South_Korea.RG.sorted.bam --RGID C711EANXX.3 --RGLB SRR12223724 --RGPL ILLUMINA --RGPU C711EANXX.3.SRR12223724 --RGSM CUL_Kr_Wando2015_2_South_Korea
22:16:55.878 INFO  NativeLibraryLoader - Loading libgkl_compression.so from jar:file:/home1/mharden/.conda/envs/gatk4/share/gatk4-4.2.2.0-1/gatk-package-4.2.2.0-local.jar!/com/intel/gkl/native/libgkl_compression.so
[Mon Oct 25 22:16:55 PDT 2021] AddOrReplaceReadGroups --INPUT SRR12223724_SRP271933_Undaria_pinnatifida_individual_23_2015-01-23_CUL_Kr_Wando2015_2_South_Korea.sorted.bam --OUTPUT SRR12223724_SRP271933_Undaria_pinnatifida_individual_23_2015-01-23_CUL_Kr_Wando2015_2_South_Korea.RG.sorted.bam --RGID C711EANXX.3 --RGLB SRR12223724 --RGPL ILLUMINA --RGPU C711EANXX.3.SRR12223724 --RGSM CUL_Kr_Wando2015_2_South_Korea --VERBOSITY INFO --QUIET false --VALIDATION_STRINGENCY STRICT --COMPRESSION_LEVEL 2 --MAX_RECORDS_IN_RAM 500000 --CREATE_INDEX false --CREATE_MD5_FILE false --GA4GH_CLIENT_SECRETS client_secrets.json --help false --version false --showHidden false --USE_JDK_DEFLATER false --USE_JDK_INFLATER false
Oct 25, 2021 10:16:56 PM shaded.cloud_nio.com.google.auth.oauth2.ComputeEngineCredentials runningOnComputeEngine
INFO: Failed to detect whether we are running on Google Compute Engine.
[Mon Oct 25 22:16:56 PDT 2021] Executing as mharden@b08-09.hpc.usc.edu on Linux 3.10.0-1062.4.1.el7.x86_64 amd64; OpenJDK 64-Bit Server VM 1.8.0_302-b08; Deflater: Intel; Inflater: Intel; Provider GCS is available; Picard version: Version:4.2.2.0
INFO	2021-10-25 22:16:56	AddOrReplaceReadGroups	Created read-group ID=C711EANXX.3 PL=ILLUMINA LB=SRR12223724 SM=CUL_Kr_Wando2015_2_South_Korea

INFO	2021-10-25 22:17:06	AddOrReplaceReadGroups	Processed     1,000,000 records.  Elapsed time: 00:00:09s.  Time for last 1,000,000:    9s.  Last read position: LG00:5,356,288
INFO	2021-10-25 22:17:16	AddOrReplaceReadGroups	Processed     2,000,000 records.  Elapsed time: 00:00:19s.  Time for last 1,000,000:   10s.  Last read position: LG00:8,080,250
INFO	2021-10-25 22:17:24	AddOrReplaceReadGroups	Processed     3,000,000 records.  Elapsed time: 00:00:28s.  Time for last 1,000,000:    8s.  Last read position: LG00:12,970,713
INFO	2021-10-25 22:17:33	AddOrReplaceReadGroups	Processed     4,000,000 records.  Elapsed time: 00:00:36s.  Time for last 1,000,000:    8s.  Last read position: LG00:17,762,748
INFO	2021-10-25 22:17:41	AddOrReplaceReadGroups	Processed     5,000,000 records.  Elapsed time: 00:00:45s.  Time for last 1,000,000:    8s.  Last read position: LG00:22,884,492
INFO	2021-10-25 22:17:50	AddOrReplaceReadGroups	Processed     6,000,000 records.  Elapsed time: 00:00:53s.  Time for last 1,000,000:    8s.  Last read position: LG00:27,593,423
INFO	2021-10-25 22:17:58	AddOrReplaceReadGroups	Processed     7,000,000 records.  Elapsed time: 00:01:02s.  Time for last 1,000,000:    8s.  Last read position: LG00:32,577,134
INFO	2021-10-25 22:18:06	AddOrReplaceReadGroups	Processed     8,000,000 records.  Elapsed time: 00:01:10s.  Time for last 1,000,000:    8s.  Last read position: LG00:37,542,333
INFO	2021-10-25 22:18:15	AddOrReplaceReadGroups	Processed     9,000,000 records.  Elapsed time: 00:01:18s.  Time for last 1,000,000:    8s.  Last read position: LG00:42,238,074
INFO	2021-10-25 22:18:23	AddOrReplaceReadGroups	Processed    10,000,000 records.  Elapsed time: 00:01:26s.  Time for last 1,000,000:    8s.  Last read position: LG00:47,195,384
INFO	2021-10-25 22:18:30	AddOrReplaceReadGroups	Processed    11,000,000 records.  Elapsed time: 00:01:34s.  Time for last 1,000,000:    7s.  Last read position: LG00:52,687,967
INFO	2021-10-25 22:18:38	AddOrReplaceReadGroups	Processed    12,000,000 records.  Elapsed time: 00:01:42s.  Time for last 1,000,000:    7s.  Last read position: LG00:58,204,189
INFO	2021-10-25 22:18:46	AddOrReplaceReadGroups	Processed    13,000,000 records.  Elapsed time: 00:01:49s.  Time for last 1,000,000:    7s.  Last read position: LG00:63,375,682
INFO	2021-10-25 22:18:53	AddOrReplaceReadGroups	Processed    14,000,000 records.  Elapsed time: 00:01:57s.  Time for last 1,000,000:    7s.  Last read position: LG00:69,390,127
INFO	2021-10-25 22:19:01	AddOrReplaceReadGroups	Processed    15,000,000 records.  Elapsed time: 00:02:04s.  Time for last 1,000,000:    7s.  Last read position: LG00:75,535,025
INFO	2021-10-25 22:19:08	AddOrReplaceReadGroups	Processed    16,000,000 records.  Elapsed time: 00:02:12s.  Time for last 1,000,000:    7s.  Last read position: LG00:81,501,160
INFO	2021-10-25 22:19:16	AddOrReplaceReadGroups	Processed    17,000,000 records.  Elapsed time: 00:02:20s.  Time for last 1,000,000:    7s.  Last read position: LG00:86,913,054
INFO	2021-10-25 22:19:24	AddOrReplaceReadGroups	Processed    18,000,000 records.  Elapsed time: 00:02:27s.  Time for last 1,000,000:    7s.  Last read position: LG00:92,853,932
INFO	2021-10-25 22:19:31	AddOrReplaceReadGroups	Processed    19,000,000 records.  Elapsed time: 00:02:35s.  Time for last 1,000,000:    7s.  Last read position: LG00:98,542,867
INFO	2021-10-25 22:19:39	AddOrReplaceReadGroups	Processed    20,000,000 records.  Elapsed time: 00:02:42s.  Time for last 1,000,000:    7s.  Last read position: LG00:105,261,827
INFO	2021-10-25 22:19:46	AddOrReplaceReadGroups	Processed    21,000,000 records.  Elapsed time: 00:02:50s.  Time for last 1,000,000:    7s.  Last read position: LG00:111,394,630
INFO	2021-10-25 22:19:54	AddOrReplaceReadGroups	Processed    22,000,000 records.  Elapsed time: 00:02:57s.  Time for last 1,000,000:    7s.  Last read position: LG00:117,583,801
INFO	2021-10-25 22:20:01	AddOrReplaceReadGroups	Processed    23,000,000 records.  Elapsed time: 00:03:05s.  Time for last 1,000,000:    7s.  Last read position: LG00:123,719,428
INFO	2021-10-25 22:20:09	AddOrReplaceReadGroups	Processed    24,000,000 records.  Elapsed time: 00:03:12s.  Time for last 1,000,000:    7s.  Last read position: LG00:129,904,242
INFO	2021-10-25 22:20:16	AddOrReplaceReadGroups	Processed    25,000,000 records.  Elapsed time: 00:03:20s.  Time for last 1,000,000:    7s.  Last read position: LG00:136,131,702
INFO	2021-10-25 22:20:24	AddOrReplaceReadGroups	Processed    26,000,000 records.  Elapsed time: 00:03:27s.  Time for last 1,000,000:    7s.  Last read position: LG00:142,415,422
INFO	2021-10-25 22:20:31	AddOrReplaceReadGroups	Processed    27,000,000 records.  Elapsed time: 00:03:35s.  Time for last 1,000,000:    7s.  Last read position: LG00:148,862,678
INFO	2021-10-25 22:20:39	AddOrReplaceReadGroups	Processed    28,000,000 records.  Elapsed time: 00:03:42s.  Time for last 1,000,000:    7s.  Last read position: LG00:152,578,512
INFO	2021-10-25 22:20:46	AddOrReplaceReadGroups	Processed    29,000,000 records.  Elapsed time: 00:03:50s.  Time for last 1,000,000:    7s.  Last read position: LG00:155,316,335
INFO	2021-10-25 22:20:53	AddOrReplaceReadGroups	Processed    30,000,000 records.  Elapsed time: 00:03:57s.  Time for last 1,000,000:    7s.  Last read position: LG00:161,584,418
INFO	2021-10-25 22:21:01	AddOrReplaceReadGroups	Processed    31,000,000 records.  Elapsed time: 00:04:04s.  Time for last 1,000,000:    7s.  Last read position: LG00:166,895,888
INFO	2021-10-25 22:21:08	AddOrReplaceReadGroups	Processed    32,000,000 records.  Elapsed time: 00:04:12s.  Time for last 1,000,000:    7s.  Last read position: LG00:168,280,790
INFO	2021-10-25 22:21:15	AddOrReplaceReadGroups	Processed    33,000,000 records.  Elapsed time: 00:04:19s.  Time for last 1,000,000:    7s.  Last read position: LG00:171,260,605
INFO	2021-10-25 22:21:23	AddOrReplaceReadGroups	Processed    34,000,000 records.  Elapsed time: 00:04:26s.  Time for last 1,000,000:    7s.  Last read position: LG01:1,362,508
INFO	2021-10-25 22:21:30	AddOrReplaceReadGroups	Processed    35,000,000 records.  Elapsed time: 00:04:34s.  Time for last 1,000,000:    7s.  Last read position: LG01:5,814,562
INFO	2021-10-25 22:21:37	AddOrReplaceReadGroups	Processed    36,000,000 records.  Elapsed time: 00:04:41s.  Time for last 1,000,000:    7s.  Last read position: LG01:10,168,768
INFO	2021-10-25 22:21:45	AddOrReplaceReadGroups	Processed    37,000,000 records.  Elapsed time: 00:04:48s.  Time for last 1,000,000:    7s.  Last read position: LG01:14,532,668
INFO	2021-10-25 22:21:52	AddOrReplaceReadGroups	Processed    38,000,000 records.  Elapsed time: 00:04:56s.  Time for last 1,000,000:    7s.  Last read position: LG01:19,083,805
INFO	2021-10-25 22:21:59	AddOrReplaceReadGroups	Processed    39,000,000 records.  Elapsed time: 00:05:03s.  Time for last 1,000,000:    7s.  Last read position: LG01:23,416,326
INFO	2021-10-25 22:22:07	AddOrReplaceReadGroups	Processed    40,000,000 records.  Elapsed time: 00:05:10s.  Time for last 1,000,000:    7s.  Last read position: LG02:458,474
INFO	2021-10-25 22:22:14	AddOrReplaceReadGroups	Processed    41,000,000 records.  Elapsed time: 00:05:18s.  Time for last 1,000,000:    7s.  Last read position: LG02:4,491,103
INFO	2021-10-25 22:22:21	AddOrReplaceReadGroups	Processed    42,000,000 records.  Elapsed time: 00:05:25s.  Time for last 1,000,000:    7s.  Last read position: LG02:8,847,963
INFO	2021-10-25 22:22:29	AddOrReplaceReadGroups	Processed    43,000,000 records.  Elapsed time: 00:05:32s.  Time for last 1,000,000:    7s.  Last read position: LG02:13,231,337
INFO	2021-10-25 22:22:36	AddOrReplaceReadGroups	Processed    44,000,000 records.  Elapsed time: 00:05:40s.  Time for last 1,000,000:    7s.  Last read position: LG02:17,129,573
INFO	2021-10-25 22:22:44	AddOrReplaceReadGroups	Processed    45,000,000 records.  Elapsed time: 00:05:47s.  Time for last 1,000,000:    7s.  Last read position: LG03:2,123,265
INFO	2021-10-25 22:22:51	AddOrReplaceReadGroups	Processed    46,000,000 records.  Elapsed time: 00:05:55s.  Time for last 1,000,000:    7s.  Last read position: LG03:6,591,093
INFO	2021-10-25 22:22:59	AddOrReplaceReadGroups	Processed    47,000,000 records.  Elapsed time: 00:06:02s.  Time for last 1,000,000:    7s.  Last read position: LG03:11,055,804
INFO	2021-10-25 22:23:06	AddOrReplaceReadGroups	Processed    48,000,000 records.  Elapsed time: 00:06:10s.  Time for last 1,000,000:    7s.  Last read position: LG03:14,938,238
INFO	2021-10-25 22:23:13	AddOrReplaceReadGroups	Processed    49,000,000 records.  Elapsed time: 00:06:17s.  Time for last 1,000,000:    7s.  Last read position: LG04:2,715,833
INFO	2021-10-25 22:23:21	AddOrReplaceReadGroups	Processed    50,000,000 records.  Elapsed time: 00:06:24s.  Time for last 1,000,000:    7s.  Last read position: LG04:7,300,869
INFO	2021-10-25 22:23:28	AddOrReplaceReadGroups	Processed    51,000,000 records.  Elapsed time: 00:06:32s.  Time for last 1,000,000:    7s.  Last read position: LG04:11,708,106
INFO	2021-10-25 22:23:35	AddOrReplaceReadGroups	Processed    52,000,000 records.  Elapsed time: 00:06:39s.  Time for last 1,000,000:    7s.  Last read position: LG05:161,462
INFO	2021-10-25 22:23:43	AddOrReplaceReadGroups	Processed    53,000,000 records.  Elapsed time: 00:06:46s.  Time for last 1,000,000:    7s.  Last read position: LG05:4,597,906
INFO	2021-10-25 22:23:50	AddOrReplaceReadGroups	Processed    54,000,000 records.  Elapsed time: 00:06:54s.  Time for last 1,000,000:    7s.  Last read position: LG05:8,575,018
INFO	2021-10-25 22:23:57	AddOrReplaceReadGroups	Processed    55,000,000 records.  Elapsed time: 00:07:01s.  Time for last 1,000,000:    7s.  Last read position: LG05:13,095,548
INFO	2021-10-25 22:24:05	AddOrReplaceReadGroups	Processed    56,000,000 records.  Elapsed time: 00:07:08s.  Time for last 1,000,000:    7s.  Last read position: LG05:17,664,209
INFO	2021-10-25 22:24:12	AddOrReplaceReadGroups	Processed    57,000,000 records.  Elapsed time: 00:07:16s.  Time for last 1,000,000:    7s.  Last read position: LG06:71,563
INFO	2021-10-25 22:24:20	AddOrReplaceReadGroups	Processed    58,000,000 records.  Elapsed time: 00:07:23s.  Time for last 1,000,000:    7s.  Last read position: LG06:4,062,500
INFO	2021-10-25 22:24:27	AddOrReplaceReadGroups	Processed    59,000,000 records.  Elapsed time: 00:07:30s.  Time for last 1,000,000:    7s.  Last read position: LG06:8,494,495
INFO	2021-10-25 22:24:34	AddOrReplaceReadGroups	Processed    60,000,000 records.  Elapsed time: 00:07:38s.  Time for last 1,000,000:    7s.  Last read position: LG07:623,255
INFO	2021-10-25 22:24:42	AddOrReplaceReadGroups	Processed    61,000,000 records.  Elapsed time: 00:07:45s.  Time for last 1,000,000:    7s.  Last read position: LG07:4,422,122
INFO	2021-10-25 22:24:49	AddOrReplaceReadGroups	Processed    62,000,000 records.  Elapsed time: 00:07:53s.  Time for last 1,000,000:    7s.  Last read position: LG07:9,068,081
INFO	2021-10-25 22:24:56	AddOrReplaceReadGroups	Processed    63,000,000 records.  Elapsed time: 00:08:00s.  Time for last 1,000,000:    7s.  Last read position: LG08:1,313,010
INFO	2021-10-25 22:25:04	AddOrReplaceReadGroups	Processed    64,000,000 records.  Elapsed time: 00:08:07s.  Time for last 1,000,000:    7s.  Last read position: LG08:5,810,207
INFO	2021-10-25 22:25:11	AddOrReplaceReadGroups	Processed    65,000,000 records.  Elapsed time: 00:08:15s.  Time for last 1,000,000:    7s.  Last read position: LG08:10,421,643
INFO	2021-10-25 22:25:19	AddOrReplaceReadGroups	Processed    66,000,000 records.  Elapsed time: 00:08:22s.  Time for last 1,000,000:    7s.  Last read position: LG08:14,730,815
INFO	2021-10-25 22:25:26	AddOrReplaceReadGroups	Processed    67,000,000 records.  Elapsed time: 00:08:30s.  Time for last 1,000,000:    7s.  Last read position: LG09:2,662,315
INFO	2021-10-25 22:25:33	AddOrReplaceReadGroups	Processed    68,000,000 records.  Elapsed time: 00:08:37s.  Time for last 1,000,000:    7s.  Last read position: LG09:6,682,036
INFO	2021-10-25 22:25:41	AddOrReplaceReadGroups	Processed    69,000,000 records.  Elapsed time: 00:08:44s.  Time for last 1,000,000:    7s.  Last read position: LG09:10,504,199
INFO	2021-10-25 22:25:48	AddOrReplaceReadGroups	Processed    70,000,000 records.  Elapsed time: 00:08:52s.  Time for last 1,000,000:    7s.  Last read position: LG10:2,091,770
INFO	2021-10-25 22:25:55	AddOrReplaceReadGroups	Processed    71,000,000 records.  Elapsed time: 00:08:59s.  Time for last 1,000,000:    7s.  Last read position: LG10:6,160,169
INFO	2021-10-25 22:26:03	AddOrReplaceReadGroups	Processed    72,000,000 records.  Elapsed time: 00:09:06s.  Time for last 1,000,000:    7s.  Last read position: LG10:10,008,181
INFO	2021-10-25 22:26:10	AddOrReplaceReadGroups	Processed    73,000,000 records.  Elapsed time: 00:09:14s.  Time for last 1,000,000:    7s.  Last read position: LG10:14,067,739
INFO	2021-10-25 22:26:17	AddOrReplaceReadGroups	Processed    74,000,000 records.  Elapsed time: 00:09:21s.  Time for last 1,000,000:    7s.  Last read position: LG10:18,133,586
INFO	2021-10-25 22:26:25	AddOrReplaceReadGroups	Processed    75,000,000 records.  Elapsed time: 00:09:28s.  Time for last 1,000,000:    7s.  Last read position: LG10:22,415,589
INFO	2021-10-25 22:26:32	AddOrReplaceReadGroups	Processed    76,000,000 records.  Elapsed time: 00:09:36s.  Time for last 1,000,000:    7s.  Last read position: LG10:26,731,432
INFO	2021-10-25 22:26:40	AddOrReplaceReadGroups	Processed    77,000,000 records.  Elapsed time: 00:09:43s.  Time for last 1,000,000:    7s.  Last read position: LG11:1,962,535
INFO	2021-10-25 22:26:47	AddOrReplaceReadGroups	Processed    78,000,000 records.  Elapsed time: 00:09:51s.  Time for last 1,000,000:    7s.  Last read position: LG11:7,180,913
INFO	2021-10-25 22:26:54	AddOrReplaceReadGroups	Processed    79,000,000 records.  Elapsed time: 00:09:58s.  Time for last 1,000,000:    7s.  Last read position: LG11:11,371,715
INFO	2021-10-25 22:27:02	AddOrReplaceReadGroups	Processed    80,000,000 records.  Elapsed time: 00:10:05s.  Time for last 1,000,000:    7s.  Last read position: LG11:15,860,682
INFO	2021-10-25 22:27:09	AddOrReplaceReadGroups	Processed    81,000,000 records.  Elapsed time: 00:10:13s.  Time for last 1,000,000:    7s.  Last read position: LG11:20,333,516
INFO	2021-10-25 22:27:16	AddOrReplaceReadGroups	Processed    82,000,000 records.  Elapsed time: 00:10:20s.  Time for last 1,000,000:    7s.  Last read position: LG11:24,885,907
INFO	2021-10-25 22:27:24	AddOrReplaceReadGroups	Processed    83,000,000 records.  Elapsed time: 00:10:27s.  Time for last 1,000,000:    7s.  Last read position: LG12:2,245,460
INFO	2021-10-25 22:27:31	AddOrReplaceReadGroups	Processed    84,000,000 records.  Elapsed time: 00:10:35s.  Time for last 1,000,000:    7s.  Last read position: LG12:6,794,362
INFO	2021-10-25 22:27:39	AddOrReplaceReadGroups	Processed    85,000,000 records.  Elapsed time: 00:10:42s.  Time for last 1,000,000:    7s.  Last read position: LG12:11,153,067
INFO	2021-10-25 22:27:46	AddOrReplaceReadGroups	Processed    86,000,000 records.  Elapsed time: 00:10:49s.  Time for last 1,000,000:    7s.  Last read position: LG13:1,194,697
INFO	2021-10-25 22:27:53	AddOrReplaceReadGroups	Processed    87,000,000 records.  Elapsed time: 00:10:57s.  Time for last 1,000,000:    7s.  Last read position: LG13:5,101,174
INFO	2021-10-25 22:28:01	AddOrReplaceReadGroups	Processed    88,000,000 records.  Elapsed time: 00:11:04s.  Time for last 1,000,000:    7s.  Last read position: LG13:8,884,516
INFO	2021-10-25 22:28:08	AddOrReplaceReadGroups	Processed    89,000,000 records.  Elapsed time: 00:11:12s.  Time for last 1,000,000:    7s.  Last read position: LG13:13,092,655
INFO	2021-10-25 22:28:15	AddOrReplaceReadGroups	Processed    90,000,000 records.  Elapsed time: 00:11:19s.  Time for last 1,000,000:    7s.  Last read position: LG14:2,338,864
INFO	2021-10-25 22:28:22	AddOrReplaceReadGroups	Processed    91,000,000 records.  Elapsed time: 00:11:26s.  Time for last 1,000,000:    7s.  Last read position: LG14:6,674,558
INFO	2021-10-25 22:28:30	AddOrReplaceReadGroups	Processed    92,000,000 records.  Elapsed time: 00:11:33s.  Time for last 1,000,000:    7s.  Last read position: LG14:10,788,620
INFO	2021-10-25 22:28:37	AddOrReplaceReadGroups	Processed    93,000,000 records.  Elapsed time: 00:11:41s.  Time for last 1,000,000:    7s.  Last read position: LG15:1,338,938
INFO	2021-10-25 22:28:44	AddOrReplaceReadGroups	Processed    94,000,000 records.  Elapsed time: 00:11:48s.  Time for last 1,000,000:    7s.  Last read position: LG15:5,252,059
INFO	2021-10-25 22:28:52	AddOrReplaceReadGroups	Processed    95,000,000 records.  Elapsed time: 00:11:56s.  Time for last 1,000,000:    7s.  Last read position: LG15:9,680,664
INFO	2021-10-25 22:28:59	AddOrReplaceReadGroups	Processed    96,000,000 records.  Elapsed time: 00:12:03s.  Time for last 1,000,000:    7s.  Last read position: LG15:13,769,482
INFO	2021-10-25 22:29:07	AddOrReplaceReadGroups	Processed    97,000,000 records.  Elapsed time: 00:12:10s.  Time for last 1,000,000:    7s.  Last read position: LG15:17,995,112
INFO	2021-10-25 22:29:14	AddOrReplaceReadGroups	Processed    98,000,000 records.  Elapsed time: 00:12:17s.  Time for last 1,000,000:    7s.  Last read position: LG16:3,572,524
INFO	2021-10-25 22:29:21	AddOrReplaceReadGroups	Processed    99,000,000 records.  Elapsed time: 00:12:25s.  Time for last 1,000,000:    7s.  Last read position: LG16:8,398,541
INFO	2021-10-25 22:29:29	AddOrReplaceReadGroups	Processed   100,000,000 records.  Elapsed time: 00:12:32s.  Time for last 1,000,000:    7s.  Last read position: LG16:12,557,457
INFO	2021-10-25 22:29:36	AddOrReplaceReadGroups	Processed   101,000,000 records.  Elapsed time: 00:12:39s.  Time for last 1,000,000:    7s.  Last read position: LG17:1,085,874
INFO	2021-10-25 22:29:43	AddOrReplaceReadGroups	Processed   102,000,000 records.  Elapsed time: 00:12:47s.  Time for last 1,000,000:    7s.  Last read position: LG17:4,361,443
INFO	2021-10-25 22:29:51	AddOrReplaceReadGroups	Processed   103,000,000 records.  Elapsed time: 00:12:54s.  Time for last 1,000,000:    7s.  Last read position: LG17:8,521,426
INFO	2021-10-25 22:29:58	AddOrReplaceReadGroups	Processed   104,000,000 records.  Elapsed time: 00:13:02s.  Time for last 1,000,000:    7s.  Last read position: LG18:244,853
INFO	2021-10-25 22:30:05	AddOrReplaceReadGroups	Processed   105,000,000 records.  Elapsed time: 00:13:09s.  Time for last 1,000,000:    7s.  Last read position: LG18:5,090,103
INFO	2021-10-25 22:30:13	AddOrReplaceReadGroups	Processed   106,000,000 records.  Elapsed time: 00:13:16s.  Time for last 1,000,000:    7s.  Last read position: LG18:9,318,494
INFO	2021-10-25 22:30:20	AddOrReplaceReadGroups	Processed   107,000,000 records.  Elapsed time: 00:13:24s.  Time for last 1,000,000:    7s.  Last read position: LG19:1,045,090
INFO	2021-10-25 22:30:28	AddOrReplaceReadGroups	Processed   108,000,000 records.  Elapsed time: 00:13:31s.  Time for last 1,000,000:    7s.  Last read position: LG19:4,766,330
INFO	2021-10-25 22:30:35	AddOrReplaceReadGroups	Processed   109,000,000 records.  Elapsed time: 00:13:39s.  Time for last 1,000,000:    7s.  Last read position: LG19:8,826,803
INFO	2021-10-25 22:30:43	AddOrReplaceReadGroups	Processed   110,000,000 records.  Elapsed time: 00:13:46s.  Time for last 1,000,000:    7s.  Last read position: LG19:13,278,903
INFO	2021-10-25 22:30:50	AddOrReplaceReadGroups	Processed   111,000,000 records.  Elapsed time: 00:13:54s.  Time for last 1,000,000:    7s.  Last read position: LG20:2,464,181
INFO	2021-10-25 22:30:58	AddOrReplaceReadGroups	Processed   112,000,000 records.  Elapsed time: 00:14:01s.  Time for last 1,000,000:    7s.  Last read position: LG20:6,715,692
INFO	2021-10-25 22:31:06	AddOrReplaceReadGroups	Processed   113,000,000 records.  Elapsed time: 00:14:09s.  Time for last 1,000,000:    8s.  Last read position: LG20:10,854,632
INFO	2021-10-25 22:31:14	AddOrReplaceReadGroups	Processed   114,000,000 records.  Elapsed time: 00:14:18s.  Time for last 1,000,000:    8s.  Last read position: LG21:2,335,227
INFO	2021-10-25 22:31:23	AddOrReplaceReadGroups	Processed   115,000,000 records.  Elapsed time: 00:14:26s.  Time for last 1,000,000:    8s.  Last read position: LG21:6,244,555
INFO	2021-10-25 22:31:30	AddOrReplaceReadGroups	Processed   116,000,000 records.  Elapsed time: 00:14:34s.  Time for last 1,000,000:    7s.  Last read position: LG21:10,350,277
INFO	2021-10-25 22:31:38	AddOrReplaceReadGroups	Processed   117,000,000 records.  Elapsed time: 00:14:42s.  Time for last 1,000,000:    7s.  Last read position: LG22:258,038
INFO	2021-10-25 22:31:45	AddOrReplaceReadGroups	Processed   118,000,000 records.  Elapsed time: 00:14:49s.  Time for last 1,000,000:    7s.  Last read position: LG22:4,673,188
INFO	2021-10-25 22:31:52	AddOrReplaceReadGroups	Processed   119,000,000 records.  Elapsed time: 00:14:56s.  Time for last 1,000,000:    7s.  Last read position: LG22:8,062,314
INFO	2021-10-25 22:32:00	AddOrReplaceReadGroups	Processed   120,000,000 records.  Elapsed time: 00:15:03s.  Time for last 1,000,000:    7s.  Last read position: LG23:506,403
INFO	2021-10-25 22:32:07	AddOrReplaceReadGroups	Processed   121,000,000 records.  Elapsed time: 00:15:11s.  Time for last 1,000,000:    7s.  Last read position: LG23:4,478,652
INFO	2021-10-25 22:32:14	AddOrReplaceReadGroups	Processed   122,000,000 records.  Elapsed time: 00:15:18s.  Time for last 1,000,000:    7s.  Last read position: LG23:8,247,873
INFO	2021-10-25 22:32:22	AddOrReplaceReadGroups	Processed   123,000,000 records.  Elapsed time: 00:15:25s.  Time for last 1,000,000:    7s.  Last read position: LG23:12,470,835
INFO	2021-10-25 22:32:29	AddOrReplaceReadGroups	Processed   124,000,000 records.  Elapsed time: 00:15:32s.  Time for last 1,000,000:    7s.  Last read position: LG24:84,469
INFO	2021-10-25 22:32:36	AddOrReplaceReadGroups	Processed   125,000,000 records.  Elapsed time: 00:15:40s.  Time for last 1,000,000:    7s.  Last read position: LG24:4,446,667
INFO	2021-10-25 22:32:43	AddOrReplaceReadGroups	Processed   126,000,000 records.  Elapsed time: 00:15:47s.  Time for last 1,000,000:    7s.  Last read position: LG24:8,922,564
INFO	2021-10-25 22:32:51	AddOrReplaceReadGroups	Processed   127,000,000 records.  Elapsed time: 00:15:54s.  Time for last 1,000,000:    7s.  Last read position: LG25:211,168
INFO	2021-10-25 22:32:58	AddOrReplaceReadGroups	Processed   128,000,000 records.  Elapsed time: 00:16:02s.  Time for last 1,000,000:    7s.  Last read position: LG25:4,411,409
INFO	2021-10-25 22:33:05	AddOrReplaceReadGroups	Processed   129,000,000 records.  Elapsed time: 00:16:09s.  Time for last 1,000,000:    7s.  Last read position: LG25:9,235,596
INFO	2021-10-25 22:33:13	AddOrReplaceReadGroups	Processed   130,000,000 records.  Elapsed time: 00:16:16s.  Time for last 1,000,000:    7s.  Last read position: LG25:13,283,546
INFO	2021-10-25 22:33:20	AddOrReplaceReadGroups	Processed   131,000,000 records.  Elapsed time: 00:16:24s.  Time for last 1,000,000:    7s.  Last read position: LG26:3,746,464
INFO	2021-10-25 22:33:28	AddOrReplaceReadGroups	Processed   132,000,000 records.  Elapsed time: 00:16:31s.  Time for last 1,000,000:    7s.  Last read position: LG26:7,307,067
INFO	2021-10-25 22:33:35	AddOrReplaceReadGroups	Processed   133,000,000 records.  Elapsed time: 00:16:39s.  Time for last 1,000,000:    7s.  Last read position: LG26:12,147,728
INFO	2021-10-25 22:33:42	AddOrReplaceReadGroups	Processed   134,000,000 records.  Elapsed time: 00:16:46s.  Time for last 1,000,000:    7s.  Last read position: LG27:3,013,849
INFO	2021-10-25 22:33:52	AddOrReplaceReadGroups	Processed   135,000,000 records.  Elapsed time: 00:16:56s.  Time for last 1,000,000:    9s.  Last read position: LG27:7,453,769
INFO	2021-10-25 22:33:59	AddOrReplaceReadGroups	Processed   136,000,000 records.  Elapsed time: 00:17:03s.  Time for last 1,000,000:    7s.  Last read position: LG27:12,065,238
INFO	2021-10-25 22:34:07	AddOrReplaceReadGroups	Processed   137,000,000 records.  Elapsed time: 00:17:10s.  Time for last 1,000,000:    7s.  Last read position: LG28:4,321,668
INFO	2021-10-25 22:34:14	AddOrReplaceReadGroups	Processed   138,000,000 records.  Elapsed time: 00:17:18s.  Time for last 1,000,000:    7s.  Last read position: LG28:8,782,412
INFO	2021-10-25 22:34:21	AddOrReplaceReadGroups	Processed   139,000,000 records.  Elapsed time: 00:17:25s.  Time for last 1,000,000:    7s.  Last read position: LG29:938,969
INFO	2021-10-25 22:34:29	AddOrReplaceReadGroups	Processed   140,000,000 records.  Elapsed time: 00:17:32s.  Time for last 1,000,000:    7s.  Last read position: LG29:4,734,028
INFO	2021-10-25 22:34:36	AddOrReplaceReadGroups	Processed   141,000,000 records.  Elapsed time: 00:17:40s.  Time for last 1,000,000:    7s.  Last read position: LG30:3,924,986
INFO	2021-10-25 22:34:43	AddOrReplaceReadGroups	Processed   142,000,000 records.  Elapsed time: 00:17:47s.  Time for last 1,000,000:    7s.  Last read position: LG30:8,718,454
INFO	2021-10-25 22:34:51	AddOrReplaceReadGroups	Processed   143,000,000 records.  Elapsed time: 00:17:54s.  Time for last 1,000,000:    7s.  Last read position: UNPIN3877:16,547
INFO	2021-10-25 22:34:58	AddOrReplaceReadGroups	Processed   144,000,000 records.  Elapsed time: 00:18:01s.  Time for last 1,000,000:    7s.  Last read position: UNPIN3877:34,755
INFO	2021-10-25 22:35:05	AddOrReplaceReadGroups	Processed   145,000,000 records.  Elapsed time: 00:18:08s.  Time for last 1,000,000:    7s.  Last read position: UNPIN3877:54,778
INFO	2021-10-25 22:35:12	AddOrReplaceReadGroups	Processed   146,000,000 records.  Elapsed time: 00:18:16s.  Time for last 1,000,000:    7s.  Last read position: UNPIN3877:72,996
INFO	2021-10-25 22:35:19	AddOrReplaceReadGroups	Processed   147,000,000 records.  Elapsed time: 00:18:23s.  Time for last 1,000,000:    7s.  Last read position: UNPIN3877:91,838
INFO	2021-10-25 22:35:26	AddOrReplaceReadGroups	Processed   148,000,000 records.  Elapsed time: 00:18:30s.  Time for last 1,000,000:    6s.  Last read position: UNPIN3877:110,052
INFO	2021-10-25 22:35:33	AddOrReplaceReadGroups	Processed   149,000,000 records.  Elapsed time: 00:18:37s.  Time for last 1,000,000:    7s.  Last read position: UNPIN3877:128,870
INFO	2021-10-25 22:35:40	AddOrReplaceReadGroups	Processed   150,000,000 records.  Elapsed time: 00:18:44s.  Time for last 1,000,000:    6s.  Last read position: UNPIN3878:33,071
INFO	2021-10-25 22:35:45	AddOrReplaceReadGroups	Processed   151,000,000 records.  Elapsed time: 00:18:49s.  Time for last 1,000,000:    5s.  Last read position: */*
INFO	2021-10-25 22:35:50	AddOrReplaceReadGroups	Processed   152,000,000 records.  Elapsed time: 00:18:54s.  Time for last 1,000,000:    4s.  Last read position: */*
INFO	2021-10-25 22:35:55	AddOrReplaceReadGroups	Processed   153,000,000 records.  Elapsed time: 00:18:59s.  Time for last 1,000,000:    4s.  Last read position: */*
INFO	2021-10-25 22:36:00	AddOrReplaceReadGroups	Processed   154,000,000 records.  Elapsed time: 00:19:04s.  Time for last 1,000,000:    4s.  Last read position: */*
INFO	2021-10-25 22:36:05	AddOrReplaceReadGroups	Processed   155,000,000 records.  Elapsed time: 00:19:08s.  Time for last 1,000,000:    4s.  Last read position: */*
[Mon Oct 25 22:36:07 PDT 2021] picard.sam.AddOrReplaceReadGroups done. Elapsed time: 19.19 minutes.
Runtime.totalMemory()=46522368
Tool returned:
0
