==========================================
SLURM_JOB_ID = 2291278
SLURM_JOB_NODELIST = b08-12
TMPDIR = /tmp/SLURM_2291278
==========================================
Running Sample ID SRR12223721_SRP271933_Undaria_pinnatifida_individual_26_2017-04-04_CUL_Kr_Wando2017_1_South_Korea with options  --RGID CALEKANXX.5 --RGLB SRR12223721 --RGPL ILLUMINA --RGPU CALEKANXX.5.SRR12223721 --RGSM CUL_Kr_Wando2017_1_South_Korea 
Using GATK jar /home1/mharden/.conda/envs/gatk4/share/gatk4-4.2.2.0-1/gatk-package-4.2.2.0-local.jar
Running:
    java -Dsamjdk.use_async_io_read_samtools=false -Dsamjdk.use_async_io_write_samtools=true -Dsamjdk.use_async_io_write_tribble=false -Dsamjdk.compression_level=2 -jar /home1/mharden/.conda/envs/gatk4/share/gatk4-4.2.2.0-1/gatk-package-4.2.2.0-local.jar AddOrReplaceReadGroups -I SRR12223721_SRP271933_Undaria_pinnatifida_individual_26_2017-04-04_CUL_Kr_Wando2017_1_South_Korea.sorted.bam -O SRR12223721_SRP271933_Undaria_pinnatifida_individual_26_2017-04-04_CUL_Kr_Wando2017_1_South_Korea.RG.sorted.bam --RGID CALEKANXX.5 --RGLB SRR12223721 --RGPL ILLUMINA --RGPU CALEKANXX.5.SRR12223721 --RGSM CUL_Kr_Wando2017_1_South_Korea
22:16:12.907 INFO  NativeLibraryLoader - Loading libgkl_compression.so from jar:file:/home1/mharden/.conda/envs/gatk4/share/gatk4-4.2.2.0-1/gatk-package-4.2.2.0-local.jar!/com/intel/gkl/native/libgkl_compression.so
[Mon Oct 25 22:16:12 PDT 2021] AddOrReplaceReadGroups --INPUT SRR12223721_SRP271933_Undaria_pinnatifida_individual_26_2017-04-04_CUL_Kr_Wando2017_1_South_Korea.sorted.bam --OUTPUT SRR12223721_SRP271933_Undaria_pinnatifida_individual_26_2017-04-04_CUL_Kr_Wando2017_1_South_Korea.RG.sorted.bam --RGID CALEKANXX.5 --RGLB SRR12223721 --RGPL ILLUMINA --RGPU CALEKANXX.5.SRR12223721 --RGSM CUL_Kr_Wando2017_1_South_Korea --VERBOSITY INFO --QUIET false --VALIDATION_STRINGENCY STRICT --COMPRESSION_LEVEL 2 --MAX_RECORDS_IN_RAM 500000 --CREATE_INDEX false --CREATE_MD5_FILE false --GA4GH_CLIENT_SECRETS client_secrets.json --help false --version false --showHidden false --USE_JDK_DEFLATER false --USE_JDK_INFLATER false
Oct 25, 2021 10:16:13 PM shaded.cloud_nio.com.google.auth.oauth2.ComputeEngineCredentials runningOnComputeEngine
INFO: Failed to detect whether we are running on Google Compute Engine.
[Mon Oct 25 22:16:13 PDT 2021] Executing as mharden@b08-12.hpc.usc.edu on Linux 3.10.0-1062.4.1.el7.x86_64 amd64; OpenJDK 64-Bit Server VM 1.8.0_302-b08; Deflater: Intel; Inflater: Intel; Provider GCS is available; Picard version: Version:4.2.2.0
INFO	2021-10-25 22:16:13	AddOrReplaceReadGroups	Created read-group ID=CALEKANXX.5 PL=ILLUMINA LB=SRR12223721 SM=CUL_Kr_Wando2017_1_South_Korea

INFO	2021-10-25 22:16:22	AddOrReplaceReadGroups	Processed     1,000,000 records.  Elapsed time: 00:00:09s.  Time for last 1,000,000:    9s.  Last read position: LG00:5,582,036
INFO	2021-10-25 22:16:32	AddOrReplaceReadGroups	Processed     2,000,000 records.  Elapsed time: 00:00:19s.  Time for last 1,000,000:    9s.  Last read position: LG00:6,768,748
INFO	2021-10-25 22:16:40	AddOrReplaceReadGroups	Processed     3,000,000 records.  Elapsed time: 00:00:27s.  Time for last 1,000,000:    8s.  Last read position: LG00:11,618,553
INFO	2021-10-25 22:16:48	AddOrReplaceReadGroups	Processed     4,000,000 records.  Elapsed time: 00:00:35s.  Time for last 1,000,000:    8s.  Last read position: LG00:16,353,308
INFO	2021-10-25 22:16:57	AddOrReplaceReadGroups	Processed     5,000,000 records.  Elapsed time: 00:00:43s.  Time for last 1,000,000:    8s.  Last read position: LG00:21,688,001
INFO	2021-10-25 22:17:05	AddOrReplaceReadGroups	Processed     6,000,000 records.  Elapsed time: 00:00:51s.  Time for last 1,000,000:    8s.  Last read position: LG00:26,954,038
INFO	2021-10-25 22:17:12	AddOrReplaceReadGroups	Processed     7,000,000 records.  Elapsed time: 00:00:59s.  Time for last 1,000,000:    7s.  Last read position: LG00:32,486,410
INFO	2021-10-25 22:17:20	AddOrReplaceReadGroups	Processed     8,000,000 records.  Elapsed time: 00:01:07s.  Time for last 1,000,000:    7s.  Last read position: LG00:37,393,656
INFO	2021-10-25 22:17:28	AddOrReplaceReadGroups	Processed     9,000,000 records.  Elapsed time: 00:01:14s.  Time for last 1,000,000:    7s.  Last read position: LG00:42,924,792
INFO	2021-10-25 22:17:36	AddOrReplaceReadGroups	Processed    10,000,000 records.  Elapsed time: 00:01:22s.  Time for last 1,000,000:    7s.  Last read position: LG00:48,188,149
INFO	2021-10-25 22:17:43	AddOrReplaceReadGroups	Processed    11,000,000 records.  Elapsed time: 00:01:30s.  Time for last 1,000,000:    7s.  Last read position: LG00:53,641,752
INFO	2021-10-25 22:17:51	AddOrReplaceReadGroups	Processed    12,000,000 records.  Elapsed time: 00:01:37s.  Time for last 1,000,000:    7s.  Last read position: LG00:59,568,451
INFO	2021-10-25 22:17:59	AddOrReplaceReadGroups	Processed    13,000,000 records.  Elapsed time: 00:01:45s.  Time for last 1,000,000:    7s.  Last read position: LG00:65,446,661
INFO	2021-10-25 22:18:06	AddOrReplaceReadGroups	Processed    14,000,000 records.  Elapsed time: 00:01:53s.  Time for last 1,000,000:    7s.  Last read position: LG00:71,646,201
INFO	2021-10-25 22:18:14	AddOrReplaceReadGroups	Processed    15,000,000 records.  Elapsed time: 00:02:00s.  Time for last 1,000,000:    7s.  Last read position: LG00:77,672,836
INFO	2021-10-25 22:18:21	AddOrReplaceReadGroups	Processed    16,000,000 records.  Elapsed time: 00:02:08s.  Time for last 1,000,000:    7s.  Last read position: LG00:83,780,714
INFO	2021-10-25 22:18:29	AddOrReplaceReadGroups	Processed    17,000,000 records.  Elapsed time: 00:02:15s.  Time for last 1,000,000:    7s.  Last read position: LG00:89,558,194
INFO	2021-10-25 22:18:36	AddOrReplaceReadGroups	Processed    18,000,000 records.  Elapsed time: 00:02:23s.  Time for last 1,000,000:    7s.  Last read position: LG00:95,489,852
INFO	2021-10-25 22:18:44	AddOrReplaceReadGroups	Processed    19,000,000 records.  Elapsed time: 00:02:30s.  Time for last 1,000,000:    7s.  Last read position: LG00:102,069,678
INFO	2021-10-25 22:18:51	AddOrReplaceReadGroups	Processed    20,000,000 records.  Elapsed time: 00:02:38s.  Time for last 1,000,000:    7s.  Last read position: LG00:108,926,777
INFO	2021-10-25 22:18:58	AddOrReplaceReadGroups	Processed    21,000,000 records.  Elapsed time: 00:02:45s.  Time for last 1,000,000:    7s.  Last read position: LG00:115,823,902
INFO	2021-10-25 22:19:06	AddOrReplaceReadGroups	Processed    22,000,000 records.  Elapsed time: 00:02:52s.  Time for last 1,000,000:    7s.  Last read position: LG00:122,184,094
INFO	2021-10-25 22:19:13	AddOrReplaceReadGroups	Processed    23,000,000 records.  Elapsed time: 00:03:00s.  Time for last 1,000,000:    7s.  Last read position: LG00:128,721,504
INFO	2021-10-25 22:19:20	AddOrReplaceReadGroups	Processed    24,000,000 records.  Elapsed time: 00:03:07s.  Time for last 1,000,000:    7s.  Last read position: LG00:135,033,804
INFO	2021-10-25 22:19:28	AddOrReplaceReadGroups	Processed    25,000,000 records.  Elapsed time: 00:03:15s.  Time for last 1,000,000:    7s.  Last read position: LG00:141,809,444
INFO	2021-10-25 22:19:35	AddOrReplaceReadGroups	Processed    26,000,000 records.  Elapsed time: 00:03:22s.  Time for last 1,000,000:    7s.  Last read position: LG00:148,561,470
INFO	2021-10-25 22:19:43	AddOrReplaceReadGroups	Processed    27,000,000 records.  Elapsed time: 00:03:29s.  Time for last 1,000,000:    7s.  Last read position: LG00:152,583,819
INFO	2021-10-25 22:19:50	AddOrReplaceReadGroups	Processed    28,000,000 records.  Elapsed time: 00:03:37s.  Time for last 1,000,000:    7s.  Last read position: LG00:156,912,226
INFO	2021-10-25 22:19:57	AddOrReplaceReadGroups	Processed    29,000,000 records.  Elapsed time: 00:03:44s.  Time for last 1,000,000:    7s.  Last read position: LG00:164,111,929
INFO	2021-10-25 22:20:04	AddOrReplaceReadGroups	Processed    30,000,000 records.  Elapsed time: 00:03:51s.  Time for last 1,000,000:    7s.  Last read position: LG00:168,279,001
INFO	2021-10-25 22:20:12	AddOrReplaceReadGroups	Processed    31,000,000 records.  Elapsed time: 00:03:58s.  Time for last 1,000,000:    7s.  Last read position: LG00:169,521,375
INFO	2021-10-25 22:20:19	AddOrReplaceReadGroups	Processed    32,000,000 records.  Elapsed time: 00:04:06s.  Time for last 1,000,000:    7s.  Last read position: LG00:173,760,471
INFO	2021-10-25 22:20:26	AddOrReplaceReadGroups	Processed    33,000,000 records.  Elapsed time: 00:04:13s.  Time for last 1,000,000:    7s.  Last read position: LG01:4,000,000
INFO	2021-10-25 22:20:33	AddOrReplaceReadGroups	Processed    34,000,000 records.  Elapsed time: 00:04:20s.  Time for last 1,000,000:    7s.  Last read position: LG01:8,844,926
INFO	2021-10-25 22:20:41	AddOrReplaceReadGroups	Processed    35,000,000 records.  Elapsed time: 00:04:27s.  Time for last 1,000,000:    7s.  Last read position: LG01:13,881,847
INFO	2021-10-25 22:20:48	AddOrReplaceReadGroups	Processed    36,000,000 records.  Elapsed time: 00:04:34s.  Time for last 1,000,000:    7s.  Last read position: LG01:18,478,973
INFO	2021-10-25 22:20:55	AddOrReplaceReadGroups	Processed    37,000,000 records.  Elapsed time: 00:04:42s.  Time for last 1,000,000:    7s.  Last read position: LG01:23,241,860
INFO	2021-10-25 22:21:03	AddOrReplaceReadGroups	Processed    38,000,000 records.  Elapsed time: 00:04:49s.  Time for last 1,000,000:    7s.  Last read position: LG02:422,929
INFO	2021-10-25 22:21:10	AddOrReplaceReadGroups	Processed    39,000,000 records.  Elapsed time: 00:04:56s.  Time for last 1,000,000:    7s.  Last read position: LG02:4,506,462
INFO	2021-10-25 22:21:17	AddOrReplaceReadGroups	Processed    40,000,000 records.  Elapsed time: 00:05:04s.  Time for last 1,000,000:    7s.  Last read position: LG02:8,881,425
INFO	2021-10-25 22:21:24	AddOrReplaceReadGroups	Processed    41,000,000 records.  Elapsed time: 00:05:11s.  Time for last 1,000,000:    7s.  Last read position: LG02:13,417,735
INFO	2021-10-25 22:21:32	AddOrReplaceReadGroups	Processed    42,000,000 records.  Elapsed time: 00:05:18s.  Time for last 1,000,000:    7s.  Last read position: LG02:17,762,102
INFO	2021-10-25 22:21:39	AddOrReplaceReadGroups	Processed    43,000,000 records.  Elapsed time: 00:05:26s.  Time for last 1,000,000:    7s.  Last read position: LG03:3,093,844
INFO	2021-10-25 22:21:46	AddOrReplaceReadGroups	Processed    44,000,000 records.  Elapsed time: 00:05:33s.  Time for last 1,000,000:    7s.  Last read position: LG03:7,596,072
INFO	2021-10-25 22:21:54	AddOrReplaceReadGroups	Processed    45,000,000 records.  Elapsed time: 00:05:40s.  Time for last 1,000,000:    7s.  Last read position: LG03:12,512,724
INFO	2021-10-25 22:22:01	AddOrReplaceReadGroups	Processed    46,000,000 records.  Elapsed time: 00:05:47s.  Time for last 1,000,000:    7s.  Last read position: LG04:428,337
INFO	2021-10-25 22:22:08	AddOrReplaceReadGroups	Processed    47,000,000 records.  Elapsed time: 00:05:55s.  Time for last 1,000,000:    7s.  Last read position: LG04:5,026,777
INFO	2021-10-25 22:22:15	AddOrReplaceReadGroups	Processed    48,000,000 records.  Elapsed time: 00:06:02s.  Time for last 1,000,000:    7s.  Last read position: LG04:9,464,735
INFO	2021-10-25 22:22:23	AddOrReplaceReadGroups	Processed    49,000,000 records.  Elapsed time: 00:06:09s.  Time for last 1,000,000:    7s.  Last read position: LG04:14,175,400
INFO	2021-10-25 22:22:30	AddOrReplaceReadGroups	Processed    50,000,000 records.  Elapsed time: 00:06:17s.  Time for last 1,000,000:    7s.  Last read position: LG05:2,889,071
INFO	2021-10-25 22:22:37	AddOrReplaceReadGroups	Processed    51,000,000 records.  Elapsed time: 00:06:24s.  Time for last 1,000,000:    7s.  Last read position: LG05:7,185,820
INFO	2021-10-25 22:22:44	AddOrReplaceReadGroups	Processed    52,000,000 records.  Elapsed time: 00:06:31s.  Time for last 1,000,000:    7s.  Last read position: LG05:11,607,254
INFO	2021-10-25 22:22:52	AddOrReplaceReadGroups	Processed    53,000,000 records.  Elapsed time: 00:06:38s.  Time for last 1,000,000:    7s.  Last read position: LG05:16,263,194
INFO	2021-10-25 22:22:59	AddOrReplaceReadGroups	Processed    54,000,000 records.  Elapsed time: 00:06:45s.  Time for last 1,000,000:    7s.  Last read position: LG05:20,941,555
INFO	2021-10-25 22:23:06	AddOrReplaceReadGroups	Processed    55,000,000 records.  Elapsed time: 00:06:53s.  Time for last 1,000,000:    7s.  Last read position: LG06:2,874,046
INFO	2021-10-25 22:23:13	AddOrReplaceReadGroups	Processed    56,000,000 records.  Elapsed time: 00:07:00s.  Time for last 1,000,000:    7s.  Last read position: LG06:7,479,392
INFO	2021-10-25 22:23:21	AddOrReplaceReadGroups	Processed    57,000,000 records.  Elapsed time: 00:07:07s.  Time for last 1,000,000:    7s.  Last read position: LG06:12,202,779
INFO	2021-10-25 22:23:28	AddOrReplaceReadGroups	Processed    58,000,000 records.  Elapsed time: 00:07:14s.  Time for last 1,000,000:    7s.  Last read position: LG07:3,805,431
INFO	2021-10-25 22:23:35	AddOrReplaceReadGroups	Processed    59,000,000 records.  Elapsed time: 00:07:22s.  Time for last 1,000,000:    7s.  Last read position: LG07:8,338,937
INFO	2021-10-25 22:23:42	AddOrReplaceReadGroups	Processed    60,000,000 records.  Elapsed time: 00:07:29s.  Time for last 1,000,000:    7s.  Last read position: LG08:800,670
INFO	2021-10-25 22:23:49	AddOrReplaceReadGroups	Processed    61,000,000 records.  Elapsed time: 00:07:36s.  Time for last 1,000,000:    7s.  Last read position: LG08:5,439,238
INFO	2021-10-25 22:23:57	AddOrReplaceReadGroups	Processed    62,000,000 records.  Elapsed time: 00:07:43s.  Time for last 1,000,000:    7s.  Last read position: LG08:10,567,420
INFO	2021-10-25 22:24:04	AddOrReplaceReadGroups	Processed    63,000,000 records.  Elapsed time: 00:07:51s.  Time for last 1,000,000:    7s.  Last read position: LG08:14,994,684
INFO	2021-10-25 22:24:11	AddOrReplaceReadGroups	Processed    64,000,000 records.  Elapsed time: 00:07:58s.  Time for last 1,000,000:    7s.  Last read position: LG09:2,662,143
INFO	2021-10-25 22:24:19	AddOrReplaceReadGroups	Processed    65,000,000 records.  Elapsed time: 00:08:05s.  Time for last 1,000,000:    7s.  Last read position: LG09:6,154,726
INFO	2021-10-25 22:24:26	AddOrReplaceReadGroups	Processed    66,000,000 records.  Elapsed time: 00:08:12s.  Time for last 1,000,000:    7s.  Last read position: LG09:10,238,720
INFO	2021-10-25 22:24:33	AddOrReplaceReadGroups	Processed    67,000,000 records.  Elapsed time: 00:08:20s.  Time for last 1,000,000:    7s.  Last read position: LG10:1,786,570
INFO	2021-10-25 22:24:40	AddOrReplaceReadGroups	Processed    68,000,000 records.  Elapsed time: 00:08:27s.  Time for last 1,000,000:    7s.  Last read position: LG10:6,080,687
INFO	2021-10-25 22:24:48	AddOrReplaceReadGroups	Processed    69,000,000 records.  Elapsed time: 00:08:34s.  Time for last 1,000,000:    7s.  Last read position: LG10:10,044,819
INFO	2021-10-25 22:24:55	AddOrReplaceReadGroups	Processed    70,000,000 records.  Elapsed time: 00:08:42s.  Time for last 1,000,000:    7s.  Last read position: LG10:14,558,030
INFO	2021-10-25 22:25:02	AddOrReplaceReadGroups	Processed    71,000,000 records.  Elapsed time: 00:08:49s.  Time for last 1,000,000:    7s.  Last read position: LG10:18,774,973
INFO	2021-10-25 22:25:10	AddOrReplaceReadGroups	Processed    72,000,000 records.  Elapsed time: 00:08:56s.  Time for last 1,000,000:    7s.  Last read position: LG10:23,274,095
INFO	2021-10-25 22:25:17	AddOrReplaceReadGroups	Processed    73,000,000 records.  Elapsed time: 00:09:03s.  Time for last 1,000,000:    7s.  Last read position: LG10:27,683,031
INFO	2021-10-25 22:25:24	AddOrReplaceReadGroups	Processed    74,000,000 records.  Elapsed time: 00:09:11s.  Time for last 1,000,000:    7s.  Last read position: LG11:3,379,247
INFO	2021-10-25 22:25:31	AddOrReplaceReadGroups	Processed    75,000,000 records.  Elapsed time: 00:09:18s.  Time for last 1,000,000:    7s.  Last read position: LG11:8,391,044
INFO	2021-10-25 22:25:39	AddOrReplaceReadGroups	Processed    76,000,000 records.  Elapsed time: 00:09:25s.  Time for last 1,000,000:    7s.  Last read position: LG11:12,979,568
INFO	2021-10-25 22:25:46	AddOrReplaceReadGroups	Processed    77,000,000 records.  Elapsed time: 00:09:32s.  Time for last 1,000,000:    7s.  Last read position: LG11:17,151,731
INFO	2021-10-25 22:25:53	AddOrReplaceReadGroups	Processed    78,000,000 records.  Elapsed time: 00:09:40s.  Time for last 1,000,000:    7s.  Last read position: LG11:22,261,984
INFO	2021-10-25 22:26:00	AddOrReplaceReadGroups	Processed    79,000,000 records.  Elapsed time: 00:09:47s.  Time for last 1,000,000:    7s.  Last read position: LG12:119,570
INFO	2021-10-25 22:26:08	AddOrReplaceReadGroups	Processed    80,000,000 records.  Elapsed time: 00:09:54s.  Time for last 1,000,000:    7s.  Last read position: LG12:4,600,901
INFO	2021-10-25 22:26:15	AddOrReplaceReadGroups	Processed    81,000,000 records.  Elapsed time: 00:10:02s.  Time for last 1,000,000:    7s.  Last read position: LG12:9,029,431
INFO	2021-10-25 22:26:22	AddOrReplaceReadGroups	Processed    82,000,000 records.  Elapsed time: 00:10:09s.  Time for last 1,000,000:    7s.  Last read position: LG12:13,633,190
INFO	2021-10-25 22:26:30	AddOrReplaceReadGroups	Processed    83,000,000 records.  Elapsed time: 00:10:16s.  Time for last 1,000,000:    7s.  Last read position: LG13:3,475,974
INFO	2021-10-25 22:26:37	AddOrReplaceReadGroups	Processed    84,000,000 records.  Elapsed time: 00:10:23s.  Time for last 1,000,000:    7s.  Last read position: LG13:7,618,324
INFO	2021-10-25 22:26:44	AddOrReplaceReadGroups	Processed    85,000,000 records.  Elapsed time: 00:10:31s.  Time for last 1,000,000:    7s.  Last read position: LG13:11,710,653
INFO	2021-10-25 22:26:52	AddOrReplaceReadGroups	Processed    86,000,000 records.  Elapsed time: 00:10:38s.  Time for last 1,000,000:    7s.  Last read position: LG14:1,191,276
INFO	2021-10-25 22:26:59	AddOrReplaceReadGroups	Processed    87,000,000 records.  Elapsed time: 00:10:45s.  Time for last 1,000,000:    7s.  Last read position: LG14:5,593,733
INFO	2021-10-25 22:27:06	AddOrReplaceReadGroups	Processed    88,000,000 records.  Elapsed time: 00:10:53s.  Time for last 1,000,000:    7s.  Last read position: LG14:9,941,889
INFO	2021-10-25 22:27:13	AddOrReplaceReadGroups	Processed    89,000,000 records.  Elapsed time: 00:11:00s.  Time for last 1,000,000:    7s.  Last read position: LG15:631,782
INFO	2021-10-25 22:27:21	AddOrReplaceReadGroups	Processed    90,000,000 records.  Elapsed time: 00:11:07s.  Time for last 1,000,000:    7s.  Last read position: LG15:4,587,820
INFO	2021-10-25 22:27:28	AddOrReplaceReadGroups	Processed    91,000,000 records.  Elapsed time: 00:11:14s.  Time for last 1,000,000:    7s.  Last read position: LG15:9,276,713
INFO	2021-10-25 22:27:35	AddOrReplaceReadGroups	Processed    92,000,000 records.  Elapsed time: 00:11:22s.  Time for last 1,000,000:    7s.  Last read position: LG15:13,485,946
INFO	2021-10-25 22:27:42	AddOrReplaceReadGroups	Processed    93,000,000 records.  Elapsed time: 00:11:29s.  Time for last 1,000,000:    7s.  Last read position: LG15:17,884,254
INFO	2021-10-25 22:27:50	AddOrReplaceReadGroups	Processed    94,000,000 records.  Elapsed time: 00:11:36s.  Time for last 1,000,000:    7s.  Last read position: LG16:3,429,791
INFO	2021-10-25 22:27:57	AddOrReplaceReadGroups	Processed    95,000,000 records.  Elapsed time: 00:11:43s.  Time for last 1,000,000:    7s.  Last read position: LG16:8,347,795
INFO	2021-10-25 22:28:04	AddOrReplaceReadGroups	Processed    96,000,000 records.  Elapsed time: 00:11:51s.  Time for last 1,000,000:    7s.  Last read position: LG16:12,659,032
INFO	2021-10-25 22:28:11	AddOrReplaceReadGroups	Processed    97,000,000 records.  Elapsed time: 00:11:58s.  Time for last 1,000,000:    7s.  Last read position: LG17:1,151,339
INFO	2021-10-25 22:28:19	AddOrReplaceReadGroups	Processed    98,000,000 records.  Elapsed time: 00:12:05s.  Time for last 1,000,000:    7s.  Last read position: LG17:4,231,556
INFO	2021-10-25 22:28:26	AddOrReplaceReadGroups	Processed    99,000,000 records.  Elapsed time: 00:12:13s.  Time for last 1,000,000:    7s.  Last read position: LG17:8,246,676
INFO	2021-10-25 22:28:33	AddOrReplaceReadGroups	Processed   100,000,000 records.  Elapsed time: 00:12:20s.  Time for last 1,000,000:    7s.  Last read position: LG18:423,360
INFO	2021-10-25 22:28:40	AddOrReplaceReadGroups	Processed   101,000,000 records.  Elapsed time: 00:12:27s.  Time for last 1,000,000:    7s.  Last read position: LG18:5,192,783
INFO	2021-10-25 22:28:48	AddOrReplaceReadGroups	Processed   102,000,000 records.  Elapsed time: 00:12:34s.  Time for last 1,000,000:    7s.  Last read position: LG18:9,333,874
INFO	2021-10-25 22:28:55	AddOrReplaceReadGroups	Processed   103,000,000 records.  Elapsed time: 00:12:42s.  Time for last 1,000,000:    7s.  Last read position: LG19:1,096,789
INFO	2021-10-25 22:29:02	AddOrReplaceReadGroups	Processed   104,000,000 records.  Elapsed time: 00:12:49s.  Time for last 1,000,000:    7s.  Last read position: LG19:4,774,473
INFO	2021-10-25 22:29:10	AddOrReplaceReadGroups	Processed   105,000,000 records.  Elapsed time: 00:12:56s.  Time for last 1,000,000:    7s.  Last read position: LG19:8,907,203
INFO	2021-10-25 22:29:17	AddOrReplaceReadGroups	Processed   106,000,000 records.  Elapsed time: 00:13:04s.  Time for last 1,000,000:    7s.  Last read position: LG19:13,275,498
INFO	2021-10-25 22:29:25	AddOrReplaceReadGroups	Processed   107,000,000 records.  Elapsed time: 00:13:12s.  Time for last 1,000,000:    7s.  Last read position: LG20:2,666,446
INFO	2021-10-25 22:29:32	AddOrReplaceReadGroups	Processed   108,000,000 records.  Elapsed time: 00:13:19s.  Time for last 1,000,000:    7s.  Last read position: LG20:7,476,672
INFO	2021-10-25 22:29:40	AddOrReplaceReadGroups	Processed   109,000,000 records.  Elapsed time: 00:13:26s.  Time for last 1,000,000:    7s.  Last read position: LG20:11,539,261
INFO	2021-10-25 22:29:47	AddOrReplaceReadGroups	Processed   110,000,000 records.  Elapsed time: 00:13:33s.  Time for last 1,000,000:    7s.  Last read position: LG21:2,977,572
INFO	2021-10-25 22:29:54	AddOrReplaceReadGroups	Processed   111,000,000 records.  Elapsed time: 00:13:41s.  Time for last 1,000,000:    7s.  Last read position: LG21:7,366,328
INFO	2021-10-25 22:30:01	AddOrReplaceReadGroups	Processed   112,000,000 records.  Elapsed time: 00:13:48s.  Time for last 1,000,000:    7s.  Last read position: LG21:11,908,578
INFO	2021-10-25 22:30:09	AddOrReplaceReadGroups	Processed   113,000,000 records.  Elapsed time: 00:13:55s.  Time for last 1,000,000:    7s.  Last read position: LG22:1,606,233
INFO	2021-10-25 22:30:16	AddOrReplaceReadGroups	Processed   114,000,000 records.  Elapsed time: 00:14:03s.  Time for last 1,000,000:    7s.  Last read position: LG22:5,341,276
INFO	2021-10-25 22:30:23	AddOrReplaceReadGroups	Processed   115,000,000 records.  Elapsed time: 00:14:10s.  Time for last 1,000,000:    7s.  Last read position: LG22:9,734,756
INFO	2021-10-25 22:30:31	AddOrReplaceReadGroups	Processed   116,000,000 records.  Elapsed time: 00:14:17s.  Time for last 1,000,000:    7s.  Last read position: LG23:2,152,336
INFO	2021-10-25 22:30:38	AddOrReplaceReadGroups	Processed   117,000,000 records.  Elapsed time: 00:14:25s.  Time for last 1,000,000:    7s.  Last read position: LG23:6,310,942
INFO	2021-10-25 22:30:45	AddOrReplaceReadGroups	Processed   118,000,000 records.  Elapsed time: 00:14:32s.  Time for last 1,000,000:    7s.  Last read position: LG23:10,116,715
INFO	2021-10-25 22:30:53	AddOrReplaceReadGroups	Processed   119,000,000 records.  Elapsed time: 00:14:39s.  Time for last 1,000,000:    7s.  Last read position: LG23:14,260,739
INFO	2021-10-25 22:31:00	AddOrReplaceReadGroups	Processed   120,000,000 records.  Elapsed time: 00:14:47s.  Time for last 1,000,000:    7s.  Last read position: LG24:1,951,664
INFO	2021-10-25 22:31:08	AddOrReplaceReadGroups	Processed   121,000,000 records.  Elapsed time: 00:14:54s.  Time for last 1,000,000:    7s.  Last read position: LG24:6,407,935
INFO	2021-10-25 22:31:15	AddOrReplaceReadGroups	Processed   122,000,000 records.  Elapsed time: 00:15:02s.  Time for last 1,000,000:    7s.  Last read position: LG24:11,502,944
INFO	2021-10-25 22:31:22	AddOrReplaceReadGroups	Processed   123,000,000 records.  Elapsed time: 00:15:09s.  Time for last 1,000,000:    7s.  Last read position: LG25:2,069,319
INFO	2021-10-25 22:31:30	AddOrReplaceReadGroups	Processed   124,000,000 records.  Elapsed time: 00:15:16s.  Time for last 1,000,000:    7s.  Last read position: LG25:6,721,582
INFO	2021-10-25 22:31:37	AddOrReplaceReadGroups	Processed   125,000,000 records.  Elapsed time: 00:15:24s.  Time for last 1,000,000:    7s.  Last read position: LG25:11,403,362
INFO	2021-10-25 22:31:44	AddOrReplaceReadGroups	Processed   126,000,000 records.  Elapsed time: 00:15:31s.  Time for last 1,000,000:    7s.  Last read position: LG26:1,644,503
INFO	2021-10-25 22:31:52	AddOrReplaceReadGroups	Processed   127,000,000 records.  Elapsed time: 00:15:38s.  Time for last 1,000,000:    7s.  Last read position: LG26:5,497,729
INFO	2021-10-25 22:31:59	AddOrReplaceReadGroups	Processed   128,000,000 records.  Elapsed time: 00:15:45s.  Time for last 1,000,000:    7s.  Last read position: LG26:10,185,493
INFO	2021-10-25 22:32:06	AddOrReplaceReadGroups	Processed   129,000,000 records.  Elapsed time: 00:15:53s.  Time for last 1,000,000:    7s.  Last read position: LG27:1,339,823
INFO	2021-10-25 22:32:13	AddOrReplaceReadGroups	Processed   130,000,000 records.  Elapsed time: 00:16:00s.  Time for last 1,000,000:    7s.  Last read position: LG27:6,140,926
INFO	2021-10-25 22:32:20	AddOrReplaceReadGroups	Processed   131,000,000 records.  Elapsed time: 00:16:07s.  Time for last 1,000,000:    7s.  Last read position: LG27:10,575,460
INFO	2021-10-25 22:32:28	AddOrReplaceReadGroups	Processed   132,000,000 records.  Elapsed time: 00:16:14s.  Time for last 1,000,000:    7s.  Last read position: LG28:2,904,201
INFO	2021-10-25 22:32:35	AddOrReplaceReadGroups	Processed   133,000,000 records.  Elapsed time: 00:16:22s.  Time for last 1,000,000:    7s.  Last read position: LG28:7,608,675
INFO	2021-10-25 22:32:42	AddOrReplaceReadGroups	Processed   134,000,000 records.  Elapsed time: 00:16:29s.  Time for last 1,000,000:    7s.  Last read position: LG29:5,766
INFO	2021-10-25 22:32:49	AddOrReplaceReadGroups	Processed   135,000,000 records.  Elapsed time: 00:16:36s.  Time for last 1,000,000:    7s.  Last read position: LG29:4,111,637
INFO	2021-10-25 22:32:57	AddOrReplaceReadGroups	Processed   136,000,000 records.  Elapsed time: 00:16:43s.  Time for last 1,000,000:    7s.  Last read position: LG30:2,971,886
INFO	2021-10-25 22:33:04	AddOrReplaceReadGroups	Processed   137,000,000 records.  Elapsed time: 00:16:50s.  Time for last 1,000,000:    7s.  Last read position: LG30:7,997,738
INFO	2021-10-25 22:33:11	AddOrReplaceReadGroups	Processed   138,000,000 records.  Elapsed time: 00:16:58s.  Time for last 1,000,000:    7s.  Last read position: UNPIN3877:20,185
INFO	2021-10-25 22:33:18	AddOrReplaceReadGroups	Processed   139,000,000 records.  Elapsed time: 00:17:05s.  Time for last 1,000,000:    7s.  Last read position: UNPIN3877:49,761
INFO	2021-10-25 22:33:25	AddOrReplaceReadGroups	Processed   140,000,000 records.  Elapsed time: 00:17:12s.  Time for last 1,000,000:    7s.  Last read position: UNPIN3877:79,884
INFO	2021-10-25 22:33:32	AddOrReplaceReadGroups	Processed   141,000,000 records.  Elapsed time: 00:17:19s.  Time for last 1,000,000:    6s.  Last read position: UNPIN3877:109,520
INFO	2021-10-25 22:33:39	AddOrReplaceReadGroups	Processed   142,000,000 records.  Elapsed time: 00:17:26s.  Time for last 1,000,000:    6s.  Last read position: UNPIN3878:20,510
INFO	2021-10-25 22:33:45	AddOrReplaceReadGroups	Processed   143,000,000 records.  Elapsed time: 00:17:31s.  Time for last 1,000,000:    5s.  Last read position: */*
INFO	2021-10-25 22:33:50	AddOrReplaceReadGroups	Processed   144,000,000 records.  Elapsed time: 00:17:37s.  Time for last 1,000,000:    5s.  Last read position: */*
INFO	2021-10-25 22:33:55	AddOrReplaceReadGroups	Processed   145,000,000 records.  Elapsed time: 00:17:41s.  Time for last 1,000,000:    4s.  Last read position: */*
INFO	2021-10-25 22:34:00	AddOrReplaceReadGroups	Processed   146,000,000 records.  Elapsed time: 00:17:46s.  Time for last 1,000,000:    4s.  Last read position: */*
INFO	2021-10-25 22:34:05	AddOrReplaceReadGroups	Processed   147,000,000 records.  Elapsed time: 00:17:51s.  Time for last 1,000,000:    4s.  Last read position: */*
[Mon Oct 25 22:34:08 PDT 2021] picard.sam.AddOrReplaceReadGroups done. Elapsed time: 17.94 minutes.
Runtime.totalMemory()=46473216
Tool returned:
0
