==========================================
SLURM_JOB_ID = 2288127
SLURM_JOB_NODELIST = b08-10
TMPDIR = /tmp/SLURM_2288127
==========================================
Running Sample ID SRR12223703_SRP271933_Undaria_pinnatifida_individual_6_2016-04-05_INTRO_Fr_Thau_1_France with options  --RGID C9F9CANXX.3 --RGLB SRR12223703 --RGPL ILLUMINA --RGPU C9F9CANXX.3.SRR12223703 --RGSM INTRO_Fr_Thau_1_France 
Using GATK jar /home1/mharden/.conda/envs/gatk4/share/gatk4-4.2.2.0-1/gatk-package-4.2.2.0-local.jar
Running:
    java -Dsamjdk.use_async_io_read_samtools=false -Dsamjdk.use_async_io_write_samtools=true -Dsamjdk.use_async_io_write_tribble=false -Dsamjdk.compression_level=2 -jar /home1/mharden/.conda/envs/gatk4/share/gatk4-4.2.2.0-1/gatk-package-4.2.2.0-local.jar AddOrReplaceReadGroups -I SRR12223703_SRP271933_Undaria_pinnatifida_individual_6_2016-04-05_INTRO_Fr_Thau_1_France.sorted.bam -O SRR12223703_SRP271933_Undaria_pinnatifida_individual_6_2016-04-05_INTRO_Fr_Thau_1_France.RG.sorted.bam --RGID C9F9CANXX.3 --RGLB SRR12223703 --RGPL ILLUMINA --RGPU C9F9CANXX.3.SRR12223703 --RGSM INTRO_Fr_Thau_1_France
21:49:19.348 INFO  NativeLibraryLoader - Loading libgkl_compression.so from jar:file:/home1/mharden/.conda/envs/gatk4/share/gatk4-4.2.2.0-1/gatk-package-4.2.2.0-local.jar!/com/intel/gkl/native/libgkl_compression.so
[Mon Oct 25 21:49:19 PDT 2021] AddOrReplaceReadGroups --INPUT SRR12223703_SRP271933_Undaria_pinnatifida_individual_6_2016-04-05_INTRO_Fr_Thau_1_France.sorted.bam --OUTPUT SRR12223703_SRP271933_Undaria_pinnatifida_individual_6_2016-04-05_INTRO_Fr_Thau_1_France.RG.sorted.bam --RGID C9F9CANXX.3 --RGLB SRR12223703 --RGPL ILLUMINA --RGPU C9F9CANXX.3.SRR12223703 --RGSM INTRO_Fr_Thau_1_France --VERBOSITY INFO --QUIET false --VALIDATION_STRINGENCY STRICT --COMPRESSION_LEVEL 2 --MAX_RECORDS_IN_RAM 500000 --CREATE_INDEX false --CREATE_MD5_FILE false --GA4GH_CLIENT_SECRETS client_secrets.json --help false --version false --showHidden false --USE_JDK_DEFLATER false --USE_JDK_INFLATER false
Oct 25, 2021 9:49:19 PM shaded.cloud_nio.com.google.auth.oauth2.ComputeEngineCredentials runningOnComputeEngine
INFO: Failed to detect whether we are running on Google Compute Engine.
[Mon Oct 25 21:49:19 PDT 2021] Executing as mharden@b08-10.hpc.usc.edu on Linux 3.10.0-1062.4.1.el7.x86_64 amd64; OpenJDK 64-Bit Server VM 1.8.0_302-b08; Deflater: Intel; Inflater: Intel; Provider GCS is available; Picard version: Version:4.2.2.0
INFO	2021-10-25 21:49:19	AddOrReplaceReadGroups	Created read-group ID=C9F9CANXX.3 PL=ILLUMINA LB=SRR12223703 SM=INTRO_Fr_Thau_1_France

INFO	2021-10-25 21:49:29	AddOrReplaceReadGroups	Processed     1,000,000 records.  Elapsed time: 00:00:10s.  Time for last 1,000,000:   10s.  Last read position: LG00:4,431,571
INFO	2021-10-25 21:49:38	AddOrReplaceReadGroups	Processed     2,000,000 records.  Elapsed time: 00:00:19s.  Time for last 1,000,000:    8s.  Last read position: LG00:6,766,681
INFO	2021-10-25 21:49:47	AddOrReplaceReadGroups	Processed     3,000,000 records.  Elapsed time: 00:00:27s.  Time for last 1,000,000:    8s.  Last read position: LG00:9,055,765
INFO	2021-10-25 21:49:55	AddOrReplaceReadGroups	Processed     4,000,000 records.  Elapsed time: 00:00:35s.  Time for last 1,000,000:    8s.  Last read position: LG00:13,454,791
INFO	2021-10-25 21:50:03	AddOrReplaceReadGroups	Processed     5,000,000 records.  Elapsed time: 00:00:44s.  Time for last 1,000,000:    8s.  Last read position: LG00:17,242,451
INFO	2021-10-25 21:50:11	AddOrReplaceReadGroups	Processed     6,000,000 records.  Elapsed time: 00:00:51s.  Time for last 1,000,000:    7s.  Last read position: LG00:21,808,224
INFO	2021-10-25 21:50:19	AddOrReplaceReadGroups	Processed     7,000,000 records.  Elapsed time: 00:01:00s.  Time for last 1,000,000:    8s.  Last read position: LG00:26,056,214
INFO	2021-10-25 21:50:27	AddOrReplaceReadGroups	Processed     8,000,000 records.  Elapsed time: 00:01:08s.  Time for last 1,000,000:    7s.  Last read position: LG00:30,233,817
INFO	2021-10-25 21:50:35	AddOrReplaceReadGroups	Processed     9,000,000 records.  Elapsed time: 00:01:15s.  Time for last 1,000,000:    7s.  Last read position: LG00:34,265,426
INFO	2021-10-25 21:50:43	AddOrReplaceReadGroups	Processed    10,000,000 records.  Elapsed time: 00:01:23s.  Time for last 1,000,000:    7s.  Last read position: LG00:38,680,773
INFO	2021-10-25 21:50:51	AddOrReplaceReadGroups	Processed    11,000,000 records.  Elapsed time: 00:01:31s.  Time for last 1,000,000:    7s.  Last read position: LG00:43,073,343
INFO	2021-10-25 21:50:59	AddOrReplaceReadGroups	Processed    12,000,000 records.  Elapsed time: 00:01:39s.  Time for last 1,000,000:    7s.  Last read position: LG00:47,540,602
INFO	2021-10-25 21:51:07	AddOrReplaceReadGroups	Processed    13,000,000 records.  Elapsed time: 00:01:47s.  Time for last 1,000,000:    7s.  Last read position: LG00:52,037,242
INFO	2021-10-25 21:51:14	AddOrReplaceReadGroups	Processed    14,000,000 records.  Elapsed time: 00:01:54s.  Time for last 1,000,000:    7s.  Last read position: LG00:57,373,721
INFO	2021-10-25 21:51:22	AddOrReplaceReadGroups	Processed    15,000,000 records.  Elapsed time: 00:02:02s.  Time for last 1,000,000:    7s.  Last read position: LG00:61,831,411
INFO	2021-10-25 21:51:29	AddOrReplaceReadGroups	Processed    16,000,000 records.  Elapsed time: 00:02:10s.  Time for last 1,000,000:    7s.  Last read position: LG00:67,436,999
INFO	2021-10-25 21:51:37	AddOrReplaceReadGroups	Processed    17,000,000 records.  Elapsed time: 00:02:17s.  Time for last 1,000,000:    7s.  Last read position: LG00:72,317,472
INFO	2021-10-25 21:51:45	AddOrReplaceReadGroups	Processed    18,000,000 records.  Elapsed time: 00:02:25s.  Time for last 1,000,000:    7s.  Last read position: LG00:77,513,267
INFO	2021-10-25 21:51:52	AddOrReplaceReadGroups	Processed    19,000,000 records.  Elapsed time: 00:02:32s.  Time for last 1,000,000:    7s.  Last read position: LG00:82,278,372
INFO	2021-10-25 21:51:59	AddOrReplaceReadGroups	Processed    20,000,000 records.  Elapsed time: 00:02:40s.  Time for last 1,000,000:    7s.  Last read position: LG00:87,338,236
INFO	2021-10-25 21:52:07	AddOrReplaceReadGroups	Processed    21,000,000 records.  Elapsed time: 00:02:47s.  Time for last 1,000,000:    7s.  Last read position: LG00:92,531,835
INFO	2021-10-25 21:52:14	AddOrReplaceReadGroups	Processed    22,000,000 records.  Elapsed time: 00:02:55s.  Time for last 1,000,000:    7s.  Last read position: LG00:97,823,802
INFO	2021-10-25 21:52:22	AddOrReplaceReadGroups	Processed    23,000,000 records.  Elapsed time: 00:03:02s.  Time for last 1,000,000:    7s.  Last read position: LG00:102,970,438
INFO	2021-10-25 21:52:29	AddOrReplaceReadGroups	Processed    24,000,000 records.  Elapsed time: 00:03:09s.  Time for last 1,000,000:    7s.  Last read position: LG00:108,450,852
INFO	2021-10-25 21:52:37	AddOrReplaceReadGroups	Processed    25,000,000 records.  Elapsed time: 00:03:17s.  Time for last 1,000,000:    7s.  Last read position: LG00:114,086,034
INFO	2021-10-25 21:52:44	AddOrReplaceReadGroups	Processed    26,000,000 records.  Elapsed time: 00:03:24s.  Time for last 1,000,000:    7s.  Last read position: LG00:119,053,117
INFO	2021-10-25 21:52:51	AddOrReplaceReadGroups	Processed    27,000,000 records.  Elapsed time: 00:03:32s.  Time for last 1,000,000:    7s.  Last read position: LG00:124,676,873
INFO	2021-10-25 21:52:59	AddOrReplaceReadGroups	Processed    28,000,000 records.  Elapsed time: 00:03:39s.  Time for last 1,000,000:    7s.  Last read position: LG00:130,410,845
INFO	2021-10-25 21:53:06	AddOrReplaceReadGroups	Processed    29,000,000 records.  Elapsed time: 00:03:46s.  Time for last 1,000,000:    7s.  Last read position: LG00:135,723,818
INFO	2021-10-25 21:53:14	AddOrReplaceReadGroups	Processed    30,000,000 records.  Elapsed time: 00:03:54s.  Time for last 1,000,000:    7s.  Last read position: LG00:141,355,430
INFO	2021-10-25 21:53:21	AddOrReplaceReadGroups	Processed    31,000,000 records.  Elapsed time: 00:04:01s.  Time for last 1,000,000:    7s.  Last read position: LG00:147,183,492
INFO	2021-10-25 21:53:28	AddOrReplaceReadGroups	Processed    32,000,000 records.  Elapsed time: 00:04:09s.  Time for last 1,000,000:    7s.  Last read position: LG00:152,566,579
INFO	2021-10-25 21:53:36	AddOrReplaceReadGroups	Processed    33,000,000 records.  Elapsed time: 00:04:16s.  Time for last 1,000,000:    7s.  Last read position: LG00:154,050,514
INFO	2021-10-25 21:53:43	AddOrReplaceReadGroups	Processed    34,000,000 records.  Elapsed time: 00:04:23s.  Time for last 1,000,000:    7s.  Last read position: LG00:159,730,260
INFO	2021-10-25 21:53:51	AddOrReplaceReadGroups	Processed    35,000,000 records.  Elapsed time: 00:04:31s.  Time for last 1,000,000:    7s.  Last read position: LG00:165,482,297
INFO	2021-10-25 21:53:58	AddOrReplaceReadGroups	Processed    36,000,000 records.  Elapsed time: 00:04:38s.  Time for last 1,000,000:    7s.  Last read position: LG00:168,279,003
INFO	2021-10-25 21:54:06	AddOrReplaceReadGroups	Processed    37,000,000 records.  Elapsed time: 00:04:46s.  Time for last 1,000,000:    7s.  Last read position: LG00:168,535,313
INFO	2021-10-25 21:54:13	AddOrReplaceReadGroups	Processed    38,000,000 records.  Elapsed time: 00:04:53s.  Time for last 1,000,000:    7s.  Last read position: LG00:172,725,645
INFO	2021-10-25 21:54:20	AddOrReplaceReadGroups	Processed    39,000,000 records.  Elapsed time: 00:05:01s.  Time for last 1,000,000:    7s.  Last read position: LG01:2,654,541
INFO	2021-10-25 21:54:28	AddOrReplaceReadGroups	Processed    40,000,000 records.  Elapsed time: 00:05:08s.  Time for last 1,000,000:    7s.  Last read position: LG01:6,257,684
INFO	2021-10-25 21:54:35	AddOrReplaceReadGroups	Processed    41,000,000 records.  Elapsed time: 00:05:15s.  Time for last 1,000,000:    7s.  Last read position: LG01:9,855,000
INFO	2021-10-25 21:54:42	AddOrReplaceReadGroups	Processed    42,000,000 records.  Elapsed time: 00:05:22s.  Time for last 1,000,000:    7s.  Last read position: LG01:13,854,794
INFO	2021-10-25 21:54:49	AddOrReplaceReadGroups	Processed    43,000,000 records.  Elapsed time: 00:05:29s.  Time for last 1,000,000:    7s.  Last read position: LG01:17,447,251
INFO	2021-10-25 21:54:56	AddOrReplaceReadGroups	Processed    44,000,000 records.  Elapsed time: 00:05:37s.  Time for last 1,000,000:    7s.  Last read position: LG01:21,572,339
INFO	2021-10-25 21:55:04	AddOrReplaceReadGroups	Processed    45,000,000 records.  Elapsed time: 00:05:44s.  Time for last 1,000,000:    7s.  Last read position: LG01:24,924,845
INFO	2021-10-25 21:55:11	AddOrReplaceReadGroups	Processed    46,000,000 records.  Elapsed time: 00:05:51s.  Time for last 1,000,000:    7s.  Last read position: LG02:1,290,587
INFO	2021-10-25 21:55:18	AddOrReplaceReadGroups	Processed    47,000,000 records.  Elapsed time: 00:05:58s.  Time for last 1,000,000:    7s.  Last read position: LG02:4,514,309
INFO	2021-10-25 21:55:25	AddOrReplaceReadGroups	Processed    48,000,000 records.  Elapsed time: 00:06:05s.  Time for last 1,000,000:    7s.  Last read position: LG02:7,878,039
INFO	2021-10-25 21:55:33	AddOrReplaceReadGroups	Processed    49,000,000 records.  Elapsed time: 00:06:13s.  Time for last 1,000,000:    7s.  Last read position: LG02:11,312,104
INFO	2021-10-25 21:55:40	AddOrReplaceReadGroups	Processed    50,000,000 records.  Elapsed time: 00:06:20s.  Time for last 1,000,000:    7s.  Last read position: LG02:14,861,712
INFO	2021-10-25 21:55:47	AddOrReplaceReadGroups	Processed    51,000,000 records.  Elapsed time: 00:06:27s.  Time for last 1,000,000:    7s.  Last read position: LG02:17,541,826
INFO	2021-10-25 21:55:54	AddOrReplaceReadGroups	Processed    52,000,000 records.  Elapsed time: 00:06:34s.  Time for last 1,000,000:    7s.  Last read position: LG03:1,978,664
INFO	2021-10-25 21:56:01	AddOrReplaceReadGroups	Processed    53,000,000 records.  Elapsed time: 00:06:42s.  Time for last 1,000,000:    7s.  Last read position: LG03:5,713,946
INFO	2021-10-25 21:56:09	AddOrReplaceReadGroups	Processed    54,000,000 records.  Elapsed time: 00:06:49s.  Time for last 1,000,000:    7s.  Last read position: LG03:9,641,397
INFO	2021-10-25 21:56:16	AddOrReplaceReadGroups	Processed    55,000,000 records.  Elapsed time: 00:06:56s.  Time for last 1,000,000:    7s.  Last read position: LG03:13,767,062
INFO	2021-10-25 21:56:23	AddOrReplaceReadGroups	Processed    56,000,000 records.  Elapsed time: 00:07:03s.  Time for last 1,000,000:    7s.  Last read position: LG04:1,823,271
INFO	2021-10-25 21:56:31	AddOrReplaceReadGroups	Processed    57,000,000 records.  Elapsed time: 00:07:11s.  Time for last 1,000,000:    7s.  Last read position: LG04:5,755,322
INFO	2021-10-25 21:56:38	AddOrReplaceReadGroups	Processed    58,000,000 records.  Elapsed time: 00:07:18s.  Time for last 1,000,000:    7s.  Last read position: LG04:9,166,421
INFO	2021-10-25 21:56:46	AddOrReplaceReadGroups	Processed    59,000,000 records.  Elapsed time: 00:07:26s.  Time for last 1,000,000:    7s.  Last read position: LG04:12,972,890
INFO	2021-10-25 21:56:53	AddOrReplaceReadGroups	Processed    60,000,000 records.  Elapsed time: 00:07:33s.  Time for last 1,000,000:    7s.  Last read position: LG05:896,138
INFO	2021-10-25 21:57:00	AddOrReplaceReadGroups	Processed    61,000,000 records.  Elapsed time: 00:07:40s.  Time for last 1,000,000:    7s.  Last read position: LG05:4,711,102
INFO	2021-10-25 21:57:07	AddOrReplaceReadGroups	Processed    62,000,000 records.  Elapsed time: 00:07:47s.  Time for last 1,000,000:    7s.  Last read position: LG05:7,842,890
INFO	2021-10-25 21:57:14	AddOrReplaceReadGroups	Processed    63,000,000 records.  Elapsed time: 00:07:54s.  Time for last 1,000,000:    7s.  Last read position: LG05:11,362,756
INFO	2021-10-25 21:57:21	AddOrReplaceReadGroups	Processed    64,000,000 records.  Elapsed time: 00:08:02s.  Time for last 1,000,000:    7s.  Last read position: LG05:15,028,180
INFO	2021-10-25 21:57:28	AddOrReplaceReadGroups	Processed    65,000,000 records.  Elapsed time: 00:08:09s.  Time for last 1,000,000:    7s.  Last read position: LG05:18,730,442
INFO	2021-10-25 21:57:36	AddOrReplaceReadGroups	Processed    66,000,000 records.  Elapsed time: 00:08:16s.  Time for last 1,000,000:    7s.  Last read position: LG06:207,276
INFO	2021-10-25 21:57:43	AddOrReplaceReadGroups	Processed    67,000,000 records.  Elapsed time: 00:08:23s.  Time for last 1,000,000:    7s.  Last read position: LG06:3,451,272
INFO	2021-10-25 21:57:50	AddOrReplaceReadGroups	Processed    68,000,000 records.  Elapsed time: 00:08:30s.  Time for last 1,000,000:    7s.  Last read position: LG06:7,308,581
INFO	2021-10-25 21:57:57	AddOrReplaceReadGroups	Processed    69,000,000 records.  Elapsed time: 00:08:37s.  Time for last 1,000,000:    7s.  Last read position: LG06:11,205,275
INFO	2021-10-25 21:58:04	AddOrReplaceReadGroups	Processed    70,000,000 records.  Elapsed time: 00:08:45s.  Time for last 1,000,000:    7s.  Last read position: LG07:2,188,256
INFO	2021-10-25 21:58:12	AddOrReplaceReadGroups	Processed    71,000,000 records.  Elapsed time: 00:08:52s.  Time for last 1,000,000:    7s.  Last read position: LG07:5,358,155
INFO	2021-10-25 21:58:19	AddOrReplaceReadGroups	Processed    72,000,000 records.  Elapsed time: 00:08:59s.  Time for last 1,000,000:    7s.  Last read position: LG07:9,266,744
INFO	2021-10-25 21:58:27	AddOrReplaceReadGroups	Processed    73,000,000 records.  Elapsed time: 00:09:07s.  Time for last 1,000,000:    7s.  Last read position: LG08:936,183
INFO	2021-10-25 21:58:38	AddOrReplaceReadGroups	Processed    74,000,000 records.  Elapsed time: 00:09:18s.  Time for last 1,000,000:   11s.  Last read position: LG08:4,360,174
INFO	2021-10-25 21:58:53	AddOrReplaceReadGroups	Processed    75,000,000 records.  Elapsed time: 00:09:33s.  Time for last 1,000,000:   15s.  Last read position: LG08:8,366,066
INFO	2021-10-25 21:59:01	AddOrReplaceReadGroups	Processed    76,000,000 records.  Elapsed time: 00:09:42s.  Time for last 1,000,000:    8s.  Last read position: LG08:12,162,537
INFO	2021-10-25 21:59:09	AddOrReplaceReadGroups	Processed    77,000,000 records.  Elapsed time: 00:09:49s.  Time for last 1,000,000:    7s.  Last read position: LG09:532,434
INFO	2021-10-25 21:59:16	AddOrReplaceReadGroups	Processed    78,000,000 records.  Elapsed time: 00:09:56s.  Time for last 1,000,000:    7s.  Last read position: LG09:3,083,686
INFO	2021-10-25 21:59:23	AddOrReplaceReadGroups	Processed    79,000,000 records.  Elapsed time: 00:10:03s.  Time for last 1,000,000:    7s.  Last read position: LG09:6,910,010
INFO	2021-10-25 21:59:30	AddOrReplaceReadGroups	Processed    80,000,000 records.  Elapsed time: 00:10:11s.  Time for last 1,000,000:    7s.  Last read position: LG09:9,777,508
INFO	2021-10-25 21:59:38	AddOrReplaceReadGroups	Processed    81,000,000 records.  Elapsed time: 00:10:18s.  Time for last 1,000,000:    7s.  Last read position: LG10:563,190
INFO	2021-10-25 21:59:45	AddOrReplaceReadGroups	Processed    82,000,000 records.  Elapsed time: 00:10:25s.  Time for last 1,000,000:    7s.  Last read position: LG10:4,046,593
INFO	2021-10-25 21:59:52	AddOrReplaceReadGroups	Processed    83,000,000 records.  Elapsed time: 00:10:32s.  Time for last 1,000,000:    7s.  Last read position: LG10:7,500,393
INFO	2021-10-25 21:59:59	AddOrReplaceReadGroups	Processed    84,000,000 records.  Elapsed time: 00:10:39s.  Time for last 1,000,000:    7s.  Last read position: LG10:10,973,099
INFO	2021-10-25 22:00:06	AddOrReplaceReadGroups	Processed    85,000,000 records.  Elapsed time: 00:10:46s.  Time for last 1,000,000:    7s.  Last read position: LG10:14,394,161
INFO	2021-10-25 22:00:13	AddOrReplaceReadGroups	Processed    86,000,000 records.  Elapsed time: 00:10:54s.  Time for last 1,000,000:    7s.  Last read position: LG10:17,584,129
INFO	2021-10-25 22:00:21	AddOrReplaceReadGroups	Processed    87,000,000 records.  Elapsed time: 00:11:01s.  Time for last 1,000,000:    7s.  Last read position: LG10:21,222,970
INFO	2021-10-25 22:00:28	AddOrReplaceReadGroups	Processed    88,000,000 records.  Elapsed time: 00:11:08s.  Time for last 1,000,000:    7s.  Last read position: LG10:24,859,693
INFO	2021-10-25 22:00:35	AddOrReplaceReadGroups	Processed    89,000,000 records.  Elapsed time: 00:11:15s.  Time for last 1,000,000:    7s.  Last read position: LG10:28,413,308
INFO	2021-10-25 22:00:42	AddOrReplaceReadGroups	Processed    90,000,000 records.  Elapsed time: 00:11:22s.  Time for last 1,000,000:    7s.  Last read position: LG11:3,363,382
INFO	2021-10-25 22:00:49	AddOrReplaceReadGroups	Processed    91,000,000 records.  Elapsed time: 00:11:29s.  Time for last 1,000,000:    7s.  Last read position: LG11:8,013,011
INFO	2021-10-25 22:00:56	AddOrReplaceReadGroups	Processed    92,000,000 records.  Elapsed time: 00:11:36s.  Time for last 1,000,000:    7s.  Last read position: LG11:11,346,672
INFO	2021-10-25 22:01:03	AddOrReplaceReadGroups	Processed    93,000,000 records.  Elapsed time: 00:11:43s.  Time for last 1,000,000:    7s.  Last read position: LG11:15,115,805
INFO	2021-10-25 22:01:10	AddOrReplaceReadGroups	Processed    94,000,000 records.  Elapsed time: 00:11:51s.  Time for last 1,000,000:    7s.  Last read position: LG11:18,568,893
INFO	2021-10-25 22:01:18	AddOrReplaceReadGroups	Processed    95,000,000 records.  Elapsed time: 00:11:58s.  Time for last 1,000,000:    7s.  Last read position: LG11:22,742,439
INFO	2021-10-25 22:01:25	AddOrReplaceReadGroups	Processed    96,000,000 records.  Elapsed time: 00:12:05s.  Time for last 1,000,000:    7s.  Last read position: LG11:26,379,873
INFO	2021-10-25 22:01:32	AddOrReplaceReadGroups	Processed    97,000,000 records.  Elapsed time: 00:12:12s.  Time for last 1,000,000:    7s.  Last read position: LG12:3,442,546
INFO	2021-10-25 22:01:39	AddOrReplaceReadGroups	Processed    98,000,000 records.  Elapsed time: 00:12:19s.  Time for last 1,000,000:    7s.  Last read position: LG12:7,330,848
INFO	2021-10-25 22:01:46	AddOrReplaceReadGroups	Processed    99,000,000 records.  Elapsed time: 00:12:26s.  Time for last 1,000,000:    7s.  Last read position: LG12:10,836,795
INFO	2021-10-25 22:01:53	AddOrReplaceReadGroups	Processed   100,000,000 records.  Elapsed time: 00:12:34s.  Time for last 1,000,000:    7s.  Last read position: LG13:102,561
INFO	2021-10-25 22:02:01	AddOrReplaceReadGroups	Processed   101,000,000 records.  Elapsed time: 00:12:41s.  Time for last 1,000,000:    7s.  Last read position: LG13:3,329,806
INFO	2021-10-25 22:02:08	AddOrReplaceReadGroups	Processed   102,000,000 records.  Elapsed time: 00:12:48s.  Time for last 1,000,000:    7s.  Last read position: LG13:6,804,511
INFO	2021-10-25 22:02:15	AddOrReplaceReadGroups	Processed   103,000,000 records.  Elapsed time: 00:12:55s.  Time for last 1,000,000:    7s.  Last read position: LG13:10,102,640
INFO	2021-10-25 22:02:22	AddOrReplaceReadGroups	Processed   104,000,000 records.  Elapsed time: 00:13:02s.  Time for last 1,000,000:    7s.  Last read position: LG13:13,653,351
INFO	2021-10-25 22:02:29	AddOrReplaceReadGroups	Processed   105,000,000 records.  Elapsed time: 00:13:09s.  Time for last 1,000,000:    7s.  Last read position: LG14:2,104,823
INFO	2021-10-25 22:02:36	AddOrReplaceReadGroups	Processed   106,000,000 records.  Elapsed time: 00:13:17s.  Time for last 1,000,000:    7s.  Last read position: LG14:5,509,564
INFO	2021-10-25 22:02:44	AddOrReplaceReadGroups	Processed   107,000,000 records.  Elapsed time: 00:13:24s.  Time for last 1,000,000:    7s.  Last read position: LG14:9,001,649
INFO	2021-10-25 22:02:51	AddOrReplaceReadGroups	Processed   108,000,000 records.  Elapsed time: 00:13:31s.  Time for last 1,000,000:    7s.  Last read position: LG14:12,594,106
INFO	2021-10-25 22:02:58	AddOrReplaceReadGroups	Processed   109,000,000 records.  Elapsed time: 00:13:38s.  Time for last 1,000,000:    7s.  Last read position: LG15:2,106,130
INFO	2021-10-25 22:03:05	AddOrReplaceReadGroups	Processed   110,000,000 records.  Elapsed time: 00:13:45s.  Time for last 1,000,000:    7s.  Last read position: LG15:5,292,981
INFO	2021-10-25 22:03:12	AddOrReplaceReadGroups	Processed   111,000,000 records.  Elapsed time: 00:13:52s.  Time for last 1,000,000:    7s.  Last read position: LG15:9,042,348
INFO	2021-10-25 22:03:19	AddOrReplaceReadGroups	Processed   112,000,000 records.  Elapsed time: 00:13:59s.  Time for last 1,000,000:    7s.  Last read position: LG15:12,327,934
INFO	2021-10-25 22:03:26	AddOrReplaceReadGroups	Processed   113,000,000 records.  Elapsed time: 00:14:06s.  Time for last 1,000,000:    7s.  Last read position: LG15:15,682,990
INFO	2021-10-25 22:03:33	AddOrReplaceReadGroups	Processed   114,000,000 records.  Elapsed time: 00:14:14s.  Time for last 1,000,000:    7s.  Last read position: LG16:937,423
INFO	2021-10-25 22:03:41	AddOrReplaceReadGroups	Processed   115,000,000 records.  Elapsed time: 00:14:21s.  Time for last 1,000,000:    7s.  Last read position: LG16:4,447,745
INFO	2021-10-25 22:03:48	AddOrReplaceReadGroups	Processed   116,000,000 records.  Elapsed time: 00:14:28s.  Time for last 1,000,000:    7s.  Last read position: LG16:8,470,957
INFO	2021-10-25 22:03:55	AddOrReplaceReadGroups	Processed   117,000,000 records.  Elapsed time: 00:14:35s.  Time for last 1,000,000:    7s.  Last read position: LG16:11,934,865
INFO	2021-10-25 22:04:02	AddOrReplaceReadGroups	Processed   118,000,000 records.  Elapsed time: 00:14:42s.  Time for last 1,000,000:    7s.  Last read position: LG17:3,961
INFO	2021-10-25 22:04:09	AddOrReplaceReadGroups	Processed   119,000,000 records.  Elapsed time: 00:14:49s.  Time for last 1,000,000:    7s.  Last read position: LG17:2,795,058
INFO	2021-10-25 22:04:16	AddOrReplaceReadGroups	Processed   120,000,000 records.  Elapsed time: 00:14:57s.  Time for last 1,000,000:    7s.  Last read position: LG17:5,897,367
INFO	2021-10-25 22:04:24	AddOrReplaceReadGroups	Processed   121,000,000 records.  Elapsed time: 00:15:04s.  Time for last 1,000,000:    7s.  Last read position: LG17:9,253,743
INFO	2021-10-25 22:04:31	AddOrReplaceReadGroups	Processed   122,000,000 records.  Elapsed time: 00:15:11s.  Time for last 1,000,000:    7s.  Last read position: LG18:578,150
INFO	2021-10-25 22:04:38	AddOrReplaceReadGroups	Processed   123,000,000 records.  Elapsed time: 00:15:18s.  Time for last 1,000,000:    7s.  Last read position: LG18:4,860,894
INFO	2021-10-25 22:04:45	AddOrReplaceReadGroups	Processed   124,000,000 records.  Elapsed time: 00:15:25s.  Time for last 1,000,000:    7s.  Last read position: LG18:8,600,173
INFO	2021-10-25 22:04:52	AddOrReplaceReadGroups	Processed   125,000,000 records.  Elapsed time: 00:15:32s.  Time for last 1,000,000:    7s.  Last read position: LG18:11,864,007
INFO	2021-10-25 22:04:59	AddOrReplaceReadGroups	Processed   126,000,000 records.  Elapsed time: 00:15:40s.  Time for last 1,000,000:    7s.  Last read position: LG19:2,905,138
INFO	2021-10-25 22:05:07	AddOrReplaceReadGroups	Processed   127,000,000 records.  Elapsed time: 00:15:47s.  Time for last 1,000,000:    7s.  Last read position: LG19:5,806,451
INFO	2021-10-25 22:05:14	AddOrReplaceReadGroups	Processed   128,000,000 records.  Elapsed time: 00:15:54s.  Time for last 1,000,000:    7s.  Last read position: LG19:9,291,527
INFO	2021-10-25 22:05:21	AddOrReplaceReadGroups	Processed   129,000,000 records.  Elapsed time: 00:16:01s.  Time for last 1,000,000:    7s.  Last read position: LG19:12,683,772
INFO	2021-10-25 22:05:28	AddOrReplaceReadGroups	Processed   130,000,000 records.  Elapsed time: 00:16:08s.  Time for last 1,000,000:    7s.  Last read position: LG20:1,166,231
INFO	2021-10-25 22:05:35	AddOrReplaceReadGroups	Processed   131,000,000 records.  Elapsed time: 00:16:16s.  Time for last 1,000,000:    7s.  Last read position: LG20:4,563,043
INFO	2021-10-25 22:05:42	AddOrReplaceReadGroups	Processed   132,000,000 records.  Elapsed time: 00:16:23s.  Time for last 1,000,000:    7s.  Last read position: LG20:7,938,981
INFO	2021-10-25 22:05:50	AddOrReplaceReadGroups	Processed   133,000,000 records.  Elapsed time: 00:16:30s.  Time for last 1,000,000:    7s.  Last read position: LG20:11,278,172
INFO	2021-10-25 22:05:57	AddOrReplaceReadGroups	Processed   134,000,000 records.  Elapsed time: 00:16:37s.  Time for last 1,000,000:    7s.  Last read position: LG21:1,991,292
INFO	2021-10-25 22:06:04	AddOrReplaceReadGroups	Processed   135,000,000 records.  Elapsed time: 00:16:44s.  Time for last 1,000,000:    7s.  Last read position: LG21:5,059,567
INFO	2021-10-25 22:06:11	AddOrReplaceReadGroups	Processed   136,000,000 records.  Elapsed time: 00:16:51s.  Time for last 1,000,000:    7s.  Last read position: LG21:8,403,711
INFO	2021-10-25 22:06:18	AddOrReplaceReadGroups	Processed   137,000,000 records.  Elapsed time: 00:16:58s.  Time for last 1,000,000:    7s.  Last read position: LG21:12,134,590
INFO	2021-10-25 22:06:25	AddOrReplaceReadGroups	Processed   138,000,000 records.  Elapsed time: 00:17:06s.  Time for last 1,000,000:    7s.  Last read position: LG22:1,121,942
INFO	2021-10-25 22:06:32	AddOrReplaceReadGroups	Processed   139,000,000 records.  Elapsed time: 00:17:13s.  Time for last 1,000,000:    7s.  Last read position: LG22:5,164,772
INFO	2021-10-25 22:06:40	AddOrReplaceReadGroups	Processed   140,000,000 records.  Elapsed time: 00:17:20s.  Time for last 1,000,000:    7s.  Last read position: LG22:7,967,212
INFO	2021-10-25 22:06:47	AddOrReplaceReadGroups	Processed   141,000,000 records.  Elapsed time: 00:17:27s.  Time for last 1,000,000:    7s.  Last read position: LG22:11,795,423
INFO	2021-10-25 22:06:54	AddOrReplaceReadGroups	Processed   142,000,000 records.  Elapsed time: 00:17:34s.  Time for last 1,000,000:    7s.  Last read position: LG23:3,123,310
INFO	2021-10-25 22:07:01	AddOrReplaceReadGroups	Processed   143,000,000 records.  Elapsed time: 00:17:41s.  Time for last 1,000,000:    7s.  Last read position: LG23:6,307,699
INFO	2021-10-25 22:07:08	AddOrReplaceReadGroups	Processed   144,000,000 records.  Elapsed time: 00:17:49s.  Time for last 1,000,000:    7s.  Last read position: LG23:9,226,881
INFO	2021-10-25 22:07:16	AddOrReplaceReadGroups	Processed   145,000,000 records.  Elapsed time: 00:17:56s.  Time for last 1,000,000:    7s.  Last read position: LG23:12,466,361
INFO	2021-10-25 22:07:23	AddOrReplaceReadGroups	Processed   146,000,000 records.  Elapsed time: 00:18:03s.  Time for last 1,000,000:    7s.  Last read position: LG23:15,712,117
INFO	2021-10-25 22:07:30	AddOrReplaceReadGroups	Processed   147,000,000 records.  Elapsed time: 00:18:10s.  Time for last 1,000,000:    7s.  Last read position: LG24:2,757,932
INFO	2021-10-25 22:07:37	AddOrReplaceReadGroups	Processed   148,000,000 records.  Elapsed time: 00:18:17s.  Time for last 1,000,000:    7s.  Last read position: LG24:6,150,156
INFO	2021-10-25 22:07:44	AddOrReplaceReadGroups	Processed   149,000,000 records.  Elapsed time: 00:18:24s.  Time for last 1,000,000:    7s.  Last read position: LG24:9,694,455
INFO	2021-10-25 22:07:51	AddOrReplaceReadGroups	Processed   150,000,000 records.  Elapsed time: 00:18:32s.  Time for last 1,000,000:    7s.  Last read position: LG25:196,090
INFO	2021-10-25 22:07:59	AddOrReplaceReadGroups	Processed   151,000,000 records.  Elapsed time: 00:18:39s.  Time for last 1,000,000:    7s.  Last read position: LG25:3,493,750
INFO	2021-10-25 22:08:06	AddOrReplaceReadGroups	Processed   152,000,000 records.  Elapsed time: 00:18:46s.  Time for last 1,000,000:    7s.  Last read position: LG25:7,330,567
INFO	2021-10-25 22:08:13	AddOrReplaceReadGroups	Processed   153,000,000 records.  Elapsed time: 00:18:53s.  Time for last 1,000,000:    7s.  Last read position: LG25:10,994,894
INFO	2021-10-25 22:08:20	AddOrReplaceReadGroups	Processed   154,000,000 records.  Elapsed time: 00:19:00s.  Time for last 1,000,000:    7s.  Last read position: LG26:457,696
INFO	2021-10-25 22:08:27	AddOrReplaceReadGroups	Processed   155,000,000 records.  Elapsed time: 00:19:07s.  Time for last 1,000,000:    7s.  Last read position: LG26:3,775,256
INFO	2021-10-25 22:08:34	AddOrReplaceReadGroups	Processed   156,000,000 records.  Elapsed time: 00:19:14s.  Time for last 1,000,000:    7s.  Last read position: LG26:6,656,393
INFO	2021-10-25 22:08:41	AddOrReplaceReadGroups	Processed   157,000,000 records.  Elapsed time: 00:19:22s.  Time for last 1,000,000:    7s.  Last read position: LG26:10,551,881
INFO	2021-10-25 22:08:48	AddOrReplaceReadGroups	Processed   158,000,000 records.  Elapsed time: 00:19:29s.  Time for last 1,000,000:    7s.  Last read position: LG27:780,210
INFO	2021-10-25 22:08:56	AddOrReplaceReadGroups	Processed   159,000,000 records.  Elapsed time: 00:19:36s.  Time for last 1,000,000:    7s.  Last read position: LG27:4,572,323
INFO	2021-10-25 22:09:03	AddOrReplaceReadGroups	Processed   160,000,000 records.  Elapsed time: 00:19:43s.  Time for last 1,000,000:    7s.  Last read position: LG27:7,867,169
INFO	2021-10-25 22:09:10	AddOrReplaceReadGroups	Processed   161,000,000 records.  Elapsed time: 00:19:50s.  Time for last 1,000,000:    7s.  Last read position: LG27:11,800,651
INFO	2021-10-25 22:09:17	AddOrReplaceReadGroups	Processed   162,000,000 records.  Elapsed time: 00:19:57s.  Time for last 1,000,000:    7s.  Last read position: LG28:3,014,137
INFO	2021-10-25 22:09:24	AddOrReplaceReadGroups	Processed   163,000,000 records.  Elapsed time: 00:20:05s.  Time for last 1,000,000:    7s.  Last read position: LG28:6,698,940
INFO	2021-10-25 22:09:31	AddOrReplaceReadGroups	Processed   164,000,000 records.  Elapsed time: 00:20:12s.  Time for last 1,000,000:    7s.  Last read position: LG28:10,334,690
INFO	2021-10-25 22:09:39	AddOrReplaceReadGroups	Processed   165,000,000 records.  Elapsed time: 00:20:19s.  Time for last 1,000,000:    7s.  Last read position: LG29:1,676,159
INFO	2021-10-25 22:09:46	AddOrReplaceReadGroups	Processed   166,000,000 records.  Elapsed time: 00:20:26s.  Time for last 1,000,000:    7s.  Last read position: LG30:211,555
INFO	2021-10-25 22:09:53	AddOrReplaceReadGroups	Processed   167,000,000 records.  Elapsed time: 00:20:33s.  Time for last 1,000,000:    7s.  Last read position: LG30:3,693,125
INFO	2021-10-25 22:10:00	AddOrReplaceReadGroups	Processed   168,000,000 records.  Elapsed time: 00:20:40s.  Time for last 1,000,000:    7s.  Last read position: LG30:7,759,512
INFO	2021-10-25 22:10:07	AddOrReplaceReadGroups	Processed   169,000,000 records.  Elapsed time: 00:20:47s.  Time for last 1,000,000:    7s.  Last read position: UNPIN3877:10,843
INFO	2021-10-25 22:10:14	AddOrReplaceReadGroups	Processed   170,000,000 records.  Elapsed time: 00:20:54s.  Time for last 1,000,000:    6s.  Last read position: UNPIN3877:28,045
INFO	2021-10-25 22:10:21	AddOrReplaceReadGroups	Processed   171,000,000 records.  Elapsed time: 00:21:01s.  Time for last 1,000,000:    6s.  Last read position: UNPIN3877:46,111
INFO	2021-10-25 22:10:28	AddOrReplaceReadGroups	Processed   172,000,000 records.  Elapsed time: 00:21:08s.  Time for last 1,000,000:    6s.  Last read position: UNPIN3877:65,464
INFO	2021-10-25 22:10:35	AddOrReplaceReadGroups	Processed   173,000,000 records.  Elapsed time: 00:21:15s.  Time for last 1,000,000:    6s.  Last read position: UNPIN3877:83,539
INFO	2021-10-25 22:10:42	AddOrReplaceReadGroups	Processed   174,000,000 records.  Elapsed time: 00:21:22s.  Time for last 1,000,000:    6s.  Last read position: UNPIN3877:101,343
INFO	2021-10-25 22:10:48	AddOrReplaceReadGroups	Processed   175,000,000 records.  Elapsed time: 00:21:29s.  Time for last 1,000,000:    6s.  Last read position: UNPIN3877:119,764
INFO	2021-10-25 22:10:56	AddOrReplaceReadGroups	Processed   176,000,000 records.  Elapsed time: 00:21:36s.  Time for last 1,000,000:    7s.  Last read position: UNPIN3878:13,804
INFO	2021-10-25 22:11:02	AddOrReplaceReadGroups	Processed   177,000,000 records.  Elapsed time: 00:21:42s.  Time for last 1,000,000:    6s.  Last read position: */*
INFO	2021-10-25 22:11:07	AddOrReplaceReadGroups	Processed   178,000,000 records.  Elapsed time: 00:21:47s.  Time for last 1,000,000:    5s.  Last read position: */*
INFO	2021-10-25 22:11:12	AddOrReplaceReadGroups	Processed   179,000,000 records.  Elapsed time: 00:21:52s.  Time for last 1,000,000:    4s.  Last read position: */*
INFO	2021-10-25 22:11:17	AddOrReplaceReadGroups	Processed   180,000,000 records.  Elapsed time: 00:21:57s.  Time for last 1,000,000:    4s.  Last read position: */*
INFO	2021-10-25 22:11:22	AddOrReplaceReadGroups	Processed   181,000,000 records.  Elapsed time: 00:22:02s.  Time for last 1,000,000:    4s.  Last read position: */*
INFO	2021-10-25 22:11:27	AddOrReplaceReadGroups	Processed   182,000,000 records.  Elapsed time: 00:22:07s.  Time for last 1,000,000:    4s.  Last read position: */*
INFO	2021-10-25 22:11:31	AddOrReplaceReadGroups	Processed   183,000,000 records.  Elapsed time: 00:22:12s.  Time for last 1,000,000:    4s.  Last read position: */*
INFO	2021-10-25 22:11:36	AddOrReplaceReadGroups	Processed   184,000,000 records.  Elapsed time: 00:22:17s.  Time for last 1,000,000:    4s.  Last read position: */*
[Mon Oct 25 22:11:41 PDT 2021] picard.sam.AddOrReplaceReadGroups done. Elapsed time: 22.36 minutes.
Runtime.totalMemory()=46329856
Tool returned:
0
