==========================================
SLURM_JOB_ID = 2351476
SLURM_JOB_NODELIST = b08-12
TMPDIR = /tmp/SLURM_2351476
==========================================
Using GATK jar /home1/mharden/.conda/envs/gatk4/share/gatk4-4.2.2.0-1/gatk-package-4.2.2.0-local.jar
Running:
    java -Dsamjdk.use_async_io_read_samtools=false -Dsamjdk.use_async_io_write_samtools=true -Dsamjdk.use_async_io_write_tribble=false -Dsamjdk.compression_level=2 -jar /home1/mharden/.conda/envs/gatk4/share/gatk4-4.2.2.0-1/gatk-package-4.2.2.0-local.jar AddOrReplaceReadGroups -I SRR12223737_SRP271933_Undaria_pinnatifida_individual_11_2016-01-12_INTRO_NZ_Lyall_1_New_Zealand.sorted.bam -O SRR12223737_SRP271933_Undaria_pinnatifida_individual_11_2016-01-12_INTRO_NZ_Lyall_1_New_Zealand.RG.sorted.bam --RGID C9J38ANXX.1 --RGLB SRR12223737 --RGPL ILLUMINA --RGPU C9J38ANXX.1.SRR12223737 --RGSM INTRO_NZ_Lyall_1_New_Zealand
13:52:26.063 INFO  NativeLibraryLoader - Loading libgkl_compression.so from jar:file:/home1/mharden/.conda/envs/gatk4/share/gatk4-4.2.2.0-1/gatk-package-4.2.2.0-local.jar!/com/intel/gkl/native/libgkl_compression.so
[Thu Oct 28 13:52:26 PDT 2021] AddOrReplaceReadGroups --INPUT SRR12223737_SRP271933_Undaria_pinnatifida_individual_11_2016-01-12_INTRO_NZ_Lyall_1_New_Zealand.sorted.bam --OUTPUT SRR12223737_SRP271933_Undaria_pinnatifida_individual_11_2016-01-12_INTRO_NZ_Lyall_1_New_Zealand.RG.sorted.bam --RGID C9J38ANXX.1 --RGLB SRR12223737 --RGPL ILLUMINA --RGPU C9J38ANXX.1.SRR12223737 --RGSM INTRO_NZ_Lyall_1_New_Zealand --VERBOSITY INFO --QUIET false --VALIDATION_STRINGENCY STRICT --COMPRESSION_LEVEL 2 --MAX_RECORDS_IN_RAM 500000 --CREATE_INDEX false --CREATE_MD5_FILE false --GA4GH_CLIENT_SECRETS client_secrets.json --help false --version false --showHidden false --USE_JDK_DEFLATER false --USE_JDK_INFLATER false
Oct 28, 2021 1:52:26 PM shaded.cloud_nio.com.google.auth.oauth2.ComputeEngineCredentials runningOnComputeEngine
INFO: Failed to detect whether we are running on Google Compute Engine.
[Thu Oct 28 13:52:26 PDT 2021] Executing as mharden@b08-12.hpc.usc.edu on Linux 3.10.0-1062.4.1.el7.x86_64 amd64; OpenJDK 64-Bit Server VM 1.8.0_302-b08; Deflater: Intel; Inflater: Intel; Provider GCS is available; Picard version: Version:4.2.2.0
INFO	2021-10-28 13:52:26	AddOrReplaceReadGroups	Created read-group ID=C9J38ANXX.1 PL=ILLUMINA LB=SRR12223737 SM=INTRO_NZ_Lyall_1_New_Zealand

INFO	2021-10-28 13:52:32	AddOrReplaceReadGroups	Processed     1,000,000 records.  Elapsed time: 00:00:06s.  Time for last 1,000,000:    6s.  Last read position: LG00:2,805,544
INFO	2021-10-28 13:52:38	AddOrReplaceReadGroups	Processed     2,000,000 records.  Elapsed time: 00:00:12s.  Time for last 1,000,000:    5s.  Last read position: LG00:5,854,539
INFO	2021-10-28 13:52:44	AddOrReplaceReadGroups	Processed     3,000,000 records.  Elapsed time: 00:00:18s.  Time for last 1,000,000:    5s.  Last read position: LG00:7,272,591
INFO	2021-10-28 13:52:50	AddOrReplaceReadGroups	Processed     4,000,000 records.  Elapsed time: 00:00:24s.  Time for last 1,000,000:    6s.  Last read position: LG00:10,045,718
INFO	2021-10-28 13:52:56	AddOrReplaceReadGroups	Processed     5,000,000 records.  Elapsed time: 00:00:30s.  Time for last 1,000,000:    5s.  Last read position: LG00:12,687,608
INFO	2021-10-28 13:53:02	AddOrReplaceReadGroups	Processed     6,000,000 records.  Elapsed time: 00:00:36s.  Time for last 1,000,000:    5s.  Last read position: LG00:15,314,607
INFO	2021-10-28 13:53:08	AddOrReplaceReadGroups	Processed     7,000,000 records.  Elapsed time: 00:00:41s.  Time for last 1,000,000:    5s.  Last read position: LG00:17,983,182
INFO	2021-10-28 13:53:14	AddOrReplaceReadGroups	Processed     8,000,000 records.  Elapsed time: 00:00:47s.  Time for last 1,000,000:    5s.  Last read position: LG00:20,610,949
INFO	2021-10-28 13:53:19	AddOrReplaceReadGroups	Processed     9,000,000 records.  Elapsed time: 00:00:53s.  Time for last 1,000,000:    5s.  Last read position: LG00:23,777,763
INFO	2021-10-28 13:53:25	AddOrReplaceReadGroups	Processed    10,000,000 records.  Elapsed time: 00:00:59s.  Time for last 1,000,000:    5s.  Last read position: LG00:26,282,237
INFO	2021-10-28 13:53:31	AddOrReplaceReadGroups	Processed    11,000,000 records.  Elapsed time: 00:01:05s.  Time for last 1,000,000:    5s.  Last read position: LG00:28,903,287
INFO	2021-10-28 13:53:37	AddOrReplaceReadGroups	Processed    12,000,000 records.  Elapsed time: 00:01:11s.  Time for last 1,000,000:    6s.  Last read position: LG00:32,142,222
INFO	2021-10-28 13:53:43	AddOrReplaceReadGroups	Processed    13,000,000 records.  Elapsed time: 00:01:17s.  Time for last 1,000,000:    5s.  Last read position: LG00:34,746,168
INFO	2021-10-28 13:53:49	AddOrReplaceReadGroups	Processed    14,000,000 records.  Elapsed time: 00:01:22s.  Time for last 1,000,000:    5s.  Last read position: LG00:37,384,640
INFO	2021-10-28 13:53:54	AddOrReplaceReadGroups	Processed    15,000,000 records.  Elapsed time: 00:01:28s.  Time for last 1,000,000:    5s.  Last read position: LG00:40,484,231
INFO	2021-10-28 13:54:00	AddOrReplaceReadGroups	Processed    16,000,000 records.  Elapsed time: 00:01:34s.  Time for last 1,000,000:    5s.  Last read position: LG00:43,306,536
INFO	2021-10-28 13:54:06	AddOrReplaceReadGroups	Processed    17,000,000 records.  Elapsed time: 00:01:40s.  Time for last 1,000,000:    5s.  Last read position: LG00:46,226,311
INFO	2021-10-28 13:54:12	AddOrReplaceReadGroups	Processed    18,000,000 records.  Elapsed time: 00:01:45s.  Time for last 1,000,000:    5s.  Last read position: LG00:48,802,371
INFO	2021-10-28 13:54:17	AddOrReplaceReadGroups	Processed    19,000,000 records.  Elapsed time: 00:01:51s.  Time for last 1,000,000:    5s.  Last read position: LG00:51,774,663
INFO	2021-10-28 13:54:23	AddOrReplaceReadGroups	Processed    20,000,000 records.  Elapsed time: 00:01:57s.  Time for last 1,000,000:    5s.  Last read position: LG00:54,868,557
INFO	2021-10-28 13:54:29	AddOrReplaceReadGroups	Processed    21,000,000 records.  Elapsed time: 00:02:03s.  Time for last 1,000,000:    5s.  Last read position: LG00:58,161,713
INFO	2021-10-28 13:54:35	AddOrReplaceReadGroups	Processed    22,000,000 records.  Elapsed time: 00:02:08s.  Time for last 1,000,000:    5s.  Last read position: LG00:60,728,169
INFO	2021-10-28 13:54:40	AddOrReplaceReadGroups	Processed    23,000,000 records.  Elapsed time: 00:02:14s.  Time for last 1,000,000:    5s.  Last read position: LG00:63,900,083
INFO	2021-10-28 13:54:46	AddOrReplaceReadGroups	Processed    24,000,000 records.  Elapsed time: 00:02:20s.  Time for last 1,000,000:    5s.  Last read position: LG00:67,201,913
INFO	2021-10-28 13:54:52	AddOrReplaceReadGroups	Processed    25,000,000 records.  Elapsed time: 00:02:26s.  Time for last 1,000,000:    5s.  Last read position: LG00:70,362,150
INFO	2021-10-28 13:54:58	AddOrReplaceReadGroups	Processed    26,000,000 records.  Elapsed time: 00:02:31s.  Time for last 1,000,000:    5s.  Last read position: LG00:73,506,046
INFO	2021-10-28 13:55:04	AddOrReplaceReadGroups	Processed    27,000,000 records.  Elapsed time: 00:02:37s.  Time for last 1,000,000:    5s.  Last read position: LG00:76,655,553
INFO	2021-10-28 13:55:10	AddOrReplaceReadGroups	Processed    28,000,000 records.  Elapsed time: 00:02:43s.  Time for last 1,000,000:    5s.  Last read position: LG00:80,046,646
INFO	2021-10-28 13:55:16	AddOrReplaceReadGroups	Processed    29,000,000 records.  Elapsed time: 00:02:49s.  Time for last 1,000,000:    5s.  Last read position: LG00:82,590,943
INFO	2021-10-28 13:55:21	AddOrReplaceReadGroups	Processed    30,000,000 records.  Elapsed time: 00:02:55s.  Time for last 1,000,000:    5s.  Last read position: LG00:85,612,153
INFO	2021-10-28 13:55:27	AddOrReplaceReadGroups	Processed    31,000,000 records.  Elapsed time: 00:03:01s.  Time for last 1,000,000:    5s.  Last read position: LG00:88,984,581
INFO	2021-10-28 13:55:33	AddOrReplaceReadGroups	Processed    32,000,000 records.  Elapsed time: 00:03:06s.  Time for last 1,000,000:    5s.  Last read position: LG00:91,924,865
INFO	2021-10-28 13:55:39	AddOrReplaceReadGroups	Processed    33,000,000 records.  Elapsed time: 00:03:12s.  Time for last 1,000,000:    5s.  Last read position: LG00:95,203,533
INFO	2021-10-28 13:55:44	AddOrReplaceReadGroups	Processed    34,000,000 records.  Elapsed time: 00:03:18s.  Time for last 1,000,000:    5s.  Last read position: LG00:98,535,061
INFO	2021-10-28 13:55:50	AddOrReplaceReadGroups	Processed    35,000,000 records.  Elapsed time: 00:03:24s.  Time for last 1,000,000:    5s.  Last read position: LG00:102,102,909
INFO	2021-10-28 13:55:56	AddOrReplaceReadGroups	Processed    36,000,000 records.  Elapsed time: 00:03:29s.  Time for last 1,000,000:    5s.  Last read position: LG00:105,939,515
INFO	2021-10-28 13:56:02	AddOrReplaceReadGroups	Processed    37,000,000 records.  Elapsed time: 00:03:35s.  Time for last 1,000,000:    5s.  Last read position: LG00:109,566,531
INFO	2021-10-28 13:56:07	AddOrReplaceReadGroups	Processed    38,000,000 records.  Elapsed time: 00:03:41s.  Time for last 1,000,000:    5s.  Last read position: LG00:113,088,103
INFO	2021-10-28 13:56:13	AddOrReplaceReadGroups	Processed    39,000,000 records.  Elapsed time: 00:03:47s.  Time for last 1,000,000:    5s.  Last read position: LG00:116,826,752
INFO	2021-10-28 13:56:19	AddOrReplaceReadGroups	Processed    40,000,000 records.  Elapsed time: 00:03:53s.  Time for last 1,000,000:    5s.  Last read position: LG00:119,739,948
INFO	2021-10-28 13:56:25	AddOrReplaceReadGroups	Processed    41,000,000 records.  Elapsed time: 00:03:58s.  Time for last 1,000,000:    5s.  Last read position: LG00:123,492,287
INFO	2021-10-28 13:56:31	AddOrReplaceReadGroups	Processed    42,000,000 records.  Elapsed time: 00:04:04s.  Time for last 1,000,000:    6s.  Last read position: LG00:127,114,288
INFO	2021-10-28 13:56:37	AddOrReplaceReadGroups	Processed    43,000,000 records.  Elapsed time: 00:04:11s.  Time for last 1,000,000:    6s.  Last read position: LG00:130,577,895
INFO	2021-10-28 13:56:43	AddOrReplaceReadGroups	Processed    44,000,000 records.  Elapsed time: 00:04:16s.  Time for last 1,000,000:    5s.  Last read position: LG00:133,879,921
INFO	2021-10-28 13:56:49	AddOrReplaceReadGroups	Processed    45,000,000 records.  Elapsed time: 00:04:22s.  Time for last 1,000,000:    5s.  Last read position: LG00:136,984,310
INFO	2021-10-28 13:56:54	AddOrReplaceReadGroups	Processed    46,000,000 records.  Elapsed time: 00:04:28s.  Time for last 1,000,000:    5s.  Last read position: LG00:140,938,443
INFO	2021-10-28 13:57:00	AddOrReplaceReadGroups	Processed    47,000,000 records.  Elapsed time: 00:04:34s.  Time for last 1,000,000:    5s.  Last read position: LG00:144,167,795
INFO	2021-10-28 13:57:06	AddOrReplaceReadGroups	Processed    48,000,000 records.  Elapsed time: 00:04:40s.  Time for last 1,000,000:    5s.  Last read position: LG00:147,593,818
INFO	2021-10-28 13:57:12	AddOrReplaceReadGroups	Processed    49,000,000 records.  Elapsed time: 00:04:45s.  Time for last 1,000,000:    5s.  Last read position: LG00:151,146,754
INFO	2021-10-28 13:57:18	AddOrReplaceReadGroups	Processed    50,000,000 records.  Elapsed time: 00:04:51s.  Time for last 1,000,000:    5s.  Last read position: LG00:152,570,790
INFO	2021-10-28 13:57:24	AddOrReplaceReadGroups	Processed    51,000,000 records.  Elapsed time: 00:04:57s.  Time for last 1,000,000:    5s.  Last read position: LG00:152,584,733
INFO	2021-10-28 13:57:29	AddOrReplaceReadGroups	Processed    52,000,000 records.  Elapsed time: 00:05:03s.  Time for last 1,000,000:    5s.  Last read position: LG00:154,524,063
INFO	2021-10-28 13:57:35	AddOrReplaceReadGroups	Processed    53,000,000 records.  Elapsed time: 00:05:09s.  Time for last 1,000,000:    5s.  Last read position: LG00:157,657,367
INFO	2021-10-28 13:57:41	AddOrReplaceReadGroups	Processed    54,000,000 records.  Elapsed time: 00:05:15s.  Time for last 1,000,000:    5s.  Last read position: LG00:161,090,036
INFO	2021-10-28 13:57:47	AddOrReplaceReadGroups	Processed    55,000,000 records.  Elapsed time: 00:05:20s.  Time for last 1,000,000:    5s.  Last read position: LG00:164,923,194
INFO	2021-10-28 13:57:53	AddOrReplaceReadGroups	Processed    56,000,000 records.  Elapsed time: 00:05:26s.  Time for last 1,000,000:    5s.  Last read position: LG00:166,553,427
INFO	2021-10-28 13:57:59	AddOrReplaceReadGroups	Processed    57,000,000 records.  Elapsed time: 00:05:32s.  Time for last 1,000,000:    5s.  Last read position: LG00:168,280,572
INFO	2021-10-28 13:58:04	AddOrReplaceReadGroups	Processed    58,000,000 records.  Elapsed time: 00:05:38s.  Time for last 1,000,000:    5s.  Last read position: LG00:170,044,480
INFO	2021-10-28 13:58:10	AddOrReplaceReadGroups	Processed    59,000,000 records.  Elapsed time: 00:05:44s.  Time for last 1,000,000:    5s.  Last read position: LG00:171,410,587
INFO	2021-10-28 13:58:16	AddOrReplaceReadGroups	Processed    60,000,000 records.  Elapsed time: 00:05:49s.  Time for last 1,000,000:    5s.  Last read position: LG00:173,411,437
INFO	2021-10-28 13:58:22	AddOrReplaceReadGroups	Processed    61,000,000 records.  Elapsed time: 00:05:55s.  Time for last 1,000,000:    5s.  Last read position: LG01:1,712,203
INFO	2021-10-28 13:58:27	AddOrReplaceReadGroups	Processed    62,000,000 records.  Elapsed time: 00:06:01s.  Time for last 1,000,000:    5s.  Last read position: LG01:3,929,988
INFO	2021-10-28 13:58:33	AddOrReplaceReadGroups	Processed    63,000,000 records.  Elapsed time: 00:06:07s.  Time for last 1,000,000:    5s.  Last read position: LG01:6,448,789
INFO	2021-10-28 13:58:39	AddOrReplaceReadGroups	Processed    64,000,000 records.  Elapsed time: 00:06:12s.  Time for last 1,000,000:    5s.  Last read position: LG01:8,598,672
INFO	2021-10-28 13:58:44	AddOrReplaceReadGroups	Processed    65,000,000 records.  Elapsed time: 00:06:18s.  Time for last 1,000,000:    5s.  Last read position: LG01:11,248,242
INFO	2021-10-28 13:58:50	AddOrReplaceReadGroups	Processed    66,000,000 records.  Elapsed time: 00:06:24s.  Time for last 1,000,000:    5s.  Last read position: LG01:13,460,444
INFO	2021-10-28 13:58:56	AddOrReplaceReadGroups	Processed    67,000,000 records.  Elapsed time: 00:06:30s.  Time for last 1,000,000:    5s.  Last read position: LG01:15,853,754
INFO	2021-10-28 13:59:02	AddOrReplaceReadGroups	Processed    68,000,000 records.  Elapsed time: 00:06:35s.  Time for last 1,000,000:    5s.  Last read position: LG01:18,373,114
INFO	2021-10-28 13:59:08	AddOrReplaceReadGroups	Processed    69,000,000 records.  Elapsed time: 00:06:41s.  Time for last 1,000,000:    5s.  Last read position: LG01:20,845,919
INFO	2021-10-28 13:59:13	AddOrReplaceReadGroups	Processed    70,000,000 records.  Elapsed time: 00:06:47s.  Time for last 1,000,000:    5s.  Last read position: LG01:23,478,728
INFO	2021-10-28 13:59:19	AddOrReplaceReadGroups	Processed    71,000,000 records.  Elapsed time: 00:06:53s.  Time for last 1,000,000:    5s.  Last read position: LG01:25,668,219
INFO	2021-10-28 13:59:25	AddOrReplaceReadGroups	Processed    72,000,000 records.  Elapsed time: 00:06:58s.  Time for last 1,000,000:    5s.  Last read position: LG02:956,903
INFO	2021-10-28 13:59:31	AddOrReplaceReadGroups	Processed    73,000,000 records.  Elapsed time: 00:07:04s.  Time for last 1,000,000:    5s.  Last read position: LG02:3,259,997
INFO	2021-10-28 13:59:36	AddOrReplaceReadGroups	Processed    74,000,000 records.  Elapsed time: 00:07:10s.  Time for last 1,000,000:    5s.  Last read position: LG02:5,448,489
INFO	2021-10-28 13:59:42	AddOrReplaceReadGroups	Processed    75,000,000 records.  Elapsed time: 00:07:16s.  Time for last 1,000,000:    5s.  Last read position: LG02:7,776,756
INFO	2021-10-28 13:59:48	AddOrReplaceReadGroups	Processed    76,000,000 records.  Elapsed time: 00:07:21s.  Time for last 1,000,000:    5s.  Last read position: LG02:10,049,919
INFO	2021-10-28 13:59:53	AddOrReplaceReadGroups	Processed    77,000,000 records.  Elapsed time: 00:07:27s.  Time for last 1,000,000:    5s.  Last read position: LG02:12,444,302
INFO	2021-10-28 13:59:59	AddOrReplaceReadGroups	Processed    78,000,000 records.  Elapsed time: 00:07:33s.  Time for last 1,000,000:    5s.  Last read position: LG02:14,858,435
INFO	2021-10-28 14:00:05	AddOrReplaceReadGroups	Processed    79,000,000 records.  Elapsed time: 00:07:39s.  Time for last 1,000,000:    5s.  Last read position: LG02:16,784,965
INFO	2021-10-28 14:00:11	AddOrReplaceReadGroups	Processed    80,000,000 records.  Elapsed time: 00:07:44s.  Time for last 1,000,000:    5s.  Last read position: LG02:18,722,434
INFO	2021-10-28 14:00:17	AddOrReplaceReadGroups	Processed    81,000,000 records.  Elapsed time: 00:07:50s.  Time for last 1,000,000:    5s.  Last read position: LG03:2,048,795
INFO	2021-10-28 14:00:22	AddOrReplaceReadGroups	Processed    82,000,000 records.  Elapsed time: 00:07:56s.  Time for last 1,000,000:    5s.  Last read position: LG03:4,421,563
INFO	2021-10-28 14:00:28	AddOrReplaceReadGroups	Processed    83,000,000 records.  Elapsed time: 00:08:02s.  Time for last 1,000,000:    5s.  Last read position: LG03:6,905,019
INFO	2021-10-28 14:00:34	AddOrReplaceReadGroups	Processed    84,000,000 records.  Elapsed time: 00:08:07s.  Time for last 1,000,000:    5s.  Last read position: LG03:9,575,396
INFO	2021-10-28 14:00:39	AddOrReplaceReadGroups	Processed    85,000,000 records.  Elapsed time: 00:08:13s.  Time for last 1,000,000:    5s.  Last read position: LG03:12,009,403
INFO	2021-10-28 14:00:45	AddOrReplaceReadGroups	Processed    86,000,000 records.  Elapsed time: 00:08:19s.  Time for last 1,000,000:    5s.  Last read position: LG03:14,802,772
INFO	2021-10-28 14:00:51	AddOrReplaceReadGroups	Processed    87,000,000 records.  Elapsed time: 00:08:24s.  Time for last 1,000,000:    5s.  Last read position: LG04:748,400
INFO	2021-10-28 14:00:56	AddOrReplaceReadGroups	Processed    88,000,000 records.  Elapsed time: 00:08:30s.  Time for last 1,000,000:    5s.  Last read position: LG04:2,670,119
INFO	2021-10-28 14:01:02	AddOrReplaceReadGroups	Processed    89,000,000 records.  Elapsed time: 00:08:36s.  Time for last 1,000,000:    5s.  Last read position: LG04:5,002,473
INFO	2021-10-28 14:01:08	AddOrReplaceReadGroups	Processed    90,000,000 records.  Elapsed time: 00:08:42s.  Time for last 1,000,000:    5s.  Last read position: LG04:7,584,258
INFO	2021-10-28 14:01:14	AddOrReplaceReadGroups	Processed    91,000,000 records.  Elapsed time: 00:08:47s.  Time for last 1,000,000:    5s.  Last read position: LG04:9,948,533
INFO	2021-10-28 14:01:19	AddOrReplaceReadGroups	Processed    92,000,000 records.  Elapsed time: 00:08:53s.  Time for last 1,000,000:    5s.  Last read position: LG04:12,517,232
INFO	2021-10-28 14:01:25	AddOrReplaceReadGroups	Processed    93,000,000 records.  Elapsed time: 00:08:59s.  Time for last 1,000,000:    5s.  Last read position: LG04:14,900,659
INFO	2021-10-28 14:01:31	AddOrReplaceReadGroups	Processed    94,000,000 records.  Elapsed time: 00:09:04s.  Time for last 1,000,000:    5s.  Last read position: LG05:1,590,460
INFO	2021-10-28 14:01:36	AddOrReplaceReadGroups	Processed    95,000,000 records.  Elapsed time: 00:09:10s.  Time for last 1,000,000:    5s.  Last read position: LG05:4,080,416
INFO	2021-10-28 14:01:42	AddOrReplaceReadGroups	Processed    96,000,000 records.  Elapsed time: 00:09:16s.  Time for last 1,000,000:    5s.  Last read position: LG05:6,367,084
INFO	2021-10-28 14:01:48	AddOrReplaceReadGroups	Processed    97,000,000 records.  Elapsed time: 00:09:22s.  Time for last 1,000,000:    5s.  Last read position: LG05:8,510,934
INFO	2021-10-28 14:01:54	AddOrReplaceReadGroups	Processed    98,000,000 records.  Elapsed time: 00:09:27s.  Time for last 1,000,000:    5s.  Last read position: LG05:10,903,033
INFO	2021-10-28 14:01:59	AddOrReplaceReadGroups	Processed    99,000,000 records.  Elapsed time: 00:09:33s.  Time for last 1,000,000:    5s.  Last read position: LG05:13,317,220
INFO	2021-10-28 14:02:05	AddOrReplaceReadGroups	Processed   100,000,000 records.  Elapsed time: 00:09:39s.  Time for last 1,000,000:    5s.  Last read position: LG05:15,762,195
INFO	2021-10-28 14:02:11	AddOrReplaceReadGroups	Processed   101,000,000 records.  Elapsed time: 00:09:44s.  Time for last 1,000,000:    5s.  Last read position: LG05:18,301,365
INFO	2021-10-28 14:02:16	AddOrReplaceReadGroups	Processed   102,000,000 records.  Elapsed time: 00:09:50s.  Time for last 1,000,000:    5s.  Last read position: LG05:20,718,431
INFO	2021-10-28 14:02:22	AddOrReplaceReadGroups	Processed   103,000,000 records.  Elapsed time: 00:09:56s.  Time for last 1,000,000:    5s.  Last read position: LG06:883,613
INFO	2021-10-28 14:02:28	AddOrReplaceReadGroups	Processed   104,000,000 records.  Elapsed time: 00:10:01s.  Time for last 1,000,000:    5s.  Last read position: LG06:2,993,991
INFO	2021-10-28 14:02:34	AddOrReplaceReadGroups	Processed   105,000,000 records.  Elapsed time: 00:10:07s.  Time for last 1,000,000:    5s.  Last read position: LG06:5,628,358
INFO	2021-10-28 14:02:39	AddOrReplaceReadGroups	Processed   106,000,000 records.  Elapsed time: 00:10:13s.  Time for last 1,000,000:    5s.  Last read position: LG06:7,899,795
INFO	2021-10-28 14:02:45	AddOrReplaceReadGroups	Processed   107,000,000 records.  Elapsed time: 00:10:19s.  Time for last 1,000,000:    5s.  Last read position: LG06:10,492,259
INFO	2021-10-28 14:02:51	AddOrReplaceReadGroups	Processed   108,000,000 records.  Elapsed time: 00:10:24s.  Time for last 1,000,000:    5s.  Last read position: LG07:415,330
INFO	2021-10-28 14:02:56	AddOrReplaceReadGroups	Processed   109,000,000 records.  Elapsed time: 00:10:30s.  Time for last 1,000,000:    5s.  Last read position: LG07:2,563,401
INFO	2021-10-28 14:03:02	AddOrReplaceReadGroups	Processed   110,000,000 records.  Elapsed time: 00:10:36s.  Time for last 1,000,000:    5s.  Last read position: LG07:4,596,938
INFO	2021-10-28 14:03:08	AddOrReplaceReadGroups	Processed   111,000,000 records.  Elapsed time: 00:10:42s.  Time for last 1,000,000:    5s.  Last read position: LG07:7,069,015
INFO	2021-10-28 14:03:14	AddOrReplaceReadGroups	Processed   112,000,000 records.  Elapsed time: 00:10:47s.  Time for last 1,000,000:    5s.  Last read position: LG07:9,637,945
INFO	2021-10-28 14:03:20	AddOrReplaceReadGroups	Processed   113,000,000 records.  Elapsed time: 00:10:53s.  Time for last 1,000,000:    5s.  Last read position: LG08:154,197
INFO	2021-10-28 14:03:25	AddOrReplaceReadGroups	Processed   114,000,000 records.  Elapsed time: 00:10:59s.  Time for last 1,000,000:    5s.  Last read position: LG08:2,316,402
INFO	2021-10-28 14:03:31	AddOrReplaceReadGroups	Processed   115,000,000 records.  Elapsed time: 00:11:05s.  Time for last 1,000,000:    5s.  Last read position: LG08:4,957,656
INFO	2021-10-28 14:03:37	AddOrReplaceReadGroups	Processed   116,000,000 records.  Elapsed time: 00:11:11s.  Time for last 1,000,000:    6s.  Last read position: LG08:8,024,687
INFO	2021-10-28 14:03:43	AddOrReplaceReadGroups	Processed   117,000,000 records.  Elapsed time: 00:11:17s.  Time for last 1,000,000:    5s.  Last read position: LG08:10,473,899
INFO	2021-10-28 14:03:49	AddOrReplaceReadGroups	Processed   118,000,000 records.  Elapsed time: 00:11:22s.  Time for last 1,000,000:    5s.  Last read position: LG08:12,923,582
INFO	2021-10-28 14:03:55	AddOrReplaceReadGroups	Processed   119,000,000 records.  Elapsed time: 00:11:28s.  Time for last 1,000,000:    5s.  Last read position: LG09:259,495
INFO	2021-10-28 14:04:01	AddOrReplaceReadGroups	Processed   120,000,000 records.  Elapsed time: 00:11:34s.  Time for last 1,000,000:    5s.  Last read position: LG09:2,407,142
INFO	2021-10-28 14:04:06	AddOrReplaceReadGroups	Processed   121,000,000 records.  Elapsed time: 00:11:40s.  Time for last 1,000,000:    5s.  Last read position: LG09:2,662,262
INFO	2021-10-28 14:04:12	AddOrReplaceReadGroups	Processed   122,000,000 records.  Elapsed time: 00:11:46s.  Time for last 1,000,000:    5s.  Last read position: LG09:2,882,375
INFO	2021-10-28 14:04:18	AddOrReplaceReadGroups	Processed   123,000,000 records.  Elapsed time: 00:11:51s.  Time for last 1,000,000:    5s.  Last read position: LG09:4,516,565
INFO	2021-10-28 14:04:23	AddOrReplaceReadGroups	Processed   124,000,000 records.  Elapsed time: 00:11:57s.  Time for last 1,000,000:    5s.  Last read position: LG09:7,070,963
INFO	2021-10-28 14:04:29	AddOrReplaceReadGroups	Processed   125,000,000 records.  Elapsed time: 00:12:03s.  Time for last 1,000,000:    5s.  Last read position: LG09:9,482,973
INFO	2021-10-28 14:04:35	AddOrReplaceReadGroups	Processed   126,000,000 records.  Elapsed time: 00:12:08s.  Time for last 1,000,000:    5s.  Last read position: LG09:10,915,036
INFO	2021-10-28 14:04:40	AddOrReplaceReadGroups	Processed   127,000,000 records.  Elapsed time: 00:12:14s.  Time for last 1,000,000:    5s.  Last read position: LG10:630,560
INFO	2021-10-28 14:04:46	AddOrReplaceReadGroups	Processed   128,000,000 records.  Elapsed time: 00:12:20s.  Time for last 1,000,000:    5s.  Last read position: LG10:2,937,110
INFO	2021-10-28 14:04:52	AddOrReplaceReadGroups	Processed   129,000,000 records.  Elapsed time: 00:12:25s.  Time for last 1,000,000:    5s.  Last read position: LG10:5,278,468
INFO	2021-10-28 14:04:58	AddOrReplaceReadGroups	Processed   130,000,000 records.  Elapsed time: 00:12:31s.  Time for last 1,000,000:    5s.  Last read position: LG10:7,510,777
INFO	2021-10-28 14:05:03	AddOrReplaceReadGroups	Processed   131,000,000 records.  Elapsed time: 00:12:37s.  Time for last 1,000,000:    5s.  Last read position: LG10:9,560,084
INFO	2021-10-28 14:05:09	AddOrReplaceReadGroups	Processed   132,000,000 records.  Elapsed time: 00:12:43s.  Time for last 1,000,000:    5s.  Last read position: LG10:11,987,649
INFO	2021-10-28 14:05:15	AddOrReplaceReadGroups	Processed   133,000,000 records.  Elapsed time: 00:12:48s.  Time for last 1,000,000:    5s.  Last read position: LG10:14,007,437
INFO	2021-10-28 14:05:20	AddOrReplaceReadGroups	Processed   134,000,000 records.  Elapsed time: 00:12:54s.  Time for last 1,000,000:    5s.  Last read position: LG10:16,276,361
INFO	2021-10-28 14:05:26	AddOrReplaceReadGroups	Processed   135,000,000 records.  Elapsed time: 00:13:00s.  Time for last 1,000,000:    5s.  Last read position: LG10:18,459,500
INFO	2021-10-28 14:05:32	AddOrReplaceReadGroups	Processed   136,000,000 records.  Elapsed time: 00:13:05s.  Time for last 1,000,000:    5s.  Last read position: LG10:20,876,431
INFO	2021-10-28 14:05:37	AddOrReplaceReadGroups	Processed   137,000,000 records.  Elapsed time: 00:13:11s.  Time for last 1,000,000:    5s.  Last read position: LG10:23,459,862
INFO	2021-10-28 14:05:43	AddOrReplaceReadGroups	Processed   138,000,000 records.  Elapsed time: 00:13:17s.  Time for last 1,000,000:    5s.  Last read position: LG10:25,890,554
INFO	2021-10-28 14:05:49	AddOrReplaceReadGroups	Processed   139,000,000 records.  Elapsed time: 00:13:22s.  Time for last 1,000,000:    5s.  Last read position: LG10:28,100,477
INFO	2021-10-28 14:05:55	AddOrReplaceReadGroups	Processed   140,000,000 records.  Elapsed time: 00:13:28s.  Time for last 1,000,000:    5s.  Last read position: LG11:1,290,698
INFO	2021-10-28 14:06:00	AddOrReplaceReadGroups	Processed   141,000,000 records.  Elapsed time: 00:13:34s.  Time for last 1,000,000:    5s.  Last read position: LG11:4,115,860
INFO	2021-10-28 14:06:06	AddOrReplaceReadGroups	Processed   142,000,000 records.  Elapsed time: 00:13:40s.  Time for last 1,000,000:    5s.  Last read position: LG11:7,437,714
INFO	2021-10-28 14:06:12	AddOrReplaceReadGroups	Processed   143,000,000 records.  Elapsed time: 00:13:46s.  Time for last 1,000,000:    5s.  Last read position: LG11:9,794,871
INFO	2021-10-28 14:06:18	AddOrReplaceReadGroups	Processed   144,000,000 records.  Elapsed time: 00:13:51s.  Time for last 1,000,000:    5s.  Last read position: LG11:12,046,759
INFO	2021-10-28 14:06:24	AddOrReplaceReadGroups	Processed   145,000,000 records.  Elapsed time: 00:13:57s.  Time for last 1,000,000:    5s.  Last read position: LG11:14,582,354
INFO	2021-10-28 14:06:29	AddOrReplaceReadGroups	Processed   146,000,000 records.  Elapsed time: 00:14:03s.  Time for last 1,000,000:    5s.  Last read position: LG11:16,599,831
INFO	2021-10-28 14:06:35	AddOrReplaceReadGroups	Processed   147,000,000 records.  Elapsed time: 00:14:09s.  Time for last 1,000,000:    5s.  Last read position: LG11:19,057,172
INFO	2021-10-28 14:06:41	AddOrReplaceReadGroups	Processed   148,000,000 records.  Elapsed time: 00:14:15s.  Time for last 1,000,000:    5s.  Last read position: LG11:21,643,345
INFO	2021-10-28 14:06:47	AddOrReplaceReadGroups	Processed   149,000,000 records.  Elapsed time: 00:14:21s.  Time for last 1,000,000:    5s.  Last read position: LG11:24,294,643
INFO	2021-10-28 14:06:53	AddOrReplaceReadGroups	Processed   150,000,000 records.  Elapsed time: 00:14:27s.  Time for last 1,000,000:    5s.  Last read position: LG12:69,314
INFO	2021-10-28 14:06:59	AddOrReplaceReadGroups	Processed   151,000,000 records.  Elapsed time: 00:14:32s.  Time for last 1,000,000:    5s.  Last read position: LG12:2,413,463
INFO	2021-10-28 14:07:04	AddOrReplaceReadGroups	Processed   152,000,000 records.  Elapsed time: 00:14:38s.  Time for last 1,000,000:    5s.  Last read position: LG12:5,035,455
INFO	2021-10-28 14:07:10	AddOrReplaceReadGroups	Processed   153,000,000 records.  Elapsed time: 00:14:44s.  Time for last 1,000,000:    5s.  Last read position: LG12:7,395,736
INFO	2021-10-28 14:07:16	AddOrReplaceReadGroups	Processed   154,000,000 records.  Elapsed time: 00:14:50s.  Time for last 1,000,000:    5s.  Last read position: LG12:9,744,775
INFO	2021-10-28 14:07:22	AddOrReplaceReadGroups	Processed   155,000,000 records.  Elapsed time: 00:14:55s.  Time for last 1,000,000:    5s.  Last read position: LG12:12,246,786
INFO	2021-10-28 14:07:28	AddOrReplaceReadGroups	Processed   156,000,000 records.  Elapsed time: 00:15:01s.  Time for last 1,000,000:    5s.  Last read position: LG13:214,476
INFO	2021-10-28 14:07:33	AddOrReplaceReadGroups	Processed   157,000,000 records.  Elapsed time: 00:15:07s.  Time for last 1,000,000:    5s.  Last read position: LG13:2,155,346
INFO	2021-10-28 14:07:39	AddOrReplaceReadGroups	Processed   158,000,000 records.  Elapsed time: 00:15:13s.  Time for last 1,000,000:    5s.  Last read position: LG13:4,467,775
INFO	2021-10-28 14:07:45	AddOrReplaceReadGroups	Processed   159,000,000 records.  Elapsed time: 00:15:19s.  Time for last 1,000,000:    5s.  Last read position: LG13:6,599,390
INFO	2021-10-28 14:07:51	AddOrReplaceReadGroups	Processed   160,000,000 records.  Elapsed time: 00:15:24s.  Time for last 1,000,000:    5s.  Last read position: LG13:8,732,169
INFO	2021-10-28 14:07:56	AddOrReplaceReadGroups	Processed   161,000,000 records.  Elapsed time: 00:15:30s.  Time for last 1,000,000:    5s.  Last read position: LG13:11,081,681
INFO	2021-10-28 14:08:02	AddOrReplaceReadGroups	Processed   162,000,000 records.  Elapsed time: 00:15:36s.  Time for last 1,000,000:    5s.  Last read position: LG13:13,278,342
INFO	2021-10-28 14:08:08	AddOrReplaceReadGroups	Processed   163,000,000 records.  Elapsed time: 00:15:42s.  Time for last 1,000,000:    5s.  Last read position: LG14:777,615
INFO	2021-10-28 14:08:14	AddOrReplaceReadGroups	Processed   164,000,000 records.  Elapsed time: 00:15:48s.  Time for last 1,000,000:    5s.  Last read position: LG14:3,073,530
INFO	2021-10-28 14:08:20	AddOrReplaceReadGroups	Processed   165,000,000 records.  Elapsed time: 00:15:53s.  Time for last 1,000,000:    5s.  Last read position: LG14:5,131,652
INFO	2021-10-28 14:08:25	AddOrReplaceReadGroups	Processed   166,000,000 records.  Elapsed time: 00:15:59s.  Time for last 1,000,000:    5s.  Last read position: LG14:7,441,313
INFO	2021-10-28 14:08:31	AddOrReplaceReadGroups	Processed   167,000,000 records.  Elapsed time: 00:16:05s.  Time for last 1,000,000:    5s.  Last read position: LG14:9,717,252
INFO	2021-10-28 14:08:37	AddOrReplaceReadGroups	Processed   168,000,000 records.  Elapsed time: 00:16:10s.  Time for last 1,000,000:    5s.  Last read position: LG14:12,091,740
INFO	2021-10-28 14:08:43	AddOrReplaceReadGroups	Processed   169,000,000 records.  Elapsed time: 00:16:16s.  Time for last 1,000,000:    5s.  Last read position: LG15:682,364
INFO	2021-10-28 14:08:48	AddOrReplaceReadGroups	Processed   170,000,000 records.  Elapsed time: 00:16:22s.  Time for last 1,000,000:    5s.  Last read position: LG15:2,901,083
INFO	2021-10-28 14:08:54	AddOrReplaceReadGroups	Processed   171,000,000 records.  Elapsed time: 00:16:28s.  Time for last 1,000,000:    5s.  Last read position: LG15:4,958,001
INFO	2021-10-28 14:09:00	AddOrReplaceReadGroups	Processed   172,000,000 records.  Elapsed time: 00:16:33s.  Time for last 1,000,000:    5s.  Last read position: LG15:7,414,860
INFO	2021-10-28 14:09:05	AddOrReplaceReadGroups	Processed   173,000,000 records.  Elapsed time: 00:16:39s.  Time for last 1,000,000:    5s.  Last read position: LG15:9,845,591
INFO	2021-10-28 14:09:11	AddOrReplaceReadGroups	Processed   174,000,000 records.  Elapsed time: 00:16:45s.  Time for last 1,000,000:    5s.  Last read position: LG15:12,060,575
INFO	2021-10-28 14:09:17	AddOrReplaceReadGroups	Processed   175,000,000 records.  Elapsed time: 00:16:50s.  Time for last 1,000,000:    5s.  Last read position: LG15:14,280,223
INFO	2021-10-28 14:09:23	AddOrReplaceReadGroups	Processed   176,000,000 records.  Elapsed time: 00:16:56s.  Time for last 1,000,000:    5s.  Last read position: LG15:16,471,597
INFO	2021-10-28 14:09:28	AddOrReplaceReadGroups	Processed   177,000,000 records.  Elapsed time: 00:17:02s.  Time for last 1,000,000:    5s.  Last read position: LG16:675,952
INFO	2021-10-28 14:09:34	AddOrReplaceReadGroups	Processed   178,000,000 records.  Elapsed time: 00:17:08s.  Time for last 1,000,000:    5s.  Last read position: LG16:2,887,477
INFO	2021-10-28 14:09:40	AddOrReplaceReadGroups	Processed   179,000,000 records.  Elapsed time: 00:17:13s.  Time for last 1,000,000:    5s.  Last read position: LG16:5,362,602
INFO	2021-10-28 14:09:46	AddOrReplaceReadGroups	Processed   180,000,000 records.  Elapsed time: 00:17:19s.  Time for last 1,000,000:    5s.  Last read position: LG16:8,011,289
INFO	2021-10-28 14:09:51	AddOrReplaceReadGroups	Processed   181,000,000 records.  Elapsed time: 00:17:25s.  Time for last 1,000,000:    5s.  Last read position: LG16:10,468,947
INFO	2021-10-28 14:09:57	AddOrReplaceReadGroups	Processed   182,000,000 records.  Elapsed time: 00:17:31s.  Time for last 1,000,000:    5s.  Last read position: LG16:12,546,991
INFO	2021-10-28 14:10:03	AddOrReplaceReadGroups	Processed   183,000,000 records.  Elapsed time: 00:17:36s.  Time for last 1,000,000:    5s.  Last read position: LG16:14,699,409
INFO	2021-10-28 14:10:08	AddOrReplaceReadGroups	Processed   184,000,000 records.  Elapsed time: 00:17:42s.  Time for last 1,000,000:    5s.  Last read position: LG17:1,132,696
INFO	2021-10-28 14:10:14	AddOrReplaceReadGroups	Processed   185,000,000 records.  Elapsed time: 00:17:48s.  Time for last 1,000,000:    5s.  Last read position: LG17:3,122,440
INFO	2021-10-28 14:10:20	AddOrReplaceReadGroups	Processed   186,000,000 records.  Elapsed time: 00:17:54s.  Time for last 1,000,000:    5s.  Last read position: LG17:4,620,296
INFO	2021-10-28 14:10:26	AddOrReplaceReadGroups	Processed   187,000,000 records.  Elapsed time: 00:17:59s.  Time for last 1,000,000:    5s.  Last read position: LG17:6,766,722
INFO	2021-10-28 14:10:31	AddOrReplaceReadGroups	Processed   188,000,000 records.  Elapsed time: 00:18:05s.  Time for last 1,000,000:    5s.  Last read position: LG17:8,946,192
INFO	2021-10-28 14:10:37	AddOrReplaceReadGroups	Processed   189,000,000 records.  Elapsed time: 00:18:11s.  Time for last 1,000,000:    5s.  Last read position: LG17:11,211,620
INFO	2021-10-28 14:10:43	AddOrReplaceReadGroups	Processed   190,000,000 records.  Elapsed time: 00:18:17s.  Time for last 1,000,000:    5s.  Last read position: LG18:1,273,016
INFO	2021-10-28 14:10:49	AddOrReplaceReadGroups	Processed   191,000,000 records.  Elapsed time: 00:18:22s.  Time for last 1,000,000:    5s.  Last read position: LG18:4,145,640
INFO	2021-10-28 14:10:55	AddOrReplaceReadGroups	Processed   192,000,000 records.  Elapsed time: 00:18:29s.  Time for last 1,000,000:    6s.  Last read position: LG18:6,785,325
INFO	2021-10-28 14:11:02	AddOrReplaceReadGroups	Processed   193,000,000 records.  Elapsed time: 00:18:35s.  Time for last 1,000,000:    6s.  Last read position: LG18:8,843,648
INFO	2021-10-28 14:11:08	AddOrReplaceReadGroups	Processed   194,000,000 records.  Elapsed time: 00:18:42s.  Time for last 1,000,000:    6s.  Last read position: LG18:11,128,464
INFO	2021-10-28 14:11:14	AddOrReplaceReadGroups	Processed   195,000,000 records.  Elapsed time: 00:18:47s.  Time for last 1,000,000:    5s.  Last read position: LG19:904,179
INFO	2021-10-28 14:11:19	AddOrReplaceReadGroups	Processed   196,000,000 records.  Elapsed time: 00:18:53s.  Time for last 1,000,000:    5s.  Last read position: LG19:3,188,888
INFO	2021-10-28 14:11:25	AddOrReplaceReadGroups	Processed   197,000,000 records.  Elapsed time: 00:18:59s.  Time for last 1,000,000:    5s.  Last read position: LG19:4,780,724
INFO	2021-10-28 14:11:31	AddOrReplaceReadGroups	Processed   198,000,000 records.  Elapsed time: 00:19:05s.  Time for last 1,000,000:    5s.  Last read position: LG19:7,000,355
INFO	2021-10-28 14:11:37	AddOrReplaceReadGroups	Processed   199,000,000 records.  Elapsed time: 00:19:10s.  Time for last 1,000,000:    5s.  Last read position: LG19:9,386,340
INFO	2021-10-28 14:11:42	AddOrReplaceReadGroups	Processed   200,000,000 records.  Elapsed time: 00:19:16s.  Time for last 1,000,000:    5s.  Last read position: LG19:11,718,877
INFO	2021-10-28 14:11:48	AddOrReplaceReadGroups	Processed   201,000,000 records.  Elapsed time: 00:19:22s.  Time for last 1,000,000:    5s.  Last read position: LG19:14,012,089
INFO	2021-10-28 14:11:54	AddOrReplaceReadGroups	Processed   202,000,000 records.  Elapsed time: 00:19:28s.  Time for last 1,000,000:    5s.  Last read position: LG20:855,651
INFO	2021-10-28 14:12:00	AddOrReplaceReadGroups	Processed   203,000,000 records.  Elapsed time: 00:19:33s.  Time for last 1,000,000:    5s.  Last read position: LG20:3,116,081
INFO	2021-10-28 14:12:06	AddOrReplaceReadGroups	Processed   204,000,000 records.  Elapsed time: 00:19:39s.  Time for last 1,000,000:    5s.  Last read position: LG20:5,484,707
INFO	2021-10-28 14:12:11	AddOrReplaceReadGroups	Processed   205,000,000 records.  Elapsed time: 00:19:45s.  Time for last 1,000,000:    5s.  Last read position: LG20:7,961,137
INFO	2021-10-28 14:12:17	AddOrReplaceReadGroups	Processed   206,000,000 records.  Elapsed time: 00:19:51s.  Time for last 1,000,000:    5s.  Last read position: LG20:10,172,763
INFO	2021-10-28 14:12:23	AddOrReplaceReadGroups	Processed   207,000,000 records.  Elapsed time: 00:19:57s.  Time for last 1,000,000:    5s.  Last read position: LG20:12,338,786
INFO	2021-10-28 14:12:29	AddOrReplaceReadGroups	Processed   208,000,000 records.  Elapsed time: 00:20:02s.  Time for last 1,000,000:    5s.  Last read position: LG21:2,213,664
INFO	2021-10-28 14:12:35	AddOrReplaceReadGroups	Processed   209,000,000 records.  Elapsed time: 00:20:08s.  Time for last 1,000,000:    5s.  Last read position: LG21:4,087,681
INFO	2021-10-28 14:12:40	AddOrReplaceReadGroups	Processed   210,000,000 records.  Elapsed time: 00:20:14s.  Time for last 1,000,000:    5s.  Last read position: LG21:6,472,257
INFO	2021-10-28 14:12:46	AddOrReplaceReadGroups	Processed   211,000,000 records.  Elapsed time: 00:20:20s.  Time for last 1,000,000:    5s.  Last read position: LG21:8,615,908
INFO	2021-10-28 14:12:52	AddOrReplaceReadGroups	Processed   212,000,000 records.  Elapsed time: 00:20:26s.  Time for last 1,000,000:    5s.  Last read position: LG21:11,023,190
INFO	2021-10-28 14:12:58	AddOrReplaceReadGroups	Processed   213,000,000 records.  Elapsed time: 00:20:31s.  Time for last 1,000,000:    5s.  Last read position: LG21:13,485,894
INFO	2021-10-28 14:13:03	AddOrReplaceReadGroups	Processed   214,000,000 records.  Elapsed time: 00:20:37s.  Time for last 1,000,000:    5s.  Last read position: LG22:1,231,490
INFO	2021-10-28 14:13:09	AddOrReplaceReadGroups	Processed   215,000,000 records.  Elapsed time: 00:20:43s.  Time for last 1,000,000:    5s.  Last read position: LG22:3,465,677
INFO	2021-10-28 14:13:15	AddOrReplaceReadGroups	Processed   216,000,000 records.  Elapsed time: 00:20:48s.  Time for last 1,000,000:    5s.  Last read position: LG22:5,360,475
INFO	2021-10-28 14:13:21	AddOrReplaceReadGroups	Processed   217,000,000 records.  Elapsed time: 00:20:54s.  Time for last 1,000,000:    5s.  Last read position: LG22:7,483,484
INFO	2021-10-28 14:13:26	AddOrReplaceReadGroups	Processed   218,000,000 records.  Elapsed time: 00:21:00s.  Time for last 1,000,000:    5s.  Last read position: LG22:9,965,431
INFO	2021-10-28 14:13:32	AddOrReplaceReadGroups	Processed   219,000,000 records.  Elapsed time: 00:21:06s.  Time for last 1,000,000:    5s.  Last read position: LG23:464,803
INFO	2021-10-28 14:13:38	AddOrReplaceReadGroups	Processed   220,000,000 records.  Elapsed time: 00:21:11s.  Time for last 1,000,000:    5s.  Last read position: LG23:2,699,126
INFO	2021-10-28 14:13:44	AddOrReplaceReadGroups	Processed   221,000,000 records.  Elapsed time: 00:21:17s.  Time for last 1,000,000:    5s.  Last read position: LG23:4,925,433
INFO	2021-10-28 14:13:49	AddOrReplaceReadGroups	Processed   222,000,000 records.  Elapsed time: 00:21:23s.  Time for last 1,000,000:    5s.  Last read position: LG23:7,042,722
INFO	2021-10-28 14:13:55	AddOrReplaceReadGroups	Processed   223,000,000 records.  Elapsed time: 00:21:29s.  Time for last 1,000,000:    5s.  Last read position: LG23:8,965,911
INFO	2021-10-28 14:14:01	AddOrReplaceReadGroups	Processed   224,000,000 records.  Elapsed time: 00:21:34s.  Time for last 1,000,000:    5s.  Last read position: LG23:11,319,363
INFO	2021-10-28 14:14:06	AddOrReplaceReadGroups	Processed   225,000,000 records.  Elapsed time: 00:21:40s.  Time for last 1,000,000:    5s.  Last read position: LG23:13,407,192
INFO	2021-10-28 14:14:12	AddOrReplaceReadGroups	Processed   226,000,000 records.  Elapsed time: 00:21:46s.  Time for last 1,000,000:    5s.  Last read position: LG23:15,706,718
INFO	2021-10-28 14:14:18	AddOrReplaceReadGroups	Processed   227,000,000 records.  Elapsed time: 00:21:51s.  Time for last 1,000,000:    5s.  Last read position: LG24:1,523,585
INFO	2021-10-28 14:14:24	AddOrReplaceReadGroups	Processed   228,000,000 records.  Elapsed time: 00:21:57s.  Time for last 1,000,000:    5s.  Last read position: LG24:3,887,283
INFO	2021-10-28 14:14:29	AddOrReplaceReadGroups	Processed   229,000,000 records.  Elapsed time: 00:22:03s.  Time for last 1,000,000:    5s.  Last read position: LG24:6,236,910
INFO	2021-10-28 14:14:35	AddOrReplaceReadGroups	Processed   230,000,000 records.  Elapsed time: 00:22:09s.  Time for last 1,000,000:    5s.  Last read position: LG24:8,577,995
INFO	2021-10-28 14:14:41	AddOrReplaceReadGroups	Processed   231,000,000 records.  Elapsed time: 00:22:14s.  Time for last 1,000,000:    5s.  Last read position: LG24:11,570,588
INFO	2021-10-28 14:14:46	AddOrReplaceReadGroups	Processed   232,000,000 records.  Elapsed time: 00:22:20s.  Time for last 1,000,000:    5s.  Last read position: LG25:341,121
INFO	2021-10-28 14:14:52	AddOrReplaceReadGroups	Processed   233,000,000 records.  Elapsed time: 00:22:26s.  Time for last 1,000,000:    5s.  Last read position: LG25:2,519,991
INFO	2021-10-28 14:14:58	AddOrReplaceReadGroups	Processed   234,000,000 records.  Elapsed time: 00:22:31s.  Time for last 1,000,000:    5s.  Last read position: LG25:4,973,529
INFO	2021-10-28 14:15:04	AddOrReplaceReadGroups	Processed   235,000,000 records.  Elapsed time: 00:22:37s.  Time for last 1,000,000:    5s.  Last read position: LG25:7,425,039
INFO	2021-10-28 14:15:10	AddOrReplaceReadGroups	Processed   236,000,000 records.  Elapsed time: 00:22:43s.  Time for last 1,000,000:    5s.  Last read position: LG25:9,847,478
INFO	2021-10-28 14:15:15	AddOrReplaceReadGroups	Processed   237,000,000 records.  Elapsed time: 00:22:49s.  Time for last 1,000,000:    5s.  Last read position: LG25:12,022,548
INFO	2021-10-28 14:15:21	AddOrReplaceReadGroups	Processed   238,000,000 records.  Elapsed time: 00:22:55s.  Time for last 1,000,000:    5s.  Last read position: LG26:366,653
INFO	2021-10-28 14:15:27	AddOrReplaceReadGroups	Processed   239,000,000 records.  Elapsed time: 00:23:00s.  Time for last 1,000,000:    5s.  Last read position: LG26:2,976,348
INFO	2021-10-28 14:15:32	AddOrReplaceReadGroups	Processed   240,000,000 records.  Elapsed time: 00:23:06s.  Time for last 1,000,000:    5s.  Last read position: LG26:4,775,693
INFO	2021-10-28 14:15:38	AddOrReplaceReadGroups	Processed   241,000,000 records.  Elapsed time: 00:23:12s.  Time for last 1,000,000:    5s.  Last read position: LG26:6,968,536
INFO	2021-10-28 14:15:44	AddOrReplaceReadGroups	Processed   242,000,000 records.  Elapsed time: 00:23:18s.  Time for last 1,000,000:    5s.  Last read position: LG26:9,541,808
INFO	2021-10-28 14:15:50	AddOrReplaceReadGroups	Processed   243,000,000 records.  Elapsed time: 00:23:24s.  Time for last 1,000,000:    5s.  Last read position: LG26:12,071,391
INFO	2021-10-28 14:15:56	AddOrReplaceReadGroups	Processed   244,000,000 records.  Elapsed time: 00:23:29s.  Time for last 1,000,000:    5s.  Last read position: LG27:992,974
INFO	2021-10-28 14:16:01	AddOrReplaceReadGroups	Processed   245,000,000 records.  Elapsed time: 00:23:35s.  Time for last 1,000,000:    5s.  Last read position: LG27:3,392,763
INFO	2021-10-28 14:16:07	AddOrReplaceReadGroups	Processed   246,000,000 records.  Elapsed time: 00:23:41s.  Time for last 1,000,000:    5s.  Last read position: LG27:5,997,174
INFO	2021-10-28 14:16:13	AddOrReplaceReadGroups	Processed   247,000,000 records.  Elapsed time: 00:23:46s.  Time for last 1,000,000:    5s.  Last read position: LG27:7,974,795
INFO	2021-10-28 14:16:18	AddOrReplaceReadGroups	Processed   248,000,000 records.  Elapsed time: 00:23:52s.  Time for last 1,000,000:    5s.  Last read position: LG27:10,472,673
INFO	2021-10-28 14:16:24	AddOrReplaceReadGroups	Processed   249,000,000 records.  Elapsed time: 00:23:58s.  Time for last 1,000,000:    5s.  Last read position: LG28:661,238
INFO	2021-10-28 14:16:30	AddOrReplaceReadGroups	Processed   250,000,000 records.  Elapsed time: 00:24:04s.  Time for last 1,000,000:    5s.  Last read position: LG28:2,968,607
INFO	2021-10-28 14:16:36	AddOrReplaceReadGroups	Processed   251,000,000 records.  Elapsed time: 00:24:09s.  Time for last 1,000,000:    5s.  Last read position: LG28:5,495,565
INFO	2021-10-28 14:16:41	AddOrReplaceReadGroups	Processed   252,000,000 records.  Elapsed time: 00:24:15s.  Time for last 1,000,000:    5s.  Last read position: LG28:8,051,099
INFO	2021-10-28 14:16:47	AddOrReplaceReadGroups	Processed   253,000,000 records.  Elapsed time: 00:24:21s.  Time for last 1,000,000:    5s.  Last read position: LG28:10,319,186
INFO	2021-10-28 14:16:53	AddOrReplaceReadGroups	Processed   254,000,000 records.  Elapsed time: 00:24:26s.  Time for last 1,000,000:    5s.  Last read position: LG29:576,372
INFO	2021-10-28 14:16:59	AddOrReplaceReadGroups	Processed   255,000,000 records.  Elapsed time: 00:24:32s.  Time for last 1,000,000:    5s.  Last read position: LG29:2,840,371
INFO	2021-10-28 14:17:04	AddOrReplaceReadGroups	Processed   256,000,000 records.  Elapsed time: 00:24:38s.  Time for last 1,000,000:    5s.  Last read position: LG30:330,785
INFO	2021-10-28 14:17:10	AddOrReplaceReadGroups	Processed   257,000,000 records.  Elapsed time: 00:24:44s.  Time for last 1,000,000:    5s.  Last read position: LG30:2,427,514
INFO	2021-10-28 14:17:16	AddOrReplaceReadGroups	Processed   258,000,000 records.  Elapsed time: 00:24:49s.  Time for last 1,000,000:    5s.  Last read position: LG30:4,842,698
INFO	2021-10-28 14:17:21	AddOrReplaceReadGroups	Processed   259,000,000 records.  Elapsed time: 00:24:55s.  Time for last 1,000,000:    5s.  Last read position: LG30:7,507,166
INFO	2021-10-28 14:17:27	AddOrReplaceReadGroups	Processed   260,000,000 records.  Elapsed time: 00:25:01s.  Time for last 1,000,000:    5s.  Last read position: UNPIN3877:1,748
INFO	2021-10-28 14:17:33	AddOrReplaceReadGroups	Processed   261,000,000 records.  Elapsed time: 00:25:06s.  Time for last 1,000,000:    5s.  Last read position: UNPIN3877:12,503
INFO	2021-10-28 14:17:38	AddOrReplaceReadGroups	Processed   262,000,000 records.  Elapsed time: 00:25:12s.  Time for last 1,000,000:    5s.  Last read position: UNPIN3877:21,912
INFO	2021-10-28 14:17:44	AddOrReplaceReadGroups	Processed   263,000,000 records.  Elapsed time: 00:25:17s.  Time for last 1,000,000:    5s.  Last read position: UNPIN3877:31,395
INFO	2021-10-28 14:17:49	AddOrReplaceReadGroups	Processed   264,000,000 records.  Elapsed time: 00:25:23s.  Time for last 1,000,000:    5s.  Last read position: UNPIN3877:41,041
INFO	2021-10-28 14:17:55	AddOrReplaceReadGroups	Processed   265,000,000 records.  Elapsed time: 00:25:28s.  Time for last 1,000,000:    5s.  Last read position: UNPIN3877:52,002
INFO	2021-10-28 14:18:00	AddOrReplaceReadGroups	Processed   266,000,000 records.  Elapsed time: 00:25:34s.  Time for last 1,000,000:    5s.  Last read position: UNPIN3877:61,965
INFO	2021-10-28 14:18:06	AddOrReplaceReadGroups	Processed   267,000,000 records.  Elapsed time: 00:25:39s.  Time for last 1,000,000:    5s.  Last read position: UNPIN3877:71,822
INFO	2021-10-28 14:18:11	AddOrReplaceReadGroups	Processed   268,000,000 records.  Elapsed time: 00:25:45s.  Time for last 1,000,000:    5s.  Last read position: UNPIN3877:81,829
INFO	2021-10-28 14:18:17	AddOrReplaceReadGroups	Processed   269,000,000 records.  Elapsed time: 00:25:50s.  Time for last 1,000,000:    5s.  Last read position: UNPIN3877:92,069
INFO	2021-10-28 14:18:22	AddOrReplaceReadGroups	Processed   270,000,000 records.  Elapsed time: 00:25:56s.  Time for last 1,000,000:    5s.  Last read position: UNPIN3877:101,727
INFO	2021-10-28 14:18:28	AddOrReplaceReadGroups	Processed   271,000,000 records.  Elapsed time: 00:26:01s.  Time for last 1,000,000:    5s.  Last read position: UNPIN3877:111,887
INFO	2021-10-28 14:18:33	AddOrReplaceReadGroups	Processed   272,000,000 records.  Elapsed time: 00:26:07s.  Time for last 1,000,000:    5s.  Last read position: UNPIN3877:121,834
INFO	2021-10-28 14:18:39	AddOrReplaceReadGroups	Processed   273,000,000 records.  Elapsed time: 00:26:12s.  Time for last 1,000,000:    5s.  Last read position: UNPIN3878:5,268
INFO	2021-10-28 14:18:44	AddOrReplaceReadGroups	Processed   274,000,000 records.  Elapsed time: 00:26:18s.  Time for last 1,000,000:    5s.  Last read position: */*
INFO	2021-10-28 14:18:49	AddOrReplaceReadGroups	Processed   275,000,000 records.  Elapsed time: 00:26:22s.  Time for last 1,000,000:    4s.  Last read position: */*
INFO	2021-10-28 14:18:53	AddOrReplaceReadGroups	Processed   276,000,000 records.  Elapsed time: 00:26:27s.  Time for last 1,000,000:    4s.  Last read position: */*
INFO	2021-10-28 14:18:57	AddOrReplaceReadGroups	Processed   277,000,000 records.  Elapsed time: 00:26:31s.  Time for last 1,000,000:    4s.  Last read position: */*
INFO	2021-10-28 14:19:02	AddOrReplaceReadGroups	Processed   278,000,000 records.  Elapsed time: 00:26:35s.  Time for last 1,000,000:    4s.  Last read position: */*
INFO	2021-10-28 14:19:06	AddOrReplaceReadGroups	Processed   279,000,000 records.  Elapsed time: 00:26:40s.  Time for last 1,000,000:    4s.  Last read position: */*
INFO	2021-10-28 14:19:11	AddOrReplaceReadGroups	Processed   280,000,000 records.  Elapsed time: 00:26:44s.  Time for last 1,000,000:    4s.  Last read position: */*
INFO	2021-10-28 14:19:15	AddOrReplaceReadGroups	Processed   281,000,000 records.  Elapsed time: 00:26:49s.  Time for last 1,000,000:    4s.  Last read position: */*
INFO	2021-10-28 14:19:20	AddOrReplaceReadGroups	Processed   282,000,000 records.  Elapsed time: 00:26:53s.  Time for last 1,000,000:    4s.  Last read position: */*
INFO	2021-10-28 14:19:24	AddOrReplaceReadGroups	Processed   283,000,000 records.  Elapsed time: 00:26:58s.  Time for last 1,000,000:    4s.  Last read position: */*
INFO	2021-10-28 14:19:29	AddOrReplaceReadGroups	Processed   284,000,000 records.  Elapsed time: 00:27:02s.  Time for last 1,000,000:    4s.  Last read position: */*
INFO	2021-10-28 14:19:33	AddOrReplaceReadGroups	Processed   285,000,000 records.  Elapsed time: 00:27:07s.  Time for last 1,000,000:    4s.  Last read position: */*
INFO	2021-10-28 14:19:37	AddOrReplaceReadGroups	Processed   286,000,000 records.  Elapsed time: 00:27:11s.  Time for last 1,000,000:    4s.  Last read position: */*
INFO	2021-10-28 14:19:42	AddOrReplaceReadGroups	Processed   287,000,000 records.  Elapsed time: 00:27:15s.  Time for last 1,000,000:    4s.  Last read position: */*
INFO	2021-10-28 14:19:46	AddOrReplaceReadGroups	Processed   288,000,000 records.  Elapsed time: 00:27:20s.  Time for last 1,000,000:    4s.  Last read position: */*
INFO	2021-10-28 14:19:51	AddOrReplaceReadGroups	Processed   289,000,000 records.  Elapsed time: 00:27:24s.  Time for last 1,000,000:    4s.  Last read position: */*
INFO	2021-10-28 14:19:55	AddOrReplaceReadGroups	Processed   290,000,000 records.  Elapsed time: 00:27:29s.  Time for last 1,000,000:    4s.  Last read position: */*
INFO	2021-10-28 14:19:59	AddOrReplaceReadGroups	Processed   291,000,000 records.  Elapsed time: 00:27:33s.  Time for last 1,000,000:    4s.  Last read position: */*
INFO	2021-10-28 14:20:04	AddOrReplaceReadGroups	Processed   292,000,000 records.  Elapsed time: 00:27:38s.  Time for last 1,000,000:    4s.  Last read position: */*
INFO	2021-10-28 14:20:08	AddOrReplaceReadGroups	Processed   293,000,000 records.  Elapsed time: 00:27:42s.  Time for last 1,000,000:    4s.  Last read position: */*
INFO	2021-10-28 14:20:13	AddOrReplaceReadGroups	Processed   294,000,000 records.  Elapsed time: 00:27:46s.  Time for last 1,000,000:    4s.  Last read position: */*
INFO	2021-10-28 14:20:17	AddOrReplaceReadGroups	Processed   295,000,000 records.  Elapsed time: 00:27:51s.  Time for last 1,000,000:    4s.  Last read position: */*
INFO	2021-10-28 14:20:22	AddOrReplaceReadGroups	Processed   296,000,000 records.  Elapsed time: 00:27:55s.  Time for last 1,000,000:    4s.  Last read position: */*
INFO	2021-10-28 14:20:26	AddOrReplaceReadGroups	Processed   297,000,000 records.  Elapsed time: 00:28:00s.  Time for last 1,000,000:    4s.  Last read position: */*
INFO	2021-10-28 14:20:30	AddOrReplaceReadGroups	Processed   298,000,000 records.  Elapsed time: 00:28:04s.  Time for last 1,000,000:    4s.  Last read position: */*
INFO	2021-10-28 14:20:35	AddOrReplaceReadGroups	Processed   299,000,000 records.  Elapsed time: 00:28:08s.  Time for last 1,000,000:    4s.  Last read position: */*
INFO	2021-10-28 14:20:39	AddOrReplaceReadGroups	Processed   300,000,000 records.  Elapsed time: 00:28:13s.  Time for last 1,000,000:    4s.  Last read position: */*
INFO	2021-10-28 14:20:44	AddOrReplaceReadGroups	Processed   301,000,000 records.  Elapsed time: 00:28:17s.  Time for last 1,000,000:    4s.  Last read position: */*
INFO	2021-10-28 14:20:48	AddOrReplaceReadGroups	Processed   302,000,000 records.  Elapsed time: 00:28:22s.  Time for last 1,000,000:    4s.  Last read position: */*
INFO	2021-10-28 14:20:53	AddOrReplaceReadGroups	Processed   303,000,000 records.  Elapsed time: 00:28:26s.  Time for last 1,000,000:    4s.  Last read position: */*
INFO	2021-10-28 14:20:57	AddOrReplaceReadGroups	Processed   304,000,000 records.  Elapsed time: 00:28:31s.  Time for last 1,000,000:    4s.  Last read position: */*
INFO	2021-10-28 14:21:02	AddOrReplaceReadGroups	Processed   305,000,000 records.  Elapsed time: 00:28:35s.  Time for last 1,000,000:    4s.  Last read position: */*
INFO	2021-10-28 14:21:06	AddOrReplaceReadGroups	Processed   306,000,000 records.  Elapsed time: 00:28:40s.  Time for last 1,000,000:    4s.  Last read position: */*
INFO	2021-10-28 14:21:10	AddOrReplaceReadGroups	Processed   307,000,000 records.  Elapsed time: 00:28:44s.  Time for last 1,000,000:    4s.  Last read position: */*
INFO	2021-10-28 14:21:15	AddOrReplaceReadGroups	Processed   308,000,000 records.  Elapsed time: 00:28:48s.  Time for last 1,000,000:    4s.  Last read position: */*
INFO	2021-10-28 14:21:19	AddOrReplaceReadGroups	Processed   309,000,000 records.  Elapsed time: 00:28:53s.  Time for last 1,000,000:    4s.  Last read position: */*
INFO	2021-10-28 14:21:24	AddOrReplaceReadGroups	Processed   310,000,000 records.  Elapsed time: 00:28:57s.  Time for last 1,000,000:    4s.  Last read position: */*
INFO	2021-10-28 14:21:28	AddOrReplaceReadGroups	Processed   311,000,000 records.  Elapsed time: 00:29:02s.  Time for last 1,000,000:    4s.  Last read position: */*
INFO	2021-10-28 14:21:32	AddOrReplaceReadGroups	Processed   312,000,000 records.  Elapsed time: 00:29:06s.  Time for last 1,000,000:    4s.  Last read position: */*
INFO	2021-10-28 14:21:37	AddOrReplaceReadGroups	Processed   313,000,000 records.  Elapsed time: 00:29:10s.  Time for last 1,000,000:    4s.  Last read position: */*
INFO	2021-10-28 14:21:41	AddOrReplaceReadGroups	Processed   314,000,000 records.  Elapsed time: 00:29:15s.  Time for last 1,000,000:    4s.  Last read position: */*
INFO	2021-10-28 14:21:46	AddOrReplaceReadGroups	Processed   315,000,000 records.  Elapsed time: 00:29:19s.  Time for last 1,000,000:    4s.  Last read position: */*
INFO	2021-10-28 14:21:50	AddOrReplaceReadGroups	Processed   316,000,000 records.  Elapsed time: 00:29:24s.  Time for last 1,000,000:    4s.  Last read position: */*
INFO	2021-10-28 14:21:54	AddOrReplaceReadGroups	Processed   317,000,000 records.  Elapsed time: 00:29:28s.  Time for last 1,000,000:    4s.  Last read position: */*
INFO	2021-10-28 14:21:59	AddOrReplaceReadGroups	Processed   318,000,000 records.  Elapsed time: 00:29:33s.  Time for last 1,000,000:    4s.  Last read position: */*
INFO	2021-10-28 14:22:03	AddOrReplaceReadGroups	Processed   319,000,000 records.  Elapsed time: 00:29:37s.  Time for last 1,000,000:    4s.  Last read position: */*
INFO	2021-10-28 14:22:08	AddOrReplaceReadGroups	Processed   320,000,000 records.  Elapsed time: 00:29:41s.  Time for last 1,000,000:    4s.  Last read position: */*
[Thu Oct 28 14:22:12 PDT 2021] picard.sam.AddOrReplaceReadGroups done. Elapsed time: 29.77 minutes.
Runtime.totalMemory()=2370306048
Tool returned:
0
