==========================================
SLURM_JOB_ID = 2291252
SLURM_JOB_NODELIST = b08-20
TMPDIR = /tmp/SLURM_2291252
==========================================
Running Sample ID SRR12223720_SRP271933_Undaria_pinnatifida_individual_27_2017-04-04_CUL_Kr_Wando2017_2_South_Korea with options  --RGID CALEKANXX.5 --RGLB SRR12223720 --RGPL ILLUMINA --RGPU CALEKANXX.5.SRR12223720 --RGSM CUL_Kr_Wando2017_2_South_Korea 
Using GATK jar /home1/mharden/.conda/envs/gatk4/share/gatk4-4.2.2.0-1/gatk-package-4.2.2.0-local.jar
Running:
    java -Dsamjdk.use_async_io_read_samtools=false -Dsamjdk.use_async_io_write_samtools=true -Dsamjdk.use_async_io_write_tribble=false -Dsamjdk.compression_level=2 -jar /home1/mharden/.conda/envs/gatk4/share/gatk4-4.2.2.0-1/gatk-package-4.2.2.0-local.jar AddOrReplaceReadGroups -I SRR12223720_SRP271933_Undaria_pinnatifida_individual_27_2017-04-04_CUL_Kr_Wando2017_2_South_Korea.sorted.bam -O SRR12223720_SRP271933_Undaria_pinnatifida_individual_27_2017-04-04_CUL_Kr_Wando2017_2_South_Korea.RG.sorted.bam --RGID CALEKANXX.5 --RGLB SRR12223720 --RGPL ILLUMINA --RGPU CALEKANXX.5.SRR12223720 --RGSM CUL_Kr_Wando2017_2_South_Korea
22:16:01.732 INFO  NativeLibraryLoader - Loading libgkl_compression.so from jar:file:/home1/mharden/.conda/envs/gatk4/share/gatk4-4.2.2.0-1/gatk-package-4.2.2.0-local.jar!/com/intel/gkl/native/libgkl_compression.so
[Mon Oct 25 22:16:01 PDT 2021] AddOrReplaceReadGroups --INPUT SRR12223720_SRP271933_Undaria_pinnatifida_individual_27_2017-04-04_CUL_Kr_Wando2017_2_South_Korea.sorted.bam --OUTPUT SRR12223720_SRP271933_Undaria_pinnatifida_individual_27_2017-04-04_CUL_Kr_Wando2017_2_South_Korea.RG.sorted.bam --RGID CALEKANXX.5 --RGLB SRR12223720 --RGPL ILLUMINA --RGPU CALEKANXX.5.SRR12223720 --RGSM CUL_Kr_Wando2017_2_South_Korea --VERBOSITY INFO --QUIET false --VALIDATION_STRINGENCY STRICT --COMPRESSION_LEVEL 2 --MAX_RECORDS_IN_RAM 500000 --CREATE_INDEX false --CREATE_MD5_FILE false --GA4GH_CLIENT_SECRETS client_secrets.json --help false --version false --showHidden false --USE_JDK_DEFLATER false --USE_JDK_INFLATER false
Oct 25, 2021 10:16:01 PM shaded.cloud_nio.com.google.auth.oauth2.ComputeEngineCredentials runningOnComputeEngine
INFO: Failed to detect whether we are running on Google Compute Engine.
[Mon Oct 25 22:16:01 PDT 2021] Executing as mharden@b08-20.hpc.usc.edu on Linux 3.10.0-1062.4.1.el7.x86_64 amd64; OpenJDK 64-Bit Server VM 1.8.0_302-b08; Deflater: Intel; Inflater: Intel; Provider GCS is available; Picard version: Version:4.2.2.0
INFO	2021-10-25 22:16:02	AddOrReplaceReadGroups	Created read-group ID=CALEKANXX.5 PL=ILLUMINA LB=SRR12223720 SM=CUL_Kr_Wando2017_2_South_Korea

INFO	2021-10-25 22:16:12	AddOrReplaceReadGroups	Processed     1,000,000 records.  Elapsed time: 00:00:09s.  Time for last 1,000,000:    9s.  Last read position: LG00:4,918,785
INFO	2021-10-25 22:16:21	AddOrReplaceReadGroups	Processed     2,000,000 records.  Elapsed time: 00:00:19s.  Time for last 1,000,000:    9s.  Last read position: LG00:6,767,727
INFO	2021-10-25 22:16:31	AddOrReplaceReadGroups	Processed     3,000,000 records.  Elapsed time: 00:00:29s.  Time for last 1,000,000:    9s.  Last read position: LG00:9,693,602
INFO	2021-10-25 22:16:40	AddOrReplaceReadGroups	Processed     4,000,000 records.  Elapsed time: 00:00:38s.  Time for last 1,000,000:    9s.  Last read position: LG00:14,250,720
INFO	2021-10-25 22:16:49	AddOrReplaceReadGroups	Processed     5,000,000 records.  Elapsed time: 00:00:47s.  Time for last 1,000,000:    9s.  Last read position: LG00:18,656,271
INFO	2021-10-25 22:16:58	AddOrReplaceReadGroups	Processed     6,000,000 records.  Elapsed time: 00:00:55s.  Time for last 1,000,000:    8s.  Last read position: LG00:23,497,653
INFO	2021-10-25 22:17:06	AddOrReplaceReadGroups	Processed     7,000,000 records.  Elapsed time: 00:01:04s.  Time for last 1,000,000:    8s.  Last read position: LG00:27,638,123
INFO	2021-10-25 22:17:14	AddOrReplaceReadGroups	Processed     8,000,000 records.  Elapsed time: 00:01:12s.  Time for last 1,000,000:    8s.  Last read position: LG00:32,530,207
INFO	2021-10-25 22:17:22	AddOrReplaceReadGroups	Processed     9,000,000 records.  Elapsed time: 00:01:19s.  Time for last 1,000,000:    7s.  Last read position: LG00:37,038,167
INFO	2021-10-25 22:17:29	AddOrReplaceReadGroups	Processed    10,000,000 records.  Elapsed time: 00:01:27s.  Time for last 1,000,000:    7s.  Last read position: LG00:41,978,988
INFO	2021-10-25 22:17:37	AddOrReplaceReadGroups	Processed    11,000,000 records.  Elapsed time: 00:01:35s.  Time for last 1,000,000:    7s.  Last read position: LG00:47,029,697
INFO	2021-10-25 22:17:45	AddOrReplaceReadGroups	Processed    12,000,000 records.  Elapsed time: 00:01:42s.  Time for last 1,000,000:    7s.  Last read position: LG00:51,861,680
INFO	2021-10-25 22:17:52	AddOrReplaceReadGroups	Processed    13,000,000 records.  Elapsed time: 00:01:50s.  Time for last 1,000,000:    7s.  Last read position: LG00:57,158,127
INFO	2021-10-25 22:18:00	AddOrReplaceReadGroups	Processed    14,000,000 records.  Elapsed time: 00:01:58s.  Time for last 1,000,000:    7s.  Last read position: LG00:62,210,617
INFO	2021-10-25 22:18:08	AddOrReplaceReadGroups	Processed    15,000,000 records.  Elapsed time: 00:02:05s.  Time for last 1,000,000:    7s.  Last read position: LG00:67,985,119
INFO	2021-10-25 22:18:15	AddOrReplaceReadGroups	Processed    16,000,000 records.  Elapsed time: 00:02:13s.  Time for last 1,000,000:    7s.  Last read position: LG00:73,408,028
INFO	2021-10-25 22:18:23	AddOrReplaceReadGroups	Processed    17,000,000 records.  Elapsed time: 00:02:20s.  Time for last 1,000,000:    7s.  Last read position: LG00:79,198,363
INFO	2021-10-25 22:18:30	AddOrReplaceReadGroups	Processed    18,000,000 records.  Elapsed time: 00:02:28s.  Time for last 1,000,000:    7s.  Last read position: LG00:84,187,109
INFO	2021-10-25 22:18:38	AddOrReplaceReadGroups	Processed    19,000,000 records.  Elapsed time: 00:02:36s.  Time for last 1,000,000:    7s.  Last read position: LG00:89,420,610
INFO	2021-10-25 22:18:46	AddOrReplaceReadGroups	Processed    20,000,000 records.  Elapsed time: 00:02:43s.  Time for last 1,000,000:    7s.  Last read position: LG00:95,117,690
INFO	2021-10-25 22:18:53	AddOrReplaceReadGroups	Processed    21,000,000 records.  Elapsed time: 00:02:51s.  Time for last 1,000,000:    7s.  Last read position: LG00:100,512,054
INFO	2021-10-25 22:19:01	AddOrReplaceReadGroups	Processed    22,000,000 records.  Elapsed time: 00:02:58s.  Time for last 1,000,000:    7s.  Last read position: LG00:106,584,776
INFO	2021-10-25 22:19:08	AddOrReplaceReadGroups	Processed    23,000,000 records.  Elapsed time: 00:03:06s.  Time for last 1,000,000:    7s.  Last read position: LG00:112,894,347
INFO	2021-10-25 22:19:16	AddOrReplaceReadGroups	Processed    24,000,000 records.  Elapsed time: 00:03:13s.  Time for last 1,000,000:    7s.  Last read position: LG00:118,393,130
INFO	2021-10-25 22:19:23	AddOrReplaceReadGroups	Processed    25,000,000 records.  Elapsed time: 00:03:21s.  Time for last 1,000,000:    7s.  Last read position: LG00:124,036,228
INFO	2021-10-25 22:19:30	AddOrReplaceReadGroups	Processed    26,000,000 records.  Elapsed time: 00:03:28s.  Time for last 1,000,000:    7s.  Last read position: LG00:129,894,171
INFO	2021-10-25 22:19:38	AddOrReplaceReadGroups	Processed    27,000,000 records.  Elapsed time: 00:03:35s.  Time for last 1,000,000:    7s.  Last read position: LG00:135,176,488
INFO	2021-10-25 22:19:45	AddOrReplaceReadGroups	Processed    28,000,000 records.  Elapsed time: 00:03:43s.  Time for last 1,000,000:    7s.  Last read position: LG00:141,253,118
INFO	2021-10-25 22:19:53	AddOrReplaceReadGroups	Processed    29,000,000 records.  Elapsed time: 00:03:50s.  Time for last 1,000,000:    7s.  Last read position: LG00:147,034,651
INFO	2021-10-25 22:20:00	AddOrReplaceReadGroups	Processed    30,000,000 records.  Elapsed time: 00:03:58s.  Time for last 1,000,000:    7s.  Last read position: LG00:152,567,360
INFO	2021-10-25 22:20:07	AddOrReplaceReadGroups	Processed    31,000,000 records.  Elapsed time: 00:04:05s.  Time for last 1,000,000:    7s.  Last read position: LG00:152,583,823
INFO	2021-10-25 22:20:15	AddOrReplaceReadGroups	Processed    32,000,000 records.  Elapsed time: 00:04:12s.  Time for last 1,000,000:    7s.  Last read position: LG00:154,245,587
INFO	2021-10-25 22:20:22	AddOrReplaceReadGroups	Processed    33,000,000 records.  Elapsed time: 00:04:20s.  Time for last 1,000,000:    7s.  Last read position: LG00:160,237,716
INFO	2021-10-25 22:20:29	AddOrReplaceReadGroups	Processed    34,000,000 records.  Elapsed time: 00:04:27s.  Time for last 1,000,000:    7s.  Last read position: LG00:166,074,015
INFO	2021-10-25 22:20:36	AddOrReplaceReadGroups	Processed    35,000,000 records.  Elapsed time: 00:04:34s.  Time for last 1,000,000:    7s.  Last read position: LG00:168,279,071
INFO	2021-10-25 22:20:44	AddOrReplaceReadGroups	Processed    36,000,000 records.  Elapsed time: 00:04:41s.  Time for last 1,000,000:    7s.  Last read position: LG00:170,370,070
INFO	2021-10-25 22:20:51	AddOrReplaceReadGroups	Processed    37,000,000 records.  Elapsed time: 00:04:49s.  Time for last 1,000,000:    7s.  Last read position: LG00:173,590,951
INFO	2021-10-25 22:20:58	AddOrReplaceReadGroups	Processed    38,000,000 records.  Elapsed time: 00:04:56s.  Time for last 1,000,000:    7s.  Last read position: LG01:3,787,333
INFO	2021-10-25 22:21:05	AddOrReplaceReadGroups	Processed    39,000,000 records.  Elapsed time: 00:05:03s.  Time for last 1,000,000:    7s.  Last read position: LG01:7,830,577
INFO	2021-10-25 22:21:12	AddOrReplaceReadGroups	Processed    40,000,000 records.  Elapsed time: 00:05:10s.  Time for last 1,000,000:    7s.  Last read position: LG01:12,442,396
INFO	2021-10-25 22:21:19	AddOrReplaceReadGroups	Processed    41,000,000 records.  Elapsed time: 00:05:17s.  Time for last 1,000,000:    7s.  Last read position: LG01:16,275,628
INFO	2021-10-25 22:21:27	AddOrReplaceReadGroups	Processed    42,000,000 records.  Elapsed time: 00:05:24s.  Time for last 1,000,000:    7s.  Last read position: LG01:20,481,488
INFO	2021-10-25 22:21:34	AddOrReplaceReadGroups	Processed    43,000,000 records.  Elapsed time: 00:05:31s.  Time for last 1,000,000:    7s.  Last read position: LG01:24,461,690
INFO	2021-10-25 22:21:41	AddOrReplaceReadGroups	Processed    44,000,000 records.  Elapsed time: 00:05:39s.  Time for last 1,000,000:    7s.  Last read position: LG02:1,146,097
INFO	2021-10-25 22:21:48	AddOrReplaceReadGroups	Processed    45,000,000 records.  Elapsed time: 00:05:46s.  Time for last 1,000,000:    7s.  Last read position: LG02:4,897,212
INFO	2021-10-25 22:21:55	AddOrReplaceReadGroups	Processed    46,000,000 records.  Elapsed time: 00:05:53s.  Time for last 1,000,000:    7s.  Last read position: LG02:8,849,158
INFO	2021-10-25 22:22:02	AddOrReplaceReadGroups	Processed    47,000,000 records.  Elapsed time: 00:06:00s.  Time for last 1,000,000:    7s.  Last read position: LG02:12,871,758
INFO	2021-10-25 22:22:09	AddOrReplaceReadGroups	Processed    48,000,000 records.  Elapsed time: 00:06:07s.  Time for last 1,000,000:    7s.  Last read position: LG02:16,723,130
INFO	2021-10-25 22:22:16	AddOrReplaceReadGroups	Processed    49,000,000 records.  Elapsed time: 00:06:14s.  Time for last 1,000,000:    7s.  Last read position: LG03:1,310,315
INFO	2021-10-25 22:22:24	AddOrReplaceReadGroups	Processed    50,000,000 records.  Elapsed time: 00:06:21s.  Time for last 1,000,000:    7s.  Last read position: LG03:5,739,244
INFO	2021-10-25 22:22:31	AddOrReplaceReadGroups	Processed    51,000,000 records.  Elapsed time: 00:06:28s.  Time for last 1,000,000:    7s.  Last read position: LG03:10,026,676
INFO	2021-10-25 22:22:38	AddOrReplaceReadGroups	Processed    52,000,000 records.  Elapsed time: 00:06:36s.  Time for last 1,000,000:    7s.  Last read position: LG03:14,053,915
INFO	2021-10-25 22:22:45	AddOrReplaceReadGroups	Processed    53,000,000 records.  Elapsed time: 00:06:43s.  Time for last 1,000,000:    7s.  Last read position: LG04:1,365,956
INFO	2021-10-25 22:22:52	AddOrReplaceReadGroups	Processed    54,000,000 records.  Elapsed time: 00:06:50s.  Time for last 1,000,000:    7s.  Last read position: LG04:5,590,619
INFO	2021-10-25 22:22:59	AddOrReplaceReadGroups	Processed    55,000,000 records.  Elapsed time: 00:06:57s.  Time for last 1,000,000:    7s.  Last read position: LG04:9,383,119
INFO	2021-10-25 22:23:06	AddOrReplaceReadGroups	Processed    56,000,000 records.  Elapsed time: 00:07:04s.  Time for last 1,000,000:    7s.  Last read position: LG04:13,700,515
INFO	2021-10-25 22:23:13	AddOrReplaceReadGroups	Processed    57,000,000 records.  Elapsed time: 00:07:11s.  Time for last 1,000,000:    7s.  Last read position: LG05:1,922,279
INFO	2021-10-25 22:23:20	AddOrReplaceReadGroups	Processed    58,000,000 records.  Elapsed time: 00:07:18s.  Time for last 1,000,000:    7s.  Last read position: LG05:6,017,652
INFO	2021-10-25 22:23:27	AddOrReplaceReadGroups	Processed    59,000,000 records.  Elapsed time: 00:07:25s.  Time for last 1,000,000:    7s.  Last read position: LG05:9,648,106
INFO	2021-10-25 22:23:35	AddOrReplaceReadGroups	Processed    60,000,000 records.  Elapsed time: 00:07:32s.  Time for last 1,000,000:    7s.  Last read position: LG05:13,778,734
INFO	2021-10-25 22:23:42	AddOrReplaceReadGroups	Processed    61,000,000 records.  Elapsed time: 00:07:39s.  Time for last 1,000,000:    7s.  Last read position: LG05:17,933,366
INFO	2021-10-25 22:23:49	AddOrReplaceReadGroups	Processed    62,000,000 records.  Elapsed time: 00:07:46s.  Time for last 1,000,000:    7s.  Last read position: LG05:21,916,377
INFO	2021-10-25 22:23:56	AddOrReplaceReadGroups	Processed    63,000,000 records.  Elapsed time: 00:07:53s.  Time for last 1,000,000:    7s.  Last read position: LG06:3,459,022
INFO	2021-10-25 22:24:03	AddOrReplaceReadGroups	Processed    64,000,000 records.  Elapsed time: 00:08:01s.  Time for last 1,000,000:    7s.  Last read position: LG06:7,453,804
INFO	2021-10-25 22:24:10	AddOrReplaceReadGroups	Processed    65,000,000 records.  Elapsed time: 00:08:08s.  Time for last 1,000,000:    7s.  Last read position: LG06:11,825,710
INFO	2021-10-25 22:24:17	AddOrReplaceReadGroups	Processed    66,000,000 records.  Elapsed time: 00:08:15s.  Time for last 1,000,000:    7s.  Last read position: LG07:3,001,629
INFO	2021-10-25 22:24:24	AddOrReplaceReadGroups	Processed    67,000,000 records.  Elapsed time: 00:08:22s.  Time for last 1,000,000:    7s.  Last read position: LG07:6,656,503
INFO	2021-10-25 22:24:31	AddOrReplaceReadGroups	Processed    68,000,000 records.  Elapsed time: 00:08:29s.  Time for last 1,000,000:    7s.  Last read position: LG07:11,071,199
INFO	2021-10-25 22:24:38	AddOrReplaceReadGroups	Processed    69,000,000 records.  Elapsed time: 00:08:36s.  Time for last 1,000,000:    7s.  Last read position: LG08:2,386,317
INFO	2021-10-25 22:24:46	AddOrReplaceReadGroups	Processed    70,000,000 records.  Elapsed time: 00:08:43s.  Time for last 1,000,000:    7s.  Last read position: LG08:6,728,931
INFO	2021-10-25 22:24:53	AddOrReplaceReadGroups	Processed    71,000,000 records.  Elapsed time: 00:08:50s.  Time for last 1,000,000:    7s.  Last read position: LG08:11,011,538
INFO	2021-10-25 22:25:00	AddOrReplaceReadGroups	Processed    72,000,000 records.  Elapsed time: 00:08:57s.  Time for last 1,000,000:    7s.  Last read position: LG08:14,996,727
INFO	2021-10-25 22:25:07	AddOrReplaceReadGroups	Processed    73,000,000 records.  Elapsed time: 00:09:05s.  Time for last 1,000,000:    7s.  Last read position: LG09:2,659,107
INFO	2021-10-25 22:25:14	AddOrReplaceReadGroups	Processed    74,000,000 records.  Elapsed time: 00:09:12s.  Time for last 1,000,000:    7s.  Last read position: LG09:4,889,415
INFO	2021-10-25 22:25:21	AddOrReplaceReadGroups	Processed    75,000,000 records.  Elapsed time: 00:09:19s.  Time for last 1,000,000:    7s.  Last read position: LG09:9,077,455
INFO	2021-10-25 22:25:28	AddOrReplaceReadGroups	Processed    76,000,000 records.  Elapsed time: 00:09:26s.  Time for last 1,000,000:    7s.  Last read position: LG09:12,676,540
INFO	2021-10-25 22:25:35	AddOrReplaceReadGroups	Processed    77,000,000 records.  Elapsed time: 00:09:33s.  Time for last 1,000,000:    7s.  Last read position: LG10:3,667,998
INFO	2021-10-25 22:25:42	AddOrReplaceReadGroups	Processed    78,000,000 records.  Elapsed time: 00:09:40s.  Time for last 1,000,000:    7s.  Last read position: LG10:7,523,721
INFO	2021-10-25 22:25:50	AddOrReplaceReadGroups	Processed    79,000,000 records.  Elapsed time: 00:09:47s.  Time for last 1,000,000:    7s.  Last read position: LG10:11,059,039
INFO	2021-10-25 22:25:57	AddOrReplaceReadGroups	Processed    80,000,000 records.  Elapsed time: 00:09:54s.  Time for last 1,000,000:    7s.  Last read position: LG10:14,788,769
INFO	2021-10-25 22:26:04	AddOrReplaceReadGroups	Processed    81,000,000 records.  Elapsed time: 00:10:01s.  Time for last 1,000,000:    7s.  Last read position: LG10:18,290,639
INFO	2021-10-25 22:26:11	AddOrReplaceReadGroups	Processed    82,000,000 records.  Elapsed time: 00:10:09s.  Time for last 1,000,000:    7s.  Last read position: LG10:22,207,844
INFO	2021-10-25 22:26:18	AddOrReplaceReadGroups	Processed    83,000,000 records.  Elapsed time: 00:10:16s.  Time for last 1,000,000:    7s.  Last read position: LG10:26,229,022
INFO	2021-10-25 22:26:25	AddOrReplaceReadGroups	Processed    84,000,000 records.  Elapsed time: 00:10:23s.  Time for last 1,000,000:    7s.  Last read position: LG11:1,206,678
INFO	2021-10-25 22:26:32	AddOrReplaceReadGroups	Processed    85,000,000 records.  Elapsed time: 00:10:30s.  Time for last 1,000,000:    7s.  Last read position: LG11:6,763,994
INFO	2021-10-25 22:26:39	AddOrReplaceReadGroups	Processed    86,000,000 records.  Elapsed time: 00:10:37s.  Time for last 1,000,000:    7s.  Last read position: LG11:10,546,371
INFO	2021-10-25 22:26:46	AddOrReplaceReadGroups	Processed    87,000,000 records.  Elapsed time: 00:10:44s.  Time for last 1,000,000:    7s.  Last read position: LG11:14,545,430
INFO	2021-10-25 22:26:53	AddOrReplaceReadGroups	Processed    88,000,000 records.  Elapsed time: 00:10:51s.  Time for last 1,000,000:    7s.  Last read position: LG11:18,327,379
INFO	2021-10-25 22:27:01	AddOrReplaceReadGroups	Processed    89,000,000 records.  Elapsed time: 00:10:58s.  Time for last 1,000,000:    7s.  Last read position: LG11:22,913,650
INFO	2021-10-25 22:27:08	AddOrReplaceReadGroups	Processed    90,000,000 records.  Elapsed time: 00:11:05s.  Time for last 1,000,000:    7s.  Last read position: LG12:204,175
INFO	2021-10-25 22:27:15	AddOrReplaceReadGroups	Processed    91,000,000 records.  Elapsed time: 00:11:12s.  Time for last 1,000,000:    7s.  Last read position: LG12:4,299,018
INFO	2021-10-25 22:27:22	AddOrReplaceReadGroups	Processed    92,000,000 records.  Elapsed time: 00:11:20s.  Time for last 1,000,000:    7s.  Last read position: LG12:8,371,770
INFO	2021-10-25 22:27:29	AddOrReplaceReadGroups	Processed    93,000,000 records.  Elapsed time: 00:11:27s.  Time for last 1,000,000:    6s.  Last read position: LG12:12,428,396
INFO	2021-10-25 22:27:36	AddOrReplaceReadGroups	Processed    94,000,000 records.  Elapsed time: 00:11:34s.  Time for last 1,000,000:    7s.  Last read position: LG13:1,717,387
INFO	2021-10-25 22:27:43	AddOrReplaceReadGroups	Processed    95,000,000 records.  Elapsed time: 00:11:41s.  Time for last 1,000,000:    7s.  Last read position: LG13:5,356,261
INFO	2021-10-25 22:27:50	AddOrReplaceReadGroups	Processed    96,000,000 records.  Elapsed time: 00:11:48s.  Time for last 1,000,000:    7s.  Last read position: LG13:8,973,362
INFO	2021-10-25 22:27:57	AddOrReplaceReadGroups	Processed    97,000,000 records.  Elapsed time: 00:11:55s.  Time for last 1,000,000:    7s.  Last read position: LG13:12,869,507
INFO	2021-10-25 22:28:04	AddOrReplaceReadGroups	Processed    98,000,000 records.  Elapsed time: 00:12:02s.  Time for last 1,000,000:    7s.  Last read position: LG14:1,835,707
INFO	2021-10-25 22:28:11	AddOrReplaceReadGroups	Processed    99,000,000 records.  Elapsed time: 00:12:09s.  Time for last 1,000,000:    7s.  Last read position: LG14:5,826,800
INFO	2021-10-25 22:28:19	AddOrReplaceReadGroups	Processed   100,000,000 records.  Elapsed time: 00:12:16s.  Time for last 1,000,000:    7s.  Last read position: LG14:9,721,099
INFO	2021-10-25 22:28:26	AddOrReplaceReadGroups	Processed   101,000,000 records.  Elapsed time: 00:12:23s.  Time for last 1,000,000:    7s.  Last read position: LG15:61,129
INFO	2021-10-25 22:28:33	AddOrReplaceReadGroups	Processed   102,000,000 records.  Elapsed time: 00:12:30s.  Time for last 1,000,000:    7s.  Last read position: LG15:3,612,856
INFO	2021-10-25 22:28:40	AddOrReplaceReadGroups	Processed   103,000,000 records.  Elapsed time: 00:12:38s.  Time for last 1,000,000:    7s.  Last read position: LG15:7,466,261
INFO	2021-10-25 22:28:47	AddOrReplaceReadGroups	Processed   104,000,000 records.  Elapsed time: 00:12:45s.  Time for last 1,000,000:    7s.  Last read position: LG15:11,552,863
INFO	2021-10-25 22:28:55	AddOrReplaceReadGroups	Processed   105,000,000 records.  Elapsed time: 00:12:53s.  Time for last 1,000,000:    7s.  Last read position: LG15:15,248,382
INFO	2021-10-25 22:29:02	AddOrReplaceReadGroups	Processed   106,000,000 records.  Elapsed time: 00:13:00s.  Time for last 1,000,000:    7s.  Last read position: LG16:766,769
INFO	2021-10-25 22:29:09	AddOrReplaceReadGroups	Processed   107,000,000 records.  Elapsed time: 00:13:07s.  Time for last 1,000,000:    7s.  Last read position: LG16:4,691,038
INFO	2021-10-25 22:29:16	AddOrReplaceReadGroups	Processed   108,000,000 records.  Elapsed time: 00:13:14s.  Time for last 1,000,000:    7s.  Last read position: LG16:9,044,536
INFO	2021-10-25 22:29:23	AddOrReplaceReadGroups	Processed   109,000,000 records.  Elapsed time: 00:13:21s.  Time for last 1,000,000:    7s.  Last read position: LG16:12,692,909
INFO	2021-10-25 22:29:30	AddOrReplaceReadGroups	Processed   110,000,000 records.  Elapsed time: 00:13:28s.  Time for last 1,000,000:    7s.  Last read position: LG17:795,929
INFO	2021-10-25 22:29:37	AddOrReplaceReadGroups	Processed   111,000,000 records.  Elapsed time: 00:13:35s.  Time for last 1,000,000:    7s.  Last read position: LG17:3,673,104
INFO	2021-10-25 22:29:45	AddOrReplaceReadGroups	Processed   112,000,000 records.  Elapsed time: 00:13:42s.  Time for last 1,000,000:    7s.  Last read position: LG17:7,228,782
INFO	2021-10-25 22:29:52	AddOrReplaceReadGroups	Processed   113,000,000 records.  Elapsed time: 00:13:49s.  Time for last 1,000,000:    7s.  Last read position: LG17:11,038,144
INFO	2021-10-25 22:29:59	AddOrReplaceReadGroups	Processed   114,000,000 records.  Elapsed time: 00:13:56s.  Time for last 1,000,000:    7s.  Last read position: LG18:2,762,495
INFO	2021-10-25 22:30:06	AddOrReplaceReadGroups	Processed   115,000,000 records.  Elapsed time: 00:14:04s.  Time for last 1,000,000:    7s.  Last read position: LG18:7,058,981
INFO	2021-10-25 22:30:13	AddOrReplaceReadGroups	Processed   116,000,000 records.  Elapsed time: 00:14:11s.  Time for last 1,000,000:    7s.  Last read position: LG18:10,537,512
INFO	2021-10-25 22:30:21	AddOrReplaceReadGroups	Processed   117,000,000 records.  Elapsed time: 00:14:18s.  Time for last 1,000,000:    7s.  Last read position: LG19:1,759,851
INFO	2021-10-25 22:30:28	AddOrReplaceReadGroups	Processed   118,000,000 records.  Elapsed time: 00:14:25s.  Time for last 1,000,000:    7s.  Last read position: LG19:5,037,190
INFO	2021-10-25 22:30:35	AddOrReplaceReadGroups	Processed   119,000,000 records.  Elapsed time: 00:14:33s.  Time for last 1,000,000:    7s.  Last read position: LG19:8,848,660
INFO	2021-10-25 22:30:42	AddOrReplaceReadGroups	Processed   120,000,000 records.  Elapsed time: 00:14:40s.  Time for last 1,000,000:    7s.  Last read position: LG19:12,792,665
INFO	2021-10-25 22:30:49	AddOrReplaceReadGroups	Processed   121,000,000 records.  Elapsed time: 00:14:47s.  Time for last 1,000,000:    7s.  Last read position: LG20:1,903,599
INFO	2021-10-25 22:30:56	AddOrReplaceReadGroups	Processed   122,000,000 records.  Elapsed time: 00:14:54s.  Time for last 1,000,000:    7s.  Last read position: LG20:5,655,034
INFO	2021-10-25 22:31:04	AddOrReplaceReadGroups	Processed   123,000,000 records.  Elapsed time: 00:15:01s.  Time for last 1,000,000:    7s.  Last read position: LG20:9,720,119
INFO	2021-10-25 22:31:11	AddOrReplaceReadGroups	Processed   124,000,000 records.  Elapsed time: 00:15:08s.  Time for last 1,000,000:    7s.  Last read position: LG21:740,428
INFO	2021-10-25 22:31:18	AddOrReplaceReadGroups	Processed   125,000,000 records.  Elapsed time: 00:15:15s.  Time for last 1,000,000:    7s.  Last read position: LG21:4,318,685
INFO	2021-10-25 22:31:25	AddOrReplaceReadGroups	Processed   126,000,000 records.  Elapsed time: 00:15:23s.  Time for last 1,000,000:    7s.  Last read position: LG21:8,131,455
INFO	2021-10-25 22:31:32	AddOrReplaceReadGroups	Processed   127,000,000 records.  Elapsed time: 00:15:30s.  Time for last 1,000,000:    7s.  Last read position: LG21:12,204,166
INFO	2021-10-25 22:31:39	AddOrReplaceReadGroups	Processed   128,000,000 records.  Elapsed time: 00:15:37s.  Time for last 1,000,000:    7s.  Last read position: LG22:1,405,891
INFO	2021-10-25 22:31:46	AddOrReplaceReadGroups	Processed   129,000,000 records.  Elapsed time: 00:15:44s.  Time for last 1,000,000:    7s.  Last read position: LG22:5,195,686
INFO	2021-10-25 22:31:53	AddOrReplaceReadGroups	Processed   130,000,000 records.  Elapsed time: 00:15:51s.  Time for last 1,000,000:    7s.  Last read position: LG22:8,692,889
INFO	2021-10-25 22:32:01	AddOrReplaceReadGroups	Processed   131,000,000 records.  Elapsed time: 00:15:58s.  Time for last 1,000,000:    7s.  Last read position: LG23:616,141
INFO	2021-10-25 22:32:08	AddOrReplaceReadGroups	Processed   132,000,000 records.  Elapsed time: 00:16:05s.  Time for last 1,000,000:    7s.  Last read position: LG23:4,334,665
INFO	2021-10-25 22:32:15	AddOrReplaceReadGroups	Processed   133,000,000 records.  Elapsed time: 00:16:12s.  Time for last 1,000,000:    7s.  Last read position: LG23:7,800,400
INFO	2021-10-25 22:32:22	AddOrReplaceReadGroups	Processed   134,000,000 records.  Elapsed time: 00:16:20s.  Time for last 1,000,000:    7s.  Last read position: LG23:11,426,853
INFO	2021-10-25 22:32:29	AddOrReplaceReadGroups	Processed   135,000,000 records.  Elapsed time: 00:16:27s.  Time for last 1,000,000:    7s.  Last read position: LG23:15,123,329
INFO	2021-10-25 22:32:36	AddOrReplaceReadGroups	Processed   136,000,000 records.  Elapsed time: 00:16:34s.  Time for last 1,000,000:    7s.  Last read position: LG24:2,412,156
INFO	2021-10-25 22:32:43	AddOrReplaceReadGroups	Processed   137,000,000 records.  Elapsed time: 00:16:41s.  Time for last 1,000,000:    7s.  Last read position: LG24:6,399,965
INFO	2021-10-25 22:32:50	AddOrReplaceReadGroups	Processed   138,000,000 records.  Elapsed time: 00:16:48s.  Time for last 1,000,000:    7s.  Last read position: LG24:11,012,785
INFO	2021-10-25 22:32:57	AddOrReplaceReadGroups	Processed   139,000,000 records.  Elapsed time: 00:16:55s.  Time for last 1,000,000:    7s.  Last read position: LG25:1,136,142
INFO	2021-10-25 22:33:04	AddOrReplaceReadGroups	Processed   140,000,000 records.  Elapsed time: 00:17:02s.  Time for last 1,000,000:    7s.  Last read position: LG25:5,131,584
INFO	2021-10-25 22:33:11	AddOrReplaceReadGroups	Processed   141,000,000 records.  Elapsed time: 00:17:09s.  Time for last 1,000,000:    7s.  Last read position: LG25:9,451,324
INFO	2021-10-25 22:33:18	AddOrReplaceReadGroups	Processed   142,000,000 records.  Elapsed time: 00:17:16s.  Time for last 1,000,000:    7s.  Last read position: LG25:13,019,100
INFO	2021-10-25 22:33:25	AddOrReplaceReadGroups	Processed   143,000,000 records.  Elapsed time: 00:17:23s.  Time for last 1,000,000:    7s.  Last read position: LG26:3,292,791
INFO	2021-10-25 22:33:33	AddOrReplaceReadGroups	Processed   144,000,000 records.  Elapsed time: 00:17:30s.  Time for last 1,000,000:    7s.  Last read position: LG26:6,384,814
INFO	2021-10-25 22:33:40	AddOrReplaceReadGroups	Processed   145,000,000 records.  Elapsed time: 00:17:37s.  Time for last 1,000,000:    7s.  Last read position: LG26:10,696,880
INFO	2021-10-25 22:33:47	AddOrReplaceReadGroups	Processed   146,000,000 records.  Elapsed time: 00:17:44s.  Time for last 1,000,000:    7s.  Last read position: LG27:1,131,924
INFO	2021-10-25 22:33:54	AddOrReplaceReadGroups	Processed   147,000,000 records.  Elapsed time: 00:17:52s.  Time for last 1,000,000:    7s.  Last read position: LG27:5,436,616
INFO	2021-10-25 22:34:01	AddOrReplaceReadGroups	Processed   148,000,000 records.  Elapsed time: 00:17:59s.  Time for last 1,000,000:    7s.  Last read position: LG27:8,969,262
INFO	2021-10-25 22:34:08	AddOrReplaceReadGroups	Processed   149,000,000 records.  Elapsed time: 00:18:06s.  Time for last 1,000,000:    7s.  Last read position: LG28:903,135
INFO	2021-10-25 22:34:15	AddOrReplaceReadGroups	Processed   150,000,000 records.  Elapsed time: 00:18:13s.  Time for last 1,000,000:    7s.  Last read position: LG28:4,918,810
INFO	2021-10-25 22:34:22	AddOrReplaceReadGroups	Processed   151,000,000 records.  Elapsed time: 00:18:20s.  Time for last 1,000,000:    7s.  Last read position: LG28:9,005,134
INFO	2021-10-25 22:34:30	AddOrReplaceReadGroups	Processed   152,000,000 records.  Elapsed time: 00:18:27s.  Time for last 1,000,000:    7s.  Last read position: LG29:712,791
INFO	2021-10-25 22:34:37	AddOrReplaceReadGroups	Processed   153,000,000 records.  Elapsed time: 00:18:34s.  Time for last 1,000,000:    7s.  Last read position: LG29:4,503,858
INFO	2021-10-25 22:34:44	AddOrReplaceReadGroups	Processed   154,000,000 records.  Elapsed time: 00:18:41s.  Time for last 1,000,000:    7s.  Last read position: LG30:2,755,464
INFO	2021-10-25 22:34:51	AddOrReplaceReadGroups	Processed   155,000,000 records.  Elapsed time: 00:18:49s.  Time for last 1,000,000:    7s.  Last read position: LG30:7,077,081
INFO	2021-10-25 22:34:58	AddOrReplaceReadGroups	Processed   156,000,000 records.  Elapsed time: 00:18:56s.  Time for last 1,000,000:    6s.  Last read position: UNPIN3877:8,781
INFO	2021-10-25 22:35:05	AddOrReplaceReadGroups	Processed   157,000,000 records.  Elapsed time: 00:19:03s.  Time for last 1,000,000:    6s.  Last read position: UNPIN3877:27,476
INFO	2021-10-25 22:35:12	AddOrReplaceReadGroups	Processed   158,000,000 records.  Elapsed time: 00:19:09s.  Time for last 1,000,000:    6s.  Last read position: UNPIN3877:46,585
INFO	2021-10-25 22:35:19	AddOrReplaceReadGroups	Processed   159,000,000 records.  Elapsed time: 00:19:16s.  Time for last 1,000,000:    6s.  Last read position: UNPIN3877:66,842
INFO	2021-10-25 22:35:26	AddOrReplaceReadGroups	Processed   160,000,000 records.  Elapsed time: 00:19:23s.  Time for last 1,000,000:    6s.  Last read position: UNPIN3877:86,232
INFO	2021-10-25 22:35:33	AddOrReplaceReadGroups	Processed   161,000,000 records.  Elapsed time: 00:19:30s.  Time for last 1,000,000:    6s.  Last read position: UNPIN3877:105,259
INFO	2021-10-25 22:35:39	AddOrReplaceReadGroups	Processed   162,000,000 records.  Elapsed time: 00:19:37s.  Time for last 1,000,000:    6s.  Last read position: UNPIN3877:124,747
INFO	2021-10-25 22:35:46	AddOrReplaceReadGroups	Processed   163,000,000 records.  Elapsed time: 00:19:44s.  Time for last 1,000,000:    6s.  Last read position: UNPIN3878:21,621
INFO	2021-10-25 22:35:53	AddOrReplaceReadGroups	Processed   164,000,000 records.  Elapsed time: 00:19:50s.  Time for last 1,000,000:    6s.  Last read position: */*
INFO	2021-10-25 22:35:58	AddOrReplaceReadGroups	Processed   165,000,000 records.  Elapsed time: 00:19:55s.  Time for last 1,000,000:    4s.  Last read position: */*
INFO	2021-10-25 22:36:02	AddOrReplaceReadGroups	Processed   166,000,000 records.  Elapsed time: 00:20:00s.  Time for last 1,000,000:    4s.  Last read position: */*
INFO	2021-10-25 22:36:07	AddOrReplaceReadGroups	Processed   167,000,000 records.  Elapsed time: 00:20:05s.  Time for last 1,000,000:    4s.  Last read position: */*
INFO	2021-10-25 22:36:12	AddOrReplaceReadGroups	Processed   168,000,000 records.  Elapsed time: 00:20:10s.  Time for last 1,000,000:    4s.  Last read position: */*
INFO	2021-10-25 22:36:17	AddOrReplaceReadGroups	Processed   169,000,000 records.  Elapsed time: 00:20:15s.  Time for last 1,000,000:    4s.  Last read position: */*
[Mon Oct 25 22:36:20 PDT 2021] picard.sam.AddOrReplaceReadGroups done. Elapsed time: 20.32 minutes.
Runtime.totalMemory()=45989888
Tool returned:
0
