==========================================
SLURM_JOB_ID = 2282931
SLURM_JOB_NODELIST = b10-19
TMPDIR = /tmp/SLURM_2282931
==========================================
Running Sample ID SRR12223739_SRP271933_Undaria_pinnatifida_individual_1_2016-04-19_INTRO_Fr_Roscoff_1_France with options  --RGID C9F9CANXX.4 --RGLB SRR12223739 --RGPL ILLUMINA --RGPU C9F9CANXX.4.SRR12223739 --RGSM INTRO_Fr_Roscoff_1_France 
Using GATK jar /home1/mharden/.conda/envs/gatk4/share/gatk4-4.2.2.0-1/gatk-package-4.2.2.0-local.jar
Running:
    java -Dsamjdk.use_async_io_read_samtools=false -Dsamjdk.use_async_io_write_samtools=true -Dsamjdk.use_async_io_write_tribble=false -Dsamjdk.compression_level=2 -jar /home1/mharden/.conda/envs/gatk4/share/gatk4-4.2.2.0-1/gatk-package-4.2.2.0-local.jar AddOrReplaceReadGroups -I SRR12223739_SRP271933_Undaria_pinnatifida_individual_1_2016-04-19_INTRO_Fr_Roscoff_1_France.sorted.bam -O SRR12223739_SRP271933_Undaria_pinnatifida_individual_1_2016-04-19_INTRO_Fr_Roscoff_1_France.RG.sorted.bam --RGID C9F9CANXX.4 --RGLB SRR12223739 --RGPL ILLUMINA --RGPU C9F9CANXX.4.SRR12223739 --RGSM INTRO_Fr_Roscoff_1_France
22:36:05.703 INFO  NativeLibraryLoader - Loading libgkl_compression.so from jar:file:/home1/mharden/.conda/envs/gatk4/share/gatk4-4.2.2.0-1/gatk-package-4.2.2.0-local.jar!/com/intel/gkl/native/libgkl_compression.so
[Mon Oct 25 22:36:05 PDT 2021] AddOrReplaceReadGroups --INPUT SRR12223739_SRP271933_Undaria_pinnatifida_individual_1_2016-04-19_INTRO_Fr_Roscoff_1_France.sorted.bam --OUTPUT SRR12223739_SRP271933_Undaria_pinnatifida_individual_1_2016-04-19_INTRO_Fr_Roscoff_1_France.RG.sorted.bam --RGID C9F9CANXX.4 --RGLB SRR12223739 --RGPL ILLUMINA --RGPU C9F9CANXX.4.SRR12223739 --RGSM INTRO_Fr_Roscoff_1_France --VERBOSITY INFO --QUIET false --VALIDATION_STRINGENCY STRICT --COMPRESSION_LEVEL 2 --MAX_RECORDS_IN_RAM 500000 --CREATE_INDEX false --CREATE_MD5_FILE false --GA4GH_CLIENT_SECRETS client_secrets.json --help false --version false --showHidden false --USE_JDK_DEFLATER false --USE_JDK_INFLATER false
Oct 25, 2021 10:36:05 PM shaded.cloud_nio.com.google.auth.oauth2.ComputeEngineCredentials runningOnComputeEngine
INFO: Failed to detect whether we are running on Google Compute Engine.
[Mon Oct 25 22:36:05 PDT 2021] Executing as mharden@b10-19.hpc.usc.edu on Linux 3.10.0-1062.4.1.el7.x86_64 amd64; OpenJDK 64-Bit Server VM 1.8.0_302-b08; Deflater: Intel; Inflater: Intel; Provider GCS is available; Picard version: Version:4.2.2.0
INFO	2021-10-25 22:36:06	AddOrReplaceReadGroups	Created read-group ID=C9F9CANXX.4 PL=ILLUMINA LB=SRR12223739 SM=INTRO_Fr_Roscoff_1_France

INFO	2021-10-25 22:36:16	AddOrReplaceReadGroups	Processed     1,000,000 records.  Elapsed time: 00:00:10s.  Time for last 1,000,000:   10s.  Last read position: LG00:10,918,919
INFO	2021-10-25 22:36:26	AddOrReplaceReadGroups	Processed     2,000,000 records.  Elapsed time: 00:00:20s.  Time for last 1,000,000:    9s.  Last read position: LG00:25,035,484
INFO	2021-10-25 22:36:35	AddOrReplaceReadGroups	Processed     3,000,000 records.  Elapsed time: 00:00:29s.  Time for last 1,000,000:    9s.  Last read position: LG00:38,525,536
INFO	2021-10-25 22:36:44	AddOrReplaceReadGroups	Processed     4,000,000 records.  Elapsed time: 00:00:38s.  Time for last 1,000,000:    8s.  Last read position: LG00:53,190,344
INFO	2021-10-25 22:36:53	AddOrReplaceReadGroups	Processed     5,000,000 records.  Elapsed time: 00:00:47s.  Time for last 1,000,000:    8s.  Last read position: LG00:69,567,242
INFO	2021-10-25 22:37:02	AddOrReplaceReadGroups	Processed     6,000,000 records.  Elapsed time: 00:00:56s.  Time for last 1,000,000:    8s.  Last read position: LG00:85,337,286
INFO	2021-10-25 22:37:10	AddOrReplaceReadGroups	Processed     7,000,000 records.  Elapsed time: 00:01:04s.  Time for last 1,000,000:    8s.  Last read position: LG00:102,366,717
INFO	2021-10-25 22:37:18	AddOrReplaceReadGroups	Processed     8,000,000 records.  Elapsed time: 00:01:12s.  Time for last 1,000,000:    8s.  Last read position: LG00:119,999,529
INFO	2021-10-25 22:37:26	AddOrReplaceReadGroups	Processed     9,000,000 records.  Elapsed time: 00:01:20s.  Time for last 1,000,000:    8s.  Last read position: LG00:137,029,799
INFO	2021-10-25 22:37:35	AddOrReplaceReadGroups	Processed    10,000,000 records.  Elapsed time: 00:01:28s.  Time for last 1,000,000:    8s.  Last read position: LG00:152,581,399
INFO	2021-10-25 22:37:43	AddOrReplaceReadGroups	Processed    11,000,000 records.  Elapsed time: 00:01:36s.  Time for last 1,000,000:    7s.  Last read position: LG00:166,242,803
INFO	2021-10-25 22:37:50	AddOrReplaceReadGroups	Processed    12,000,000 records.  Elapsed time: 00:01:44s.  Time for last 1,000,000:    7s.  Last read position: LG01:2,299,645
INFO	2021-10-25 22:37:58	AddOrReplaceReadGroups	Processed    13,000,000 records.  Elapsed time: 00:01:52s.  Time for last 1,000,000:    7s.  Last read position: LG01:13,798,170
INFO	2021-10-25 22:38:06	AddOrReplaceReadGroups	Processed    14,000,000 records.  Elapsed time: 00:02:00s.  Time for last 1,000,000:    7s.  Last read position: LG01:25,366,758
INFO	2021-10-25 22:38:13	AddOrReplaceReadGroups	Processed    15,000,000 records.  Elapsed time: 00:02:07s.  Time for last 1,000,000:    7s.  Last read position: LG02:8,957,617
INFO	2021-10-25 22:38:21	AddOrReplaceReadGroups	Processed    16,000,000 records.  Elapsed time: 00:02:15s.  Time for last 1,000,000:    7s.  Last read position: LG03:1,340,143
INFO	2021-10-25 22:38:28	AddOrReplaceReadGroups	Processed    17,000,000 records.  Elapsed time: 00:02:22s.  Time for last 1,000,000:    7s.  Last read position: LG03:13,447,450
INFO	2021-10-25 22:38:36	AddOrReplaceReadGroups	Processed    18,000,000 records.  Elapsed time: 00:02:30s.  Time for last 1,000,000:    7s.  Last read position: LG04:8,896,565
INFO	2021-10-25 22:38:43	AddOrReplaceReadGroups	Processed    19,000,000 records.  Elapsed time: 00:02:37s.  Time for last 1,000,000:    7s.  Last read position: LG05:4,885,650
INFO	2021-10-25 22:38:50	AddOrReplaceReadGroups	Processed    20,000,000 records.  Elapsed time: 00:02:44s.  Time for last 1,000,000:    7s.  Last read position: LG05:15,649,372
INFO	2021-10-25 22:38:58	AddOrReplaceReadGroups	Processed    21,000,000 records.  Elapsed time: 00:02:52s.  Time for last 1,000,000:    7s.  Last read position: LG06:4,882,630
INFO	2021-10-25 22:39:05	AddOrReplaceReadGroups	Processed    22,000,000 records.  Elapsed time: 00:02:59s.  Time for last 1,000,000:    7s.  Last read position: LG07:3,895,928
INFO	2021-10-25 22:39:13	AddOrReplaceReadGroups	Processed    23,000,000 records.  Elapsed time: 00:03:07s.  Time for last 1,000,000:    7s.  Last read position: LG08:3,263,350
INFO	2021-10-25 22:39:20	AddOrReplaceReadGroups	Processed    24,000,000 records.  Elapsed time: 00:03:14s.  Time for last 1,000,000:    7s.  Last read position: LG09:94,489
INFO	2021-10-25 22:39:28	AddOrReplaceReadGroups	Processed    25,000,000 records.  Elapsed time: 00:03:21s.  Time for last 1,000,000:    7s.  Last read position: LG09:10,836,848
INFO	2021-10-25 22:39:35	AddOrReplaceReadGroups	Processed    26,000,000 records.  Elapsed time: 00:03:29s.  Time for last 1,000,000:    7s.  Last read position: LG10:9,095,278
INFO	2021-10-25 22:39:42	AddOrReplaceReadGroups	Processed    27,000,000 records.  Elapsed time: 00:03:36s.  Time for last 1,000,000:    7s.  Last read position: LG10:20,018,559
INFO	2021-10-25 22:39:50	AddOrReplaceReadGroups	Processed    28,000,000 records.  Elapsed time: 00:03:43s.  Time for last 1,000,000:    7s.  Last read position: LG11:2,995,271
INFO	2021-10-25 22:39:57	AddOrReplaceReadGroups	Processed    29,000,000 records.  Elapsed time: 00:03:51s.  Time for last 1,000,000:    7s.  Last read position: LG11:14,835,591
INFO	2021-10-25 22:40:04	AddOrReplaceReadGroups	Processed    30,000,000 records.  Elapsed time: 00:03:58s.  Time for last 1,000,000:    7s.  Last read position: LG12:201,221
INFO	2021-10-25 22:40:12	AddOrReplaceReadGroups	Processed    31,000,000 records.  Elapsed time: 00:04:05s.  Time for last 1,000,000:    7s.  Last read position: LG12:12,032,008
INFO	2021-10-25 22:40:19	AddOrReplaceReadGroups	Processed    32,000,000 records.  Elapsed time: 00:04:13s.  Time for last 1,000,000:    7s.  Last read position: LG13:8,060,840
INFO	2021-10-25 22:40:26	AddOrReplaceReadGroups	Processed    33,000,000 records.  Elapsed time: 00:04:20s.  Time for last 1,000,000:    7s.  Last read position: LG14:4,050,577
INFO	2021-10-25 22:40:33	AddOrReplaceReadGroups	Processed    34,000,000 records.  Elapsed time: 00:04:27s.  Time for last 1,000,000:    7s.  Last read position: LG15:1,458,410
INFO	2021-10-25 22:40:41	AddOrReplaceReadGroups	Processed    35,000,000 records.  Elapsed time: 00:04:35s.  Time for last 1,000,000:    7s.  Last read position: LG15:12,296,196
INFO	2021-10-25 22:40:48	AddOrReplaceReadGroups	Processed    36,000,000 records.  Elapsed time: 00:04:42s.  Time for last 1,000,000:    7s.  Last read position: LG16:5,076,436
INFO	2021-10-25 22:40:55	AddOrReplaceReadGroups	Processed    37,000,000 records.  Elapsed time: 00:04:49s.  Time for last 1,000,000:    7s.  Last read position: LG17:704,771
INFO	2021-10-25 22:41:02	AddOrReplaceReadGroups	Processed    38,000,000 records.  Elapsed time: 00:04:56s.  Time for last 1,000,000:    7s.  Last read position: LG17:11,131,883
INFO	2021-10-25 22:41:10	AddOrReplaceReadGroups	Processed    39,000,000 records.  Elapsed time: 00:05:04s.  Time for last 1,000,000:    7s.  Last read position: LG18:10,849,932
INFO	2021-10-25 22:41:17	AddOrReplaceReadGroups	Processed    40,000,000 records.  Elapsed time: 00:05:11s.  Time for last 1,000,000:    7s.  Last read position: LG19:8,656,509
INFO	2021-10-25 22:41:24	AddOrReplaceReadGroups	Processed    41,000,000 records.  Elapsed time: 00:05:18s.  Time for last 1,000,000:    7s.  Last read position: LG20:4,694,878
INFO	2021-10-25 22:41:31	AddOrReplaceReadGroups	Processed    42,000,000 records.  Elapsed time: 00:05:25s.  Time for last 1,000,000:    7s.  Last read position: LG21:2,605,264
INFO	2021-10-25 22:41:38	AddOrReplaceReadGroups	Processed    43,000,000 records.  Elapsed time: 00:05:32s.  Time for last 1,000,000:    7s.  Last read position: LG21:13,577,881
INFO	2021-10-25 22:41:45	AddOrReplaceReadGroups	Processed    44,000,000 records.  Elapsed time: 00:05:39s.  Time for last 1,000,000:    7s.  Last read position: LG22:10,274,513
INFO	2021-10-25 22:41:53	AddOrReplaceReadGroups	Processed    45,000,000 records.  Elapsed time: 00:05:46s.  Time for last 1,000,000:    7s.  Last read position: LG23:8,550,115
INFO	2021-10-25 22:42:00	AddOrReplaceReadGroups	Processed    46,000,000 records.  Elapsed time: 00:05:54s.  Time for last 1,000,000:    7s.  Last read position: LG24:2,726,874
INFO	2021-10-25 22:42:07	AddOrReplaceReadGroups	Processed    47,000,000 records.  Elapsed time: 00:06:01s.  Time for last 1,000,000:    7s.  Last read position: LG25:794,641
INFO	2021-10-25 22:42:14	AddOrReplaceReadGroups	Processed    48,000,000 records.  Elapsed time: 00:06:08s.  Time for last 1,000,000:    7s.  Last read position: LG25:12,221,859
INFO	2021-10-25 22:42:22	AddOrReplaceReadGroups	Processed    49,000,000 records.  Elapsed time: 00:06:15s.  Time for last 1,000,000:    7s.  Last read position: LG26:8,805,899
INFO	2021-10-25 22:42:29	AddOrReplaceReadGroups	Processed    50,000,000 records.  Elapsed time: 00:06:23s.  Time for last 1,000,000:    7s.  Last read position: LG27:7,184,132
INFO	2021-10-25 22:42:36	AddOrReplaceReadGroups	Processed    51,000,000 records.  Elapsed time: 00:06:30s.  Time for last 1,000,000:    7s.  Last read position: LG28:6,691,294
INFO	2021-10-25 22:42:43	AddOrReplaceReadGroups	Processed    52,000,000 records.  Elapsed time: 00:06:37s.  Time for last 1,000,000:    7s.  Last read position: LG30:546,383
INFO	2021-10-25 22:42:50	AddOrReplaceReadGroups	Processed    53,000,000 records.  Elapsed time: 00:06:44s.  Time for last 1,000,000:    7s.  Last read position: UNPIN3877:37,304
INFO	2021-10-25 22:42:57	AddOrReplaceReadGroups	Processed    54,000,000 records.  Elapsed time: 00:06:51s.  Time for last 1,000,000:    6s.  Last read position: */*
INFO	2021-10-25 22:43:02	AddOrReplaceReadGroups	Processed    55,000,000 records.  Elapsed time: 00:06:56s.  Time for last 1,000,000:    4s.  Last read position: */*
[Mon Oct 25 22:43:04 PDT 2021] picard.sam.AddOrReplaceReadGroups done. Elapsed time: 6.98 minutes.
Runtime.totalMemory()=46112768
Tool returned:
0
