==========================================
SLURM_JOB_ID = 2288569
SLURM_JOB_NODELIST = b08-08
TMPDIR = /tmp/SLURM_2288569
==========================================
Running Sample ID SRR12223704_SRP271933_Undaria_pinnatifida_individual_41_2018-01-04_NAT_Kr_Goseong_5_South_Korea with options  --RGID CC860ANXX.3 --RGLB SRR12223704 --RGPL ILLUMINA --RGPU CC860ANXX.3.SRR12223704 --RGSM NAT_Kr_Goseong_5_South_Korea 
Using GATK jar /home1/mharden/.conda/envs/gatk4/share/gatk4-4.2.2.0-1/gatk-package-4.2.2.0-local.jar
Running:
    java -Dsamjdk.use_async_io_read_samtools=false -Dsamjdk.use_async_io_write_samtools=true -Dsamjdk.use_async_io_write_tribble=false -Dsamjdk.compression_level=2 -jar /home1/mharden/.conda/envs/gatk4/share/gatk4-4.2.2.0-1/gatk-package-4.2.2.0-local.jar AddOrReplaceReadGroups -I SRR12223704_SRP271933_Undaria_pinnatifida_individual_41_2018-01-04_NAT_Kr_Goseong_5_South_Korea.sorted.bam -O SRR12223704_SRP271933_Undaria_pinnatifida_individual_41_2018-01-04_NAT_Kr_Goseong_5_South_Korea.RG.sorted.bam --RGID CC860ANXX.3 --RGLB SRR12223704 --RGPL ILLUMINA --RGPU CC860ANXX.3.SRR12223704 --RGSM NAT_Kr_Goseong_5_South_Korea
21:52:05.827 INFO  NativeLibraryLoader - Loading libgkl_compression.so from jar:file:/home1/mharden/.conda/envs/gatk4/share/gatk4-4.2.2.0-1/gatk-package-4.2.2.0-local.jar!/com/intel/gkl/native/libgkl_compression.so
[Mon Oct 25 21:52:05 PDT 2021] AddOrReplaceReadGroups --INPUT SRR12223704_SRP271933_Undaria_pinnatifida_individual_41_2018-01-04_NAT_Kr_Goseong_5_South_Korea.sorted.bam --OUTPUT SRR12223704_SRP271933_Undaria_pinnatifida_individual_41_2018-01-04_NAT_Kr_Goseong_5_South_Korea.RG.sorted.bam --RGID CC860ANXX.3 --RGLB SRR12223704 --RGPL ILLUMINA --RGPU CC860ANXX.3.SRR12223704 --RGSM NAT_Kr_Goseong_5_South_Korea --VERBOSITY INFO --QUIET false --VALIDATION_STRINGENCY STRICT --COMPRESSION_LEVEL 2 --MAX_RECORDS_IN_RAM 500000 --CREATE_INDEX false --CREATE_MD5_FILE false --GA4GH_CLIENT_SECRETS client_secrets.json --help false --version false --showHidden false --USE_JDK_DEFLATER false --USE_JDK_INFLATER false
Oct 25, 2021 9:52:06 PM shaded.cloud_nio.com.google.auth.oauth2.ComputeEngineCredentials runningOnComputeEngine
INFO: Failed to detect whether we are running on Google Compute Engine.
[Mon Oct 25 21:52:06 PDT 2021] Executing as mharden@b08-08.hpc.usc.edu on Linux 3.10.0-1062.4.1.el7.x86_64 amd64; OpenJDK 64-Bit Server VM 1.8.0_302-b08; Deflater: Intel; Inflater: Intel; Provider GCS is available; Picard version: Version:4.2.2.0
INFO	2021-10-25 21:52:06	AddOrReplaceReadGroups	Created read-group ID=CC860ANXX.3 PL=ILLUMINA LB=SRR12223704 SM=NAT_Kr_Goseong_5_South_Korea

INFO	2021-10-25 21:52:16	AddOrReplaceReadGroups	Processed     1,000,000 records.  Elapsed time: 00:00:09s.  Time for last 1,000,000:    9s.  Last read position: LG00:5,051,928
INFO	2021-10-25 21:52:25	AddOrReplaceReadGroups	Processed     2,000,000 records.  Elapsed time: 00:00:19s.  Time for last 1,000,000:    9s.  Last read position: LG00:7,562,158
INFO	2021-10-25 21:52:34	AddOrReplaceReadGroups	Processed     3,000,000 records.  Elapsed time: 00:00:28s.  Time for last 1,000,000:    8s.  Last read position: LG00:12,193,945
INFO	2021-10-25 21:52:43	AddOrReplaceReadGroups	Processed     4,000,000 records.  Elapsed time: 00:00:37s.  Time for last 1,000,000:    8s.  Last read position: LG00:16,554,917
INFO	2021-10-25 21:52:51	AddOrReplaceReadGroups	Processed     5,000,000 records.  Elapsed time: 00:00:45s.  Time for last 1,000,000:    8s.  Last read position: LG00:21,445,723
INFO	2021-10-25 21:52:59	AddOrReplaceReadGroups	Processed     6,000,000 records.  Elapsed time: 00:00:52s.  Time for last 1,000,000:    7s.  Last read position: LG00:26,068,211
INFO	2021-10-25 21:53:06	AddOrReplaceReadGroups	Processed     7,000,000 records.  Elapsed time: 00:01:00s.  Time for last 1,000,000:    7s.  Last read position: LG00:30,567,427
INFO	2021-10-25 21:53:14	AddOrReplaceReadGroups	Processed     8,000,000 records.  Elapsed time: 00:01:08s.  Time for last 1,000,000:    7s.  Last read position: LG00:35,130,571
INFO	2021-10-25 21:53:21	AddOrReplaceReadGroups	Processed     9,000,000 records.  Elapsed time: 00:01:15s.  Time for last 1,000,000:    7s.  Last read position: LG00:40,245,487
INFO	2021-10-25 21:53:29	AddOrReplaceReadGroups	Processed    10,000,000 records.  Elapsed time: 00:01:22s.  Time for last 1,000,000:    7s.  Last read position: LG00:44,764,796
INFO	2021-10-25 21:53:36	AddOrReplaceReadGroups	Processed    11,000,000 records.  Elapsed time: 00:01:30s.  Time for last 1,000,000:    7s.  Last read position: LG00:49,556,676
INFO	2021-10-25 21:53:44	AddOrReplaceReadGroups	Processed    12,000,000 records.  Elapsed time: 00:01:37s.  Time for last 1,000,000:    7s.  Last read position: LG00:54,718,170
INFO	2021-10-25 21:53:51	AddOrReplaceReadGroups	Processed    13,000,000 records.  Elapsed time: 00:01:45s.  Time for last 1,000,000:    7s.  Last read position: LG00:60,284,269
INFO	2021-10-25 21:53:58	AddOrReplaceReadGroups	Processed    14,000,000 records.  Elapsed time: 00:01:52s.  Time for last 1,000,000:    7s.  Last read position: LG00:65,787,860
INFO	2021-10-25 21:54:06	AddOrReplaceReadGroups	Processed    15,000,000 records.  Elapsed time: 00:01:59s.  Time for last 1,000,000:    7s.  Last read position: LG00:71,700,222
INFO	2021-10-25 21:54:13	AddOrReplaceReadGroups	Processed    16,000,000 records.  Elapsed time: 00:02:07s.  Time for last 1,000,000:    7s.  Last read position: LG00:77,087,586
INFO	2021-10-25 21:54:20	AddOrReplaceReadGroups	Processed    17,000,000 records.  Elapsed time: 00:02:14s.  Time for last 1,000,000:    7s.  Last read position: LG00:82,344,364
INFO	2021-10-25 21:54:28	AddOrReplaceReadGroups	Processed    18,000,000 records.  Elapsed time: 00:02:21s.  Time for last 1,000,000:    7s.  Last read position: LG00:87,475,178
INFO	2021-10-25 21:54:35	AddOrReplaceReadGroups	Processed    19,000,000 records.  Elapsed time: 00:02:29s.  Time for last 1,000,000:    7s.  Last read position: LG00:92,934,896
INFO	2021-10-25 21:54:42	AddOrReplaceReadGroups	Processed    20,000,000 records.  Elapsed time: 00:02:36s.  Time for last 1,000,000:    7s.  Last read position: LG00:98,678,808
INFO	2021-10-25 21:54:49	AddOrReplaceReadGroups	Processed    21,000,000 records.  Elapsed time: 00:02:43s.  Time for last 1,000,000:    7s.  Last read position: LG00:104,917,852
INFO	2021-10-25 21:54:57	AddOrReplaceReadGroups	Processed    22,000,000 records.  Elapsed time: 00:02:50s.  Time for last 1,000,000:    7s.  Last read position: LG00:110,832,079
INFO	2021-10-25 21:55:04	AddOrReplaceReadGroups	Processed    23,000,000 records.  Elapsed time: 00:02:58s.  Time for last 1,000,000:    7s.  Last read position: LG00:116,846,059
INFO	2021-10-25 21:55:11	AddOrReplaceReadGroups	Processed    24,000,000 records.  Elapsed time: 00:03:05s.  Time for last 1,000,000:    7s.  Last read position: LG00:122,186,547
INFO	2021-10-25 21:55:18	AddOrReplaceReadGroups	Processed    25,000,000 records.  Elapsed time: 00:03:12s.  Time for last 1,000,000:    7s.  Last read position: LG00:128,186,391
INFO	2021-10-25 21:55:25	AddOrReplaceReadGroups	Processed    26,000,000 records.  Elapsed time: 00:03:19s.  Time for last 1,000,000:    7s.  Last read position: LG00:134,073,537
INFO	2021-10-25 21:55:33	AddOrReplaceReadGroups	Processed    27,000,000 records.  Elapsed time: 00:03:26s.  Time for last 1,000,000:    7s.  Last read position: LG00:139,843,721
INFO	2021-10-25 21:55:40	AddOrReplaceReadGroups	Processed    28,000,000 records.  Elapsed time: 00:03:33s.  Time for last 1,000,000:    7s.  Last read position: LG00:145,719,522
INFO	2021-10-25 21:55:47	AddOrReplaceReadGroups	Processed    29,000,000 records.  Elapsed time: 00:03:40s.  Time for last 1,000,000:    7s.  Last read position: LG00:151,895,202
INFO	2021-10-25 21:55:54	AddOrReplaceReadGroups	Processed    30,000,000 records.  Elapsed time: 00:03:48s.  Time for last 1,000,000:    7s.  Last read position: LG00:152,584,938
INFO	2021-10-25 21:56:01	AddOrReplaceReadGroups	Processed    31,000,000 records.  Elapsed time: 00:03:55s.  Time for last 1,000,000:    7s.  Last read position: LG00:156,990,610
INFO	2021-10-25 21:56:08	AddOrReplaceReadGroups	Processed    32,000,000 records.  Elapsed time: 00:04:02s.  Time for last 1,000,000:    7s.  Last read position: LG00:163,103,903
INFO	2021-10-25 21:56:15	AddOrReplaceReadGroups	Processed    33,000,000 records.  Elapsed time: 00:04:09s.  Time for last 1,000,000:    7s.  Last read position: LG00:167,946,225
INFO	2021-10-25 21:56:22	AddOrReplaceReadGroups	Processed    34,000,000 records.  Elapsed time: 00:04:16s.  Time for last 1,000,000:    7s.  Last read position: LG00:172,351,021
INFO	2021-10-25 21:56:29	AddOrReplaceReadGroups	Processed    35,000,000 records.  Elapsed time: 00:04:23s.  Time for last 1,000,000:    7s.  Last read position: LG01:995,508
INFO	2021-10-25 21:56:37	AddOrReplaceReadGroups	Processed    36,000,000 records.  Elapsed time: 00:04:30s.  Time for last 1,000,000:    7s.  Last read position: LG01:4,650,624
INFO	2021-10-25 21:56:44	AddOrReplaceReadGroups	Processed    37,000,000 records.  Elapsed time: 00:04:37s.  Time for last 1,000,000:    7s.  Last read position: LG01:8,420,241
INFO	2021-10-25 21:56:51	AddOrReplaceReadGroups	Processed    38,000,000 records.  Elapsed time: 00:04:45s.  Time for last 1,000,000:    7s.  Last read position: LG01:12,810,231
INFO	2021-10-25 21:56:58	AddOrReplaceReadGroups	Processed    39,000,000 records.  Elapsed time: 00:04:52s.  Time for last 1,000,000:    7s.  Last read position: LG01:16,489,133
INFO	2021-10-25 21:57:05	AddOrReplaceReadGroups	Processed    40,000,000 records.  Elapsed time: 00:04:59s.  Time for last 1,000,000:    7s.  Last read position: LG01:20,524,291
INFO	2021-10-25 21:57:12	AddOrReplaceReadGroups	Processed    41,000,000 records.  Elapsed time: 00:05:06s.  Time for last 1,000,000:    7s.  Last read position: LG01:24,411,380
INFO	2021-10-25 21:57:19	AddOrReplaceReadGroups	Processed    42,000,000 records.  Elapsed time: 00:05:13s.  Time for last 1,000,000:    7s.  Last read position: LG02:1,048,406
INFO	2021-10-25 21:57:26	AddOrReplaceReadGroups	Processed    43,000,000 records.  Elapsed time: 00:05:20s.  Time for last 1,000,000:    7s.  Last read position: LG02:4,572,611
INFO	2021-10-25 21:57:34	AddOrReplaceReadGroups	Processed    44,000,000 records.  Elapsed time: 00:05:27s.  Time for last 1,000,000:    7s.  Last read position: LG02:8,124,230
INFO	2021-10-25 21:57:41	AddOrReplaceReadGroups	Processed    45,000,000 records.  Elapsed time: 00:05:34s.  Time for last 1,000,000:    7s.  Last read position: LG02:11,778,479
INFO	2021-10-25 21:57:48	AddOrReplaceReadGroups	Processed    46,000,000 records.  Elapsed time: 00:05:42s.  Time for last 1,000,000:    7s.  Last read position: LG02:15,521,660
INFO	2021-10-25 21:57:55	AddOrReplaceReadGroups	Processed    47,000,000 records.  Elapsed time: 00:05:49s.  Time for last 1,000,000:    7s.  Last read position: LG03:255,118
INFO	2021-10-25 21:58:02	AddOrReplaceReadGroups	Processed    48,000,000 records.  Elapsed time: 00:05:56s.  Time for last 1,000,000:    7s.  Last read position: LG03:4,409,856
INFO	2021-10-25 21:58:10	AddOrReplaceReadGroups	Processed    49,000,000 records.  Elapsed time: 00:06:03s.  Time for last 1,000,000:    7s.  Last read position: LG03:8,828,674
INFO	2021-10-25 21:58:17	AddOrReplaceReadGroups	Processed    50,000,000 records.  Elapsed time: 00:06:11s.  Time for last 1,000,000:    7s.  Last read position: LG03:13,338,465
INFO	2021-10-25 21:58:24	AddOrReplaceReadGroups	Processed    51,000,000 records.  Elapsed time: 00:06:18s.  Time for last 1,000,000:    7s.  Last read position: LG04:1,619,042
INFO	2021-10-25 21:58:31	AddOrReplaceReadGroups	Processed    52,000,000 records.  Elapsed time: 00:06:25s.  Time for last 1,000,000:    7s.  Last read position: LG04:5,982,617
INFO	2021-10-25 21:58:38	AddOrReplaceReadGroups	Processed    53,000,000 records.  Elapsed time: 00:06:32s.  Time for last 1,000,000:    7s.  Last read position: LG04:9,594,647
INFO	2021-10-25 21:58:46	AddOrReplaceReadGroups	Processed    54,000,000 records.  Elapsed time: 00:06:39s.  Time for last 1,000,000:    7s.  Last read position: LG04:13,695,354
INFO	2021-10-25 21:58:53	AddOrReplaceReadGroups	Processed    55,000,000 records.  Elapsed time: 00:06:47s.  Time for last 1,000,000:    7s.  Last read position: LG05:1,886,288
INFO	2021-10-25 21:59:00	AddOrReplaceReadGroups	Processed    56,000,000 records.  Elapsed time: 00:06:54s.  Time for last 1,000,000:    7s.  Last read position: LG05:5,733,793
INFO	2021-10-25 21:59:07	AddOrReplaceReadGroups	Processed    57,000,000 records.  Elapsed time: 00:07:01s.  Time for last 1,000,000:    7s.  Last read position: LG05:8,972,813
INFO	2021-10-25 21:59:14	AddOrReplaceReadGroups	Processed    58,000,000 records.  Elapsed time: 00:07:08s.  Time for last 1,000,000:    7s.  Last read position: LG05:12,657,782
INFO	2021-10-25 21:59:22	AddOrReplaceReadGroups	Processed    59,000,000 records.  Elapsed time: 00:07:16s.  Time for last 1,000,000:    7s.  Last read position: LG05:16,565,673
INFO	2021-10-25 21:59:30	AddOrReplaceReadGroups	Processed    60,000,000 records.  Elapsed time: 00:07:24s.  Time for last 1,000,000:    8s.  Last read position: LG05:20,531,449
INFO	2021-10-25 21:59:39	AddOrReplaceReadGroups	Processed    61,000,000 records.  Elapsed time: 00:07:32s.  Time for last 1,000,000:    8s.  Last read position: LG06:1,977,054
INFO	2021-10-25 21:59:46	AddOrReplaceReadGroups	Processed    62,000,000 records.  Elapsed time: 00:07:40s.  Time for last 1,000,000:    7s.  Last read position: LG06:5,842,866
INFO	2021-10-25 21:59:53	AddOrReplaceReadGroups	Processed    63,000,000 records.  Elapsed time: 00:07:47s.  Time for last 1,000,000:    7s.  Last read position: LG06:9,884,751
INFO	2021-10-25 22:00:01	AddOrReplaceReadGroups	Processed    64,000,000 records.  Elapsed time: 00:07:54s.  Time for last 1,000,000:    7s.  Last read position: LG07:1,244,913
INFO	2021-10-25 22:00:08	AddOrReplaceReadGroups	Processed    65,000,000 records.  Elapsed time: 00:08:01s.  Time for last 1,000,000:    7s.  Last read position: LG07:4,699,222
INFO	2021-10-25 22:00:15	AddOrReplaceReadGroups	Processed    66,000,000 records.  Elapsed time: 00:08:09s.  Time for last 1,000,000:    7s.  Last read position: LG07:9,066,201
INFO	2021-10-25 22:00:22	AddOrReplaceReadGroups	Processed    67,000,000 records.  Elapsed time: 00:08:16s.  Time for last 1,000,000:    7s.  Last read position: LG08:965,689
INFO	2021-10-25 22:00:29	AddOrReplaceReadGroups	Processed    68,000,000 records.  Elapsed time: 00:08:23s.  Time for last 1,000,000:    7s.  Last read position: LG08:5,201,580
INFO	2021-10-25 22:00:37	AddOrReplaceReadGroups	Processed    69,000,000 records.  Elapsed time: 00:08:30s.  Time for last 1,000,000:    7s.  Last read position: LG08:9,906,296
INFO	2021-10-25 22:00:44	AddOrReplaceReadGroups	Processed    70,000,000 records.  Elapsed time: 00:08:38s.  Time for last 1,000,000:    7s.  Last read position: LG08:14,180,958
INFO	2021-10-25 22:00:51	AddOrReplaceReadGroups	Processed    71,000,000 records.  Elapsed time: 00:08:45s.  Time for last 1,000,000:    7s.  Last read position: LG09:2,599,837
INFO	2021-10-25 22:00:59	AddOrReplaceReadGroups	Processed    72,000,000 records.  Elapsed time: 00:08:52s.  Time for last 1,000,000:    7s.  Last read position: LG09:3,085,269
INFO	2021-10-25 22:01:06	AddOrReplaceReadGroups	Processed    73,000,000 records.  Elapsed time: 00:09:00s.  Time for last 1,000,000:    7s.  Last read position: LG09:7,231,539
INFO	2021-10-25 22:01:13	AddOrReplaceReadGroups	Processed    74,000,000 records.  Elapsed time: 00:09:07s.  Time for last 1,000,000:    7s.  Last read position: LG09:11,032,550
INFO	2021-10-25 22:01:20	AddOrReplaceReadGroups	Processed    75,000,000 records.  Elapsed time: 00:09:14s.  Time for last 1,000,000:    7s.  Last read position: LG10:2,132,715
INFO	2021-10-25 22:01:27	AddOrReplaceReadGroups	Processed    76,000,000 records.  Elapsed time: 00:09:21s.  Time for last 1,000,000:    7s.  Last read position: LG10:5,905,940
INFO	2021-10-25 22:01:35	AddOrReplaceReadGroups	Processed    77,000,000 records.  Elapsed time: 00:09:28s.  Time for last 1,000,000:    7s.  Last read position: LG10:9,636,361
INFO	2021-10-25 22:01:42	AddOrReplaceReadGroups	Processed    78,000,000 records.  Elapsed time: 00:09:36s.  Time for last 1,000,000:    7s.  Last read position: LG10:13,722,661
INFO	2021-10-25 22:01:49	AddOrReplaceReadGroups	Processed    79,000,000 records.  Elapsed time: 00:09:43s.  Time for last 1,000,000:    7s.  Last read position: LG10:17,227,327
INFO	2021-10-25 22:01:56	AddOrReplaceReadGroups	Processed    80,000,000 records.  Elapsed time: 00:09:50s.  Time for last 1,000,000:    7s.  Last read position: LG10:20,755,124
INFO	2021-10-25 22:02:04	AddOrReplaceReadGroups	Processed    81,000,000 records.  Elapsed time: 00:09:57s.  Time for last 1,000,000:    7s.  Last read position: LG10:24,938,311
INFO	2021-10-25 22:02:11	AddOrReplaceReadGroups	Processed    82,000,000 records.  Elapsed time: 00:10:04s.  Time for last 1,000,000:    7s.  Last read position: LG11:24,683
INFO	2021-10-25 22:02:18	AddOrReplaceReadGroups	Processed    83,000,000 records.  Elapsed time: 00:10:12s.  Time for last 1,000,000:    7s.  Last read position: LG11:3,984,820
INFO	2021-10-25 22:02:25	AddOrReplaceReadGroups	Processed    84,000,000 records.  Elapsed time: 00:10:19s.  Time for last 1,000,000:    7s.  Last read position: LG11:7,538,100
INFO	2021-10-25 22:02:32	AddOrReplaceReadGroups	Processed    85,000,000 records.  Elapsed time: 00:10:26s.  Time for last 1,000,000:    7s.  Last read position: LG11:11,069,244
INFO	2021-10-25 22:02:40	AddOrReplaceReadGroups	Processed    86,000,000 records.  Elapsed time: 00:10:33s.  Time for last 1,000,000:    7s.  Last read position: LG11:15,315,901
INFO	2021-10-25 22:02:47	AddOrReplaceReadGroups	Processed    87,000,000 records.  Elapsed time: 00:10:41s.  Time for last 1,000,000:    7s.  Last read position: LG11:19,402,564
INFO	2021-10-25 22:02:54	AddOrReplaceReadGroups	Processed    88,000,000 records.  Elapsed time: 00:10:48s.  Time for last 1,000,000:    7s.  Last read position: LG11:23,673,147
INFO	2021-10-25 22:03:01	AddOrReplaceReadGroups	Processed    89,000,000 records.  Elapsed time: 00:10:55s.  Time for last 1,000,000:    7s.  Last read position: LG12:1,062,251
INFO	2021-10-25 22:03:08	AddOrReplaceReadGroups	Processed    90,000,000 records.  Elapsed time: 00:11:02s.  Time for last 1,000,000:    7s.  Last read position: LG12:5,180,137
INFO	2021-10-25 22:03:16	AddOrReplaceReadGroups	Processed    91,000,000 records.  Elapsed time: 00:11:09s.  Time for last 1,000,000:    7s.  Last read position: LG12:8,999,571
INFO	2021-10-25 22:03:23	AddOrReplaceReadGroups	Processed    92,000,000 records.  Elapsed time: 00:11:17s.  Time for last 1,000,000:    7s.  Last read position: LG12:12,827,928
INFO	2021-10-25 22:03:30	AddOrReplaceReadGroups	Processed    93,000,000 records.  Elapsed time: 00:11:24s.  Time for last 1,000,000:    7s.  Last read position: LG13:2,317,219
INFO	2021-10-25 22:03:37	AddOrReplaceReadGroups	Processed    94,000,000 records.  Elapsed time: 00:11:31s.  Time for last 1,000,000:    7s.  Last read position: LG13:5,586,142
INFO	2021-10-25 22:03:44	AddOrReplaceReadGroups	Processed    95,000,000 records.  Elapsed time: 00:11:38s.  Time for last 1,000,000:    7s.  Last read position: LG13:9,050,500
INFO	2021-10-25 22:03:52	AddOrReplaceReadGroups	Processed    96,000,000 records.  Elapsed time: 00:11:45s.  Time for last 1,000,000:    7s.  Last read position: LG13:12,774,189
INFO	2021-10-25 22:03:59	AddOrReplaceReadGroups	Processed    97,000,000 records.  Elapsed time: 00:11:53s.  Time for last 1,000,000:    7s.  Last read position: LG14:1,684,914
INFO	2021-10-25 22:04:06	AddOrReplaceReadGroups	Processed    98,000,000 records.  Elapsed time: 00:12:00s.  Time for last 1,000,000:    7s.  Last read position: LG14:5,174,830
INFO	2021-10-25 22:04:13	AddOrReplaceReadGroups	Processed    99,000,000 records.  Elapsed time: 00:12:07s.  Time for last 1,000,000:    7s.  Last read position: LG14:8,948,273
INFO	2021-10-25 22:04:20	AddOrReplaceReadGroups	Processed   100,000,000 records.  Elapsed time: 00:12:14s.  Time for last 1,000,000:    7s.  Last read position: LG14:12,695,495
INFO	2021-10-25 22:04:28	AddOrReplaceReadGroups	Processed   101,000,000 records.  Elapsed time: 00:12:21s.  Time for last 1,000,000:    7s.  Last read position: LG15:2,566,611
INFO	2021-10-25 22:04:35	AddOrReplaceReadGroups	Processed   102,000,000 records.  Elapsed time: 00:12:28s.  Time for last 1,000,000:    7s.  Last read position: LG15:5,940,412
INFO	2021-10-25 22:04:42	AddOrReplaceReadGroups	Processed   103,000,000 records.  Elapsed time: 00:12:36s.  Time for last 1,000,000:    7s.  Last read position: LG15:10,159,592
INFO	2021-10-25 22:04:49	AddOrReplaceReadGroups	Processed   104,000,000 records.  Elapsed time: 00:12:43s.  Time for last 1,000,000:    7s.  Last read position: LG15:13,669,543
INFO	2021-10-25 22:04:56	AddOrReplaceReadGroups	Processed   105,000,000 records.  Elapsed time: 00:12:50s.  Time for last 1,000,000:    7s.  Last read position: LG15:17,280,829
INFO	2021-10-25 22:05:04	AddOrReplaceReadGroups	Processed   106,000,000 records.  Elapsed time: 00:12:57s.  Time for last 1,000,000:    7s.  Last read position: LG16:2,495,673
INFO	2021-10-25 22:05:11	AddOrReplaceReadGroups	Processed   107,000,000 records.  Elapsed time: 00:13:05s.  Time for last 1,000,000:    7s.  Last read position: LG16:6,580,140
INFO	2021-10-25 22:05:18	AddOrReplaceReadGroups	Processed   108,000,000 records.  Elapsed time: 00:13:12s.  Time for last 1,000,000:    7s.  Last read position: LG16:10,712,009
INFO	2021-10-25 22:05:25	AddOrReplaceReadGroups	Processed   109,000,000 records.  Elapsed time: 00:13:19s.  Time for last 1,000,000:    7s.  Last read position: LG16:14,135,092
INFO	2021-10-25 22:05:33	AddOrReplaceReadGroups	Processed   110,000,000 records.  Elapsed time: 00:13:26s.  Time for last 1,000,000:    7s.  Last read position: LG17:1,713,284
INFO	2021-10-25 22:05:40	AddOrReplaceReadGroups	Processed   111,000,000 records.  Elapsed time: 00:13:33s.  Time for last 1,000,000:    7s.  Last read position: LG17:4,689,234
INFO	2021-10-25 22:05:47	AddOrReplaceReadGroups	Processed   112,000,000 records.  Elapsed time: 00:13:41s.  Time for last 1,000,000:    7s.  Last read position: LG17:8,332,083
INFO	2021-10-25 22:05:54	AddOrReplaceReadGroups	Processed   113,000,000 records.  Elapsed time: 00:13:48s.  Time for last 1,000,000:    7s.  Last read position: LG17:12,152,721
INFO	2021-10-25 22:06:01	AddOrReplaceReadGroups	Processed   114,000,000 records.  Elapsed time: 00:13:55s.  Time for last 1,000,000:    7s.  Last read position: LG18:4,233,304
INFO	2021-10-25 22:06:09	AddOrReplaceReadGroups	Processed   115,000,000 records.  Elapsed time: 00:14:02s.  Time for last 1,000,000:    7s.  Last read position: LG18:8,426,945
INFO	2021-10-25 22:06:16	AddOrReplaceReadGroups	Processed   116,000,000 records.  Elapsed time: 00:14:10s.  Time for last 1,000,000:    7s.  Last read position: LG18:11,901,869
INFO	2021-10-25 22:06:23	AddOrReplaceReadGroups	Processed   117,000,000 records.  Elapsed time: 00:14:17s.  Time for last 1,000,000:    7s.  Last read position: LG19:3,173,194
INFO	2021-10-25 22:06:30	AddOrReplaceReadGroups	Processed   118,000,000 records.  Elapsed time: 00:14:24s.  Time for last 1,000,000:    7s.  Last read position: LG19:5,614,894
INFO	2021-10-25 22:06:37	AddOrReplaceReadGroups	Processed   119,000,000 records.  Elapsed time: 00:14:31s.  Time for last 1,000,000:    7s.  Last read position: LG19:9,274,201
INFO	2021-10-25 22:06:44	AddOrReplaceReadGroups	Processed   120,000,000 records.  Elapsed time: 00:14:38s.  Time for last 1,000,000:    7s.  Last read position: LG19:12,834,196
INFO	2021-10-25 22:06:52	AddOrReplaceReadGroups	Processed   121,000,000 records.  Elapsed time: 00:14:45s.  Time for last 1,000,000:    7s.  Last read position: LG20:1,452,690
INFO	2021-10-25 22:06:59	AddOrReplaceReadGroups	Processed   122,000,000 records.  Elapsed time: 00:14:52s.  Time for last 1,000,000:    7s.  Last read position: LG20:5,279,188
INFO	2021-10-25 22:07:06	AddOrReplaceReadGroups	Processed   123,000,000 records.  Elapsed time: 00:15:00s.  Time for last 1,000,000:    7s.  Last read position: LG20:9,075,466
INFO	2021-10-25 22:07:13	AddOrReplaceReadGroups	Processed   124,000,000 records.  Elapsed time: 00:15:07s.  Time for last 1,000,000:    7s.  Last read position: LG21:167,647
INFO	2021-10-25 22:07:20	AddOrReplaceReadGroups	Processed   125,000,000 records.  Elapsed time: 00:15:14s.  Time for last 1,000,000:    7s.  Last read position: LG21:3,528,987
INFO	2021-10-25 22:07:27	AddOrReplaceReadGroups	Processed   126,000,000 records.  Elapsed time: 00:15:21s.  Time for last 1,000,000:    7s.  Last read position: LG21:7,321,465
INFO	2021-10-25 22:07:35	AddOrReplaceReadGroups	Processed   127,000,000 records.  Elapsed time: 00:15:28s.  Time for last 1,000,000:    7s.  Last read position: LG21:10,965,758
INFO	2021-10-25 22:07:42	AddOrReplaceReadGroups	Processed   128,000,000 records.  Elapsed time: 00:15:35s.  Time for last 1,000,000:    7s.  Last read position: LG22:240,079
INFO	2021-10-25 22:07:49	AddOrReplaceReadGroups	Processed   129,000,000 records.  Elapsed time: 00:15:43s.  Time for last 1,000,000:    7s.  Last read position: LG22:4,521,455
INFO	2021-10-25 22:07:56	AddOrReplaceReadGroups	Processed   130,000,000 records.  Elapsed time: 00:15:50s.  Time for last 1,000,000:    7s.  Last read position: LG22:7,580,480
INFO	2021-10-25 22:08:03	AddOrReplaceReadGroups	Processed   131,000,000 records.  Elapsed time: 00:15:57s.  Time for last 1,000,000:    7s.  Last read position: LG22:11,715,763
INFO	2021-10-25 22:08:10	AddOrReplaceReadGroups	Processed   132,000,000 records.  Elapsed time: 00:16:04s.  Time for last 1,000,000:    7s.  Last read position: LG23:3,401,288
INFO	2021-10-25 22:08:18	AddOrReplaceReadGroups	Processed   133,000,000 records.  Elapsed time: 00:16:11s.  Time for last 1,000,000:    7s.  Last read position: LG23:6,883,071
INFO	2021-10-25 22:08:25	AddOrReplaceReadGroups	Processed   134,000,000 records.  Elapsed time: 00:16:19s.  Time for last 1,000,000:    7s.  Last read position: LG23:10,167,045
INFO	2021-10-25 22:08:32	AddOrReplaceReadGroups	Processed   135,000,000 records.  Elapsed time: 00:16:26s.  Time for last 1,000,000:    7s.  Last read position: LG23:13,603,116
INFO	2021-10-25 22:08:39	AddOrReplaceReadGroups	Processed   136,000,000 records.  Elapsed time: 00:16:33s.  Time for last 1,000,000:    7s.  Last read position: LG24:803,574
INFO	2021-10-25 22:08:46	AddOrReplaceReadGroups	Processed   137,000,000 records.  Elapsed time: 00:16:40s.  Time for last 1,000,000:    7s.  Last read position: LG24:4,481,980
INFO	2021-10-25 22:08:54	AddOrReplaceReadGroups	Processed   138,000,000 records.  Elapsed time: 00:16:47s.  Time for last 1,000,000:    7s.  Last read position: LG24:8,167,660
INFO	2021-10-25 22:09:01	AddOrReplaceReadGroups	Processed   139,000,000 records.  Elapsed time: 00:16:54s.  Time for last 1,000,000:    7s.  Last read position: LG24:12,393,108
INFO	2021-10-25 22:09:08	AddOrReplaceReadGroups	Processed   140,000,000 records.  Elapsed time: 00:17:02s.  Time for last 1,000,000:    7s.  Last read position: LG25:2,415,217
INFO	2021-10-25 22:09:15	AddOrReplaceReadGroups	Processed   141,000,000 records.  Elapsed time: 00:17:09s.  Time for last 1,000,000:    7s.  Last read position: LG25:6,248,680
INFO	2021-10-25 22:09:22	AddOrReplaceReadGroups	Processed   142,000,000 records.  Elapsed time: 00:17:16s.  Time for last 1,000,000:    7s.  Last read position: LG25:10,322,197
INFO	2021-10-25 22:09:29	AddOrReplaceReadGroups	Processed   143,000,000 records.  Elapsed time: 00:17:23s.  Time for last 1,000,000:    7s.  Last read position: LG25:13,820,752
INFO	2021-10-25 22:09:37	AddOrReplaceReadGroups	Processed   144,000,000 records.  Elapsed time: 00:17:30s.  Time for last 1,000,000:    7s.  Last read position: LG26:3,755,691
INFO	2021-10-25 22:09:44	AddOrReplaceReadGroups	Processed   145,000,000 records.  Elapsed time: 00:17:38s.  Time for last 1,000,000:    7s.  Last read position: LG26:6,712,683
INFO	2021-10-25 22:09:51	AddOrReplaceReadGroups	Processed   146,000,000 records.  Elapsed time: 00:17:45s.  Time for last 1,000,000:    7s.  Last read position: LG26:10,651,923
INFO	2021-10-25 22:09:58	AddOrReplaceReadGroups	Processed   147,000,000 records.  Elapsed time: 00:17:52s.  Time for last 1,000,000:    7s.  Last read position: LG27:1,122,920
INFO	2021-10-25 22:10:05	AddOrReplaceReadGroups	Processed   148,000,000 records.  Elapsed time: 00:17:59s.  Time for last 1,000,000:    7s.  Last read position: LG27:5,498,667
INFO	2021-10-25 22:10:13	AddOrReplaceReadGroups	Processed   149,000,000 records.  Elapsed time: 00:18:06s.  Time for last 1,000,000:    7s.  Last read position: LG27:9,048,568
INFO	2021-10-25 22:10:20	AddOrReplaceReadGroups	Processed   150,000,000 records.  Elapsed time: 00:18:13s.  Time for last 1,000,000:    7s.  Last read position: LG28:1,035,829
INFO	2021-10-25 22:10:27	AddOrReplaceReadGroups	Processed   151,000,000 records.  Elapsed time: 00:18:21s.  Time for last 1,000,000:    7s.  Last read position: LG28:4,753,757
INFO	2021-10-25 22:10:34	AddOrReplaceReadGroups	Processed   152,000,000 records.  Elapsed time: 00:18:28s.  Time for last 1,000,000:    7s.  Last read position: LG28:8,714,171
INFO	2021-10-25 22:10:41	AddOrReplaceReadGroups	Processed   153,000,000 records.  Elapsed time: 00:18:35s.  Time for last 1,000,000:    7s.  Last read position: LG29:277,704
INFO	2021-10-25 22:10:48	AddOrReplaceReadGroups	Processed   154,000,000 records.  Elapsed time: 00:18:42s.  Time for last 1,000,000:    7s.  Last read position: LG29:3,787,191
INFO	2021-10-25 22:10:56	AddOrReplaceReadGroups	Processed   155,000,000 records.  Elapsed time: 00:18:49s.  Time for last 1,000,000:    7s.  Last read position: LG30:2,483,460
INFO	2021-10-25 22:11:03	AddOrReplaceReadGroups	Processed   156,000,000 records.  Elapsed time: 00:18:57s.  Time for last 1,000,000:    7s.  Last read position: LG30:6,554,396
INFO	2021-10-25 22:11:10	AddOrReplaceReadGroups	Processed   157,000,000 records.  Elapsed time: 00:19:04s.  Time for last 1,000,000:    7s.  Last read position: UNPIN3877:6,138
INFO	2021-10-25 22:11:17	AddOrReplaceReadGroups	Processed   158,000,000 records.  Elapsed time: 00:19:11s.  Time for last 1,000,000:    6s.  Last read position: UNPIN3877:24,009
INFO	2021-10-25 22:11:24	AddOrReplaceReadGroups	Processed   159,000,000 records.  Elapsed time: 00:19:18s.  Time for last 1,000,000:    6s.  Last read position: UNPIN3877:41,755
INFO	2021-10-25 22:11:31	AddOrReplaceReadGroups	Processed   160,000,000 records.  Elapsed time: 00:19:25s.  Time for last 1,000,000:    6s.  Last read position: UNPIN3877:60,994
INFO	2021-10-25 22:11:38	AddOrReplaceReadGroups	Processed   161,000,000 records.  Elapsed time: 00:19:31s.  Time for last 1,000,000:    6s.  Last read position: UNPIN3877:79,358
INFO	2021-10-25 22:11:45	AddOrReplaceReadGroups	Processed   162,000,000 records.  Elapsed time: 00:19:38s.  Time for last 1,000,000:    6s.  Last read position: UNPIN3877:98,055
INFO	2021-10-25 22:11:52	AddOrReplaceReadGroups	Processed   163,000,000 records.  Elapsed time: 00:19:45s.  Time for last 1,000,000:    6s.  Last read position: UNPIN3877:116,523
INFO	2021-10-25 22:11:59	AddOrReplaceReadGroups	Processed   164,000,000 records.  Elapsed time: 00:19:52s.  Time for last 1,000,000:    6s.  Last read position: UNPIN3878:9,283
INFO	2021-10-25 22:12:05	AddOrReplaceReadGroups	Processed   165,000,000 records.  Elapsed time: 00:19:59s.  Time for last 1,000,000:    6s.  Last read position: */*
INFO	2021-10-25 22:12:10	AddOrReplaceReadGroups	Processed   166,000,000 records.  Elapsed time: 00:20:04s.  Time for last 1,000,000:    4s.  Last read position: */*
INFO	2021-10-25 22:12:15	AddOrReplaceReadGroups	Processed   167,000,000 records.  Elapsed time: 00:20:09s.  Time for last 1,000,000:    4s.  Last read position: */*
INFO	2021-10-25 22:12:20	AddOrReplaceReadGroups	Processed   168,000,000 records.  Elapsed time: 00:20:14s.  Time for last 1,000,000:    4s.  Last read position: */*
INFO	2021-10-25 22:12:25	AddOrReplaceReadGroups	Processed   169,000,000 records.  Elapsed time: 00:20:19s.  Time for last 1,000,000:    4s.  Last read position: */*
INFO	2021-10-25 22:12:30	AddOrReplaceReadGroups	Processed   170,000,000 records.  Elapsed time: 00:20:23s.  Time for last 1,000,000:    4s.  Last read position: */*
INFO	2021-10-25 22:12:35	AddOrReplaceReadGroups	Processed   171,000,000 records.  Elapsed time: 00:20:28s.  Time for last 1,000,000:    4s.  Last read position: */*
[Mon Oct 25 22:12:37 PDT 2021] picard.sam.AddOrReplaceReadGroups done. Elapsed time: 20.53 minutes.
Runtime.totalMemory()=46092288
Tool returned:
0
