==========================================
SLURM_JOB_ID = 2351477
SLURM_JOB_NODELIST = b02-39
TMPDIR = /tmp/SLURM_2351477
==========================================
Using GATK jar /home1/mharden/.conda/envs/gatk4/share/gatk4-4.2.2.0-1/gatk-package-4.2.2.0-local.jar
Running:
    java -Dsamjdk.use_async_io_read_samtools=false -Dsamjdk.use_async_io_write_samtools=true -Dsamjdk.use_async_io_write_tribble=false -Dsamjdk.compression_level=2 -jar /home1/mharden/.conda/envs/gatk4/share/gatk4-4.2.2.0-1/gatk-package-4.2.2.0-local.jar AddOrReplaceReadGroups -I SRR12223736_SRP271933_Undaria_pinnatifida_individual_12_2016-01-12_INTRO_NZ_Lyall_2_New_Zealand.sorted.bam -O SRR12223736_SRP271933_Undaria_pinnatifida_individual_12_2016-01-12_INTRO_NZ_Lyall_2_New_Zealand.RG.sorted.bam --RGID C9J38ANXX.1 --RGLB SRR12223736 --RGPL ILLUMINA --RGPU C9J38ANXX.1.SRR12223736 --RGSM INTRO_NZ_Lyall_2_New_Zealand
13:52:24.950 INFO  NativeLibraryLoader - Loading libgkl_compression.so from jar:file:/home1/mharden/.conda/envs/gatk4/share/gatk4-4.2.2.0-1/gatk-package-4.2.2.0-local.jar!/com/intel/gkl/native/libgkl_compression.so
[Thu Oct 28 13:52:24 PDT 2021] AddOrReplaceReadGroups --INPUT SRR12223736_SRP271933_Undaria_pinnatifida_individual_12_2016-01-12_INTRO_NZ_Lyall_2_New_Zealand.sorted.bam --OUTPUT SRR12223736_SRP271933_Undaria_pinnatifida_individual_12_2016-01-12_INTRO_NZ_Lyall_2_New_Zealand.RG.sorted.bam --RGID C9J38ANXX.1 --RGLB SRR12223736 --RGPL ILLUMINA --RGPU C9J38ANXX.1.SRR12223736 --RGSM INTRO_NZ_Lyall_2_New_Zealand --VERBOSITY INFO --QUIET false --VALIDATION_STRINGENCY STRICT --COMPRESSION_LEVEL 2 --MAX_RECORDS_IN_RAM 500000 --CREATE_INDEX false --CREATE_MD5_FILE false --GA4GH_CLIENT_SECRETS client_secrets.json --help false --version false --showHidden false --USE_JDK_DEFLATER false --USE_JDK_INFLATER false
Oct 28, 2021 1:52:25 PM shaded.cloud_nio.com.google.auth.oauth2.ComputeEngineCredentials runningOnComputeEngine
INFO: Failed to detect whether we are running on Google Compute Engine.
[Thu Oct 28 13:52:25 PDT 2021] Executing as mharden@b02-39.hpc.usc.edu on Linux 3.10.0-1062.4.1.el7.x86_64 amd64; OpenJDK 64-Bit Server VM 1.8.0_302-b08; Deflater: Intel; Inflater: Intel; Provider GCS is available; Picard version: Version:4.2.2.0
INFO	2021-10-28 13:52:25	AddOrReplaceReadGroups	Created read-group ID=C9J38ANXX.1 PL=ILLUMINA LB=SRR12223736 SM=INTRO_NZ_Lyall_2_New_Zealand

INFO	2021-10-28 13:52:30	AddOrReplaceReadGroups	Processed     1,000,000 records.  Elapsed time: 00:00:05s.  Time for last 1,000,000:    5s.  Last read position: LG00:2,615,577
INFO	2021-10-28 13:52:35	AddOrReplaceReadGroups	Processed     2,000,000 records.  Elapsed time: 00:00:09s.  Time for last 1,000,000:    4s.  Last read position: LG00:5,308,572
INFO	2021-10-28 13:52:39	AddOrReplaceReadGroups	Processed     3,000,000 records.  Elapsed time: 00:00:14s.  Time for last 1,000,000:    4s.  Last read position: LG00:6,768,989
INFO	2021-10-28 13:52:44	AddOrReplaceReadGroups	Processed     4,000,000 records.  Elapsed time: 00:00:19s.  Time for last 1,000,000:    4s.  Last read position: LG00:9,295,003
INFO	2021-10-28 13:52:49	AddOrReplaceReadGroups	Processed     5,000,000 records.  Elapsed time: 00:00:24s.  Time for last 1,000,000:    4s.  Last read position: LG00:11,859,243
INFO	2021-10-28 13:52:54	AddOrReplaceReadGroups	Processed     6,000,000 records.  Elapsed time: 00:00:28s.  Time for last 1,000,000:    4s.  Last read position: LG00:14,491,244
INFO	2021-10-28 13:52:58	AddOrReplaceReadGroups	Processed     7,000,000 records.  Elapsed time: 00:00:33s.  Time for last 1,000,000:    4s.  Last read position: LG00:16,780,573
INFO	2021-10-28 13:53:03	AddOrReplaceReadGroups	Processed     8,000,000 records.  Elapsed time: 00:00:38s.  Time for last 1,000,000:    4s.  Last read position: LG00:19,609,041
INFO	2021-10-28 13:53:07	AddOrReplaceReadGroups	Processed     9,000,000 records.  Elapsed time: 00:00:42s.  Time for last 1,000,000:    4s.  Last read position: LG00:22,291,135
INFO	2021-10-28 13:53:12	AddOrReplaceReadGroups	Processed    10,000,000 records.  Elapsed time: 00:00:47s.  Time for last 1,000,000:    4s.  Last read position: LG00:25,150,785
INFO	2021-10-28 13:53:16	AddOrReplaceReadGroups	Processed    11,000,000 records.  Elapsed time: 00:00:51s.  Time for last 1,000,000:    4s.  Last read position: LG00:27,290,385
INFO	2021-10-28 13:53:21	AddOrReplaceReadGroups	Processed    12,000,000 records.  Elapsed time: 00:00:56s.  Time for last 1,000,000:    4s.  Last read position: LG00:30,139,489
INFO	2021-10-28 13:53:26	AddOrReplaceReadGroups	Processed    13,000,000 records.  Elapsed time: 00:01:00s.  Time for last 1,000,000:    4s.  Last read position: LG00:32,890,407
INFO	2021-10-28 13:53:30	AddOrReplaceReadGroups	Processed    14,000,000 records.  Elapsed time: 00:01:05s.  Time for last 1,000,000:    4s.  Last read position: LG00:35,248,010
INFO	2021-10-28 13:53:35	AddOrReplaceReadGroups	Processed    15,000,000 records.  Elapsed time: 00:01:10s.  Time for last 1,000,000:    5s.  Last read position: LG00:38,038,537
INFO	2021-10-28 13:53:40	AddOrReplaceReadGroups	Processed    16,000,000 records.  Elapsed time: 00:01:15s.  Time for last 1,000,000:    4s.  Last read position: LG00:40,940,499
INFO	2021-10-28 13:53:45	AddOrReplaceReadGroups	Processed    17,000,000 records.  Elapsed time: 00:01:19s.  Time for last 1,000,000:    4s.  Last read position: LG00:43,430,148
INFO	2021-10-28 13:53:49	AddOrReplaceReadGroups	Processed    18,000,000 records.  Elapsed time: 00:01:24s.  Time for last 1,000,000:    4s.  Last read position: LG00:46,261,690
INFO	2021-10-28 13:53:54	AddOrReplaceReadGroups	Processed    19,000,000 records.  Elapsed time: 00:01:29s.  Time for last 1,000,000:    4s.  Last read position: LG00:48,691,670
INFO	2021-10-28 13:53:59	AddOrReplaceReadGroups	Processed    20,000,000 records.  Elapsed time: 00:01:33s.  Time for last 1,000,000:    4s.  Last read position: LG00:51,603,507
INFO	2021-10-28 13:54:03	AddOrReplaceReadGroups	Processed    21,000,000 records.  Elapsed time: 00:01:38s.  Time for last 1,000,000:    4s.  Last read position: LG00:54,429,160
INFO	2021-10-28 13:54:08	AddOrReplaceReadGroups	Processed    22,000,000 records.  Elapsed time: 00:01:43s.  Time for last 1,000,000:    4s.  Last read position: LG00:57,452,395
INFO	2021-10-28 13:54:13	AddOrReplaceReadGroups	Processed    23,000,000 records.  Elapsed time: 00:01:47s.  Time for last 1,000,000:    4s.  Last read position: LG00:60,343,375
INFO	2021-10-28 13:54:17	AddOrReplaceReadGroups	Processed    24,000,000 records.  Elapsed time: 00:01:52s.  Time for last 1,000,000:    4s.  Last read position: LG00:63,313,073
INFO	2021-10-28 13:54:22	AddOrReplaceReadGroups	Processed    25,000,000 records.  Elapsed time: 00:01:56s.  Time for last 1,000,000:    4s.  Last read position: LG00:66,456,753
INFO	2021-10-28 13:54:26	AddOrReplaceReadGroups	Processed    26,000,000 records.  Elapsed time: 00:02:01s.  Time for last 1,000,000:    4s.  Last read position: LG00:69,466,750
INFO	2021-10-28 13:54:31	AddOrReplaceReadGroups	Processed    27,000,000 records.  Elapsed time: 00:02:06s.  Time for last 1,000,000:    4s.  Last read position: LG00:72,717,306
INFO	2021-10-28 13:54:35	AddOrReplaceReadGroups	Processed    28,000,000 records.  Elapsed time: 00:02:10s.  Time for last 1,000,000:    4s.  Last read position: LG00:75,743,917
INFO	2021-10-28 13:54:40	AddOrReplaceReadGroups	Processed    29,000,000 records.  Elapsed time: 00:02:15s.  Time for last 1,000,000:    4s.  Last read position: LG00:78,877,761
INFO	2021-10-28 13:54:45	AddOrReplaceReadGroups	Processed    30,000,000 records.  Elapsed time: 00:02:20s.  Time for last 1,000,000:    4s.  Last read position: LG00:81,808,605
INFO	2021-10-28 13:54:49	AddOrReplaceReadGroups	Processed    31,000,000 records.  Elapsed time: 00:02:24s.  Time for last 1,000,000:    4s.  Last read position: LG00:84,269,318
INFO	2021-10-28 13:54:54	AddOrReplaceReadGroups	Processed    32,000,000 records.  Elapsed time: 00:02:29s.  Time for last 1,000,000:    4s.  Last read position: LG00:87,248,849
INFO	2021-10-28 13:54:59	AddOrReplaceReadGroups	Processed    33,000,000 records.  Elapsed time: 00:02:34s.  Time for last 1,000,000:    4s.  Last read position: LG00:90,166,914
INFO	2021-10-28 13:55:04	AddOrReplaceReadGroups	Processed    34,000,000 records.  Elapsed time: 00:02:38s.  Time for last 1,000,000:    4s.  Last read position: LG00:93,299,789
INFO	2021-10-28 13:55:08	AddOrReplaceReadGroups	Processed    35,000,000 records.  Elapsed time: 00:02:43s.  Time for last 1,000,000:    4s.  Last read position: LG00:96,361,340
INFO	2021-10-28 13:55:13	AddOrReplaceReadGroups	Processed    36,000,000 records.  Elapsed time: 00:02:48s.  Time for last 1,000,000:    4s.  Last read position: LG00:99,592,279
INFO	2021-10-28 13:55:18	AddOrReplaceReadGroups	Processed    37,000,000 records.  Elapsed time: 00:02:52s.  Time for last 1,000,000:    4s.  Last read position: LG00:103,383,638
INFO	2021-10-28 13:55:22	AddOrReplaceReadGroups	Processed    38,000,000 records.  Elapsed time: 00:02:57s.  Time for last 1,000,000:    4s.  Last read position: LG00:106,781,789
INFO	2021-10-28 13:55:27	AddOrReplaceReadGroups	Processed    39,000,000 records.  Elapsed time: 00:03:02s.  Time for last 1,000,000:    4s.  Last read position: LG00:110,318,228
INFO	2021-10-28 13:55:31	AddOrReplaceReadGroups	Processed    40,000,000 records.  Elapsed time: 00:03:06s.  Time for last 1,000,000:    4s.  Last read position: LG00:113,804,755
INFO	2021-10-28 13:55:36	AddOrReplaceReadGroups	Processed    41,000,000 records.  Elapsed time: 00:03:11s.  Time for last 1,000,000:    4s.  Last read position: LG00:117,330,098
INFO	2021-10-28 13:55:41	AddOrReplaceReadGroups	Processed    42,000,000 records.  Elapsed time: 00:03:16s.  Time for last 1,000,000:    4s.  Last read position: LG00:120,171,023
INFO	2021-10-28 13:55:45	AddOrReplaceReadGroups	Processed    43,000,000 records.  Elapsed time: 00:03:20s.  Time for last 1,000,000:    4s.  Last read position: LG00:123,611,769
INFO	2021-10-28 13:55:50	AddOrReplaceReadGroups	Processed    44,000,000 records.  Elapsed time: 00:03:25s.  Time for last 1,000,000:    4s.  Last read position: LG00:126,948,318
INFO	2021-10-28 13:55:55	AddOrReplaceReadGroups	Processed    45,000,000 records.  Elapsed time: 00:03:29s.  Time for last 1,000,000:    4s.  Last read position: LG00:130,188,030
INFO	2021-10-28 13:55:59	AddOrReplaceReadGroups	Processed    46,000,000 records.  Elapsed time: 00:03:34s.  Time for last 1,000,000:    4s.  Last read position: LG00:133,322,904
INFO	2021-10-28 13:56:04	AddOrReplaceReadGroups	Processed    47,000,000 records.  Elapsed time: 00:03:38s.  Time for last 1,000,000:    4s.  Last read position: LG00:135,897,849
INFO	2021-10-28 13:56:08	AddOrReplaceReadGroups	Processed    48,000,000 records.  Elapsed time: 00:03:43s.  Time for last 1,000,000:    4s.  Last read position: LG00:139,151,899
INFO	2021-10-28 13:56:13	AddOrReplaceReadGroups	Processed    49,000,000 records.  Elapsed time: 00:03:48s.  Time for last 1,000,000:    4s.  Last read position: LG00:142,489,762
INFO	2021-10-28 13:56:17	AddOrReplaceReadGroups	Processed    50,000,000 records.  Elapsed time: 00:03:52s.  Time for last 1,000,000:    4s.  Last read position: LG00:145,864,371
INFO	2021-10-28 13:56:22	AddOrReplaceReadGroups	Processed    51,000,000 records.  Elapsed time: 00:03:57s.  Time for last 1,000,000:    4s.  Last read position: LG00:149,218,434
INFO	2021-10-28 13:56:27	AddOrReplaceReadGroups	Processed    52,000,000 records.  Elapsed time: 00:04:01s.  Time for last 1,000,000:    4s.  Last read position: LG00:152,146,895
INFO	2021-10-28 13:56:31	AddOrReplaceReadGroups	Processed    53,000,000 records.  Elapsed time: 00:04:06s.  Time for last 1,000,000:    4s.  Last read position: LG00:152,580,692
INFO	2021-10-28 13:56:36	AddOrReplaceReadGroups	Processed    54,000,000 records.  Elapsed time: 00:04:11s.  Time for last 1,000,000:    4s.  Last read position: LG00:152,593,427
INFO	2021-10-28 13:56:40	AddOrReplaceReadGroups	Processed    55,000,000 records.  Elapsed time: 00:04:15s.  Time for last 1,000,000:    4s.  Last read position: LG00:155,158,388
INFO	2021-10-28 13:56:45	AddOrReplaceReadGroups	Processed    56,000,000 records.  Elapsed time: 00:04:20s.  Time for last 1,000,000:    4s.  Last read position: LG00:158,478,530
INFO	2021-10-28 13:56:50	AddOrReplaceReadGroups	Processed    57,000,000 records.  Elapsed time: 00:04:24s.  Time for last 1,000,000:    4s.  Last read position: LG00:161,627,987
INFO	2021-10-28 13:56:54	AddOrReplaceReadGroups	Processed    58,000,000 records.  Elapsed time: 00:04:29s.  Time for last 1,000,000:    4s.  Last read position: LG00:165,220,745
INFO	2021-10-28 13:56:59	AddOrReplaceReadGroups	Processed    59,000,000 records.  Elapsed time: 00:04:33s.  Time for last 1,000,000:    4s.  Last read position: LG00:166,616,764
INFO	2021-10-28 13:57:03	AddOrReplaceReadGroups	Processed    60,000,000 records.  Elapsed time: 00:04:38s.  Time for last 1,000,000:    4s.  Last read position: LG00:168,280,560
INFO	2021-10-28 13:57:08	AddOrReplaceReadGroups	Processed    61,000,000 records.  Elapsed time: 00:04:43s.  Time for last 1,000,000:    4s.  Last read position: LG00:169,896,022
INFO	2021-10-28 13:57:13	AddOrReplaceReadGroups	Processed    62,000,000 records.  Elapsed time: 00:04:47s.  Time for last 1,000,000:    4s.  Last read position: LG00:171,085,253
INFO	2021-10-28 13:57:17	AddOrReplaceReadGroups	Processed    63,000,000 records.  Elapsed time: 00:04:52s.  Time for last 1,000,000:    4s.  Last read position: LG00:172,956,989
INFO	2021-10-28 13:57:22	AddOrReplaceReadGroups	Processed    64,000,000 records.  Elapsed time: 00:04:56s.  Time for last 1,000,000:    4s.  Last read position: LG01:1,098,187
INFO	2021-10-28 13:57:26	AddOrReplaceReadGroups	Processed    65,000,000 records.  Elapsed time: 00:05:01s.  Time for last 1,000,000:    4s.  Last read position: LG01:3,376,235
INFO	2021-10-28 13:57:31	AddOrReplaceReadGroups	Processed    66,000,000 records.  Elapsed time: 00:05:06s.  Time for last 1,000,000:    4s.  Last read position: LG01:5,629,465
INFO	2021-10-28 13:57:36	AddOrReplaceReadGroups	Processed    67,000,000 records.  Elapsed time: 00:05:11s.  Time for last 1,000,000:    4s.  Last read position: LG01:7,772,181
INFO	2021-10-28 13:57:41	AddOrReplaceReadGroups	Processed    68,000,000 records.  Elapsed time: 00:05:15s.  Time for last 1,000,000:    4s.  Last read position: LG01:10,022,011
INFO	2021-10-28 13:57:45	AddOrReplaceReadGroups	Processed    69,000,000 records.  Elapsed time: 00:05:20s.  Time for last 1,000,000:    4s.  Last read position: LG01:12,527,416
INFO	2021-10-28 13:57:50	AddOrReplaceReadGroups	Processed    70,000,000 records.  Elapsed time: 00:05:25s.  Time for last 1,000,000:    4s.  Last read position: LG01:14,676,958
INFO	2021-10-28 13:57:54	AddOrReplaceReadGroups	Processed    71,000,000 records.  Elapsed time: 00:05:29s.  Time for last 1,000,000:    4s.  Last read position: LG01:16,955,336
INFO	2021-10-28 13:57:59	AddOrReplaceReadGroups	Processed    72,000,000 records.  Elapsed time: 00:05:34s.  Time for last 1,000,000:    4s.  Last read position: LG01:19,522,594
INFO	2021-10-28 13:58:04	AddOrReplaceReadGroups	Processed    73,000,000 records.  Elapsed time: 00:05:38s.  Time for last 1,000,000:    4s.  Last read position: LG01:21,916,635
INFO	2021-10-28 13:58:08	AddOrReplaceReadGroups	Processed    74,000,000 records.  Elapsed time: 00:05:43s.  Time for last 1,000,000:    4s.  Last read position: LG01:24,245,642
INFO	2021-10-28 13:58:13	AddOrReplaceReadGroups	Processed    75,000,000 records.  Elapsed time: 00:05:47s.  Time for last 1,000,000:    4s.  Last read position: LG01:26,273,736
INFO	2021-10-28 13:58:17	AddOrReplaceReadGroups	Processed    76,000,000 records.  Elapsed time: 00:05:52s.  Time for last 1,000,000:    4s.  Last read position: LG02:1,395,564
INFO	2021-10-28 13:58:22	AddOrReplaceReadGroups	Processed    77,000,000 records.  Elapsed time: 00:05:57s.  Time for last 1,000,000:    4s.  Last read position: LG02:3,526,672
INFO	2021-10-28 13:58:26	AddOrReplaceReadGroups	Processed    78,000,000 records.  Elapsed time: 00:06:01s.  Time for last 1,000,000:    4s.  Last read position: LG02:5,626,176
INFO	2021-10-28 13:58:31	AddOrReplaceReadGroups	Processed    79,000,000 records.  Elapsed time: 00:06:06s.  Time for last 1,000,000:    4s.  Last read position: LG02:7,784,527
INFO	2021-10-28 13:58:35	AddOrReplaceReadGroups	Processed    80,000,000 records.  Elapsed time: 00:06:10s.  Time for last 1,000,000:    4s.  Last read position: LG02:9,935,998
INFO	2021-10-28 13:58:40	AddOrReplaceReadGroups	Processed    81,000,000 records.  Elapsed time: 00:06:15s.  Time for last 1,000,000:    4s.  Last read position: LG02:12,186,481
INFO	2021-10-28 13:58:45	AddOrReplaceReadGroups	Processed    82,000,000 records.  Elapsed time: 00:06:19s.  Time for last 1,000,000:    4s.  Last read position: LG02:14,465,548
INFO	2021-10-28 13:58:49	AddOrReplaceReadGroups	Processed    83,000,000 records.  Elapsed time: 00:06:24s.  Time for last 1,000,000:    4s.  Last read position: LG02:16,558,894
INFO	2021-10-28 13:58:54	AddOrReplaceReadGroups	Processed    84,000,000 records.  Elapsed time: 00:06:29s.  Time for last 1,000,000:    4s.  Last read position: LG02:18,462,947
INFO	2021-10-28 13:58:58	AddOrReplaceReadGroups	Processed    85,000,000 records.  Elapsed time: 00:06:33s.  Time for last 1,000,000:    4s.  Last read position: LG03:1,648,198
INFO	2021-10-28 13:59:03	AddOrReplaceReadGroups	Processed    86,000,000 records.  Elapsed time: 00:06:38s.  Time for last 1,000,000:    4s.  Last read position: LG03:4,212,148
INFO	2021-10-28 13:59:08	AddOrReplaceReadGroups	Processed    87,000,000 records.  Elapsed time: 00:06:42s.  Time for last 1,000,000:    4s.  Last read position: LG03:6,734,014
INFO	2021-10-28 13:59:12	AddOrReplaceReadGroups	Processed    88,000,000 records.  Elapsed time: 00:06:47s.  Time for last 1,000,000:    4s.  Last read position: LG03:9,246,172
INFO	2021-10-28 13:59:17	AddOrReplaceReadGroups	Processed    89,000,000 records.  Elapsed time: 00:06:51s.  Time for last 1,000,000:    4s.  Last read position: LG03:11,576,368
INFO	2021-10-28 13:59:21	AddOrReplaceReadGroups	Processed    90,000,000 records.  Elapsed time: 00:06:56s.  Time for last 1,000,000:    4s.  Last read position: LG03:13,681,170
INFO	2021-10-28 13:59:26	AddOrReplaceReadGroups	Processed    91,000,000 records.  Elapsed time: 00:07:01s.  Time for last 1,000,000:    4s.  Last read position: LG03:15,647,020
INFO	2021-10-28 13:59:30	AddOrReplaceReadGroups	Processed    92,000,000 records.  Elapsed time: 00:07:05s.  Time for last 1,000,000:    4s.  Last read position: LG04:1,126,569
INFO	2021-10-28 13:59:35	AddOrReplaceReadGroups	Processed    93,000,000 records.  Elapsed time: 00:07:10s.  Time for last 1,000,000:    4s.  Last read position: LG04:3,287,560
INFO	2021-10-28 13:59:40	AddOrReplaceReadGroups	Processed    94,000,000 records.  Elapsed time: 00:07:14s.  Time for last 1,000,000:    4s.  Last read position: LG04:5,898,350
INFO	2021-10-28 13:59:44	AddOrReplaceReadGroups	Processed    95,000,000 records.  Elapsed time: 00:07:19s.  Time for last 1,000,000:    4s.  Last read position: LG04:8,041,240
INFO	2021-10-28 13:59:49	AddOrReplaceReadGroups	Processed    96,000,000 records.  Elapsed time: 00:07:23s.  Time for last 1,000,000:    4s.  Last read position: LG04:10,322,422
INFO	2021-10-28 13:59:53	AddOrReplaceReadGroups	Processed    97,000,000 records.  Elapsed time: 00:07:28s.  Time for last 1,000,000:    4s.  Last read position: LG04:12,733,738
INFO	2021-10-28 13:59:58	AddOrReplaceReadGroups	Processed    98,000,000 records.  Elapsed time: 00:07:32s.  Time for last 1,000,000:    4s.  Last read position: LG04:15,058,553
INFO	2021-10-28 14:00:02	AddOrReplaceReadGroups	Processed    99,000,000 records.  Elapsed time: 00:07:37s.  Time for last 1,000,000:    4s.  Last read position: LG05:1,593,852
INFO	2021-10-28 14:00:07	AddOrReplaceReadGroups	Processed   100,000,000 records.  Elapsed time: 00:07:42s.  Time for last 1,000,000:    4s.  Last read position: LG05:3,939,150
INFO	2021-10-28 14:00:12	AddOrReplaceReadGroups	Processed   101,000,000 records.  Elapsed time: 00:07:46s.  Time for last 1,000,000:    4s.  Last read position: LG05:6,177,539
INFO	2021-10-28 14:00:16	AddOrReplaceReadGroups	Processed   102,000,000 records.  Elapsed time: 00:07:51s.  Time for last 1,000,000:    4s.  Last read position: LG05:8,079,492
INFO	2021-10-28 14:00:21	AddOrReplaceReadGroups	Processed   103,000,000 records.  Elapsed time: 00:07:55s.  Time for last 1,000,000:    4s.  Last read position: LG05:10,273,243
INFO	2021-10-28 14:00:25	AddOrReplaceReadGroups	Processed   104,000,000 records.  Elapsed time: 00:08:00s.  Time for last 1,000,000:    4s.  Last read position: LG05:12,479,814
INFO	2021-10-28 14:00:30	AddOrReplaceReadGroups	Processed   105,000,000 records.  Elapsed time: 00:08:05s.  Time for last 1,000,000:    4s.  Last read position: LG05:14,871,470
INFO	2021-10-28 14:00:34	AddOrReplaceReadGroups	Processed   106,000,000 records.  Elapsed time: 00:08:09s.  Time for last 1,000,000:    4s.  Last read position: LG05:17,230,493
INFO	2021-10-28 14:00:39	AddOrReplaceReadGroups	Processed   107,000,000 records.  Elapsed time: 00:08:14s.  Time for last 1,000,000:    4s.  Last read position: LG05:19,519,163
INFO	2021-10-28 14:00:44	AddOrReplaceReadGroups	Processed   108,000,000 records.  Elapsed time: 00:08:18s.  Time for last 1,000,000:    4s.  Last read position: LG05:21,646,146
INFO	2021-10-28 14:00:48	AddOrReplaceReadGroups	Processed   109,000,000 records.  Elapsed time: 00:08:23s.  Time for last 1,000,000:    4s.  Last read position: LG06:1,687,374
INFO	2021-10-28 14:00:53	AddOrReplaceReadGroups	Processed   110,000,000 records.  Elapsed time: 00:08:27s.  Time for last 1,000,000:    4s.  Last read position: LG06:3,899,375
INFO	2021-10-28 14:00:57	AddOrReplaceReadGroups	Processed   111,000,000 records.  Elapsed time: 00:08:32s.  Time for last 1,000,000:    4s.  Last read position: LG06:6,199,210
INFO	2021-10-28 14:01:02	AddOrReplaceReadGroups	Processed   112,000,000 records.  Elapsed time: 00:08:37s.  Time for last 1,000,000:    4s.  Last read position: LG06:8,448,800
INFO	2021-10-28 14:01:06	AddOrReplaceReadGroups	Processed   113,000,000 records.  Elapsed time: 00:08:41s.  Time for last 1,000,000:    4s.  Last read position: LG06:10,991,944
INFO	2021-10-28 14:01:11	AddOrReplaceReadGroups	Processed   114,000,000 records.  Elapsed time: 00:08:46s.  Time for last 1,000,000:    4s.  Last read position: LG07:710,436
INFO	2021-10-28 14:01:16	AddOrReplaceReadGroups	Processed   115,000,000 records.  Elapsed time: 00:08:50s.  Time for last 1,000,000:    4s.  Last read position: LG07:2,758,887
INFO	2021-10-28 14:01:20	AddOrReplaceReadGroups	Processed   116,000,000 records.  Elapsed time: 00:08:55s.  Time for last 1,000,000:    4s.  Last read position: LG07:4,635,041
INFO	2021-10-28 14:01:25	AddOrReplaceReadGroups	Processed   117,000,000 records.  Elapsed time: 00:08:59s.  Time for last 1,000,000:    4s.  Last read position: LG07:7,034,835
INFO	2021-10-28 14:01:29	AddOrReplaceReadGroups	Processed   118,000,000 records.  Elapsed time: 00:09:04s.  Time for last 1,000,000:    4s.  Last read position: LG07:9,497,933
INFO	2021-10-28 14:01:34	AddOrReplaceReadGroups	Processed   119,000,000 records.  Elapsed time: 00:09:09s.  Time for last 1,000,000:    4s.  Last read position: LG07:12,134,812
INFO	2021-10-28 14:01:38	AddOrReplaceReadGroups	Processed   120,000,000 records.  Elapsed time: 00:09:13s.  Time for last 1,000,000:    4s.  Last read position: LG08:2,016,084
INFO	2021-10-28 14:01:43	AddOrReplaceReadGroups	Processed   121,000,000 records.  Elapsed time: 00:09:18s.  Time for last 1,000,000:    4s.  Last read position: LG08:4,157,623
INFO	2021-10-28 14:01:48	AddOrReplaceReadGroups	Processed   122,000,000 records.  Elapsed time: 00:09:23s.  Time for last 1,000,000:    4s.  Last read position: LG08:7,161,663
INFO	2021-10-28 14:01:52	AddOrReplaceReadGroups	Processed   123,000,000 records.  Elapsed time: 00:09:27s.  Time for last 1,000,000:    4s.  Last read position: LG08:9,599,712
INFO	2021-10-28 14:01:57	AddOrReplaceReadGroups	Processed   124,000,000 records.  Elapsed time: 00:09:32s.  Time for last 1,000,000:    4s.  Last read position: LG08:12,070,955
INFO	2021-10-28 14:02:02	AddOrReplaceReadGroups	Processed   125,000,000 records.  Elapsed time: 00:09:36s.  Time for last 1,000,000:    4s.  Last read position: LG08:14,443,147
INFO	2021-10-28 14:02:06	AddOrReplaceReadGroups	Processed   126,000,000 records.  Elapsed time: 00:09:41s.  Time for last 1,000,000:    4s.  Last read position: LG09:1,163,304
INFO	2021-10-28 14:02:11	AddOrReplaceReadGroups	Processed   127,000,000 records.  Elapsed time: 00:09:45s.  Time for last 1,000,000:    4s.  Last read position: LG09:2,656,529
INFO	2021-10-28 14:02:15	AddOrReplaceReadGroups	Processed   128,000,000 records.  Elapsed time: 00:09:50s.  Time for last 1,000,000:    4s.  Last read position: LG09:2,664,734
INFO	2021-10-28 14:02:20	AddOrReplaceReadGroups	Processed   129,000,000 records.  Elapsed time: 00:09:55s.  Time for last 1,000,000:    4s.  Last read position: LG09:3,085,288
INFO	2021-10-28 14:02:25	AddOrReplaceReadGroups	Processed   130,000,000 records.  Elapsed time: 00:09:59s.  Time for last 1,000,000:    4s.  Last read position: LG09:5,467,231
INFO	2021-10-28 14:02:29	AddOrReplaceReadGroups	Processed   131,000,000 records.  Elapsed time: 00:10:04s.  Time for last 1,000,000:    4s.  Last read position: LG09:8,070,897
INFO	2021-10-28 14:02:34	AddOrReplaceReadGroups	Processed   132,000,000 records.  Elapsed time: 00:10:08s.  Time for last 1,000,000:    4s.  Last read position: LG09:9,698,808
INFO	2021-10-28 14:02:38	AddOrReplaceReadGroups	Processed   133,000,000 records.  Elapsed time: 00:10:13s.  Time for last 1,000,000:    4s.  Last read position: LG09:11,879,233
INFO	2021-10-28 14:02:43	AddOrReplaceReadGroups	Processed   134,000,000 records.  Elapsed time: 00:10:18s.  Time for last 1,000,000:    4s.  Last read position: LG10:1,382,599
INFO	2021-10-28 14:02:47	AddOrReplaceReadGroups	Processed   135,000,000 records.  Elapsed time: 00:10:22s.  Time for last 1,000,000:    4s.  Last read position: LG10:3,541,422
INFO	2021-10-28 14:02:52	AddOrReplaceReadGroups	Processed   136,000,000 records.  Elapsed time: 00:10:27s.  Time for last 1,000,000:    4s.  Last read position: LG10:5,784,859
INFO	2021-10-28 14:02:57	AddOrReplaceReadGroups	Processed   137,000,000 records.  Elapsed time: 00:10:31s.  Time for last 1,000,000:    4s.  Last read position: LG10:7,883,067
INFO	2021-10-28 14:03:01	AddOrReplaceReadGroups	Processed   138,000,000 records.  Elapsed time: 00:10:36s.  Time for last 1,000,000:    4s.  Last read position: LG10:9,572,760
INFO	2021-10-28 14:03:06	AddOrReplaceReadGroups	Processed   139,000,000 records.  Elapsed time: 00:10:41s.  Time for last 1,000,000:    4s.  Last read position: LG10:11,908,381
INFO	2021-10-28 14:03:10	AddOrReplaceReadGroups	Processed   140,000,000 records.  Elapsed time: 00:10:45s.  Time for last 1,000,000:    4s.  Last read position: LG10:13,946,180
INFO	2021-10-28 14:03:15	AddOrReplaceReadGroups	Processed   141,000,000 records.  Elapsed time: 00:10:50s.  Time for last 1,000,000:    4s.  Last read position: LG10:16,111,468
INFO	2021-10-28 14:03:20	AddOrReplaceReadGroups	Processed   142,000,000 records.  Elapsed time: 00:10:54s.  Time for last 1,000,000:    4s.  Last read position: LG10:18,152,467
INFO	2021-10-28 14:03:24	AddOrReplaceReadGroups	Processed   143,000,000 records.  Elapsed time: 00:10:59s.  Time for last 1,000,000:    4s.  Last read position: LG10:20,441,588
INFO	2021-10-28 14:03:29	AddOrReplaceReadGroups	Processed   144,000,000 records.  Elapsed time: 00:11:04s.  Time for last 1,000,000:    4s.  Last read position: LG10:22,838,002
INFO	2021-10-28 14:03:33	AddOrReplaceReadGroups	Processed   145,000,000 records.  Elapsed time: 00:11:08s.  Time for last 1,000,000:    4s.  Last read position: LG10:25,225,437
INFO	2021-10-28 14:03:38	AddOrReplaceReadGroups	Processed   146,000,000 records.  Elapsed time: 00:11:13s.  Time for last 1,000,000:    4s.  Last read position: LG10:27,402,138
INFO	2021-10-28 14:03:43	AddOrReplaceReadGroups	Processed   147,000,000 records.  Elapsed time: 00:11:17s.  Time for last 1,000,000:    4s.  Last read position: LG11:807,576
INFO	2021-10-28 14:03:47	AddOrReplaceReadGroups	Processed   148,000,000 records.  Elapsed time: 00:11:22s.  Time for last 1,000,000:    4s.  Last read position: LG11:3,004,644
INFO	2021-10-28 14:03:52	AddOrReplaceReadGroups	Processed   149,000,000 records.  Elapsed time: 00:11:27s.  Time for last 1,000,000:    4s.  Last read position: LG11:6,444,963
INFO	2021-10-28 14:03:57	AddOrReplaceReadGroups	Processed   150,000,000 records.  Elapsed time: 00:11:31s.  Time for last 1,000,000:    4s.  Last read position: LG11:8,570,559
INFO	2021-10-28 14:04:01	AddOrReplaceReadGroups	Processed   151,000,000 records.  Elapsed time: 00:11:36s.  Time for last 1,000,000:    4s.  Last read position: LG11:10,741,627
INFO	2021-10-28 14:04:06	AddOrReplaceReadGroups	Processed   152,000,000 records.  Elapsed time: 00:11:40s.  Time for last 1,000,000:    4s.  Last read position: LG11:13,102,323
INFO	2021-10-28 14:04:10	AddOrReplaceReadGroups	Processed   153,000,000 records.  Elapsed time: 00:11:45s.  Time for last 1,000,000:    4s.  Last read position: LG11:15,241,407
INFO	2021-10-28 14:04:15	AddOrReplaceReadGroups	Processed   154,000,000 records.  Elapsed time: 00:11:49s.  Time for last 1,000,000:    4s.  Last read position: LG11:17,164,834
INFO	2021-10-28 14:04:19	AddOrReplaceReadGroups	Processed   155,000,000 records.  Elapsed time: 00:11:54s.  Time for last 1,000,000:    4s.  Last read position: LG11:19,435,879
INFO	2021-10-28 14:04:24	AddOrReplaceReadGroups	Processed   156,000,000 records.  Elapsed time: 00:11:59s.  Time for last 1,000,000:    4s.  Last read position: LG11:22,136,440
INFO	2021-10-28 14:04:28	AddOrReplaceReadGroups	Processed   157,000,000 records.  Elapsed time: 00:12:03s.  Time for last 1,000,000:    4s.  Last read position: LG11:24,818,871
INFO	2021-10-28 14:04:33	AddOrReplaceReadGroups	Processed   158,000,000 records.  Elapsed time: 00:12:08s.  Time for last 1,000,000:    4s.  Last read position: LG12:286,592
INFO	2021-10-28 14:04:38	AddOrReplaceReadGroups	Processed   159,000,000 records.  Elapsed time: 00:12:12s.  Time for last 1,000,000:    4s.  Last read position: LG12:2,647,204
INFO	2021-10-28 14:04:42	AddOrReplaceReadGroups	Processed   160,000,000 records.  Elapsed time: 00:12:17s.  Time for last 1,000,000:    4s.  Last read position: LG12:5,175,299
INFO	2021-10-28 14:04:47	AddOrReplaceReadGroups	Processed   161,000,000 records.  Elapsed time: 00:12:22s.  Time for last 1,000,000:    4s.  Last read position: LG12:7,441,411
INFO	2021-10-28 14:04:51	AddOrReplaceReadGroups	Processed   162,000,000 records.  Elapsed time: 00:12:26s.  Time for last 1,000,000:    4s.  Last read position: LG12:9,552,598
INFO	2021-10-28 14:04:56	AddOrReplaceReadGroups	Processed   163,000,000 records.  Elapsed time: 00:12:31s.  Time for last 1,000,000:    4s.  Last read position: LG12:11,965,512
INFO	2021-10-28 14:05:00	AddOrReplaceReadGroups	Processed   164,000,000 records.  Elapsed time: 00:12:35s.  Time for last 1,000,000:    4s.  Last read position: LG12:14,199,686
INFO	2021-10-28 14:05:05	AddOrReplaceReadGroups	Processed   165,000,000 records.  Elapsed time: 00:12:40s.  Time for last 1,000,000:    4s.  Last read position: LG13:1,734,837
INFO	2021-10-28 14:05:10	AddOrReplaceReadGroups	Processed   166,000,000 records.  Elapsed time: 00:12:44s.  Time for last 1,000,000:    4s.  Last read position: LG13:3,695,104
INFO	2021-10-28 14:05:14	AddOrReplaceReadGroups	Processed   167,000,000 records.  Elapsed time: 00:12:49s.  Time for last 1,000,000:    4s.  Last read position: LG13:5,710,721
INFO	2021-10-28 14:05:19	AddOrReplaceReadGroups	Processed   168,000,000 records.  Elapsed time: 00:12:53s.  Time for last 1,000,000:    4s.  Last read position: LG13:7,829,737
INFO	2021-10-28 14:05:23	AddOrReplaceReadGroups	Processed   169,000,000 records.  Elapsed time: 00:12:58s.  Time for last 1,000,000:    4s.  Last read position: LG13:9,909,947
INFO	2021-10-28 14:05:28	AddOrReplaceReadGroups	Processed   170,000,000 records.  Elapsed time: 00:13:02s.  Time for last 1,000,000:    4s.  Last read position: LG13:12,062,808
INFO	2021-10-28 14:05:32	AddOrReplaceReadGroups	Processed   171,000,000 records.  Elapsed time: 00:13:07s.  Time for last 1,000,000:    4s.  Last read position: LG13:14,295,840
INFO	2021-10-28 14:05:37	AddOrReplaceReadGroups	Processed   172,000,000 records.  Elapsed time: 00:13:12s.  Time for last 1,000,000:    4s.  Last read position: LG14:1,542,411
INFO	2021-10-28 14:05:41	AddOrReplaceReadGroups	Processed   173,000,000 records.  Elapsed time: 00:13:16s.  Time for last 1,000,000:    4s.  Last read position: LG14:3,759,391
INFO	2021-10-28 14:05:46	AddOrReplaceReadGroups	Processed   174,000,000 records.  Elapsed time: 00:13:21s.  Time for last 1,000,000:    4s.  Last read position: LG14:5,564,136
INFO	2021-10-28 14:05:50	AddOrReplaceReadGroups	Processed   175,000,000 records.  Elapsed time: 00:13:25s.  Time for last 1,000,000:    4s.  Last read position: LG14:7,797,841
INFO	2021-10-28 14:05:55	AddOrReplaceReadGroups	Processed   176,000,000 records.  Elapsed time: 00:13:30s.  Time for last 1,000,000:    4s.  Last read position: LG14:9,833,438
INFO	2021-10-28 14:06:00	AddOrReplaceReadGroups	Processed   177,000,000 records.  Elapsed time: 00:13:34s.  Time for last 1,000,000:    4s.  Last read position: LG14:12,039,340
INFO	2021-10-28 14:06:04	AddOrReplaceReadGroups	Processed   178,000,000 records.  Elapsed time: 00:13:39s.  Time for last 1,000,000:    4s.  Last read position: LG15:464,559
INFO	2021-10-28 14:06:09	AddOrReplaceReadGroups	Processed   179,000,000 records.  Elapsed time: 00:13:44s.  Time for last 1,000,000:    4s.  Last read position: LG15:2,450,396
INFO	2021-10-28 14:06:14	AddOrReplaceReadGroups	Processed   180,000,000 records.  Elapsed time: 00:13:48s.  Time for last 1,000,000:    4s.  Last read position: LG15:4,444,894
INFO	2021-10-28 14:06:18	AddOrReplaceReadGroups	Processed   181,000,000 records.  Elapsed time: 00:13:53s.  Time for last 1,000,000:    4s.  Last read position: LG15:6,494,230
INFO	2021-10-28 14:06:23	AddOrReplaceReadGroups	Processed   182,000,000 records.  Elapsed time: 00:13:58s.  Time for last 1,000,000:    5s.  Last read position: LG15:8,961,536
INFO	2021-10-28 14:06:28	AddOrReplaceReadGroups	Processed   183,000,000 records.  Elapsed time: 00:14:03s.  Time for last 1,000,000:    4s.  Last read position: LG15:11,049,794
INFO	2021-10-28 14:06:33	AddOrReplaceReadGroups	Processed   184,000,000 records.  Elapsed time: 00:14:08s.  Time for last 1,000,000:    5s.  Last read position: LG15:13,110,441
INFO	2021-10-28 14:06:38	AddOrReplaceReadGroups	Processed   185,000,000 records.  Elapsed time: 00:14:13s.  Time for last 1,000,000:    4s.  Last read position: LG15:15,233,104
INFO	2021-10-28 14:06:43	AddOrReplaceReadGroups	Processed   186,000,000 records.  Elapsed time: 00:14:17s.  Time for last 1,000,000:    4s.  Last read position: LG15:17,451,957
INFO	2021-10-28 14:06:48	AddOrReplaceReadGroups	Processed   187,000,000 records.  Elapsed time: 00:14:22s.  Time for last 1,000,000:    4s.  Last read position: LG16:1,333,443
INFO	2021-10-28 14:06:52	AddOrReplaceReadGroups	Processed   188,000,000 records.  Elapsed time: 00:14:27s.  Time for last 1,000,000:    4s.  Last read position: LG16:3,429,551
INFO	2021-10-28 14:06:57	AddOrReplaceReadGroups	Processed   189,000,000 records.  Elapsed time: 00:14:32s.  Time for last 1,000,000:    4s.  Last read position: LG16:5,930,881
INFO	2021-10-28 14:07:02	AddOrReplaceReadGroups	Processed   190,000,000 records.  Elapsed time: 00:14:37s.  Time for last 1,000,000:    5s.  Last read position: LG16:8,402,511
INFO	2021-10-28 14:07:07	AddOrReplaceReadGroups	Processed   191,000,000 records.  Elapsed time: 00:14:42s.  Time for last 1,000,000:    4s.  Last read position: LG16:10,650,028
INFO	2021-10-28 14:07:12	AddOrReplaceReadGroups	Processed   192,000,000 records.  Elapsed time: 00:14:46s.  Time for last 1,000,000:    4s.  Last read position: LG16:12,583,623
INFO	2021-10-28 14:07:16	AddOrReplaceReadGroups	Processed   193,000,000 records.  Elapsed time: 00:14:51s.  Time for last 1,000,000:    4s.  Last read position: LG16:14,588,655
INFO	2021-10-28 14:07:22	AddOrReplaceReadGroups	Processed   194,000,000 records.  Elapsed time: 00:14:56s.  Time for last 1,000,000:    5s.  Last read position: LG17:1,074,314
INFO	2021-10-28 14:07:27	AddOrReplaceReadGroups	Processed   195,000,000 records.  Elapsed time: 00:15:02s.  Time for last 1,000,000:    5s.  Last read position: LG17:2,863,490
INFO	2021-10-28 14:07:32	AddOrReplaceReadGroups	Processed   196,000,000 records.  Elapsed time: 00:15:07s.  Time for last 1,000,000:    5s.  Last read position: LG17:4,430,960
INFO	2021-10-28 14:07:38	AddOrReplaceReadGroups	Processed   197,000,000 records.  Elapsed time: 00:15:13s.  Time for last 1,000,000:    5s.  Last read position: LG17:6,453,494
INFO	2021-10-28 14:07:43	AddOrReplaceReadGroups	Processed   198,000,000 records.  Elapsed time: 00:15:18s.  Time for last 1,000,000:    4s.  Last read position: LG17:8,509,829
INFO	2021-10-28 14:07:47	AddOrReplaceReadGroups	Processed   199,000,000 records.  Elapsed time: 00:15:22s.  Time for last 1,000,000:    4s.  Last read position: LG17:10,681,742
INFO	2021-10-28 14:07:52	AddOrReplaceReadGroups	Processed   200,000,000 records.  Elapsed time: 00:15:27s.  Time for last 1,000,000:    4s.  Last read position: LG18:473,441
INFO	2021-10-28 14:07:57	AddOrReplaceReadGroups	Processed   201,000,000 records.  Elapsed time: 00:15:31s.  Time for last 1,000,000:    4s.  Last read position: LG18:2,988,891
INFO	2021-10-28 14:08:01	AddOrReplaceReadGroups	Processed   202,000,000 records.  Elapsed time: 00:15:36s.  Time for last 1,000,000:    4s.  Last read position: LG18:5,486,859
INFO	2021-10-28 14:08:06	AddOrReplaceReadGroups	Processed   203,000,000 records.  Elapsed time: 00:15:41s.  Time for last 1,000,000:    4s.  Last read position: LG18:7,801,124
INFO	2021-10-28 14:08:11	AddOrReplaceReadGroups	Processed   204,000,000 records.  Elapsed time: 00:15:45s.  Time for last 1,000,000:    4s.  Last read position: LG18:9,878,573
INFO	2021-10-28 14:08:15	AddOrReplaceReadGroups	Processed   205,000,000 records.  Elapsed time: 00:15:50s.  Time for last 1,000,000:    4s.  Last read position: LG18:11,926,689
INFO	2021-10-28 14:08:20	AddOrReplaceReadGroups	Processed   206,000,000 records.  Elapsed time: 00:15:54s.  Time for last 1,000,000:    4s.  Last read position: LG19:1,604,438
INFO	2021-10-28 14:08:24	AddOrReplaceReadGroups	Processed   207,000,000 records.  Elapsed time: 00:15:59s.  Time for last 1,000,000:    4s.  Last read position: LG19:3,770,189
INFO	2021-10-28 14:08:29	AddOrReplaceReadGroups	Processed   208,000,000 records.  Elapsed time: 00:16:04s.  Time for last 1,000,000:    4s.  Last read position: LG19:5,393,528
INFO	2021-10-28 14:08:34	AddOrReplaceReadGroups	Processed   209,000,000 records.  Elapsed time: 00:16:08s.  Time for last 1,000,000:    4s.  Last read position: LG19:7,418,867
INFO	2021-10-28 14:08:38	AddOrReplaceReadGroups	Processed   210,000,000 records.  Elapsed time: 00:16:13s.  Time for last 1,000,000:    4s.  Last read position: LG19:9,763,243
INFO	2021-10-28 14:08:43	AddOrReplaceReadGroups	Processed   211,000,000 records.  Elapsed time: 00:16:18s.  Time for last 1,000,000:    4s.  Last read position: LG19:11,877,175
INFO	2021-10-28 14:08:47	AddOrReplaceReadGroups	Processed   212,000,000 records.  Elapsed time: 00:16:22s.  Time for last 1,000,000:    4s.  Last read position: LG19:14,128,833
INFO	2021-10-28 14:08:52	AddOrReplaceReadGroups	Processed   213,000,000 records.  Elapsed time: 00:16:27s.  Time for last 1,000,000:    4s.  Last read position: LG20:1,017,126
INFO	2021-10-28 14:08:57	AddOrReplaceReadGroups	Processed   214,000,000 records.  Elapsed time: 00:16:31s.  Time for last 1,000,000:    4s.  Last read position: LG20:3,149,333
INFO	2021-10-28 14:09:01	AddOrReplaceReadGroups	Processed   215,000,000 records.  Elapsed time: 00:16:36s.  Time for last 1,000,000:    4s.  Last read position: LG20:5,423,982
INFO	2021-10-28 14:09:06	AddOrReplaceReadGroups	Processed   216,000,000 records.  Elapsed time: 00:16:41s.  Time for last 1,000,000:    4s.  Last read position: LG20:7,643,835
INFO	2021-10-28 14:09:11	AddOrReplaceReadGroups	Processed   217,000,000 records.  Elapsed time: 00:16:46s.  Time for last 1,000,000:    4s.  Last read position: LG20:9,798,927
INFO	2021-10-28 14:09:16	AddOrReplaceReadGroups	Processed   218,000,000 records.  Elapsed time: 00:16:50s.  Time for last 1,000,000:    4s.  Last read position: LG20:11,772,718
INFO	2021-10-28 14:09:20	AddOrReplaceReadGroups	Processed   219,000,000 records.  Elapsed time: 00:16:55s.  Time for last 1,000,000:    4s.  Last read position: LG21:1,361,921
INFO	2021-10-28 14:09:25	AddOrReplaceReadGroups	Processed   220,000,000 records.  Elapsed time: 00:16:59s.  Time for last 1,000,000:    4s.  Last read position: LG21:3,151,649
INFO	2021-10-28 14:09:29	AddOrReplaceReadGroups	Processed   221,000,000 records.  Elapsed time: 00:17:04s.  Time for last 1,000,000:    4s.  Last read position: LG21:5,394,228
INFO	2021-10-28 14:09:34	AddOrReplaceReadGroups	Processed   222,000,000 records.  Elapsed time: 00:17:08s.  Time for last 1,000,000:    4s.  Last read position: LG21:7,511,773
INFO	2021-10-28 14:09:38	AddOrReplaceReadGroups	Processed   223,000,000 records.  Elapsed time: 00:17:13s.  Time for last 1,000,000:    4s.  Last read position: LG21:9,423,566
INFO	2021-10-28 14:09:43	AddOrReplaceReadGroups	Processed   224,000,000 records.  Elapsed time: 00:17:18s.  Time for last 1,000,000:    4s.  Last read position: LG21:11,992,627
INFO	2021-10-28 14:09:47	AddOrReplaceReadGroups	Processed   225,000,000 records.  Elapsed time: 00:17:22s.  Time for last 1,000,000:    4s.  Last read position: LG21:14,166,109
INFO	2021-10-28 14:09:52	AddOrReplaceReadGroups	Processed   226,000,000 records.  Elapsed time: 00:17:27s.  Time for last 1,000,000:    4s.  Last read position: LG22:1,700,959
INFO	2021-10-28 14:09:56	AddOrReplaceReadGroups	Processed   227,000,000 records.  Elapsed time: 00:17:31s.  Time for last 1,000,000:    4s.  Last read position: LG22:4,039,094
INFO	2021-10-28 14:10:01	AddOrReplaceReadGroups	Processed   228,000,000 records.  Elapsed time: 00:17:36s.  Time for last 1,000,000:    4s.  Last read position: LG22:5,853,522
INFO	2021-10-28 14:10:05	AddOrReplaceReadGroups	Processed   229,000,000 records.  Elapsed time: 00:17:40s.  Time for last 1,000,000:    4s.  Last read position: LG22:7,950,720
INFO	2021-10-28 14:10:10	AddOrReplaceReadGroups	Processed   230,000,000 records.  Elapsed time: 00:17:45s.  Time for last 1,000,000:    4s.  Last read position: LG22:10,303,148
INFO	2021-10-28 14:10:14	AddOrReplaceReadGroups	Processed   231,000,000 records.  Elapsed time: 00:17:49s.  Time for last 1,000,000:    4s.  Last read position: LG23:614,305
INFO	2021-10-28 14:10:19	AddOrReplaceReadGroups	Processed   232,000,000 records.  Elapsed time: 00:17:53s.  Time for last 1,000,000:    4s.  Last read position: LG23:2,665,090
INFO	2021-10-28 14:10:23	AddOrReplaceReadGroups	Processed   233,000,000 records.  Elapsed time: 00:17:58s.  Time for last 1,000,000:    4s.  Last read position: LG23:4,737,701
INFO	2021-10-28 14:10:28	AddOrReplaceReadGroups	Processed   234,000,000 records.  Elapsed time: 00:18:02s.  Time for last 1,000,000:    4s.  Last read position: LG23:6,716,520
INFO	2021-10-28 14:10:32	AddOrReplaceReadGroups	Processed   235,000,000 records.  Elapsed time: 00:18:07s.  Time for last 1,000,000:    4s.  Last read position: LG23:8,345,535
INFO	2021-10-28 14:10:37	AddOrReplaceReadGroups	Processed   236,000,000 records.  Elapsed time: 00:18:11s.  Time for last 1,000,000:    4s.  Last read position: LG23:10,505,417
INFO	2021-10-28 14:10:41	AddOrReplaceReadGroups	Processed   237,000,000 records.  Elapsed time: 00:18:16s.  Time for last 1,000,000:    4s.  Last read position: LG23:12,495,529
INFO	2021-10-28 14:10:46	AddOrReplaceReadGroups	Processed   238,000,000 records.  Elapsed time: 00:18:20s.  Time for last 1,000,000:    4s.  Last read position: LG23:14,606,544
INFO	2021-10-28 14:10:50	AddOrReplaceReadGroups	Processed   239,000,000 records.  Elapsed time: 00:18:25s.  Time for last 1,000,000:    4s.  Last read position: LG24:161,092
INFO	2021-10-28 14:10:54	AddOrReplaceReadGroups	Processed   240,000,000 records.  Elapsed time: 00:18:29s.  Time for last 1,000,000:    4s.  Last read position: LG24:2,378,718
INFO	2021-10-28 14:10:59	AddOrReplaceReadGroups	Processed   241,000,000 records.  Elapsed time: 00:18:34s.  Time for last 1,000,000:    4s.  Last read position: LG24:4,596,192
INFO	2021-10-28 14:11:03	AddOrReplaceReadGroups	Processed   242,000,000 records.  Elapsed time: 00:18:38s.  Time for last 1,000,000:    4s.  Last read position: LG24:6,687,316
INFO	2021-10-28 14:11:08	AddOrReplaceReadGroups	Processed   243,000,000 records.  Elapsed time: 00:18:43s.  Time for last 1,000,000:    4s.  Last read position: LG24:9,022,725
INFO	2021-10-28 14:11:12	AddOrReplaceReadGroups	Processed   244,000,000 records.  Elapsed time: 00:18:47s.  Time for last 1,000,000:    4s.  Last read position: LG24:11,858,966
INFO	2021-10-28 14:11:17	AddOrReplaceReadGroups	Processed   245,000,000 records.  Elapsed time: 00:18:52s.  Time for last 1,000,000:    4s.  Last read position: LG25:396,971
INFO	2021-10-28 14:11:21	AddOrReplaceReadGroups	Processed   246,000,000 records.  Elapsed time: 00:18:56s.  Time for last 1,000,000:    4s.  Last read position: LG25:2,466,741
INFO	2021-10-28 14:11:26	AddOrReplaceReadGroups	Processed   247,000,000 records.  Elapsed time: 00:19:01s.  Time for last 1,000,000:    4s.  Last read position: LG25:4,736,333
INFO	2021-10-28 14:11:30	AddOrReplaceReadGroups	Processed   248,000,000 records.  Elapsed time: 00:19:05s.  Time for last 1,000,000:    4s.  Last read position: LG25:7,153,025
INFO	2021-10-28 14:11:35	AddOrReplaceReadGroups	Processed   249,000,000 records.  Elapsed time: 00:19:09s.  Time for last 1,000,000:    4s.  Last read position: LG25:9,651,626
INFO	2021-10-28 14:11:39	AddOrReplaceReadGroups	Processed   250,000,000 records.  Elapsed time: 00:19:14s.  Time for last 1,000,000:    4s.  Last read position: LG25:11,693,608
INFO	2021-10-28 14:11:44	AddOrReplaceReadGroups	Processed   251,000,000 records.  Elapsed time: 00:19:18s.  Time for last 1,000,000:    4s.  Last read position: LG25:13,828,249
INFO	2021-10-28 14:11:48	AddOrReplaceReadGroups	Processed   252,000,000 records.  Elapsed time: 00:19:23s.  Time for last 1,000,000:    4s.  Last read position: LG26:2,308,463
INFO	2021-10-28 14:11:53	AddOrReplaceReadGroups	Processed   253,000,000 records.  Elapsed time: 00:19:27s.  Time for last 1,000,000:    4s.  Last read position: LG26:4,288,096
INFO	2021-10-28 14:11:57	AddOrReplaceReadGroups	Processed   254,000,000 records.  Elapsed time: 00:19:32s.  Time for last 1,000,000:    4s.  Last read position: LG26:5,945,905
INFO	2021-10-28 14:12:02	AddOrReplaceReadGroups	Processed   255,000,000 records.  Elapsed time: 00:19:36s.  Time for last 1,000,000:    4s.  Last read position: LG26:8,326,714
INFO	2021-10-28 14:12:06	AddOrReplaceReadGroups	Processed   256,000,000 records.  Elapsed time: 00:19:41s.  Time for last 1,000,000:    4s.  Last read position: LG26:10,715,867
INFO	2021-10-28 14:12:10	AddOrReplaceReadGroups	Processed   257,000,000 records.  Elapsed time: 00:19:45s.  Time for last 1,000,000:    4s.  Last read position: LG26:13,006,657
INFO	2021-10-28 14:12:15	AddOrReplaceReadGroups	Processed   258,000,000 records.  Elapsed time: 00:19:50s.  Time for last 1,000,000:    4s.  Last read position: LG27:1,607,649
INFO	2021-10-28 14:12:19	AddOrReplaceReadGroups	Processed   259,000,000 records.  Elapsed time: 00:19:54s.  Time for last 1,000,000:    4s.  Last read position: LG27:4,083,761
INFO	2021-10-28 14:12:24	AddOrReplaceReadGroups	Processed   260,000,000 records.  Elapsed time: 00:19:59s.  Time for last 1,000,000:    4s.  Last read position: LG27:6,395,761
INFO	2021-10-28 14:12:29	AddOrReplaceReadGroups	Processed   261,000,000 records.  Elapsed time: 00:20:03s.  Time for last 1,000,000:    4s.  Last read position: LG27:8,137,104
INFO	2021-10-28 14:12:33	AddOrReplaceReadGroups	Processed   262,000,000 records.  Elapsed time: 00:20:08s.  Time for last 1,000,000:    4s.  Last read position: LG27:10,511,139
INFO	2021-10-28 14:12:38	AddOrReplaceReadGroups	Processed   263,000,000 records.  Elapsed time: 00:20:12s.  Time for last 1,000,000:    4s.  Last read position: LG28:629,477
INFO	2021-10-28 14:12:42	AddOrReplaceReadGroups	Processed   264,000,000 records.  Elapsed time: 00:20:17s.  Time for last 1,000,000:    4s.  Last read position: LG28:2,728,716
INFO	2021-10-28 14:12:46	AddOrReplaceReadGroups	Processed   265,000,000 records.  Elapsed time: 00:20:21s.  Time for last 1,000,000:    4s.  Last read position: LG28:5,058,224
INFO	2021-10-28 14:12:51	AddOrReplaceReadGroups	Processed   266,000,000 records.  Elapsed time: 00:20:26s.  Time for last 1,000,000:    4s.  Last read position: LG28:7,335,322
INFO	2021-10-28 14:12:55	AddOrReplaceReadGroups	Processed   267,000,000 records.  Elapsed time: 00:20:30s.  Time for last 1,000,000:    4s.  Last read position: LG28:9,613,370
INFO	2021-10-28 14:13:00	AddOrReplaceReadGroups	Processed   268,000,000 records.  Elapsed time: 00:20:34s.  Time for last 1,000,000:    4s.  Last read position: LG28:11,690,523
INFO	2021-10-28 14:13:04	AddOrReplaceReadGroups	Processed   269,000,000 records.  Elapsed time: 00:20:39s.  Time for last 1,000,000:    4s.  Last read position: LG29:1,802,617
INFO	2021-10-28 14:13:08	AddOrReplaceReadGroups	Processed   270,000,000 records.  Elapsed time: 00:20:43s.  Time for last 1,000,000:    4s.  Last read position: LG29:3,923,346
INFO	2021-10-28 14:13:13	AddOrReplaceReadGroups	Processed   271,000,000 records.  Elapsed time: 00:20:47s.  Time for last 1,000,000:    4s.  Last read position: LG30:1,145,491
INFO	2021-10-28 14:13:17	AddOrReplaceReadGroups	Processed   272,000,000 records.  Elapsed time: 00:20:52s.  Time for last 1,000,000:    4s.  Last read position: LG30:3,187,953
INFO	2021-10-28 14:13:21	AddOrReplaceReadGroups	Processed   273,000,000 records.  Elapsed time: 00:20:56s.  Time for last 1,000,000:    4s.  Last read position: LG30:5,681,723
INFO	2021-10-28 14:13:26	AddOrReplaceReadGroups	Processed   274,000,000 records.  Elapsed time: 00:21:01s.  Time for last 1,000,000:    4s.  Last read position: LG30:8,203,878
INFO	2021-10-28 14:13:30	AddOrReplaceReadGroups	Processed   275,000,000 records.  Elapsed time: 00:21:05s.  Time for last 1,000,000:    4s.  Last read position: UNPIN3877:8,345
INFO	2021-10-28 14:13:34	AddOrReplaceReadGroups	Processed   276,000,000 records.  Elapsed time: 00:21:09s.  Time for last 1,000,000:    4s.  Last read position: UNPIN3877:24,748
INFO	2021-10-28 14:13:38	AddOrReplaceReadGroups	Processed   277,000,000 records.  Elapsed time: 00:21:13s.  Time for last 1,000,000:    4s.  Last read position: UNPIN3877:41,696
INFO	2021-10-28 14:13:43	AddOrReplaceReadGroups	Processed   278,000,000 records.  Elapsed time: 00:21:17s.  Time for last 1,000,000:    4s.  Last read position: UNPIN3877:59,833
INFO	2021-10-28 14:13:47	AddOrReplaceReadGroups	Processed   279,000,000 records.  Elapsed time: 00:21:22s.  Time for last 1,000,000:    4s.  Last read position: UNPIN3877:76,562
INFO	2021-10-28 14:13:51	AddOrReplaceReadGroups	Processed   280,000,000 records.  Elapsed time: 00:21:26s.  Time for last 1,000,000:    4s.  Last read position: UNPIN3877:93,517
INFO	2021-10-28 14:13:55	AddOrReplaceReadGroups	Processed   281,000,000 records.  Elapsed time: 00:21:30s.  Time for last 1,000,000:    4s.  Last read position: UNPIN3877:109,935
INFO	2021-10-28 14:14:00	AddOrReplaceReadGroups	Processed   282,000,000 records.  Elapsed time: 00:21:34s.  Time for last 1,000,000:    4s.  Last read position: UNPIN3877:126,936
INFO	2021-10-28 14:14:04	AddOrReplaceReadGroups	Processed   283,000,000 records.  Elapsed time: 00:21:39s.  Time for last 1,000,000:    4s.  Last read position: UNPIN3878:24,351
INFO	2021-10-28 14:14:08	AddOrReplaceReadGroups	Processed   284,000,000 records.  Elapsed time: 00:21:42s.  Time for last 1,000,000:    3s.  Last read position: */*
INFO	2021-10-28 14:14:11	AddOrReplaceReadGroups	Processed   285,000,000 records.  Elapsed time: 00:21:46s.  Time for last 1,000,000:    3s.  Last read position: */*
INFO	2021-10-28 14:14:15	AddOrReplaceReadGroups	Processed   286,000,000 records.  Elapsed time: 00:21:49s.  Time for last 1,000,000:    3s.  Last read position: */*
INFO	2021-10-28 14:14:18	AddOrReplaceReadGroups	Processed   287,000,000 records.  Elapsed time: 00:21:53s.  Time for last 1,000,000:    3s.  Last read position: */*
INFO	2021-10-28 14:14:22	AddOrReplaceReadGroups	Processed   288,000,000 records.  Elapsed time: 00:21:56s.  Time for last 1,000,000:    3s.  Last read position: */*
INFO	2021-10-28 14:14:25	AddOrReplaceReadGroups	Processed   289,000,000 records.  Elapsed time: 00:22:00s.  Time for last 1,000,000:    3s.  Last read position: */*
INFO	2021-10-28 14:14:29	AddOrReplaceReadGroups	Processed   290,000,000 records.  Elapsed time: 00:22:03s.  Time for last 1,000,000:    3s.  Last read position: */*
INFO	2021-10-28 14:14:32	AddOrReplaceReadGroups	Processed   291,000,000 records.  Elapsed time: 00:22:07s.  Time for last 1,000,000:    3s.  Last read position: */*
INFO	2021-10-28 14:14:35	AddOrReplaceReadGroups	Processed   292,000,000 records.  Elapsed time: 00:22:10s.  Time for last 1,000,000:    3s.  Last read position: */*
INFO	2021-10-28 14:14:39	AddOrReplaceReadGroups	Processed   293,000,000 records.  Elapsed time: 00:22:13s.  Time for last 1,000,000:    3s.  Last read position: */*
INFO	2021-10-28 14:14:42	AddOrReplaceReadGroups	Processed   294,000,000 records.  Elapsed time: 00:22:17s.  Time for last 1,000,000:    3s.  Last read position: */*
INFO	2021-10-28 14:14:46	AddOrReplaceReadGroups	Processed   295,000,000 records.  Elapsed time: 00:22:20s.  Time for last 1,000,000:    3s.  Last read position: */*
INFO	2021-10-28 14:14:49	AddOrReplaceReadGroups	Processed   296,000,000 records.  Elapsed time: 00:22:24s.  Time for last 1,000,000:    3s.  Last read position: */*
INFO	2021-10-28 14:14:52	AddOrReplaceReadGroups	Processed   297,000,000 records.  Elapsed time: 00:22:27s.  Time for last 1,000,000:    3s.  Last read position: */*
INFO	2021-10-28 14:14:56	AddOrReplaceReadGroups	Processed   298,000,000 records.  Elapsed time: 00:22:31s.  Time for last 1,000,000:    3s.  Last read position: */*
INFO	2021-10-28 14:14:59	AddOrReplaceReadGroups	Processed   299,000,000 records.  Elapsed time: 00:22:34s.  Time for last 1,000,000:    3s.  Last read position: */*
INFO	2021-10-28 14:15:03	AddOrReplaceReadGroups	Processed   300,000,000 records.  Elapsed time: 00:22:37s.  Time for last 1,000,000:    3s.  Last read position: */*
INFO	2021-10-28 14:15:06	AddOrReplaceReadGroups	Processed   301,000,000 records.  Elapsed time: 00:22:41s.  Time for last 1,000,000:    3s.  Last read position: */*
INFO	2021-10-28 14:15:10	AddOrReplaceReadGroups	Processed   302,000,000 records.  Elapsed time: 00:22:44s.  Time for last 1,000,000:    3s.  Last read position: */*
INFO	2021-10-28 14:15:13	AddOrReplaceReadGroups	Processed   303,000,000 records.  Elapsed time: 00:22:48s.  Time for last 1,000,000:    3s.  Last read position: */*
INFO	2021-10-28 14:15:17	AddOrReplaceReadGroups	Processed   304,000,000 records.  Elapsed time: 00:22:51s.  Time for last 1,000,000:    3s.  Last read position: */*
INFO	2021-10-28 14:15:20	AddOrReplaceReadGroups	Processed   305,000,000 records.  Elapsed time: 00:22:55s.  Time for last 1,000,000:    3s.  Last read position: */*
INFO	2021-10-28 14:15:24	AddOrReplaceReadGroups	Processed   306,000,000 records.  Elapsed time: 00:22:58s.  Time for last 1,000,000:    3s.  Last read position: */*
INFO	2021-10-28 14:15:27	AddOrReplaceReadGroups	Processed   307,000,000 records.  Elapsed time: 00:23:02s.  Time for last 1,000,000:    3s.  Last read position: */*
INFO	2021-10-28 14:15:30	AddOrReplaceReadGroups	Processed   308,000,000 records.  Elapsed time: 00:23:05s.  Time for last 1,000,000:    3s.  Last read position: */*
INFO	2021-10-28 14:15:34	AddOrReplaceReadGroups	Processed   309,000,000 records.  Elapsed time: 00:23:09s.  Time for last 1,000,000:    3s.  Last read position: */*
INFO	2021-10-28 14:15:37	AddOrReplaceReadGroups	Processed   310,000,000 records.  Elapsed time: 00:23:12s.  Time for last 1,000,000:    3s.  Last read position: */*
INFO	2021-10-28 14:15:41	AddOrReplaceReadGroups	Processed   311,000,000 records.  Elapsed time: 00:23:15s.  Time for last 1,000,000:    3s.  Last read position: */*
[Thu Oct 28 14:15:43 PDT 2021] picard.sam.AddOrReplaceReadGroups done. Elapsed time: 23.31 minutes.
Runtime.totalMemory()=2404909056
Tool returned:
0
