==========================================
SLURM_JOB_ID = 2293213
SLURM_JOB_NODELIST = b08-08
TMPDIR = /tmp/SLURM_2293213
==========================================
Running Sample ID SRR12223733_SRP271933_Undaria_pinnatifida_individual_15_2017-01-09_INTRO_NZ_Well2017_1_New_Zealand with options  --RGID CALETANXX.2 --RGLB SRR12223733 --RGPL ILLUMINA --RGPU CALETANXX.2.SRR12223733 --RGSM INTRO_NZ_Well2017_1_New_Zealand 
Using GATK jar /home1/mharden/.conda/envs/gatk4/share/gatk4-4.2.2.0-1/gatk-package-4.2.2.0-local.jar
Running:
    java -Dsamjdk.use_async_io_read_samtools=false -Dsamjdk.use_async_io_write_samtools=true -Dsamjdk.use_async_io_write_tribble=false -Dsamjdk.compression_level=2 -jar /home1/mharden/.conda/envs/gatk4/share/gatk4-4.2.2.0-1/gatk-package-4.2.2.0-local.jar AddOrReplaceReadGroups -I SRR12223733_SRP271933_Undaria_pinnatifida_individual_15_2017-01-09_INTRO_NZ_Well2017_1_New_Zealand.sorted.bam -O SRR12223733_SRP271933_Undaria_pinnatifida_individual_15_2017-01-09_INTRO_NZ_Well2017_1_New_Zealand.RG.sorted.bam --RGID CALETANXX.2 --RGLB SRR12223733 --RGPL ILLUMINA --RGPU CALETANXX.2.SRR12223733 --RGSM INTRO_NZ_Well2017_1_New_Zealand
22:31:32.063 INFO  NativeLibraryLoader - Loading libgkl_compression.so from jar:file:/home1/mharden/.conda/envs/gatk4/share/gatk4-4.2.2.0-1/gatk-package-4.2.2.0-local.jar!/com/intel/gkl/native/libgkl_compression.so
[Mon Oct 25 22:31:32 PDT 2021] AddOrReplaceReadGroups --INPUT SRR12223733_SRP271933_Undaria_pinnatifida_individual_15_2017-01-09_INTRO_NZ_Well2017_1_New_Zealand.sorted.bam --OUTPUT SRR12223733_SRP271933_Undaria_pinnatifida_individual_15_2017-01-09_INTRO_NZ_Well2017_1_New_Zealand.RG.sorted.bam --RGID CALETANXX.2 --RGLB SRR12223733 --RGPL ILLUMINA --RGPU CALETANXX.2.SRR12223733 --RGSM INTRO_NZ_Well2017_1_New_Zealand --VERBOSITY INFO --QUIET false --VALIDATION_STRINGENCY STRICT --COMPRESSION_LEVEL 2 --MAX_RECORDS_IN_RAM 500000 --CREATE_INDEX false --CREATE_MD5_FILE false --GA4GH_CLIENT_SECRETS client_secrets.json --help false --version false --showHidden false --USE_JDK_DEFLATER false --USE_JDK_INFLATER false
Oct 25, 2021 10:31:32 PM shaded.cloud_nio.com.google.auth.oauth2.ComputeEngineCredentials runningOnComputeEngine
INFO: Failed to detect whether we are running on Google Compute Engine.
[Mon Oct 25 22:31:32 PDT 2021] Executing as mharden@b08-08.hpc.usc.edu on Linux 3.10.0-1062.4.1.el7.x86_64 amd64; OpenJDK 64-Bit Server VM 1.8.0_302-b08; Deflater: Intel; Inflater: Intel; Provider GCS is available; Picard version: Version:4.2.2.0
INFO	2021-10-25 22:31:32	AddOrReplaceReadGroups	Created read-group ID=CALETANXX.2 PL=ILLUMINA LB=SRR12223733 SM=INTRO_NZ_Well2017_1_New_Zealand

INFO	2021-10-25 22:31:42	AddOrReplaceReadGroups	Processed     1,000,000 records.  Elapsed time: 00:00:09s.  Time for last 1,000,000:    9s.  Last read position: LG00:5,207,919
INFO	2021-10-25 22:31:51	AddOrReplaceReadGroups	Processed     2,000,000 records.  Elapsed time: 00:00:18s.  Time for last 1,000,000:    8s.  Last read position: LG00:8,937,773
INFO	2021-10-25 22:31:59	AddOrReplaceReadGroups	Processed     3,000,000 records.  Elapsed time: 00:00:27s.  Time for last 1,000,000:    8s.  Last read position: LG00:13,748,702
INFO	2021-10-25 22:32:08	AddOrReplaceReadGroups	Processed     4,000,000 records.  Elapsed time: 00:00:35s.  Time for last 1,000,000:    8s.  Last read position: LG00:18,295,730
INFO	2021-10-25 22:32:16	AddOrReplaceReadGroups	Processed     5,000,000 records.  Elapsed time: 00:00:43s.  Time for last 1,000,000:    8s.  Last read position: LG00:23,622,209
INFO	2021-10-25 22:32:24	AddOrReplaceReadGroups	Processed     6,000,000 records.  Elapsed time: 00:00:51s.  Time for last 1,000,000:    8s.  Last read position: LG00:27,888,949
INFO	2021-10-25 22:32:32	AddOrReplaceReadGroups	Processed     7,000,000 records.  Elapsed time: 00:00:59s.  Time for last 1,000,000:    8s.  Last read position: LG00:33,131,449
INFO	2021-10-25 22:32:40	AddOrReplaceReadGroups	Processed     8,000,000 records.  Elapsed time: 00:01:08s.  Time for last 1,000,000:    8s.  Last read position: LG00:37,888,906
INFO	2021-10-25 22:32:48	AddOrReplaceReadGroups	Processed     9,000,000 records.  Elapsed time: 00:01:16s.  Time for last 1,000,000:    8s.  Last read position: LG00:43,471,732
INFO	2021-10-25 22:32:56	AddOrReplaceReadGroups	Processed    10,000,000 records.  Elapsed time: 00:01:24s.  Time for last 1,000,000:    8s.  Last read position: LG00:48,925,121
INFO	2021-10-25 22:33:04	AddOrReplaceReadGroups	Processed    11,000,000 records.  Elapsed time: 00:01:32s.  Time for last 1,000,000:    7s.  Last read position: LG00:54,016,500
INFO	2021-10-25 22:33:13	AddOrReplaceReadGroups	Processed    12,000,000 records.  Elapsed time: 00:01:40s.  Time for last 1,000,000:    8s.  Last read position: LG00:59,739,129
INFO	2021-10-25 22:33:21	AddOrReplaceReadGroups	Processed    13,000,000 records.  Elapsed time: 00:01:48s.  Time for last 1,000,000:    8s.  Last read position: LG00:65,463,541
INFO	2021-10-25 22:33:29	AddOrReplaceReadGroups	Processed    14,000,000 records.  Elapsed time: 00:01:56s.  Time for last 1,000,000:    7s.  Last read position: LG00:71,478,715
INFO	2021-10-25 22:33:37	AddOrReplaceReadGroups	Processed    15,000,000 records.  Elapsed time: 00:02:04s.  Time for last 1,000,000:    8s.  Last read position: LG00:77,363,940
INFO	2021-10-25 22:33:45	AddOrReplaceReadGroups	Processed    16,000,000 records.  Elapsed time: 00:02:12s.  Time for last 1,000,000:    8s.  Last read position: LG00:82,982,854
INFO	2021-10-25 22:33:53	AddOrReplaceReadGroups	Processed    17,000,000 records.  Elapsed time: 00:02:20s.  Time for last 1,000,000:    7s.  Last read position: LG00:89,036,453
INFO	2021-10-25 22:34:01	AddOrReplaceReadGroups	Processed    18,000,000 records.  Elapsed time: 00:02:28s.  Time for last 1,000,000:    8s.  Last read position: LG00:95,175,324
INFO	2021-10-25 22:34:09	AddOrReplaceReadGroups	Processed    19,000,000 records.  Elapsed time: 00:02:36s.  Time for last 1,000,000:    7s.  Last read position: LG00:101,586,374
INFO	2021-10-25 22:34:16	AddOrReplaceReadGroups	Processed    20,000,000 records.  Elapsed time: 00:02:44s.  Time for last 1,000,000:    7s.  Last read position: LG00:108,454,502
INFO	2021-10-25 22:34:24	AddOrReplaceReadGroups	Processed    21,000,000 records.  Elapsed time: 00:02:51s.  Time for last 1,000,000:    7s.  Last read position: LG00:114,909,769
INFO	2021-10-25 22:34:31	AddOrReplaceReadGroups	Processed    22,000,000 records.  Elapsed time: 00:02:59s.  Time for last 1,000,000:    7s.  Last read position: LG00:120,876,109
INFO	2021-10-25 22:34:39	AddOrReplaceReadGroups	Processed    23,000,000 records.  Elapsed time: 00:03:06s.  Time for last 1,000,000:    7s.  Last read position: LG00:127,475,663
INFO	2021-10-25 22:34:47	AddOrReplaceReadGroups	Processed    24,000,000 records.  Elapsed time: 00:03:14s.  Time for last 1,000,000:    7s.  Last read position: LG00:133,427,816
INFO	2021-10-25 22:34:54	AddOrReplaceReadGroups	Processed    25,000,000 records.  Elapsed time: 00:03:22s.  Time for last 1,000,000:    7s.  Last read position: LG00:139,316,245
INFO	2021-10-25 22:35:02	AddOrReplaceReadGroups	Processed    26,000,000 records.  Elapsed time: 00:03:30s.  Time for last 1,000,000:    7s.  Last read position: LG00:145,771,424
INFO	2021-10-25 22:35:09	AddOrReplaceReadGroups	Processed    27,000,000 records.  Elapsed time: 00:03:37s.  Time for last 1,000,000:    7s.  Last read position: LG00:152,240,454
INFO	2021-10-25 22:35:17	AddOrReplaceReadGroups	Processed    28,000,000 records.  Elapsed time: 00:03:44s.  Time for last 1,000,000:    7s.  Last read position: LG00:152,583,975
INFO	2021-10-25 22:35:24	AddOrReplaceReadGroups	Processed    29,000,000 records.  Elapsed time: 00:03:52s.  Time for last 1,000,000:    7s.  Last read position: LG00:156,670,446
INFO	2021-10-25 22:35:32	AddOrReplaceReadGroups	Processed    30,000,000 records.  Elapsed time: 00:03:59s.  Time for last 1,000,000:    7s.  Last read position: LG00:163,348,963
INFO	2021-10-25 22:35:39	AddOrReplaceReadGroups	Processed    31,000,000 records.  Elapsed time: 00:04:07s.  Time for last 1,000,000:    7s.  Last read position: LG00:168,228,404
INFO	2021-10-25 22:35:47	AddOrReplaceReadGroups	Processed    32,000,000 records.  Elapsed time: 00:04:14s.  Time for last 1,000,000:    7s.  Last read position: LG00:170,978,244
INFO	2021-10-25 22:35:54	AddOrReplaceReadGroups	Processed    33,000,000 records.  Elapsed time: 00:04:22s.  Time for last 1,000,000:    7s.  Last read position: LG01:778,160
INFO	2021-10-25 22:36:01	AddOrReplaceReadGroups	Processed    34,000,000 records.  Elapsed time: 00:04:29s.  Time for last 1,000,000:    7s.  Last read position: LG01:5,026,870
INFO	2021-10-25 22:36:09	AddOrReplaceReadGroups	Processed    35,000,000 records.  Elapsed time: 00:04:36s.  Time for last 1,000,000:    7s.  Last read position: LG01:8,877,427
INFO	2021-10-25 22:36:16	AddOrReplaceReadGroups	Processed    36,000,000 records.  Elapsed time: 00:04:43s.  Time for last 1,000,000:    7s.  Last read position: LG01:13,716,251
INFO	2021-10-25 22:36:23	AddOrReplaceReadGroups	Processed    37,000,000 records.  Elapsed time: 00:04:51s.  Time for last 1,000,000:    7s.  Last read position: LG01:18,094,456
INFO	2021-10-25 22:36:30	AddOrReplaceReadGroups	Processed    38,000,000 records.  Elapsed time: 00:04:58s.  Time for last 1,000,000:    7s.  Last read position: LG01:22,878,816
INFO	2021-10-25 22:36:38	AddOrReplaceReadGroups	Processed    39,000,000 records.  Elapsed time: 00:05:05s.  Time for last 1,000,000:    7s.  Last read position: LG01:26,823,305
INFO	2021-10-25 22:36:45	AddOrReplaceReadGroups	Processed    40,000,000 records.  Elapsed time: 00:05:12s.  Time for last 1,000,000:    7s.  Last read position: LG02:3,807,997
INFO	2021-10-25 22:36:52	AddOrReplaceReadGroups	Processed    41,000,000 records.  Elapsed time: 00:05:20s.  Time for last 1,000,000:    7s.  Last read position: LG02:7,933,873
INFO	2021-10-25 22:36:59	AddOrReplaceReadGroups	Processed    42,000,000 records.  Elapsed time: 00:05:27s.  Time for last 1,000,000:    7s.  Last read position: LG02:12,084,080
INFO	2021-10-25 22:37:07	AddOrReplaceReadGroups	Processed    43,000,000 records.  Elapsed time: 00:05:34s.  Time for last 1,000,000:    7s.  Last read position: LG02:16,369,784
INFO	2021-10-25 22:37:14	AddOrReplaceReadGroups	Processed    44,000,000 records.  Elapsed time: 00:05:42s.  Time for last 1,000,000:    7s.  Last read position: LG03:1,493,930
INFO	2021-10-25 22:37:21	AddOrReplaceReadGroups	Processed    45,000,000 records.  Elapsed time: 00:05:49s.  Time for last 1,000,000:    7s.  Last read position: LG03:6,550,077
INFO	2021-10-25 22:37:28	AddOrReplaceReadGroups	Processed    46,000,000 records.  Elapsed time: 00:05:56s.  Time for last 1,000,000:    7s.  Last read position: LG03:11,112,904
INFO	2021-10-25 22:37:36	AddOrReplaceReadGroups	Processed    47,000,000 records.  Elapsed time: 00:06:03s.  Time for last 1,000,000:    7s.  Last read position: LG03:15,183,942
INFO	2021-10-25 22:37:43	AddOrReplaceReadGroups	Processed    48,000,000 records.  Elapsed time: 00:06:10s.  Time for last 1,000,000:    7s.  Last read position: LG04:2,370,472
INFO	2021-10-25 22:37:50	AddOrReplaceReadGroups	Processed    49,000,000 records.  Elapsed time: 00:06:18s.  Time for last 1,000,000:    7s.  Last read position: LG04:7,031,328
INFO	2021-10-25 22:37:57	AddOrReplaceReadGroups	Processed    50,000,000 records.  Elapsed time: 00:06:25s.  Time for last 1,000,000:    7s.  Last read position: LG04:11,364,304
INFO	2021-10-25 22:38:04	AddOrReplaceReadGroups	Processed    51,000,000 records.  Elapsed time: 00:06:32s.  Time for last 1,000,000:    7s.  Last read position: LG04:15,635,331
INFO	2021-10-25 22:38:12	AddOrReplaceReadGroups	Processed    52,000,000 records.  Elapsed time: 00:06:39s.  Time for last 1,000,000:    7s.  Last read position: LG05:4,251,125
INFO	2021-10-25 22:38:19	AddOrReplaceReadGroups	Processed    53,000,000 records.  Elapsed time: 00:06:46s.  Time for last 1,000,000:    7s.  Last read position: LG05:8,201,151
INFO	2021-10-25 22:38:26	AddOrReplaceReadGroups	Processed    54,000,000 records.  Elapsed time: 00:06:53s.  Time for last 1,000,000:    7s.  Last read position: LG05:12,494,850
INFO	2021-10-25 22:38:33	AddOrReplaceReadGroups	Processed    55,000,000 records.  Elapsed time: 00:07:01s.  Time for last 1,000,000:    7s.  Last read position: LG05:17,050,721
INFO	2021-10-25 22:38:40	AddOrReplaceReadGroups	Processed    56,000,000 records.  Elapsed time: 00:07:08s.  Time for last 1,000,000:    7s.  Last read position: LG05:21,320,732
INFO	2021-10-25 22:38:47	AddOrReplaceReadGroups	Processed    57,000,000 records.  Elapsed time: 00:07:15s.  Time for last 1,000,000:    7s.  Last read position: LG06:3,122,202
INFO	2021-10-25 22:38:55	AddOrReplaceReadGroups	Processed    58,000,000 records.  Elapsed time: 00:07:22s.  Time for last 1,000,000:    7s.  Last read position: LG06:7,816,476
INFO	2021-10-25 22:39:02	AddOrReplaceReadGroups	Processed    59,000,000 records.  Elapsed time: 00:07:29s.  Time for last 1,000,000:    7s.  Last read position: LG06:12,389,752
INFO	2021-10-25 22:39:09	AddOrReplaceReadGroups	Processed    60,000,000 records.  Elapsed time: 00:07:36s.  Time for last 1,000,000:    7s.  Last read position: LG07:3,888,494
INFO	2021-10-25 22:39:16	AddOrReplaceReadGroups	Processed    61,000,000 records.  Elapsed time: 00:07:44s.  Time for last 1,000,000:    7s.  Last read position: LG07:8,159,102
INFO	2021-10-25 22:39:23	AddOrReplaceReadGroups	Processed    62,000,000 records.  Elapsed time: 00:07:51s.  Time for last 1,000,000:    7s.  Last read position: LG08:674,201
INFO	2021-10-25 22:39:30	AddOrReplaceReadGroups	Processed    63,000,000 records.  Elapsed time: 00:07:58s.  Time for last 1,000,000:    7s.  Last read position: LG08:5,074,435
INFO	2021-10-25 22:39:38	AddOrReplaceReadGroups	Processed    64,000,000 records.  Elapsed time: 00:08:05s.  Time for last 1,000,000:    7s.  Last read position: LG08:10,207,545
INFO	2021-10-25 22:39:45	AddOrReplaceReadGroups	Processed    65,000,000 records.  Elapsed time: 00:08:12s.  Time for last 1,000,000:    7s.  Last read position: LG08:14,886,447
INFO	2021-10-25 22:39:52	AddOrReplaceReadGroups	Processed    66,000,000 records.  Elapsed time: 00:08:20s.  Time for last 1,000,000:    7s.  Last read position: LG09:2,660,681
INFO	2021-10-25 22:39:59	AddOrReplaceReadGroups	Processed    67,000,000 records.  Elapsed time: 00:08:27s.  Time for last 1,000,000:    7s.  Last read position: LG09:4,619,544
INFO	2021-10-25 22:40:07	AddOrReplaceReadGroups	Processed    68,000,000 records.  Elapsed time: 00:08:34s.  Time for last 1,000,000:    7s.  Last read position: LG09:9,311,976
INFO	2021-10-25 22:40:14	AddOrReplaceReadGroups	Processed    69,000,000 records.  Elapsed time: 00:08:41s.  Time for last 1,000,000:    7s.  Last read position: LG10:751,960
INFO	2021-10-25 22:40:21	AddOrReplaceReadGroups	Processed    70,000,000 records.  Elapsed time: 00:08:48s.  Time for last 1,000,000:    7s.  Last read position: LG10:5,003,771
INFO	2021-10-25 22:40:28	AddOrReplaceReadGroups	Processed    71,000,000 records.  Elapsed time: 00:08:56s.  Time for last 1,000,000:    7s.  Last read position: LG10:8,938,851
INFO	2021-10-25 22:40:35	AddOrReplaceReadGroups	Processed    72,000,000 records.  Elapsed time: 00:09:03s.  Time for last 1,000,000:    7s.  Last read position: LG10:12,927,942
INFO	2021-10-25 22:40:42	AddOrReplaceReadGroups	Processed    73,000,000 records.  Elapsed time: 00:09:10s.  Time for last 1,000,000:    7s.  Last read position: LG10:17,073,350
INFO	2021-10-25 22:40:50	AddOrReplaceReadGroups	Processed    74,000,000 records.  Elapsed time: 00:09:17s.  Time for last 1,000,000:    7s.  Last read position: LG10:21,426,435
INFO	2021-10-25 22:40:57	AddOrReplaceReadGroups	Processed    75,000,000 records.  Elapsed time: 00:09:24s.  Time for last 1,000,000:    7s.  Last read position: LG10:25,833,371
INFO	2021-10-25 22:41:04	AddOrReplaceReadGroups	Processed    76,000,000 records.  Elapsed time: 00:09:32s.  Time for last 1,000,000:    7s.  Last read position: LG11:980,747
INFO	2021-10-25 22:41:11	AddOrReplaceReadGroups	Processed    77,000,000 records.  Elapsed time: 00:09:39s.  Time for last 1,000,000:    7s.  Last read position: LG11:6,702,001
INFO	2021-10-25 22:41:18	AddOrReplaceReadGroups	Processed    78,000,000 records.  Elapsed time: 00:09:46s.  Time for last 1,000,000:    7s.  Last read position: LG11:10,796,348
INFO	2021-10-25 22:41:26	AddOrReplaceReadGroups	Processed    79,000,000 records.  Elapsed time: 00:09:53s.  Time for last 1,000,000:    7s.  Last read position: LG11:15,103,893
INFO	2021-10-25 22:41:33	AddOrReplaceReadGroups	Processed    80,000,000 records.  Elapsed time: 00:10:00s.  Time for last 1,000,000:    7s.  Last read position: LG11:19,488,752
INFO	2021-10-25 22:41:40	AddOrReplaceReadGroups	Processed    81,000,000 records.  Elapsed time: 00:10:08s.  Time for last 1,000,000:    7s.  Last read position: LG11:24,788,963
INFO	2021-10-25 22:41:48	AddOrReplaceReadGroups	Processed    82,000,000 records.  Elapsed time: 00:10:15s.  Time for last 1,000,000:    7s.  Last read position: LG12:2,251,210
INFO	2021-10-25 22:41:55	AddOrReplaceReadGroups	Processed    83,000,000 records.  Elapsed time: 00:10:22s.  Time for last 1,000,000:    7s.  Last read position: LG12:6,806,695
INFO	2021-10-25 22:42:02	AddOrReplaceReadGroups	Processed    84,000,000 records.  Elapsed time: 00:10:29s.  Time for last 1,000,000:    7s.  Last read position: LG12:11,031,224
INFO	2021-10-25 22:42:09	AddOrReplaceReadGroups	Processed    85,000,000 records.  Elapsed time: 00:10:37s.  Time for last 1,000,000:    7s.  Last read position: LG13:782,138
INFO	2021-10-25 22:42:16	AddOrReplaceReadGroups	Processed    86,000,000 records.  Elapsed time: 00:10:44s.  Time for last 1,000,000:    7s.  Last read position: LG13:4,667,056
INFO	2021-10-25 22:42:24	AddOrReplaceReadGroups	Processed    87,000,000 records.  Elapsed time: 00:10:51s.  Time for last 1,000,000:    7s.  Last read position: LG13:8,357,991
INFO	2021-10-25 22:42:31	AddOrReplaceReadGroups	Processed    88,000,000 records.  Elapsed time: 00:10:59s.  Time for last 1,000,000:    7s.  Last read position: LG13:12,537,847
INFO	2021-10-25 22:42:39	AddOrReplaceReadGroups	Processed    89,000,000 records.  Elapsed time: 00:11:06s.  Time for last 1,000,000:    7s.  Last read position: LG14:1,803,060
INFO	2021-10-25 22:42:46	AddOrReplaceReadGroups	Processed    90,000,000 records.  Elapsed time: 00:11:13s.  Time for last 1,000,000:    7s.  Last read position: LG14:5,766,728
INFO	2021-10-25 22:42:53	AddOrReplaceReadGroups	Processed    91,000,000 records.  Elapsed time: 00:11:21s.  Time for last 1,000,000:    7s.  Last read position: LG14:9,869,532
INFO	2021-10-25 22:43:00	AddOrReplaceReadGroups	Processed    92,000,000 records.  Elapsed time: 00:11:28s.  Time for last 1,000,000:    7s.  Last read position: LG15:407,831
INFO	2021-10-25 22:43:08	AddOrReplaceReadGroups	Processed    93,000,000 records.  Elapsed time: 00:11:35s.  Time for last 1,000,000:    7s.  Last read position: LG15:4,220,450
INFO	2021-10-25 22:43:15	AddOrReplaceReadGroups	Processed    94,000,000 records.  Elapsed time: 00:11:42s.  Time for last 1,000,000:    7s.  Last read position: LG15:8,629,426
INFO	2021-10-25 22:43:22	AddOrReplaceReadGroups	Processed    95,000,000 records.  Elapsed time: 00:11:50s.  Time for last 1,000,000:    7s.  Last read position: LG15:12,690,575
INFO	2021-10-25 22:43:29	AddOrReplaceReadGroups	Processed    96,000,000 records.  Elapsed time: 00:11:57s.  Time for last 1,000,000:    7s.  Last read position: LG15:16,635,458
INFO	2021-10-25 22:43:36	AddOrReplaceReadGroups	Processed    97,000,000 records.  Elapsed time: 00:12:04s.  Time for last 1,000,000:    7s.  Last read position: LG16:2,483,299
INFO	2021-10-25 22:43:44	AddOrReplaceReadGroups	Processed    98,000,000 records.  Elapsed time: 00:12:11s.  Time for last 1,000,000:    7s.  Last read position: LG16:7,083,333
INFO	2021-10-25 22:43:51	AddOrReplaceReadGroups	Processed    99,000,000 records.  Elapsed time: 00:12:18s.  Time for last 1,000,000:    7s.  Last read position: LG16:11,402,492
INFO	2021-10-25 22:43:58	AddOrReplaceReadGroups	Processed   100,000,000 records.  Elapsed time: 00:12:26s.  Time for last 1,000,000:    7s.  Last read position: LG17:7,031
INFO	2021-10-25 22:44:05	AddOrReplaceReadGroups	Processed   101,000,000 records.  Elapsed time: 00:12:33s.  Time for last 1,000,000:    7s.  Last read position: LG17:2,980,715
INFO	2021-10-25 22:44:12	AddOrReplaceReadGroups	Processed   102,000,000 records.  Elapsed time: 00:12:40s.  Time for last 1,000,000:    7s.  Last read position: LG17:6,161,221
INFO	2021-10-25 22:44:20	AddOrReplaceReadGroups	Processed   103,000,000 records.  Elapsed time: 00:12:47s.  Time for last 1,000,000:    7s.  Last read position: LG17:10,308,351
INFO	2021-10-25 22:44:27	AddOrReplaceReadGroups	Processed   104,000,000 records.  Elapsed time: 00:12:54s.  Time for last 1,000,000:    7s.  Last read position: LG18:2,043,722
INFO	2021-10-25 22:44:34	AddOrReplaceReadGroups	Processed   105,000,000 records.  Elapsed time: 00:13:01s.  Time for last 1,000,000:    7s.  Last read position: LG18:7,029,451
INFO	2021-10-25 22:44:41	AddOrReplaceReadGroups	Processed   106,000,000 records.  Elapsed time: 00:13:09s.  Time for last 1,000,000:    7s.  Last read position: LG18:11,056,974
INFO	2021-10-25 22:44:48	AddOrReplaceReadGroups	Processed   107,000,000 records.  Elapsed time: 00:13:16s.  Time for last 1,000,000:    7s.  Last read position: LG19:2,541,272
INFO	2021-10-25 22:44:56	AddOrReplaceReadGroups	Processed   108,000,000 records.  Elapsed time: 00:13:23s.  Time for last 1,000,000:    7s.  Last read position: LG19:6,255,345
INFO	2021-10-25 22:45:03	AddOrReplaceReadGroups	Processed   109,000,000 records.  Elapsed time: 00:13:30s.  Time for last 1,000,000:    7s.  Last read position: LG19:10,462,510
INFO	2021-10-25 22:45:10	AddOrReplaceReadGroups	Processed   110,000,000 records.  Elapsed time: 00:13:38s.  Time for last 1,000,000:    7s.  Last read position: LG19:14,653,194
INFO	2021-10-25 22:45:18	AddOrReplaceReadGroups	Processed   111,000,000 records.  Elapsed time: 00:13:45s.  Time for last 1,000,000:    7s.  Last read position: LG20:3,956,705
INFO	2021-10-25 22:45:25	AddOrReplaceReadGroups	Processed   112,000,000 records.  Elapsed time: 00:13:52s.  Time for last 1,000,000:    7s.  Last read position: LG20:8,123,632
INFO	2021-10-25 22:45:32	AddOrReplaceReadGroups	Processed   113,000,000 records.  Elapsed time: 00:14:00s.  Time for last 1,000,000:    7s.  Last read position: LG20:11,941,281
INFO	2021-10-25 22:45:39	AddOrReplaceReadGroups	Processed   114,000,000 records.  Elapsed time: 00:14:07s.  Time for last 1,000,000:    7s.  Last read position: LG21:3,130,960
INFO	2021-10-25 22:45:46	AddOrReplaceReadGroups	Processed   115,000,000 records.  Elapsed time: 00:14:14s.  Time for last 1,000,000:    7s.  Last read position: LG21:7,311,186
INFO	2021-10-25 22:45:54	AddOrReplaceReadGroups	Processed   116,000,000 records.  Elapsed time: 00:14:21s.  Time for last 1,000,000:    7s.  Last read position: LG21:11,420,882
INFO	2021-10-25 22:46:01	AddOrReplaceReadGroups	Processed   117,000,000 records.  Elapsed time: 00:14:29s.  Time for last 1,000,000:    7s.  Last read position: LG22:1,210,436
INFO	2021-10-25 22:46:08	AddOrReplaceReadGroups	Processed   118,000,000 records.  Elapsed time: 00:14:36s.  Time for last 1,000,000:    7s.  Last read position: LG22:5,199,893
INFO	2021-10-25 22:46:16	AddOrReplaceReadGroups	Processed   119,000,000 records.  Elapsed time: 00:14:43s.  Time for last 1,000,000:    7s.  Last read position: LG22:9,353,927
INFO	2021-10-25 22:46:23	AddOrReplaceReadGroups	Processed   120,000,000 records.  Elapsed time: 00:14:50s.  Time for last 1,000,000:    7s.  Last read position: LG23:1,512,302
INFO	2021-10-25 22:46:30	AddOrReplaceReadGroups	Processed   121,000,000 records.  Elapsed time: 00:14:58s.  Time for last 1,000,000:    7s.  Last read position: LG23:5,499,516
INFO	2021-10-25 22:46:37	AddOrReplaceReadGroups	Processed   122,000,000 records.  Elapsed time: 00:15:05s.  Time for last 1,000,000:    7s.  Last read position: LG23:9,085,986
INFO	2021-10-25 22:46:45	AddOrReplaceReadGroups	Processed   123,000,000 records.  Elapsed time: 00:15:12s.  Time for last 1,000,000:    7s.  Last read position: LG23:13,007,521
INFO	2021-10-25 22:46:52	AddOrReplaceReadGroups	Processed   124,000,000 records.  Elapsed time: 00:15:20s.  Time for last 1,000,000:    7s.  Last read position: LG24:624,029
INFO	2021-10-25 22:46:59	AddOrReplaceReadGroups	Processed   125,000,000 records.  Elapsed time: 00:15:27s.  Time for last 1,000,000:    7s.  Last read position: LG24:4,838,270
INFO	2021-10-25 22:47:07	AddOrReplaceReadGroups	Processed   126,000,000 records.  Elapsed time: 00:15:34s.  Time for last 1,000,000:    7s.  Last read position: LG24:9,094,247
INFO	2021-10-25 22:47:14	AddOrReplaceReadGroups	Processed   127,000,000 records.  Elapsed time: 00:15:41s.  Time for last 1,000,000:    7s.  Last read position: LG25:271,744
INFO	2021-10-25 22:47:21	AddOrReplaceReadGroups	Processed   128,000,000 records.  Elapsed time: 00:15:49s.  Time for last 1,000,000:    7s.  Last read position: LG25:4,069,767
INFO	2021-10-25 22:47:28	AddOrReplaceReadGroups	Processed   129,000,000 records.  Elapsed time: 00:15:56s.  Time for last 1,000,000:    7s.  Last read position: LG25:8,773,968
INFO	2021-10-25 22:47:36	AddOrReplaceReadGroups	Processed   130,000,000 records.  Elapsed time: 00:16:03s.  Time for last 1,000,000:    7s.  Last read position: LG25:12,858,030
INFO	2021-10-25 22:47:43	AddOrReplaceReadGroups	Processed   131,000,000 records.  Elapsed time: 00:16:10s.  Time for last 1,000,000:    7s.  Last read position: LG26:3,432,154
INFO	2021-10-25 22:47:50	AddOrReplaceReadGroups	Processed   132,000,000 records.  Elapsed time: 00:16:17s.  Time for last 1,000,000:    7s.  Last read position: LG26:6,884,510
INFO	2021-10-25 22:47:57	AddOrReplaceReadGroups	Processed   133,000,000 records.  Elapsed time: 00:16:25s.  Time for last 1,000,000:    7s.  Last read position: LG26:11,442,175
INFO	2021-10-25 22:48:04	AddOrReplaceReadGroups	Processed   134,000,000 records.  Elapsed time: 00:16:32s.  Time for last 1,000,000:    7s.  Last read position: LG27:2,248,198
INFO	2021-10-25 22:48:12	AddOrReplaceReadGroups	Processed   135,000,000 records.  Elapsed time: 00:16:39s.  Time for last 1,000,000:    7s.  Last read position: LG27:6,445,155
INFO	2021-10-25 22:48:19	AddOrReplaceReadGroups	Processed   136,000,000 records.  Elapsed time: 00:16:46s.  Time for last 1,000,000:    7s.  Last read position: LG27:10,772,798
INFO	2021-10-25 22:48:26	AddOrReplaceReadGroups	Processed   137,000,000 records.  Elapsed time: 00:16:54s.  Time for last 1,000,000:    7s.  Last read position: LG28:2,707,530
INFO	2021-10-25 22:48:33	AddOrReplaceReadGroups	Processed   138,000,000 records.  Elapsed time: 00:17:01s.  Time for last 1,000,000:    7s.  Last read position: LG28:7,038,964
INFO	2021-10-25 22:48:41	AddOrReplaceReadGroups	Processed   139,000,000 records.  Elapsed time: 00:17:08s.  Time for last 1,000,000:    7s.  Last read position: LG28:11,328,027
INFO	2021-10-25 22:48:48	AddOrReplaceReadGroups	Processed   140,000,000 records.  Elapsed time: 00:17:15s.  Time for last 1,000,000:    7s.  Last read position: LG29:3,330,791
INFO	2021-10-25 22:48:55	AddOrReplaceReadGroups	Processed   141,000,000 records.  Elapsed time: 00:17:23s.  Time for last 1,000,000:    7s.  Last read position: LG30:2,391,888
INFO	2021-10-25 22:49:02	AddOrReplaceReadGroups	Processed   142,000,000 records.  Elapsed time: 00:17:30s.  Time for last 1,000,000:    7s.  Last read position: LG30:6,818,289
INFO	2021-10-25 22:49:09	AddOrReplaceReadGroups	Processed   143,000,000 records.  Elapsed time: 00:17:37s.  Time for last 1,000,000:    7s.  Last read position: UNPIN3877:18,209
INFO	2021-10-25 22:49:16	AddOrReplaceReadGroups	Processed   144,000,000 records.  Elapsed time: 00:17:44s.  Time for last 1,000,000:    7s.  Last read position: UNPIN3877:60,613
INFO	2021-10-25 22:49:23	AddOrReplaceReadGroups	Processed   145,000,000 records.  Elapsed time: 00:17:51s.  Time for last 1,000,000:    6s.  Last read position: UNPIN3877:102,110
INFO	2021-10-25 22:49:30	AddOrReplaceReadGroups	Processed   146,000,000 records.  Elapsed time: 00:17:58s.  Time for last 1,000,000:    6s.  Last read position: UNPIN3878:18,223
INFO	2021-10-25 22:49:36	AddOrReplaceReadGroups	Processed   147,000,000 records.  Elapsed time: 00:18:04s.  Time for last 1,000,000:    5s.  Last read position: */*
INFO	2021-10-25 22:49:41	AddOrReplaceReadGroups	Processed   148,000,000 records.  Elapsed time: 00:18:09s.  Time for last 1,000,000:    4s.  Last read position: */*
INFO	2021-10-25 22:49:46	AddOrReplaceReadGroups	Processed   149,000,000 records.  Elapsed time: 00:18:13s.  Time for last 1,000,000:    4s.  Last read position: */*
INFO	2021-10-25 22:49:51	AddOrReplaceReadGroups	Processed   150,000,000 records.  Elapsed time: 00:18:18s.  Time for last 1,000,000:    4s.  Last read position: */*
INFO	2021-10-25 22:49:56	AddOrReplaceReadGroups	Processed   151,000,000 records.  Elapsed time: 00:18:23s.  Time for last 1,000,000:    4s.  Last read position: */*
INFO	2021-10-25 22:50:01	AddOrReplaceReadGroups	Processed   152,000,000 records.  Elapsed time: 00:18:28s.  Time for last 1,000,000:    4s.  Last read position: */*
[Mon Oct 25 22:50:04 PDT 2021] picard.sam.AddOrReplaceReadGroups done. Elapsed time: 18.54 minutes.
Runtime.totalMemory()=46673920
Tool returned:
0
