==========================================
SLURM_JOB_ID = 2291445
SLURM_JOB_NODELIST = b08-06
TMPDIR = /tmp/SLURM_2291445
==========================================
Running Sample ID SRR12223726_SRP271933_Undaria_pinnatifida_individual_21_2017-01-09_INTRO_NZ_Well2017_7_New_Zealand with options  --RGID CALE6ANXX.7 --RGLB SRR12223726 --RGPL ILLUMINA --RGPU CALE6ANXX.7.SRR12223726 --RGSM INTRO_NZ_Well2017_7_New_Zealand 
Using GATK jar /home1/mharden/.conda/envs/gatk4/share/gatk4-4.2.2.0-1/gatk-package-4.2.2.0-local.jar
Running:
    java -Dsamjdk.use_async_io_read_samtools=false -Dsamjdk.use_async_io_write_samtools=true -Dsamjdk.use_async_io_write_tribble=false -Dsamjdk.compression_level=2 -jar /home1/mharden/.conda/envs/gatk4/share/gatk4-4.2.2.0-1/gatk-package-4.2.2.0-local.jar AddOrReplaceReadGroups -I SRR12223726_SRP271933_Undaria_pinnatifida_individual_21_2017-01-09_INTRO_NZ_Well2017_7_New_Zealand.sorted.bam -O SRR12223726_SRP271933_Undaria_pinnatifida_individual_21_2017-01-09_INTRO_NZ_Well2017_7_New_Zealand.RG.sorted.bam --RGID CALE6ANXX.7 --RGLB SRR12223726 --RGPL ILLUMINA --RGPU CALE6ANXX.7.SRR12223726 --RGSM INTRO_NZ_Well2017_7_New_Zealand
22:17:10.737 INFO  NativeLibraryLoader - Loading libgkl_compression.so from jar:file:/home1/mharden/.conda/envs/gatk4/share/gatk4-4.2.2.0-1/gatk-package-4.2.2.0-local.jar!/com/intel/gkl/native/libgkl_compression.so
[Mon Oct 25 22:17:10 PDT 2021] AddOrReplaceReadGroups --INPUT SRR12223726_SRP271933_Undaria_pinnatifida_individual_21_2017-01-09_INTRO_NZ_Well2017_7_New_Zealand.sorted.bam --OUTPUT SRR12223726_SRP271933_Undaria_pinnatifida_individual_21_2017-01-09_INTRO_NZ_Well2017_7_New_Zealand.RG.sorted.bam --RGID CALE6ANXX.7 --RGLB SRR12223726 --RGPL ILLUMINA --RGPU CALE6ANXX.7.SRR12223726 --RGSM INTRO_NZ_Well2017_7_New_Zealand --VERBOSITY INFO --QUIET false --VALIDATION_STRINGENCY STRICT --COMPRESSION_LEVEL 2 --MAX_RECORDS_IN_RAM 500000 --CREATE_INDEX false --CREATE_MD5_FILE false --GA4GH_CLIENT_SECRETS client_secrets.json --help false --version false --showHidden false --USE_JDK_DEFLATER false --USE_JDK_INFLATER false
Oct 25, 2021 10:17:10 PM shaded.cloud_nio.com.google.auth.oauth2.ComputeEngineCredentials runningOnComputeEngine
INFO: Failed to detect whether we are running on Google Compute Engine.
[Mon Oct 25 22:17:10 PDT 2021] Executing as mharden@b08-06.hpc.usc.edu on Linux 3.10.0-1062.4.1.el7.x86_64 amd64; OpenJDK 64-Bit Server VM 1.8.0_302-b08; Deflater: Intel; Inflater: Intel; Provider GCS is available; Picard version: Version:4.2.2.0
INFO	2021-10-25 22:17:11	AddOrReplaceReadGroups	Created read-group ID=CALE6ANXX.7 PL=ILLUMINA LB=SRR12223726 SM=INTRO_NZ_Well2017_7_New_Zealand

INFO	2021-10-25 22:17:20	AddOrReplaceReadGroups	Processed     1,000,000 records.  Elapsed time: 00:00:09s.  Time for last 1,000,000:    9s.  Last read position: LG00:5,204,588
INFO	2021-10-25 22:17:30	AddOrReplaceReadGroups	Processed     2,000,000 records.  Elapsed time: 00:00:19s.  Time for last 1,000,000:    9s.  Last read position: LG00:9,210,341
INFO	2021-10-25 22:17:39	AddOrReplaceReadGroups	Processed     3,000,000 records.  Elapsed time: 00:00:28s.  Time for last 1,000,000:    8s.  Last read position: LG00:14,505,309
INFO	2021-10-25 22:17:47	AddOrReplaceReadGroups	Processed     4,000,000 records.  Elapsed time: 00:00:36s.  Time for last 1,000,000:    8s.  Last read position: LG00:19,391,985
INFO	2021-10-25 22:17:56	AddOrReplaceReadGroups	Processed     5,000,000 records.  Elapsed time: 00:00:44s.  Time for last 1,000,000:    8s.  Last read position: LG00:24,847,921
INFO	2021-10-25 22:18:04	AddOrReplaceReadGroups	Processed     6,000,000 records.  Elapsed time: 00:00:53s.  Time for last 1,000,000:    8s.  Last read position: LG00:29,526,979
INFO	2021-10-25 22:18:12	AddOrReplaceReadGroups	Processed     7,000,000 records.  Elapsed time: 00:01:01s.  Time for last 1,000,000:    7s.  Last read position: LG00:34,667,013
INFO	2021-10-25 22:18:19	AddOrReplaceReadGroups	Processed     8,000,000 records.  Elapsed time: 00:01:08s.  Time for last 1,000,000:    7s.  Last read position: LG00:39,691,988
INFO	2021-10-25 22:18:27	AddOrReplaceReadGroups	Processed     9,000,000 records.  Elapsed time: 00:01:16s.  Time for last 1,000,000:    7s.  Last read position: LG00:44,760,155
INFO	2021-10-25 22:18:35	AddOrReplaceReadGroups	Processed    10,000,000 records.  Elapsed time: 00:01:23s.  Time for last 1,000,000:    7s.  Last read position: LG00:49,483,131
INFO	2021-10-25 22:18:42	AddOrReplaceReadGroups	Processed    11,000,000 records.  Elapsed time: 00:01:31s.  Time for last 1,000,000:    7s.  Last read position: LG00:55,440,156
INFO	2021-10-25 22:18:50	AddOrReplaceReadGroups	Processed    12,000,000 records.  Elapsed time: 00:01:38s.  Time for last 1,000,000:    7s.  Last read position: LG00:60,804,754
INFO	2021-10-25 22:18:57	AddOrReplaceReadGroups	Processed    13,000,000 records.  Elapsed time: 00:01:46s.  Time for last 1,000,000:    7s.  Last read position: LG00:66,771,025
INFO	2021-10-25 22:19:05	AddOrReplaceReadGroups	Processed    14,000,000 records.  Elapsed time: 00:01:53s.  Time for last 1,000,000:    7s.  Last read position: LG00:72,786,048
INFO	2021-10-25 22:19:12	AddOrReplaceReadGroups	Processed    15,000,000 records.  Elapsed time: 00:02:01s.  Time for last 1,000,000:    7s.  Last read position: LG00:78,586,396
INFO	2021-10-25 22:19:19	AddOrReplaceReadGroups	Processed    16,000,000 records.  Elapsed time: 00:02:08s.  Time for last 1,000,000:    7s.  Last read position: LG00:84,118,997
INFO	2021-10-25 22:19:27	AddOrReplaceReadGroups	Processed    17,000,000 records.  Elapsed time: 00:02:15s.  Time for last 1,000,000:    7s.  Last read position: LG00:89,737,199
INFO	2021-10-25 22:19:34	AddOrReplaceReadGroups	Processed    18,000,000 records.  Elapsed time: 00:02:23s.  Time for last 1,000,000:    7s.  Last read position: LG00:95,929,329
INFO	2021-10-25 22:19:42	AddOrReplaceReadGroups	Processed    19,000,000 records.  Elapsed time: 00:02:30s.  Time for last 1,000,000:    7s.  Last read position: LG00:102,352,564
INFO	2021-10-25 22:19:49	AddOrReplaceReadGroups	Processed    20,000,000 records.  Elapsed time: 00:02:38s.  Time for last 1,000,000:    7s.  Last read position: LG00:108,957,949
INFO	2021-10-25 22:19:56	AddOrReplaceReadGroups	Processed    21,000,000 records.  Elapsed time: 00:02:45s.  Time for last 1,000,000:    7s.  Last read position: LG00:115,487,602
INFO	2021-10-25 22:20:04	AddOrReplaceReadGroups	Processed    22,000,000 records.  Elapsed time: 00:02:53s.  Time for last 1,000,000:    7s.  Last read position: LG00:121,813,896
INFO	2021-10-25 22:20:12	AddOrReplaceReadGroups	Processed    23,000,000 records.  Elapsed time: 00:03:00s.  Time for last 1,000,000:    7s.  Last read position: LG00:128,058,479
INFO	2021-10-25 22:20:19	AddOrReplaceReadGroups	Processed    24,000,000 records.  Elapsed time: 00:03:08s.  Time for last 1,000,000:    7s.  Last read position: LG00:133,860,897
INFO	2021-10-25 22:20:26	AddOrReplaceReadGroups	Processed    25,000,000 records.  Elapsed time: 00:03:15s.  Time for last 1,000,000:    7s.  Last read position: LG00:140,175,884
INFO	2021-10-25 22:20:34	AddOrReplaceReadGroups	Processed    26,000,000 records.  Elapsed time: 00:03:23s.  Time for last 1,000,000:    7s.  Last read position: LG00:146,503,256
INFO	2021-10-25 22:20:41	AddOrReplaceReadGroups	Processed    27,000,000 records.  Elapsed time: 00:03:30s.  Time for last 1,000,000:    7s.  Last read position: LG00:152,570,281
INFO	2021-10-25 22:20:49	AddOrReplaceReadGroups	Processed    28,000,000 records.  Elapsed time: 00:03:37s.  Time for last 1,000,000:    7s.  Last read position: LG00:154,863,612
INFO	2021-10-25 22:20:56	AddOrReplaceReadGroups	Processed    29,000,000 records.  Elapsed time: 00:03:45s.  Time for last 1,000,000:    7s.  Last read position: LG00:161,371,123
INFO	2021-10-25 22:21:03	AddOrReplaceReadGroups	Processed    30,000,000 records.  Elapsed time: 00:03:52s.  Time for last 1,000,000:    7s.  Last read position: LG00:166,589,897
INFO	2021-10-25 22:21:11	AddOrReplaceReadGroups	Processed    31,000,000 records.  Elapsed time: 00:04:00s.  Time for last 1,000,000:    7s.  Last read position: LG00:170,127,011
INFO	2021-10-25 22:21:18	AddOrReplaceReadGroups	Processed    32,000,000 records.  Elapsed time: 00:04:07s.  Time for last 1,000,000:    7s.  Last read position: LG00:173,710,043
INFO	2021-10-25 22:21:26	AddOrReplaceReadGroups	Processed    33,000,000 records.  Elapsed time: 00:04:14s.  Time for last 1,000,000:    7s.  Last read position: LG01:3,965,322
INFO	2021-10-25 22:21:33	AddOrReplaceReadGroups	Processed    34,000,000 records.  Elapsed time: 00:04:22s.  Time for last 1,000,000:    7s.  Last read position: LG01:8,272,262
INFO	2021-10-25 22:21:40	AddOrReplaceReadGroups	Processed    35,000,000 records.  Elapsed time: 00:04:29s.  Time for last 1,000,000:    7s.  Last read position: LG01:13,007,100
INFO	2021-10-25 22:21:48	AddOrReplaceReadGroups	Processed    36,000,000 records.  Elapsed time: 00:04:37s.  Time for last 1,000,000:    7s.  Last read position: LG01:17,243,405
INFO	2021-10-25 22:21:55	AddOrReplaceReadGroups	Processed    37,000,000 records.  Elapsed time: 00:04:44s.  Time for last 1,000,000:    7s.  Last read position: LG01:21,893,754
INFO	2021-10-25 22:22:03	AddOrReplaceReadGroups	Processed    38,000,000 records.  Elapsed time: 00:04:51s.  Time for last 1,000,000:    7s.  Last read position: LG01:26,034,657
INFO	2021-10-25 22:22:10	AddOrReplaceReadGroups	Processed    39,000,000 records.  Elapsed time: 00:04:59s.  Time for last 1,000,000:    7s.  Last read position: LG02:2,970,711
INFO	2021-10-25 22:22:17	AddOrReplaceReadGroups	Processed    40,000,000 records.  Elapsed time: 00:05:06s.  Time for last 1,000,000:    7s.  Last read position: LG02:6,809,623
INFO	2021-10-25 22:22:25	AddOrReplaceReadGroups	Processed    41,000,000 records.  Elapsed time: 00:05:14s.  Time for last 1,000,000:    7s.  Last read position: LG02:10,742,578
INFO	2021-10-25 22:22:32	AddOrReplaceReadGroups	Processed    42,000,000 records.  Elapsed time: 00:05:21s.  Time for last 1,000,000:    7s.  Last read position: LG02:14,944,368
INFO	2021-10-25 22:22:39	AddOrReplaceReadGroups	Processed    43,000,000 records.  Elapsed time: 00:05:28s.  Time for last 1,000,000:    7s.  Last read position: LG02:18,887,736
INFO	2021-10-25 22:22:47	AddOrReplaceReadGroups	Processed    44,000,000 records.  Elapsed time: 00:05:36s.  Time for last 1,000,000:    7s.  Last read position: LG03:4,281,392
INFO	2021-10-25 22:22:54	AddOrReplaceReadGroups	Processed    45,000,000 records.  Elapsed time: 00:05:43s.  Time for last 1,000,000:    7s.  Last read position: LG03:9,026,081
INFO	2021-10-25 22:23:01	AddOrReplaceReadGroups	Processed    46,000,000 records.  Elapsed time: 00:05:50s.  Time for last 1,000,000:    7s.  Last read position: LG03:13,530,172
INFO	2021-10-25 22:23:09	AddOrReplaceReadGroups	Processed    47,000,000 records.  Elapsed time: 00:05:58s.  Time for last 1,000,000:    7s.  Last read position: LG04:1,261,902
INFO	2021-10-25 22:23:16	AddOrReplaceReadGroups	Processed    48,000,000 records.  Elapsed time: 00:06:05s.  Time for last 1,000,000:    7s.  Last read position: LG04:5,408,853
INFO	2021-10-25 22:23:23	AddOrReplaceReadGroups	Processed    49,000,000 records.  Elapsed time: 00:06:12s.  Time for last 1,000,000:    7s.  Last read position: LG04:9,526,837
INFO	2021-10-25 22:23:31	AddOrReplaceReadGroups	Processed    50,000,000 records.  Elapsed time: 00:06:19s.  Time for last 1,000,000:    7s.  Last read position: LG04:13,937,619
INFO	2021-10-25 22:23:38	AddOrReplaceReadGroups	Processed    51,000,000 records.  Elapsed time: 00:06:26s.  Time for last 1,000,000:    7s.  Last read position: LG05:2,375,685
INFO	2021-10-25 22:23:45	AddOrReplaceReadGroups	Processed    52,000,000 records.  Elapsed time: 00:06:34s.  Time for last 1,000,000:    7s.  Last read position: LG05:6,485,758
INFO	2021-10-25 22:23:52	AddOrReplaceReadGroups	Processed    53,000,000 records.  Elapsed time: 00:06:41s.  Time for last 1,000,000:    7s.  Last read position: LG05:10,358,247
INFO	2021-10-25 22:24:00	AddOrReplaceReadGroups	Processed    54,000,000 records.  Elapsed time: 00:06:48s.  Time for last 1,000,000:    7s.  Last read position: LG05:14,617,937
INFO	2021-10-25 22:24:07	AddOrReplaceReadGroups	Processed    55,000,000 records.  Elapsed time: 00:06:56s.  Time for last 1,000,000:    7s.  Last read position: LG05:18,826,922
INFO	2021-10-25 22:24:14	AddOrReplaceReadGroups	Processed    56,000,000 records.  Elapsed time: 00:07:03s.  Time for last 1,000,000:    7s.  Last read position: LG06:767,541
INFO	2021-10-25 22:24:21	AddOrReplaceReadGroups	Processed    57,000,000 records.  Elapsed time: 00:07:10s.  Time for last 1,000,000:    7s.  Last read position: LG06:4,926,709
INFO	2021-10-25 22:24:28	AddOrReplaceReadGroups	Processed    58,000,000 records.  Elapsed time: 00:07:17s.  Time for last 1,000,000:    7s.  Last read position: LG06:9,396,514
INFO	2021-10-25 22:24:36	AddOrReplaceReadGroups	Processed    59,000,000 records.  Elapsed time: 00:07:24s.  Time for last 1,000,000:    7s.  Last read position: LG07:1,256,455
INFO	2021-10-25 22:24:43	AddOrReplaceReadGroups	Processed    60,000,000 records.  Elapsed time: 00:07:32s.  Time for last 1,000,000:    7s.  Last read position: LG07:4,959,702
INFO	2021-10-25 22:24:50	AddOrReplaceReadGroups	Processed    61,000,000 records.  Elapsed time: 00:07:39s.  Time for last 1,000,000:    7s.  Last read position: LG07:9,606,736
INFO	2021-10-25 22:24:57	AddOrReplaceReadGroups	Processed    62,000,000 records.  Elapsed time: 00:07:46s.  Time for last 1,000,000:    7s.  Last read position: LG08:1,947,429
INFO	2021-10-25 22:25:04	AddOrReplaceReadGroups	Processed    63,000,000 records.  Elapsed time: 00:07:53s.  Time for last 1,000,000:    7s.  Last read position: LG08:6,885,305
INFO	2021-10-25 22:25:12	AddOrReplaceReadGroups	Processed    64,000,000 records.  Elapsed time: 00:08:01s.  Time for last 1,000,000:    7s.  Last read position: LG08:11,797,470
INFO	2021-10-25 22:25:19	AddOrReplaceReadGroups	Processed    65,000,000 records.  Elapsed time: 00:08:08s.  Time for last 1,000,000:    7s.  Last read position: LG09:1,168,882
INFO	2021-10-25 22:25:26	AddOrReplaceReadGroups	Processed    66,000,000 records.  Elapsed time: 00:08:15s.  Time for last 1,000,000:    7s.  Last read position: LG09:2,729,714
INFO	2021-10-25 22:25:33	AddOrReplaceReadGroups	Processed    67,000,000 records.  Elapsed time: 00:08:22s.  Time for last 1,000,000:    7s.  Last read position: LG09:6,679,862
INFO	2021-10-25 22:25:41	AddOrReplaceReadGroups	Processed    68,000,000 records.  Elapsed time: 00:08:29s.  Time for last 1,000,000:    7s.  Last read position: LG09:10,306,753
INFO	2021-10-25 22:25:48	AddOrReplaceReadGroups	Processed    69,000,000 records.  Elapsed time: 00:08:37s.  Time for last 1,000,000:    7s.  Last read position: LG10:1,794,363
INFO	2021-10-25 22:25:55	AddOrReplaceReadGroups	Processed    70,000,000 records.  Elapsed time: 00:08:44s.  Time for last 1,000,000:    7s.  Last read position: LG10:5,989,639
INFO	2021-10-25 22:26:02	AddOrReplaceReadGroups	Processed    71,000,000 records.  Elapsed time: 00:08:51s.  Time for last 1,000,000:    7s.  Last read position: LG10:9,901,211
INFO	2021-10-25 22:26:10	AddOrReplaceReadGroups	Processed    72,000,000 records.  Elapsed time: 00:08:58s.  Time for last 1,000,000:    7s.  Last read position: LG10:14,150,580
INFO	2021-10-25 22:26:17	AddOrReplaceReadGroups	Processed    73,000,000 records.  Elapsed time: 00:09:06s.  Time for last 1,000,000:    7s.  Last read position: LG10:18,092,081
INFO	2021-10-25 22:26:24	AddOrReplaceReadGroups	Processed    74,000,000 records.  Elapsed time: 00:09:13s.  Time for last 1,000,000:    7s.  Last read position: LG10:22,363,443
INFO	2021-10-25 22:26:31	AddOrReplaceReadGroups	Processed    75,000,000 records.  Elapsed time: 00:09:20s.  Time for last 1,000,000:    7s.  Last read position: LG10:26,723,758
INFO	2021-10-25 22:26:39	AddOrReplaceReadGroups	Processed    76,000,000 records.  Elapsed time: 00:09:27s.  Time for last 1,000,000:    7s.  Last read position: LG11:2,040,416
INFO	2021-10-25 22:26:46	AddOrReplaceReadGroups	Processed    77,000,000 records.  Elapsed time: 00:09:35s.  Time for last 1,000,000:    7s.  Last read position: LG11:7,735,510
INFO	2021-10-25 22:26:53	AddOrReplaceReadGroups	Processed    78,000,000 records.  Elapsed time: 00:09:42s.  Time for last 1,000,000:    7s.  Last read position: LG11:11,806,788
INFO	2021-10-25 22:27:00	AddOrReplaceReadGroups	Processed    79,000,000 records.  Elapsed time: 00:09:49s.  Time for last 1,000,000:    7s.  Last read position: LG11:16,067,647
INFO	2021-10-25 22:27:08	AddOrReplaceReadGroups	Processed    80,000,000 records.  Elapsed time: 00:09:56s.  Time for last 1,000,000:    7s.  Last read position: LG11:20,738,946
INFO	2021-10-25 22:27:15	AddOrReplaceReadGroups	Processed    81,000,000 records.  Elapsed time: 00:10:04s.  Time for last 1,000,000:    7s.  Last read position: LG11:25,691,618
INFO	2021-10-25 22:27:22	AddOrReplaceReadGroups	Processed    82,000,000 records.  Elapsed time: 00:10:11s.  Time for last 1,000,000:    7s.  Last read position: LG12:3,313,339
INFO	2021-10-25 22:27:29	AddOrReplaceReadGroups	Processed    83,000,000 records.  Elapsed time: 00:10:18s.  Time for last 1,000,000:    7s.  Last read position: LG12:7,788,352
INFO	2021-10-25 22:27:36	AddOrReplaceReadGroups	Processed    84,000,000 records.  Elapsed time: 00:10:25s.  Time for last 1,000,000:    7s.  Last read position: LG12:11,991,528
INFO	2021-10-25 22:27:44	AddOrReplaceReadGroups	Processed    85,000,000 records.  Elapsed time: 00:10:32s.  Time for last 1,000,000:    7s.  Last read position: LG13:1,392,452
INFO	2021-10-25 22:27:51	AddOrReplaceReadGroups	Processed    86,000,000 records.  Elapsed time: 00:10:40s.  Time for last 1,000,000:    7s.  Last read position: LG13:5,268,801
INFO	2021-10-25 22:27:58	AddOrReplaceReadGroups	Processed    87,000,000 records.  Elapsed time: 00:10:47s.  Time for last 1,000,000:    7s.  Last read position: LG13:8,966,491
INFO	2021-10-25 22:28:05	AddOrReplaceReadGroups	Processed    88,000,000 records.  Elapsed time: 00:10:54s.  Time for last 1,000,000:    7s.  Last read position: LG13:13,129,260
INFO	2021-10-25 22:28:12	AddOrReplaceReadGroups	Processed    89,000,000 records.  Elapsed time: 00:11:01s.  Time for last 1,000,000:    7s.  Last read position: LG14:2,366,406
INFO	2021-10-25 22:28:20	AddOrReplaceReadGroups	Processed    90,000,000 records.  Elapsed time: 00:11:08s.  Time for last 1,000,000:    7s.  Last read position: LG14:6,191,665
INFO	2021-10-25 22:28:27	AddOrReplaceReadGroups	Processed    91,000,000 records.  Elapsed time: 00:11:16s.  Time for last 1,000,000:    7s.  Last read position: LG14:10,031,839
INFO	2021-10-25 22:28:34	AddOrReplaceReadGroups	Processed    92,000,000 records.  Elapsed time: 00:11:23s.  Time for last 1,000,000:    7s.  Last read position: LG15:476,441
INFO	2021-10-25 22:28:41	AddOrReplaceReadGroups	Processed    93,000,000 records.  Elapsed time: 00:11:30s.  Time for last 1,000,000:    7s.  Last read position: LG15:4,191,816
INFO	2021-10-25 22:28:49	AddOrReplaceReadGroups	Processed    94,000,000 records.  Elapsed time: 00:11:37s.  Time for last 1,000,000:    7s.  Last read position: LG15:8,503,506
INFO	2021-10-25 22:28:56	AddOrReplaceReadGroups	Processed    95,000,000 records.  Elapsed time: 00:11:45s.  Time for last 1,000,000:    7s.  Last read position: LG15:12,386,276
INFO	2021-10-25 22:29:03	AddOrReplaceReadGroups	Processed    96,000,000 records.  Elapsed time: 00:11:52s.  Time for last 1,000,000:    7s.  Last read position: LG15:16,306,837
INFO	2021-10-25 22:29:10	AddOrReplaceReadGroups	Processed    97,000,000 records.  Elapsed time: 00:11:59s.  Time for last 1,000,000:    7s.  Last read position: LG16:2,187,719
INFO	2021-10-25 22:29:18	AddOrReplaceReadGroups	Processed    98,000,000 records.  Elapsed time: 00:12:06s.  Time for last 1,000,000:    7s.  Last read position: LG16:6,567,845
INFO	2021-10-25 22:29:25	AddOrReplaceReadGroups	Processed    99,000,000 records.  Elapsed time: 00:12:14s.  Time for last 1,000,000:    7s.  Last read position: LG16:10,928,425
INFO	2021-10-25 22:29:32	AddOrReplaceReadGroups	Processed   100,000,000 records.  Elapsed time: 00:12:21s.  Time for last 1,000,000:    7s.  Last read position: LG16:14,714,557
INFO	2021-10-25 22:29:39	AddOrReplaceReadGroups	Processed   101,000,000 records.  Elapsed time: 00:12:28s.  Time for last 1,000,000:    7s.  Last read position: LG17:2,513,632
INFO	2021-10-25 22:29:47	AddOrReplaceReadGroups	Processed   102,000,000 records.  Elapsed time: 00:12:35s.  Time for last 1,000,000:    7s.  Last read position: LG17:5,840,087
INFO	2021-10-25 22:29:54	AddOrReplaceReadGroups	Processed   103,000,000 records.  Elapsed time: 00:12:43s.  Time for last 1,000,000:    7s.  Last read position: LG17:9,885,004
INFO	2021-10-25 22:30:01	AddOrReplaceReadGroups	Processed   104,000,000 records.  Elapsed time: 00:12:50s.  Time for last 1,000,000:    7s.  Last read position: LG18:1,751,515
INFO	2021-10-25 22:30:09	AddOrReplaceReadGroups	Processed   105,000,000 records.  Elapsed time: 00:12:57s.  Time for last 1,000,000:    7s.  Last read position: LG18:6,811,439
INFO	2021-10-25 22:30:16	AddOrReplaceReadGroups	Processed   106,000,000 records.  Elapsed time: 00:13:05s.  Time for last 1,000,000:    7s.  Last read position: LG18:10,753,707
INFO	2021-10-25 22:30:23	AddOrReplaceReadGroups	Processed   107,000,000 records.  Elapsed time: 00:13:12s.  Time for last 1,000,000:    7s.  Last read position: LG19:2,231,942
INFO	2021-10-25 22:30:31	AddOrReplaceReadGroups	Processed   108,000,000 records.  Elapsed time: 00:13:19s.  Time for last 1,000,000:    7s.  Last read position: LG19:5,743,439
INFO	2021-10-25 22:30:38	AddOrReplaceReadGroups	Processed   109,000,000 records.  Elapsed time: 00:13:27s.  Time for last 1,000,000:    7s.  Last read position: LG19:9,803,100
INFO	2021-10-25 22:30:45	AddOrReplaceReadGroups	Processed   110,000,000 records.  Elapsed time: 00:13:34s.  Time for last 1,000,000:    7s.  Last read position: LG19:13,867,100
INFO	2021-10-25 22:30:52	AddOrReplaceReadGroups	Processed   111,000,000 records.  Elapsed time: 00:13:41s.  Time for last 1,000,000:    7s.  Last read position: LG20:3,117,199
INFO	2021-10-25 22:31:00	AddOrReplaceReadGroups	Processed   112,000,000 records.  Elapsed time: 00:13:48s.  Time for last 1,000,000:    7s.  Last read position: LG20:7,273,698
INFO	2021-10-25 22:31:07	AddOrReplaceReadGroups	Processed   113,000,000 records.  Elapsed time: 00:13:56s.  Time for last 1,000,000:    7s.  Last read position: LG20:11,244,430
INFO	2021-10-25 22:31:14	AddOrReplaceReadGroups	Processed   114,000,000 records.  Elapsed time: 00:14:03s.  Time for last 1,000,000:    7s.  Last read position: LG21:2,537,521
INFO	2021-10-25 22:31:21	AddOrReplaceReadGroups	Processed   115,000,000 records.  Elapsed time: 00:14:10s.  Time for last 1,000,000:    7s.  Last read position: LG21:6,368,341
INFO	2021-10-25 22:31:29	AddOrReplaceReadGroups	Processed   116,000,000 records.  Elapsed time: 00:14:17s.  Time for last 1,000,000:    7s.  Last read position: LG21:10,187,664
INFO	2021-10-25 22:31:36	AddOrReplaceReadGroups	Processed   117,000,000 records.  Elapsed time: 00:14:25s.  Time for last 1,000,000:    7s.  Last read position: LG22:117,728
INFO	2021-10-25 22:31:43	AddOrReplaceReadGroups	Processed   118,000,000 records.  Elapsed time: 00:14:32s.  Time for last 1,000,000:    7s.  Last read position: LG22:4,447,383
INFO	2021-10-25 22:31:50	AddOrReplaceReadGroups	Processed   119,000,000 records.  Elapsed time: 00:14:39s.  Time for last 1,000,000:    7s.  Last read position: LG22:7,868,361
INFO	2021-10-25 22:31:58	AddOrReplaceReadGroups	Processed   120,000,000 records.  Elapsed time: 00:14:46s.  Time for last 1,000,000:    7s.  Last read position: LG23:397,089
INFO	2021-10-25 22:32:05	AddOrReplaceReadGroups	Processed   121,000,000 records.  Elapsed time: 00:14:54s.  Time for last 1,000,000:    7s.  Last read position: LG23:4,136,255
INFO	2021-10-25 22:32:12	AddOrReplaceReadGroups	Processed   122,000,000 records.  Elapsed time: 00:15:01s.  Time for last 1,000,000:    7s.  Last read position: LG23:7,747,038
INFO	2021-10-25 22:32:20	AddOrReplaceReadGroups	Processed   123,000,000 records.  Elapsed time: 00:15:08s.  Time for last 1,000,000:    7s.  Last read position: LG23:11,404,241
INFO	2021-10-25 22:32:27	AddOrReplaceReadGroups	Processed   124,000,000 records.  Elapsed time: 00:15:16s.  Time for last 1,000,000:    7s.  Last read position: LG23:15,169,072
INFO	2021-10-25 22:32:34	AddOrReplaceReadGroups	Processed   125,000,000 records.  Elapsed time: 00:15:23s.  Time for last 1,000,000:    7s.  Last read position: LG24:2,577,121
INFO	2021-10-25 22:32:41	AddOrReplaceReadGroups	Processed   126,000,000 records.  Elapsed time: 00:15:30s.  Time for last 1,000,000:    7s.  Last read position: LG24:6,539,392
INFO	2021-10-25 22:32:49	AddOrReplaceReadGroups	Processed   127,000,000 records.  Elapsed time: 00:15:37s.  Time for last 1,000,000:    7s.  Last read position: LG24:11,278,835
INFO	2021-10-25 22:32:56	AddOrReplaceReadGroups	Processed   128,000,000 records.  Elapsed time: 00:15:45s.  Time for last 1,000,000:    7s.  Last read position: LG25:1,502,735
INFO	2021-10-25 22:33:03	AddOrReplaceReadGroups	Processed   129,000,000 records.  Elapsed time: 00:15:52s.  Time for last 1,000,000:    7s.  Last read position: LG25:5,647,777
INFO	2021-10-25 22:33:10	AddOrReplaceReadGroups	Processed   130,000,000 records.  Elapsed time: 00:15:59s.  Time for last 1,000,000:    7s.  Last read position: LG25:10,161,216
INFO	2021-10-25 22:33:17	AddOrReplaceReadGroups	Processed   131,000,000 records.  Elapsed time: 00:16:06s.  Time for last 1,000,000:    7s.  Last read position: LG26:258,182
INFO	2021-10-25 22:33:25	AddOrReplaceReadGroups	Processed   132,000,000 records.  Elapsed time: 00:16:13s.  Time for last 1,000,000:    7s.  Last read position: LG26:4,253,804
INFO	2021-10-25 22:33:32	AddOrReplaceReadGroups	Processed   133,000,000 records.  Elapsed time: 00:16:21s.  Time for last 1,000,000:    7s.  Last read position: LG26:7,966,294
INFO	2021-10-25 22:33:39	AddOrReplaceReadGroups	Processed   134,000,000 records.  Elapsed time: 00:16:28s.  Time for last 1,000,000:    7s.  Last read position: LG26:12,609,046
INFO	2021-10-25 22:33:46	AddOrReplaceReadGroups	Processed   135,000,000 records.  Elapsed time: 00:16:35s.  Time for last 1,000,000:    7s.  Last read position: LG27:3,580,302
INFO	2021-10-25 22:33:53	AddOrReplaceReadGroups	Processed   136,000,000 records.  Elapsed time: 00:16:42s.  Time for last 1,000,000:    7s.  Last read position: LG27:7,722,883
INFO	2021-10-25 22:34:01	AddOrReplaceReadGroups	Processed   137,000,000 records.  Elapsed time: 00:16:49s.  Time for last 1,000,000:    7s.  Last read position: LG27:12,105,237
INFO	2021-10-25 22:34:08	AddOrReplaceReadGroups	Processed   138,000,000 records.  Elapsed time: 00:16:57s.  Time for last 1,000,000:    7s.  Last read position: LG28:3,998,389
INFO	2021-10-25 22:34:15	AddOrReplaceReadGroups	Processed   139,000,000 records.  Elapsed time: 00:17:04s.  Time for last 1,000,000:    7s.  Last read position: LG28:8,276,962
INFO	2021-10-25 22:34:22	AddOrReplaceReadGroups	Processed   140,000,000 records.  Elapsed time: 00:17:11s.  Time for last 1,000,000:    7s.  Last read position: LG29:126,987
INFO	2021-10-25 22:34:29	AddOrReplaceReadGroups	Processed   141,000,000 records.  Elapsed time: 00:17:18s.  Time for last 1,000,000:    7s.  Last read position: LG29:4,009,941
INFO	2021-10-25 22:34:37	AddOrReplaceReadGroups	Processed   142,000,000 records.  Elapsed time: 00:17:25s.  Time for last 1,000,000:    7s.  Last read position: LG30:3,074,345
INFO	2021-10-25 22:34:44	AddOrReplaceReadGroups	Processed   143,000,000 records.  Elapsed time: 00:17:33s.  Time for last 1,000,000:    7s.  Last read position: LG30:7,795,090
INFO	2021-10-25 22:34:51	AddOrReplaceReadGroups	Processed   144,000,000 records.  Elapsed time: 00:17:40s.  Time for last 1,000,000:    7s.  Last read position: UNPIN3877:28,485
INFO	2021-10-25 22:34:58	AddOrReplaceReadGroups	Processed   145,000,000 records.  Elapsed time: 00:17:47s.  Time for last 1,000,000:    7s.  Last read position: UNPIN3877:75,940
INFO	2021-10-25 22:35:05	AddOrReplaceReadGroups	Processed   146,000,000 records.  Elapsed time: 00:17:54s.  Time for last 1,000,000:    7s.  Last read position: UNPIN3877:122,217
INFO	2021-10-25 22:35:12	AddOrReplaceReadGroups	Processed   147,000,000 records.  Elapsed time: 00:18:01s.  Time for last 1,000,000:    6s.  Last read position: */*
INFO	2021-10-25 22:35:17	AddOrReplaceReadGroups	Processed   148,000,000 records.  Elapsed time: 00:18:06s.  Time for last 1,000,000:    4s.  Last read position: */*
INFO	2021-10-25 22:35:22	AddOrReplaceReadGroups	Processed   149,000,000 records.  Elapsed time: 00:18:11s.  Time for last 1,000,000:    4s.  Last read position: */*
INFO	2021-10-25 22:35:27	AddOrReplaceReadGroups	Processed   150,000,000 records.  Elapsed time: 00:18:15s.  Time for last 1,000,000:    4s.  Last read position: */*
INFO	2021-10-25 22:35:32	AddOrReplaceReadGroups	Processed   151,000,000 records.  Elapsed time: 00:18:20s.  Time for last 1,000,000:    4s.  Last read position: */*
INFO	2021-10-25 22:35:37	AddOrReplaceReadGroups	Processed   152,000,000 records.  Elapsed time: 00:18:25s.  Time for last 1,000,000:    4s.  Last read position: */*
INFO	2021-10-25 22:35:41	AddOrReplaceReadGroups	Processed   153,000,000 records.  Elapsed time: 00:18:30s.  Time for last 1,000,000:    4s.  Last read position: */*
INFO	2021-10-25 22:35:46	AddOrReplaceReadGroups	Processed   154,000,000 records.  Elapsed time: 00:18:35s.  Time for last 1,000,000:    4s.  Last read position: */*
INFO	2021-10-25 22:35:51	AddOrReplaceReadGroups	Processed   155,000,000 records.  Elapsed time: 00:18:40s.  Time for last 1,000,000:    4s.  Last read position: */*
[Mon Oct 25 22:35:53 PDT 2021] picard.sam.AddOrReplaceReadGroups done. Elapsed time: 18.72 minutes.
Runtime.totalMemory()=46186496
Tool returned:
0
