==========================================
SLURM_JOB_ID = 2289137
SLURM_JOB_NODELIST = b10-17
TMPDIR = /tmp/SLURM_2289137
==========================================
Running Sample ID SRR12223708_SRP271933_Undaria_pinnatifida_individual_38_2018-01-04_NAT_Kr_Goseong_2_South_Korea with options  --RGID CC860ANXX.4 --RGLB SRR12223708 --RGPL ILLUMINA --RGPU CC860ANXX.4.SRR12223708 --RGSM NAT_Kr_Goseong_2_South_Korea 
Using GATK jar /home1/mharden/.conda/envs/gatk4/share/gatk4-4.2.2.0-1/gatk-package-4.2.2.0-local.jar
Running:
    java -Dsamjdk.use_async_io_read_samtools=false -Dsamjdk.use_async_io_write_samtools=true -Dsamjdk.use_async_io_write_tribble=false -Dsamjdk.compression_level=2 -jar /home1/mharden/.conda/envs/gatk4/share/gatk4-4.2.2.0-1/gatk-package-4.2.2.0-local.jar AddOrReplaceReadGroups -I SRR12223708_SRP271933_Undaria_pinnatifida_individual_38_2018-01-04_NAT_Kr_Goseong_2_South_Korea.sorted.bam -O SRR12223708_SRP271933_Undaria_pinnatifida_individual_38_2018-01-04_NAT_Kr_Goseong_2_South_Korea.RG.sorted.bam --RGID CC860ANXX.4 --RGLB SRR12223708 --RGPL ILLUMINA --RGPU CC860ANXX.4.SRR12223708 --RGSM NAT_Kr_Goseong_2_South_Korea
21:55:33.957 INFO  NativeLibraryLoader - Loading libgkl_compression.so from jar:file:/home1/mharden/.conda/envs/gatk4/share/gatk4-4.2.2.0-1/gatk-package-4.2.2.0-local.jar!/com/intel/gkl/native/libgkl_compression.so
[Mon Oct 25 21:55:33 PDT 2021] AddOrReplaceReadGroups --INPUT SRR12223708_SRP271933_Undaria_pinnatifida_individual_38_2018-01-04_NAT_Kr_Goseong_2_South_Korea.sorted.bam --OUTPUT SRR12223708_SRP271933_Undaria_pinnatifida_individual_38_2018-01-04_NAT_Kr_Goseong_2_South_Korea.RG.sorted.bam --RGID CC860ANXX.4 --RGLB SRR12223708 --RGPL ILLUMINA --RGPU CC860ANXX.4.SRR12223708 --RGSM NAT_Kr_Goseong_2_South_Korea --VERBOSITY INFO --QUIET false --VALIDATION_STRINGENCY STRICT --COMPRESSION_LEVEL 2 --MAX_RECORDS_IN_RAM 500000 --CREATE_INDEX false --CREATE_MD5_FILE false --GA4GH_CLIENT_SECRETS client_secrets.json --help false --version false --showHidden false --USE_JDK_DEFLATER false --USE_JDK_INFLATER false
Oct 25, 2021 9:55:34 PM shaded.cloud_nio.com.google.auth.oauth2.ComputeEngineCredentials runningOnComputeEngine
INFO: Failed to detect whether we are running on Google Compute Engine.
[Mon Oct 25 21:55:34 PDT 2021] Executing as mharden@b10-17.hpc.usc.edu on Linux 3.10.0-1062.4.1.el7.x86_64 amd64; OpenJDK 64-Bit Server VM 1.8.0_302-b08; Deflater: Intel; Inflater: Intel; Provider GCS is available; Picard version: Version:4.2.2.0
INFO	2021-10-25 21:55:34	AddOrReplaceReadGroups	Created read-group ID=CC860ANXX.4 PL=ILLUMINA LB=SRR12223708 SM=NAT_Kr_Goseong_2_South_Korea

INFO	2021-10-25 21:55:44	AddOrReplaceReadGroups	Processed     1,000,000 records.  Elapsed time: 00:00:10s.  Time for last 1,000,000:   10s.  Last read position: LG00:5,259,133
INFO	2021-10-25 21:55:53	AddOrReplaceReadGroups	Processed     2,000,000 records.  Elapsed time: 00:00:19s.  Time for last 1,000,000:    9s.  Last read position: LG00:6,769,160
INFO	2021-10-25 21:56:02	AddOrReplaceReadGroups	Processed     3,000,000 records.  Elapsed time: 00:00:28s.  Time for last 1,000,000:    9s.  Last read position: LG00:11,435,102
INFO	2021-10-25 21:56:12	AddOrReplaceReadGroups	Processed     4,000,000 records.  Elapsed time: 00:00:37s.  Time for last 1,000,000:    9s.  Last read position: LG00:16,176,747
INFO	2021-10-25 21:56:20	AddOrReplaceReadGroups	Processed     5,000,000 records.  Elapsed time: 00:00:46s.  Time for last 1,000,000:    8s.  Last read position: LG00:21,228,640
INFO	2021-10-25 21:56:28	AddOrReplaceReadGroups	Processed     6,000,000 records.  Elapsed time: 00:00:54s.  Time for last 1,000,000:    8s.  Last read position: LG00:26,211,214
INFO	2021-10-25 21:56:37	AddOrReplaceReadGroups	Processed     7,000,000 records.  Elapsed time: 00:01:02s.  Time for last 1,000,000:    8s.  Last read position: LG00:30,924,120
INFO	2021-10-25 21:56:45	AddOrReplaceReadGroups	Processed     8,000,000 records.  Elapsed time: 00:01:11s.  Time for last 1,000,000:    8s.  Last read position: LG00:35,574,166
INFO	2021-10-25 21:56:53	AddOrReplaceReadGroups	Processed     9,000,000 records.  Elapsed time: 00:01:18s.  Time for last 1,000,000:    7s.  Last read position: LG00:41,019,112
INFO	2021-10-25 21:57:01	AddOrReplaceReadGroups	Processed    10,000,000 records.  Elapsed time: 00:01:27s.  Time for last 1,000,000:    8s.  Last read position: LG00:45,775,255
INFO	2021-10-25 21:57:09	AddOrReplaceReadGroups	Processed    11,000,000 records.  Elapsed time: 00:01:35s.  Time for last 1,000,000:    7s.  Last read position: LG00:50,939,204
INFO	2021-10-25 21:57:17	AddOrReplaceReadGroups	Processed    12,000,000 records.  Elapsed time: 00:01:42s.  Time for last 1,000,000:    7s.  Last read position: LG00:56,754,526
INFO	2021-10-25 21:57:25	AddOrReplaceReadGroups	Processed    13,000,000 records.  Elapsed time: 00:01:51s.  Time for last 1,000,000:    8s.  Last read position: LG00:62,060,810
INFO	2021-10-25 21:57:34	AddOrReplaceReadGroups	Processed    14,000,000 records.  Elapsed time: 00:02:00s.  Time for last 1,000,000:    9s.  Last read position: LG00:68,672,262
INFO	2021-10-25 21:57:44	AddOrReplaceReadGroups	Processed    15,000,000 records.  Elapsed time: 00:02:09s.  Time for last 1,000,000:    9s.  Last read position: LG00:74,194,882
INFO	2021-10-25 21:57:53	AddOrReplaceReadGroups	Processed    16,000,000 records.  Elapsed time: 00:02:18s.  Time for last 1,000,000:    9s.  Last read position: LG00:79,880,950
INFO	2021-10-25 21:58:01	AddOrReplaceReadGroups	Processed    17,000,000 records.  Elapsed time: 00:02:26s.  Time for last 1,000,000:    8s.  Last read position: LG00:85,225,979
INFO	2021-10-25 21:58:09	AddOrReplaceReadGroups	Processed    18,000,000 records.  Elapsed time: 00:02:35s.  Time for last 1,000,000:    8s.  Last read position: LG00:91,275,693
INFO	2021-10-25 21:58:17	AddOrReplaceReadGroups	Processed    19,000,000 records.  Elapsed time: 00:02:43s.  Time for last 1,000,000:    8s.  Last read position: LG00:96,966,539
INFO	2021-10-25 21:58:26	AddOrReplaceReadGroups	Processed    20,000,000 records.  Elapsed time: 00:02:51s.  Time for last 1,000,000:    8s.  Last read position: LG00:103,524,696
INFO	2021-10-25 21:58:37	AddOrReplaceReadGroups	Processed    21,000,000 records.  Elapsed time: 00:03:03s.  Time for last 1,000,000:   11s.  Last read position: LG00:109,571,342
INFO	2021-10-25 21:58:54	AddOrReplaceReadGroups	Processed    22,000,000 records.  Elapsed time: 00:03:19s.  Time for last 1,000,000:   16s.  Last read position: LG00:116,073,115
INFO	2021-10-25 21:59:02	AddOrReplaceReadGroups	Processed    23,000,000 records.  Elapsed time: 00:03:27s.  Time for last 1,000,000:    8s.  Last read position: LG00:121,915,554
INFO	2021-10-25 21:59:10	AddOrReplaceReadGroups	Processed    24,000,000 records.  Elapsed time: 00:03:35s.  Time for last 1,000,000:    7s.  Last read position: LG00:128,081,801
INFO	2021-10-25 21:59:18	AddOrReplaceReadGroups	Processed    25,000,000 records.  Elapsed time: 00:03:43s.  Time for last 1,000,000:    7s.  Last read position: LG00:134,034,214
INFO	2021-10-25 21:59:26	AddOrReplaceReadGroups	Processed    26,000,000 records.  Elapsed time: 00:03:51s.  Time for last 1,000,000:    7s.  Last read position: LG00:140,208,536
INFO	2021-10-25 21:59:33	AddOrReplaceReadGroups	Processed    27,000,000 records.  Elapsed time: 00:03:59s.  Time for last 1,000,000:    7s.  Last read position: LG00:146,419,944
INFO	2021-10-25 21:59:41	AddOrReplaceReadGroups	Processed    28,000,000 records.  Elapsed time: 00:04:07s.  Time for last 1,000,000:    7s.  Last read position: LG00:152,570,146
INFO	2021-10-25 21:59:49	AddOrReplaceReadGroups	Processed    29,000,000 records.  Elapsed time: 00:04:15s.  Time for last 1,000,000:    7s.  Last read position: LG00:155,822,003
INFO	2021-10-25 21:59:57	AddOrReplaceReadGroups	Processed    30,000,000 records.  Elapsed time: 00:04:22s.  Time for last 1,000,000:    7s.  Last read position: LG00:161,963,999
INFO	2021-10-25 22:00:05	AddOrReplaceReadGroups	Processed    31,000,000 records.  Elapsed time: 00:04:30s.  Time for last 1,000,000:    7s.  Last read position: LG00:167,476,542
INFO	2021-10-25 22:00:12	AddOrReplaceReadGroups	Processed    32,000,000 records.  Elapsed time: 00:04:38s.  Time for last 1,000,000:    7s.  Last read position: LG00:172,360,687
INFO	2021-10-25 22:00:20	AddOrReplaceReadGroups	Processed    33,000,000 records.  Elapsed time: 00:04:46s.  Time for last 1,000,000:    7s.  Last read position: LG01:1,620,553
INFO	2021-10-25 22:00:28	AddOrReplaceReadGroups	Processed    34,000,000 records.  Elapsed time: 00:04:53s.  Time for last 1,000,000:    7s.  Last read position: LG01:4,630,806
INFO	2021-10-25 22:00:35	AddOrReplaceReadGroups	Processed    35,000,000 records.  Elapsed time: 00:05:01s.  Time for last 1,000,000:    7s.  Last read position: LG01:8,550,899
INFO	2021-10-25 22:00:43	AddOrReplaceReadGroups	Processed    36,000,000 records.  Elapsed time: 00:05:08s.  Time for last 1,000,000:    7s.  Last read position: LG01:13,194,331
INFO	2021-10-25 22:00:51	AddOrReplaceReadGroups	Processed    37,000,000 records.  Elapsed time: 00:05:16s.  Time for last 1,000,000:    7s.  Last read position: LG01:17,074,196
INFO	2021-10-25 22:00:58	AddOrReplaceReadGroups	Processed    38,000,000 records.  Elapsed time: 00:05:24s.  Time for last 1,000,000:    7s.  Last read position: LG01:21,696,986
INFO	2021-10-25 22:01:06	AddOrReplaceReadGroups	Processed    39,000,000 records.  Elapsed time: 00:05:32s.  Time for last 1,000,000:    7s.  Last read position: LG01:25,581,841
INFO	2021-10-25 22:01:14	AddOrReplaceReadGroups	Processed    40,000,000 records.  Elapsed time: 00:05:39s.  Time for last 1,000,000:    7s.  Last read position: LG02:2,401,951
INFO	2021-10-25 22:01:21	AddOrReplaceReadGroups	Processed    41,000,000 records.  Elapsed time: 00:05:47s.  Time for last 1,000,000:    7s.  Last read position: LG02:5,894,684
INFO	2021-10-25 22:01:29	AddOrReplaceReadGroups	Processed    42,000,000 records.  Elapsed time: 00:05:55s.  Time for last 1,000,000:    7s.  Last read position: LG02:9,545,510
INFO	2021-10-25 22:01:37	AddOrReplaceReadGroups	Processed    43,000,000 records.  Elapsed time: 00:06:02s.  Time for last 1,000,000:    7s.  Last read position: LG02:13,412,853
INFO	2021-10-25 22:01:44	AddOrReplaceReadGroups	Processed    44,000,000 records.  Elapsed time: 00:06:10s.  Time for last 1,000,000:    7s.  Last read position: LG02:17,656,816
INFO	2021-10-25 22:01:52	AddOrReplaceReadGroups	Processed    45,000,000 records.  Elapsed time: 00:06:18s.  Time for last 1,000,000:    7s.  Last read position: LG03:2,569,314
INFO	2021-10-25 22:02:00	AddOrReplaceReadGroups	Processed    46,000,000 records.  Elapsed time: 00:06:25s.  Time for last 1,000,000:    7s.  Last read position: LG03:7,124,279
INFO	2021-10-25 22:02:07	AddOrReplaceReadGroups	Processed    47,000,000 records.  Elapsed time: 00:06:33s.  Time for last 1,000,000:    7s.  Last read position: LG03:11,713,570
INFO	2021-10-25 22:02:15	AddOrReplaceReadGroups	Processed    48,000,000 records.  Elapsed time: 00:06:41s.  Time for last 1,000,000:    7s.  Last read position: LG04:624,003
INFO	2021-10-25 22:02:23	AddOrReplaceReadGroups	Processed    49,000,000 records.  Elapsed time: 00:06:48s.  Time for last 1,000,000:    7s.  Last read position: LG04:4,748,119
INFO	2021-10-25 22:02:30	AddOrReplaceReadGroups	Processed    50,000,000 records.  Elapsed time: 00:06:56s.  Time for last 1,000,000:    7s.  Last read position: LG04:9,073,945
INFO	2021-10-25 22:02:38	AddOrReplaceReadGroups	Processed    51,000,000 records.  Elapsed time: 00:07:04s.  Time for last 1,000,000:    7s.  Last read position: LG04:13,404,545
INFO	2021-10-25 22:02:46	AddOrReplaceReadGroups	Processed    52,000,000 records.  Elapsed time: 00:07:11s.  Time for last 1,000,000:    7s.  Last read position: LG05:1,757,767
INFO	2021-10-25 22:02:54	AddOrReplaceReadGroups	Processed    53,000,000 records.  Elapsed time: 00:07:19s.  Time for last 1,000,000:    7s.  Last read position: LG05:5,770,094
INFO	2021-10-25 22:03:01	AddOrReplaceReadGroups	Processed    54,000,000 records.  Elapsed time: 00:07:27s.  Time for last 1,000,000:    7s.  Last read position: LG05:9,101,466
INFO	2021-10-25 22:03:09	AddOrReplaceReadGroups	Processed    55,000,000 records.  Elapsed time: 00:07:35s.  Time for last 1,000,000:    7s.  Last read position: LG05:13,016,795
INFO	2021-10-25 22:03:17	AddOrReplaceReadGroups	Processed    56,000,000 records.  Elapsed time: 00:07:42s.  Time for last 1,000,000:    7s.  Last read position: LG05:16,990,501
INFO	2021-10-25 22:03:24	AddOrReplaceReadGroups	Processed    57,000,000 records.  Elapsed time: 00:07:50s.  Time for last 1,000,000:    7s.  Last read position: LG05:20,999,040
INFO	2021-10-25 22:03:32	AddOrReplaceReadGroups	Processed    58,000,000 records.  Elapsed time: 00:07:58s.  Time for last 1,000,000:    7s.  Last read position: LG06:2,603,374
INFO	2021-10-25 22:03:40	AddOrReplaceReadGroups	Processed    59,000,000 records.  Elapsed time: 00:08:05s.  Time for last 1,000,000:    7s.  Last read position: LG06:7,065,072
INFO	2021-10-25 22:03:47	AddOrReplaceReadGroups	Processed    60,000,000 records.  Elapsed time: 00:08:13s.  Time for last 1,000,000:    7s.  Last read position: LG06:11,377,174
INFO	2021-10-25 22:03:55	AddOrReplaceReadGroups	Processed    61,000,000 records.  Elapsed time: 00:08:21s.  Time for last 1,000,000:    7s.  Last read position: LG07:2,828,343
INFO	2021-10-25 22:04:03	AddOrReplaceReadGroups	Processed    62,000,000 records.  Elapsed time: 00:08:28s.  Time for last 1,000,000:    7s.  Last read position: LG07:6,561,639
INFO	2021-10-25 22:04:10	AddOrReplaceReadGroups	Processed    63,000,000 records.  Elapsed time: 00:08:36s.  Time for last 1,000,000:    7s.  Last read position: LG07:11,246,939
INFO	2021-10-25 22:04:18	AddOrReplaceReadGroups	Processed    64,000,000 records.  Elapsed time: 00:08:44s.  Time for last 1,000,000:    7s.  Last read position: LG08:2,971,690
INFO	2021-10-25 22:04:26	AddOrReplaceReadGroups	Processed    65,000,000 records.  Elapsed time: 00:08:51s.  Time for last 1,000,000:    7s.  Last read position: LG08:8,360,592
INFO	2021-10-25 22:04:33	AddOrReplaceReadGroups	Processed    66,000,000 records.  Elapsed time: 00:08:59s.  Time for last 1,000,000:    7s.  Last read position: LG08:12,899,407
INFO	2021-10-25 22:04:41	AddOrReplaceReadGroups	Processed    67,000,000 records.  Elapsed time: 00:09:07s.  Time for last 1,000,000:    7s.  Last read position: LG09:1,475,151
INFO	2021-10-25 22:04:49	AddOrReplaceReadGroups	Processed    68,000,000 records.  Elapsed time: 00:09:15s.  Time for last 1,000,000:    7s.  Last read position: LG09:3,084,209
INFO	2021-10-25 22:04:57	AddOrReplaceReadGroups	Processed    69,000,000 records.  Elapsed time: 00:09:22s.  Time for last 1,000,000:    7s.  Last read position: LG09:6,569,648
INFO	2021-10-25 22:05:04	AddOrReplaceReadGroups	Processed    70,000,000 records.  Elapsed time: 00:09:30s.  Time for last 1,000,000:    7s.  Last read position: LG09:10,584,484
INFO	2021-10-25 22:05:12	AddOrReplaceReadGroups	Processed    71,000,000 records.  Elapsed time: 00:09:38s.  Time for last 1,000,000:    7s.  Last read position: LG10:1,930,232
INFO	2021-10-25 22:05:20	AddOrReplaceReadGroups	Processed    72,000,000 records.  Elapsed time: 00:09:45s.  Time for last 1,000,000:    7s.  Last read position: LG10:5,950,918
INFO	2021-10-25 22:05:27	AddOrReplaceReadGroups	Processed    73,000,000 records.  Elapsed time: 00:09:53s.  Time for last 1,000,000:    7s.  Last read position: LG10:10,021,056
INFO	2021-10-25 22:05:35	AddOrReplaceReadGroups	Processed    74,000,000 records.  Elapsed time: 00:10:01s.  Time for last 1,000,000:    7s.  Last read position: LG10:14,484,116
INFO	2021-10-25 22:05:43	AddOrReplaceReadGroups	Processed    75,000,000 records.  Elapsed time: 00:10:08s.  Time for last 1,000,000:    7s.  Last read position: LG10:18,112,722
INFO	2021-10-25 22:05:51	AddOrReplaceReadGroups	Processed    76,000,000 records.  Elapsed time: 00:10:16s.  Time for last 1,000,000:    7s.  Last read position: LG10:22,327,791
INFO	2021-10-25 22:05:58	AddOrReplaceReadGroups	Processed    77,000,000 records.  Elapsed time: 00:10:24s.  Time for last 1,000,000:    7s.  Last read position: LG10:26,473,199
INFO	2021-10-25 22:06:06	AddOrReplaceReadGroups	Processed    78,000,000 records.  Elapsed time: 00:10:32s.  Time for last 1,000,000:    7s.  Last read position: LG11:2,076,883
INFO	2021-10-25 22:06:14	AddOrReplaceReadGroups	Processed    79,000,000 records.  Elapsed time: 00:10:39s.  Time for last 1,000,000:    7s.  Last read position: LG11:5,573,695
INFO	2021-10-25 22:06:22	AddOrReplaceReadGroups	Processed    80,000,000 records.  Elapsed time: 00:10:47s.  Time for last 1,000,000:    7s.  Last read position: LG11:9,575,828
INFO	2021-10-25 22:06:29	AddOrReplaceReadGroups	Processed    81,000,000 records.  Elapsed time: 00:10:55s.  Time for last 1,000,000:    7s.  Last read position: LG11:13,735,994
INFO	2021-10-25 22:06:37	AddOrReplaceReadGroups	Processed    82,000,000 records.  Elapsed time: 00:11:03s.  Time for last 1,000,000:    7s.  Last read position: LG11:17,794,480
INFO	2021-10-25 22:06:45	AddOrReplaceReadGroups	Processed    83,000,000 records.  Elapsed time: 00:11:10s.  Time for last 1,000,000:    7s.  Last read position: LG11:23,233,544
INFO	2021-10-25 22:06:52	AddOrReplaceReadGroups	Processed    84,000,000 records.  Elapsed time: 00:11:18s.  Time for last 1,000,000:    7s.  Last read position: LG12:1,000,074
INFO	2021-10-25 22:07:00	AddOrReplaceReadGroups	Processed    85,000,000 records.  Elapsed time: 00:11:26s.  Time for last 1,000,000:    7s.  Last read position: LG12:5,461,067
INFO	2021-10-25 22:07:07	AddOrReplaceReadGroups	Processed    86,000,000 records.  Elapsed time: 00:11:33s.  Time for last 1,000,000:    7s.  Last read position: LG12:9,414,548
INFO	2021-10-25 22:07:15	AddOrReplaceReadGroups	Processed    87,000,000 records.  Elapsed time: 00:11:41s.  Time for last 1,000,000:    7s.  Last read position: LG12:13,438,550
INFO	2021-10-25 22:07:23	AddOrReplaceReadGroups	Processed    88,000,000 records.  Elapsed time: 00:11:48s.  Time for last 1,000,000:    7s.  Last read position: LG13:2,990,786
INFO	2021-10-25 22:07:30	AddOrReplaceReadGroups	Processed    89,000,000 records.  Elapsed time: 00:11:56s.  Time for last 1,000,000:    7s.  Last read position: LG13:6,749,354
INFO	2021-10-25 22:07:38	AddOrReplaceReadGroups	Processed    90,000,000 records.  Elapsed time: 00:12:03s.  Time for last 1,000,000:    7s.  Last read position: LG13:10,328,596
INFO	2021-10-25 22:07:45	AddOrReplaceReadGroups	Processed    91,000,000 records.  Elapsed time: 00:12:11s.  Time for last 1,000,000:    7s.  Last read position: LG13:14,234,051
INFO	2021-10-25 22:07:53	AddOrReplaceReadGroups	Processed    92,000,000 records.  Elapsed time: 00:12:19s.  Time for last 1,000,000:    7s.  Last read position: LG14:3,155,997
INFO	2021-10-25 22:08:01	AddOrReplaceReadGroups	Processed    93,000,000 records.  Elapsed time: 00:12:26s.  Time for last 1,000,000:    7s.  Last read position: LG14:6,710,512
INFO	2021-10-25 22:08:08	AddOrReplaceReadGroups	Processed    94,000,000 records.  Elapsed time: 00:12:34s.  Time for last 1,000,000:    7s.  Last read position: LG14:10,392,079
INFO	2021-10-25 22:08:16	AddOrReplaceReadGroups	Processed    95,000,000 records.  Elapsed time: 00:12:42s.  Time for last 1,000,000:    7s.  Last read position: LG15:724,774
INFO	2021-10-25 22:08:24	AddOrReplaceReadGroups	Processed    96,000,000 records.  Elapsed time: 00:12:49s.  Time for last 1,000,000:    7s.  Last read position: LG15:4,276,477
INFO	2021-10-25 22:08:31	AddOrReplaceReadGroups	Processed    97,000,000 records.  Elapsed time: 00:12:57s.  Time for last 1,000,000:    7s.  Last read position: LG15:8,510,798
INFO	2021-10-25 22:08:39	AddOrReplaceReadGroups	Processed    98,000,000 records.  Elapsed time: 00:13:04s.  Time for last 1,000,000:    7s.  Last read position: LG15:12,120,328
INFO	2021-10-25 22:08:46	AddOrReplaceReadGroups	Processed    99,000,000 records.  Elapsed time: 00:13:12s.  Time for last 1,000,000:    7s.  Last read position: LG15:15,760,481
INFO	2021-10-25 22:08:54	AddOrReplaceReadGroups	Processed   100,000,000 records.  Elapsed time: 00:13:19s.  Time for last 1,000,000:    7s.  Last read position: LG16:1,477,439
INFO	2021-10-25 22:09:02	AddOrReplaceReadGroups	Processed   101,000,000 records.  Elapsed time: 00:13:27s.  Time for last 1,000,000:    7s.  Last read position: LG16:5,475,141
INFO	2021-10-25 22:09:09	AddOrReplaceReadGroups	Processed   102,000,000 records.  Elapsed time: 00:13:35s.  Time for last 1,000,000:    7s.  Last read position: LG16:9,830,797
INFO	2021-10-25 22:09:17	AddOrReplaceReadGroups	Processed   103,000,000 records.  Elapsed time: 00:13:43s.  Time for last 1,000,000:    7s.  Last read position: LG16:13,393,807
INFO	2021-10-25 22:09:25	AddOrReplaceReadGroups	Processed   104,000,000 records.  Elapsed time: 00:13:50s.  Time for last 1,000,000:    7s.  Last read position: LG17:1,314,805
INFO	2021-10-25 22:09:32	AddOrReplaceReadGroups	Processed   105,000,000 records.  Elapsed time: 00:13:58s.  Time for last 1,000,000:    7s.  Last read position: LG17:4,097,992
INFO	2021-10-25 22:09:40	AddOrReplaceReadGroups	Processed   106,000,000 records.  Elapsed time: 00:14:06s.  Time for last 1,000,000:    7s.  Last read position: LG17:7,759,141
INFO	2021-10-25 22:09:48	AddOrReplaceReadGroups	Processed   107,000,000 records.  Elapsed time: 00:14:13s.  Time for last 1,000,000:    7s.  Last read position: LG17:11,703,817
INFO	2021-10-25 22:09:55	AddOrReplaceReadGroups	Processed   108,000,000 records.  Elapsed time: 00:14:21s.  Time for last 1,000,000:    7s.  Last read position: LG18:4,033,417
INFO	2021-10-25 22:10:03	AddOrReplaceReadGroups	Processed   109,000,000 records.  Elapsed time: 00:14:28s.  Time for last 1,000,000:    7s.  Last read position: LG18:8,399,869
INFO	2021-10-25 22:10:10	AddOrReplaceReadGroups	Processed   110,000,000 records.  Elapsed time: 00:14:36s.  Time for last 1,000,000:    7s.  Last read position: LG18:12,016,745
INFO	2021-10-25 22:10:18	AddOrReplaceReadGroups	Processed   111,000,000 records.  Elapsed time: 00:14:43s.  Time for last 1,000,000:    7s.  Last read position: LG19:3,384,313
INFO	2021-10-25 22:10:25	AddOrReplaceReadGroups	Processed   112,000,000 records.  Elapsed time: 00:14:51s.  Time for last 1,000,000:    7s.  Last read position: LG19:5,968,993
INFO	2021-10-25 22:10:33	AddOrReplaceReadGroups	Processed   113,000,000 records.  Elapsed time: 00:14:59s.  Time for last 1,000,000:    7s.  Last read position: LG19:9,764,283
INFO	2021-10-25 22:10:41	AddOrReplaceReadGroups	Processed   114,000,000 records.  Elapsed time: 00:15:06s.  Time for last 1,000,000:    7s.  Last read position: LG19:13,463,792
INFO	2021-10-25 22:10:48	AddOrReplaceReadGroups	Processed   115,000,000 records.  Elapsed time: 00:15:14s.  Time for last 1,000,000:    7s.  Last read position: LG20:2,238,973
INFO	2021-10-25 22:10:56	AddOrReplaceReadGroups	Processed   116,000,000 records.  Elapsed time: 00:15:21s.  Time for last 1,000,000:    7s.  Last read position: LG20:6,044,584
INFO	2021-10-25 22:11:03	AddOrReplaceReadGroups	Processed   117,000,000 records.  Elapsed time: 00:15:29s.  Time for last 1,000,000:    7s.  Last read position: LG20:10,061,660
INFO	2021-10-25 22:11:11	AddOrReplaceReadGroups	Processed   118,000,000 records.  Elapsed time: 00:15:37s.  Time for last 1,000,000:    7s.  Last read position: LG21:1,269,079
INFO	2021-10-25 22:11:19	AddOrReplaceReadGroups	Processed   119,000,000 records.  Elapsed time: 00:15:44s.  Time for last 1,000,000:    7s.  Last read position: LG21:5,042,097
INFO	2021-10-25 22:11:26	AddOrReplaceReadGroups	Processed   120,000,000 records.  Elapsed time: 00:15:52s.  Time for last 1,000,000:    7s.  Last read position: LG21:8,704,015
INFO	2021-10-25 22:11:34	AddOrReplaceReadGroups	Processed   121,000,000 records.  Elapsed time: 00:16:00s.  Time for last 1,000,000:    7s.  Last read position: LG21:12,923,086
INFO	2021-10-25 22:11:42	AddOrReplaceReadGroups	Processed   122,000,000 records.  Elapsed time: 00:16:08s.  Time for last 1,000,000:    7s.  Last read position: LG22:2,448,231
INFO	2021-10-25 22:11:49	AddOrReplaceReadGroups	Processed   123,000,000 records.  Elapsed time: 00:16:15s.  Time for last 1,000,000:    7s.  Last read position: LG22:6,194,564
INFO	2021-10-25 22:11:57	AddOrReplaceReadGroups	Processed   124,000,000 records.  Elapsed time: 00:16:23s.  Time for last 1,000,000:    7s.  Last read position: LG22:10,431,894
INFO	2021-10-25 22:12:05	AddOrReplaceReadGroups	Processed   125,000,000 records.  Elapsed time: 00:16:30s.  Time for last 1,000,000:    7s.  Last read position: LG23:2,531,841
INFO	2021-10-25 22:12:12	AddOrReplaceReadGroups	Processed   126,000,000 records.  Elapsed time: 00:16:38s.  Time for last 1,000,000:    7s.  Last read position: LG23:6,155,916
INFO	2021-10-25 22:12:20	AddOrReplaceReadGroups	Processed   127,000,000 records.  Elapsed time: 00:16:46s.  Time for last 1,000,000:    7s.  Last read position: LG23:9,380,492
INFO	2021-10-25 22:12:28	AddOrReplaceReadGroups	Processed   128,000,000 records.  Elapsed time: 00:16:53s.  Time for last 1,000,000:    7s.  Last read position: LG23:12,890,069
INFO	2021-10-25 22:12:35	AddOrReplaceReadGroups	Processed   129,000,000 records.  Elapsed time: 00:17:01s.  Time for last 1,000,000:    7s.  Last read position: LG24:267,443
INFO	2021-10-25 22:12:43	AddOrReplaceReadGroups	Processed   130,000,000 records.  Elapsed time: 00:17:08s.  Time for last 1,000,000:    7s.  Last read position: LG24:4,172,944
INFO	2021-10-25 22:12:50	AddOrReplaceReadGroups	Processed   131,000,000 records.  Elapsed time: 00:17:16s.  Time for last 1,000,000:    7s.  Last read position: LG24:7,984,750
INFO	2021-10-25 22:12:58	AddOrReplaceReadGroups	Processed   132,000,000 records.  Elapsed time: 00:17:24s.  Time for last 1,000,000:    7s.  Last read position: LG24:12,450,040
INFO	2021-10-25 22:13:06	AddOrReplaceReadGroups	Processed   133,000,000 records.  Elapsed time: 00:17:31s.  Time for last 1,000,000:    7s.  Last read position: LG25:2,661,301
INFO	2021-10-25 22:13:13	AddOrReplaceReadGroups	Processed   134,000,000 records.  Elapsed time: 00:17:39s.  Time for last 1,000,000:    7s.  Last read position: LG25:6,807,956
INFO	2021-10-25 22:13:21	AddOrReplaceReadGroups	Processed   135,000,000 records.  Elapsed time: 00:17:46s.  Time for last 1,000,000:    7s.  Last read position: LG25:10,862,554
INFO	2021-10-25 22:13:28	AddOrReplaceReadGroups	Processed   136,000,000 records.  Elapsed time: 00:17:54s.  Time for last 1,000,000:    7s.  Last read position: LG26:753,975
INFO	2021-10-25 22:13:36	AddOrReplaceReadGroups	Processed   137,000,000 records.  Elapsed time: 00:18:02s.  Time for last 1,000,000:    7s.  Last read position: LG26:4,435,491
INFO	2021-10-25 22:13:44	AddOrReplaceReadGroups	Processed   138,000,000 records.  Elapsed time: 00:18:09s.  Time for last 1,000,000:    7s.  Last read position: LG26:7,550,338
INFO	2021-10-25 22:13:51	AddOrReplaceReadGroups	Processed   139,000,000 records.  Elapsed time: 00:18:17s.  Time for last 1,000,000:    7s.  Last read position: LG26:11,978,796
INFO	2021-10-25 22:13:59	AddOrReplaceReadGroups	Processed   140,000,000 records.  Elapsed time: 00:18:25s.  Time for last 1,000,000:    7s.  Last read position: LG27:2,497,062
INFO	2021-10-25 22:14:07	AddOrReplaceReadGroups	Processed   141,000,000 records.  Elapsed time: 00:18:32s.  Time for last 1,000,000:    7s.  Last read position: LG27:6,947,394
INFO	2021-10-25 22:14:14	AddOrReplaceReadGroups	Processed   142,000,000 records.  Elapsed time: 00:18:40s.  Time for last 1,000,000:    7s.  Last read position: LG27:11,265,637
INFO	2021-10-25 22:14:22	AddOrReplaceReadGroups	Processed   143,000,000 records.  Elapsed time: 00:18:48s.  Time for last 1,000,000:    7s.  Last read position: LG28:2,890,857
INFO	2021-10-25 22:14:30	AddOrReplaceReadGroups	Processed   144,000,000 records.  Elapsed time: 00:18:55s.  Time for last 1,000,000:    7s.  Last read position: LG28:6,943,104
INFO	2021-10-25 22:14:37	AddOrReplaceReadGroups	Processed   145,000,000 records.  Elapsed time: 00:19:03s.  Time for last 1,000,000:    7s.  Last read position: LG28:10,944,801
INFO	2021-10-25 22:14:45	AddOrReplaceReadGroups	Processed   146,000,000 records.  Elapsed time: 00:19:10s.  Time for last 1,000,000:    7s.  Last read position: LG29:2,664,111
INFO	2021-10-25 22:14:52	AddOrReplaceReadGroups	Processed   147,000,000 records.  Elapsed time: 00:19:18s.  Time for last 1,000,000:    7s.  Last read position: LG30:1,470,944
INFO	2021-10-25 22:15:00	AddOrReplaceReadGroups	Processed   148,000,000 records.  Elapsed time: 00:19:26s.  Time for last 1,000,000:    7s.  Last read position: LG30:5,769,104
INFO	2021-10-25 22:15:08	AddOrReplaceReadGroups	Processed   149,000,000 records.  Elapsed time: 00:19:33s.  Time for last 1,000,000:    7s.  Last read position: UNPIN3877:2,861
INFO	2021-10-25 22:15:15	AddOrReplaceReadGroups	Processed   150,000,000 records.  Elapsed time: 00:19:41s.  Time for last 1,000,000:    7s.  Last read position: UNPIN3877:18,076
INFO	2021-10-25 22:15:23	AddOrReplaceReadGroups	Processed   151,000,000 records.  Elapsed time: 00:19:48s.  Time for last 1,000,000:    7s.  Last read position: UNPIN3877:32,355
INFO	2021-10-25 22:15:30	AddOrReplaceReadGroups	Processed   152,000,000 records.  Elapsed time: 00:19:56s.  Time for last 1,000,000:    7s.  Last read position: UNPIN3877:46,786
INFO	2021-10-25 22:15:37	AddOrReplaceReadGroups	Processed   153,000,000 records.  Elapsed time: 00:20:03s.  Time for last 1,000,000:    7s.  Last read position: UNPIN3877:62,275
INFO	2021-10-25 22:15:45	AddOrReplaceReadGroups	Processed   154,000,000 records.  Elapsed time: 00:20:11s.  Time for last 1,000,000:    7s.  Last read position: UNPIN3877:76,893
INFO	2021-10-25 22:15:52	AddOrReplaceReadGroups	Processed   155,000,000 records.  Elapsed time: 00:20:18s.  Time for last 1,000,000:    7s.  Last read position: UNPIN3877:91,855
INFO	2021-10-25 22:16:00	AddOrReplaceReadGroups	Processed   156,000,000 records.  Elapsed time: 00:20:25s.  Time for last 1,000,000:    7s.  Last read position: UNPIN3877:106,658
INFO	2021-10-25 22:16:07	AddOrReplaceReadGroups	Processed   157,000,000 records.  Elapsed time: 00:20:33s.  Time for last 1,000,000:    7s.  Last read position: UNPIN3877:121,914
INFO	2021-10-25 22:16:15	AddOrReplaceReadGroups	Processed   158,000,000 records.  Elapsed time: 00:20:40s.  Time for last 1,000,000:    7s.  Last read position: UNPIN3878:14,261
INFO	2021-10-25 22:16:22	AddOrReplaceReadGroups	Processed   159,000,000 records.  Elapsed time: 00:20:47s.  Time for last 1,000,000:    7s.  Last read position: */*
INFO	2021-10-25 22:16:27	AddOrReplaceReadGroups	Processed   160,000,000 records.  Elapsed time: 00:20:52s.  Time for last 1,000,000:    5s.  Last read position: */*
INFO	2021-10-25 22:16:32	AddOrReplaceReadGroups	Processed   161,000,000 records.  Elapsed time: 00:20:58s.  Time for last 1,000,000:    5s.  Last read position: */*
INFO	2021-10-25 22:16:37	AddOrReplaceReadGroups	Processed   162,000,000 records.  Elapsed time: 00:21:03s.  Time for last 1,000,000:    5s.  Last read position: */*
INFO	2021-10-25 22:16:42	AddOrReplaceReadGroups	Processed   163,000,000 records.  Elapsed time: 00:21:08s.  Time for last 1,000,000:    5s.  Last read position: */*
INFO	2021-10-25 22:16:47	AddOrReplaceReadGroups	Processed   164,000,000 records.  Elapsed time: 00:21:13s.  Time for last 1,000,000:    5s.  Last read position: */*
INFO	2021-10-25 22:16:52	AddOrReplaceReadGroups	Processed   165,000,000 records.  Elapsed time: 00:21:18s.  Time for last 1,000,000:    5s.  Last read position: */*
[Mon Oct 25 22:16:53 PDT 2021] picard.sam.AddOrReplaceReadGroups done. Elapsed time: 21.32 minutes.
Runtime.totalMemory()=44437504
Tool returned:
0
