==========================================
SLURM_JOB_ID = 2293209
SLURM_JOB_NODELIST = b10-21
TMPDIR = /tmp/SLURM_2293209
==========================================
Running Sample ID SRR12223732_SRP271933_Undaria_pinnatifida_individual_16_2017-01-09_INTRO_NZ_Well2017_2_New_Zealand with options  --RGID CALETANXX.1 --RGLB SRR12223732 --RGPL ILLUMINA --RGPU CALETANXX.1.SRR12223732 --RGSM INTRO_NZ_Well2017_2_New_Zealand 
Using GATK jar /home1/mharden/.conda/envs/gatk4/share/gatk4-4.2.2.0-1/gatk-package-4.2.2.0-local.jar
Running:
    java -Dsamjdk.use_async_io_read_samtools=false -Dsamjdk.use_async_io_write_samtools=true -Dsamjdk.use_async_io_write_tribble=false -Dsamjdk.compression_level=2 -jar /home1/mharden/.conda/envs/gatk4/share/gatk4-4.2.2.0-1/gatk-package-4.2.2.0-local.jar AddOrReplaceReadGroups -I SRR12223732_SRP271933_Undaria_pinnatifida_individual_16_2017-01-09_INTRO_NZ_Well2017_2_New_Zealand.sorted.bam -O SRR12223732_SRP271933_Undaria_pinnatifida_individual_16_2017-01-09_INTRO_NZ_Well2017_2_New_Zealand.RG.sorted.bam --RGID CALETANXX.1 --RGLB SRR12223732 --RGPL ILLUMINA --RGPU CALETANXX.1.SRR12223732 --RGSM INTRO_NZ_Well2017_2_New_Zealand
22:30:33.221 INFO  NativeLibraryLoader - Loading libgkl_compression.so from jar:file:/home1/mharden/.conda/envs/gatk4/share/gatk4-4.2.2.0-1/gatk-package-4.2.2.0-local.jar!/com/intel/gkl/native/libgkl_compression.so
[Mon Oct 25 22:30:33 PDT 2021] AddOrReplaceReadGroups --INPUT SRR12223732_SRP271933_Undaria_pinnatifida_individual_16_2017-01-09_INTRO_NZ_Well2017_2_New_Zealand.sorted.bam --OUTPUT SRR12223732_SRP271933_Undaria_pinnatifida_individual_16_2017-01-09_INTRO_NZ_Well2017_2_New_Zealand.RG.sorted.bam --RGID CALETANXX.1 --RGLB SRR12223732 --RGPL ILLUMINA --RGPU CALETANXX.1.SRR12223732 --RGSM INTRO_NZ_Well2017_2_New_Zealand --VERBOSITY INFO --QUIET false --VALIDATION_STRINGENCY STRICT --COMPRESSION_LEVEL 2 --MAX_RECORDS_IN_RAM 500000 --CREATE_INDEX false --CREATE_MD5_FILE false --GA4GH_CLIENT_SECRETS client_secrets.json --help false --version false --showHidden false --USE_JDK_DEFLATER false --USE_JDK_INFLATER false
Oct 25, 2021 10:30:33 PM shaded.cloud_nio.com.google.auth.oauth2.ComputeEngineCredentials runningOnComputeEngine
INFO: Failed to detect whether we are running on Google Compute Engine.
[Mon Oct 25 22:30:33 PDT 2021] Executing as mharden@b10-21.hpc.usc.edu on Linux 3.10.0-1062.4.1.el7.x86_64 amd64; OpenJDK 64-Bit Server VM 1.8.0_302-b08; Deflater: Intel; Inflater: Intel; Provider GCS is available; Picard version: Version:4.2.2.0
INFO	2021-10-25 22:30:33	AddOrReplaceReadGroups	Created read-group ID=CALETANXX.1 PL=ILLUMINA LB=SRR12223732 SM=INTRO_NZ_Well2017_2_New_Zealand

INFO	2021-10-25 22:30:43	AddOrReplaceReadGroups	Processed     1,000,000 records.  Elapsed time: 00:00:09s.  Time for last 1,000,000:    9s.  Last read position: LG00:5,996,043
INFO	2021-10-25 22:30:51	AddOrReplaceReadGroups	Processed     2,000,000 records.  Elapsed time: 00:00:18s.  Time for last 1,000,000:    8s.  Last read position: LG00:10,475,781
INFO	2021-10-25 22:30:59	AddOrReplaceReadGroups	Processed     3,000,000 records.  Elapsed time: 00:00:26s.  Time for last 1,000,000:    7s.  Last read position: LG00:16,202,286
INFO	2021-10-25 22:31:07	AddOrReplaceReadGroups	Processed     4,000,000 records.  Elapsed time: 00:00:34s.  Time for last 1,000,000:    7s.  Last read position: LG00:21,760,347
INFO	2021-10-25 22:31:15	AddOrReplaceReadGroups	Processed     5,000,000 records.  Elapsed time: 00:00:41s.  Time for last 1,000,000:    7s.  Last read position: LG00:27,531,737
INFO	2021-10-25 22:31:23	AddOrReplaceReadGroups	Processed     6,000,000 records.  Elapsed time: 00:00:49s.  Time for last 1,000,000:    7s.  Last read position: LG00:33,647,929
INFO	2021-10-25 22:31:30	AddOrReplaceReadGroups	Processed     7,000,000 records.  Elapsed time: 00:00:56s.  Time for last 1,000,000:    7s.  Last read position: LG00:39,493,135
INFO	2021-10-25 22:31:37	AddOrReplaceReadGroups	Processed     8,000,000 records.  Elapsed time: 00:01:04s.  Time for last 1,000,000:    7s.  Last read position: LG00:45,522,240
INFO	2021-10-25 22:31:45	AddOrReplaceReadGroups	Processed     9,000,000 records.  Elapsed time: 00:01:11s.  Time for last 1,000,000:    7s.  Last read position: LG00:51,363,019
INFO	2021-10-25 22:31:52	AddOrReplaceReadGroups	Processed    10,000,000 records.  Elapsed time: 00:01:18s.  Time for last 1,000,000:    7s.  Last read position: LG00:58,065,023
INFO	2021-10-25 22:31:59	AddOrReplaceReadGroups	Processed    11,000,000 records.  Elapsed time: 00:01:25s.  Time for last 1,000,000:    7s.  Last read position: LG00:64,434,343
INFO	2021-10-25 22:32:06	AddOrReplaceReadGroups	Processed    12,000,000 records.  Elapsed time: 00:01:33s.  Time for last 1,000,000:    7s.  Last read position: LG00:71,253,042
INFO	2021-10-25 22:32:14	AddOrReplaceReadGroups	Processed    13,000,000 records.  Elapsed time: 00:01:40s.  Time for last 1,000,000:    7s.  Last read position: LG00:77,692,508
INFO	2021-10-25 22:32:21	AddOrReplaceReadGroups	Processed    14,000,000 records.  Elapsed time: 00:01:47s.  Time for last 1,000,000:    7s.  Last read position: LG00:83,767,857
INFO	2021-10-25 22:32:28	AddOrReplaceReadGroups	Processed    15,000,000 records.  Elapsed time: 00:01:54s.  Time for last 1,000,000:    7s.  Last read position: LG00:90,073,219
INFO	2021-10-25 22:32:35	AddOrReplaceReadGroups	Processed    16,000,000 records.  Elapsed time: 00:02:02s.  Time for last 1,000,000:    7s.  Last read position: LG00:97,186,567
INFO	2021-10-25 22:32:42	AddOrReplaceReadGroups	Processed    17,000,000 records.  Elapsed time: 00:02:09s.  Time for last 1,000,000:    7s.  Last read position: LG00:105,037,610
INFO	2021-10-25 22:32:50	AddOrReplaceReadGroups	Processed    18,000,000 records.  Elapsed time: 00:02:16s.  Time for last 1,000,000:    7s.  Last read position: LG00:112,638,490
INFO	2021-10-25 22:32:57	AddOrReplaceReadGroups	Processed    19,000,000 records.  Elapsed time: 00:02:23s.  Time for last 1,000,000:    7s.  Last read position: LG00:119,542,246
INFO	2021-10-25 22:33:04	AddOrReplaceReadGroups	Processed    20,000,000 records.  Elapsed time: 00:02:30s.  Time for last 1,000,000:    7s.  Last read position: LG00:127,213,270
INFO	2021-10-25 22:33:11	AddOrReplaceReadGroups	Processed    21,000,000 records.  Elapsed time: 00:02:38s.  Time for last 1,000,000:    7s.  Last read position: LG00:133,868,848
INFO	2021-10-25 22:33:19	AddOrReplaceReadGroups	Processed    22,000,000 records.  Elapsed time: 00:02:45s.  Time for last 1,000,000:    7s.  Last read position: LG00:140,970,031
INFO	2021-10-25 22:33:26	AddOrReplaceReadGroups	Processed    23,000,000 records.  Elapsed time: 00:02:52s.  Time for last 1,000,000:    7s.  Last read position: LG00:148,231,313
INFO	2021-10-25 22:33:33	AddOrReplaceReadGroups	Processed    24,000,000 records.  Elapsed time: 00:02:59s.  Time for last 1,000,000:    7s.  Last read position: LG00:152,591,421
INFO	2021-10-25 22:33:40	AddOrReplaceReadGroups	Processed    25,000,000 records.  Elapsed time: 00:03:07s.  Time for last 1,000,000:    7s.  Last read position: LG00:159,510,553
INFO	2021-10-25 22:33:47	AddOrReplaceReadGroups	Processed    26,000,000 records.  Elapsed time: 00:03:14s.  Time for last 1,000,000:    7s.  Last read position: LG00:166,236,662
INFO	2021-10-25 22:33:55	AddOrReplaceReadGroups	Processed    27,000,000 records.  Elapsed time: 00:03:21s.  Time for last 1,000,000:    7s.  Last read position: LG00:168,720,427
INFO	2021-10-25 22:34:02	AddOrReplaceReadGroups	Processed    28,000,000 records.  Elapsed time: 00:03:28s.  Time for last 1,000,000:    7s.  Last read position: LG00:172,703,778
INFO	2021-10-25 22:34:09	AddOrReplaceReadGroups	Processed    29,000,000 records.  Elapsed time: 00:03:35s.  Time for last 1,000,000:    7s.  Last read position: LG01:3,466,026
INFO	2021-10-25 22:34:16	AddOrReplaceReadGroups	Processed    30,000,000 records.  Elapsed time: 00:03:42s.  Time for last 1,000,000:    7s.  Last read position: LG01:7,971,920
INFO	2021-10-25 22:34:23	AddOrReplaceReadGroups	Processed    31,000,000 records.  Elapsed time: 00:03:49s.  Time for last 1,000,000:    7s.  Last read position: LG01:13,133,190
INFO	2021-10-25 22:34:30	AddOrReplaceReadGroups	Processed    32,000,000 records.  Elapsed time: 00:03:57s.  Time for last 1,000,000:    7s.  Last read position: LG01:18,021,647
INFO	2021-10-25 22:34:37	AddOrReplaceReadGroups	Processed    33,000,000 records.  Elapsed time: 00:04:04s.  Time for last 1,000,000:    7s.  Last read position: LG01:23,135,902
INFO	2021-10-25 22:34:44	AddOrReplaceReadGroups	Processed    34,000,000 records.  Elapsed time: 00:04:11s.  Time for last 1,000,000:    7s.  Last read position: LG02:698,385
INFO	2021-10-25 22:34:52	AddOrReplaceReadGroups	Processed    35,000,000 records.  Elapsed time: 00:04:18s.  Time for last 1,000,000:    7s.  Last read position: LG02:5,088,757
INFO	2021-10-25 22:34:59	AddOrReplaceReadGroups	Processed    36,000,000 records.  Elapsed time: 00:04:25s.  Time for last 1,000,000:    7s.  Last read position: LG02:9,675,970
INFO	2021-10-25 22:35:06	AddOrReplaceReadGroups	Processed    37,000,000 records.  Elapsed time: 00:04:32s.  Time for last 1,000,000:    7s.  Last read position: LG02:14,435,211
INFO	2021-10-25 22:35:13	AddOrReplaceReadGroups	Processed    38,000,000 records.  Elapsed time: 00:04:39s.  Time for last 1,000,000:    7s.  Last read position: LG02:18,541,026
INFO	2021-10-25 22:35:20	AddOrReplaceReadGroups	Processed    39,000,000 records.  Elapsed time: 00:04:46s.  Time for last 1,000,000:    7s.  Last read position: LG03:4,314,868
INFO	2021-10-25 22:35:27	AddOrReplaceReadGroups	Processed    40,000,000 records.  Elapsed time: 00:04:53s.  Time for last 1,000,000:    7s.  Last read position: LG03:9,847,857
INFO	2021-10-25 22:35:34	AddOrReplaceReadGroups	Processed    41,000,000 records.  Elapsed time: 00:05:00s.  Time for last 1,000,000:    7s.  Last read position: LG03:14,506,179
INFO	2021-10-25 22:35:41	AddOrReplaceReadGroups	Processed    42,000,000 records.  Elapsed time: 00:05:07s.  Time for last 1,000,000:    6s.  Last read position: LG04:2,137,477
INFO	2021-10-25 22:35:48	AddOrReplaceReadGroups	Processed    43,000,000 records.  Elapsed time: 00:05:14s.  Time for last 1,000,000:    7s.  Last read position: LG04:7,226,771
INFO	2021-10-25 22:35:55	AddOrReplaceReadGroups	Processed    44,000,000 records.  Elapsed time: 00:05:22s.  Time for last 1,000,000:    7s.  Last read position: LG04:12,070,019
INFO	2021-10-25 22:36:02	AddOrReplaceReadGroups	Processed    45,000,000 records.  Elapsed time: 00:05:29s.  Time for last 1,000,000:    7s.  Last read position: LG05:1,137,049
INFO	2021-10-25 22:36:09	AddOrReplaceReadGroups	Processed    46,000,000 records.  Elapsed time: 00:05:36s.  Time for last 1,000,000:    7s.  Last read position: LG05:6,034,086
INFO	2021-10-25 22:36:16	AddOrReplaceReadGroups	Processed    47,000,000 records.  Elapsed time: 00:05:43s.  Time for last 1,000,000:    7s.  Last read position: LG05:10,399,354
INFO	2021-10-25 22:36:23	AddOrReplaceReadGroups	Processed    48,000,000 records.  Elapsed time: 00:05:50s.  Time for last 1,000,000:    7s.  Last read position: LG05:15,292,955
INFO	2021-10-25 22:36:30	AddOrReplaceReadGroups	Processed    49,000,000 records.  Elapsed time: 00:05:57s.  Time for last 1,000,000:    7s.  Last read position: LG05:20,246,709
INFO	2021-10-25 22:36:38	AddOrReplaceReadGroups	Processed    50,000,000 records.  Elapsed time: 00:06:04s.  Time for last 1,000,000:    7s.  Last read position: LG06:2,555,475
INFO	2021-10-25 22:36:44	AddOrReplaceReadGroups	Processed    51,000,000 records.  Elapsed time: 00:06:11s.  Time for last 1,000,000:    6s.  Last read position: LG06:7,482,982
INFO	2021-10-25 22:36:52	AddOrReplaceReadGroups	Processed    52,000,000 records.  Elapsed time: 00:06:18s.  Time for last 1,000,000:    7s.  Last read position: LG07:104,146
INFO	2021-10-25 22:36:59	AddOrReplaceReadGroups	Processed    53,000,000 records.  Elapsed time: 00:06:25s.  Time for last 1,000,000:    7s.  Last read position: LG07:4,372,295
INFO	2021-10-25 22:37:06	AddOrReplaceReadGroups	Processed    54,000,000 records.  Elapsed time: 00:06:32s.  Time for last 1,000,000:    7s.  Last read position: LG07:9,433,832
INFO	2021-10-25 22:37:13	AddOrReplaceReadGroups	Processed    55,000,000 records.  Elapsed time: 00:06:39s.  Time for last 1,000,000:    7s.  Last read position: LG08:2,293,705
INFO	2021-10-25 22:37:20	AddOrReplaceReadGroups	Processed    56,000,000 records.  Elapsed time: 00:06:46s.  Time for last 1,000,000:    7s.  Last read position: LG08:8,044,168
INFO	2021-10-25 22:37:27	AddOrReplaceReadGroups	Processed    57,000,000 records.  Elapsed time: 00:06:53s.  Time for last 1,000,000:    7s.  Last read position: LG08:13,093,681
INFO	2021-10-25 22:37:34	AddOrReplaceReadGroups	Processed    58,000,000 records.  Elapsed time: 00:07:00s.  Time for last 1,000,000:    6s.  Last read position: LG09:2,654,737
INFO	2021-10-25 22:37:41	AddOrReplaceReadGroups	Processed    59,000,000 records.  Elapsed time: 00:07:07s.  Time for last 1,000,000:    7s.  Last read position: LG09:4,532,687
INFO	2021-10-25 22:37:48	AddOrReplaceReadGroups	Processed    60,000,000 records.  Elapsed time: 00:07:14s.  Time for last 1,000,000:    6s.  Last read position: LG09:9,676,175
INFO	2021-10-25 22:37:55	AddOrReplaceReadGroups	Processed    61,000,000 records.  Elapsed time: 00:07:21s.  Time for last 1,000,000:    7s.  Last read position: LG10:1,752,990
INFO	2021-10-25 22:38:02	AddOrReplaceReadGroups	Processed    62,000,000 records.  Elapsed time: 00:07:28s.  Time for last 1,000,000:    7s.  Last read position: LG10:6,463,224
INFO	2021-10-25 22:38:09	AddOrReplaceReadGroups	Processed    63,000,000 records.  Elapsed time: 00:07:35s.  Time for last 1,000,000:    7s.  Last read position: LG10:10,759,861
INFO	2021-10-25 22:38:16	AddOrReplaceReadGroups	Processed    64,000,000 records.  Elapsed time: 00:07:42s.  Time for last 1,000,000:    7s.  Last read position: LG10:15,437,419
INFO	2021-10-25 22:38:23	AddOrReplaceReadGroups	Processed    65,000,000 records.  Elapsed time: 00:07:49s.  Time for last 1,000,000:    7s.  Last read position: LG10:19,897,386
INFO	2021-10-25 22:38:30	AddOrReplaceReadGroups	Processed    66,000,000 records.  Elapsed time: 00:07:56s.  Time for last 1,000,000:    7s.  Last read position: LG10:25,083,151
INFO	2021-10-25 22:38:37	AddOrReplaceReadGroups	Processed    67,000,000 records.  Elapsed time: 00:08:03s.  Time for last 1,000,000:    7s.  Last read position: LG11:732,621
INFO	2021-10-25 22:38:44	AddOrReplaceReadGroups	Processed    68,000,000 records.  Elapsed time: 00:08:10s.  Time for last 1,000,000:    7s.  Last read position: LG11:6,832,449
INFO	2021-10-25 22:38:51	AddOrReplaceReadGroups	Processed    69,000,000 records.  Elapsed time: 00:08:18s.  Time for last 1,000,000:    7s.  Last read position: LG11:11,437,547
INFO	2021-10-25 22:38:58	AddOrReplaceReadGroups	Processed    70,000,000 records.  Elapsed time: 00:08:25s.  Time for last 1,000,000:    7s.  Last read position: LG11:16,163,892
INFO	2021-10-25 22:39:05	AddOrReplaceReadGroups	Processed    71,000,000 records.  Elapsed time: 00:08:32s.  Time for last 1,000,000:    7s.  Last read position: LG11:21,529,534
INFO	2021-10-25 22:39:12	AddOrReplaceReadGroups	Processed    72,000,000 records.  Elapsed time: 00:08:39s.  Time for last 1,000,000:    7s.  Last read position: LG11:26,660,605
INFO	2021-10-25 22:39:19	AddOrReplaceReadGroups	Processed    73,000,000 records.  Elapsed time: 00:08:46s.  Time for last 1,000,000:    7s.  Last read position: LG12:5,135,901
INFO	2021-10-25 22:39:27	AddOrReplaceReadGroups	Processed    74,000,000 records.  Elapsed time: 00:08:53s.  Time for last 1,000,000:    7s.  Last read position: LG12:9,873,936
INFO	2021-10-25 22:39:34	AddOrReplaceReadGroups	Processed    75,000,000 records.  Elapsed time: 00:09:00s.  Time for last 1,000,000:    7s.  Last read position: LG13:312,459
INFO	2021-10-25 22:39:41	AddOrReplaceReadGroups	Processed    76,000,000 records.  Elapsed time: 00:09:07s.  Time for last 1,000,000:    7s.  Last read position: LG13:4,636,253
INFO	2021-10-25 22:39:48	AddOrReplaceReadGroups	Processed    77,000,000 records.  Elapsed time: 00:09:14s.  Time for last 1,000,000:    7s.  Last read position: LG13:8,825,409
INFO	2021-10-25 22:39:55	AddOrReplaceReadGroups	Processed    78,000,000 records.  Elapsed time: 00:09:21s.  Time for last 1,000,000:    7s.  Last read position: LG13:13,561,700
INFO	2021-10-25 22:40:02	AddOrReplaceReadGroups	Processed    79,000,000 records.  Elapsed time: 00:09:29s.  Time for last 1,000,000:    7s.  Last read position: LG14:3,394,078
INFO	2021-10-25 22:40:09	AddOrReplaceReadGroups	Processed    80,000,000 records.  Elapsed time: 00:09:36s.  Time for last 1,000,000:    7s.  Last read position: LG14:8,051,055
INFO	2021-10-25 22:40:16	AddOrReplaceReadGroups	Processed    81,000,000 records.  Elapsed time: 00:09:43s.  Time for last 1,000,000:    7s.  Last read position: LG14:12,633,371
INFO	2021-10-25 22:40:23	AddOrReplaceReadGroups	Processed    82,000,000 records.  Elapsed time: 00:09:50s.  Time for last 1,000,000:    7s.  Last read position: LG15:3,360,414
INFO	2021-10-25 22:40:30	AddOrReplaceReadGroups	Processed    83,000,000 records.  Elapsed time: 00:09:57s.  Time for last 1,000,000:    7s.  Last read position: LG15:8,216,698
INFO	2021-10-25 22:40:38	AddOrReplaceReadGroups	Processed    84,000,000 records.  Elapsed time: 00:10:04s.  Time for last 1,000,000:    7s.  Last read position: LG15:12,656,526
INFO	2021-10-25 22:40:45	AddOrReplaceReadGroups	Processed    85,000,000 records.  Elapsed time: 00:10:11s.  Time for last 1,000,000:    6s.  Last read position: LG15:17,194,659
INFO	2021-10-25 22:40:52	AddOrReplaceReadGroups	Processed    86,000,000 records.  Elapsed time: 00:10:18s.  Time for last 1,000,000:    7s.  Last read position: LG16:3,572,777
INFO	2021-10-25 22:40:59	AddOrReplaceReadGroups	Processed    87,000,000 records.  Elapsed time: 00:10:25s.  Time for last 1,000,000:    7s.  Last read position: LG16:8,836,267
INFO	2021-10-25 22:41:06	AddOrReplaceReadGroups	Processed    88,000,000 records.  Elapsed time: 00:10:32s.  Time for last 1,000,000:    7s.  Last read position: LG16:13,241,910
INFO	2021-10-25 22:41:13	AddOrReplaceReadGroups	Processed    89,000,000 records.  Elapsed time: 00:10:39s.  Time for last 1,000,000:    7s.  Last read position: LG17:1,786,558
INFO	2021-10-25 22:41:20	AddOrReplaceReadGroups	Processed    90,000,000 records.  Elapsed time: 00:10:46s.  Time for last 1,000,000:    7s.  Last read position: LG17:5,374,836
INFO	2021-10-25 22:41:27	AddOrReplaceReadGroups	Processed    91,000,000 records.  Elapsed time: 00:10:53s.  Time for last 1,000,000:    6s.  Last read position: LG17:10,007,685
INFO	2021-10-25 22:41:34	AddOrReplaceReadGroups	Processed    92,000,000 records.  Elapsed time: 00:11:00s.  Time for last 1,000,000:    7s.  Last read position: LG18:2,448,751
INFO	2021-10-25 22:41:41	AddOrReplaceReadGroups	Processed    93,000,000 records.  Elapsed time: 00:11:07s.  Time for last 1,000,000:    7s.  Last read position: LG18:7,815,346
INFO	2021-10-25 22:41:48	AddOrReplaceReadGroups	Processed    94,000,000 records.  Elapsed time: 00:11:14s.  Time for last 1,000,000:    7s.  Last read position: LG18:12,346,791
INFO	2021-10-25 22:41:55	AddOrReplaceReadGroups	Processed    95,000,000 records.  Elapsed time: 00:11:21s.  Time for last 1,000,000:    7s.  Last read position: LG19:4,288,371
INFO	2021-10-25 22:42:02	AddOrReplaceReadGroups	Processed    96,000,000 records.  Elapsed time: 00:11:28s.  Time for last 1,000,000:    7s.  Last read position: LG19:8,441,028
INFO	2021-10-25 22:42:09	AddOrReplaceReadGroups	Processed    97,000,000 records.  Elapsed time: 00:11:35s.  Time for last 1,000,000:    7s.  Last read position: LG19:13,112,340
INFO	2021-10-25 22:42:16	AddOrReplaceReadGroups	Processed    98,000,000 records.  Elapsed time: 00:11:43s.  Time for last 1,000,000:    7s.  Last read position: LG20:3,126,110
INFO	2021-10-25 22:42:23	AddOrReplaceReadGroups	Processed    99,000,000 records.  Elapsed time: 00:11:50s.  Time for last 1,000,000:    7s.  Last read position: LG20:8,059,903
INFO	2021-10-25 22:42:30	AddOrReplaceReadGroups	Processed   100,000,000 records.  Elapsed time: 00:11:57s.  Time for last 1,000,000:    7s.  Last read position: LG20:12,322,901
INFO	2021-10-25 22:42:37	AddOrReplaceReadGroups	Processed   101,000,000 records.  Elapsed time: 00:12:04s.  Time for last 1,000,000:    7s.  Last read position: LG21:4,072,850
INFO	2021-10-25 22:42:44	AddOrReplaceReadGroups	Processed   102,000,000 records.  Elapsed time: 00:12:11s.  Time for last 1,000,000:    6s.  Last read position: LG21:8,618,599
INFO	2021-10-25 22:42:52	AddOrReplaceReadGroups	Processed   103,000,000 records.  Elapsed time: 00:12:18s.  Time for last 1,000,000:    7s.  Last read position: LG21:13,581,295
INFO	2021-10-25 22:42:59	AddOrReplaceReadGroups	Processed   104,000,000 records.  Elapsed time: 00:12:25s.  Time for last 1,000,000:    7s.  Last read position: LG22:3,822,480
INFO	2021-10-25 22:43:06	AddOrReplaceReadGroups	Processed   105,000,000 records.  Elapsed time: 00:12:32s.  Time for last 1,000,000:    7s.  Last read position: LG22:8,099,955
INFO	2021-10-25 22:43:13	AddOrReplaceReadGroups	Processed   106,000,000 records.  Elapsed time: 00:12:39s.  Time for last 1,000,000:    7s.  Last read position: LG23:1,064,006
INFO	2021-10-25 22:43:20	AddOrReplaceReadGroups	Processed   107,000,000 records.  Elapsed time: 00:12:46s.  Time for last 1,000,000:    7s.  Last read position: LG23:5,414,283
INFO	2021-10-25 22:43:27	AddOrReplaceReadGroups	Processed   108,000,000 records.  Elapsed time: 00:12:53s.  Time for last 1,000,000:    7s.  Last read position: LG23:9,447,957
INFO	2021-10-25 22:43:34	AddOrReplaceReadGroups	Processed   109,000,000 records.  Elapsed time: 00:13:00s.  Time for last 1,000,000:    7s.  Last read position: LG23:13,930,895
INFO	2021-10-25 22:43:41	AddOrReplaceReadGroups	Processed   110,000,000 records.  Elapsed time: 00:13:08s.  Time for last 1,000,000:    7s.  Last read position: LG24:1,961,582
INFO	2021-10-25 22:43:48	AddOrReplaceReadGroups	Processed   111,000,000 records.  Elapsed time: 00:13:15s.  Time for last 1,000,000:    7s.  Last read position: LG24:6,609,969
INFO	2021-10-25 22:43:55	AddOrReplaceReadGroups	Processed   112,000,000 records.  Elapsed time: 00:13:22s.  Time for last 1,000,000:    7s.  Last read position: LG24:12,011,975
INFO	2021-10-25 22:44:02	AddOrReplaceReadGroups	Processed   113,000,000 records.  Elapsed time: 00:13:29s.  Time for last 1,000,000:    7s.  Last read position: LG25:2,782,707
INFO	2021-10-25 22:44:10	AddOrReplaceReadGroups	Processed   114,000,000 records.  Elapsed time: 00:13:36s.  Time for last 1,000,000:    7s.  Last read position: LG25:7,760,741
INFO	2021-10-25 22:44:17	AddOrReplaceReadGroups	Processed   115,000,000 records.  Elapsed time: 00:13:43s.  Time for last 1,000,000:    7s.  Last read position: LG25:12,481,700
INFO	2021-10-25 22:44:24	AddOrReplaceReadGroups	Processed   116,000,000 records.  Elapsed time: 00:13:50s.  Time for last 1,000,000:    7s.  Last read position: LG26:3,508,819
INFO	2021-10-25 22:44:31	AddOrReplaceReadGroups	Processed   117,000,000 records.  Elapsed time: 00:13:57s.  Time for last 1,000,000:    7s.  Last read position: LG26:7,449,787
INFO	2021-10-25 22:44:38	AddOrReplaceReadGroups	Processed   118,000,000 records.  Elapsed time: 00:14:04s.  Time for last 1,000,000:    7s.  Last read position: LG26:12,614,452
INFO	2021-10-25 22:44:45	AddOrReplaceReadGroups	Processed   119,000,000 records.  Elapsed time: 00:14:11s.  Time for last 1,000,000:    7s.  Last read position: LG27:4,239,198
INFO	2021-10-25 22:44:52	AddOrReplaceReadGroups	Processed   120,000,000 records.  Elapsed time: 00:14:19s.  Time for last 1,000,000:    7s.  Last read position: LG27:8,961,883
INFO	2021-10-25 22:44:59	AddOrReplaceReadGroups	Processed   121,000,000 records.  Elapsed time: 00:14:26s.  Time for last 1,000,000:    7s.  Last read position: LG28:1,584,418
INFO	2021-10-25 22:45:07	AddOrReplaceReadGroups	Processed   122,000,000 records.  Elapsed time: 00:14:33s.  Time for last 1,000,000:    7s.  Last read position: LG28:6,359,395
INFO	2021-10-25 22:45:14	AddOrReplaceReadGroups	Processed   123,000,000 records.  Elapsed time: 00:14:40s.  Time for last 1,000,000:    6s.  Last read position: LG28:11,113,206
INFO	2021-10-25 22:45:21	AddOrReplaceReadGroups	Processed   124,000,000 records.  Elapsed time: 00:14:47s.  Time for last 1,000,000:    7s.  Last read position: LG29:3,659,294
INFO	2021-10-25 22:45:28	AddOrReplaceReadGroups	Processed   125,000,000 records.  Elapsed time: 00:14:54s.  Time for last 1,000,000:    7s.  Last read position: LG30:3,250,899
INFO	2021-10-25 22:45:35	AddOrReplaceReadGroups	Processed   126,000,000 records.  Elapsed time: 00:15:01s.  Time for last 1,000,000:    7s.  Last read position: LG30:8,365,178
INFO	2021-10-25 22:45:42	AddOrReplaceReadGroups	Processed   127,000,000 records.  Elapsed time: 00:15:08s.  Time for last 1,000,000:    6s.  Last read position: UNPIN3877:37,528
INFO	2021-10-25 22:45:49	AddOrReplaceReadGroups	Processed   128,000,000 records.  Elapsed time: 00:15:15s.  Time for last 1,000,000:    6s.  Last read position: UNPIN3877:87,208
INFO	2021-10-25 22:45:55	AddOrReplaceReadGroups	Processed   129,000,000 records.  Elapsed time: 00:15:22s.  Time for last 1,000,000:    6s.  Last read position: UNPIN3878:5,776
INFO	2021-10-25 22:46:02	AddOrReplaceReadGroups	Processed   130,000,000 records.  Elapsed time: 00:15:28s.  Time for last 1,000,000:    6s.  Last read position: */*
INFO	2021-10-25 22:46:06	AddOrReplaceReadGroups	Processed   131,000,000 records.  Elapsed time: 00:15:33s.  Time for last 1,000,000:    4s.  Last read position: */*
INFO	2021-10-25 22:46:11	AddOrReplaceReadGroups	Processed   132,000,000 records.  Elapsed time: 00:15:37s.  Time for last 1,000,000:    4s.  Last read position: */*
INFO	2021-10-25 22:46:16	AddOrReplaceReadGroups	Processed   133,000,000 records.  Elapsed time: 00:15:42s.  Time for last 1,000,000:    4s.  Last read position: */*
INFO	2021-10-25 22:46:20	AddOrReplaceReadGroups	Processed   134,000,000 records.  Elapsed time: 00:15:47s.  Time for last 1,000,000:    4s.  Last read position: */*
INFO	2021-10-25 22:46:25	AddOrReplaceReadGroups	Processed   135,000,000 records.  Elapsed time: 00:15:51s.  Time for last 1,000,000:    4s.  Last read position: */*
INFO	2021-10-25 22:46:30	AddOrReplaceReadGroups	Processed   136,000,000 records.  Elapsed time: 00:15:56s.  Time for last 1,000,000:    4s.  Last read position: */*
INFO	2021-10-25 22:46:34	AddOrReplaceReadGroups	Processed   137,000,000 records.  Elapsed time: 00:16:01s.  Time for last 1,000,000:    4s.  Last read position: */*
[Mon Oct 25 22:46:35 PDT 2021] picard.sam.AddOrReplaceReadGroups done. Elapsed time: 16.05 minutes.
Runtime.totalMemory()=46153728
Tool returned:
0
