==========================================
SLURM_JOB_ID = 2291525
SLURM_JOB_NODELIST = b10-23
TMPDIR = /tmp/SLURM_2291525
==========================================
Running Sample ID SRR12223727_SRP271933_Undaria_pinnatifida_individual_3_2016-04-19_INTRO_Fr_Roscoff_3_France with options  --RGID C9F9CANXX.4 --RGLB SRR12223727 --RGPL ILLUMINA --RGPU C9F9CANXX.4.SRR12223727 --RGSM INTRO_Fr_Roscoff_3_France 
Using GATK jar /home1/mharden/.conda/envs/gatk4/share/gatk4-4.2.2.0-1/gatk-package-4.2.2.0-local.jar
Running:
    java -Dsamjdk.use_async_io_read_samtools=false -Dsamjdk.use_async_io_write_samtools=true -Dsamjdk.use_async_io_write_tribble=false -Dsamjdk.compression_level=2 -jar /home1/mharden/.conda/envs/gatk4/share/gatk4-4.2.2.0-1/gatk-package-4.2.2.0-local.jar AddOrReplaceReadGroups -I SRR12223727_SRP271933_Undaria_pinnatifida_individual_3_2016-04-19_INTRO_Fr_Roscoff_3_France.sorted.bam -O SRR12223727_SRP271933_Undaria_pinnatifida_individual_3_2016-04-19_INTRO_Fr_Roscoff_3_France.RG.sorted.bam --RGID C9F9CANXX.4 --RGLB SRR12223727 --RGPL ILLUMINA --RGPU C9F9CANXX.4.SRR12223727 --RGSM INTRO_Fr_Roscoff_3_France
22:17:39.545 INFO  NativeLibraryLoader - Loading libgkl_compression.so from jar:file:/home1/mharden/.conda/envs/gatk4/share/gatk4-4.2.2.0-1/gatk-package-4.2.2.0-local.jar!/com/intel/gkl/native/libgkl_compression.so
[Mon Oct 25 22:17:39 PDT 2021] AddOrReplaceReadGroups --INPUT SRR12223727_SRP271933_Undaria_pinnatifida_individual_3_2016-04-19_INTRO_Fr_Roscoff_3_France.sorted.bam --OUTPUT SRR12223727_SRP271933_Undaria_pinnatifida_individual_3_2016-04-19_INTRO_Fr_Roscoff_3_France.RG.sorted.bam --RGID C9F9CANXX.4 --RGLB SRR12223727 --RGPL ILLUMINA --RGPU C9F9CANXX.4.SRR12223727 --RGSM INTRO_Fr_Roscoff_3_France --VERBOSITY INFO --QUIET false --VALIDATION_STRINGENCY STRICT --COMPRESSION_LEVEL 2 --MAX_RECORDS_IN_RAM 500000 --CREATE_INDEX false --CREATE_MD5_FILE false --GA4GH_CLIENT_SECRETS client_secrets.json --help false --version false --showHidden false --USE_JDK_DEFLATER false --USE_JDK_INFLATER false
Oct 25, 2021 10:17:39 PM shaded.cloud_nio.com.google.auth.oauth2.ComputeEngineCredentials runningOnComputeEngine
INFO: Failed to detect whether we are running on Google Compute Engine.
[Mon Oct 25 22:17:39 PDT 2021] Executing as mharden@b10-23.hpc.usc.edu on Linux 3.10.0-1062.4.1.el7.x86_64 amd64; OpenJDK 64-Bit Server VM 1.8.0_302-b08; Deflater: Intel; Inflater: Intel; Provider GCS is available; Picard version: Version:4.2.2.0
INFO	2021-10-25 22:17:39	AddOrReplaceReadGroups	Created read-group ID=C9F9CANXX.4 PL=ILLUMINA LB=SRR12223727 SM=INTRO_Fr_Roscoff_3_France

INFO	2021-10-25 22:17:50	AddOrReplaceReadGroups	Processed     1,000,000 records.  Elapsed time: 00:00:10s.  Time for last 1,000,000:   10s.  Last read position: LG00:9,682,705
INFO	2021-10-25 22:17:59	AddOrReplaceReadGroups	Processed     2,000,000 records.  Elapsed time: 00:00:19s.  Time for last 1,000,000:    8s.  Last read position: LG00:22,933,271
INFO	2021-10-25 22:18:07	AddOrReplaceReadGroups	Processed     3,000,000 records.  Elapsed time: 00:00:27s.  Time for last 1,000,000:    8s.  Last read position: LG00:36,112,500
INFO	2021-10-25 22:18:15	AddOrReplaceReadGroups	Processed     4,000,000 records.  Elapsed time: 00:00:36s.  Time for last 1,000,000:    8s.  Last read position: LG00:50,702,191
INFO	2021-10-25 22:18:24	AddOrReplaceReadGroups	Processed     5,000,000 records.  Elapsed time: 00:00:44s.  Time for last 1,000,000:    8s.  Last read position: LG00:65,938,049
INFO	2021-10-25 22:18:32	AddOrReplaceReadGroups	Processed     6,000,000 records.  Elapsed time: 00:00:52s.  Time for last 1,000,000:    8s.  Last read position: LG00:81,578,586
INFO	2021-10-25 22:18:40	AddOrReplaceReadGroups	Processed     7,000,000 records.  Elapsed time: 00:01:00s.  Time for last 1,000,000:    7s.  Last read position: LG00:97,140,796
INFO	2021-10-25 22:18:47	AddOrReplaceReadGroups	Processed     8,000,000 records.  Elapsed time: 00:01:08s.  Time for last 1,000,000:    7s.  Last read position: LG00:114,065,078
INFO	2021-10-25 22:18:55	AddOrReplaceReadGroups	Processed     9,000,000 records.  Elapsed time: 00:01:15s.  Time for last 1,000,000:    7s.  Last read position: LG00:130,397,696
INFO	2021-10-25 22:19:03	AddOrReplaceReadGroups	Processed    10,000,000 records.  Elapsed time: 00:01:23s.  Time for last 1,000,000:    7s.  Last read position: LG00:147,679,266
INFO	2021-10-25 22:19:10	AddOrReplaceReadGroups	Processed    11,000,000 records.  Elapsed time: 00:01:30s.  Time for last 1,000,000:    7s.  Last read position: LG00:158,928,707
INFO	2021-10-25 22:19:18	AddOrReplaceReadGroups	Processed    12,000,000 records.  Elapsed time: 00:01:38s.  Time for last 1,000,000:    7s.  Last read position: LG00:168,921,168
INFO	2021-10-25 22:19:25	AddOrReplaceReadGroups	Processed    13,000,000 records.  Elapsed time: 00:01:46s.  Time for last 1,000,000:    7s.  Last read position: LG01:5,774,422
INFO	2021-10-25 22:19:33	AddOrReplaceReadGroups	Processed    14,000,000 records.  Elapsed time: 00:01:53s.  Time for last 1,000,000:    7s.  Last read position: LG01:17,973,571
INFO	2021-10-25 22:19:40	AddOrReplaceReadGroups	Processed    15,000,000 records.  Elapsed time: 00:02:00s.  Time for last 1,000,000:    7s.  Last read position: LG02:2,401,471
INFO	2021-10-25 22:19:48	AddOrReplaceReadGroups	Processed    16,000,000 records.  Elapsed time: 00:02:08s.  Time for last 1,000,000:    7s.  Last read position: LG02:13,167,961
INFO	2021-10-25 22:19:55	AddOrReplaceReadGroups	Processed    17,000,000 records.  Elapsed time: 00:02:15s.  Time for last 1,000,000:    7s.  Last read position: LG03:5,192,664
INFO	2021-10-25 22:20:03	AddOrReplaceReadGroups	Processed    18,000,000 records.  Elapsed time: 00:02:23s.  Time for last 1,000,000:    7s.  Last read position: LG04:830,560
INFO	2021-10-25 22:20:10	AddOrReplaceReadGroups	Processed    19,000,000 records.  Elapsed time: 00:02:30s.  Time for last 1,000,000:    7s.  Last read position: LG04:12,780,130
INFO	2021-10-25 22:20:17	AddOrReplaceReadGroups	Processed    20,000,000 records.  Elapsed time: 00:02:37s.  Time for last 1,000,000:    7s.  Last read position: LG05:8,103,499
INFO	2021-10-25 22:20:24	AddOrReplaceReadGroups	Processed    21,000,000 records.  Elapsed time: 00:02:45s.  Time for last 1,000,000:    7s.  Last read position: LG05:19,755,128
INFO	2021-10-25 22:20:32	AddOrReplaceReadGroups	Processed    22,000,000 records.  Elapsed time: 00:02:52s.  Time for last 1,000,000:    7s.  Last read position: LG06:8,866,285
INFO	2021-10-25 22:20:39	AddOrReplaceReadGroups	Processed    23,000,000 records.  Elapsed time: 00:02:59s.  Time for last 1,000,000:    7s.  Last read position: LG07:7,854,892
INFO	2021-10-25 22:20:46	AddOrReplaceReadGroups	Processed    24,000,000 records.  Elapsed time: 00:03:06s.  Time for last 1,000,000:    7s.  Last read position: LG08:8,029,009
INFO	2021-10-25 22:20:54	AddOrReplaceReadGroups	Processed    25,000,000 records.  Elapsed time: 00:03:14s.  Time for last 1,000,000:    7s.  Last read position: LG09:3,084,206
INFO	2021-10-25 22:21:01	AddOrReplaceReadGroups	Processed    26,000,000 records.  Elapsed time: 00:03:21s.  Time for last 1,000,000:    7s.  Last read position: LG10:1,645,951
INFO	2021-10-25 22:21:08	AddOrReplaceReadGroups	Processed    27,000,000 records.  Elapsed time: 00:03:28s.  Time for last 1,000,000:    7s.  Last read position: LG10:12,681,992
INFO	2021-10-25 22:21:15	AddOrReplaceReadGroups	Processed    28,000,000 records.  Elapsed time: 00:03:35s.  Time for last 1,000,000:    7s.  Last read position: LG10:24,002,667
INFO	2021-10-25 22:21:22	AddOrReplaceReadGroups	Processed    29,000,000 records.  Elapsed time: 00:03:42s.  Time for last 1,000,000:    7s.  Last read position: LG11:7,474,430
INFO	2021-10-25 22:21:29	AddOrReplaceReadGroups	Processed    30,000,000 records.  Elapsed time: 00:03:50s.  Time for last 1,000,000:    7s.  Last read position: LG11:18,897,361
INFO	2021-10-25 22:21:37	AddOrReplaceReadGroups	Processed    31,000,000 records.  Elapsed time: 00:03:57s.  Time for last 1,000,000:    7s.  Last read position: LG12:5,166,865
INFO	2021-10-25 22:21:44	AddOrReplaceReadGroups	Processed    32,000,000 records.  Elapsed time: 00:04:04s.  Time for last 1,000,000:    7s.  Last read position: LG13:2,152,404
INFO	2021-10-25 22:21:51	AddOrReplaceReadGroups	Processed    33,000,000 records.  Elapsed time: 00:04:11s.  Time for last 1,000,000:    7s.  Last read position: LG13:12,723,781
INFO	2021-10-25 22:21:58	AddOrReplaceReadGroups	Processed    34,000,000 records.  Elapsed time: 00:04:18s.  Time for last 1,000,000:    7s.  Last read position: LG14:8,822,375
INFO	2021-10-25 22:22:05	AddOrReplaceReadGroups	Processed    35,000,000 records.  Elapsed time: 00:04:25s.  Time for last 1,000,000:    7s.  Last read position: LG15:5,506,193
INFO	2021-10-25 22:22:12	AddOrReplaceReadGroups	Processed    36,000,000 records.  Elapsed time: 00:04:32s.  Time for last 1,000,000:    7s.  Last read position: LG15:16,558,176
INFO	2021-10-25 22:22:20	AddOrReplaceReadGroups	Processed    37,000,000 records.  Elapsed time: 00:04:40s.  Time for last 1,000,000:    7s.  Last read position: LG16:10,196,012
INFO	2021-10-25 22:22:27	AddOrReplaceReadGroups	Processed    38,000,000 records.  Elapsed time: 00:04:47s.  Time for last 1,000,000:    7s.  Last read position: LG17:4,626,615
INFO	2021-10-25 22:22:34	AddOrReplaceReadGroups	Processed    39,000,000 records.  Elapsed time: 00:04:54s.  Time for last 1,000,000:    7s.  Last read position: LG18:4,258,930
INFO	2021-10-25 22:22:41	AddOrReplaceReadGroups	Processed    40,000,000 records.  Elapsed time: 00:05:01s.  Time for last 1,000,000:    7s.  Last read position: LG19:3,024,983
INFO	2021-10-25 22:22:49	AddOrReplaceReadGroups	Processed    41,000,000 records.  Elapsed time: 00:05:09s.  Time for last 1,000,000:    7s.  Last read position: LG19:13,314,683
INFO	2021-10-25 22:22:56	AddOrReplaceReadGroups	Processed    42,000,000 records.  Elapsed time: 00:05:16s.  Time for last 1,000,000:    7s.  Last read position: LG20:9,515,730
INFO	2021-10-25 22:23:03	AddOrReplaceReadGroups	Processed    43,000,000 records.  Elapsed time: 00:05:23s.  Time for last 1,000,000:    7s.  Last read position: LG21:7,145,724
INFO	2021-10-25 22:23:10	AddOrReplaceReadGroups	Processed    44,000,000 records.  Elapsed time: 00:05:30s.  Time for last 1,000,000:    7s.  Last read position: LG22:4,405,622
INFO	2021-10-25 22:23:17	AddOrReplaceReadGroups	Processed    45,000,000 records.  Elapsed time: 00:05:37s.  Time for last 1,000,000:    7s.  Last read position: LG23:3,095,992
INFO	2021-10-25 22:23:24	AddOrReplaceReadGroups	Processed    46,000,000 records.  Elapsed time: 00:05:44s.  Time for last 1,000,000:    7s.  Last read position: LG23:12,986,022
INFO	2021-10-25 22:23:31	AddOrReplaceReadGroups	Processed    47,000,000 records.  Elapsed time: 00:05:51s.  Time for last 1,000,000:    7s.  Last read position: LG24:7,153,527
INFO	2021-10-25 22:23:39	AddOrReplaceReadGroups	Processed    48,000,000 records.  Elapsed time: 00:05:59s.  Time for last 1,000,000:    7s.  Last read position: LG25:5,278,905
INFO	2021-10-25 22:23:46	AddOrReplaceReadGroups	Processed    49,000,000 records.  Elapsed time: 00:06:06s.  Time for last 1,000,000:    7s.  Last read position: LG26:2,736,710
INFO	2021-10-25 22:23:53	AddOrReplaceReadGroups	Processed    50,000,000 records.  Elapsed time: 00:06:13s.  Time for last 1,000,000:    7s.  Last read position: LG27:174,984
INFO	2021-10-25 22:24:00	AddOrReplaceReadGroups	Processed    51,000,000 records.  Elapsed time: 00:06:20s.  Time for last 1,000,000:    7s.  Last read position: LG27:11,994,685
INFO	2021-10-25 22:24:07	AddOrReplaceReadGroups	Processed    52,000,000 records.  Elapsed time: 00:06:27s.  Time for last 1,000,000:    7s.  Last read position: LG28:11,094,238
INFO	2021-10-25 22:24:15	AddOrReplaceReadGroups	Processed    53,000,000 records.  Elapsed time: 00:06:35s.  Time for last 1,000,000:    7s.  Last read position: LG30:4,946,924
INFO	2021-10-25 22:24:22	AddOrReplaceReadGroups	Processed    54,000,000 records.  Elapsed time: 00:06:42s.  Time for last 1,000,000:    7s.  Last read position: UNPIN3877:43,243
INFO	2021-10-25 22:24:29	AddOrReplaceReadGroups	Processed    55,000,000 records.  Elapsed time: 00:06:49s.  Time for last 1,000,000:    7s.  Last read position: UNPIN3877:109,957
INFO	2021-10-25 22:24:35	AddOrReplaceReadGroups	Processed    56,000,000 records.  Elapsed time: 00:06:55s.  Time for last 1,000,000:    6s.  Last read position: */*
INFO	2021-10-25 22:24:40	AddOrReplaceReadGroups	Processed    57,000,000 records.  Elapsed time: 00:07:00s.  Time for last 1,000,000:    4s.  Last read position: */*
INFO	2021-10-25 22:24:45	AddOrReplaceReadGroups	Processed    58,000,000 records.  Elapsed time: 00:07:05s.  Time for last 1,000,000:    4s.  Last read position: */*
[Mon Oct 25 22:24:45 PDT 2021] picard.sam.AddOrReplaceReadGroups done. Elapsed time: 7.10 minutes.
Runtime.totalMemory()=46325760
Tool returned:
0
