==========================================
SLURM_JOB_ID = 2293320
SLURM_JOB_NODELIST = b08-12
TMPDIR = /tmp/SLURM_2293320
==========================================
Running Sample ID SRR12223735_SRP271933_Undaria_pinnatifida_individual_13_1987-08-14_INTRO_NZ_Well1987_1_New_Zealand with options  --RGID CBPP4ANXX.2 --RGLB SRR12223735 --RGPL ILLUMINA --RGPU CBPP4ANXX.2.SRR12223735 --RGSM INTRO_NZ_Well1987_1_New_Zealand 
Using GATK jar /home1/mharden/.conda/envs/gatk4/share/gatk4-4.2.2.0-1/gatk-package-4.2.2.0-local.jar
Running:
    java -Dsamjdk.use_async_io_read_samtools=false -Dsamjdk.use_async_io_write_samtools=true -Dsamjdk.use_async_io_write_tribble=false -Dsamjdk.compression_level=2 -jar /home1/mharden/.conda/envs/gatk4/share/gatk4-4.2.2.0-1/gatk-package-4.2.2.0-local.jar AddOrReplaceReadGroups -I SRR12223735_SRP271933_Undaria_pinnatifida_individual_13_1987-08-14_INTRO_NZ_Well1987_1_New_Zealand.sorted.bam -O SRR12223735_SRP271933_Undaria_pinnatifida_individual_13_1987-08-14_INTRO_NZ_Well1987_1_New_Zealand.RG.sorted.bam --RGID CBPP4ANXX.2 --RGLB SRR12223735 --RGPL ILLUMINA --RGPU CBPP4ANXX.2.SRR12223735 --RGSM INTRO_NZ_Well1987_1_New_Zealand
22:34:14.407 INFO  NativeLibraryLoader - Loading libgkl_compression.so from jar:file:/home1/mharden/.conda/envs/gatk4/share/gatk4-4.2.2.0-1/gatk-package-4.2.2.0-local.jar!/com/intel/gkl/native/libgkl_compression.so
[Mon Oct 25 22:34:14 PDT 2021] AddOrReplaceReadGroups --INPUT SRR12223735_SRP271933_Undaria_pinnatifida_individual_13_1987-08-14_INTRO_NZ_Well1987_1_New_Zealand.sorted.bam --OUTPUT SRR12223735_SRP271933_Undaria_pinnatifida_individual_13_1987-08-14_INTRO_NZ_Well1987_1_New_Zealand.RG.sorted.bam --RGID CBPP4ANXX.2 --RGLB SRR12223735 --RGPL ILLUMINA --RGPU CBPP4ANXX.2.SRR12223735 --RGSM INTRO_NZ_Well1987_1_New_Zealand --VERBOSITY INFO --QUIET false --VALIDATION_STRINGENCY STRICT --COMPRESSION_LEVEL 2 --MAX_RECORDS_IN_RAM 500000 --CREATE_INDEX false --CREATE_MD5_FILE false --GA4GH_CLIENT_SECRETS client_secrets.json --help false --version false --showHidden false --USE_JDK_DEFLATER false --USE_JDK_INFLATER false
Oct 25, 2021 10:34:14 PM shaded.cloud_nio.com.google.auth.oauth2.ComputeEngineCredentials runningOnComputeEngine
INFO: Failed to detect whether we are running on Google Compute Engine.
[Mon Oct 25 22:34:14 PDT 2021] Executing as mharden@b08-12.hpc.usc.edu on Linux 3.10.0-1062.4.1.el7.x86_64 amd64; OpenJDK 64-Bit Server VM 1.8.0_302-b08; Deflater: Intel; Inflater: Intel; Provider GCS is available; Picard version: Version:4.2.2.0
INFO	2021-10-25 22:34:14	AddOrReplaceReadGroups	Created read-group ID=CBPP4ANXX.2 PL=ILLUMINA LB=SRR12223735 SM=INTRO_NZ_Well1987_1_New_Zealand

INFO	2021-10-25 22:34:24	AddOrReplaceReadGroups	Processed     1,000,000 records.  Elapsed time: 00:00:10s.  Time for last 1,000,000:    9s.  Last read position: LG00:5,565,582
INFO	2021-10-25 22:34:34	AddOrReplaceReadGroups	Processed     2,000,000 records.  Elapsed time: 00:00:19s.  Time for last 1,000,000:    9s.  Last read position: LG00:10,296,440
INFO	2021-10-25 22:34:42	AddOrReplaceReadGroups	Processed     3,000,000 records.  Elapsed time: 00:00:28s.  Time for last 1,000,000:    8s.  Last read position: LG00:15,928,347
INFO	2021-10-25 22:34:51	AddOrReplaceReadGroups	Processed     4,000,000 records.  Elapsed time: 00:00:36s.  Time for last 1,000,000:    8s.  Last read position: LG00:20,946,572
INFO	2021-10-25 22:34:59	AddOrReplaceReadGroups	Processed     5,000,000 records.  Elapsed time: 00:00:44s.  Time for last 1,000,000:    8s.  Last read position: LG00:26,352,844
INFO	2021-10-25 22:35:07	AddOrReplaceReadGroups	Processed     6,000,000 records.  Elapsed time: 00:00:52s.  Time for last 1,000,000:    8s.  Last read position: LG00:31,746,097
INFO	2021-10-25 22:35:15	AddOrReplaceReadGroups	Processed     7,000,000 records.  Elapsed time: 00:01:00s.  Time for last 1,000,000:    7s.  Last read position: LG00:36,747,741
INFO	2021-10-25 22:35:23	AddOrReplaceReadGroups	Processed     8,000,000 records.  Elapsed time: 00:01:08s.  Time for last 1,000,000:    7s.  Last read position: LG00:42,648,611
INFO	2021-10-25 22:35:31	AddOrReplaceReadGroups	Processed     9,000,000 records.  Elapsed time: 00:01:16s.  Time for last 1,000,000:    7s.  Last read position: LG00:48,205,982
INFO	2021-10-25 22:35:39	AddOrReplaceReadGroups	Processed    10,000,000 records.  Elapsed time: 00:01:24s.  Time for last 1,000,000:    8s.  Last read position: LG00:54,039,941
INFO	2021-10-25 22:35:47	AddOrReplaceReadGroups	Processed    11,000,000 records.  Elapsed time: 00:01:32s.  Time for last 1,000,000:    8s.  Last read position: LG00:60,013,329
INFO	2021-10-25 22:35:55	AddOrReplaceReadGroups	Processed    12,000,000 records.  Elapsed time: 00:01:40s.  Time for last 1,000,000:    7s.  Last read position: LG00:66,402,873
INFO	2021-10-25 22:36:03	AddOrReplaceReadGroups	Processed    13,000,000 records.  Elapsed time: 00:01:48s.  Time for last 1,000,000:    7s.  Last read position: LG00:72,784,313
INFO	2021-10-25 22:36:11	AddOrReplaceReadGroups	Processed    14,000,000 records.  Elapsed time: 00:01:56s.  Time for last 1,000,000:    7s.  Last read position: LG00:78,781,539
INFO	2021-10-25 22:36:18	AddOrReplaceReadGroups	Processed    15,000,000 records.  Elapsed time: 00:02:03s.  Time for last 1,000,000:    7s.  Last read position: LG00:84,313,427
INFO	2021-10-25 22:36:26	AddOrReplaceReadGroups	Processed    16,000,000 records.  Elapsed time: 00:02:11s.  Time for last 1,000,000:    7s.  Last read position: LG00:90,775,192
INFO	2021-10-25 22:36:34	AddOrReplaceReadGroups	Processed    17,000,000 records.  Elapsed time: 00:02:19s.  Time for last 1,000,000:    7s.  Last read position: LG00:97,040,326
INFO	2021-10-25 22:36:41	AddOrReplaceReadGroups	Processed    18,000,000 records.  Elapsed time: 00:02:26s.  Time for last 1,000,000:    7s.  Last read position: LG00:104,146,178
INFO	2021-10-25 22:36:49	AddOrReplaceReadGroups	Processed    19,000,000 records.  Elapsed time: 00:02:34s.  Time for last 1,000,000:    7s.  Last read position: LG00:110,934,123
INFO	2021-10-25 22:36:56	AddOrReplaceReadGroups	Processed    20,000,000 records.  Elapsed time: 00:02:41s.  Time for last 1,000,000:    7s.  Last read position: LG00:117,715,685
INFO	2021-10-25 22:37:04	AddOrReplaceReadGroups	Processed    21,000,000 records.  Elapsed time: 00:02:49s.  Time for last 1,000,000:    7s.  Last read position: LG00:124,308,338
INFO	2021-10-25 22:37:11	AddOrReplaceReadGroups	Processed    22,000,000 records.  Elapsed time: 00:02:56s.  Time for last 1,000,000:    7s.  Last read position: LG00:130,615,253
INFO	2021-10-25 22:37:19	AddOrReplaceReadGroups	Processed    23,000,000 records.  Elapsed time: 00:03:04s.  Time for last 1,000,000:    7s.  Last read position: LG00:136,718,626
INFO	2021-10-25 22:37:26	AddOrReplaceReadGroups	Processed    24,000,000 records.  Elapsed time: 00:03:11s.  Time for last 1,000,000:    7s.  Last read position: LG00:143,864,025
INFO	2021-10-25 22:37:34	AddOrReplaceReadGroups	Processed    25,000,000 records.  Elapsed time: 00:03:19s.  Time for last 1,000,000:    7s.  Last read position: LG00:150,629,558
INFO	2021-10-25 22:37:41	AddOrReplaceReadGroups	Processed    26,000,000 records.  Elapsed time: 00:03:26s.  Time for last 1,000,000:    7s.  Last read position: LG00:155,739,155
INFO	2021-10-25 22:37:48	AddOrReplaceReadGroups	Processed    27,000,000 records.  Elapsed time: 00:03:34s.  Time for last 1,000,000:    7s.  Last read position: LG00:162,433,479
INFO	2021-10-25 22:37:56	AddOrReplaceReadGroups	Processed    28,000,000 records.  Elapsed time: 00:03:41s.  Time for last 1,000,000:    7s.  Last read position: LG00:168,278,789
INFO	2021-10-25 22:38:03	AddOrReplaceReadGroups	Processed    29,000,000 records.  Elapsed time: 00:03:48s.  Time for last 1,000,000:    7s.  Last read position: LG00:172,356,798
INFO	2021-10-25 22:38:11	AddOrReplaceReadGroups	Processed    30,000,000 records.  Elapsed time: 00:03:56s.  Time for last 1,000,000:    7s.  Last read position: LG01:2,866,163
INFO	2021-10-25 22:38:18	AddOrReplaceReadGroups	Processed    31,000,000 records.  Elapsed time: 00:04:03s.  Time for last 1,000,000:    7s.  Last read position: LG01:7,199,222
INFO	2021-10-25 22:38:25	AddOrReplaceReadGroups	Processed    32,000,000 records.  Elapsed time: 00:04:10s.  Time for last 1,000,000:    7s.  Last read position: LG01:11,916,610
INFO	2021-10-25 22:38:33	AddOrReplaceReadGroups	Processed    33,000,000 records.  Elapsed time: 00:04:18s.  Time for last 1,000,000:    7s.  Last read position: LG01:16,347,359
INFO	2021-10-25 22:38:40	AddOrReplaceReadGroups	Processed    34,000,000 records.  Elapsed time: 00:04:25s.  Time for last 1,000,000:    7s.  Last read position: LG01:20,938,422
INFO	2021-10-25 22:38:47	AddOrReplaceReadGroups	Processed    35,000,000 records.  Elapsed time: 00:04:33s.  Time for last 1,000,000:    7s.  Last read position: LG01:25,416,180
INFO	2021-10-25 22:38:55	AddOrReplaceReadGroups	Processed    36,000,000 records.  Elapsed time: 00:04:40s.  Time for last 1,000,000:    7s.  Last read position: LG02:2,396,273
INFO	2021-10-25 22:39:02	AddOrReplaceReadGroups	Processed    37,000,000 records.  Elapsed time: 00:04:47s.  Time for last 1,000,000:    7s.  Last read position: LG02:6,240,698
INFO	2021-10-25 22:39:09	AddOrReplaceReadGroups	Processed    38,000,000 records.  Elapsed time: 00:04:54s.  Time for last 1,000,000:    7s.  Last read position: LG02:10,347,214
INFO	2021-10-25 22:39:16	AddOrReplaceReadGroups	Processed    39,000,000 records.  Elapsed time: 00:05:01s.  Time for last 1,000,000:    7s.  Last read position: LG02:14,615,259
INFO	2021-10-25 22:39:24	AddOrReplaceReadGroups	Processed    40,000,000 records.  Elapsed time: 00:05:09s.  Time for last 1,000,000:    7s.  Last read position: LG02:19,049,835
INFO	2021-10-25 22:39:31	AddOrReplaceReadGroups	Processed    41,000,000 records.  Elapsed time: 00:05:16s.  Time for last 1,000,000:    7s.  Last read position: LG03:4,822,260
INFO	2021-10-25 22:39:38	AddOrReplaceReadGroups	Processed    42,000,000 records.  Elapsed time: 00:05:23s.  Time for last 1,000,000:    7s.  Last read position: LG03:9,769,965
INFO	2021-10-25 22:39:46	AddOrReplaceReadGroups	Processed    43,000,000 records.  Elapsed time: 00:05:31s.  Time for last 1,000,000:    7s.  Last read position: LG03:14,191,280
INFO	2021-10-25 22:39:53	AddOrReplaceReadGroups	Processed    44,000,000 records.  Elapsed time: 00:05:38s.  Time for last 1,000,000:    7s.  Last read position: LG04:1,929,296
INFO	2021-10-25 22:40:00	AddOrReplaceReadGroups	Processed    45,000,000 records.  Elapsed time: 00:05:45s.  Time for last 1,000,000:    7s.  Last read position: LG04:6,626,324
INFO	2021-10-25 22:40:08	AddOrReplaceReadGroups	Processed    46,000,000 records.  Elapsed time: 00:05:53s.  Time for last 1,000,000:    7s.  Last read position: LG04:10,849,649
INFO	2021-10-25 22:40:15	AddOrReplaceReadGroups	Processed    47,000,000 records.  Elapsed time: 00:06:00s.  Time for last 1,000,000:    7s.  Last read position: LG04:15,277,261
INFO	2021-10-25 22:40:22	AddOrReplaceReadGroups	Processed    48,000,000 records.  Elapsed time: 00:06:08s.  Time for last 1,000,000:    7s.  Last read position: LG05:3,844,251
INFO	2021-10-25 22:40:30	AddOrReplaceReadGroups	Processed    49,000,000 records.  Elapsed time: 00:06:15s.  Time for last 1,000,000:    7s.  Last read position: LG05:7,778,492
INFO	2021-10-25 22:40:37	AddOrReplaceReadGroups	Processed    50,000,000 records.  Elapsed time: 00:06:22s.  Time for last 1,000,000:    7s.  Last read position: LG05:11,958,776
INFO	2021-10-25 22:40:45	AddOrReplaceReadGroups	Processed    51,000,000 records.  Elapsed time: 00:06:30s.  Time for last 1,000,000:    7s.  Last read position: LG05:16,255,644
INFO	2021-10-25 22:40:52	AddOrReplaceReadGroups	Processed    52,000,000 records.  Elapsed time: 00:06:37s.  Time for last 1,000,000:    7s.  Last read position: LG05:20,546,973
INFO	2021-10-25 22:40:59	AddOrReplaceReadGroups	Processed    53,000,000 records.  Elapsed time: 00:06:45s.  Time for last 1,000,000:    7s.  Last read position: LG06:2,360,146
INFO	2021-10-25 22:41:07	AddOrReplaceReadGroups	Processed    54,000,000 records.  Elapsed time: 00:06:52s.  Time for last 1,000,000:    7s.  Last read position: LG06:6,953,591
INFO	2021-10-25 22:41:14	AddOrReplaceReadGroups	Processed    55,000,000 records.  Elapsed time: 00:06:59s.  Time for last 1,000,000:    7s.  Last read position: LG06:11,515,043
INFO	2021-10-25 22:41:21	AddOrReplaceReadGroups	Processed    56,000,000 records.  Elapsed time: 00:07:07s.  Time for last 1,000,000:    7s.  Last read position: LG07:3,105,381
INFO	2021-10-25 22:41:29	AddOrReplaceReadGroups	Processed    57,000,000 records.  Elapsed time: 00:07:14s.  Time for last 1,000,000:    7s.  Last read position: LG07:7,396,359
INFO	2021-10-25 22:41:36	AddOrReplaceReadGroups	Processed    58,000,000 records.  Elapsed time: 00:07:21s.  Time for last 1,000,000:    7s.  Last read position: LG08:206,860
INFO	2021-10-25 22:41:43	AddOrReplaceReadGroups	Processed    59,000,000 records.  Elapsed time: 00:07:29s.  Time for last 1,000,000:    7s.  Last read position: LG08:4,522,467
INFO	2021-10-25 22:41:51	AddOrReplaceReadGroups	Processed    60,000,000 records.  Elapsed time: 00:07:36s.  Time for last 1,000,000:    7s.  Last read position: LG08:9,916,972
INFO	2021-10-25 22:41:58	AddOrReplaceReadGroups	Processed    61,000,000 records.  Elapsed time: 00:07:43s.  Time for last 1,000,000:    7s.  Last read position: LG08:14,809,055
INFO	2021-10-25 22:42:06	AddOrReplaceReadGroups	Processed    62,000,000 records.  Elapsed time: 00:07:51s.  Time for last 1,000,000:    7s.  Last read position: LG09:2,665,137
INFO	2021-10-25 22:42:13	AddOrReplaceReadGroups	Processed    63,000,000 records.  Elapsed time: 00:07:58s.  Time for last 1,000,000:    7s.  Last read position: LG09:6,911,548
INFO	2021-10-25 22:42:20	AddOrReplaceReadGroups	Processed    64,000,000 records.  Elapsed time: 00:08:06s.  Time for last 1,000,000:    7s.  Last read position: LG09:10,945,109
INFO	2021-10-25 22:42:28	AddOrReplaceReadGroups	Processed    65,000,000 records.  Elapsed time: 00:08:13s.  Time for last 1,000,000:    7s.  Last read position: LG10:2,617,408
INFO	2021-10-25 22:42:35	AddOrReplaceReadGroups	Processed    66,000,000 records.  Elapsed time: 00:08:20s.  Time for last 1,000,000:    7s.  Last read position: LG10:6,903,755
INFO	2021-10-25 22:42:43	AddOrReplaceReadGroups	Processed    67,000,000 records.  Elapsed time: 00:08:28s.  Time for last 1,000,000:    7s.  Last read position: LG10:10,828,444
INFO	2021-10-25 22:42:50	AddOrReplaceReadGroups	Processed    68,000,000 records.  Elapsed time: 00:08:35s.  Time for last 1,000,000:    7s.  Last read position: LG10:15,227,270
INFO	2021-10-25 22:42:57	AddOrReplaceReadGroups	Processed    69,000,000 records.  Elapsed time: 00:08:42s.  Time for last 1,000,000:    7s.  Last read position: LG10:19,040,391
INFO	2021-10-25 22:43:04	AddOrReplaceReadGroups	Processed    70,000,000 records.  Elapsed time: 00:08:50s.  Time for last 1,000,000:    7s.  Last read position: LG10:23,520,605
INFO	2021-10-25 22:43:12	AddOrReplaceReadGroups	Processed    71,000,000 records.  Elapsed time: 00:08:57s.  Time for last 1,000,000:    7s.  Last read position: LG10:27,955,995
INFO	2021-10-25 22:43:19	AddOrReplaceReadGroups	Processed    72,000,000 records.  Elapsed time: 00:09:04s.  Time for last 1,000,000:    7s.  Last read position: LG11:3,274,130
INFO	2021-10-25 22:43:26	AddOrReplaceReadGroups	Processed    73,000,000 records.  Elapsed time: 00:09:11s.  Time for last 1,000,000:    7s.  Last read position: LG11:8,778,560
INFO	2021-10-25 22:43:34	AddOrReplaceReadGroups	Processed    74,000,000 records.  Elapsed time: 00:09:19s.  Time for last 1,000,000:    7s.  Last read position: LG11:13,207,677
INFO	2021-10-25 22:43:41	AddOrReplaceReadGroups	Processed    75,000,000 records.  Elapsed time: 00:09:26s.  Time for last 1,000,000:    7s.  Last read position: LG11:17,672,595
INFO	2021-10-25 22:43:48	AddOrReplaceReadGroups	Processed    76,000,000 records.  Elapsed time: 00:09:33s.  Time for last 1,000,000:    7s.  Last read position: LG11:22,947,628
INFO	2021-10-25 22:43:56	AddOrReplaceReadGroups	Processed    77,000,000 records.  Elapsed time: 00:09:41s.  Time for last 1,000,000:    7s.  Last read position: LG12:997,104
INFO	2021-10-25 22:44:03	AddOrReplaceReadGroups	Processed    78,000,000 records.  Elapsed time: 00:09:48s.  Time for last 1,000,000:    7s.  Last read position: LG12:5,731,160
INFO	2021-10-25 22:44:10	AddOrReplaceReadGroups	Processed    79,000,000 records.  Elapsed time: 00:09:55s.  Time for last 1,000,000:    7s.  Last read position: LG12:9,908,984
INFO	2021-10-25 22:44:17	AddOrReplaceReadGroups	Processed    80,000,000 records.  Elapsed time: 00:10:03s.  Time for last 1,000,000:    7s.  Last read position: LG12:14,199,954
INFO	2021-10-25 22:44:25	AddOrReplaceReadGroups	Processed    81,000,000 records.  Elapsed time: 00:10:10s.  Time for last 1,000,000:    7s.  Last read position: LG13:3,664,973
INFO	2021-10-25 22:44:32	AddOrReplaceReadGroups	Processed    82,000,000 records.  Elapsed time: 00:10:17s.  Time for last 1,000,000:    7s.  Last read position: LG13:7,622,048
INFO	2021-10-25 22:44:39	AddOrReplaceReadGroups	Processed    83,000,000 records.  Elapsed time: 00:10:24s.  Time for last 1,000,000:    7s.  Last read position: LG13:11,612,650
INFO	2021-10-25 22:44:46	AddOrReplaceReadGroups	Processed    84,000,000 records.  Elapsed time: 00:10:32s.  Time for last 1,000,000:    7s.  Last read position: LG14:966,492
INFO	2021-10-25 22:44:54	AddOrReplaceReadGroups	Processed    85,000,000 records.  Elapsed time: 00:10:39s.  Time for last 1,000,000:    7s.  Last read position: LG14:4,903,428
INFO	2021-10-25 22:45:01	AddOrReplaceReadGroups	Processed    86,000,000 records.  Elapsed time: 00:10:46s.  Time for last 1,000,000:    7s.  Last read position: LG14:8,920,315
INFO	2021-10-25 22:45:08	AddOrReplaceReadGroups	Processed    87,000,000 records.  Elapsed time: 00:10:54s.  Time for last 1,000,000:    7s.  Last read position: LG14:12,916,703
INFO	2021-10-25 22:45:16	AddOrReplaceReadGroups	Processed    88,000,000 records.  Elapsed time: 00:11:01s.  Time for last 1,000,000:    7s.  Last read position: LG15:3,012,443
INFO	2021-10-25 22:45:23	AddOrReplaceReadGroups	Processed    89,000,000 records.  Elapsed time: 00:11:08s.  Time for last 1,000,000:    7s.  Last read position: LG15:6,998,626
INFO	2021-10-25 22:45:30	AddOrReplaceReadGroups	Processed    90,000,000 records.  Elapsed time: 00:11:15s.  Time for last 1,000,000:    7s.  Last read position: LG15:11,296,099
INFO	2021-10-25 22:45:37	AddOrReplaceReadGroups	Processed    91,000,000 records.  Elapsed time: 00:11:23s.  Time for last 1,000,000:    7s.  Last read position: LG15:15,210,167
INFO	2021-10-25 22:45:45	AddOrReplaceReadGroups	Processed    92,000,000 records.  Elapsed time: 00:11:30s.  Time for last 1,000,000:    7s.  Last read position: LG16:1,256,193
INFO	2021-10-25 22:45:52	AddOrReplaceReadGroups	Processed    93,000,000 records.  Elapsed time: 00:11:37s.  Time for last 1,000,000:    7s.  Last read position: LG16:5,648,097
INFO	2021-10-25 22:46:00	AddOrReplaceReadGroups	Processed    94,000,000 records.  Elapsed time: 00:11:45s.  Time for last 1,000,000:    7s.  Last read position: LG16:10,158,353
INFO	2021-10-25 22:46:07	AddOrReplaceReadGroups	Processed    95,000,000 records.  Elapsed time: 00:11:52s.  Time for last 1,000,000:    7s.  Last read position: LG16:14,050,558
INFO	2021-10-25 22:46:14	AddOrReplaceReadGroups	Processed    96,000,000 records.  Elapsed time: 00:12:00s.  Time for last 1,000,000:    7s.  Last read position: LG17:2,197,951
INFO	2021-10-25 22:46:22	AddOrReplaceReadGroups	Processed    97,000,000 records.  Elapsed time: 00:12:07s.  Time for last 1,000,000:    7s.  Last read position: LG17:5,716,998
INFO	2021-10-25 22:46:29	AddOrReplaceReadGroups	Processed    98,000,000 records.  Elapsed time: 00:12:14s.  Time for last 1,000,000:    7s.  Last read position: LG17:9,654,210
INFO	2021-10-25 22:46:36	AddOrReplaceReadGroups	Processed    99,000,000 records.  Elapsed time: 00:12:22s.  Time for last 1,000,000:    7s.  Last read position: LG18:1,641,217
INFO	2021-10-25 22:46:44	AddOrReplaceReadGroups	Processed   100,000,000 records.  Elapsed time: 00:12:29s.  Time for last 1,000,000:    7s.  Last read position: LG18:6,769,860
INFO	2021-10-25 22:46:51	AddOrReplaceReadGroups	Processed   101,000,000 records.  Elapsed time: 00:12:36s.  Time for last 1,000,000:    7s.  Last read position: LG18:10,844,413
INFO	2021-10-25 22:46:58	AddOrReplaceReadGroups	Processed   102,000,000 records.  Elapsed time: 00:12:44s.  Time for last 1,000,000:    7s.  Last read position: LG19:2,367,050
INFO	2021-10-25 22:47:06	AddOrReplaceReadGroups	Processed   103,000,000 records.  Elapsed time: 00:12:51s.  Time for last 1,000,000:    7s.  Last read position: LG19:6,126,358
INFO	2021-10-25 22:47:13	AddOrReplaceReadGroups	Processed   104,000,000 records.  Elapsed time: 00:12:58s.  Time for last 1,000,000:    7s.  Last read position: LG19:10,191,001
INFO	2021-10-25 22:47:20	AddOrReplaceReadGroups	Processed   105,000,000 records.  Elapsed time: 00:13:06s.  Time for last 1,000,000:    7s.  Last read position: LG19:14,296,644
INFO	2021-10-25 22:47:28	AddOrReplaceReadGroups	Processed   106,000,000 records.  Elapsed time: 00:13:13s.  Time for last 1,000,000:    7s.  Last read position: LG20:3,756,284
INFO	2021-10-25 22:47:35	AddOrReplaceReadGroups	Processed   107,000,000 records.  Elapsed time: 00:13:20s.  Time for last 1,000,000:    7s.  Last read position: LG20:8,071,341
INFO	2021-10-25 22:47:43	AddOrReplaceReadGroups	Processed   108,000,000 records.  Elapsed time: 00:13:28s.  Time for last 1,000,000:    7s.  Last read position: LG20:11,931,801
INFO	2021-10-25 22:47:51	AddOrReplaceReadGroups	Processed   109,000,000 records.  Elapsed time: 00:13:36s.  Time for last 1,000,000:    8s.  Last read position: LG21:3,049,719
INFO	2021-10-25 22:47:59	AddOrReplaceReadGroups	Processed   110,000,000 records.  Elapsed time: 00:13:44s.  Time for last 1,000,000:    8s.  Last read position: LG21:7,161,493
INFO	2021-10-25 22:48:07	AddOrReplaceReadGroups	Processed   111,000,000 records.  Elapsed time: 00:13:52s.  Time for last 1,000,000:    7s.  Last read position: LG21:11,254,562
INFO	2021-10-25 22:48:14	AddOrReplaceReadGroups	Processed   112,000,000 records.  Elapsed time: 00:13:59s.  Time for last 1,000,000:    7s.  Last read position: LG22:1,164,048
INFO	2021-10-25 22:48:22	AddOrReplaceReadGroups	Processed   113,000,000 records.  Elapsed time: 00:14:07s.  Time for last 1,000,000:    7s.  Last read position: LG22:5,233,584
INFO	2021-10-25 22:48:29	AddOrReplaceReadGroups	Processed   114,000,000 records.  Elapsed time: 00:14:14s.  Time for last 1,000,000:    7s.  Last read position: LG22:9,558,494
INFO	2021-10-25 22:48:36	AddOrReplaceReadGroups	Processed   115,000,000 records.  Elapsed time: 00:14:21s.  Time for last 1,000,000:    7s.  Last read position: LG23:1,725,113
INFO	2021-10-25 22:48:43	AddOrReplaceReadGroups	Processed   116,000,000 records.  Elapsed time: 00:14:29s.  Time for last 1,000,000:    7s.  Last read position: LG23:5,521,412
INFO	2021-10-25 22:48:51	AddOrReplaceReadGroups	Processed   117,000,000 records.  Elapsed time: 00:14:36s.  Time for last 1,000,000:    7s.  Last read position: LG23:8,988,416
INFO	2021-10-25 22:48:58	AddOrReplaceReadGroups	Processed   118,000,000 records.  Elapsed time: 00:14:43s.  Time for last 1,000,000:    7s.  Last read position: LG23:12,895,851
INFO	2021-10-25 22:49:05	AddOrReplaceReadGroups	Processed   119,000,000 records.  Elapsed time: 00:14:50s.  Time for last 1,000,000:    7s.  Last read position: LG24:416,888
INFO	2021-10-25 22:49:12	AddOrReplaceReadGroups	Processed   120,000,000 records.  Elapsed time: 00:14:58s.  Time for last 1,000,000:    7s.  Last read position: LG24:4,475,129
INFO	2021-10-25 22:49:20	AddOrReplaceReadGroups	Processed   121,000,000 records.  Elapsed time: 00:15:05s.  Time for last 1,000,000:    7s.  Last read position: LG24:8,532,885
INFO	2021-10-25 22:49:27	AddOrReplaceReadGroups	Processed   122,000,000 records.  Elapsed time: 00:15:12s.  Time for last 1,000,000:    7s.  Last read position: LG24:13,436,346
INFO	2021-10-25 22:49:34	AddOrReplaceReadGroups	Processed   123,000,000 records.  Elapsed time: 00:15:19s.  Time for last 1,000,000:    7s.  Last read position: LG25:3,630,821
INFO	2021-10-25 22:49:42	AddOrReplaceReadGroups	Processed   124,000,000 records.  Elapsed time: 00:15:27s.  Time for last 1,000,000:    7s.  Last read position: LG25:8,257,830
INFO	2021-10-25 22:49:49	AddOrReplaceReadGroups	Processed   125,000,000 records.  Elapsed time: 00:15:34s.  Time for last 1,000,000:    7s.  Last read position: LG25:12,466,864
INFO	2021-10-25 22:49:56	AddOrReplaceReadGroups	Processed   126,000,000 records.  Elapsed time: 00:15:41s.  Time for last 1,000,000:    7s.  Last read position: LG26:2,931,828
INFO	2021-10-25 22:50:03	AddOrReplaceReadGroups	Processed   127,000,000 records.  Elapsed time: 00:15:49s.  Time for last 1,000,000:    7s.  Last read position: LG26:6,395,439
INFO	2021-10-25 22:50:11	AddOrReplaceReadGroups	Processed   128,000,000 records.  Elapsed time: 00:15:56s.  Time for last 1,000,000:    7s.  Last read position: LG26:11,117,228
INFO	2021-10-25 22:50:18	AddOrReplaceReadGroups	Processed   129,000,000 records.  Elapsed time: 00:16:03s.  Time for last 1,000,000:    7s.  Last read position: LG27:2,089,736
INFO	2021-10-25 22:50:25	AddOrReplaceReadGroups	Processed   130,000,000 records.  Elapsed time: 00:16:11s.  Time for last 1,000,000:    7s.  Last read position: LG27:6,441,828
INFO	2021-10-25 22:50:33	AddOrReplaceReadGroups	Processed   131,000,000 records.  Elapsed time: 00:16:18s.  Time for last 1,000,000:    7s.  Last read position: LG27:10,773,339
INFO	2021-10-25 22:50:40	AddOrReplaceReadGroups	Processed   132,000,000 records.  Elapsed time: 00:16:25s.  Time for last 1,000,000:    7s.  Last read position: LG28:2,766,651
INFO	2021-10-25 22:50:47	AddOrReplaceReadGroups	Processed   133,000,000 records.  Elapsed time: 00:16:32s.  Time for last 1,000,000:    7s.  Last read position: LG28:7,054,247
INFO	2021-10-25 22:50:55	AddOrReplaceReadGroups	Processed   134,000,000 records.  Elapsed time: 00:16:40s.  Time for last 1,000,000:    7s.  Last read position: LG28:11,201,135
INFO	2021-10-25 22:51:02	AddOrReplaceReadGroups	Processed   135,000,000 records.  Elapsed time: 00:16:47s.  Time for last 1,000,000:    7s.  Last read position: LG29:3,296,925
INFO	2021-10-25 22:51:09	AddOrReplaceReadGroups	Processed   136,000,000 records.  Elapsed time: 00:16:54s.  Time for last 1,000,000:    7s.  Last read position: LG30:2,485,277
INFO	2021-10-25 22:51:16	AddOrReplaceReadGroups	Processed   137,000,000 records.  Elapsed time: 00:17:02s.  Time for last 1,000,000:    7s.  Last read position: LG30:6,875,184
INFO	2021-10-25 22:51:24	AddOrReplaceReadGroups	Processed   138,000,000 records.  Elapsed time: 00:17:09s.  Time for last 1,000,000:    7s.  Last read position: UNPIN3877:6,347
INFO	2021-10-25 22:51:31	AddOrReplaceReadGroups	Processed   139,000,000 records.  Elapsed time: 00:17:16s.  Time for last 1,000,000:    6s.  Last read position: UNPIN3877:15,969
INFO	2021-10-25 22:51:38	AddOrReplaceReadGroups	Processed   140,000,000 records.  Elapsed time: 00:17:23s.  Time for last 1,000,000:    7s.  Last read position: UNPIN3877:24,399
INFO	2021-10-25 22:51:45	AddOrReplaceReadGroups	Processed   141,000,000 records.  Elapsed time: 00:17:30s.  Time for last 1,000,000:    7s.  Last read position: UNPIN3877:34,315
INFO	2021-10-25 22:51:52	AddOrReplaceReadGroups	Processed   142,000,000 records.  Elapsed time: 00:17:37s.  Time for last 1,000,000:    7s.  Last read position: UNPIN3877:43,368
INFO	2021-10-25 22:51:59	AddOrReplaceReadGroups	Processed   143,000,000 records.  Elapsed time: 00:17:44s.  Time for last 1,000,000:    7s.  Last read position: UNPIN3877:55,014
INFO	2021-10-25 22:52:06	AddOrReplaceReadGroups	Processed   144,000,000 records.  Elapsed time: 00:17:51s.  Time for last 1,000,000:    6s.  Last read position: UNPIN3877:64,351
INFO	2021-10-25 22:52:13	AddOrReplaceReadGroups	Processed   145,000,000 records.  Elapsed time: 00:17:58s.  Time for last 1,000,000:    6s.  Last read position: UNPIN3877:74,090
INFO	2021-10-25 22:52:20	AddOrReplaceReadGroups	Processed   146,000,000 records.  Elapsed time: 00:18:05s.  Time for last 1,000,000:    7s.  Last read position: UNPIN3877:84,078
INFO	2021-10-25 22:52:27	AddOrReplaceReadGroups	Processed   147,000,000 records.  Elapsed time: 00:18:12s.  Time for last 1,000,000:    7s.  Last read position: UNPIN3877:93,450
INFO	2021-10-25 22:52:34	AddOrReplaceReadGroups	Processed   148,000,000 records.  Elapsed time: 00:18:19s.  Time for last 1,000,000:    7s.  Last read position: UNPIN3877:102,678
INFO	2021-10-25 22:52:41	AddOrReplaceReadGroups	Processed   149,000,000 records.  Elapsed time: 00:18:26s.  Time for last 1,000,000:    7s.  Last read position: UNPIN3877:112,202
INFO	2021-10-25 22:52:48	AddOrReplaceReadGroups	Processed   150,000,000 records.  Elapsed time: 00:18:33s.  Time for last 1,000,000:    7s.  Last read position: UNPIN3877:121,689
INFO	2021-10-25 22:52:55	AddOrReplaceReadGroups	Processed   151,000,000 records.  Elapsed time: 00:18:41s.  Time for last 1,000,000:    7s.  Last read position: UNPIN3878:2,180
INFO	2021-10-25 22:53:02	AddOrReplaceReadGroups	Processed   152,000,000 records.  Elapsed time: 00:18:48s.  Time for last 1,000,000:    7s.  Last read position: UNPIN3878:23,615
INFO	2021-10-25 22:53:09	AddOrReplaceReadGroups	Processed   153,000,000 records.  Elapsed time: 00:18:54s.  Time for last 1,000,000:    6s.  Last read position: */*
INFO	2021-10-25 22:53:14	AddOrReplaceReadGroups	Processed   154,000,000 records.  Elapsed time: 00:19:00s.  Time for last 1,000,000:    5s.  Last read position: */*
INFO	2021-10-25 22:53:19	AddOrReplaceReadGroups	Processed   155,000,000 records.  Elapsed time: 00:19:05s.  Time for last 1,000,000:    4s.  Last read position: */*
INFO	2021-10-25 22:53:24	AddOrReplaceReadGroups	Processed   156,000,000 records.  Elapsed time: 00:19:10s.  Time for last 1,000,000:    5s.  Last read position: */*
INFO	2021-10-25 22:53:29	AddOrReplaceReadGroups	Processed   157,000,000 records.  Elapsed time: 00:19:15s.  Time for last 1,000,000:    5s.  Last read position: */*
INFO	2021-10-25 22:53:34	AddOrReplaceReadGroups	Processed   158,000,000 records.  Elapsed time: 00:19:20s.  Time for last 1,000,000:    4s.  Last read position: */*
INFO	2021-10-25 22:53:39	AddOrReplaceReadGroups	Processed   159,000,000 records.  Elapsed time: 00:19:25s.  Time for last 1,000,000:    4s.  Last read position: */*
INFO	2021-10-25 22:53:44	AddOrReplaceReadGroups	Processed   160,000,000 records.  Elapsed time: 00:19:30s.  Time for last 1,000,000:    5s.  Last read position: */*
INFO	2021-10-25 22:53:49	AddOrReplaceReadGroups	Processed   161,000,000 records.  Elapsed time: 00:19:35s.  Time for last 1,000,000:    5s.  Last read position: */*
INFO	2021-10-25 22:53:54	AddOrReplaceReadGroups	Processed   162,000,000 records.  Elapsed time: 00:19:39s.  Time for last 1,000,000:    4s.  Last read position: */*
INFO	2021-10-25 22:53:59	AddOrReplaceReadGroups	Processed   163,000,000 records.  Elapsed time: 00:19:45s.  Time for last 1,000,000:    5s.  Last read position: */*
INFO	2021-10-25 22:54:04	AddOrReplaceReadGroups	Processed   164,000,000 records.  Elapsed time: 00:19:50s.  Time for last 1,000,000:    5s.  Last read position: */*
INFO	2021-10-25 22:54:09	AddOrReplaceReadGroups	Processed   165,000,000 records.  Elapsed time: 00:19:55s.  Time for last 1,000,000:    5s.  Last read position: */*
INFO	2021-10-25 22:54:14	AddOrReplaceReadGroups	Processed   166,000,000 records.  Elapsed time: 00:20:00s.  Time for last 1,000,000:    4s.  Last read position: */*
INFO	2021-10-25 22:54:19	AddOrReplaceReadGroups	Processed   167,000,000 records.  Elapsed time: 00:20:05s.  Time for last 1,000,000:    5s.  Last read position: */*
INFO	2021-10-25 22:54:24	AddOrReplaceReadGroups	Processed   168,000,000 records.  Elapsed time: 00:20:10s.  Time for last 1,000,000:    4s.  Last read position: */*
INFO	2021-10-25 22:54:29	AddOrReplaceReadGroups	Processed   169,000,000 records.  Elapsed time: 00:20:15s.  Time for last 1,000,000:    4s.  Last read position: */*
INFO	2021-10-25 22:54:34	AddOrReplaceReadGroups	Processed   170,000,000 records.  Elapsed time: 00:20:19s.  Time for last 1,000,000:    4s.  Last read position: */*
INFO	2021-10-25 22:54:39	AddOrReplaceReadGroups	Processed   171,000,000 records.  Elapsed time: 00:20:24s.  Time for last 1,000,000:    4s.  Last read position: */*
INFO	2021-10-25 22:54:44	AddOrReplaceReadGroups	Processed   172,000,000 records.  Elapsed time: 00:20:29s.  Time for last 1,000,000:    5s.  Last read position: */*
INFO	2021-10-25 22:54:49	AddOrReplaceReadGroups	Processed   173,000,000 records.  Elapsed time: 00:20:34s.  Time for last 1,000,000:    4s.  Last read position: */*
INFO	2021-10-25 22:54:54	AddOrReplaceReadGroups	Processed   174,000,000 records.  Elapsed time: 00:20:39s.  Time for last 1,000,000:    5s.  Last read position: */*
INFO	2021-10-25 22:54:59	AddOrReplaceReadGroups	Processed   175,000,000 records.  Elapsed time: 00:20:44s.  Time for last 1,000,000:    4s.  Last read position: */*
INFO	2021-10-25 22:55:04	AddOrReplaceReadGroups	Processed   176,000,000 records.  Elapsed time: 00:20:49s.  Time for last 1,000,000:    5s.  Last read position: */*
INFO	2021-10-25 22:55:09	AddOrReplaceReadGroups	Processed   177,000,000 records.  Elapsed time: 00:20:54s.  Time for last 1,000,000:    5s.  Last read position: */*
INFO	2021-10-25 22:55:14	AddOrReplaceReadGroups	Processed   178,000,000 records.  Elapsed time: 00:20:59s.  Time for last 1,000,000:    4s.  Last read position: */*
INFO	2021-10-25 22:55:19	AddOrReplaceReadGroups	Processed   179,000,000 records.  Elapsed time: 00:21:04s.  Time for last 1,000,000:    4s.  Last read position: */*
INFO	2021-10-25 22:55:24	AddOrReplaceReadGroups	Processed   180,000,000 records.  Elapsed time: 00:21:09s.  Time for last 1,000,000:    4s.  Last read position: */*
INFO	2021-10-25 22:55:29	AddOrReplaceReadGroups	Processed   181,000,000 records.  Elapsed time: 00:21:14s.  Time for last 1,000,000:    4s.  Last read position: */*
INFO	2021-10-25 22:55:34	AddOrReplaceReadGroups	Processed   182,000,000 records.  Elapsed time: 00:21:19s.  Time for last 1,000,000:    5s.  Last read position: */*
INFO	2021-10-25 22:55:39	AddOrReplaceReadGroups	Processed   183,000,000 records.  Elapsed time: 00:21:24s.  Time for last 1,000,000:    5s.  Last read position: */*
INFO	2021-10-25 22:55:44	AddOrReplaceReadGroups	Processed   184,000,000 records.  Elapsed time: 00:21:29s.  Time for last 1,000,000:    4s.  Last read position: */*
INFO	2021-10-25 22:55:49	AddOrReplaceReadGroups	Processed   185,000,000 records.  Elapsed time: 00:21:34s.  Time for last 1,000,000:    4s.  Last read position: */*
INFO	2021-10-25 22:55:54	AddOrReplaceReadGroups	Processed   186,000,000 records.  Elapsed time: 00:21:39s.  Time for last 1,000,000:    4s.  Last read position: */*
INFO	2021-10-25 22:55:59	AddOrReplaceReadGroups	Processed   187,000,000 records.  Elapsed time: 00:21:44s.  Time for last 1,000,000:    4s.  Last read position: */*
INFO	2021-10-25 22:56:04	AddOrReplaceReadGroups	Processed   188,000,000 records.  Elapsed time: 00:21:49s.  Time for last 1,000,000:    4s.  Last read position: */*
INFO	2021-10-25 22:56:09	AddOrReplaceReadGroups	Processed   189,000,000 records.  Elapsed time: 00:21:54s.  Time for last 1,000,000:    4s.  Last read position: */*
INFO	2021-10-25 22:56:14	AddOrReplaceReadGroups	Processed   190,000,000 records.  Elapsed time: 00:21:59s.  Time for last 1,000,000:    5s.  Last read position: */*
INFO	2021-10-25 22:56:19	AddOrReplaceReadGroups	Processed   191,000,000 records.  Elapsed time: 00:22:04s.  Time for last 1,000,000:    4s.  Last read position: */*
INFO	2021-10-25 22:56:24	AddOrReplaceReadGroups	Processed   192,000,000 records.  Elapsed time: 00:22:09s.  Time for last 1,000,000:    4s.  Last read position: */*
INFO	2021-10-25 22:56:29	AddOrReplaceReadGroups	Processed   193,000,000 records.  Elapsed time: 00:22:14s.  Time for last 1,000,000:    4s.  Last read position: */*
INFO	2021-10-25 22:56:34	AddOrReplaceReadGroups	Processed   194,000,000 records.  Elapsed time: 00:22:19s.  Time for last 1,000,000:    5s.  Last read position: */*
INFO	2021-10-25 22:56:39	AddOrReplaceReadGroups	Processed   195,000,000 records.  Elapsed time: 00:22:24s.  Time for last 1,000,000:    4s.  Last read position: */*
INFO	2021-10-25 22:56:44	AddOrReplaceReadGroups	Processed   196,000,000 records.  Elapsed time: 00:22:29s.  Time for last 1,000,000:    5s.  Last read position: */*
INFO	2021-10-25 22:56:49	AddOrReplaceReadGroups	Processed   197,000,000 records.  Elapsed time: 00:22:34s.  Time for last 1,000,000:    5s.  Last read position: */*
INFO	2021-10-25 22:56:54	AddOrReplaceReadGroups	Processed   198,000,000 records.  Elapsed time: 00:22:39s.  Time for last 1,000,000:    4s.  Last read position: */*
INFO	2021-10-25 22:56:59	AddOrReplaceReadGroups	Processed   199,000,000 records.  Elapsed time: 00:22:44s.  Time for last 1,000,000:    4s.  Last read position: */*
INFO	2021-10-25 22:57:04	AddOrReplaceReadGroups	Processed   200,000,000 records.  Elapsed time: 00:22:49s.  Time for last 1,000,000:    4s.  Last read position: */*
INFO	2021-10-25 22:57:09	AddOrReplaceReadGroups	Processed   201,000,000 records.  Elapsed time: 00:22:54s.  Time for last 1,000,000:    4s.  Last read position: */*
INFO	2021-10-25 22:57:14	AddOrReplaceReadGroups	Processed   202,000,000 records.  Elapsed time: 00:22:59s.  Time for last 1,000,000:    4s.  Last read position: */*
INFO	2021-10-25 22:57:19	AddOrReplaceReadGroups	Processed   203,000,000 records.  Elapsed time: 00:23:04s.  Time for last 1,000,000:    4s.  Last read position: */*
[Mon Oct 25 22:57:19 PDT 2021] picard.sam.AddOrReplaceReadGroups done. Elapsed time: 23.09 minutes.
Runtime.totalMemory()=46313472
Tool returned:
0
