==========================================
SLURM_JOB_ID = 2291409
SLURM_JOB_NODELIST = b10-17
TMPDIR = /tmp/SLURM_2291409
==========================================
Running Sample ID SRR12223725_SRP271933_Undaria_pinnatifida_individual_22_2015-01-23_CUL_Kr_Wando2015_1_South_Korea with options  --RGID C711EANXX.3 --RGLB SRR12223725 --RGPL ILLUMINA --RGPU C711EANXX.3.SRR12223725 --RGSM CUL_Kr_Wando2015_1_South_Korea 
Using GATK jar /home1/mharden/.conda/envs/gatk4/share/gatk4-4.2.2.0-1/gatk-package-4.2.2.0-local.jar
Running:
    java -Dsamjdk.use_async_io_read_samtools=false -Dsamjdk.use_async_io_write_samtools=true -Dsamjdk.use_async_io_write_tribble=false -Dsamjdk.compression_level=2 -jar /home1/mharden/.conda/envs/gatk4/share/gatk4-4.2.2.0-1/gatk-package-4.2.2.0-local.jar AddOrReplaceReadGroups -I SRR12223725_SRP271933_Undaria_pinnatifida_individual_22_2015-01-23_CUL_Kr_Wando2015_1_South_Korea.sorted.bam -O SRR12223725_SRP271933_Undaria_pinnatifida_individual_22_2015-01-23_CUL_Kr_Wando2015_1_South_Korea.RG.sorted.bam --RGID C711EANXX.3 --RGLB SRR12223725 --RGPL ILLUMINA --RGPU C711EANXX.3.SRR12223725 --RGSM CUL_Kr_Wando2015_1_South_Korea
22:16:58.474 INFO  NativeLibraryLoader - Loading libgkl_compression.so from jar:file:/home1/mharden/.conda/envs/gatk4/share/gatk4-4.2.2.0-1/gatk-package-4.2.2.0-local.jar!/com/intel/gkl/native/libgkl_compression.so
[Mon Oct 25 22:16:58 PDT 2021] AddOrReplaceReadGroups --INPUT SRR12223725_SRP271933_Undaria_pinnatifida_individual_22_2015-01-23_CUL_Kr_Wando2015_1_South_Korea.sorted.bam --OUTPUT SRR12223725_SRP271933_Undaria_pinnatifida_individual_22_2015-01-23_CUL_Kr_Wando2015_1_South_Korea.RG.sorted.bam --RGID C711EANXX.3 --RGLB SRR12223725 --RGPL ILLUMINA --RGPU C711EANXX.3.SRR12223725 --RGSM CUL_Kr_Wando2015_1_South_Korea --VERBOSITY INFO --QUIET false --VALIDATION_STRINGENCY STRICT --COMPRESSION_LEVEL 2 --MAX_RECORDS_IN_RAM 500000 --CREATE_INDEX false --CREATE_MD5_FILE false --GA4GH_CLIENT_SECRETS client_secrets.json --help false --version false --showHidden false --USE_JDK_DEFLATER false --USE_JDK_INFLATER false
Oct 25, 2021 10:16:58 PM shaded.cloud_nio.com.google.auth.oauth2.ComputeEngineCredentials runningOnComputeEngine
INFO: Failed to detect whether we are running on Google Compute Engine.
[Mon Oct 25 22:16:58 PDT 2021] Executing as mharden@b10-17.hpc.usc.edu on Linux 3.10.0-1062.4.1.el7.x86_64 amd64; OpenJDK 64-Bit Server VM 1.8.0_302-b08; Deflater: Intel; Inflater: Intel; Provider GCS is available; Picard version: Version:4.2.2.0
INFO	2021-10-25 22:16:58	AddOrReplaceReadGroups	Created read-group ID=C711EANXX.3 PL=ILLUMINA LB=SRR12223725 SM=CUL_Kr_Wando2015_1_South_Korea

INFO	2021-10-25 22:17:08	AddOrReplaceReadGroups	Processed     1,000,000 records.  Elapsed time: 00:00:09s.  Time for last 1,000,000:    9s.  Last read position: LG00:4,830,311
INFO	2021-10-25 22:17:18	AddOrReplaceReadGroups	Processed     2,000,000 records.  Elapsed time: 00:00:19s.  Time for last 1,000,000:    9s.  Last read position: LG00:6,765,884
INFO	2021-10-25 22:17:26	AddOrReplaceReadGroups	Processed     3,000,000 records.  Elapsed time: 00:00:28s.  Time for last 1,000,000:    8s.  Last read position: LG00:7,643,014
INFO	2021-10-25 22:17:35	AddOrReplaceReadGroups	Processed     4,000,000 records.  Elapsed time: 00:00:36s.  Time for last 1,000,000:    8s.  Last read position: LG00:12,162,426
INFO	2021-10-25 22:17:43	AddOrReplaceReadGroups	Processed     5,000,000 records.  Elapsed time: 00:00:44s.  Time for last 1,000,000:    8s.  Last read position: LG00:16,238,600
INFO	2021-10-25 22:17:51	AddOrReplaceReadGroups	Processed     6,000,000 records.  Elapsed time: 00:00:52s.  Time for last 1,000,000:    8s.  Last read position: LG00:21,043,807
INFO	2021-10-25 22:17:59	AddOrReplaceReadGroups	Processed     7,000,000 records.  Elapsed time: 00:01:00s.  Time for last 1,000,000:    7s.  Last read position: LG00:25,872,630
INFO	2021-10-25 22:18:06	AddOrReplaceReadGroups	Processed     8,000,000 records.  Elapsed time: 00:01:07s.  Time for last 1,000,000:    7s.  Last read position: LG00:30,033,851
INFO	2021-10-25 22:18:14	AddOrReplaceReadGroups	Processed     9,000,000 records.  Elapsed time: 00:01:15s.  Time for last 1,000,000:    7s.  Last read position: LG00:34,721,434
INFO	2021-10-25 22:18:22	AddOrReplaceReadGroups	Processed    10,000,000 records.  Elapsed time: 00:01:23s.  Time for last 1,000,000:    7s.  Last read position: LG00:39,792,026
INFO	2021-10-25 22:18:30	AddOrReplaceReadGroups	Processed    11,000,000 records.  Elapsed time: 00:01:31s.  Time for last 1,000,000:    7s.  Last read position: LG00:44,000,196
INFO	2021-10-25 22:18:37	AddOrReplaceReadGroups	Processed    12,000,000 records.  Elapsed time: 00:01:38s.  Time for last 1,000,000:    7s.  Last read position: LG00:48,761,357
INFO	2021-10-25 22:18:45	AddOrReplaceReadGroups	Processed    13,000,000 records.  Elapsed time: 00:01:46s.  Time for last 1,000,000:    7s.  Last read position: LG00:53,766,058
INFO	2021-10-25 22:18:53	AddOrReplaceReadGroups	Processed    14,000,000 records.  Elapsed time: 00:01:54s.  Time for last 1,000,000:    7s.  Last read position: LG00:59,096,535
INFO	2021-10-25 22:19:00	AddOrReplaceReadGroups	Processed    15,000,000 records.  Elapsed time: 00:02:02s.  Time for last 1,000,000:    7s.  Last read position: LG00:64,105,644
INFO	2021-10-25 22:19:08	AddOrReplaceReadGroups	Processed    16,000,000 records.  Elapsed time: 00:02:09s.  Time for last 1,000,000:    7s.  Last read position: LG00:69,582,950
INFO	2021-10-25 22:19:15	AddOrReplaceReadGroups	Processed    17,000,000 records.  Elapsed time: 00:02:16s.  Time for last 1,000,000:    7s.  Last read position: LG00:74,871,554
INFO	2021-10-25 22:19:23	AddOrReplaceReadGroups	Processed    18,000,000 records.  Elapsed time: 00:02:24s.  Time for last 1,000,000:    7s.  Last read position: LG00:80,403,491
INFO	2021-10-25 22:19:30	AddOrReplaceReadGroups	Processed    19,000,000 records.  Elapsed time: 00:02:31s.  Time for last 1,000,000:    7s.  Last read position: LG00:85,343,456
INFO	2021-10-25 22:19:37	AddOrReplaceReadGroups	Processed    20,000,000 records.  Elapsed time: 00:02:38s.  Time for last 1,000,000:    7s.  Last read position: LG00:89,653,459
INFO	2021-10-25 22:19:45	AddOrReplaceReadGroups	Processed    21,000,000 records.  Elapsed time: 00:02:46s.  Time for last 1,000,000:    7s.  Last read position: LG00:95,129,116
INFO	2021-10-25 22:19:52	AddOrReplaceReadGroups	Processed    22,000,000 records.  Elapsed time: 00:02:53s.  Time for last 1,000,000:    7s.  Last read position: LG00:100,474,277
INFO	2021-10-25 22:19:59	AddOrReplaceReadGroups	Processed    23,000,000 records.  Elapsed time: 00:03:00s.  Time for last 1,000,000:    7s.  Last read position: LG00:106,349,306
INFO	2021-10-25 22:20:06	AddOrReplaceReadGroups	Processed    24,000,000 records.  Elapsed time: 00:03:08s.  Time for last 1,000,000:    7s.  Last read position: LG00:112,141,623
INFO	2021-10-25 22:20:14	AddOrReplaceReadGroups	Processed    25,000,000 records.  Elapsed time: 00:03:15s.  Time for last 1,000,000:    7s.  Last read position: LG00:118,100,618
INFO	2021-10-25 22:20:21	AddOrReplaceReadGroups	Processed    26,000,000 records.  Elapsed time: 00:03:22s.  Time for last 1,000,000:    7s.  Last read position: LG00:123,520,215
INFO	2021-10-25 22:20:28	AddOrReplaceReadGroups	Processed    27,000,000 records.  Elapsed time: 00:03:29s.  Time for last 1,000,000:    7s.  Last read position: LG00:129,128,391
INFO	2021-10-25 22:20:35	AddOrReplaceReadGroups	Processed    28,000,000 records.  Elapsed time: 00:03:36s.  Time for last 1,000,000:    7s.  Last read position: LG00:134,491,102
INFO	2021-10-25 22:20:43	AddOrReplaceReadGroups	Processed    29,000,000 records.  Elapsed time: 00:03:44s.  Time for last 1,000,000:    7s.  Last read position: LG00:140,143,623
INFO	2021-10-25 22:20:50	AddOrReplaceReadGroups	Processed    30,000,000 records.  Elapsed time: 00:03:51s.  Time for last 1,000,000:    7s.  Last read position: LG00:145,944,570
INFO	2021-10-25 22:20:57	AddOrReplaceReadGroups	Processed    31,000,000 records.  Elapsed time: 00:03:58s.  Time for last 1,000,000:    7s.  Last read position: LG00:151,683,881
INFO	2021-10-25 22:21:04	AddOrReplaceReadGroups	Processed    32,000,000 records.  Elapsed time: 00:04:05s.  Time for last 1,000,000:    7s.  Last read position: LG00:152,584,022
INFO	2021-10-25 22:21:11	AddOrReplaceReadGroups	Processed    33,000,000 records.  Elapsed time: 00:04:12s.  Time for last 1,000,000:    7s.  Last read position: LG00:156,545,612
INFO	2021-10-25 22:21:19	AddOrReplaceReadGroups	Processed    34,000,000 records.  Elapsed time: 00:04:20s.  Time for last 1,000,000:    7s.  Last read position: LG00:162,490,183
INFO	2021-10-25 22:21:26	AddOrReplaceReadGroups	Processed    35,000,000 records.  Elapsed time: 00:04:27s.  Time for last 1,000,000:    7s.  Last read position: LG00:167,364,613
INFO	2021-10-25 22:21:33	AddOrReplaceReadGroups	Processed    36,000,000 records.  Elapsed time: 00:04:34s.  Time for last 1,000,000:    7s.  Last read position: LG00:169,609,555
INFO	2021-10-25 22:21:40	AddOrReplaceReadGroups	Processed    37,000,000 records.  Elapsed time: 00:04:41s.  Time for last 1,000,000:    7s.  Last read position: LG00:172,920,192
INFO	2021-10-25 22:21:47	AddOrReplaceReadGroups	Processed    38,000,000 records.  Elapsed time: 00:04:48s.  Time for last 1,000,000:    7s.  Last read position: LG01:2,884,014
INFO	2021-10-25 22:21:54	AddOrReplaceReadGroups	Processed    39,000,000 records.  Elapsed time: 00:04:55s.  Time for last 1,000,000:    7s.  Last read position: LG01:7,167,281
INFO	2021-10-25 22:22:01	AddOrReplaceReadGroups	Processed    40,000,000 records.  Elapsed time: 00:05:03s.  Time for last 1,000,000:    7s.  Last read position: LG01:11,256,785
INFO	2021-10-25 22:22:09	AddOrReplaceReadGroups	Processed    41,000,000 records.  Elapsed time: 00:05:10s.  Time for last 1,000,000:    7s.  Last read position: LG01:15,366,185
INFO	2021-10-25 22:22:16	AddOrReplaceReadGroups	Processed    42,000,000 records.  Elapsed time: 00:05:17s.  Time for last 1,000,000:    7s.  Last read position: LG01:19,440,724
INFO	2021-10-25 22:22:23	AddOrReplaceReadGroups	Processed    43,000,000 records.  Elapsed time: 00:05:24s.  Time for last 1,000,000:    7s.  Last read position: LG01:23,429,975
INFO	2021-10-25 22:22:30	AddOrReplaceReadGroups	Processed    44,000,000 records.  Elapsed time: 00:05:31s.  Time for last 1,000,000:    7s.  Last read position: LG02:155,221
INFO	2021-10-25 22:22:37	AddOrReplaceReadGroups	Processed    45,000,000 records.  Elapsed time: 00:05:38s.  Time for last 1,000,000:    7s.  Last read position: LG02:3,821,234
INFO	2021-10-25 22:22:44	AddOrReplaceReadGroups	Processed    46,000,000 records.  Elapsed time: 00:05:46s.  Time for last 1,000,000:    7s.  Last read position: LG02:7,702,102
INFO	2021-10-25 22:22:52	AddOrReplaceReadGroups	Processed    47,000,000 records.  Elapsed time: 00:05:53s.  Time for last 1,000,000:    7s.  Last read position: LG02:11,554,701
INFO	2021-10-25 22:22:59	AddOrReplaceReadGroups	Processed    48,000,000 records.  Elapsed time: 00:06:00s.  Time for last 1,000,000:    7s.  Last read position: LG02:15,563,478
INFO	2021-10-25 22:23:06	AddOrReplaceReadGroups	Processed    49,000,000 records.  Elapsed time: 00:06:07s.  Time for last 1,000,000:    7s.  Last read position: LG03:2,343
INFO	2021-10-25 22:23:13	AddOrReplaceReadGroups	Processed    50,000,000 records.  Elapsed time: 00:06:14s.  Time for last 1,000,000:    7s.  Last read position: LG03:3,820,224
INFO	2021-10-25 22:23:20	AddOrReplaceReadGroups	Processed    51,000,000 records.  Elapsed time: 00:06:21s.  Time for last 1,000,000:    7s.  Last read position: LG03:7,963,693
INFO	2021-10-25 22:23:27	AddOrReplaceReadGroups	Processed    52,000,000 records.  Elapsed time: 00:06:29s.  Time for last 1,000,000:    7s.  Last read position: LG03:12,262,980
INFO	2021-10-25 22:23:35	AddOrReplaceReadGroups	Processed    53,000,000 records.  Elapsed time: 00:06:36s.  Time for last 1,000,000:    7s.  Last read position: LG03:16,297,057
INFO	2021-10-25 22:23:42	AddOrReplaceReadGroups	Processed    54,000,000 records.  Elapsed time: 00:06:43s.  Time for last 1,000,000:    7s.  Last read position: LG04:3,612,294
INFO	2021-10-25 22:23:49	AddOrReplaceReadGroups	Processed    55,000,000 records.  Elapsed time: 00:06:50s.  Time for last 1,000,000:    7s.  Last read position: LG04:7,907,486
INFO	2021-10-25 22:23:56	AddOrReplaceReadGroups	Processed    56,000,000 records.  Elapsed time: 00:06:57s.  Time for last 1,000,000:    7s.  Last read position: LG04:12,007,109
INFO	2021-10-25 22:24:04	AddOrReplaceReadGroups	Processed    57,000,000 records.  Elapsed time: 00:07:05s.  Time for last 1,000,000:    7s.  Last read position: LG05:175,886
INFO	2021-10-25 22:24:11	AddOrReplaceReadGroups	Processed    58,000,000 records.  Elapsed time: 00:07:12s.  Time for last 1,000,000:    7s.  Last read position: LG05:4,130,109
INFO	2021-10-25 22:24:18	AddOrReplaceReadGroups	Processed    59,000,000 records.  Elapsed time: 00:07:19s.  Time for last 1,000,000:    7s.  Last read position: LG05:7,832,852
INFO	2021-10-25 22:24:25	AddOrReplaceReadGroups	Processed    60,000,000 records.  Elapsed time: 00:07:26s.  Time for last 1,000,000:    7s.  Last read position: LG05:11,731,230
INFO	2021-10-25 22:24:32	AddOrReplaceReadGroups	Processed    61,000,000 records.  Elapsed time: 00:07:33s.  Time for last 1,000,000:    7s.  Last read position: LG05:15,778,839
INFO	2021-10-25 22:24:39	AddOrReplaceReadGroups	Processed    62,000,000 records.  Elapsed time: 00:07:41s.  Time for last 1,000,000:    7s.  Last read position: LG05:20,046,607
INFO	2021-10-25 22:24:47	AddOrReplaceReadGroups	Processed    63,000,000 records.  Elapsed time: 00:07:48s.  Time for last 1,000,000:    7s.  Last read position: LG06:1,597,822
INFO	2021-10-25 22:24:54	AddOrReplaceReadGroups	Processed    64,000,000 records.  Elapsed time: 00:07:55s.  Time for last 1,000,000:    7s.  Last read position: LG06:5,352,115
INFO	2021-10-25 22:25:01	AddOrReplaceReadGroups	Processed    65,000,000 records.  Elapsed time: 00:08:02s.  Time for last 1,000,000:    7s.  Last read position: LG06:9,239,670
INFO	2021-10-25 22:25:08	AddOrReplaceReadGroups	Processed    66,000,000 records.  Elapsed time: 00:08:09s.  Time for last 1,000,000:    7s.  Last read position: LG07:822,585
INFO	2021-10-25 22:25:15	AddOrReplaceReadGroups	Processed    67,000,000 records.  Elapsed time: 00:08:17s.  Time for last 1,000,000:    7s.  Last read position: LG07:4,262,227
INFO	2021-10-25 22:25:23	AddOrReplaceReadGroups	Processed    68,000,000 records.  Elapsed time: 00:08:24s.  Time for last 1,000,000:    7s.  Last read position: LG07:8,280,767
INFO	2021-10-25 22:25:30	AddOrReplaceReadGroups	Processed    69,000,000 records.  Elapsed time: 00:08:31s.  Time for last 1,000,000:    7s.  Last read position: LG08:268,196
INFO	2021-10-25 22:25:37	AddOrReplaceReadGroups	Processed    70,000,000 records.  Elapsed time: 00:08:38s.  Time for last 1,000,000:    7s.  Last read position: LG08:3,827,955
INFO	2021-10-25 22:25:44	AddOrReplaceReadGroups	Processed    71,000,000 records.  Elapsed time: 00:08:45s.  Time for last 1,000,000:    7s.  Last read position: LG08:7,885,682
INFO	2021-10-25 22:25:51	AddOrReplaceReadGroups	Processed    72,000,000 records.  Elapsed time: 00:08:52s.  Time for last 1,000,000:    7s.  Last read position: LG08:11,833,851
INFO	2021-10-25 22:25:58	AddOrReplaceReadGroups	Processed    73,000,000 records.  Elapsed time: 00:08:59s.  Time for last 1,000,000:    7s.  Last read position: LG09:390,224
INFO	2021-10-25 22:26:05	AddOrReplaceReadGroups	Processed    74,000,000 records.  Elapsed time: 00:09:07s.  Time for last 1,000,000:    7s.  Last read position: LG09:2,660,701
INFO	2021-10-25 22:26:13	AddOrReplaceReadGroups	Processed    75,000,000 records.  Elapsed time: 00:09:14s.  Time for last 1,000,000:    7s.  Last read position: LG09:3,920,532
INFO	2021-10-25 22:26:20	AddOrReplaceReadGroups	Processed    76,000,000 records.  Elapsed time: 00:09:21s.  Time for last 1,000,000:    7s.  Last read position: LG09:8,078,784
INFO	2021-10-25 22:26:27	AddOrReplaceReadGroups	Processed    77,000,000 records.  Elapsed time: 00:09:28s.  Time for last 1,000,000:    7s.  Last read position: LG09:11,610,526
INFO	2021-10-25 22:26:34	AddOrReplaceReadGroups	Processed    78,000,000 records.  Elapsed time: 00:09:35s.  Time for last 1,000,000:    7s.  Last read position: LG10:2,656,958
INFO	2021-10-25 22:26:41	AddOrReplaceReadGroups	Processed    79,000,000 records.  Elapsed time: 00:09:42s.  Time for last 1,000,000:    7s.  Last read position: LG10:6,434,730
INFO	2021-10-25 22:26:48	AddOrReplaceReadGroups	Processed    80,000,000 records.  Elapsed time: 00:09:49s.  Time for last 1,000,000:    7s.  Last read position: LG10:9,795,988
INFO	2021-10-25 22:26:55	AddOrReplaceReadGroups	Processed    81,000,000 records.  Elapsed time: 00:09:56s.  Time for last 1,000,000:    7s.  Last read position: LG10:13,495,502
INFO	2021-10-25 22:27:02	AddOrReplaceReadGroups	Processed    82,000,000 records.  Elapsed time: 00:10:03s.  Time for last 1,000,000:    7s.  Last read position: LG10:17,245,764
INFO	2021-10-25 22:27:09	AddOrReplaceReadGroups	Processed    83,000,000 records.  Elapsed time: 00:10:11s.  Time for last 1,000,000:    7s.  Last read position: LG10:21,240,641
INFO	2021-10-25 22:27:17	AddOrReplaceReadGroups	Processed    84,000,000 records.  Elapsed time: 00:10:18s.  Time for last 1,000,000:    7s.  Last read position: LG10:25,037,312
INFO	2021-10-25 22:27:24	AddOrReplaceReadGroups	Processed    85,000,000 records.  Elapsed time: 00:10:25s.  Time for last 1,000,000:    7s.  Last read position: LG11:13,614
INFO	2021-10-25 22:27:31	AddOrReplaceReadGroups	Processed    86,000,000 records.  Elapsed time: 00:10:32s.  Time for last 1,000,000:    7s.  Last read position: LG11:3,868,896
INFO	2021-10-25 22:27:38	AddOrReplaceReadGroups	Processed    87,000,000 records.  Elapsed time: 00:10:39s.  Time for last 1,000,000:    7s.  Last read position: LG11:8,309,966
INFO	2021-10-25 22:27:45	AddOrReplaceReadGroups	Processed    88,000,000 records.  Elapsed time: 00:10:46s.  Time for last 1,000,000:    7s.  Last read position: LG11:12,121,213
INFO	2021-10-25 22:27:52	AddOrReplaceReadGroups	Processed    89,000,000 records.  Elapsed time: 00:10:53s.  Time for last 1,000,000:    7s.  Last read position: LG11:15,908,472
INFO	2021-10-25 22:27:59	AddOrReplaceReadGroups	Processed    90,000,000 records.  Elapsed time: 00:11:00s.  Time for last 1,000,000:    7s.  Last read position: LG11:19,987,097
INFO	2021-10-25 22:28:07	AddOrReplaceReadGroups	Processed    91,000,000 records.  Elapsed time: 00:11:08s.  Time for last 1,000,000:    7s.  Last read position: LG11:24,140,676
INFO	2021-10-25 22:28:14	AddOrReplaceReadGroups	Processed    92,000,000 records.  Elapsed time: 00:11:15s.  Time for last 1,000,000:    7s.  Last read position: LG12:1,188,233
INFO	2021-10-25 22:28:21	AddOrReplaceReadGroups	Processed    93,000,000 records.  Elapsed time: 00:11:22s.  Time for last 1,000,000:    7s.  Last read position: LG12:5,282,368
INFO	2021-10-25 22:28:28	AddOrReplaceReadGroups	Processed    94,000,000 records.  Elapsed time: 00:11:29s.  Time for last 1,000,000:    7s.  Last read position: LG12:9,178,867
INFO	2021-10-25 22:28:35	AddOrReplaceReadGroups	Processed    95,000,000 records.  Elapsed time: 00:11:36s.  Time for last 1,000,000:    7s.  Last read position: LG12:13,226,587
INFO	2021-10-25 22:28:42	AddOrReplaceReadGroups	Processed    96,000,000 records.  Elapsed time: 00:11:43s.  Time for last 1,000,000:    7s.  Last read position: LG13:2,578,095
INFO	2021-10-25 22:28:50	AddOrReplaceReadGroups	Processed    97,000,000 records.  Elapsed time: 00:11:51s.  Time for last 1,000,000:    7s.  Last read position: LG13:5,860,806
INFO	2021-10-25 22:28:58	AddOrReplaceReadGroups	Processed    98,000,000 records.  Elapsed time: 00:11:59s.  Time for last 1,000,000:    7s.  Last read position: LG13:9,522,111
INFO	2021-10-25 22:29:05	AddOrReplaceReadGroups	Processed    99,000,000 records.  Elapsed time: 00:12:06s.  Time for last 1,000,000:    7s.  Last read position: LG13:13,162,188
INFO	2021-10-25 22:29:12	AddOrReplaceReadGroups	Processed   100,000,000 records.  Elapsed time: 00:12:13s.  Time for last 1,000,000:    7s.  Last read position: LG14:1,957,551
INFO	2021-10-25 22:29:19	AddOrReplaceReadGroups	Processed   101,000,000 records.  Elapsed time: 00:12:20s.  Time for last 1,000,000:    7s.  Last read position: LG14:5,945,164
INFO	2021-10-25 22:29:26	AddOrReplaceReadGroups	Processed   102,000,000 records.  Elapsed time: 00:12:27s.  Time for last 1,000,000:    7s.  Last read position: LG14:9,867,844
INFO	2021-10-25 22:29:34	AddOrReplaceReadGroups	Processed   103,000,000 records.  Elapsed time: 00:12:35s.  Time for last 1,000,000:    7s.  Last read position: LG15:169,171
INFO	2021-10-25 22:29:41	AddOrReplaceReadGroups	Processed   104,000,000 records.  Elapsed time: 00:12:42s.  Time for last 1,000,000:    7s.  Last read position: LG15:3,688,810
INFO	2021-10-25 22:29:48	AddOrReplaceReadGroups	Processed   105,000,000 records.  Elapsed time: 00:12:49s.  Time for last 1,000,000:    7s.  Last read position: LG15:7,585,893
INFO	2021-10-25 22:29:55	AddOrReplaceReadGroups	Processed   106,000,000 records.  Elapsed time: 00:12:56s.  Time for last 1,000,000:    7s.  Last read position: LG15:11,606,879
INFO	2021-10-25 22:30:03	AddOrReplaceReadGroups	Processed   107,000,000 records.  Elapsed time: 00:13:04s.  Time for last 1,000,000:    7s.  Last read position: LG15:15,324,757
INFO	2021-10-25 22:30:10	AddOrReplaceReadGroups	Processed   108,000,000 records.  Elapsed time: 00:13:11s.  Time for last 1,000,000:    7s.  Last read position: LG16:799,496
INFO	2021-10-25 22:30:18	AddOrReplaceReadGroups	Processed   109,000,000 records.  Elapsed time: 00:13:19s.  Time for last 1,000,000:    8s.  Last read position: LG16:4,541,649
INFO	2021-10-25 22:30:25	AddOrReplaceReadGroups	Processed   110,000,000 records.  Elapsed time: 00:13:26s.  Time for last 1,000,000:    7s.  Last read position: LG16:8,877,946
INFO	2021-10-25 22:30:32	AddOrReplaceReadGroups	Processed   111,000,000 records.  Elapsed time: 00:13:33s.  Time for last 1,000,000:    7s.  Last read position: LG16:12,616,706
INFO	2021-10-25 22:30:39	AddOrReplaceReadGroups	Processed   112,000,000 records.  Elapsed time: 00:13:41s.  Time for last 1,000,000:    7s.  Last read position: LG17:495,287
INFO	2021-10-25 22:30:47	AddOrReplaceReadGroups	Processed   113,000,000 records.  Elapsed time: 00:13:48s.  Time for last 1,000,000:    7s.  Last read position: LG17:3,346,625
INFO	2021-10-25 22:30:54	AddOrReplaceReadGroups	Processed   114,000,000 records.  Elapsed time: 00:13:55s.  Time for last 1,000,000:    7s.  Last read position: LG17:6,323,829
INFO	2021-10-25 22:31:02	AddOrReplaceReadGroups	Processed   115,000,000 records.  Elapsed time: 00:14:03s.  Time for last 1,000,000:    7s.  Last read position: LG17:10,050,718
INFO	2021-10-25 22:31:09	AddOrReplaceReadGroups	Processed   116,000,000 records.  Elapsed time: 00:14:10s.  Time for last 1,000,000:    7s.  Last read position: LG18:1,536,329
INFO	2021-10-25 22:31:16	AddOrReplaceReadGroups	Processed   117,000,000 records.  Elapsed time: 00:14:17s.  Time for last 1,000,000:    7s.  Last read position: LG18:5,851,152
INFO	2021-10-25 22:31:23	AddOrReplaceReadGroups	Processed   118,000,000 records.  Elapsed time: 00:14:25s.  Time for last 1,000,000:    7s.  Last read position: LG18:9,657,142
INFO	2021-10-25 22:31:31	AddOrReplaceReadGroups	Processed   119,000,000 records.  Elapsed time: 00:14:32s.  Time for last 1,000,000:    7s.  Last read position: LG19:939,609
INFO	2021-10-25 22:31:38	AddOrReplaceReadGroups	Processed   120,000,000 records.  Elapsed time: 00:14:39s.  Time for last 1,000,000:    7s.  Last read position: LG19:4,456,128
INFO	2021-10-25 22:31:46	AddOrReplaceReadGroups	Processed   121,000,000 records.  Elapsed time: 00:14:47s.  Time for last 1,000,000:    7s.  Last read position: LG19:7,785,182
INFO	2021-10-25 22:31:53	AddOrReplaceReadGroups	Processed   122,000,000 records.  Elapsed time: 00:14:54s.  Time for last 1,000,000:    7s.  Last read position: LG19:11,890,417
INFO	2021-10-25 22:32:00	AddOrReplaceReadGroups	Processed   123,000,000 records.  Elapsed time: 00:15:01s.  Time for last 1,000,000:    7s.  Last read position: LG20:712,517
INFO	2021-10-25 22:32:07	AddOrReplaceReadGroups	Processed   124,000,000 records.  Elapsed time: 00:15:08s.  Time for last 1,000,000:    7s.  Last read position: LG20:4,655,575
INFO	2021-10-25 22:32:14	AddOrReplaceReadGroups	Processed   125,000,000 records.  Elapsed time: 00:15:15s.  Time for last 1,000,000:    7s.  Last read position: LG20:8,587,184
INFO	2021-10-25 22:32:21	AddOrReplaceReadGroups	Processed   126,000,000 records.  Elapsed time: 00:15:22s.  Time for last 1,000,000:    7s.  Last read position: LG20:12,037,129
INFO	2021-10-25 22:32:28	AddOrReplaceReadGroups	Processed   127,000,000 records.  Elapsed time: 00:15:29s.  Time for last 1,000,000:    7s.  Last read position: LG21:2,792,659
INFO	2021-10-25 22:32:35	AddOrReplaceReadGroups	Processed   128,000,000 records.  Elapsed time: 00:15:36s.  Time for last 1,000,000:    7s.  Last read position: LG21:6,655,609
INFO	2021-10-25 22:32:42	AddOrReplaceReadGroups	Processed   129,000,000 records.  Elapsed time: 00:15:43s.  Time for last 1,000,000:    7s.  Last read position: LG21:10,501,564
INFO	2021-10-25 22:32:49	AddOrReplaceReadGroups	Processed   130,000,000 records.  Elapsed time: 00:15:51s.  Time for last 1,000,000:    7s.  Last read position: LG21:14,522,026
INFO	2021-10-25 22:32:57	AddOrReplaceReadGroups	Processed   131,000,000 records.  Elapsed time: 00:15:58s.  Time for last 1,000,000:    7s.  Last read position: LG22:3,840,586
INFO	2021-10-25 22:33:04	AddOrReplaceReadGroups	Processed   132,000,000 records.  Elapsed time: 00:16:05s.  Time for last 1,000,000:    6s.  Last read position: LG22:6,535,746
INFO	2021-10-25 22:33:11	AddOrReplaceReadGroups	Processed   133,000,000 records.  Elapsed time: 00:16:12s.  Time for last 1,000,000:    7s.  Last read position: LG22:10,467,243
INFO	2021-10-25 22:33:18	AddOrReplaceReadGroups	Processed   134,000,000 records.  Elapsed time: 00:16:19s.  Time for last 1,000,000:    7s.  Last read position: LG23:2,340,533
INFO	2021-10-25 22:33:25	AddOrReplaceReadGroups	Processed   135,000,000 records.  Elapsed time: 00:16:26s.  Time for last 1,000,000:    7s.  Last read position: LG23:5,881,494
INFO	2021-10-25 22:33:32	AddOrReplaceReadGroups	Processed   136,000,000 records.  Elapsed time: 00:16:33s.  Time for last 1,000,000:    7s.  Last read position: LG23:9,374,965
INFO	2021-10-25 22:33:39	AddOrReplaceReadGroups	Processed   137,000,000 records.  Elapsed time: 00:16:40s.  Time for last 1,000,000:    7s.  Last read position: LG23:13,006,618
INFO	2021-10-25 22:33:46	AddOrReplaceReadGroups	Processed   138,000,000 records.  Elapsed time: 00:16:47s.  Time for last 1,000,000:    7s.  Last read position: LG24:403,205
INFO	2021-10-25 22:33:53	AddOrReplaceReadGroups	Processed   139,000,000 records.  Elapsed time: 00:16:54s.  Time for last 1,000,000:    7s.  Last read position: LG24:4,310,346
INFO	2021-10-25 22:34:00	AddOrReplaceReadGroups	Processed   140,000,000 records.  Elapsed time: 00:17:01s.  Time for last 1,000,000:    7s.  Last read position: LG24:8,280,702
INFO	2021-10-25 22:34:07	AddOrReplaceReadGroups	Processed   141,000,000 records.  Elapsed time: 00:17:09s.  Time for last 1,000,000:    7s.  Last read position: LG24:12,968,223
INFO	2021-10-25 22:34:15	AddOrReplaceReadGroups	Processed   142,000,000 records.  Elapsed time: 00:17:16s.  Time for last 1,000,000:    7s.  Last read position: LG25:2,971,114
INFO	2021-10-25 22:34:22	AddOrReplaceReadGroups	Processed   143,000,000 records.  Elapsed time: 00:17:23s.  Time for last 1,000,000:    7s.  Last read position: LG25:7,254,526
INFO	2021-10-25 22:34:29	AddOrReplaceReadGroups	Processed   144,000,000 records.  Elapsed time: 00:17:30s.  Time for last 1,000,000:    7s.  Last read position: LG25:11,333,576
INFO	2021-10-25 22:34:36	AddOrReplaceReadGroups	Processed   145,000,000 records.  Elapsed time: 00:17:37s.  Time for last 1,000,000:    7s.  Last read position: LG26:1,001,907
INFO	2021-10-25 22:34:43	AddOrReplaceReadGroups	Processed   146,000,000 records.  Elapsed time: 00:17:44s.  Time for last 1,000,000:    7s.  Last read position: LG26:4,552,295
INFO	2021-10-25 22:34:50	AddOrReplaceReadGroups	Processed   147,000,000 records.  Elapsed time: 00:17:52s.  Time for last 1,000,000:    7s.  Last read position: LG26:8,265,645
INFO	2021-10-25 22:34:58	AddOrReplaceReadGroups	Processed   148,000,000 records.  Elapsed time: 00:17:59s.  Time for last 1,000,000:    7s.  Last read position: LG26:12,568,141
INFO	2021-10-25 22:35:05	AddOrReplaceReadGroups	Processed   149,000,000 records.  Elapsed time: 00:18:06s.  Time for last 1,000,000:    7s.  Last read position: LG27:2,953,268
INFO	2021-10-25 22:35:12	AddOrReplaceReadGroups	Processed   150,000,000 records.  Elapsed time: 00:18:13s.  Time for last 1,000,000:    7s.  Last read position: LG27:7,504,172
INFO	2021-10-25 22:35:19	AddOrReplaceReadGroups	Processed   151,000,000 records.  Elapsed time: 00:18:20s.  Time for last 1,000,000:    7s.  Last read position: LG27:11,494,191
INFO	2021-10-25 22:35:26	AddOrReplaceReadGroups	Processed   152,000,000 records.  Elapsed time: 00:18:27s.  Time for last 1,000,000:    7s.  Last read position: LG28:3,027,894
INFO	2021-10-25 22:35:33	AddOrReplaceReadGroups	Processed   153,000,000 records.  Elapsed time: 00:18:34s.  Time for last 1,000,000:    7s.  Last read position: LG28:7,206,051
INFO	2021-10-25 22:35:40	AddOrReplaceReadGroups	Processed   154,000,000 records.  Elapsed time: 00:18:42s.  Time for last 1,000,000:    7s.  Last read position: LG28:11,157,198
INFO	2021-10-25 22:35:48	AddOrReplaceReadGroups	Processed   155,000,000 records.  Elapsed time: 00:18:49s.  Time for last 1,000,000:    7s.  Last read position: LG29:2,930,491
INFO	2021-10-25 22:35:55	AddOrReplaceReadGroups	Processed   156,000,000 records.  Elapsed time: 00:18:56s.  Time for last 1,000,000:    7s.  Last read position: LG30:1,229,700
INFO	2021-10-25 22:36:02	AddOrReplaceReadGroups	Processed   157,000,000 records.  Elapsed time: 00:19:03s.  Time for last 1,000,000:    7s.  Last read position: LG30:5,185,824
INFO	2021-10-25 22:36:09	AddOrReplaceReadGroups	Processed   158,000,000 records.  Elapsed time: 00:19:10s.  Time for last 1,000,000:    7s.  Last read position: LG30:9,406,001
INFO	2021-10-25 22:36:16	AddOrReplaceReadGroups	Processed   159,000,000 records.  Elapsed time: 00:19:17s.  Time for last 1,000,000:    6s.  Last read position: UNPIN3877:15,705
INFO	2021-10-25 22:36:23	AddOrReplaceReadGroups	Processed   160,000,000 records.  Elapsed time: 00:19:24s.  Time for last 1,000,000:    6s.  Last read position: UNPIN3877:29,821
INFO	2021-10-25 22:36:30	AddOrReplaceReadGroups	Processed   161,000,000 records.  Elapsed time: 00:19:31s.  Time for last 1,000,000:    6s.  Last read position: UNPIN3877:44,740
INFO	2021-10-25 22:36:37	AddOrReplaceReadGroups	Processed   162,000,000 records.  Elapsed time: 00:19:38s.  Time for last 1,000,000:    7s.  Last read position: UNPIN3877:60,848
INFO	2021-10-25 22:36:44	AddOrReplaceReadGroups	Processed   163,000,000 records.  Elapsed time: 00:19:45s.  Time for last 1,000,000:    6s.  Last read position: UNPIN3877:75,396
INFO	2021-10-25 22:36:51	AddOrReplaceReadGroups	Processed   164,000,000 records.  Elapsed time: 00:19:52s.  Time for last 1,000,000:    6s.  Last read position: UNPIN3877:90,246
INFO	2021-10-25 22:36:58	AddOrReplaceReadGroups	Processed   165,000,000 records.  Elapsed time: 00:19:59s.  Time for last 1,000,000:    6s.  Last read position: UNPIN3877:104,307
INFO	2021-10-25 22:37:05	AddOrReplaceReadGroups	Processed   166,000,000 records.  Elapsed time: 00:20:06s.  Time for last 1,000,000:    6s.  Last read position: UNPIN3877:119,058
INFO	2021-10-25 22:37:12	AddOrReplaceReadGroups	Processed   167,000,000 records.  Elapsed time: 00:20:13s.  Time for last 1,000,000:    6s.  Last read position: UNPIN3878:8,010
INFO	2021-10-25 22:37:18	AddOrReplaceReadGroups	Processed   168,000,000 records.  Elapsed time: 00:20:19s.  Time for last 1,000,000:    6s.  Last read position: */*
INFO	2021-10-25 22:37:23	AddOrReplaceReadGroups	Processed   169,000,000 records.  Elapsed time: 00:20:24s.  Time for last 1,000,000:    4s.  Last read position: */*
INFO	2021-10-25 22:37:28	AddOrReplaceReadGroups	Processed   170,000,000 records.  Elapsed time: 00:20:29s.  Time for last 1,000,000:    4s.  Last read position: */*
INFO	2021-10-25 22:37:33	AddOrReplaceReadGroups	Processed   171,000,000 records.  Elapsed time: 00:20:34s.  Time for last 1,000,000:    4s.  Last read position: */*
INFO	2021-10-25 22:37:38	AddOrReplaceReadGroups	Processed   172,000,000 records.  Elapsed time: 00:20:39s.  Time for last 1,000,000:    4s.  Last read position: */*
INFO	2021-10-25 22:37:43	AddOrReplaceReadGroups	Processed   173,000,000 records.  Elapsed time: 00:20:44s.  Time for last 1,000,000:    4s.  Last read position: */*
INFO	2021-10-25 22:37:47	AddOrReplaceReadGroups	Processed   174,000,000 records.  Elapsed time: 00:20:48s.  Time for last 1,000,000:    4s.  Last read position: */*
[Mon Oct 25 22:37:47 PDT 2021] picard.sam.AddOrReplaceReadGroups done. Elapsed time: 20.82 minutes.
Runtime.totalMemory()=44834816
Tool returned:
0
