==========================================
SLURM_JOB_ID = 2286886
SLURM_JOB_NODELIST = b08-05
TMPDIR = /tmp/SLURM_2286886
==========================================
Running Sample ID SRR12223702_SRP271933_Undaria_pinnatifida_individual_7_2016-04-05_INTRO_Fr_Thau_2_France with options  --RGID C9HJ5ANXX.4 --RGLB SRR12223702 --RGPL ILLUMINA --RGPU C9HJ5ANXX.4.SRR12223702 --RGSM INTRO_Fr_Thau_2_France 
Using GATK jar /home1/mharden/.conda/envs/gatk4/share/gatk4-4.2.2.0-1/gatk-package-4.2.2.0-local.jar
Running:
    java -Dsamjdk.use_async_io_read_samtools=false -Dsamjdk.use_async_io_write_samtools=true -Dsamjdk.use_async_io_write_tribble=false -Dsamjdk.compression_level=2 -jar /home1/mharden/.conda/envs/gatk4/share/gatk4-4.2.2.0-1/gatk-package-4.2.2.0-local.jar AddOrReplaceReadGroups -I SRR12223702_SRP271933_Undaria_pinnatifida_individual_7_2016-04-05_INTRO_Fr_Thau_2_France.sorted.bam -O SRR12223702_SRP271933_Undaria_pinnatifida_individual_7_2016-04-05_INTRO_Fr_Thau_2_France.RG.sorted.bam --RGID C9HJ5ANXX.4 --RGLB SRR12223702 --RGPL ILLUMINA --RGPU C9HJ5ANXX.4.SRR12223702 --RGSM INTRO_Fr_Thau_2_France
21:41:40.157 INFO  NativeLibraryLoader - Loading libgkl_compression.so from jar:file:/home1/mharden/.conda/envs/gatk4/share/gatk4-4.2.2.0-1/gatk-package-4.2.2.0-local.jar!/com/intel/gkl/native/libgkl_compression.so
[Mon Oct 25 21:41:40 PDT 2021] AddOrReplaceReadGroups --INPUT SRR12223702_SRP271933_Undaria_pinnatifida_individual_7_2016-04-05_INTRO_Fr_Thau_2_France.sorted.bam --OUTPUT SRR12223702_SRP271933_Undaria_pinnatifida_individual_7_2016-04-05_INTRO_Fr_Thau_2_France.RG.sorted.bam --RGID C9HJ5ANXX.4 --RGLB SRR12223702 --RGPL ILLUMINA --RGPU C9HJ5ANXX.4.SRR12223702 --RGSM INTRO_Fr_Thau_2_France --VERBOSITY INFO --QUIET false --VALIDATION_STRINGENCY STRICT --COMPRESSION_LEVEL 2 --MAX_RECORDS_IN_RAM 500000 --CREATE_INDEX false --CREATE_MD5_FILE false --GA4GH_CLIENT_SECRETS client_secrets.json --help false --version false --showHidden false --USE_JDK_DEFLATER false --USE_JDK_INFLATER false
Oct 25, 2021 9:41:40 PM shaded.cloud_nio.com.google.auth.oauth2.ComputeEngineCredentials runningOnComputeEngine
INFO: Failed to detect whether we are running on Google Compute Engine.
[Mon Oct 25 21:41:40 PDT 2021] Executing as mharden@b08-05.hpc.usc.edu on Linux 3.10.0-1062.4.1.el7.x86_64 amd64; OpenJDK 64-Bit Server VM 1.8.0_302-b08; Deflater: Intel; Inflater: Intel; Provider GCS is available; Picard version: Version:4.2.2.0
INFO	2021-10-25 21:41:40	AddOrReplaceReadGroups	Created read-group ID=C9HJ5ANXX.4 PL=ILLUMINA LB=SRR12223702 SM=INTRO_Fr_Thau_2_France

INFO	2021-10-25 21:41:50	AddOrReplaceReadGroups	Processed     1,000,000 records.  Elapsed time: 00:00:09s.  Time for last 1,000,000:    9s.  Last read position: LG00:4,833,548
INFO	2021-10-25 21:42:00	AddOrReplaceReadGroups	Processed     2,000,000 records.  Elapsed time: 00:00:19s.  Time for last 1,000,000:    9s.  Last read position: LG00:6,768,235
INFO	2021-10-25 21:42:09	AddOrReplaceReadGroups	Processed     3,000,000 records.  Elapsed time: 00:00:28s.  Time for last 1,000,000:    9s.  Last read position: LG00:10,503,456
INFO	2021-10-25 21:42:17	AddOrReplaceReadGroups	Processed     4,000,000 records.  Elapsed time: 00:00:37s.  Time for last 1,000,000:    8s.  Last read position: LG00:15,419,817
INFO	2021-10-25 21:42:26	AddOrReplaceReadGroups	Processed     5,000,000 records.  Elapsed time: 00:00:46s.  Time for last 1,000,000:    8s.  Last read position: LG00:20,128,688
INFO	2021-10-25 21:42:35	AddOrReplaceReadGroups	Processed     6,000,000 records.  Elapsed time: 00:00:54s.  Time for last 1,000,000:    8s.  Last read position: LG00:25,127,158
INFO	2021-10-25 21:42:43	AddOrReplaceReadGroups	Processed     7,000,000 records.  Elapsed time: 00:01:02s.  Time for last 1,000,000:    8s.  Last read position: LG00:29,274,260
INFO	2021-10-25 21:42:51	AddOrReplaceReadGroups	Processed     8,000,000 records.  Elapsed time: 00:01:11s.  Time for last 1,000,000:    8s.  Last read position: LG00:34,059,680
INFO	2021-10-25 21:43:00	AddOrReplaceReadGroups	Processed     9,000,000 records.  Elapsed time: 00:01:19s.  Time for last 1,000,000:    8s.  Last read position: LG00:39,052,690
INFO	2021-10-25 21:43:08	AddOrReplaceReadGroups	Processed    10,000,000 records.  Elapsed time: 00:01:27s.  Time for last 1,000,000:    8s.  Last read position: LG00:43,756,305
INFO	2021-10-25 21:43:16	AddOrReplaceReadGroups	Processed    11,000,000 records.  Elapsed time: 00:01:35s.  Time for last 1,000,000:    8s.  Last read position: LG00:48,736,926
INFO	2021-10-25 21:43:24	AddOrReplaceReadGroups	Processed    12,000,000 records.  Elapsed time: 00:01:44s.  Time for last 1,000,000:    8s.  Last read position: LG00:54,186,184
INFO	2021-10-25 21:43:33	AddOrReplaceReadGroups	Processed    13,000,000 records.  Elapsed time: 00:01:52s.  Time for last 1,000,000:    8s.  Last read position: LG00:59,534,456
INFO	2021-10-25 21:43:41	AddOrReplaceReadGroups	Processed    14,000,000 records.  Elapsed time: 00:02:00s.  Time for last 1,000,000:    8s.  Last read position: LG00:65,113,667
INFO	2021-10-25 21:43:49	AddOrReplaceReadGroups	Processed    15,000,000 records.  Elapsed time: 00:02:08s.  Time for last 1,000,000:    8s.  Last read position: LG00:71,078,440
INFO	2021-10-25 21:43:57	AddOrReplaceReadGroups	Processed    16,000,000 records.  Elapsed time: 00:02:16s.  Time for last 1,000,000:    7s.  Last read position: LG00:76,403,014
INFO	2021-10-25 21:44:04	AddOrReplaceReadGroups	Processed    17,000,000 records.  Elapsed time: 00:02:24s.  Time for last 1,000,000:    7s.  Last read position: LG00:82,160,099
INFO	2021-10-25 21:44:12	AddOrReplaceReadGroups	Processed    18,000,000 records.  Elapsed time: 00:02:32s.  Time for last 1,000,000:    7s.  Last read position: LG00:87,851,601
INFO	2021-10-25 21:44:20	AddOrReplaceReadGroups	Processed    19,000,000 records.  Elapsed time: 00:02:39s.  Time for last 1,000,000:    7s.  Last read position: LG00:93,702,480
INFO	2021-10-25 21:44:28	AddOrReplaceReadGroups	Processed    20,000,000 records.  Elapsed time: 00:02:47s.  Time for last 1,000,000:    7s.  Last read position: LG00:99,248,005
INFO	2021-10-25 21:44:35	AddOrReplaceReadGroups	Processed    21,000,000 records.  Elapsed time: 00:02:55s.  Time for last 1,000,000:    7s.  Last read position: LG00:105,452,055
INFO	2021-10-25 21:44:43	AddOrReplaceReadGroups	Processed    22,000,000 records.  Elapsed time: 00:03:02s.  Time for last 1,000,000:    7s.  Last read position: LG00:111,239,153
INFO	2021-10-25 21:44:51	AddOrReplaceReadGroups	Processed    23,000,000 records.  Elapsed time: 00:03:10s.  Time for last 1,000,000:    7s.  Last read position: LG00:117,442,867
INFO	2021-10-25 21:44:58	AddOrReplaceReadGroups	Processed    24,000,000 records.  Elapsed time: 00:03:17s.  Time for last 1,000,000:    7s.  Last read position: LG00:123,207,017
INFO	2021-10-25 21:45:06	AddOrReplaceReadGroups	Processed    25,000,000 records.  Elapsed time: 00:03:25s.  Time for last 1,000,000:    7s.  Last read position: LG00:129,144,319
INFO	2021-10-25 21:45:13	AddOrReplaceReadGroups	Processed    26,000,000 records.  Elapsed time: 00:03:33s.  Time for last 1,000,000:    7s.  Last read position: LG00:134,952,801
INFO	2021-10-25 21:45:21	AddOrReplaceReadGroups	Processed    27,000,000 records.  Elapsed time: 00:03:40s.  Time for last 1,000,000:    7s.  Last read position: LG00:141,163,990
INFO	2021-10-25 21:45:28	AddOrReplaceReadGroups	Processed    28,000,000 records.  Elapsed time: 00:03:48s.  Time for last 1,000,000:    7s.  Last read position: LG00:147,594,159
INFO	2021-10-25 21:45:36	AddOrReplaceReadGroups	Processed    29,000,000 records.  Elapsed time: 00:03:55s.  Time for last 1,000,000:    7s.  Last read position: LG00:152,570,448
INFO	2021-10-25 21:45:43	AddOrReplaceReadGroups	Processed    30,000,000 records.  Elapsed time: 00:04:03s.  Time for last 1,000,000:    7s.  Last read position: LG00:154,720,479
INFO	2021-10-25 21:45:51	AddOrReplaceReadGroups	Processed    31,000,000 records.  Elapsed time: 00:04:10s.  Time for last 1,000,000:    7s.  Last read position: LG00:160,759,472
INFO	2021-10-25 21:45:58	AddOrReplaceReadGroups	Processed    32,000,000 records.  Elapsed time: 00:04:18s.  Time for last 1,000,000:    7s.  Last read position: LG00:166,242,114
INFO	2021-10-25 21:46:06	AddOrReplaceReadGroups	Processed    33,000,000 records.  Elapsed time: 00:04:25s.  Time for last 1,000,000:    7s.  Last read position: LG00:168,279,060
INFO	2021-10-25 21:46:13	AddOrReplaceReadGroups	Processed    34,000,000 records.  Elapsed time: 00:04:33s.  Time for last 1,000,000:    7s.  Last read position: LG00:169,391,597
INFO	2021-10-25 21:46:20	AddOrReplaceReadGroups	Processed    35,000,000 records.  Elapsed time: 00:04:40s.  Time for last 1,000,000:    7s.  Last read position: LG00:172,717,178
INFO	2021-10-25 21:46:28	AddOrReplaceReadGroups	Processed    36,000,000 records.  Elapsed time: 00:04:47s.  Time for last 1,000,000:    7s.  Last read position: LG01:2,831,377
INFO	2021-10-25 21:46:35	AddOrReplaceReadGroups	Processed    37,000,000 records.  Elapsed time: 00:04:54s.  Time for last 1,000,000:    7s.  Last read position: LG01:6,962,277
INFO	2021-10-25 21:46:42	AddOrReplaceReadGroups	Processed    38,000,000 records.  Elapsed time: 00:05:01s.  Time for last 1,000,000:    7s.  Last read position: LG01:11,246,010
INFO	2021-10-25 21:46:49	AddOrReplaceReadGroups	Processed    39,000,000 records.  Elapsed time: 00:05:09s.  Time for last 1,000,000:    7s.  Last read position: LG01:15,345,081
INFO	2021-10-25 21:46:56	AddOrReplaceReadGroups	Processed    40,000,000 records.  Elapsed time: 00:05:16s.  Time for last 1,000,000:    7s.  Last read position: LG01:19,651,176
INFO	2021-10-25 21:47:04	AddOrReplaceReadGroups	Processed    41,000,000 records.  Elapsed time: 00:05:23s.  Time for last 1,000,000:    7s.  Last read position: LG01:23,775,537
INFO	2021-10-25 21:47:11	AddOrReplaceReadGroups	Processed    42,000,000 records.  Elapsed time: 00:05:30s.  Time for last 1,000,000:    7s.  Last read position: LG02:555,513
INFO	2021-10-25 21:47:18	AddOrReplaceReadGroups	Processed    43,000,000 records.  Elapsed time: 00:05:38s.  Time for last 1,000,000:    7s.  Last read position: LG02:4,054,906
INFO	2021-10-25 21:47:26	AddOrReplaceReadGroups	Processed    44,000,000 records.  Elapsed time: 00:05:45s.  Time for last 1,000,000:    7s.  Last read position: LG02:7,745,645
INFO	2021-10-25 21:47:33	AddOrReplaceReadGroups	Processed    45,000,000 records.  Elapsed time: 00:05:53s.  Time for last 1,000,000:    7s.  Last read position: LG02:11,539,336
INFO	2021-10-25 21:47:41	AddOrReplaceReadGroups	Processed    46,000,000 records.  Elapsed time: 00:06:00s.  Time for last 1,000,000:    7s.  Last read position: LG02:15,616,893
INFO	2021-10-25 21:47:48	AddOrReplaceReadGroups	Processed    47,000,000 records.  Elapsed time: 00:06:07s.  Time for last 1,000,000:    7s.  Last read position: LG03:251,360
INFO	2021-10-25 21:47:55	AddOrReplaceReadGroups	Processed    48,000,000 records.  Elapsed time: 00:06:15s.  Time for last 1,000,000:    7s.  Last read position: LG03:4,329,768
INFO	2021-10-25 21:48:03	AddOrReplaceReadGroups	Processed    49,000,000 records.  Elapsed time: 00:06:22s.  Time for last 1,000,000:    7s.  Last read position: LG03:8,546,512
INFO	2021-10-25 21:48:10	AddOrReplaceReadGroups	Processed    50,000,000 records.  Elapsed time: 00:06:29s.  Time for last 1,000,000:    7s.  Last read position: LG03:12,810,206
INFO	2021-10-25 21:48:17	AddOrReplaceReadGroups	Processed    51,000,000 records.  Elapsed time: 00:06:37s.  Time for last 1,000,000:    7s.  Last read position: LG04:504,214
INFO	2021-10-25 21:48:25	AddOrReplaceReadGroups	Processed    52,000,000 records.  Elapsed time: 00:06:44s.  Time for last 1,000,000:    7s.  Last read position: LG04:4,806,541
INFO	2021-10-25 21:48:32	AddOrReplaceReadGroups	Processed    53,000,000 records.  Elapsed time: 00:06:51s.  Time for last 1,000,000:    7s.  Last read position: LG04:8,811,720
INFO	2021-10-25 21:48:39	AddOrReplaceReadGroups	Processed    54,000,000 records.  Elapsed time: 00:06:59s.  Time for last 1,000,000:    7s.  Last read position: LG04:12,888,380
INFO	2021-10-25 21:48:47	AddOrReplaceReadGroups	Processed    55,000,000 records.  Elapsed time: 00:07:06s.  Time for last 1,000,000:    7s.  Last read position: LG05:1,049,499
INFO	2021-10-25 21:48:54	AddOrReplaceReadGroups	Processed    56,000,000 records.  Elapsed time: 00:07:13s.  Time for last 1,000,000:    7s.  Last read position: LG05:5,249,662
INFO	2021-10-25 21:49:01	AddOrReplaceReadGroups	Processed    57,000,000 records.  Elapsed time: 00:07:21s.  Time for last 1,000,000:    7s.  Last read position: LG05:8,678,554
INFO	2021-10-25 21:49:09	AddOrReplaceReadGroups	Processed    58,000,000 records.  Elapsed time: 00:07:28s.  Time for last 1,000,000:    7s.  Last read position: LG05:12,663,446
INFO	2021-10-25 21:49:16	AddOrReplaceReadGroups	Processed    59,000,000 records.  Elapsed time: 00:07:35s.  Time for last 1,000,000:    7s.  Last read position: LG05:16,828,308
INFO	2021-10-25 21:49:23	AddOrReplaceReadGroups	Processed    60,000,000 records.  Elapsed time: 00:07:43s.  Time for last 1,000,000:    7s.  Last read position: LG05:20,930,836
INFO	2021-10-25 21:49:31	AddOrReplaceReadGroups	Processed    61,000,000 records.  Elapsed time: 00:07:50s.  Time for last 1,000,000:    7s.  Last read position: LG06:2,473,263
INFO	2021-10-25 21:49:38	AddOrReplaceReadGroups	Processed    62,000,000 records.  Elapsed time: 00:07:58s.  Time for last 1,000,000:    7s.  Last read position: LG06:6,767,179
INFO	2021-10-25 21:49:45	AddOrReplaceReadGroups	Processed    63,000,000 records.  Elapsed time: 00:08:05s.  Time for last 1,000,000:    7s.  Last read position: LG06:11,136,890
INFO	2021-10-25 21:49:53	AddOrReplaceReadGroups	Processed    64,000,000 records.  Elapsed time: 00:08:12s.  Time for last 1,000,000:    7s.  Last read position: LG07:2,500,458
INFO	2021-10-25 21:50:00	AddOrReplaceReadGroups	Processed    65,000,000 records.  Elapsed time: 00:08:19s.  Time for last 1,000,000:    7s.  Last read position: LG07:5,977,270
INFO	2021-10-25 21:50:07	AddOrReplaceReadGroups	Processed    66,000,000 records.  Elapsed time: 00:08:27s.  Time for last 1,000,000:    7s.  Last read position: LG07:10,365,898
INFO	2021-10-25 21:50:15	AddOrReplaceReadGroups	Processed    67,000,000 records.  Elapsed time: 00:08:34s.  Time for last 1,000,000:    7s.  Last read position: LG08:2,242,027
INFO	2021-10-25 21:50:22	AddOrReplaceReadGroups	Processed    68,000,000 records.  Elapsed time: 00:08:41s.  Time for last 1,000,000:    7s.  Last read position: LG08:6,548,747
INFO	2021-10-25 21:50:29	AddOrReplaceReadGroups	Processed    69,000,000 records.  Elapsed time: 00:08:49s.  Time for last 1,000,000:    7s.  Last read position: LG08:11,022,366
INFO	2021-10-25 21:50:36	AddOrReplaceReadGroups	Processed    70,000,000 records.  Elapsed time: 00:08:56s.  Time for last 1,000,000:    7s.  Last read position: LG08:15,009,319
INFO	2021-10-25 21:50:44	AddOrReplaceReadGroups	Processed    71,000,000 records.  Elapsed time: 00:09:03s.  Time for last 1,000,000:    7s.  Last read position: LG09:2,691,235
INFO	2021-10-25 21:50:51	AddOrReplaceReadGroups	Processed    72,000,000 records.  Elapsed time: 00:09:10s.  Time for last 1,000,000:    7s.  Last read position: LG09:6,813,279
INFO	2021-10-25 21:50:59	AddOrReplaceReadGroups	Processed    73,000,000 records.  Elapsed time: 00:09:18s.  Time for last 1,000,000:    7s.  Last read position: LG09:10,331,575
INFO	2021-10-25 21:51:06	AddOrReplaceReadGroups	Processed    74,000,000 records.  Elapsed time: 00:09:25s.  Time for last 1,000,000:    7s.  Last read position: LG10:1,561,298
INFO	2021-10-25 21:51:13	AddOrReplaceReadGroups	Processed    75,000,000 records.  Elapsed time: 00:09:33s.  Time for last 1,000,000:    7s.  Last read position: LG10:5,341,395
INFO	2021-10-25 21:51:21	AddOrReplaceReadGroups	Processed    76,000,000 records.  Elapsed time: 00:09:40s.  Time for last 1,000,000:    7s.  Last read position: LG10:9,137,469
INFO	2021-10-25 21:51:29	AddOrReplaceReadGroups	Processed    77,000,000 records.  Elapsed time: 00:09:48s.  Time for last 1,000,000:    8s.  Last read position: LG10:12,980,135
INFO	2021-10-25 21:51:38	AddOrReplaceReadGroups	Processed    78,000,000 records.  Elapsed time: 00:09:57s.  Time for last 1,000,000:    8s.  Last read position: LG10:16,666,884
INFO	2021-10-25 21:51:45	AddOrReplaceReadGroups	Processed    79,000,000 records.  Elapsed time: 00:10:05s.  Time for last 1,000,000:    7s.  Last read position: LG10:20,637,757
INFO	2021-10-25 21:51:53	AddOrReplaceReadGroups	Processed    80,000,000 records.  Elapsed time: 00:10:12s.  Time for last 1,000,000:    7s.  Last read position: LG10:24,676,758
INFO	2021-10-25 21:52:00	AddOrReplaceReadGroups	Processed    81,000,000 records.  Elapsed time: 00:10:20s.  Time for last 1,000,000:    7s.  Last read position: LG10:28,603,862
INFO	2021-10-25 21:52:07	AddOrReplaceReadGroups	Processed    82,000,000 records.  Elapsed time: 00:10:27s.  Time for last 1,000,000:    7s.  Last read position: LG11:4,092,991
INFO	2021-10-25 21:52:15	AddOrReplaceReadGroups	Processed    83,000,000 records.  Elapsed time: 00:10:34s.  Time for last 1,000,000:    7s.  Last read position: LG11:8,444,022
INFO	2021-10-25 21:52:22	AddOrReplaceReadGroups	Processed    84,000,000 records.  Elapsed time: 00:10:41s.  Time for last 1,000,000:    7s.  Last read position: LG11:12,320,516
INFO	2021-10-25 21:52:29	AddOrReplaceReadGroups	Processed    85,000,000 records.  Elapsed time: 00:10:49s.  Time for last 1,000,000:    7s.  Last read position: LG11:16,141,939
INFO	2021-10-25 21:52:37	AddOrReplaceReadGroups	Processed    86,000,000 records.  Elapsed time: 00:10:56s.  Time for last 1,000,000:    7s.  Last read position: LG11:20,665,094
INFO	2021-10-25 21:52:44	AddOrReplaceReadGroups	Processed    87,000,000 records.  Elapsed time: 00:11:03s.  Time for last 1,000,000:    7s.  Last read position: LG11:25,061,574
INFO	2021-10-25 21:52:51	AddOrReplaceReadGroups	Processed    88,000,000 records.  Elapsed time: 00:11:11s.  Time for last 1,000,000:    7s.  Last read position: LG12:2,288,802
INFO	2021-10-25 21:52:59	AddOrReplaceReadGroups	Processed    89,000,000 records.  Elapsed time: 00:11:18s.  Time for last 1,000,000:    7s.  Last read position: LG12:6,711,162
INFO	2021-10-25 21:53:06	AddOrReplaceReadGroups	Processed    90,000,000 records.  Elapsed time: 00:11:25s.  Time for last 1,000,000:    7s.  Last read position: LG12:10,493,407
INFO	2021-10-25 21:53:13	AddOrReplaceReadGroups	Processed    91,000,000 records.  Elapsed time: 00:11:33s.  Time for last 1,000,000:    7s.  Last read position: LG13:159,078
INFO	2021-10-25 21:53:21	AddOrReplaceReadGroups	Processed    92,000,000 records.  Elapsed time: 00:11:40s.  Time for last 1,000,000:    7s.  Last read position: LG13:3,710,315
INFO	2021-10-25 21:53:28	AddOrReplaceReadGroups	Processed    93,000,000 records.  Elapsed time: 00:11:47s.  Time for last 1,000,000:    7s.  Last read position: LG13:7,382,428
INFO	2021-10-25 21:53:35	AddOrReplaceReadGroups	Processed    94,000,000 records.  Elapsed time: 00:11:55s.  Time for last 1,000,000:    7s.  Last read position: LG13:11,129,349
INFO	2021-10-25 21:53:43	AddOrReplaceReadGroups	Processed    95,000,000 records.  Elapsed time: 00:12:02s.  Time for last 1,000,000:    7s.  Last read position: LG14:48,213
INFO	2021-10-25 21:53:50	AddOrReplaceReadGroups	Processed    96,000,000 records.  Elapsed time: 00:12:09s.  Time for last 1,000,000:    7s.  Last read position: LG14:3,714,040
INFO	2021-10-25 21:53:57	AddOrReplaceReadGroups	Processed    97,000,000 records.  Elapsed time: 00:12:17s.  Time for last 1,000,000:    7s.  Last read position: LG14:7,529,214
INFO	2021-10-25 21:54:05	AddOrReplaceReadGroups	Processed    98,000,000 records.  Elapsed time: 00:12:24s.  Time for last 1,000,000:    7s.  Last read position: LG14:11,173,777
INFO	2021-10-25 21:54:12	AddOrReplaceReadGroups	Processed    99,000,000 records.  Elapsed time: 00:12:31s.  Time for last 1,000,000:    7s.  Last read position: LG15:1,449,113
INFO	2021-10-25 21:54:19	AddOrReplaceReadGroups	Processed   100,000,000 records.  Elapsed time: 00:12:39s.  Time for last 1,000,000:    7s.  Last read position: LG15:4,968,371
INFO	2021-10-25 21:54:27	AddOrReplaceReadGroups	Processed   101,000,000 records.  Elapsed time: 00:12:46s.  Time for last 1,000,000:    7s.  Last read position: LG15:9,114,206
INFO	2021-10-25 21:54:35	AddOrReplaceReadGroups	Processed   102,000,000 records.  Elapsed time: 00:12:54s.  Time for last 1,000,000:    7s.  Last read position: LG15:12,754,862
INFO	2021-10-25 21:54:42	AddOrReplaceReadGroups	Processed   103,000,000 records.  Elapsed time: 00:13:01s.  Time for last 1,000,000:    7s.  Last read position: LG15:16,451,047
INFO	2021-10-25 21:54:49	AddOrReplaceReadGroups	Processed   104,000,000 records.  Elapsed time: 00:13:09s.  Time for last 1,000,000:    7s.  Last read position: LG16:1,959,065
INFO	2021-10-25 21:54:57	AddOrReplaceReadGroups	Processed   105,000,000 records.  Elapsed time: 00:13:16s.  Time for last 1,000,000:    7s.  Last read position: LG16:6,228,087
INFO	2021-10-25 21:55:04	AddOrReplaceReadGroups	Processed   106,000,000 records.  Elapsed time: 00:13:23s.  Time for last 1,000,000:    7s.  Last read position: LG16:10,431,454
INFO	2021-10-25 21:55:11	AddOrReplaceReadGroups	Processed   107,000,000 records.  Elapsed time: 00:13:31s.  Time for last 1,000,000:    7s.  Last read position: LG16:14,017,177
INFO	2021-10-25 21:55:18	AddOrReplaceReadGroups	Processed   108,000,000 records.  Elapsed time: 00:13:38s.  Time for last 1,000,000:    7s.  Last read position: LG17:1,932,966
INFO	2021-10-25 21:55:26	AddOrReplaceReadGroups	Processed   109,000,000 records.  Elapsed time: 00:13:45s.  Time for last 1,000,000:    7s.  Last read position: LG17:5,171,318
INFO	2021-10-25 21:55:33	AddOrReplaceReadGroups	Processed   110,000,000 records.  Elapsed time: 00:13:52s.  Time for last 1,000,000:    7s.  Last read position: LG17:8,871,944
INFO	2021-10-25 21:55:40	AddOrReplaceReadGroups	Processed   111,000,000 records.  Elapsed time: 00:14:00s.  Time for last 1,000,000:    7s.  Last read position: LG18:534,437
INFO	2021-10-25 21:55:48	AddOrReplaceReadGroups	Processed   112,000,000 records.  Elapsed time: 00:14:07s.  Time for last 1,000,000:    7s.  Last read position: LG18:5,179,348
INFO	2021-10-25 21:55:55	AddOrReplaceReadGroups	Processed   113,000,000 records.  Elapsed time: 00:14:14s.  Time for last 1,000,000:    7s.  Last read position: LG18:9,130,207
INFO	2021-10-25 21:56:02	AddOrReplaceReadGroups	Processed   114,000,000 records.  Elapsed time: 00:14:22s.  Time for last 1,000,000:    7s.  Last read position: LG19:449,596
INFO	2021-10-25 21:56:10	AddOrReplaceReadGroups	Processed   115,000,000 records.  Elapsed time: 00:14:29s.  Time for last 1,000,000:    7s.  Last read position: LG19:4,113,681
INFO	2021-10-25 21:56:17	AddOrReplaceReadGroups	Processed   116,000,000 records.  Elapsed time: 00:14:36s.  Time for last 1,000,000:    7s.  Last read position: LG19:7,346,569
INFO	2021-10-25 21:56:25	AddOrReplaceReadGroups	Processed   117,000,000 records.  Elapsed time: 00:14:44s.  Time for last 1,000,000:    7s.  Last read position: LG19:11,263,849
INFO	2021-10-25 21:56:32	AddOrReplaceReadGroups	Processed   118,000,000 records.  Elapsed time: 00:14:52s.  Time for last 1,000,000:    7s.  Last read position: LG19:15,322,668
INFO	2021-10-25 21:56:40	AddOrReplaceReadGroups	Processed   119,000,000 records.  Elapsed time: 00:14:59s.  Time for last 1,000,000:    7s.  Last read position: LG20:3,903,727
INFO	2021-10-25 21:56:47	AddOrReplaceReadGroups	Processed   120,000,000 records.  Elapsed time: 00:15:07s.  Time for last 1,000,000:    7s.  Last read position: LG20:7,825,100
INFO	2021-10-25 21:56:55	AddOrReplaceReadGroups	Processed   121,000,000 records.  Elapsed time: 00:15:14s.  Time for last 1,000,000:    7s.  Last read position: LG20:11,446,337
INFO	2021-10-25 21:57:02	AddOrReplaceReadGroups	Processed   122,000,000 records.  Elapsed time: 00:15:21s.  Time for last 1,000,000:    7s.  Last read position: LG21:2,568,598
INFO	2021-10-25 21:57:09	AddOrReplaceReadGroups	Processed   123,000,000 records.  Elapsed time: 00:15:28s.  Time for last 1,000,000:    7s.  Last read position: LG21:6,005,910
INFO	2021-10-25 21:57:16	AddOrReplaceReadGroups	Processed   124,000,000 records.  Elapsed time: 00:15:36s.  Time for last 1,000,000:    7s.  Last read position: LG21:9,541,960
INFO	2021-10-25 21:57:24	AddOrReplaceReadGroups	Processed   125,000,000 records.  Elapsed time: 00:15:43s.  Time for last 1,000,000:    7s.  Last read position: LG21:13,813,008
INFO	2021-10-25 21:57:31	AddOrReplaceReadGroups	Processed   126,000,000 records.  Elapsed time: 00:15:50s.  Time for last 1,000,000:    7s.  Last read position: LG22:3,534,606
INFO	2021-10-25 21:57:38	AddOrReplaceReadGroups	Processed   127,000,000 records.  Elapsed time: 00:15:57s.  Time for last 1,000,000:    7s.  Last read position: LG22:6,860,369
INFO	2021-10-25 21:57:45	AddOrReplaceReadGroups	Processed   128,000,000 records.  Elapsed time: 00:16:05s.  Time for last 1,000,000:    7s.  Last read position: LG22:11,112,354
INFO	2021-10-25 21:57:53	AddOrReplaceReadGroups	Processed   129,000,000 records.  Elapsed time: 00:16:12s.  Time for last 1,000,000:    7s.  Last read position: LG23:2,822,865
INFO	2021-10-25 21:58:00	AddOrReplaceReadGroups	Processed   130,000,000 records.  Elapsed time: 00:16:19s.  Time for last 1,000,000:    7s.  Last read position: LG23:6,317,034
INFO	2021-10-25 21:58:07	AddOrReplaceReadGroups	Processed   131,000,000 records.  Elapsed time: 00:16:27s.  Time for last 1,000,000:    7s.  Last read position: LG23:9,757,480
INFO	2021-10-25 21:58:15	AddOrReplaceReadGroups	Processed   132,000,000 records.  Elapsed time: 00:16:34s.  Time for last 1,000,000:    7s.  Last read position: LG23:13,272,933
INFO	2021-10-25 21:58:22	AddOrReplaceReadGroups	Processed   133,000,000 records.  Elapsed time: 00:16:42s.  Time for last 1,000,000:    7s.  Last read position: LG24:481,806
INFO	2021-10-25 21:58:31	AddOrReplaceReadGroups	Processed   134,000,000 records.  Elapsed time: 00:16:50s.  Time for last 1,000,000:    8s.  Last read position: LG24:4,389,609
INFO	2021-10-25 21:58:49	AddOrReplaceReadGroups	Processed   135,000,000 records.  Elapsed time: 00:17:08s.  Time for last 1,000,000:   18s.  Last read position: LG24:8,089,876
INFO	2021-10-25 21:58:59	AddOrReplaceReadGroups	Processed   136,000,000 records.  Elapsed time: 00:17:18s.  Time for last 1,000,000:    9s.  Last read position: LG24:12,772,742
INFO	2021-10-25 21:59:06	AddOrReplaceReadGroups	Processed   137,000,000 records.  Elapsed time: 00:17:25s.  Time for last 1,000,000:    7s.  Last read position: LG25:2,792,723
INFO	2021-10-25 21:59:13	AddOrReplaceReadGroups	Processed   138,000,000 records.  Elapsed time: 00:17:33s.  Time for last 1,000,000:    7s.  Last read position: LG25:6,951,465
INFO	2021-10-25 21:59:21	AddOrReplaceReadGroups	Processed   139,000,000 records.  Elapsed time: 00:17:40s.  Time for last 1,000,000:    7s.  Last read position: LG25:10,950,217
INFO	2021-10-25 21:59:28	AddOrReplaceReadGroups	Processed   140,000,000 records.  Elapsed time: 00:17:47s.  Time for last 1,000,000:    7s.  Last read position: LG26:718,269
INFO	2021-10-25 21:59:35	AddOrReplaceReadGroups	Processed   141,000,000 records.  Elapsed time: 00:17:54s.  Time for last 1,000,000:    7s.  Last read position: LG26:4,356,041
INFO	2021-10-25 21:59:42	AddOrReplaceReadGroups	Processed   142,000,000 records.  Elapsed time: 00:18:02s.  Time for last 1,000,000:    7s.  Last read position: LG26:7,801,320
INFO	2021-10-25 21:59:50	AddOrReplaceReadGroups	Processed   143,000,000 records.  Elapsed time: 00:18:09s.  Time for last 1,000,000:    7s.  Last read position: LG26:12,123,274
INFO	2021-10-25 21:59:57	AddOrReplaceReadGroups	Processed   144,000,000 records.  Elapsed time: 00:18:16s.  Time for last 1,000,000:    7s.  Last read position: LG27:2,641,745
INFO	2021-10-25 22:00:04	AddOrReplaceReadGroups	Processed   145,000,000 records.  Elapsed time: 00:18:23s.  Time for last 1,000,000:    7s.  Last read position: LG27:6,597,000
INFO	2021-10-25 22:00:11	AddOrReplaceReadGroups	Processed   146,000,000 records.  Elapsed time: 00:18:31s.  Time for last 1,000,000:    7s.  Last read position: LG27:10,708,397
INFO	2021-10-25 22:00:19	AddOrReplaceReadGroups	Processed   147,000,000 records.  Elapsed time: 00:18:38s.  Time for last 1,000,000:    7s.  Last read position: LG28:2,548,564
INFO	2021-10-25 22:00:26	AddOrReplaceReadGroups	Processed   148,000,000 records.  Elapsed time: 00:18:45s.  Time for last 1,000,000:    7s.  Last read position: LG28:6,555,043
INFO	2021-10-25 22:00:33	AddOrReplaceReadGroups	Processed   149,000,000 records.  Elapsed time: 00:18:53s.  Time for last 1,000,000:    7s.  Last read position: LG28:10,494,799
INFO	2021-10-25 22:00:41	AddOrReplaceReadGroups	Processed   150,000,000 records.  Elapsed time: 00:19:00s.  Time for last 1,000,000:    7s.  Last read position: LG29:2,219,762
INFO	2021-10-25 22:00:48	AddOrReplaceReadGroups	Processed   151,000,000 records.  Elapsed time: 00:19:07s.  Time for last 1,000,000:    7s.  Last read position: LG30:667,789
INFO	2021-10-25 22:00:55	AddOrReplaceReadGroups	Processed   152,000,000 records.  Elapsed time: 00:19:15s.  Time for last 1,000,000:    7s.  Last read position: LG30:4,457,416
INFO	2021-10-25 22:01:02	AddOrReplaceReadGroups	Processed   153,000,000 records.  Elapsed time: 00:19:22s.  Time for last 1,000,000:    7s.  Last read position: LG30:9,023,943
INFO	2021-10-25 22:01:10	AddOrReplaceReadGroups	Processed   154,000,000 records.  Elapsed time: 00:19:29s.  Time for last 1,000,000:    7s.  Last read position: UNPIN3877:39,697
INFO	2021-10-25 22:01:17	AddOrReplaceReadGroups	Processed   155,000,000 records.  Elapsed time: 00:19:36s.  Time for last 1,000,000:    7s.  Last read position: UNPIN3877:85,584
INFO	2021-10-25 22:01:24	AddOrReplaceReadGroups	Processed   156,000,000 records.  Elapsed time: 00:19:43s.  Time for last 1,000,000:    7s.  Last read position: UNPIN3877:129,869
INFO	2021-10-25 22:01:31	AddOrReplaceReadGroups	Processed   157,000,000 records.  Elapsed time: 00:19:50s.  Time for last 1,000,000:    6s.  Last read position: */*
INFO	2021-10-25 22:01:36	AddOrReplaceReadGroups	Processed   158,000,000 records.  Elapsed time: 00:19:55s.  Time for last 1,000,000:    4s.  Last read position: */*
INFO	2021-10-25 22:01:41	AddOrReplaceReadGroups	Processed   159,000,000 records.  Elapsed time: 00:20:00s.  Time for last 1,000,000:    5s.  Last read position: */*
INFO	2021-10-25 22:01:46	AddOrReplaceReadGroups	Processed   160,000,000 records.  Elapsed time: 00:20:05s.  Time for last 1,000,000:    5s.  Last read position: */*
INFO	2021-10-25 22:01:51	AddOrReplaceReadGroups	Processed   161,000,000 records.  Elapsed time: 00:20:10s.  Time for last 1,000,000:    4s.  Last read position: */*
INFO	2021-10-25 22:01:56	AddOrReplaceReadGroups	Processed   162,000,000 records.  Elapsed time: 00:20:15s.  Time for last 1,000,000:    5s.  Last read position: */*
[Mon Oct 25 22:02:00 PDT 2021] picard.sam.AddOrReplaceReadGroups done. Elapsed time: 20.34 minutes.
Runtime.totalMemory()=46104576
Tool returned:
0
