==========================================
SLURM_JOB_ID = 2289207
SLURM_JOB_NODELIST = b10-23
TMPDIR = /tmp/SLURM_2289207
==========================================
Running Sample ID SRR12223710_SRP271933_Undaria_pinnatifida_individual_36_2017-12-19_NAT_Kr_Tongyeong_5_South_Korea with options  --RGID CC860ANXX.3 --RGLB SRR12223710 --RGPL ILLUMINA --RGPU CC860ANXX.3.SRR12223710 --RGSM NAT_Kr_Tongyeong_5_South_Korea 
Using GATK jar /home1/mharden/.conda/envs/gatk4/share/gatk4-4.2.2.0-1/gatk-package-4.2.2.0-local.jar
Running:
    java -Dsamjdk.use_async_io_read_samtools=false -Dsamjdk.use_async_io_write_samtools=true -Dsamjdk.use_async_io_write_tribble=false -Dsamjdk.compression_level=2 -jar /home1/mharden/.conda/envs/gatk4/share/gatk4-4.2.2.0-1/gatk-package-4.2.2.0-local.jar AddOrReplaceReadGroups -I SRR12223710_SRP271933_Undaria_pinnatifida_individual_36_2017-12-19_NAT_Kr_Tongyeong_5_South_Korea.sorted.bam -O SRR12223710_SRP271933_Undaria_pinnatifida_individual_36_2017-12-19_NAT_Kr_Tongyeong_5_South_Korea.RG.sorted.bam --RGID CC860ANXX.3 --RGLB SRR12223710 --RGPL ILLUMINA --RGPU CC860ANXX.3.SRR12223710 --RGSM NAT_Kr_Tongyeong_5_South_Korea
21:55:58.883 INFO  NativeLibraryLoader - Loading libgkl_compression.so from jar:file:/home1/mharden/.conda/envs/gatk4/share/gatk4-4.2.2.0-1/gatk-package-4.2.2.0-local.jar!/com/intel/gkl/native/libgkl_compression.so
[Mon Oct 25 21:55:58 PDT 2021] AddOrReplaceReadGroups --INPUT SRR12223710_SRP271933_Undaria_pinnatifida_individual_36_2017-12-19_NAT_Kr_Tongyeong_5_South_Korea.sorted.bam --OUTPUT SRR12223710_SRP271933_Undaria_pinnatifida_individual_36_2017-12-19_NAT_Kr_Tongyeong_5_South_Korea.RG.sorted.bam --RGID CC860ANXX.3 --RGLB SRR12223710 --RGPL ILLUMINA --RGPU CC860ANXX.3.SRR12223710 --RGSM NAT_Kr_Tongyeong_5_South_Korea --VERBOSITY INFO --QUIET false --VALIDATION_STRINGENCY STRICT --COMPRESSION_LEVEL 2 --MAX_RECORDS_IN_RAM 500000 --CREATE_INDEX false --CREATE_MD5_FILE false --GA4GH_CLIENT_SECRETS client_secrets.json --help false --version false --showHidden false --USE_JDK_DEFLATER false --USE_JDK_INFLATER false
Oct 25, 2021 9:55:59 PM shaded.cloud_nio.com.google.auth.oauth2.ComputeEngineCredentials runningOnComputeEngine
INFO: Failed to detect whether we are running on Google Compute Engine.
[Mon Oct 25 21:55:59 PDT 2021] Executing as mharden@b10-23.hpc.usc.edu on Linux 3.10.0-1062.4.1.el7.x86_64 amd64; OpenJDK 64-Bit Server VM 1.8.0_302-b08; Deflater: Intel; Inflater: Intel; Provider GCS is available; Picard version: Version:4.2.2.0
INFO	2021-10-25 21:55:59	AddOrReplaceReadGroups	Created read-group ID=CC860ANXX.3 PL=ILLUMINA LB=SRR12223710 SM=NAT_Kr_Tongyeong_5_South_Korea

INFO	2021-10-25 21:56:09	AddOrReplaceReadGroups	Processed     1,000,000 records.  Elapsed time: 00:00:10s.  Time for last 1,000,000:   10s.  Last read position: LG00:4,833,338
INFO	2021-10-25 21:56:19	AddOrReplaceReadGroups	Processed     2,000,000 records.  Elapsed time: 00:00:19s.  Time for last 1,000,000:    9s.  Last read position: LG00:7,845,516
INFO	2021-10-25 21:56:28	AddOrReplaceReadGroups	Processed     3,000,000 records.  Elapsed time: 00:00:29s.  Time for last 1,000,000:    9s.  Last read position: LG00:12,434,081
INFO	2021-10-25 21:56:36	AddOrReplaceReadGroups	Processed     4,000,000 records.  Elapsed time: 00:00:37s.  Time for last 1,000,000:    8s.  Last read position: LG00:16,638,626
INFO	2021-10-25 21:56:45	AddOrReplaceReadGroups	Processed     5,000,000 records.  Elapsed time: 00:00:45s.  Time for last 1,000,000:    8s.  Last read position: LG00:21,244,296
INFO	2021-10-25 21:56:53	AddOrReplaceReadGroups	Processed     6,000,000 records.  Elapsed time: 00:00:53s.  Time for last 1,000,000:    8s.  Last read position: LG00:25,892,066
INFO	2021-10-25 21:57:01	AddOrReplaceReadGroups	Processed     7,000,000 records.  Elapsed time: 00:01:01s.  Time for last 1,000,000:    8s.  Last read position: LG00:30,244,993
INFO	2021-10-25 21:57:08	AddOrReplaceReadGroups	Processed     8,000,000 records.  Elapsed time: 00:01:09s.  Time for last 1,000,000:    7s.  Last read position: LG00:34,709,253
INFO	2021-10-25 21:57:16	AddOrReplaceReadGroups	Processed     9,000,000 records.  Elapsed time: 00:01:17s.  Time for last 1,000,000:    7s.  Last read position: LG00:39,343,092
INFO	2021-10-25 21:57:23	AddOrReplaceReadGroups	Processed    10,000,000 records.  Elapsed time: 00:01:24s.  Time for last 1,000,000:    7s.  Last read position: LG00:43,942,710
INFO	2021-10-25 21:57:31	AddOrReplaceReadGroups	Processed    11,000,000 records.  Elapsed time: 00:01:32s.  Time for last 1,000,000:    7s.  Last read position: LG00:48,294,275
INFO	2021-10-25 21:57:38	AddOrReplaceReadGroups	Processed    12,000,000 records.  Elapsed time: 00:01:39s.  Time for last 1,000,000:    7s.  Last read position: LG00:52,725,028
INFO	2021-10-25 21:57:46	AddOrReplaceReadGroups	Processed    13,000,000 records.  Elapsed time: 00:01:47s.  Time for last 1,000,000:    7s.  Last read position: LG00:57,735,283
INFO	2021-10-25 21:57:53	AddOrReplaceReadGroups	Processed    14,000,000 records.  Elapsed time: 00:01:54s.  Time for last 1,000,000:    7s.  Last read position: LG00:61,728,500
INFO	2021-10-25 21:58:01	AddOrReplaceReadGroups	Processed    15,000,000 records.  Elapsed time: 00:02:02s.  Time for last 1,000,000:    7s.  Last read position: LG00:67,215,782
INFO	2021-10-25 21:58:09	AddOrReplaceReadGroups	Processed    16,000,000 records.  Elapsed time: 00:02:09s.  Time for last 1,000,000:    7s.  Last read position: LG00:72,562,848
INFO	2021-10-25 21:58:16	AddOrReplaceReadGroups	Processed    17,000,000 records.  Elapsed time: 00:02:17s.  Time for last 1,000,000:    7s.  Last read position: LG00:77,673,961
INFO	2021-10-25 21:58:24	AddOrReplaceReadGroups	Processed    18,000,000 records.  Elapsed time: 00:02:25s.  Time for last 1,000,000:    7s.  Last read position: LG00:82,266,068
INFO	2021-10-25 21:58:33	AddOrReplaceReadGroups	Processed    19,000,000 records.  Elapsed time: 00:02:34s.  Time for last 1,000,000:    8s.  Last read position: LG00:86,830,691
INFO	2021-10-25 21:58:51	AddOrReplaceReadGroups	Processed    20,000,000 records.  Elapsed time: 00:02:52s.  Time for last 1,000,000:   18s.  Last read position: LG00:90,986,018
INFO	2021-10-25 21:58:59	AddOrReplaceReadGroups	Processed    21,000,000 records.  Elapsed time: 00:03:00s.  Time for last 1,000,000:    7s.  Last read position: LG00:95,804,099
INFO	2021-10-25 21:59:06	AddOrReplaceReadGroups	Processed    22,000,000 records.  Elapsed time: 00:03:07s.  Time for last 1,000,000:    7s.  Last read position: LG00:101,078,789
INFO	2021-10-25 21:59:14	AddOrReplaceReadGroups	Processed    23,000,000 records.  Elapsed time: 00:03:14s.  Time for last 1,000,000:    7s.  Last read position: LG00:106,122,007
INFO	2021-10-25 21:59:21	AddOrReplaceReadGroups	Processed    24,000,000 records.  Elapsed time: 00:03:22s.  Time for last 1,000,000:    7s.  Last read position: LG00:111,712,327
INFO	2021-10-25 21:59:29	AddOrReplaceReadGroups	Processed    25,000,000 records.  Elapsed time: 00:03:29s.  Time for last 1,000,000:    7s.  Last read position: LG00:117,304,400
INFO	2021-10-25 21:59:36	AddOrReplaceReadGroups	Processed    26,000,000 records.  Elapsed time: 00:03:37s.  Time for last 1,000,000:    7s.  Last read position: LG00:122,437,744
INFO	2021-10-25 21:59:43	AddOrReplaceReadGroups	Processed    27,000,000 records.  Elapsed time: 00:03:44s.  Time for last 1,000,000:    7s.  Last read position: LG00:127,753,910
INFO	2021-10-25 21:59:51	AddOrReplaceReadGroups	Processed    28,000,000 records.  Elapsed time: 00:03:51s.  Time for last 1,000,000:    7s.  Last read position: LG00:133,161,466
INFO	2021-10-25 21:59:58	AddOrReplaceReadGroups	Processed    29,000,000 records.  Elapsed time: 00:03:59s.  Time for last 1,000,000:    7s.  Last read position: LG00:137,846,200
INFO	2021-10-25 22:00:06	AddOrReplaceReadGroups	Processed    30,000,000 records.  Elapsed time: 00:04:06s.  Time for last 1,000,000:    7s.  Last read position: LG00:143,863,855
INFO	2021-10-25 22:00:13	AddOrReplaceReadGroups	Processed    31,000,000 records.  Elapsed time: 00:04:14s.  Time for last 1,000,000:    7s.  Last read position: LG00:148,871,414
INFO	2021-10-25 22:00:20	AddOrReplaceReadGroups	Processed    32,000,000 records.  Elapsed time: 00:04:21s.  Time for last 1,000,000:    7s.  Last read position: LG00:152,570,500
INFO	2021-10-25 22:00:28	AddOrReplaceReadGroups	Processed    33,000,000 records.  Elapsed time: 00:04:28s.  Time for last 1,000,000:    7s.  Last read position: LG00:152,593,337
INFO	2021-10-25 22:00:35	AddOrReplaceReadGroups	Processed    34,000,000 records.  Elapsed time: 00:04:36s.  Time for last 1,000,000:    7s.  Last read position: LG00:157,079,892
INFO	2021-10-25 22:00:42	AddOrReplaceReadGroups	Processed    35,000,000 records.  Elapsed time: 00:04:43s.  Time for last 1,000,000:    7s.  Last read position: LG00:162,410,861
INFO	2021-10-25 22:00:50	AddOrReplaceReadGroups	Processed    36,000,000 records.  Elapsed time: 00:04:50s.  Time for last 1,000,000:    7s.  Last read position: LG00:166,243,868
INFO	2021-10-25 22:00:57	AddOrReplaceReadGroups	Processed    37,000,000 records.  Elapsed time: 00:04:58s.  Time for last 1,000,000:    7s.  Last read position: LG00:168,743,342
INFO	2021-10-25 22:01:05	AddOrReplaceReadGroups	Processed    38,000,000 records.  Elapsed time: 00:05:05s.  Time for last 1,000,000:    7s.  Last read position: LG00:172,206,914
INFO	2021-10-25 22:01:12	AddOrReplaceReadGroups	Processed    39,000,000 records.  Elapsed time: 00:05:13s.  Time for last 1,000,000:    7s.  Last read position: LG01:1,454,577
INFO	2021-10-25 22:01:19	AddOrReplaceReadGroups	Processed    40,000,000 records.  Elapsed time: 00:05:20s.  Time for last 1,000,000:    7s.  Last read position: LG01:5,676,705
INFO	2021-10-25 22:01:26	AddOrReplaceReadGroups	Processed    41,000,000 records.  Elapsed time: 00:05:27s.  Time for last 1,000,000:    7s.  Last read position: LG01:9,403,900
INFO	2021-10-25 22:01:34	AddOrReplaceReadGroups	Processed    42,000,000 records.  Elapsed time: 00:05:35s.  Time for last 1,000,000:    7s.  Last read position: LG01:13,448,529
INFO	2021-10-25 22:01:41	AddOrReplaceReadGroups	Processed    43,000,000 records.  Elapsed time: 00:05:42s.  Time for last 1,000,000:    7s.  Last read position: LG01:17,192,427
INFO	2021-10-25 22:01:48	AddOrReplaceReadGroups	Processed    44,000,000 records.  Elapsed time: 00:05:49s.  Time for last 1,000,000:    7s.  Last read position: LG01:21,148,558
INFO	2021-10-25 22:01:56	AddOrReplaceReadGroups	Processed    45,000,000 records.  Elapsed time: 00:05:57s.  Time for last 1,000,000:    7s.  Last read position: LG01:24,787,984
INFO	2021-10-25 22:02:03	AddOrReplaceReadGroups	Processed    46,000,000 records.  Elapsed time: 00:06:04s.  Time for last 1,000,000:    7s.  Last read position: LG02:1,254,642
INFO	2021-10-25 22:02:10	AddOrReplaceReadGroups	Processed    47,000,000 records.  Elapsed time: 00:06:11s.  Time for last 1,000,000:    7s.  Last read position: LG02:4,765,651
INFO	2021-10-25 22:02:18	AddOrReplaceReadGroups	Processed    48,000,000 records.  Elapsed time: 00:06:18s.  Time for last 1,000,000:    7s.  Last read position: LG02:8,374,922
INFO	2021-10-25 22:02:25	AddOrReplaceReadGroups	Processed    49,000,000 records.  Elapsed time: 00:06:26s.  Time for last 1,000,000:    7s.  Last read position: LG02:11,930,375
INFO	2021-10-25 22:02:32	AddOrReplaceReadGroups	Processed    50,000,000 records.  Elapsed time: 00:06:33s.  Time for last 1,000,000:    7s.  Last read position: LG02:15,509,377
INFO	2021-10-25 22:02:40	AddOrReplaceReadGroups	Processed    51,000,000 records.  Elapsed time: 00:06:41s.  Time for last 1,000,000:    7s.  Last read position: LG02:18,081,768
INFO	2021-10-25 22:02:47	AddOrReplaceReadGroups	Processed    52,000,000 records.  Elapsed time: 00:06:48s.  Time for last 1,000,000:    7s.  Last read position: LG03:2,866,345
INFO	2021-10-25 22:02:54	AddOrReplaceReadGroups	Processed    53,000,000 records.  Elapsed time: 00:06:55s.  Time for last 1,000,000:    7s.  Last read position: LG03:6,922,513
INFO	2021-10-25 22:03:02	AddOrReplaceReadGroups	Processed    54,000,000 records.  Elapsed time: 00:07:02s.  Time for last 1,000,000:    7s.  Last read position: LG03:11,036,902
INFO	2021-10-25 22:03:09	AddOrReplaceReadGroups	Processed    55,000,000 records.  Elapsed time: 00:07:10s.  Time for last 1,000,000:    7s.  Last read position: LG03:15,245,181
INFO	2021-10-25 22:03:16	AddOrReplaceReadGroups	Processed    56,000,000 records.  Elapsed time: 00:07:17s.  Time for last 1,000,000:    7s.  Last read position: LG04:2,416,962
INFO	2021-10-25 22:03:23	AddOrReplaceReadGroups	Processed    57,000,000 records.  Elapsed time: 00:07:24s.  Time for last 1,000,000:    7s.  Last read position: LG04:6,432,874
INFO	2021-10-25 22:03:30	AddOrReplaceReadGroups	Processed    58,000,000 records.  Elapsed time: 00:07:31s.  Time for last 1,000,000:    7s.  Last read position: LG04:9,965,213
INFO	2021-10-25 22:03:38	AddOrReplaceReadGroups	Processed    59,000,000 records.  Elapsed time: 00:07:38s.  Time for last 1,000,000:    7s.  Last read position: LG04:13,812,858
INFO	2021-10-25 22:03:45	AddOrReplaceReadGroups	Processed    60,000,000 records.  Elapsed time: 00:07:46s.  Time for last 1,000,000:    7s.  Last read position: LG05:1,885,186
INFO	2021-10-25 22:03:52	AddOrReplaceReadGroups	Processed    61,000,000 records.  Elapsed time: 00:07:53s.  Time for last 1,000,000:    7s.  Last read position: LG05:5,711,250
INFO	2021-10-25 22:03:59	AddOrReplaceReadGroups	Processed    62,000,000 records.  Elapsed time: 00:08:00s.  Time for last 1,000,000:    7s.  Last read position: LG05:8,946,982
INFO	2021-10-25 22:04:07	AddOrReplaceReadGroups	Processed    63,000,000 records.  Elapsed time: 00:08:07s.  Time for last 1,000,000:    7s.  Last read position: LG05:12,617,148
INFO	2021-10-25 22:04:14	AddOrReplaceReadGroups	Processed    64,000,000 records.  Elapsed time: 00:08:14s.  Time for last 1,000,000:    7s.  Last read position: LG05:16,420,117
INFO	2021-10-25 22:04:21	AddOrReplaceReadGroups	Processed    65,000,000 records.  Elapsed time: 00:08:22s.  Time for last 1,000,000:    7s.  Last read position: LG05:20,330,398
INFO	2021-10-25 22:04:28	AddOrReplaceReadGroups	Processed    66,000,000 records.  Elapsed time: 00:08:29s.  Time for last 1,000,000:    7s.  Last read position: LG06:1,639,639
INFO	2021-10-25 22:04:36	AddOrReplaceReadGroups	Processed    67,000,000 records.  Elapsed time: 00:08:36s.  Time for last 1,000,000:    7s.  Last read position: LG06:5,504,502
INFO	2021-10-25 22:04:43	AddOrReplaceReadGroups	Processed    68,000,000 records.  Elapsed time: 00:08:44s.  Time for last 1,000,000:    7s.  Last read position: LG06:9,358,466
INFO	2021-10-25 22:04:50	AddOrReplaceReadGroups	Processed    69,000,000 records.  Elapsed time: 00:08:51s.  Time for last 1,000,000:    7s.  Last read position: LG07:676,648
INFO	2021-10-25 22:04:57	AddOrReplaceReadGroups	Processed    70,000,000 records.  Elapsed time: 00:08:58s.  Time for last 1,000,000:    7s.  Last read position: LG07:4,066,796
INFO	2021-10-25 22:05:05	AddOrReplaceReadGroups	Processed    71,000,000 records.  Elapsed time: 00:09:06s.  Time for last 1,000,000:    7s.  Last read position: LG07:7,901,750
INFO	2021-10-25 22:05:12	AddOrReplaceReadGroups	Processed    72,000,000 records.  Elapsed time: 00:09:13s.  Time for last 1,000,000:    7s.  Last read position: LG07:12,080,907
INFO	2021-10-25 22:05:19	AddOrReplaceReadGroups	Processed    73,000,000 records.  Elapsed time: 00:09:20s.  Time for last 1,000,000:    7s.  Last read position: LG08:3,311,686
INFO	2021-10-25 22:05:27	AddOrReplaceReadGroups	Processed    74,000,000 records.  Elapsed time: 00:09:27s.  Time for last 1,000,000:    7s.  Last read position: LG08:7,984,283
INFO	2021-10-25 22:05:34	AddOrReplaceReadGroups	Processed    75,000,000 records.  Elapsed time: 00:09:35s.  Time for last 1,000,000:    7s.  Last read position: LG08:12,002,172
INFO	2021-10-25 22:05:41	AddOrReplaceReadGroups	Processed    76,000,000 records.  Elapsed time: 00:09:42s.  Time for last 1,000,000:    7s.  Last read position: LG09:588,483
INFO	2021-10-25 22:05:48	AddOrReplaceReadGroups	Processed    77,000,000 records.  Elapsed time: 00:09:49s.  Time for last 1,000,000:    7s.  Last read position: LG09:2,661,089
INFO	2021-10-25 22:05:56	AddOrReplaceReadGroups	Processed    78,000,000 records.  Elapsed time: 00:09:56s.  Time for last 1,000,000:    7s.  Last read position: LG09:4,778,878
INFO	2021-10-25 22:06:03	AddOrReplaceReadGroups	Processed    79,000,000 records.  Elapsed time: 00:10:04s.  Time for last 1,000,000:    7s.  Last read position: LG09:8,690,336
INFO	2021-10-25 22:06:10	AddOrReplaceReadGroups	Processed    80,000,000 records.  Elapsed time: 00:10:11s.  Time for last 1,000,000:    7s.  Last read position: LG09:11,988,757
INFO	2021-10-25 22:06:17	AddOrReplaceReadGroups	Processed    81,000,000 records.  Elapsed time: 00:10:18s.  Time for last 1,000,000:    7s.  Last read position: LG10:2,837,170
INFO	2021-10-25 22:06:25	AddOrReplaceReadGroups	Processed    82,000,000 records.  Elapsed time: 00:10:25s.  Time for last 1,000,000:    7s.  Last read position: LG10:6,162,435
INFO	2021-10-25 22:06:32	AddOrReplaceReadGroups	Processed    83,000,000 records.  Elapsed time: 00:10:32s.  Time for last 1,000,000:    7s.  Last read position: LG10:9,714,560
INFO	2021-10-25 22:06:39	AddOrReplaceReadGroups	Processed    84,000,000 records.  Elapsed time: 00:10:40s.  Time for last 1,000,000:    7s.  Last read position: LG10:13,399,780
INFO	2021-10-25 22:06:46	AddOrReplaceReadGroups	Processed    85,000,000 records.  Elapsed time: 00:10:47s.  Time for last 1,000,000:    7s.  Last read position: LG10:16,966,183
INFO	2021-10-25 22:06:54	AddOrReplaceReadGroups	Processed    86,000,000 records.  Elapsed time: 00:10:54s.  Time for last 1,000,000:    7s.  Last read position: LG10:20,644,011
INFO	2021-10-25 22:07:01	AddOrReplaceReadGroups	Processed    87,000,000 records.  Elapsed time: 00:11:01s.  Time for last 1,000,000:    7s.  Last read position: LG10:24,681,891
INFO	2021-10-25 22:07:08	AddOrReplaceReadGroups	Processed    88,000,000 records.  Elapsed time: 00:11:09s.  Time for last 1,000,000:    7s.  Last read position: LG10:28,464,771
INFO	2021-10-25 22:07:15	AddOrReplaceReadGroups	Processed    89,000,000 records.  Elapsed time: 00:11:16s.  Time for last 1,000,000:    7s.  Last read position: LG11:3,332,288
INFO	2021-10-25 22:07:22	AddOrReplaceReadGroups	Processed    90,000,000 records.  Elapsed time: 00:11:23s.  Time for last 1,000,000:    7s.  Last read position: LG11:8,182,810
INFO	2021-10-25 22:07:29	AddOrReplaceReadGroups	Processed    91,000,000 records.  Elapsed time: 00:11:30s.  Time for last 1,000,000:    7s.  Last read position: LG11:11,803,846
INFO	2021-10-25 22:07:37	AddOrReplaceReadGroups	Processed    92,000,000 records.  Elapsed time: 00:11:37s.  Time for last 1,000,000:    7s.  Last read position: LG11:15,781,827
INFO	2021-10-25 22:07:44	AddOrReplaceReadGroups	Processed    93,000,000 records.  Elapsed time: 00:11:44s.  Time for last 1,000,000:    7s.  Last read position: LG11:19,768,128
INFO	2021-10-25 22:07:51	AddOrReplaceReadGroups	Processed    94,000,000 records.  Elapsed time: 00:11:52s.  Time for last 1,000,000:    7s.  Last read position: LG11:23,880,894
INFO	2021-10-25 22:07:58	AddOrReplaceReadGroups	Processed    95,000,000 records.  Elapsed time: 00:11:59s.  Time for last 1,000,000:    7s.  Last read position: LG12:1,101,228
INFO	2021-10-25 22:08:05	AddOrReplaceReadGroups	Processed    96,000,000 records.  Elapsed time: 00:12:06s.  Time for last 1,000,000:    7s.  Last read position: LG12:5,111,777
INFO	2021-10-25 22:08:12	AddOrReplaceReadGroups	Processed    97,000,000 records.  Elapsed time: 00:12:13s.  Time for last 1,000,000:    7s.  Last read position: LG12:8,899,542
INFO	2021-10-25 22:08:20	AddOrReplaceReadGroups	Processed    98,000,000 records.  Elapsed time: 00:12:20s.  Time for last 1,000,000:    7s.  Last read position: LG12:12,721,735
INFO	2021-10-25 22:08:27	AddOrReplaceReadGroups	Processed    99,000,000 records.  Elapsed time: 00:12:27s.  Time for last 1,000,000:    7s.  Last read position: LG13:2,011,609
INFO	2021-10-25 22:08:34	AddOrReplaceReadGroups	Processed   100,000,000 records.  Elapsed time: 00:12:35s.  Time for last 1,000,000:    7s.  Last read position: LG13:5,501,047
INFO	2021-10-25 22:08:41	AddOrReplaceReadGroups	Processed   101,000,000 records.  Elapsed time: 00:12:42s.  Time for last 1,000,000:    7s.  Last read position: LG13:8,970,200
INFO	2021-10-25 22:08:48	AddOrReplaceReadGroups	Processed   102,000,000 records.  Elapsed time: 00:12:49s.  Time for last 1,000,000:    7s.  Last read position: LG13:12,236,906
INFO	2021-10-25 22:08:55	AddOrReplaceReadGroups	Processed   103,000,000 records.  Elapsed time: 00:12:56s.  Time for last 1,000,000:    7s.  Last read position: LG14:1,069,918
INFO	2021-10-25 22:09:03	AddOrReplaceReadGroups	Processed   104,000,000 records.  Elapsed time: 00:13:03s.  Time for last 1,000,000:    7s.  Last read position: LG14:4,596,932
INFO	2021-10-25 22:09:10	AddOrReplaceReadGroups	Processed   105,000,000 records.  Elapsed time: 00:13:10s.  Time for last 1,000,000:    7s.  Last read position: LG14:8,340,569
INFO	2021-10-25 22:09:17	AddOrReplaceReadGroups	Processed   106,000,000 records.  Elapsed time: 00:13:18s.  Time for last 1,000,000:    7s.  Last read position: LG14:11,704,859
INFO	2021-10-25 22:09:24	AddOrReplaceReadGroups	Processed   107,000,000 records.  Elapsed time: 00:13:25s.  Time for last 1,000,000:    7s.  Last read position: LG15:1,661,621
INFO	2021-10-25 22:09:31	AddOrReplaceReadGroups	Processed   108,000,000 records.  Elapsed time: 00:13:32s.  Time for last 1,000,000:    7s.  Last read position: LG15:5,040,629
INFO	2021-10-25 22:09:38	AddOrReplaceReadGroups	Processed   109,000,000 records.  Elapsed time: 00:13:39s.  Time for last 1,000,000:    7s.  Last read position: LG15:9,014,112
INFO	2021-10-25 22:09:46	AddOrReplaceReadGroups	Processed   110,000,000 records.  Elapsed time: 00:13:46s.  Time for last 1,000,000:    7s.  Last read position: LG15:12,479,857
INFO	2021-10-25 22:09:53	AddOrReplaceReadGroups	Processed   111,000,000 records.  Elapsed time: 00:13:53s.  Time for last 1,000,000:    7s.  Last read position: LG15:15,873,869
INFO	2021-10-25 22:10:00	AddOrReplaceReadGroups	Processed   112,000,000 records.  Elapsed time: 00:14:01s.  Time for last 1,000,000:    7s.  Last read position: LG16:1,222,200
INFO	2021-10-25 22:10:07	AddOrReplaceReadGroups	Processed   113,000,000 records.  Elapsed time: 00:14:08s.  Time for last 1,000,000:    7s.  Last read position: LG16:4,934,881
INFO	2021-10-25 22:10:14	AddOrReplaceReadGroups	Processed   114,000,000 records.  Elapsed time: 00:14:15s.  Time for last 1,000,000:    7s.  Last read position: LG16:9,026,309
INFO	2021-10-25 22:10:22	AddOrReplaceReadGroups	Processed   115,000,000 records.  Elapsed time: 00:14:22s.  Time for last 1,000,000:    7s.  Last read position: LG16:12,439,836
INFO	2021-10-25 22:10:29	AddOrReplaceReadGroups	Processed   116,000,000 records.  Elapsed time: 00:14:30s.  Time for last 1,000,000:    7s.  Last read position: LG17:487,521
INFO	2021-10-25 22:10:36	AddOrReplaceReadGroups	Processed   117,000,000 records.  Elapsed time: 00:14:37s.  Time for last 1,000,000:    7s.  Last read position: LG17:3,654,150
INFO	2021-10-25 22:10:43	AddOrReplaceReadGroups	Processed   118,000,000 records.  Elapsed time: 00:14:44s.  Time for last 1,000,000:    7s.  Last read position: LG17:6,672,303
INFO	2021-10-25 22:10:50	AddOrReplaceReadGroups	Processed   119,000,000 records.  Elapsed time: 00:14:51s.  Time for last 1,000,000:    7s.  Last read position: LG17:10,257,188
INFO	2021-10-25 22:10:58	AddOrReplaceReadGroups	Processed   120,000,000 records.  Elapsed time: 00:14:58s.  Time for last 1,000,000:    7s.  Last read position: LG18:1,475,398
INFO	2021-10-25 22:11:05	AddOrReplaceReadGroups	Processed   121,000,000 records.  Elapsed time: 00:15:06s.  Time for last 1,000,000:    7s.  Last read position: LG18:5,642,325
INFO	2021-10-25 22:11:12	AddOrReplaceReadGroups	Processed   122,000,000 records.  Elapsed time: 00:15:13s.  Time for last 1,000,000:    7s.  Last read position: LG18:9,279,802
INFO	2021-10-25 22:11:19	AddOrReplaceReadGroups	Processed   123,000,000 records.  Elapsed time: 00:15:20s.  Time for last 1,000,000:    7s.  Last read position: LG19:320,508
INFO	2021-10-25 22:11:26	AddOrReplaceReadGroups	Processed   124,000,000 records.  Elapsed time: 00:15:27s.  Time for last 1,000,000:    7s.  Last read position: LG19:3,824,818
INFO	2021-10-25 22:11:34	AddOrReplaceReadGroups	Processed   125,000,000 records.  Elapsed time: 00:15:34s.  Time for last 1,000,000:    7s.  Last read position: LG19:7,073,730
INFO	2021-10-25 22:11:41	AddOrReplaceReadGroups	Processed   126,000,000 records.  Elapsed time: 00:15:41s.  Time for last 1,000,000:    7s.  Last read position: LG19:10,748,093
INFO	2021-10-25 22:11:48	AddOrReplaceReadGroups	Processed   127,000,000 records.  Elapsed time: 00:15:49s.  Time for last 1,000,000:    7s.  Last read position: LG19:14,531,127
INFO	2021-10-25 22:11:55	AddOrReplaceReadGroups	Processed   128,000,000 records.  Elapsed time: 00:15:56s.  Time for last 1,000,000:    7s.  Last read position: LG20:2,926,746
INFO	2021-10-25 22:12:02	AddOrReplaceReadGroups	Processed   129,000,000 records.  Elapsed time: 00:16:03s.  Time for last 1,000,000:    7s.  Last read position: LG20:6,735,282
INFO	2021-10-25 22:12:09	AddOrReplaceReadGroups	Processed   130,000,000 records.  Elapsed time: 00:16:10s.  Time for last 1,000,000:    7s.  Last read position: LG20:10,513,535
INFO	2021-10-25 22:12:17	AddOrReplaceReadGroups	Processed   131,000,000 records.  Elapsed time: 00:16:17s.  Time for last 1,000,000:    7s.  Last read position: LG21:1,421,642
INFO	2021-10-25 22:12:24	AddOrReplaceReadGroups	Processed   132,000,000 records.  Elapsed time: 00:16:24s.  Time for last 1,000,000:    7s.  Last read position: LG21:4,805,555
INFO	2021-10-25 22:12:31	AddOrReplaceReadGroups	Processed   133,000,000 records.  Elapsed time: 00:16:32s.  Time for last 1,000,000:    7s.  Last read position: LG21:8,296,222
INFO	2021-10-25 22:12:38	AddOrReplaceReadGroups	Processed   134,000,000 records.  Elapsed time: 00:16:39s.  Time for last 1,000,000:    7s.  Last read position: LG21:12,227,471
INFO	2021-10-25 22:12:45	AddOrReplaceReadGroups	Processed   135,000,000 records.  Elapsed time: 00:16:46s.  Time for last 1,000,000:    7s.  Last read position: LG22:1,275,358
INFO	2021-10-25 22:12:53	AddOrReplaceReadGroups	Processed   136,000,000 records.  Elapsed time: 00:16:53s.  Time for last 1,000,000:    7s.  Last read position: LG22:5,179,611
INFO	2021-10-25 22:13:00	AddOrReplaceReadGroups	Processed   137,000,000 records.  Elapsed time: 00:17:00s.  Time for last 1,000,000:    7s.  Last read position: LG22:7,967,296
INFO	2021-10-25 22:13:07	AddOrReplaceReadGroups	Processed   138,000,000 records.  Elapsed time: 00:17:08s.  Time for last 1,000,000:    7s.  Last read position: LG22:11,743,850
INFO	2021-10-25 22:13:14	AddOrReplaceReadGroups	Processed   139,000,000 records.  Elapsed time: 00:17:15s.  Time for last 1,000,000:    7s.  Last read position: LG23:3,292,578
INFO	2021-10-25 22:13:21	AddOrReplaceReadGroups	Processed   140,000,000 records.  Elapsed time: 00:17:22s.  Time for last 1,000,000:    7s.  Last read position: LG23:6,738,703
INFO	2021-10-25 22:13:28	AddOrReplaceReadGroups	Processed   141,000,000 records.  Elapsed time: 00:17:29s.  Time for last 1,000,000:    7s.  Last read position: LG23:9,739,231
INFO	2021-10-25 22:13:35	AddOrReplaceReadGroups	Processed   142,000,000 records.  Elapsed time: 00:17:36s.  Time for last 1,000,000:    7s.  Last read position: LG23:13,124,956
INFO	2021-10-25 22:13:43	AddOrReplaceReadGroups	Processed   143,000,000 records.  Elapsed time: 00:17:43s.  Time for last 1,000,000:    7s.  Last read position: LG24:286,581
INFO	2021-10-25 22:13:50	AddOrReplaceReadGroups	Processed   144,000,000 records.  Elapsed time: 00:17:50s.  Time for last 1,000,000:    7s.  Last read position: LG24:3,872,332
INFO	2021-10-25 22:13:57	AddOrReplaceReadGroups	Processed   145,000,000 records.  Elapsed time: 00:17:58s.  Time for last 1,000,000:    7s.  Last read position: LG24:7,492,643
INFO	2021-10-25 22:14:04	AddOrReplaceReadGroups	Processed   146,000,000 records.  Elapsed time: 00:18:05s.  Time for last 1,000,000:    7s.  Last read position: LG24:11,894,166
INFO	2021-10-25 22:14:11	AddOrReplaceReadGroups	Processed   147,000,000 records.  Elapsed time: 00:18:12s.  Time for last 1,000,000:    7s.  Last read position: LG25:1,898,808
INFO	2021-10-25 22:14:19	AddOrReplaceReadGroups	Processed   148,000,000 records.  Elapsed time: 00:18:19s.  Time for last 1,000,000:    7s.  Last read position: LG25:5,728,282
INFO	2021-10-25 22:14:26	AddOrReplaceReadGroups	Processed   149,000,000 records.  Elapsed time: 00:18:27s.  Time for last 1,000,000:    7s.  Last read position: LG25:9,837,955
INFO	2021-10-25 22:14:33	AddOrReplaceReadGroups	Processed   150,000,000 records.  Elapsed time: 00:18:34s.  Time for last 1,000,000:    7s.  Last read position: LG25:13,146,790
INFO	2021-10-25 22:14:40	AddOrReplaceReadGroups	Processed   151,000,000 records.  Elapsed time: 00:18:41s.  Time for last 1,000,000:    7s.  Last read position: LG26:3,296,288
INFO	2021-10-25 22:14:47	AddOrReplaceReadGroups	Processed   152,000,000 records.  Elapsed time: 00:18:48s.  Time for last 1,000,000:    7s.  Last read position: LG26:6,433,215
INFO	2021-10-25 22:14:55	AddOrReplaceReadGroups	Processed   153,000,000 records.  Elapsed time: 00:18:55s.  Time for last 1,000,000:    7s.  Last read position: LG26:10,541,710
INFO	2021-10-25 22:15:02	AddOrReplaceReadGroups	Processed   154,000,000 records.  Elapsed time: 00:19:02s.  Time for last 1,000,000:    7s.  Last read position: LG27:987,535
INFO	2021-10-25 22:15:09	AddOrReplaceReadGroups	Processed   155,000,000 records.  Elapsed time: 00:19:10s.  Time for last 1,000,000:    7s.  Last read position: LG27:4,927,908
INFO	2021-10-25 22:15:16	AddOrReplaceReadGroups	Processed   156,000,000 records.  Elapsed time: 00:19:17s.  Time for last 1,000,000:    7s.  Last read position: LG27:8,513,230
INFO	2021-10-25 22:15:23	AddOrReplaceReadGroups	Processed   157,000,000 records.  Elapsed time: 00:19:24s.  Time for last 1,000,000:    7s.  Last read position: LG27:12,463,559
INFO	2021-10-25 22:15:31	AddOrReplaceReadGroups	Processed   158,000,000 records.  Elapsed time: 00:19:31s.  Time for last 1,000,000:    7s.  Last read position: LG28:3,982,159
INFO	2021-10-25 22:15:38	AddOrReplaceReadGroups	Processed   159,000,000 records.  Elapsed time: 00:19:39s.  Time for last 1,000,000:    7s.  Last read position: LG28:7,848,606
INFO	2021-10-25 22:15:45	AddOrReplaceReadGroups	Processed   160,000,000 records.  Elapsed time: 00:19:46s.  Time for last 1,000,000:    7s.  Last read position: LG28:11,381,425
INFO	2021-10-25 22:15:53	AddOrReplaceReadGroups	Processed   161,000,000 records.  Elapsed time: 00:19:53s.  Time for last 1,000,000:    7s.  Last read position: LG29:2,806,090
INFO	2021-10-25 22:16:00	AddOrReplaceReadGroups	Processed   162,000,000 records.  Elapsed time: 00:20:01s.  Time for last 1,000,000:    7s.  Last read position: LG30:1,100,715
INFO	2021-10-25 22:16:07	AddOrReplaceReadGroups	Processed   163,000,000 records.  Elapsed time: 00:20:08s.  Time for last 1,000,000:    7s.  Last read position: LG30:4,776,549
INFO	2021-10-25 22:16:14	AddOrReplaceReadGroups	Processed   164,000,000 records.  Elapsed time: 00:20:15s.  Time for last 1,000,000:    7s.  Last read position: LG30:8,906,247
INFO	2021-10-25 22:16:21	AddOrReplaceReadGroups	Processed   165,000,000 records.  Elapsed time: 00:20:22s.  Time for last 1,000,000:    7s.  Last read position: UNPIN3877:21,311
INFO	2021-10-25 22:16:28	AddOrReplaceReadGroups	Processed   166,000,000 records.  Elapsed time: 00:20:29s.  Time for last 1,000,000:    7s.  Last read position: UNPIN3877:45,890
INFO	2021-10-25 22:16:35	AddOrReplaceReadGroups	Processed   167,000,000 records.  Elapsed time: 00:20:36s.  Time for last 1,000,000:    7s.  Last read position: UNPIN3877:71,754
INFO	2021-10-25 22:16:42	AddOrReplaceReadGroups	Processed   168,000,000 records.  Elapsed time: 00:20:43s.  Time for last 1,000,000:    6s.  Last read position: UNPIN3877:96,837
INFO	2021-10-25 22:16:49	AddOrReplaceReadGroups	Processed   169,000,000 records.  Elapsed time: 00:20:50s.  Time for last 1,000,000:    7s.  Last read position: UNPIN3877:121,666
INFO	2021-10-25 22:16:56	AddOrReplaceReadGroups	Processed   170,000,000 records.  Elapsed time: 00:20:57s.  Time for last 1,000,000:    6s.  Last read position: UNPIN3878:13,853
INFO	2021-10-25 22:17:03	AddOrReplaceReadGroups	Processed   171,000,000 records.  Elapsed time: 00:21:04s.  Time for last 1,000,000:    6s.  Last read position: UNPIN3878:34,331
INFO	2021-10-25 22:17:09	AddOrReplaceReadGroups	Processed   172,000,000 records.  Elapsed time: 00:21:09s.  Time for last 1,000,000:    5s.  Last read position: */*
INFO	2021-10-25 22:17:14	AddOrReplaceReadGroups	Processed   173,000,000 records.  Elapsed time: 00:21:15s.  Time for last 1,000,000:    5s.  Last read position: */*
INFO	2021-10-25 22:17:19	AddOrReplaceReadGroups	Processed   174,000,000 records.  Elapsed time: 00:21:20s.  Time for last 1,000,000:    4s.  Last read position: */*
INFO	2021-10-25 22:17:24	AddOrReplaceReadGroups	Processed   175,000,000 records.  Elapsed time: 00:21:25s.  Time for last 1,000,000:    4s.  Last read position: */*
INFO	2021-10-25 22:17:29	AddOrReplaceReadGroups	Processed   176,000,000 records.  Elapsed time: 00:21:30s.  Time for last 1,000,000:    4s.  Last read position: */*
[Mon Oct 25 22:17:34 PDT 2021] picard.sam.AddOrReplaceReadGroups done. Elapsed time: 21.59 minutes.
Runtime.totalMemory()=45559808
Tool returned:
0
