==========================================
SLURM_JOB_ID = 2286351
SLURM_JOB_NODELIST = b10-23
TMPDIR = /tmp/SLURM_2286351
==========================================
Running Sample ID SRR12223701_SRP271933_Undaria_pinnatifida_individual_8_2016-04-05_INTRO_Fr_Thau_3_France with options  --RGID C9HDRANXX.5 --RGLB SRR12223701 --RGPL ILLUMINA --RGPU C9HDRANXX.5.SRR12223701 --RGSM INTRO_Fr_Thau_3_France 
Using GATK jar /home1/mharden/.conda/envs/gatk4/share/gatk4-4.2.2.0-1/gatk-package-4.2.2.0-local.jar
Running:
    java -Dsamjdk.use_async_io_read_samtools=false -Dsamjdk.use_async_io_write_samtools=true -Dsamjdk.use_async_io_write_tribble=false -Dsamjdk.compression_level=2 -jar /home1/mharden/.conda/envs/gatk4/share/gatk4-4.2.2.0-1/gatk-package-4.2.2.0-local.jar AddOrReplaceReadGroups -I SRR12223701_SRP271933_Undaria_pinnatifida_individual_8_2016-04-05_INTRO_Fr_Thau_3_France.sorted.bam -O SRR12223701_SRP271933_Undaria_pinnatifida_individual_8_2016-04-05_INTRO_Fr_Thau_3_France.RG.sorted.bam --RGID C9HDRANXX.5 --RGLB SRR12223701 --RGPL ILLUMINA --RGPU C9HDRANXX.5.SRR12223701 --RGSM INTRO_Fr_Thau_3_France
21:36:26.595 INFO  NativeLibraryLoader - Loading libgkl_compression.so from jar:file:/home1/mharden/.conda/envs/gatk4/share/gatk4-4.2.2.0-1/gatk-package-4.2.2.0-local.jar!/com/intel/gkl/native/libgkl_compression.so
[Mon Oct 25 21:36:26 PDT 2021] AddOrReplaceReadGroups --INPUT SRR12223701_SRP271933_Undaria_pinnatifida_individual_8_2016-04-05_INTRO_Fr_Thau_3_France.sorted.bam --OUTPUT SRR12223701_SRP271933_Undaria_pinnatifida_individual_8_2016-04-05_INTRO_Fr_Thau_3_France.RG.sorted.bam --RGID C9HDRANXX.5 --RGLB SRR12223701 --RGPL ILLUMINA --RGPU C9HDRANXX.5.SRR12223701 --RGSM INTRO_Fr_Thau_3_France --VERBOSITY INFO --QUIET false --VALIDATION_STRINGENCY STRICT --COMPRESSION_LEVEL 2 --MAX_RECORDS_IN_RAM 500000 --CREATE_INDEX false --CREATE_MD5_FILE false --GA4GH_CLIENT_SECRETS client_secrets.json --help false --version false --showHidden false --USE_JDK_DEFLATER false --USE_JDK_INFLATER false
Oct 25, 2021 9:36:26 PM shaded.cloud_nio.com.google.auth.oauth2.ComputeEngineCredentials runningOnComputeEngine
INFO: Failed to detect whether we are running on Google Compute Engine.
[Mon Oct 25 21:36:26 PDT 2021] Executing as mharden@b10-23.hpc.usc.edu on Linux 3.10.0-1062.4.1.el7.x86_64 amd64; OpenJDK 64-Bit Server VM 1.8.0_302-b08; Deflater: Intel; Inflater: Intel; Provider GCS is available; Picard version: Version:4.2.2.0
INFO	2021-10-25 21:36:26	AddOrReplaceReadGroups	Created read-group ID=C9HDRANXX.5 PL=ILLUMINA LB=SRR12223701 SM=INTRO_Fr_Thau_3_France

INFO	2021-10-25 21:36:37	AddOrReplaceReadGroups	Processed     1,000,000 records.  Elapsed time: 00:00:10s.  Time for last 1,000,000:   10s.  Last read position: LG00:5,180,415
INFO	2021-10-25 21:36:47	AddOrReplaceReadGroups	Processed     2,000,000 records.  Elapsed time: 00:00:20s.  Time for last 1,000,000:    9s.  Last read position: LG00:6,768,295
INFO	2021-10-25 21:36:55	AddOrReplaceReadGroups	Processed     3,000,000 records.  Elapsed time: 00:00:28s.  Time for last 1,000,000:    8s.  Last read position: LG00:10,936,838
INFO	2021-10-25 21:37:04	AddOrReplaceReadGroups	Processed     4,000,000 records.  Elapsed time: 00:00:37s.  Time for last 1,000,000:    8s.  Last read position: LG00:15,655,292
INFO	2021-10-25 21:37:13	AddOrReplaceReadGroups	Processed     5,000,000 records.  Elapsed time: 00:00:46s.  Time for last 1,000,000:    8s.  Last read position: LG00:20,712,120
INFO	2021-10-25 21:37:21	AddOrReplaceReadGroups	Processed     6,000,000 records.  Elapsed time: 00:00:54s.  Time for last 1,000,000:    8s.  Last read position: LG00:25,845,650
INFO	2021-10-25 21:37:30	AddOrReplaceReadGroups	Processed     7,000,000 records.  Elapsed time: 00:01:03s.  Time for last 1,000,000:    8s.  Last read position: LG00:30,409,068
INFO	2021-10-25 21:37:38	AddOrReplaceReadGroups	Processed     8,000,000 records.  Elapsed time: 00:01:11s.  Time for last 1,000,000:    8s.  Last read position: LG00:35,197,804
INFO	2021-10-25 21:37:46	AddOrReplaceReadGroups	Processed     9,000,000 records.  Elapsed time: 00:01:19s.  Time for last 1,000,000:    8s.  Last read position: LG00:40,781,293
INFO	2021-10-25 21:37:55	AddOrReplaceReadGroups	Processed    10,000,000 records.  Elapsed time: 00:01:28s.  Time for last 1,000,000:    8s.  Last read position: LG00:45,846,230
INFO	2021-10-25 21:38:03	AddOrReplaceReadGroups	Processed    11,000,000 records.  Elapsed time: 00:01:36s.  Time for last 1,000,000:    8s.  Last read position: LG00:51,201,938
INFO	2021-10-25 21:38:11	AddOrReplaceReadGroups	Processed    12,000,000 records.  Elapsed time: 00:01:44s.  Time for last 1,000,000:    8s.  Last read position: LG00:56,833,867
INFO	2021-10-25 21:38:19	AddOrReplaceReadGroups	Processed    13,000,000 records.  Elapsed time: 00:01:52s.  Time for last 1,000,000:    7s.  Last read position: LG00:61,694,830
INFO	2021-10-25 21:38:26	AddOrReplaceReadGroups	Processed    14,000,000 records.  Elapsed time: 00:01:59s.  Time for last 1,000,000:    7s.  Last read position: LG00:68,144,602
INFO	2021-10-25 21:38:34	AddOrReplaceReadGroups	Processed    15,000,000 records.  Elapsed time: 00:02:07s.  Time for last 1,000,000:    7s.  Last read position: LG00:73,564,901
INFO	2021-10-25 21:38:42	AddOrReplaceReadGroups	Processed    16,000,000 records.  Elapsed time: 00:02:15s.  Time for last 1,000,000:    7s.  Last read position: LG00:79,720,507
INFO	2021-10-25 21:38:49	AddOrReplaceReadGroups	Processed    17,000,000 records.  Elapsed time: 00:02:22s.  Time for last 1,000,000:    7s.  Last read position: LG00:85,008,652
INFO	2021-10-25 21:38:57	AddOrReplaceReadGroups	Processed    18,000,000 records.  Elapsed time: 00:02:30s.  Time for last 1,000,000:    7s.  Last read position: LG00:90,792,930
INFO	2021-10-25 21:39:04	AddOrReplaceReadGroups	Processed    19,000,000 records.  Elapsed time: 00:02:37s.  Time for last 1,000,000:    7s.  Last read position: LG00:96,534,973
INFO	2021-10-25 21:39:12	AddOrReplaceReadGroups	Processed    20,000,000 records.  Elapsed time: 00:02:45s.  Time for last 1,000,000:    7s.  Last read position: LG00:102,709,369
INFO	2021-10-25 21:39:19	AddOrReplaceReadGroups	Processed    21,000,000 records.  Elapsed time: 00:02:52s.  Time for last 1,000,000:    7s.  Last read position: LG00:108,647,812
INFO	2021-10-25 21:39:27	AddOrReplaceReadGroups	Processed    22,000,000 records.  Elapsed time: 00:03:00s.  Time for last 1,000,000:    7s.  Last read position: LG00:115,359,324
INFO	2021-10-25 21:39:34	AddOrReplaceReadGroups	Processed    23,000,000 records.  Elapsed time: 00:03:07s.  Time for last 1,000,000:    7s.  Last read position: LG00:120,913,764
INFO	2021-10-25 21:39:42	AddOrReplaceReadGroups	Processed    24,000,000 records.  Elapsed time: 00:03:15s.  Time for last 1,000,000:    7s.  Last read position: LG00:127,017,195
INFO	2021-10-25 21:39:50	AddOrReplaceReadGroups	Processed    25,000,000 records.  Elapsed time: 00:03:23s.  Time for last 1,000,000:    7s.  Last read position: LG00:133,441,297
INFO	2021-10-25 21:39:57	AddOrReplaceReadGroups	Processed    26,000,000 records.  Elapsed time: 00:03:30s.  Time for last 1,000,000:    7s.  Last read position: LG00:139,281,597
INFO	2021-10-25 21:40:05	AddOrReplaceReadGroups	Processed    27,000,000 records.  Elapsed time: 00:03:38s.  Time for last 1,000,000:    7s.  Last read position: LG00:145,811,498
INFO	2021-10-25 21:40:13	AddOrReplaceReadGroups	Processed    28,000,000 records.  Elapsed time: 00:03:45s.  Time for last 1,000,000:    7s.  Last read position: LG00:152,061,161
INFO	2021-10-25 21:40:20	AddOrReplaceReadGroups	Processed    29,000,000 records.  Elapsed time: 00:03:53s.  Time for last 1,000,000:    7s.  Last read position: LG00:152,597,418
INFO	2021-10-25 21:40:28	AddOrReplaceReadGroups	Processed    30,000,000 records.  Elapsed time: 00:04:01s.  Time for last 1,000,000:    7s.  Last read position: LG00:158,810,407
INFO	2021-10-25 21:40:35	AddOrReplaceReadGroups	Processed    31,000,000 records.  Elapsed time: 00:04:08s.  Time for last 1,000,000:    7s.  Last read position: LG00:165,493,290
INFO	2021-10-25 21:40:43	AddOrReplaceReadGroups	Processed    32,000,000 records.  Elapsed time: 00:04:16s.  Time for last 1,000,000:    7s.  Last read position: LG00:168,279,011
INFO	2021-10-25 21:40:50	AddOrReplaceReadGroups	Processed    33,000,000 records.  Elapsed time: 00:04:23s.  Time for last 1,000,000:    7s.  Last read position: LG00:170,393,834
INFO	2021-10-25 21:40:58	AddOrReplaceReadGroups	Processed    34,000,000 records.  Elapsed time: 00:04:31s.  Time for last 1,000,000:    7s.  Last read position: LG00:173,345,553
INFO	2021-10-25 21:41:05	AddOrReplaceReadGroups	Processed    35,000,000 records.  Elapsed time: 00:04:38s.  Time for last 1,000,000:    7s.  Last read position: LG01:3,778,346
INFO	2021-10-25 21:41:13	AddOrReplaceReadGroups	Processed    36,000,000 records.  Elapsed time: 00:04:46s.  Time for last 1,000,000:    7s.  Last read position: LG01:7,876,683
INFO	2021-10-25 21:41:20	AddOrReplaceReadGroups	Processed    37,000,000 records.  Elapsed time: 00:04:53s.  Time for last 1,000,000:    7s.  Last read position: LG01:12,914,698
INFO	2021-10-25 21:41:28	AddOrReplaceReadGroups	Processed    38,000,000 records.  Elapsed time: 00:05:01s.  Time for last 1,000,000:    7s.  Last read position: LG01:16,920,733
INFO	2021-10-25 21:41:35	AddOrReplaceReadGroups	Processed    39,000,000 records.  Elapsed time: 00:05:08s.  Time for last 1,000,000:    7s.  Last read position: LG01:21,796,514
INFO	2021-10-25 21:41:43	AddOrReplaceReadGroups	Processed    40,000,000 records.  Elapsed time: 00:05:16s.  Time for last 1,000,000:    7s.  Last read position: LG01:25,682,168
INFO	2021-10-25 21:41:50	AddOrReplaceReadGroups	Processed    41,000,000 records.  Elapsed time: 00:05:23s.  Time for last 1,000,000:    7s.  Last read position: LG02:2,628,965
INFO	2021-10-25 21:41:58	AddOrReplaceReadGroups	Processed    42,000,000 records.  Elapsed time: 00:05:31s.  Time for last 1,000,000:    7s.  Last read position: LG02:6,400,674
INFO	2021-10-25 21:42:05	AddOrReplaceReadGroups	Processed    43,000,000 records.  Elapsed time: 00:05:38s.  Time for last 1,000,000:    7s.  Last read position: LG02:10,382,326
INFO	2021-10-25 21:42:12	AddOrReplaceReadGroups	Processed    44,000,000 records.  Elapsed time: 00:05:45s.  Time for last 1,000,000:    7s.  Last read position: LG02:14,562,465
INFO	2021-10-25 21:42:20	AddOrReplaceReadGroups	Processed    45,000,000 records.  Elapsed time: 00:05:53s.  Time for last 1,000,000:    7s.  Last read position: LG02:18,057,227
INFO	2021-10-25 21:42:27	AddOrReplaceReadGroups	Processed    46,000,000 records.  Elapsed time: 00:06:00s.  Time for last 1,000,000:    7s.  Last read position: LG03:3,390,832
INFO	2021-10-25 21:42:35	AddOrReplaceReadGroups	Processed    47,000,000 records.  Elapsed time: 00:06:08s.  Time for last 1,000,000:    7s.  Last read position: LG03:7,764,964
INFO	2021-10-25 21:42:42	AddOrReplaceReadGroups	Processed    48,000,000 records.  Elapsed time: 00:06:15s.  Time for last 1,000,000:    7s.  Last read position: LG03:12,499,230
INFO	2021-10-25 21:42:49	AddOrReplaceReadGroups	Processed    49,000,000 records.  Elapsed time: 00:06:22s.  Time for last 1,000,000:    7s.  Last read position: LG04:387,685
INFO	2021-10-25 21:42:57	AddOrReplaceReadGroups	Processed    50,000,000 records.  Elapsed time: 00:06:30s.  Time for last 1,000,000:    7s.  Last read position: LG04:4,788,880
INFO	2021-10-25 21:43:04	AddOrReplaceReadGroups	Processed    51,000,000 records.  Elapsed time: 00:06:37s.  Time for last 1,000,000:    7s.  Last read position: LG04:9,057,048
INFO	2021-10-25 21:43:12	AddOrReplaceReadGroups	Processed    52,000,000 records.  Elapsed time: 00:06:44s.  Time for last 1,000,000:    7s.  Last read position: LG04:13,446,209
INFO	2021-10-25 21:43:19	AddOrReplaceReadGroups	Processed    53,000,000 records.  Elapsed time: 00:06:52s.  Time for last 1,000,000:    7s.  Last read position: LG05:1,791,297
INFO	2021-10-25 21:43:26	AddOrReplaceReadGroups	Processed    54,000,000 records.  Elapsed time: 00:06:59s.  Time for last 1,000,000:    7s.  Last read position: LG05:6,063,801
INFO	2021-10-25 21:43:34	AddOrReplaceReadGroups	Processed    55,000,000 records.  Elapsed time: 00:07:07s.  Time for last 1,000,000:    7s.  Last read position: LG05:9,810,863
INFO	2021-10-25 21:43:41	AddOrReplaceReadGroups	Processed    56,000,000 records.  Elapsed time: 00:07:14s.  Time for last 1,000,000:    7s.  Last read position: LG05:14,216,751
INFO	2021-10-25 21:43:48	AddOrReplaceReadGroups	Processed    57,000,000 records.  Elapsed time: 00:07:21s.  Time for last 1,000,000:    7s.  Last read position: LG05:18,434,856
INFO	2021-10-25 21:43:56	AddOrReplaceReadGroups	Processed    58,000,000 records.  Elapsed time: 00:07:29s.  Time for last 1,000,000:    7s.  Last read position: LG06:494,827
INFO	2021-10-25 21:44:03	AddOrReplaceReadGroups	Processed    59,000,000 records.  Elapsed time: 00:07:36s.  Time for last 1,000,000:    7s.  Last read position: LG06:4,318,367
INFO	2021-10-25 21:44:10	AddOrReplaceReadGroups	Processed    60,000,000 records.  Elapsed time: 00:07:43s.  Time for last 1,000,000:    7s.  Last read position: LG06:8,818,378
INFO	2021-10-25 21:44:17	AddOrReplaceReadGroups	Processed    61,000,000 records.  Elapsed time: 00:07:50s.  Time for last 1,000,000:    7s.  Last read position: LG07:870,153
INFO	2021-10-25 21:44:25	AddOrReplaceReadGroups	Processed    62,000,000 records.  Elapsed time: 00:07:58s.  Time for last 1,000,000:    7s.  Last read position: LG07:4,539,627
INFO	2021-10-25 21:44:32	AddOrReplaceReadGroups	Processed    63,000,000 records.  Elapsed time: 00:08:05s.  Time for last 1,000,000:    7s.  Last read position: LG07:8,933,676
INFO	2021-10-25 21:44:39	AddOrReplaceReadGroups	Processed    64,000,000 records.  Elapsed time: 00:08:12s.  Time for last 1,000,000:    7s.  Last read position: LG08:1,204,104
INFO	2021-10-25 21:44:46	AddOrReplaceReadGroups	Processed    65,000,000 records.  Elapsed time: 00:08:19s.  Time for last 1,000,000:    7s.  Last read position: LG08:5,598,513
INFO	2021-10-25 21:44:54	AddOrReplaceReadGroups	Processed    66,000,000 records.  Elapsed time: 00:08:27s.  Time for last 1,000,000:    7s.  Last read position: LG08:10,413,129
INFO	2021-10-25 21:45:01	AddOrReplaceReadGroups	Processed    67,000,000 records.  Elapsed time: 00:08:34s.  Time for last 1,000,000:    7s.  Last read position: LG08:14,851,934
INFO	2021-10-25 21:45:08	AddOrReplaceReadGroups	Processed    68,000,000 records.  Elapsed time: 00:08:41s.  Time for last 1,000,000:    7s.  Last read position: LG09:2,697,987
INFO	2021-10-25 21:45:16	AddOrReplaceReadGroups	Processed    69,000,000 records.  Elapsed time: 00:08:49s.  Time for last 1,000,000:    7s.  Last read position: LG09:6,341,668
INFO	2021-10-25 21:45:23	AddOrReplaceReadGroups	Processed    70,000,000 records.  Elapsed time: 00:08:56s.  Time for last 1,000,000:    7s.  Last read position: LG09:10,470,124
INFO	2021-10-25 21:45:30	AddOrReplaceReadGroups	Processed    71,000,000 records.  Elapsed time: 00:09:03s.  Time for last 1,000,000:    7s.  Last read position: LG10:1,888,261
INFO	2021-10-25 21:45:38	AddOrReplaceReadGroups	Processed    72,000,000 records.  Elapsed time: 00:09:11s.  Time for last 1,000,000:    7s.  Last read position: LG10:5,976,401
INFO	2021-10-25 21:45:45	AddOrReplaceReadGroups	Processed    73,000,000 records.  Elapsed time: 00:09:18s.  Time for last 1,000,000:    7s.  Last read position: LG10:9,801,674
INFO	2021-10-25 21:45:52	AddOrReplaceReadGroups	Processed    74,000,000 records.  Elapsed time: 00:09:25s.  Time for last 1,000,000:    7s.  Last read position: LG10:14,157,755
INFO	2021-10-25 21:46:00	AddOrReplaceReadGroups	Processed    75,000,000 records.  Elapsed time: 00:09:33s.  Time for last 1,000,000:    7s.  Last read position: LG10:18,023,501
INFO	2021-10-25 21:46:07	AddOrReplaceReadGroups	Processed    76,000,000 records.  Elapsed time: 00:09:40s.  Time for last 1,000,000:    7s.  Last read position: LG10:22,253,157
INFO	2021-10-25 21:46:14	AddOrReplaceReadGroups	Processed    77,000,000 records.  Elapsed time: 00:09:47s.  Time for last 1,000,000:    7s.  Last read position: LG10:26,477,212
INFO	2021-10-25 21:46:22	AddOrReplaceReadGroups	Processed    78,000,000 records.  Elapsed time: 00:09:55s.  Time for last 1,000,000:    7s.  Last read position: LG11:1,768,194
INFO	2021-10-25 21:46:29	AddOrReplaceReadGroups	Processed    79,000,000 records.  Elapsed time: 00:10:02s.  Time for last 1,000,000:    7s.  Last read position: LG11:6,985,958
INFO	2021-10-25 21:46:36	AddOrReplaceReadGroups	Processed    80,000,000 records.  Elapsed time: 00:10:09s.  Time for last 1,000,000:    7s.  Last read position: LG11:10,919,188
INFO	2021-10-25 21:46:44	AddOrReplaceReadGroups	Processed    81,000,000 records.  Elapsed time: 00:10:17s.  Time for last 1,000,000:    7s.  Last read position: LG11:15,299,466
INFO	2021-10-25 21:46:51	AddOrReplaceReadGroups	Processed    82,000,000 records.  Elapsed time: 00:10:24s.  Time for last 1,000,000:    7s.  Last read position: LG11:19,712,062
INFO	2021-10-25 21:46:58	AddOrReplaceReadGroups	Processed    83,000,000 records.  Elapsed time: 00:10:31s.  Time for last 1,000,000:    7s.  Last read position: LG11:24,540,888
INFO	2021-10-25 21:47:05	AddOrReplaceReadGroups	Processed    84,000,000 records.  Elapsed time: 00:10:38s.  Time for last 1,000,000:    7s.  Last read position: LG12:2,311,460
INFO	2021-10-25 21:47:13	AddOrReplaceReadGroups	Processed    85,000,000 records.  Elapsed time: 00:10:46s.  Time for last 1,000,000:    7s.  Last read position: LG12:6,998,267
INFO	2021-10-25 21:47:20	AddOrReplaceReadGroups	Processed    86,000,000 records.  Elapsed time: 00:10:53s.  Time for last 1,000,000:    7s.  Last read position: LG12:11,068,362
INFO	2021-10-25 21:47:27	AddOrReplaceReadGroups	Processed    87,000,000 records.  Elapsed time: 00:11:00s.  Time for last 1,000,000:    7s.  Last read position: LG13:903,109
INFO	2021-10-25 21:47:35	AddOrReplaceReadGroups	Processed    88,000,000 records.  Elapsed time: 00:11:08s.  Time for last 1,000,000:    7s.  Last read position: LG13:4,959,637
INFO	2021-10-25 21:47:42	AddOrReplaceReadGroups	Processed    89,000,000 records.  Elapsed time: 00:11:15s.  Time for last 1,000,000:    7s.  Last read position: LG13:8,526,582
INFO	2021-10-25 21:47:49	AddOrReplaceReadGroups	Processed    90,000,000 records.  Elapsed time: 00:11:22s.  Time for last 1,000,000:    7s.  Last read position: LG13:12,614,572
INFO	2021-10-25 21:47:57	AddOrReplaceReadGroups	Processed    91,000,000 records.  Elapsed time: 00:11:30s.  Time for last 1,000,000:    7s.  Last read position: LG14:1,749,918
INFO	2021-10-25 21:48:04	AddOrReplaceReadGroups	Processed    92,000,000 records.  Elapsed time: 00:11:37s.  Time for last 1,000,000:    7s.  Last read position: LG14:5,732,417
INFO	2021-10-25 21:48:11	AddOrReplaceReadGroups	Processed    93,000,000 records.  Elapsed time: 00:11:44s.  Time for last 1,000,000:    7s.  Last read position: LG14:9,684,627
INFO	2021-10-25 21:48:19	AddOrReplaceReadGroups	Processed    94,000,000 records.  Elapsed time: 00:11:52s.  Time for last 1,000,000:    7s.  Last read position: LG15:196,092
INFO	2021-10-25 21:48:26	AddOrReplaceReadGroups	Processed    95,000,000 records.  Elapsed time: 00:11:59s.  Time for last 1,000,000:    7s.  Last read position: LG15:3,828,080
INFO	2021-10-25 21:48:33	AddOrReplaceReadGroups	Processed    96,000,000 records.  Elapsed time: 00:12:06s.  Time for last 1,000,000:    7s.  Last read position: LG15:8,032,843
INFO	2021-10-25 21:48:40	AddOrReplaceReadGroups	Processed    97,000,000 records.  Elapsed time: 00:12:13s.  Time for last 1,000,000:    7s.  Last read position: LG15:11,883,792
INFO	2021-10-25 21:48:48	AddOrReplaceReadGroups	Processed    98,000,000 records.  Elapsed time: 00:12:21s.  Time for last 1,000,000:    7s.  Last read position: LG15:15,784,306
INFO	2021-10-25 21:48:55	AddOrReplaceReadGroups	Processed    99,000,000 records.  Elapsed time: 00:12:28s.  Time for last 1,000,000:    7s.  Last read position: LG16:1,609,070
INFO	2021-10-25 21:49:02	AddOrReplaceReadGroups	Processed   100,000,000 records.  Elapsed time: 00:12:35s.  Time for last 1,000,000:    7s.  Last read position: LG16:6,037,808
INFO	2021-10-25 21:49:10	AddOrReplaceReadGroups	Processed   101,000,000 records.  Elapsed time: 00:12:43s.  Time for last 1,000,000:    7s.  Last read position: LG16:10,469,799
INFO	2021-10-25 21:49:17	AddOrReplaceReadGroups	Processed   102,000,000 records.  Elapsed time: 00:12:50s.  Time for last 1,000,000:    7s.  Last read position: LG16:14,299,432
INFO	2021-10-25 21:49:24	AddOrReplaceReadGroups	Processed   103,000,000 records.  Elapsed time: 00:12:57s.  Time for last 1,000,000:    7s.  Last read position: LG17:2,322,815
INFO	2021-10-25 21:49:32	AddOrReplaceReadGroups	Processed   104,000,000 records.  Elapsed time: 00:13:05s.  Time for last 1,000,000:    7s.  Last read position: LG17:6,139,956
INFO	2021-10-25 21:49:39	AddOrReplaceReadGroups	Processed   105,000,000 records.  Elapsed time: 00:13:12s.  Time for last 1,000,000:    7s.  Last read position: LG17:10,170,077
INFO	2021-10-25 21:49:46	AddOrReplaceReadGroups	Processed   106,000,000 records.  Elapsed time: 00:13:19s.  Time for last 1,000,000:    7s.  Last read position: LG18:2,221,468
INFO	2021-10-25 21:49:54	AddOrReplaceReadGroups	Processed   107,000,000 records.  Elapsed time: 00:13:27s.  Time for last 1,000,000:    7s.  Last read position: LG18:7,204,285
INFO	2021-10-25 21:50:01	AddOrReplaceReadGroups	Processed   108,000,000 records.  Elapsed time: 00:13:34s.  Time for last 1,000,000:    7s.  Last read position: LG18:11,050,773
INFO	2021-10-25 21:50:08	AddOrReplaceReadGroups	Processed   109,000,000 records.  Elapsed time: 00:13:41s.  Time for last 1,000,000:    7s.  Last read position: LG19:2,493,730
INFO	2021-10-25 21:50:16	AddOrReplaceReadGroups	Processed   110,000,000 records.  Elapsed time: 00:13:49s.  Time for last 1,000,000:    7s.  Last read position: LG19:5,961,237
INFO	2021-10-25 21:50:23	AddOrReplaceReadGroups	Processed   111,000,000 records.  Elapsed time: 00:13:56s.  Time for last 1,000,000:    7s.  Last read position: LG19:9,984,358
INFO	2021-10-25 21:50:30	AddOrReplaceReadGroups	Processed   112,000,000 records.  Elapsed time: 00:14:03s.  Time for last 1,000,000:    7s.  Last read position: LG19:14,009,351
INFO	2021-10-25 21:50:38	AddOrReplaceReadGroups	Processed   113,000,000 records.  Elapsed time: 00:14:11s.  Time for last 1,000,000:    7s.  Last read position: LG20:3,113,655
INFO	2021-10-25 21:50:45	AddOrReplaceReadGroups	Processed   114,000,000 records.  Elapsed time: 00:14:18s.  Time for last 1,000,000:    7s.  Last read position: LG20:7,121,091
INFO	2021-10-25 21:50:52	AddOrReplaceReadGroups	Processed   115,000,000 records.  Elapsed time: 00:14:25s.  Time for last 1,000,000:    7s.  Last read position: LG20:11,066,815
INFO	2021-10-25 21:51:00	AddOrReplaceReadGroups	Processed   116,000,000 records.  Elapsed time: 00:14:33s.  Time for last 1,000,000:    7s.  Last read position: LG21:2,349,545
INFO	2021-10-25 21:51:07	AddOrReplaceReadGroups	Processed   117,000,000 records.  Elapsed time: 00:14:40s.  Time for last 1,000,000:    7s.  Last read position: LG21:6,050,547
INFO	2021-10-25 21:51:14	AddOrReplaceReadGroups	Processed   118,000,000 records.  Elapsed time: 00:14:47s.  Time for last 1,000,000:    7s.  Last read position: LG21:9,766,291
INFO	2021-10-25 21:51:22	AddOrReplaceReadGroups	Processed   119,000,000 records.  Elapsed time: 00:14:55s.  Time for last 1,000,000:    7s.  Last read position: LG21:14,270,331
INFO	2021-10-25 21:51:29	AddOrReplaceReadGroups	Processed   120,000,000 records.  Elapsed time: 00:15:02s.  Time for last 1,000,000:    7s.  Last read position: LG22:4,305,844
INFO	2021-10-25 21:51:36	AddOrReplaceReadGroups	Processed   121,000,000 records.  Elapsed time: 00:15:09s.  Time for last 1,000,000:    7s.  Last read position: LG22:7,826,328
INFO	2021-10-25 21:51:44	AddOrReplaceReadGroups	Processed   122,000,000 records.  Elapsed time: 00:15:17s.  Time for last 1,000,000:    7s.  Last read position: LG23:344,883
INFO	2021-10-25 21:51:51	AddOrReplaceReadGroups	Processed   123,000,000 records.  Elapsed time: 00:15:24s.  Time for last 1,000,000:    7s.  Last read position: LG23:4,037,845
INFO	2021-10-25 21:51:58	AddOrReplaceReadGroups	Processed   124,000,000 records.  Elapsed time: 00:15:31s.  Time for last 1,000,000:    7s.  Last read position: LG23:7,734,955
INFO	2021-10-25 21:52:05	AddOrReplaceReadGroups	Processed   125,000,000 records.  Elapsed time: 00:15:38s.  Time for last 1,000,000:    7s.  Last read position: LG23:11,385,885
INFO	2021-10-25 21:52:13	AddOrReplaceReadGroups	Processed   126,000,000 records.  Elapsed time: 00:15:46s.  Time for last 1,000,000:    7s.  Last read position: LG23:15,094,185
INFO	2021-10-25 21:52:20	AddOrReplaceReadGroups	Processed   127,000,000 records.  Elapsed time: 00:15:53s.  Time for last 1,000,000:    7s.  Last read position: LG24:2,494,738
INFO	2021-10-25 21:52:27	AddOrReplaceReadGroups	Processed   128,000,000 records.  Elapsed time: 00:16:00s.  Time for last 1,000,000:    7s.  Last read position: LG24:6,417,540
INFO	2021-10-25 21:52:35	AddOrReplaceReadGroups	Processed   129,000,000 records.  Elapsed time: 00:16:08s.  Time for last 1,000,000:    7s.  Last read position: LG24:11,063,964
INFO	2021-10-25 21:52:42	AddOrReplaceReadGroups	Processed   130,000,000 records.  Elapsed time: 00:16:15s.  Time for last 1,000,000:    7s.  Last read position: LG25:1,466,026
INFO	2021-10-25 21:52:49	AddOrReplaceReadGroups	Processed   131,000,000 records.  Elapsed time: 00:16:22s.  Time for last 1,000,000:    7s.  Last read position: LG25:5,638,829
INFO	2021-10-25 21:52:56	AddOrReplaceReadGroups	Processed   132,000,000 records.  Elapsed time: 00:16:29s.  Time for last 1,000,000:    7s.  Last read position: LG25:10,050,393
INFO	2021-10-25 21:53:03	AddOrReplaceReadGroups	Processed   133,000,000 records.  Elapsed time: 00:16:36s.  Time for last 1,000,000:    7s.  Last read position: LG25:13,916,413
INFO	2021-10-25 21:53:11	AddOrReplaceReadGroups	Processed   134,000,000 records.  Elapsed time: 00:16:44s.  Time for last 1,000,000:    7s.  Last read position: LG26:3,913,746
INFO	2021-10-25 21:53:18	AddOrReplaceReadGroups	Processed   135,000,000 records.  Elapsed time: 00:16:51s.  Time for last 1,000,000:    7s.  Last read position: LG26:7,435,533
INFO	2021-10-25 21:53:25	AddOrReplaceReadGroups	Processed   136,000,000 records.  Elapsed time: 00:16:58s.  Time for last 1,000,000:    7s.  Last read position: LG26:12,061,871
INFO	2021-10-25 21:53:32	AddOrReplaceReadGroups	Processed   137,000,000 records.  Elapsed time: 00:17:05s.  Time for last 1,000,000:    7s.  Last read position: LG27:2,814,761
INFO	2021-10-25 21:53:40	AddOrReplaceReadGroups	Processed   138,000,000 records.  Elapsed time: 00:17:13s.  Time for last 1,000,000:    7s.  Last read position: LG27:7,068,557
INFO	2021-10-25 21:53:47	AddOrReplaceReadGroups	Processed   139,000,000 records.  Elapsed time: 00:17:20s.  Time for last 1,000,000:    7s.  Last read position: LG27:11,599,091
INFO	2021-10-25 21:53:55	AddOrReplaceReadGroups	Processed   140,000,000 records.  Elapsed time: 00:17:27s.  Time for last 1,000,000:    7s.  Last read position: LG28:3,510,888
INFO	2021-10-25 21:54:02	AddOrReplaceReadGroups	Processed   141,000,000 records.  Elapsed time: 00:17:35s.  Time for last 1,000,000:    7s.  Last read position: LG28:7,770,089
INFO	2021-10-25 21:54:09	AddOrReplaceReadGroups	Processed   142,000,000 records.  Elapsed time: 00:17:42s.  Time for last 1,000,000:    7s.  Last read position: LG28:11,772,032
INFO	2021-10-25 21:54:16	AddOrReplaceReadGroups	Processed   143,000,000 records.  Elapsed time: 00:17:49s.  Time for last 1,000,000:    7s.  Last read position: LG29:3,756,626
INFO	2021-10-25 21:54:24	AddOrReplaceReadGroups	Processed   144,000,000 records.  Elapsed time: 00:17:57s.  Time for last 1,000,000:    7s.  Last read position: LG30:2,504,067
INFO	2021-10-25 21:54:31	AddOrReplaceReadGroups	Processed   145,000,000 records.  Elapsed time: 00:18:04s.  Time for last 1,000,000:    7s.  Last read position: LG30:7,231,901
INFO	2021-10-25 21:54:38	AddOrReplaceReadGroups	Processed   146,000,000 records.  Elapsed time: 00:18:11s.  Time for last 1,000,000:    7s.  Last read position: UNPIN3877:12,779
INFO	2021-10-25 21:54:45	AddOrReplaceReadGroups	Processed   147,000,000 records.  Elapsed time: 00:18:18s.  Time for last 1,000,000:    7s.  Last read position: UNPIN3877:36,325
INFO	2021-10-25 21:54:52	AddOrReplaceReadGroups	Processed   148,000,000 records.  Elapsed time: 00:18:25s.  Time for last 1,000,000:    7s.  Last read position: UNPIN3877:61,093
INFO	2021-10-25 21:54:59	AddOrReplaceReadGroups	Processed   149,000,000 records.  Elapsed time: 00:18:32s.  Time for last 1,000,000:    7s.  Last read position: UNPIN3877:85,048
INFO	2021-10-25 21:55:06	AddOrReplaceReadGroups	Processed   150,000,000 records.  Elapsed time: 00:18:39s.  Time for last 1,000,000:    7s.  Last read position: UNPIN3877:108,102
INFO	2021-10-25 21:55:13	AddOrReplaceReadGroups	Processed   151,000,000 records.  Elapsed time: 00:18:46s.  Time for last 1,000,000:    6s.  Last read position: UNPIN3878:3,463
INFO	2021-10-25 21:55:20	AddOrReplaceReadGroups	Processed   152,000,000 records.  Elapsed time: 00:18:53s.  Time for last 1,000,000:    6s.  Last read position: */*
INFO	2021-10-25 21:55:25	AddOrReplaceReadGroups	Processed   153,000,000 records.  Elapsed time: 00:18:58s.  Time for last 1,000,000:    4s.  Last read position: */*
INFO	2021-10-25 21:55:30	AddOrReplaceReadGroups	Processed   154,000,000 records.  Elapsed time: 00:19:03s.  Time for last 1,000,000:    4s.  Last read position: */*
INFO	2021-10-25 21:55:35	AddOrReplaceReadGroups	Processed   155,000,000 records.  Elapsed time: 00:19:08s.  Time for last 1,000,000:    4s.  Last read position: */*
INFO	2021-10-25 21:55:40	AddOrReplaceReadGroups	Processed   156,000,000 records.  Elapsed time: 00:19:13s.  Time for last 1,000,000:    4s.  Last read position: */*
INFO	2021-10-25 21:55:45	AddOrReplaceReadGroups	Processed   157,000,000 records.  Elapsed time: 00:19:18s.  Time for last 1,000,000:    4s.  Last read position: */*
INFO	2021-10-25 21:55:50	AddOrReplaceReadGroups	Processed   158,000,000 records.  Elapsed time: 00:19:23s.  Time for last 1,000,000:    4s.  Last read position: */*
[Mon Oct 25 21:55:53 PDT 2021] picard.sam.AddOrReplaceReadGroups done. Elapsed time: 19.45 minutes.
Runtime.totalMemory()=46678016
Tool returned:
0
