==========================================
SLURM_JOB_ID = 2288594
SLURM_JOB_NODELIST = b08-22
TMPDIR = /tmp/SLURM_2288594
==========================================
Running Sample ID SRR12223705_SRP271933_Undaria_pinnatifida_individual_5_2016-04-19_INTRO_Fr_Roscoff_5_France with options  --RGID C9F9CANXX.3 --RGLB SRR12223705 --RGPL ILLUMINA --RGPU C9F9CANXX.3.SRR12223705 --RGSM INTRO_Fr_Roscoff_5_France 
Using GATK jar /home1/mharden/.conda/envs/gatk4/share/gatk4-4.2.2.0-1/gatk-package-4.2.2.0-local.jar
Running:
    java -Dsamjdk.use_async_io_read_samtools=false -Dsamjdk.use_async_io_write_samtools=true -Dsamjdk.use_async_io_write_tribble=false -Dsamjdk.compression_level=2 -jar /home1/mharden/.conda/envs/gatk4/share/gatk4-4.2.2.0-1/gatk-package-4.2.2.0-local.jar AddOrReplaceReadGroups -I SRR12223705_SRP271933_Undaria_pinnatifida_individual_5_2016-04-19_INTRO_Fr_Roscoff_5_France.sorted.bam -O SRR12223705_SRP271933_Undaria_pinnatifida_individual_5_2016-04-19_INTRO_Fr_Roscoff_5_France.RG.sorted.bam --RGID C9F9CANXX.3 --RGLB SRR12223705 --RGPL ILLUMINA --RGPU C9F9CANXX.3.SRR12223705 --RGSM INTRO_Fr_Roscoff_5_France
21:52:15.260 INFO  NativeLibraryLoader - Loading libgkl_compression.so from jar:file:/home1/mharden/.conda/envs/gatk4/share/gatk4-4.2.2.0-1/gatk-package-4.2.2.0-local.jar!/com/intel/gkl/native/libgkl_compression.so
[Mon Oct 25 21:52:15 PDT 2021] AddOrReplaceReadGroups --INPUT SRR12223705_SRP271933_Undaria_pinnatifida_individual_5_2016-04-19_INTRO_Fr_Roscoff_5_France.sorted.bam --OUTPUT SRR12223705_SRP271933_Undaria_pinnatifida_individual_5_2016-04-19_INTRO_Fr_Roscoff_5_France.RG.sorted.bam --RGID C9F9CANXX.3 --RGLB SRR12223705 --RGPL ILLUMINA --RGPU C9F9CANXX.3.SRR12223705 --RGSM INTRO_Fr_Roscoff_5_France --VERBOSITY INFO --QUIET false --VALIDATION_STRINGENCY STRICT --COMPRESSION_LEVEL 2 --MAX_RECORDS_IN_RAM 500000 --CREATE_INDEX false --CREATE_MD5_FILE false --GA4GH_CLIENT_SECRETS client_secrets.json --help false --version false --showHidden false --USE_JDK_DEFLATER false --USE_JDK_INFLATER false
Oct 25, 2021 9:52:15 PM shaded.cloud_nio.com.google.auth.oauth2.ComputeEngineCredentials runningOnComputeEngine
INFO: Failed to detect whether we are running on Google Compute Engine.
[Mon Oct 25 21:52:15 PDT 2021] Executing as mharden@b08-22.hpc.usc.edu on Linux 3.10.0-1062.4.1.el7.x86_64 amd64; OpenJDK 64-Bit Server VM 1.8.0_302-b08; Deflater: Intel; Inflater: Intel; Provider GCS is available; Picard version: Version:4.2.2.0
INFO	2021-10-25 21:52:15	AddOrReplaceReadGroups	Created read-group ID=C9F9CANXX.3 PL=ILLUMINA LB=SRR12223705 SM=INTRO_Fr_Roscoff_5_France

INFO	2021-10-25 21:52:25	AddOrReplaceReadGroups	Processed     1,000,000 records.  Elapsed time: 00:00:09s.  Time for last 1,000,000:    9s.  Last read position: LG00:4,874,113
INFO	2021-10-25 21:52:34	AddOrReplaceReadGroups	Processed     2,000,000 records.  Elapsed time: 00:00:18s.  Time for last 1,000,000:    8s.  Last read position: LG00:6,768,770
INFO	2021-10-25 21:52:42	AddOrReplaceReadGroups	Processed     3,000,000 records.  Elapsed time: 00:00:27s.  Time for last 1,000,000:    8s.  Last read position: LG00:11,239,439
INFO	2021-10-25 21:52:51	AddOrReplaceReadGroups	Processed     4,000,000 records.  Elapsed time: 00:00:35s.  Time for last 1,000,000:    8s.  Last read position: LG00:15,956,720
INFO	2021-10-25 21:52:59	AddOrReplaceReadGroups	Processed     5,000,000 records.  Elapsed time: 00:00:44s.  Time for last 1,000,000:    8s.  Last read position: LG00:20,714,500
INFO	2021-10-25 21:53:08	AddOrReplaceReadGroups	Processed     6,000,000 records.  Elapsed time: 00:00:52s.  Time for last 1,000,000:    8s.  Last read position: LG00:25,691,473
INFO	2021-10-25 21:53:16	AddOrReplaceReadGroups	Processed     7,000,000 records.  Elapsed time: 00:01:00s.  Time for last 1,000,000:    8s.  Last read position: LG00:30,151,178
INFO	2021-10-25 21:53:24	AddOrReplaceReadGroups	Processed     8,000,000 records.  Elapsed time: 00:01:08s.  Time for last 1,000,000:    8s.  Last read position: LG00:34,896,591
INFO	2021-10-25 21:53:32	AddOrReplaceReadGroups	Processed     9,000,000 records.  Elapsed time: 00:01:17s.  Time for last 1,000,000:    8s.  Last read position: LG00:39,964,162
INFO	2021-10-25 21:53:41	AddOrReplaceReadGroups	Processed    10,000,000 records.  Elapsed time: 00:01:25s.  Time for last 1,000,000:    8s.  Last read position: LG00:44,438,101
INFO	2021-10-25 21:53:48	AddOrReplaceReadGroups	Processed    11,000,000 records.  Elapsed time: 00:01:33s.  Time for last 1,000,000:    7s.  Last read position: LG00:49,519,605
INFO	2021-10-25 21:53:56	AddOrReplaceReadGroups	Processed    12,000,000 records.  Elapsed time: 00:01:41s.  Time for last 1,000,000:    7s.  Last read position: LG00:54,882,423
INFO	2021-10-25 21:54:04	AddOrReplaceReadGroups	Processed    13,000,000 records.  Elapsed time: 00:01:48s.  Time for last 1,000,000:    7s.  Last read position: LG00:60,430,133
INFO	2021-10-25 21:54:12	AddOrReplaceReadGroups	Processed    14,000,000 records.  Elapsed time: 00:01:56s.  Time for last 1,000,000:    7s.  Last read position: LG00:66,480,275
INFO	2021-10-25 21:54:19	AddOrReplaceReadGroups	Processed    15,000,000 records.  Elapsed time: 00:02:03s.  Time for last 1,000,000:    7s.  Last read position: LG00:72,077,028
INFO	2021-10-25 21:54:26	AddOrReplaceReadGroups	Processed    16,000,000 records.  Elapsed time: 00:02:10s.  Time for last 1,000,000:    7s.  Last read position: LG00:77,662,215
INFO	2021-10-25 21:54:33	AddOrReplaceReadGroups	Processed    17,000,000 records.  Elapsed time: 00:02:18s.  Time for last 1,000,000:    7s.  Last read position: LG00:82,855,701
INFO	2021-10-25 21:54:41	AddOrReplaceReadGroups	Processed    18,000,000 records.  Elapsed time: 00:02:25s.  Time for last 1,000,000:    7s.  Last read position: LG00:88,654,426
INFO	2021-10-25 21:54:48	AddOrReplaceReadGroups	Processed    19,000,000 records.  Elapsed time: 00:02:32s.  Time for last 1,000,000:    7s.  Last read position: LG00:94,250,375
INFO	2021-10-25 21:54:55	AddOrReplaceReadGroups	Processed    20,000,000 records.  Elapsed time: 00:02:39s.  Time for last 1,000,000:    7s.  Last read position: LG00:99,688,823
INFO	2021-10-25 21:55:02	AddOrReplaceReadGroups	Processed    21,000,000 records.  Elapsed time: 00:02:47s.  Time for last 1,000,000:    7s.  Last read position: LG00:105,878,988
INFO	2021-10-25 21:55:09	AddOrReplaceReadGroups	Processed    22,000,000 records.  Elapsed time: 00:02:54s.  Time for last 1,000,000:    7s.  Last read position: LG00:111,991,514
INFO	2021-10-25 21:55:17	AddOrReplaceReadGroups	Processed    23,000,000 records.  Elapsed time: 00:03:01s.  Time for last 1,000,000:    7s.  Last read position: LG00:117,976,962
INFO	2021-10-25 21:55:24	AddOrReplaceReadGroups	Processed    24,000,000 records.  Elapsed time: 00:03:08s.  Time for last 1,000,000:    7s.  Last read position: LG00:123,460,329
INFO	2021-10-25 21:55:31	AddOrReplaceReadGroups	Processed    25,000,000 records.  Elapsed time: 00:03:15s.  Time for last 1,000,000:    7s.  Last read position: LG00:129,433,842
INFO	2021-10-25 21:55:38	AddOrReplaceReadGroups	Processed    26,000,000 records.  Elapsed time: 00:03:22s.  Time for last 1,000,000:    7s.  Last read position: LG00:135,246,640
INFO	2021-10-25 21:55:45	AddOrReplaceReadGroups	Processed    27,000,000 records.  Elapsed time: 00:03:29s.  Time for last 1,000,000:    7s.  Last read position: LG00:141,285,435
INFO	2021-10-25 21:55:52	AddOrReplaceReadGroups	Processed    28,000,000 records.  Elapsed time: 00:03:37s.  Time for last 1,000,000:    7s.  Last read position: LG00:147,394,169
INFO	2021-10-25 21:55:59	AddOrReplaceReadGroups	Processed    29,000,000 records.  Elapsed time: 00:03:44s.  Time for last 1,000,000:    7s.  Last read position: LG00:152,570,341
INFO	2021-10-25 21:56:07	AddOrReplaceReadGroups	Processed    30,000,000 records.  Elapsed time: 00:03:51s.  Time for last 1,000,000:    7s.  Last read position: LG00:153,642,715
INFO	2021-10-25 21:56:14	AddOrReplaceReadGroups	Processed    31,000,000 records.  Elapsed time: 00:03:58s.  Time for last 1,000,000:    7s.  Last read position: LG00:159,754,402
INFO	2021-10-25 21:56:21	AddOrReplaceReadGroups	Processed    32,000,000 records.  Elapsed time: 00:04:05s.  Time for last 1,000,000:    7s.  Last read position: LG00:165,735,767
INFO	2021-10-25 21:56:28	AddOrReplaceReadGroups	Processed    33,000,000 records.  Elapsed time: 00:04:12s.  Time for last 1,000,000:    7s.  Last read position: LG00:168,279,877
INFO	2021-10-25 21:56:35	AddOrReplaceReadGroups	Processed    34,000,000 records.  Elapsed time: 00:04:19s.  Time for last 1,000,000:    7s.  Last read position: LG00:172,361,597
INFO	2021-10-25 21:56:42	AddOrReplaceReadGroups	Processed    35,000,000 records.  Elapsed time: 00:04:27s.  Time for last 1,000,000:    7s.  Last read position: LG01:1,894,207
INFO	2021-10-25 21:56:49	AddOrReplaceReadGroups	Processed    36,000,000 records.  Elapsed time: 00:04:34s.  Time for last 1,000,000:    7s.  Last read position: LG01:5,928,086
INFO	2021-10-25 21:56:57	AddOrReplaceReadGroups	Processed    37,000,000 records.  Elapsed time: 00:04:41s.  Time for last 1,000,000:    7s.  Last read position: LG01:9,664,441
INFO	2021-10-25 21:57:04	AddOrReplaceReadGroups	Processed    38,000,000 records.  Elapsed time: 00:04:48s.  Time for last 1,000,000:    7s.  Last read position: LG01:13,990,675
INFO	2021-10-25 21:57:11	AddOrReplaceReadGroups	Processed    39,000,000 records.  Elapsed time: 00:04:55s.  Time for last 1,000,000:    7s.  Last read position: LG01:18,060,519
INFO	2021-10-25 21:57:18	AddOrReplaceReadGroups	Processed    40,000,000 records.  Elapsed time: 00:05:02s.  Time for last 1,000,000:    7s.  Last read position: LG01:22,517,540
INFO	2021-10-25 21:57:25	AddOrReplaceReadGroups	Processed    41,000,000 records.  Elapsed time: 00:05:09s.  Time for last 1,000,000:    7s.  Last read position: LG01:26,172,236
INFO	2021-10-25 21:57:32	AddOrReplaceReadGroups	Processed    42,000,000 records.  Elapsed time: 00:05:16s.  Time for last 1,000,000:    7s.  Last read position: LG02:2,946,210
INFO	2021-10-25 21:57:39	AddOrReplaceReadGroups	Processed    43,000,000 records.  Elapsed time: 00:05:23s.  Time for last 1,000,000:    7s.  Last read position: LG02:6,451,784
INFO	2021-10-25 21:57:46	AddOrReplaceReadGroups	Processed    44,000,000 records.  Elapsed time: 00:05:30s.  Time for last 1,000,000:    7s.  Last read position: LG02:10,084,094
INFO	2021-10-25 21:57:53	AddOrReplaceReadGroups	Processed    45,000,000 records.  Elapsed time: 00:05:37s.  Time for last 1,000,000:    7s.  Last read position: LG02:13,868,583
INFO	2021-10-25 21:58:00	AddOrReplaceReadGroups	Processed    46,000,000 records.  Elapsed time: 00:05:45s.  Time for last 1,000,000:    7s.  Last read position: LG02:16,947,613
INFO	2021-10-25 21:58:07	AddOrReplaceReadGroups	Processed    47,000,000 records.  Elapsed time: 00:05:52s.  Time for last 1,000,000:    7s.  Last read position: LG03:1,481,894
INFO	2021-10-25 21:58:14	AddOrReplaceReadGroups	Processed    48,000,000 records.  Elapsed time: 00:05:59s.  Time for last 1,000,000:    7s.  Last read position: LG03:5,793,532
INFO	2021-10-25 21:58:21	AddOrReplaceReadGroups	Processed    49,000,000 records.  Elapsed time: 00:06:06s.  Time for last 1,000,000:    7s.  Last read position: LG03:10,109,598
INFO	2021-10-25 21:58:29	AddOrReplaceReadGroups	Processed    50,000,000 records.  Elapsed time: 00:06:13s.  Time for last 1,000,000:    7s.  Last read position: LG03:14,060,513
INFO	2021-10-25 21:58:36	AddOrReplaceReadGroups	Processed    51,000,000 records.  Elapsed time: 00:06:20s.  Time for last 1,000,000:    7s.  Last read position: LG04:1,473,630
INFO	2021-10-25 21:58:43	AddOrReplaceReadGroups	Processed    52,000,000 records.  Elapsed time: 00:06:27s.  Time for last 1,000,000:    7s.  Last read position: LG04:5,902,106
INFO	2021-10-25 21:58:50	AddOrReplaceReadGroups	Processed    53,000,000 records.  Elapsed time: 00:06:34s.  Time for last 1,000,000:    7s.  Last read position: LG04:9,682,225
INFO	2021-10-25 21:58:57	AddOrReplaceReadGroups	Processed    54,000,000 records.  Elapsed time: 00:06:41s.  Time for last 1,000,000:    7s.  Last read position: LG04:13,820,538
INFO	2021-10-25 21:59:05	AddOrReplaceReadGroups	Processed    55,000,000 records.  Elapsed time: 00:06:50s.  Time for last 1,000,000:    8s.  Last read position: LG05:2,043,180
INFO	2021-10-25 21:59:12	AddOrReplaceReadGroups	Processed    56,000,000 records.  Elapsed time: 00:06:57s.  Time for last 1,000,000:    7s.  Last read position: LG05:6,003,385
INFO	2021-10-25 21:59:19	AddOrReplaceReadGroups	Processed    57,000,000 records.  Elapsed time: 00:07:04s.  Time for last 1,000,000:    7s.  Last read position: LG05:9,435,465
INFO	2021-10-25 21:59:26	AddOrReplaceReadGroups	Processed    58,000,000 records.  Elapsed time: 00:07:11s.  Time for last 1,000,000:    7s.  Last read position: LG05:13,387,806
INFO	2021-10-25 21:59:34	AddOrReplaceReadGroups	Processed    59,000,000 records.  Elapsed time: 00:07:18s.  Time for last 1,000,000:    7s.  Last read position: LG05:17,462,676
INFO	2021-10-25 21:59:41	AddOrReplaceReadGroups	Processed    60,000,000 records.  Elapsed time: 00:07:25s.  Time for last 1,000,000:    7s.  Last read position: LG05:21,451,404
INFO	2021-10-25 21:59:48	AddOrReplaceReadGroups	Processed    61,000,000 records.  Elapsed time: 00:07:32s.  Time for last 1,000,000:    7s.  Last read position: LG06:2,940,455
INFO	2021-10-25 21:59:55	AddOrReplaceReadGroups	Processed    62,000,000 records.  Elapsed time: 00:07:39s.  Time for last 1,000,000:    7s.  Last read position: LG06:7,204,550
INFO	2021-10-25 22:00:02	AddOrReplaceReadGroups	Processed    63,000,000 records.  Elapsed time: 00:07:46s.  Time for last 1,000,000:    7s.  Last read position: LG06:11,485,025
INFO	2021-10-25 22:00:09	AddOrReplaceReadGroups	Processed    64,000,000 records.  Elapsed time: 00:07:54s.  Time for last 1,000,000:    7s.  Last read position: LG07:2,829,127
INFO	2021-10-25 22:00:16	AddOrReplaceReadGroups	Processed    65,000,000 records.  Elapsed time: 00:08:01s.  Time for last 1,000,000:    7s.  Last read position: LG07:6,322,842
INFO	2021-10-25 22:00:24	AddOrReplaceReadGroups	Processed    66,000,000 records.  Elapsed time: 00:08:08s.  Time for last 1,000,000:    7s.  Last read position: LG07:10,643,858
INFO	2021-10-25 22:00:31	AddOrReplaceReadGroups	Processed    67,000,000 records.  Elapsed time: 00:08:15s.  Time for last 1,000,000:    7s.  Last read position: LG08:2,382,631
INFO	2021-10-25 22:00:38	AddOrReplaceReadGroups	Processed    68,000,000 records.  Elapsed time: 00:08:22s.  Time for last 1,000,000:    6s.  Last read position: LG08:6,894,495
INFO	2021-10-25 22:00:45	AddOrReplaceReadGroups	Processed    69,000,000 records.  Elapsed time: 00:08:29s.  Time for last 1,000,000:    7s.  Last read position: LG08:11,392,324
INFO	2021-10-25 22:00:52	AddOrReplaceReadGroups	Processed    70,000,000 records.  Elapsed time: 00:08:36s.  Time for last 1,000,000:    7s.  Last read position: LG09:180,371
INFO	2021-10-25 22:00:59	AddOrReplaceReadGroups	Processed    71,000,000 records.  Elapsed time: 00:08:43s.  Time for last 1,000,000:    7s.  Last read position: LG09:3,761,513
INFO	2021-10-25 22:01:06	AddOrReplaceReadGroups	Processed    72,000,000 records.  Elapsed time: 00:08:50s.  Time for last 1,000,000:    7s.  Last read position: LG09:8,088,201
INFO	2021-10-25 22:01:13	AddOrReplaceReadGroups	Processed    73,000,000 records.  Elapsed time: 00:08:57s.  Time for last 1,000,000:    7s.  Last read position: LG09:12,108,071
INFO	2021-10-25 22:01:20	AddOrReplaceReadGroups	Processed    74,000,000 records.  Elapsed time: 00:09:04s.  Time for last 1,000,000:    7s.  Last read position: LG10:3,307,031
INFO	2021-10-25 22:01:27	AddOrReplaceReadGroups	Processed    75,000,000 records.  Elapsed time: 00:09:11s.  Time for last 1,000,000:    7s.  Last read position: LG10:7,248,664
INFO	2021-10-25 22:01:34	AddOrReplaceReadGroups	Processed    76,000,000 records.  Elapsed time: 00:09:18s.  Time for last 1,000,000:    7s.  Last read position: LG10:11,091,092
INFO	2021-10-25 22:01:41	AddOrReplaceReadGroups	Processed    77,000,000 records.  Elapsed time: 00:09:26s.  Time for last 1,000,000:    7s.  Last read position: LG10:15,147,182
INFO	2021-10-25 22:01:48	AddOrReplaceReadGroups	Processed    78,000,000 records.  Elapsed time: 00:09:33s.  Time for last 1,000,000:    7s.  Last read position: LG10:18,653,641
INFO	2021-10-25 22:01:55	AddOrReplaceReadGroups	Processed    79,000,000 records.  Elapsed time: 00:09:40s.  Time for last 1,000,000:    7s.  Last read position: LG10:22,782,519
INFO	2021-10-25 22:02:03	AddOrReplaceReadGroups	Processed    80,000,000 records.  Elapsed time: 00:09:47s.  Time for last 1,000,000:    7s.  Last read position: LG10:26,779,467
INFO	2021-10-25 22:02:10	AddOrReplaceReadGroups	Processed    81,000,000 records.  Elapsed time: 00:09:54s.  Time for last 1,000,000:    7s.  Last read position: LG11:2,190,185
INFO	2021-10-25 22:02:17	AddOrReplaceReadGroups	Processed    82,000,000 records.  Elapsed time: 00:10:01s.  Time for last 1,000,000:    7s.  Last read position: LG11:6,933,607
INFO	2021-10-25 22:02:24	AddOrReplaceReadGroups	Processed    83,000,000 records.  Elapsed time: 00:10:08s.  Time for last 1,000,000:    7s.  Last read position: LG11:10,702,027
INFO	2021-10-25 22:02:31	AddOrReplaceReadGroups	Processed    84,000,000 records.  Elapsed time: 00:10:15s.  Time for last 1,000,000:    7s.  Last read position: LG11:14,908,294
INFO	2021-10-25 22:02:38	AddOrReplaceReadGroups	Processed    85,000,000 records.  Elapsed time: 00:10:22s.  Time for last 1,000,000:    7s.  Last read position: LG11:18,720,074
INFO	2021-10-25 22:02:45	AddOrReplaceReadGroups	Processed    86,000,000 records.  Elapsed time: 00:10:29s.  Time for last 1,000,000:    7s.  Last read position: LG11:23,468,612
INFO	2021-10-25 22:02:52	AddOrReplaceReadGroups	Processed    87,000,000 records.  Elapsed time: 00:10:37s.  Time for last 1,000,000:    7s.  Last read position: LG12:1,158,291
INFO	2021-10-25 22:02:59	AddOrReplaceReadGroups	Processed    88,000,000 records.  Elapsed time: 00:10:44s.  Time for last 1,000,000:    7s.  Last read position: LG12:5,698,819
INFO	2021-10-25 22:03:06	AddOrReplaceReadGroups	Processed    89,000,000 records.  Elapsed time: 00:10:51s.  Time for last 1,000,000:    7s.  Last read position: LG12:9,527,223
INFO	2021-10-25 22:03:14	AddOrReplaceReadGroups	Processed    90,000,000 records.  Elapsed time: 00:10:58s.  Time for last 1,000,000:    7s.  Last read position: LG12:13,555,032
INFO	2021-10-25 22:03:21	AddOrReplaceReadGroups	Processed    91,000,000 records.  Elapsed time: 00:11:05s.  Time for last 1,000,000:    7s.  Last read position: LG13:3,000,559
INFO	2021-10-25 22:03:28	AddOrReplaceReadGroups	Processed    92,000,000 records.  Elapsed time: 00:11:12s.  Time for last 1,000,000:    7s.  Last read position: LG13:6,606,488
INFO	2021-10-25 22:03:35	AddOrReplaceReadGroups	Processed    93,000,000 records.  Elapsed time: 00:11:19s.  Time for last 1,000,000:    7s.  Last read position: LG13:10,198,880
INFO	2021-10-25 22:03:42	AddOrReplaceReadGroups	Processed    94,000,000 records.  Elapsed time: 00:11:26s.  Time for last 1,000,000:    7s.  Last read position: LG13:14,100,078
INFO	2021-10-25 22:03:49	AddOrReplaceReadGroups	Processed    95,000,000 records.  Elapsed time: 00:11:33s.  Time for last 1,000,000:    7s.  Last read position: LG14:2,830,256
INFO	2021-10-25 22:03:56	AddOrReplaceReadGroups	Processed    96,000,000 records.  Elapsed time: 00:11:41s.  Time for last 1,000,000:    7s.  Last read position: LG14:6,561,079
INFO	2021-10-25 22:04:03	AddOrReplaceReadGroups	Processed    97,000,000 records.  Elapsed time: 00:11:48s.  Time for last 1,000,000:    7s.  Last read position: LG14:10,180,003
INFO	2021-10-25 22:04:10	AddOrReplaceReadGroups	Processed    98,000,000 records.  Elapsed time: 00:11:55s.  Time for last 1,000,000:    7s.  Last read position: LG15:562,779
INFO	2021-10-25 22:04:17	AddOrReplaceReadGroups	Processed    99,000,000 records.  Elapsed time: 00:12:02s.  Time for last 1,000,000:    7s.  Last read position: LG15:4,045,446
INFO	2021-10-25 22:04:25	AddOrReplaceReadGroups	Processed   100,000,000 records.  Elapsed time: 00:12:09s.  Time for last 1,000,000:    7s.  Last read position: LG15:8,080,798
INFO	2021-10-25 22:04:32	AddOrReplaceReadGroups	Processed   101,000,000 records.  Elapsed time: 00:12:16s.  Time for last 1,000,000:    7s.  Last read position: LG15:11,684,694
INFO	2021-10-25 22:04:39	AddOrReplaceReadGroups	Processed   102,000,000 records.  Elapsed time: 00:12:23s.  Time for last 1,000,000:    7s.  Last read position: LG15:15,419,808
INFO	2021-10-25 22:04:46	AddOrReplaceReadGroups	Processed   103,000,000 records.  Elapsed time: 00:12:30s.  Time for last 1,000,000:    7s.  Last read position: LG16:838,923
INFO	2021-10-25 22:04:53	AddOrReplaceReadGroups	Processed   104,000,000 records.  Elapsed time: 00:12:38s.  Time for last 1,000,000:    7s.  Last read position: LG16:4,637,000
INFO	2021-10-25 22:05:00	AddOrReplaceReadGroups	Processed   105,000,000 records.  Elapsed time: 00:12:45s.  Time for last 1,000,000:    7s.  Last read position: LG16:9,020,782
INFO	2021-10-25 22:05:08	AddOrReplaceReadGroups	Processed   106,000,000 records.  Elapsed time: 00:12:52s.  Time for last 1,000,000:    7s.  Last read position: LG16:12,704,649
INFO	2021-10-25 22:05:15	AddOrReplaceReadGroups	Processed   107,000,000 records.  Elapsed time: 00:12:59s.  Time for last 1,000,000:    7s.  Last read position: LG17:830,985
INFO	2021-10-25 22:05:22	AddOrReplaceReadGroups	Processed   108,000,000 records.  Elapsed time: 00:13:06s.  Time for last 1,000,000:    7s.  Last read position: LG17:3,712,404
INFO	2021-10-25 22:05:29	AddOrReplaceReadGroups	Processed   109,000,000 records.  Elapsed time: 00:13:13s.  Time for last 1,000,000:    7s.  Last read position: LG17:7,234,841
INFO	2021-10-25 22:05:36	AddOrReplaceReadGroups	Processed   110,000,000 records.  Elapsed time: 00:13:20s.  Time for last 1,000,000:    7s.  Last read position: LG17:11,124,191
INFO	2021-10-25 22:05:43	AddOrReplaceReadGroups	Processed   111,000,000 records.  Elapsed time: 00:13:27s.  Time for last 1,000,000:    7s.  Last read position: LG18:3,230,788
INFO	2021-10-25 22:05:50	AddOrReplaceReadGroups	Processed   112,000,000 records.  Elapsed time: 00:13:35s.  Time for last 1,000,000:    7s.  Last read position: LG18:7,724,340
INFO	2021-10-25 22:05:57	AddOrReplaceReadGroups	Processed   113,000,000 records.  Elapsed time: 00:13:42s.  Time for last 1,000,000:    7s.  Last read position: LG18:11,426,872
INFO	2021-10-25 22:06:05	AddOrReplaceReadGroups	Processed   114,000,000 records.  Elapsed time: 00:13:49s.  Time for last 1,000,000:    7s.  Last read position: LG19:2,763,172
INFO	2021-10-25 22:06:12	AddOrReplaceReadGroups	Processed   115,000,000 records.  Elapsed time: 00:13:56s.  Time for last 1,000,000:    7s.  Last read position: LG19:6,032,290
INFO	2021-10-25 22:06:19	AddOrReplaceReadGroups	Processed   116,000,000 records.  Elapsed time: 00:14:03s.  Time for last 1,000,000:    7s.  Last read position: LG19:9,772,785
INFO	2021-10-25 22:06:26	AddOrReplaceReadGroups	Processed   117,000,000 records.  Elapsed time: 00:14:10s.  Time for last 1,000,000:    7s.  Last read position: LG19:13,611,270
INFO	2021-10-25 22:06:33	AddOrReplaceReadGroups	Processed   118,000,000 records.  Elapsed time: 00:14:17s.  Time for last 1,000,000:    7s.  Last read position: LG20:2,305,845
INFO	2021-10-25 22:06:40	AddOrReplaceReadGroups	Processed   119,000,000 records.  Elapsed time: 00:14:24s.  Time for last 1,000,000:    7s.  Last read position: LG20:6,137,174
INFO	2021-10-25 22:06:47	AddOrReplaceReadGroups	Processed   120,000,000 records.  Elapsed time: 00:14:32s.  Time for last 1,000,000:    7s.  Last read position: LG20:9,997,665
INFO	2021-10-25 22:06:54	AddOrReplaceReadGroups	Processed   121,000,000 records.  Elapsed time: 00:14:39s.  Time for last 1,000,000:    7s.  Last read position: LG21:998,960
INFO	2021-10-25 22:07:01	AddOrReplaceReadGroups	Processed   122,000,000 records.  Elapsed time: 00:14:46s.  Time for last 1,000,000:    7s.  Last read position: LG21:4,298,828
INFO	2021-10-25 22:07:08	AddOrReplaceReadGroups	Processed   123,000,000 records.  Elapsed time: 00:14:53s.  Time for last 1,000,000:    7s.  Last read position: LG21:8,063,079
INFO	2021-10-25 22:07:15	AddOrReplaceReadGroups	Processed   124,000,000 records.  Elapsed time: 00:15:00s.  Time for last 1,000,000:    7s.  Last read position: LG21:12,088,000
INFO	2021-10-25 22:07:23	AddOrReplaceReadGroups	Processed   125,000,000 records.  Elapsed time: 00:15:07s.  Time for last 1,000,000:    7s.  Last read position: LG22:1,706,446
INFO	2021-10-25 22:07:30	AddOrReplaceReadGroups	Processed   126,000,000 records.  Elapsed time: 00:15:14s.  Time for last 1,000,000:    7s.  Last read position: LG22:5,447,206
INFO	2021-10-25 22:07:37	AddOrReplaceReadGroups	Processed   127,000,000 records.  Elapsed time: 00:15:21s.  Time for last 1,000,000:    7s.  Last read position: LG22:9,490,583
INFO	2021-10-25 22:07:44	AddOrReplaceReadGroups	Processed   128,000,000 records.  Elapsed time: 00:15:28s.  Time for last 1,000,000:    7s.  Last read position: LG23:1,419,188
INFO	2021-10-25 22:07:51	AddOrReplaceReadGroups	Processed   129,000,000 records.  Elapsed time: 00:15:35s.  Time for last 1,000,000:    7s.  Last read position: LG23:4,954,148
INFO	2021-10-25 22:07:58	AddOrReplaceReadGroups	Processed   130,000,000 records.  Elapsed time: 00:15:42s.  Time for last 1,000,000:    7s.  Last read position: LG23:8,033,996
INFO	2021-10-25 22:08:05	AddOrReplaceReadGroups	Processed   131,000,000 records.  Elapsed time: 00:15:49s.  Time for last 1,000,000:    7s.  Last read position: LG23:11,706,024
INFO	2021-10-25 22:08:12	AddOrReplaceReadGroups	Processed   132,000,000 records.  Elapsed time: 00:15:56s.  Time for last 1,000,000:    7s.  Last read position: LG23:15,157,058
INFO	2021-10-25 22:08:19	AddOrReplaceReadGroups	Processed   133,000,000 records.  Elapsed time: 00:16:03s.  Time for last 1,000,000:    7s.  Last read position: LG24:2,246,368
INFO	2021-10-25 22:08:26	AddOrReplaceReadGroups	Processed   134,000,000 records.  Elapsed time: 00:16:10s.  Time for last 1,000,000:    7s.  Last read position: LG24:5,954,631
INFO	2021-10-25 22:08:33	AddOrReplaceReadGroups	Processed   135,000,000 records.  Elapsed time: 00:16:18s.  Time for last 1,000,000:    7s.  Last read position: LG24:9,765,358
INFO	2021-10-25 22:08:40	AddOrReplaceReadGroups	Processed   136,000,000 records.  Elapsed time: 00:16:25s.  Time for last 1,000,000:    7s.  Last read position: LG25:513,244
INFO	2021-10-25 22:08:47	AddOrReplaceReadGroups	Processed   137,000,000 records.  Elapsed time: 00:16:32s.  Time for last 1,000,000:    7s.  Last read position: LG25:4,231,571
INFO	2021-10-25 22:08:55	AddOrReplaceReadGroups	Processed   138,000,000 records.  Elapsed time: 00:16:39s.  Time for last 1,000,000:    7s.  Last read position: LG25:8,454,635
INFO	2021-10-25 22:09:02	AddOrReplaceReadGroups	Processed   139,000,000 records.  Elapsed time: 00:16:46s.  Time for last 1,000,000:    7s.  Last read position: LG25:12,258,397
INFO	2021-10-25 22:09:09	AddOrReplaceReadGroups	Processed   140,000,000 records.  Elapsed time: 00:16:53s.  Time for last 1,000,000:    7s.  Last read position: LG26:2,141,434
INFO	2021-10-25 22:09:16	AddOrReplaceReadGroups	Processed   141,000,000 records.  Elapsed time: 00:17:00s.  Time for last 1,000,000:    7s.  Last read position: LG26:5,232,261
INFO	2021-10-25 22:09:23	AddOrReplaceReadGroups	Processed   142,000,000 records.  Elapsed time: 00:17:07s.  Time for last 1,000,000:    7s.  Last read position: LG26:9,346,394
INFO	2021-10-25 22:09:30	AddOrReplaceReadGroups	Processed   143,000,000 records.  Elapsed time: 00:17:14s.  Time for last 1,000,000:    7s.  Last read position: LG27:59,726
INFO	2021-10-25 22:09:37	AddOrReplaceReadGroups	Processed   144,000,000 records.  Elapsed time: 00:17:22s.  Time for last 1,000,000:    7s.  Last read position: LG27:4,323,262
INFO	2021-10-25 22:09:44	AddOrReplaceReadGroups	Processed   145,000,000 records.  Elapsed time: 00:17:29s.  Time for last 1,000,000:    7s.  Last read position: LG27:8,294,989
INFO	2021-10-25 22:09:51	AddOrReplaceReadGroups	Processed   146,000,000 records.  Elapsed time: 00:17:36s.  Time for last 1,000,000:    7s.  Last read position: LG28:176,329
INFO	2021-10-25 22:09:59	AddOrReplaceReadGroups	Processed   147,000,000 records.  Elapsed time: 00:17:43s.  Time for last 1,000,000:    7s.  Last read position: LG28:4,334,377
INFO	2021-10-25 22:10:06	AddOrReplaceReadGroups	Processed   148,000,000 records.  Elapsed time: 00:17:50s.  Time for last 1,000,000:    7s.  Last read position: LG28:8,328,214
INFO	2021-10-25 22:10:13	AddOrReplaceReadGroups	Processed   149,000,000 records.  Elapsed time: 00:17:57s.  Time for last 1,000,000:    7s.  Last read position: LG29:71,724
INFO	2021-10-25 22:10:20	AddOrReplaceReadGroups	Processed   150,000,000 records.  Elapsed time: 00:18:05s.  Time for last 1,000,000:    7s.  Last read position: LG29:3,782,463
INFO	2021-10-25 22:10:27	AddOrReplaceReadGroups	Processed   151,000,000 records.  Elapsed time: 00:18:12s.  Time for last 1,000,000:    7s.  Last read position: LG30:2,710,022
INFO	2021-10-25 22:10:34	AddOrReplaceReadGroups	Processed   152,000,000 records.  Elapsed time: 00:18:19s.  Time for last 1,000,000:    7s.  Last read position: LG30:7,248,500
INFO	2021-10-25 22:10:41	AddOrReplaceReadGroups	Processed   153,000,000 records.  Elapsed time: 00:18:26s.  Time for last 1,000,000:    6s.  Last read position: UNPIN3877:11,434
INFO	2021-10-25 22:10:48	AddOrReplaceReadGroups	Processed   154,000,000 records.  Elapsed time: 00:18:32s.  Time for last 1,000,000:    6s.  Last read position: UNPIN3877:34,112
INFO	2021-10-25 22:10:55	AddOrReplaceReadGroups	Processed   155,000,000 records.  Elapsed time: 00:18:39s.  Time for last 1,000,000:    6s.  Last read position: UNPIN3877:57,482
INFO	2021-10-25 22:11:02	AddOrReplaceReadGroups	Processed   156,000,000 records.  Elapsed time: 00:18:46s.  Time for last 1,000,000:    6s.  Last read position: UNPIN3877:80,069
INFO	2021-10-25 22:11:08	AddOrReplaceReadGroups	Processed   157,000,000 records.  Elapsed time: 00:18:53s.  Time for last 1,000,000:    6s.  Last read position: UNPIN3877:103,003
INFO	2021-10-25 22:11:15	AddOrReplaceReadGroups	Processed   158,000,000 records.  Elapsed time: 00:19:00s.  Time for last 1,000,000:    6s.  Last read position: UNPIN3877:126,109
INFO	2021-10-25 22:11:22	AddOrReplaceReadGroups	Processed   159,000,000 records.  Elapsed time: 00:19:06s.  Time for last 1,000,000:    6s.  Last read position: UNPIN3878:36,780
INFO	2021-10-25 22:11:27	AddOrReplaceReadGroups	Processed   160,000,000 records.  Elapsed time: 00:19:11s.  Time for last 1,000,000:    4s.  Last read position: */*
INFO	2021-10-25 22:11:32	AddOrReplaceReadGroups	Processed   161,000,000 records.  Elapsed time: 00:19:16s.  Time for last 1,000,000:    4s.  Last read position: */*
INFO	2021-10-25 22:11:37	AddOrReplaceReadGroups	Processed   162,000,000 records.  Elapsed time: 00:19:21s.  Time for last 1,000,000:    4s.  Last read position: */*
INFO	2021-10-25 22:11:41	AddOrReplaceReadGroups	Processed   163,000,000 records.  Elapsed time: 00:19:26s.  Time for last 1,000,000:    4s.  Last read position: */*
INFO	2021-10-25 22:11:46	AddOrReplaceReadGroups	Processed   164,000,000 records.  Elapsed time: 00:19:31s.  Time for last 1,000,000:    4s.  Last read position: */*
[Mon Oct 25 22:11:50 PDT 2021] picard.sam.AddOrReplaceReadGroups done. Elapsed time: 19.58 minutes.
Runtime.totalMemory()=46473216
Tool returned:
0
