==========================================
SLURM_JOB_ID = 2292094
SLURM_JOB_NODELIST = b08-07
TMPDIR = /tmp/SLURM_2292094
==========================================
Running Sample ID SRR12223728_SRP271933_Undaria_pinnatifida_individual_20_2017-01-09_INTRO_NZ_Well2017_6_New_Zealand with options  --RGID CALETANXX.1 --RGLB SRR12223728 --RGPL ILLUMINA --RGPU CALETANXX.1.SRR12223728 --RGSM INTRO_NZ_Well2017_6_New_Zealand 
Using GATK jar /home1/mharden/.conda/envs/gatk4/share/gatk4-4.2.2.0-1/gatk-package-4.2.2.0-local.jar
Running:
    java -Dsamjdk.use_async_io_read_samtools=false -Dsamjdk.use_async_io_write_samtools=true -Dsamjdk.use_async_io_write_tribble=false -Dsamjdk.compression_level=2 -jar /home1/mharden/.conda/envs/gatk4/share/gatk4-4.2.2.0-1/gatk-package-4.2.2.0-local.jar AddOrReplaceReadGroups -I SRR12223728_SRP271933_Undaria_pinnatifida_individual_20_2017-01-09_INTRO_NZ_Well2017_6_New_Zealand.sorted.bam -O SRR12223728_SRP271933_Undaria_pinnatifida_individual_20_2017-01-09_INTRO_NZ_Well2017_6_New_Zealand.RG.sorted.bam --RGID CALETANXX.1 --RGLB SRR12223728 --RGPL ILLUMINA --RGPU CALETANXX.1.SRR12223728 --RGSM INTRO_NZ_Well2017_6_New_Zealand
22:21:00.550 INFO  NativeLibraryLoader - Loading libgkl_compression.so from jar:file:/home1/mharden/.conda/envs/gatk4/share/gatk4-4.2.2.0-1/gatk-package-4.2.2.0-local.jar!/com/intel/gkl/native/libgkl_compression.so
[Mon Oct 25 22:21:00 PDT 2021] AddOrReplaceReadGroups --INPUT SRR12223728_SRP271933_Undaria_pinnatifida_individual_20_2017-01-09_INTRO_NZ_Well2017_6_New_Zealand.sorted.bam --OUTPUT SRR12223728_SRP271933_Undaria_pinnatifida_individual_20_2017-01-09_INTRO_NZ_Well2017_6_New_Zealand.RG.sorted.bam --RGID CALETANXX.1 --RGLB SRR12223728 --RGPL ILLUMINA --RGPU CALETANXX.1.SRR12223728 --RGSM INTRO_NZ_Well2017_6_New_Zealand --VERBOSITY INFO --QUIET false --VALIDATION_STRINGENCY STRICT --COMPRESSION_LEVEL 2 --MAX_RECORDS_IN_RAM 500000 --CREATE_INDEX false --CREATE_MD5_FILE false --GA4GH_CLIENT_SECRETS client_secrets.json --help false --version false --showHidden false --USE_JDK_DEFLATER false --USE_JDK_INFLATER false
Oct 25, 2021 10:21:00 PM shaded.cloud_nio.com.google.auth.oauth2.ComputeEngineCredentials runningOnComputeEngine
INFO: Failed to detect whether we are running on Google Compute Engine.
[Mon Oct 25 22:21:00 PDT 2021] Executing as mharden@b08-07.hpc.usc.edu on Linux 3.10.0-1062.4.1.el7.x86_64 amd64; OpenJDK 64-Bit Server VM 1.8.0_302-b08; Deflater: Intel; Inflater: Intel; Provider GCS is available; Picard version: Version:4.2.2.0
INFO	2021-10-25 22:21:00	AddOrReplaceReadGroups	Created read-group ID=CALETANXX.1 PL=ILLUMINA LB=SRR12223728 SM=INTRO_NZ_Well2017_6_New_Zealand

INFO	2021-10-25 22:21:10	AddOrReplaceReadGroups	Processed     1,000,000 records.  Elapsed time: 00:00:09s.  Time for last 1,000,000:    9s.  Last read position: LG00:4,428,057
INFO	2021-10-25 22:21:19	AddOrReplaceReadGroups	Processed     2,000,000 records.  Elapsed time: 00:00:18s.  Time for last 1,000,000:    9s.  Last read position: LG00:7,778,172
INFO	2021-10-25 22:21:28	AddOrReplaceReadGroups	Processed     3,000,000 records.  Elapsed time: 00:00:27s.  Time for last 1,000,000:    8s.  Last read position: LG00:12,114,586
INFO	2021-10-25 22:21:36	AddOrReplaceReadGroups	Processed     4,000,000 records.  Elapsed time: 00:00:35s.  Time for last 1,000,000:    8s.  Last read position: LG00:16,366,245
INFO	2021-10-25 22:21:44	AddOrReplaceReadGroups	Processed     5,000,000 records.  Elapsed time: 00:00:43s.  Time for last 1,000,000:    8s.  Last read position: LG00:20,593,759
INFO	2021-10-25 22:21:52	AddOrReplaceReadGroups	Processed     6,000,000 records.  Elapsed time: 00:00:51s.  Time for last 1,000,000:    7s.  Last read position: LG00:25,365,322
INFO	2021-10-25 22:21:59	AddOrReplaceReadGroups	Processed     7,000,000 records.  Elapsed time: 00:00:58s.  Time for last 1,000,000:    7s.  Last read position: LG00:29,196,921
INFO	2021-10-25 22:22:07	AddOrReplaceReadGroups	Processed     8,000,000 records.  Elapsed time: 00:01:06s.  Time for last 1,000,000:    7s.  Last read position: LG00:33,721,593
INFO	2021-10-25 22:22:14	AddOrReplaceReadGroups	Processed     9,000,000 records.  Elapsed time: 00:01:13s.  Time for last 1,000,000:    7s.  Last read position: LG00:37,663,088
INFO	2021-10-25 22:22:21	AddOrReplaceReadGroups	Processed    10,000,000 records.  Elapsed time: 00:01:20s.  Time for last 1,000,000:    7s.  Last read position: LG00:42,123,754
INFO	2021-10-25 22:22:28	AddOrReplaceReadGroups	Processed    11,000,000 records.  Elapsed time: 00:01:27s.  Time for last 1,000,000:    7s.  Last read position: LG00:46,424,842
INFO	2021-10-25 22:22:36	AddOrReplaceReadGroups	Processed    12,000,000 records.  Elapsed time: 00:01:35s.  Time for last 1,000,000:    7s.  Last read position: LG00:50,699,932
INFO	2021-10-25 22:22:43	AddOrReplaceReadGroups	Processed    13,000,000 records.  Elapsed time: 00:01:42s.  Time for last 1,000,000:    7s.  Last read position: LG00:55,674,512
INFO	2021-10-25 22:22:50	AddOrReplaceReadGroups	Processed    14,000,000 records.  Elapsed time: 00:01:49s.  Time for last 1,000,000:    7s.  Last read position: LG00:60,327,530
INFO	2021-10-25 22:22:58	AddOrReplaceReadGroups	Processed    15,000,000 records.  Elapsed time: 00:01:57s.  Time for last 1,000,000:    7s.  Last read position: LG00:65,071,042
INFO	2021-10-25 22:23:05	AddOrReplaceReadGroups	Processed    16,000,000 records.  Elapsed time: 00:02:04s.  Time for last 1,000,000:    7s.  Last read position: LG00:70,205,113
INFO	2021-10-25 22:23:12	AddOrReplaceReadGroups	Processed    17,000,000 records.  Elapsed time: 00:02:11s.  Time for last 1,000,000:    7s.  Last read position: LG00:75,253,645
INFO	2021-10-25 22:23:19	AddOrReplaceReadGroups	Processed    18,000,000 records.  Elapsed time: 00:02:18s.  Time for last 1,000,000:    7s.  Last read position: LG00:80,337,964
INFO	2021-10-25 22:23:26	AddOrReplaceReadGroups	Processed    19,000,000 records.  Elapsed time: 00:02:26s.  Time for last 1,000,000:    7s.  Last read position: LG00:84,376,816
INFO	2021-10-25 22:23:34	AddOrReplaceReadGroups	Processed    20,000,000 records.  Elapsed time: 00:02:33s.  Time for last 1,000,000:    7s.  Last read position: LG00:89,126,411
INFO	2021-10-25 22:23:41	AddOrReplaceReadGroups	Processed    21,000,000 records.  Elapsed time: 00:02:40s.  Time for last 1,000,000:    7s.  Last read position: LG00:94,392,870
INFO	2021-10-25 22:23:48	AddOrReplaceReadGroups	Processed    22,000,000 records.  Elapsed time: 00:02:47s.  Time for last 1,000,000:    7s.  Last read position: LG00:99,435,369
INFO	2021-10-25 22:23:56	AddOrReplaceReadGroups	Processed    23,000,000 records.  Elapsed time: 00:02:55s.  Time for last 1,000,000:    7s.  Last read position: LG00:105,315,123
INFO	2021-10-25 22:24:03	AddOrReplaceReadGroups	Processed    24,000,000 records.  Elapsed time: 00:03:02s.  Time for last 1,000,000:    7s.  Last read position: LG00:110,590,760
INFO	2021-10-25 22:24:10	AddOrReplaceReadGroups	Processed    25,000,000 records.  Elapsed time: 00:03:09s.  Time for last 1,000,000:    7s.  Last read position: LG00:116,110,772
INFO	2021-10-25 22:24:17	AddOrReplaceReadGroups	Processed    26,000,000 records.  Elapsed time: 00:03:16s.  Time for last 1,000,000:    7s.  Last read position: LG00:121,018,072
INFO	2021-10-25 22:24:25	AddOrReplaceReadGroups	Processed    27,000,000 records.  Elapsed time: 00:03:24s.  Time for last 1,000,000:    7s.  Last read position: LG00:126,567,385
INFO	2021-10-25 22:24:32	AddOrReplaceReadGroups	Processed    28,000,000 records.  Elapsed time: 00:03:31s.  Time for last 1,000,000:    7s.  Last read position: LG00:131,445,087
INFO	2021-10-25 22:24:39	AddOrReplaceReadGroups	Processed    29,000,000 records.  Elapsed time: 00:03:38s.  Time for last 1,000,000:    7s.  Last read position: LG00:136,191,068
INFO	2021-10-25 22:24:46	AddOrReplaceReadGroups	Processed    30,000,000 records.  Elapsed time: 00:03:45s.  Time for last 1,000,000:    7s.  Last read position: LG00:141,596,908
INFO	2021-10-25 22:24:54	AddOrReplaceReadGroups	Processed    31,000,000 records.  Elapsed time: 00:03:53s.  Time for last 1,000,000:    7s.  Last read position: LG00:147,071,254
INFO	2021-10-25 22:25:01	AddOrReplaceReadGroups	Processed    32,000,000 records.  Elapsed time: 00:04:00s.  Time for last 1,000,000:    7s.  Last read position: LG00:152,215,580
INFO	2021-10-25 22:25:08	AddOrReplaceReadGroups	Processed    33,000,000 records.  Elapsed time: 00:04:07s.  Time for last 1,000,000:    7s.  Last read position: LG00:154,610,301
INFO	2021-10-25 22:25:15	AddOrReplaceReadGroups	Processed    34,000,000 records.  Elapsed time: 00:04:14s.  Time for last 1,000,000:    7s.  Last read position: LG00:159,782,319
INFO	2021-10-25 22:25:22	AddOrReplaceReadGroups	Processed    35,000,000 records.  Elapsed time: 00:04:21s.  Time for last 1,000,000:    7s.  Last read position: LG00:165,276,694
INFO	2021-10-25 22:25:29	AddOrReplaceReadGroups	Processed    36,000,000 records.  Elapsed time: 00:04:28s.  Time for last 1,000,000:    7s.  Last read position: LG00:168,280,637
INFO	2021-10-25 22:25:36	AddOrReplaceReadGroups	Processed    37,000,000 records.  Elapsed time: 00:04:35s.  Time for last 1,000,000:    7s.  Last read position: LG00:171,537,390
INFO	2021-10-25 22:25:43	AddOrReplaceReadGroups	Processed    38,000,000 records.  Elapsed time: 00:04:42s.  Time for last 1,000,000:    7s.  Last read position: LG01:1,182,674
INFO	2021-10-25 22:25:50	AddOrReplaceReadGroups	Processed    39,000,000 records.  Elapsed time: 00:04:49s.  Time for last 1,000,000:    7s.  Last read position: LG01:4,891,180
INFO	2021-10-25 22:25:58	AddOrReplaceReadGroups	Processed    40,000,000 records.  Elapsed time: 00:04:57s.  Time for last 1,000,000:    7s.  Last read position: LG01:8,124,544
INFO	2021-10-25 22:26:05	AddOrReplaceReadGroups	Processed    41,000,000 records.  Elapsed time: 00:05:04s.  Time for last 1,000,000:    7s.  Last read position: LG01:11,975,117
INFO	2021-10-25 22:26:12	AddOrReplaceReadGroups	Processed    42,000,000 records.  Elapsed time: 00:05:11s.  Time for last 1,000,000:    7s.  Last read position: LG01:15,516,605
INFO	2021-10-25 22:26:19	AddOrReplaceReadGroups	Processed    43,000,000 records.  Elapsed time: 00:05:18s.  Time for last 1,000,000:    7s.  Last read position: LG01:19,302,092
INFO	2021-10-25 22:26:26	AddOrReplaceReadGroups	Processed    44,000,000 records.  Elapsed time: 00:05:25s.  Time for last 1,000,000:    6s.  Last read position: LG01:23,018,421
INFO	2021-10-25 22:26:33	AddOrReplaceReadGroups	Processed    45,000,000 records.  Elapsed time: 00:05:32s.  Time for last 1,000,000:    7s.  Last read position: LG01:26,351,642
INFO	2021-10-25 22:26:40	AddOrReplaceReadGroups	Processed    46,000,000 records.  Elapsed time: 00:05:39s.  Time for last 1,000,000:    7s.  Last read position: LG02:2,692,086
INFO	2021-10-25 22:26:47	AddOrReplaceReadGroups	Processed    47,000,000 records.  Elapsed time: 00:05:46s.  Time for last 1,000,000:    6s.  Last read position: LG02:5,892,393
INFO	2021-10-25 22:26:54	AddOrReplaceReadGroups	Processed    48,000,000 records.  Elapsed time: 00:05:54s.  Time for last 1,000,000:    7s.  Last read position: LG02:9,170,929
INFO	2021-10-25 22:27:01	AddOrReplaceReadGroups	Processed    49,000,000 records.  Elapsed time: 00:06:00s.  Time for last 1,000,000:    6s.  Last read position: LG02:12,538,210
INFO	2021-10-25 22:27:08	AddOrReplaceReadGroups	Processed    50,000,000 records.  Elapsed time: 00:06:08s.  Time for last 1,000,000:    7s.  Last read position: LG02:16,030,472
INFO	2021-10-25 22:27:16	AddOrReplaceReadGroups	Processed    51,000,000 records.  Elapsed time: 00:06:15s.  Time for last 1,000,000:    7s.  Last read position: LG03:90,108
INFO	2021-10-25 22:27:23	AddOrReplaceReadGroups	Processed    52,000,000 records.  Elapsed time: 00:06:22s.  Time for last 1,000,000:    6s.  Last read position: LG03:3,879,931
INFO	2021-10-25 22:27:30	AddOrReplaceReadGroups	Processed    53,000,000 records.  Elapsed time: 00:06:29s.  Time for last 1,000,000:    6s.  Last read position: LG03:7,632,671
INFO	2021-10-25 22:27:37	AddOrReplaceReadGroups	Processed    54,000,000 records.  Elapsed time: 00:06:36s.  Time for last 1,000,000:    6s.  Last read position: LG03:11,716,057
INFO	2021-10-25 22:27:44	AddOrReplaceReadGroups	Processed    55,000,000 records.  Elapsed time: 00:06:43s.  Time for last 1,000,000:    7s.  Last read position: LG03:15,519,972
INFO	2021-10-25 22:27:51	AddOrReplaceReadGroups	Processed    56,000,000 records.  Elapsed time: 00:06:50s.  Time for last 1,000,000:    6s.  Last read position: LG04:2,295,070
INFO	2021-10-25 22:27:58	AddOrReplaceReadGroups	Processed    57,000,000 records.  Elapsed time: 00:06:57s.  Time for last 1,000,000:    6s.  Last read position: LG04:6,283,723
INFO	2021-10-25 22:28:04	AddOrReplaceReadGroups	Processed    58,000,000 records.  Elapsed time: 00:07:04s.  Time for last 1,000,000:    6s.  Last read position: LG04:9,569,698
INFO	2021-10-25 22:28:12	AddOrReplaceReadGroups	Processed    59,000,000 records.  Elapsed time: 00:07:11s.  Time for last 1,000,000:    7s.  Last read position: LG04:13,343,966
INFO	2021-10-25 22:28:19	AddOrReplaceReadGroups	Processed    60,000,000 records.  Elapsed time: 00:07:18s.  Time for last 1,000,000:    6s.  Last read position: LG05:1,010,362
INFO	2021-10-25 22:28:26	AddOrReplaceReadGroups	Processed    61,000,000 records.  Elapsed time: 00:07:25s.  Time for last 1,000,000:    7s.  Last read position: LG05:4,635,949
INFO	2021-10-25 22:28:33	AddOrReplaceReadGroups	Processed    62,000,000 records.  Elapsed time: 00:07:32s.  Time for last 1,000,000:    6s.  Last read position: LG05:7,782,018
INFO	2021-10-25 22:28:40	AddOrReplaceReadGroups	Processed    63,000,000 records.  Elapsed time: 00:07:39s.  Time for last 1,000,000:    6s.  Last read position: LG05:11,196,630
INFO	2021-10-25 22:28:47	AddOrReplaceReadGroups	Processed    64,000,000 records.  Elapsed time: 00:07:46s.  Time for last 1,000,000:    7s.  Last read position: LG05:14,721,770
INFO	2021-10-25 22:28:54	AddOrReplaceReadGroups	Processed    65,000,000 records.  Elapsed time: 00:07:53s.  Time for last 1,000,000:    7s.  Last read position: LG05:18,182,095
INFO	2021-10-25 22:29:01	AddOrReplaceReadGroups	Processed    66,000,000 records.  Elapsed time: 00:08:00s.  Time for last 1,000,000:    6s.  Last read position: LG05:21,625,753
INFO	2021-10-25 22:29:08	AddOrReplaceReadGroups	Processed    67,000,000 records.  Elapsed time: 00:08:07s.  Time for last 1,000,000:    7s.  Last read position: LG06:2,848,842
INFO	2021-10-25 22:29:15	AddOrReplaceReadGroups	Processed    68,000,000 records.  Elapsed time: 00:08:14s.  Time for last 1,000,000:    6s.  Last read position: LG06:6,712,467
INFO	2021-10-25 22:29:22	AddOrReplaceReadGroups	Processed    69,000,000 records.  Elapsed time: 00:08:21s.  Time for last 1,000,000:    7s.  Last read position: LG06:10,469,859
INFO	2021-10-25 22:29:29	AddOrReplaceReadGroups	Processed    70,000,000 records.  Elapsed time: 00:08:28s.  Time for last 1,000,000:    7s.  Last read position: LG07:1,461,646
INFO	2021-10-25 22:29:36	AddOrReplaceReadGroups	Processed    71,000,000 records.  Elapsed time: 00:08:35s.  Time for last 1,000,000:    7s.  Last read position: LG07:4,576,297
INFO	2021-10-25 22:29:43	AddOrReplaceReadGroups	Processed    72,000,000 records.  Elapsed time: 00:08:42s.  Time for last 1,000,000:    7s.  Last read position: LG07:8,432,214
INFO	2021-10-25 22:29:50	AddOrReplaceReadGroups	Processed    73,000,000 records.  Elapsed time: 00:08:49s.  Time for last 1,000,000:    7s.  Last read position: LG08:180,035
INFO	2021-10-25 22:29:57	AddOrReplaceReadGroups	Processed    74,000,000 records.  Elapsed time: 00:08:56s.  Time for last 1,000,000:    7s.  Last read position: LG08:3,547,471
INFO	2021-10-25 22:30:04	AddOrReplaceReadGroups	Processed    75,000,000 records.  Elapsed time: 00:09:03s.  Time for last 1,000,000:    7s.  Last read position: LG08:8,242,941
INFO	2021-10-25 22:30:11	AddOrReplaceReadGroups	Processed    76,000,000 records.  Elapsed time: 00:09:10s.  Time for last 1,000,000:    6s.  Last read position: LG08:12,052,565
INFO	2021-10-25 22:30:18	AddOrReplaceReadGroups	Processed    77,000,000 records.  Elapsed time: 00:09:17s.  Time for last 1,000,000:    7s.  Last read position: LG09:670,674
INFO	2021-10-25 22:30:25	AddOrReplaceReadGroups	Processed    78,000,000 records.  Elapsed time: 00:09:24s.  Time for last 1,000,000:    6s.  Last read position: LG09:2,662,953
INFO	2021-10-25 22:30:32	AddOrReplaceReadGroups	Processed    79,000,000 records.  Elapsed time: 00:09:31s.  Time for last 1,000,000:    7s.  Last read position: LG09:4,382,989
INFO	2021-10-25 22:30:39	AddOrReplaceReadGroups	Processed    80,000,000 records.  Elapsed time: 00:09:38s.  Time for last 1,000,000:    6s.  Last read position: LG09:8,148,900
INFO	2021-10-25 22:30:46	AddOrReplaceReadGroups	Processed    81,000,000 records.  Elapsed time: 00:09:45s.  Time for last 1,000,000:    6s.  Last read position: LG09:10,803,163
INFO	2021-10-25 22:30:53	AddOrReplaceReadGroups	Processed    82,000,000 records.  Elapsed time: 00:09:52s.  Time for last 1,000,000:    7s.  Last read position: LG10:1,451,950
INFO	2021-10-25 22:31:00	AddOrReplaceReadGroups	Processed    83,000,000 records.  Elapsed time: 00:09:59s.  Time for last 1,000,000:    7s.  Last read position: LG10:4,905,193
INFO	2021-10-25 22:31:07	AddOrReplaceReadGroups	Processed    84,000,000 records.  Elapsed time: 00:10:06s.  Time for last 1,000,000:    7s.  Last read position: LG10:8,180,347
INFO	2021-10-25 22:31:14	AddOrReplaceReadGroups	Processed    85,000,000 records.  Elapsed time: 00:10:13s.  Time for last 1,000,000:    7s.  Last read position: LG10:11,720,975
INFO	2021-10-25 22:31:22	AddOrReplaceReadGroups	Processed    86,000,000 records.  Elapsed time: 00:10:21s.  Time for last 1,000,000:    7s.  Last read position: LG10:15,237,700
INFO	2021-10-25 22:31:29	AddOrReplaceReadGroups	Processed    87,000,000 records.  Elapsed time: 00:10:28s.  Time for last 1,000,000:    6s.  Last read position: LG10:18,388,459
INFO	2021-10-25 22:31:36	AddOrReplaceReadGroups	Processed    88,000,000 records.  Elapsed time: 00:10:35s.  Time for last 1,000,000:    7s.  Last read position: LG10:22,015,528
INFO	2021-10-25 22:31:43	AddOrReplaceReadGroups	Processed    89,000,000 records.  Elapsed time: 00:10:42s.  Time for last 1,000,000:    7s.  Last read position: LG10:25,724,387
INFO	2021-10-25 22:31:50	AddOrReplaceReadGroups	Processed    90,000,000 records.  Elapsed time: 00:10:49s.  Time for last 1,000,000:    6s.  Last read position: LG11:150,766
INFO	2021-10-25 22:31:57	AddOrReplaceReadGroups	Processed    91,000,000 records.  Elapsed time: 00:10:56s.  Time for last 1,000,000:    7s.  Last read position: LG11:4,185,003
INFO	2021-10-25 22:32:04	AddOrReplaceReadGroups	Processed    92,000,000 records.  Elapsed time: 00:11:03s.  Time for last 1,000,000:    7s.  Last read position: LG11:8,433,043
INFO	2021-10-25 22:32:11	AddOrReplaceReadGroups	Processed    93,000,000 records.  Elapsed time: 00:11:10s.  Time for last 1,000,000:    7s.  Last read position: LG11:11,872,028
INFO	2021-10-25 22:32:18	AddOrReplaceReadGroups	Processed    94,000,000 records.  Elapsed time: 00:11:17s.  Time for last 1,000,000:    6s.  Last read position: LG11:15,681,308
INFO	2021-10-25 22:32:25	AddOrReplaceReadGroups	Processed    95,000,000 records.  Elapsed time: 00:11:24s.  Time for last 1,000,000:    7s.  Last read position: LG11:19,181,205
INFO	2021-10-25 22:32:32	AddOrReplaceReadGroups	Processed    96,000,000 records.  Elapsed time: 00:11:31s.  Time for last 1,000,000:    6s.  Last read position: LG11:23,428,455
INFO	2021-10-25 22:32:39	AddOrReplaceReadGroups	Processed    97,000,000 records.  Elapsed time: 00:11:38s.  Time for last 1,000,000:    6s.  Last read position: LG12:488,819
INFO	2021-10-25 22:32:46	AddOrReplaceReadGroups	Processed    98,000,000 records.  Elapsed time: 00:11:45s.  Time for last 1,000,000:    6s.  Last read position: LG12:4,456,691
INFO	2021-10-25 22:32:53	AddOrReplaceReadGroups	Processed    99,000,000 records.  Elapsed time: 00:11:52s.  Time for last 1,000,000:    7s.  Last read position: LG12:7,951,023
INFO	2021-10-25 22:33:00	AddOrReplaceReadGroups	Processed   100,000,000 records.  Elapsed time: 00:11:59s.  Time for last 1,000,000:    6s.  Last read position: LG12:11,358,716
INFO	2021-10-25 22:33:07	AddOrReplaceReadGroups	Processed   101,000,000 records.  Elapsed time: 00:12:06s.  Time for last 1,000,000:    6s.  Last read position: LG13:368,542
INFO	2021-10-25 22:33:14	AddOrReplaceReadGroups	Processed   102,000,000 records.  Elapsed time: 00:12:13s.  Time for last 1,000,000:    6s.  Last read position: LG13:3,545,433
INFO	2021-10-25 22:33:20	AddOrReplaceReadGroups	Processed   103,000,000 records.  Elapsed time: 00:12:20s.  Time for last 1,000,000:    6s.  Last read position: LG13:6,688,266
INFO	2021-10-25 22:33:28	AddOrReplaceReadGroups	Processed   104,000,000 records.  Elapsed time: 00:12:27s.  Time for last 1,000,000:    7s.  Last read position: LG13:9,879,786
INFO	2021-10-25 22:33:35	AddOrReplaceReadGroups	Processed   105,000,000 records.  Elapsed time: 00:12:34s.  Time for last 1,000,000:    7s.  Last read position: LG13:13,368,916
INFO	2021-10-25 22:33:41	AddOrReplaceReadGroups	Processed   106,000,000 records.  Elapsed time: 00:12:40s.  Time for last 1,000,000:    6s.  Last read position: LG14:1,896,452
INFO	2021-10-25 22:33:48	AddOrReplaceReadGroups	Processed   107,000,000 records.  Elapsed time: 00:12:47s.  Time for last 1,000,000:    6s.  Last read position: LG14:5,045,729
INFO	2021-10-25 22:33:56	AddOrReplaceReadGroups	Processed   108,000,000 records.  Elapsed time: 00:12:55s.  Time for last 1,000,000:    7s.  Last read position: LG14:8,427,664
INFO	2021-10-25 22:34:03	AddOrReplaceReadGroups	Processed   109,000,000 records.  Elapsed time: 00:13:02s.  Time for last 1,000,000:    6s.  Last read position: LG14:11,553,698
INFO	2021-10-25 22:34:10	AddOrReplaceReadGroups	Processed   110,000,000 records.  Elapsed time: 00:13:09s.  Time for last 1,000,000:    7s.  Last read position: LG15:1,352,031
INFO	2021-10-25 22:34:17	AddOrReplaceReadGroups	Processed   111,000,000 records.  Elapsed time: 00:13:16s.  Time for last 1,000,000:    6s.  Last read position: LG15:4,485,614
INFO	2021-10-25 22:34:24	AddOrReplaceReadGroups	Processed   112,000,000 records.  Elapsed time: 00:13:23s.  Time for last 1,000,000:    6s.  Last read position: LG15:8,199,114
INFO	2021-10-25 22:34:31	AddOrReplaceReadGroups	Processed   113,000,000 records.  Elapsed time: 00:13:30s.  Time for last 1,000,000:    6s.  Last read position: LG15:11,424,211
INFO	2021-10-25 22:34:38	AddOrReplaceReadGroups	Processed   114,000,000 records.  Elapsed time: 00:13:37s.  Time for last 1,000,000:    6s.  Last read position: LG15:14,662,192
INFO	2021-10-25 22:34:45	AddOrReplaceReadGroups	Processed   115,000,000 records.  Elapsed time: 00:13:44s.  Time for last 1,000,000:    6s.  Last read position: LG15:18,189,953
INFO	2021-10-25 22:34:52	AddOrReplaceReadGroups	Processed   116,000,000 records.  Elapsed time: 00:13:51s.  Time for last 1,000,000:    7s.  Last read position: LG16:3,178,064
INFO	2021-10-25 22:34:59	AddOrReplaceReadGroups	Processed   117,000,000 records.  Elapsed time: 00:13:58s.  Time for last 1,000,000:    7s.  Last read position: LG16:7,017,736
INFO	2021-10-25 22:35:06	AddOrReplaceReadGroups	Processed   118,000,000 records.  Elapsed time: 00:14:05s.  Time for last 1,000,000:    6s.  Last read position: LG16:10,566,856
INFO	2021-10-25 22:35:13	AddOrReplaceReadGroups	Processed   119,000,000 records.  Elapsed time: 00:14:12s.  Time for last 1,000,000:    6s.  Last read position: LG16:13,630,993
INFO	2021-10-25 22:35:20	AddOrReplaceReadGroups	Processed   120,000,000 records.  Elapsed time: 00:14:19s.  Time for last 1,000,000:    7s.  Last read position: LG17:1,188,911
INFO	2021-10-25 22:35:27	AddOrReplaceReadGroups	Processed   121,000,000 records.  Elapsed time: 00:14:26s.  Time for last 1,000,000:    6s.  Last read position: LG17:3,777,371
INFO	2021-10-25 22:35:34	AddOrReplaceReadGroups	Processed   122,000,000 records.  Elapsed time: 00:14:33s.  Time for last 1,000,000:    6s.  Last read position: LG17:6,977,871
INFO	2021-10-25 22:35:41	AddOrReplaceReadGroups	Processed   123,000,000 records.  Elapsed time: 00:14:40s.  Time for last 1,000,000:    6s.  Last read position: LG17:10,391,554
INFO	2021-10-25 22:35:48	AddOrReplaceReadGroups	Processed   124,000,000 records.  Elapsed time: 00:14:47s.  Time for last 1,000,000:    7s.  Last read position: LG18:1,406,334
INFO	2021-10-25 22:35:55	AddOrReplaceReadGroups	Processed   125,000,000 records.  Elapsed time: 00:14:54s.  Time for last 1,000,000:    7s.  Last read position: LG18:5,437,029
INFO	2021-10-25 22:36:02	AddOrReplaceReadGroups	Processed   126,000,000 records.  Elapsed time: 00:15:01s.  Time for last 1,000,000:    7s.  Last read position: LG18:9,046,288
INFO	2021-10-25 22:36:09	AddOrReplaceReadGroups	Processed   127,000,000 records.  Elapsed time: 00:15:08s.  Time for last 1,000,000:    6s.  Last read position: LG18:12,304,183
INFO	2021-10-25 22:36:16	AddOrReplaceReadGroups	Processed   128,000,000 records.  Elapsed time: 00:15:15s.  Time for last 1,000,000:    7s.  Last read position: LG19:3,212,565
INFO	2021-10-25 22:36:23	AddOrReplaceReadGroups	Processed   129,000,000 records.  Elapsed time: 00:15:22s.  Time for last 1,000,000:    7s.  Last read position: LG19:5,960,572
INFO	2021-10-25 22:36:30	AddOrReplaceReadGroups	Processed   130,000,000 records.  Elapsed time: 00:15:29s.  Time for last 1,000,000:    6s.  Last read position: LG19:9,355,943
INFO	2021-10-25 22:36:37	AddOrReplaceReadGroups	Processed   131,000,000 records.  Elapsed time: 00:15:36s.  Time for last 1,000,000:    6s.  Last read position: LG19:12,549,191
INFO	2021-10-25 22:36:44	AddOrReplaceReadGroups	Processed   132,000,000 records.  Elapsed time: 00:15:43s.  Time for last 1,000,000:    7s.  Last read position: LG20:922,680
INFO	2021-10-25 22:36:51	AddOrReplaceReadGroups	Processed   133,000,000 records.  Elapsed time: 00:15:50s.  Time for last 1,000,000:    7s.  Last read position: LG20:4,335,535
INFO	2021-10-25 22:36:58	AddOrReplaceReadGroups	Processed   134,000,000 records.  Elapsed time: 00:15:57s.  Time for last 1,000,000:    7s.  Last read position: LG20:7,862,320
INFO	2021-10-25 22:37:05	AddOrReplaceReadGroups	Processed   135,000,000 records.  Elapsed time: 00:16:04s.  Time for last 1,000,000:    7s.  Last read position: LG20:11,147,327
INFO	2021-10-25 22:37:12	AddOrReplaceReadGroups	Processed   136,000,000 records.  Elapsed time: 00:16:11s.  Time for last 1,000,000:    7s.  Last read position: LG21:1,736,393
INFO	2021-10-25 22:37:19	AddOrReplaceReadGroups	Processed   137,000,000 records.  Elapsed time: 00:16:18s.  Time for last 1,000,000:    7s.  Last read position: LG21:4,762,639
INFO	2021-10-25 22:37:26	AddOrReplaceReadGroups	Processed   138,000,000 records.  Elapsed time: 00:16:26s.  Time for last 1,000,000:    7s.  Last read position: LG21:8,113,322
INFO	2021-10-25 22:37:34	AddOrReplaceReadGroups	Processed   139,000,000 records.  Elapsed time: 00:16:33s.  Time for last 1,000,000:    7s.  Last read position: LG21:11,510,668
INFO	2021-10-25 22:37:41	AddOrReplaceReadGroups	Processed   140,000,000 records.  Elapsed time: 00:16:40s.  Time for last 1,000,000:    7s.  Last read position: LG22:561,768
INFO	2021-10-25 22:37:48	AddOrReplaceReadGroups	Processed   141,000,000 records.  Elapsed time: 00:16:47s.  Time for last 1,000,000:    7s.  Last read position: LG22:4,180,084
INFO	2021-10-25 22:37:55	AddOrReplaceReadGroups	Processed   142,000,000 records.  Elapsed time: 00:16:54s.  Time for last 1,000,000:    7s.  Last read position: LG22:6,911,499
INFO	2021-10-25 22:38:02	AddOrReplaceReadGroups	Processed   143,000,000 records.  Elapsed time: 00:17:01s.  Time for last 1,000,000:    7s.  Last read position: LG22:10,531,650
INFO	2021-10-25 22:38:09	AddOrReplaceReadGroups	Processed   144,000,000 records.  Elapsed time: 00:17:08s.  Time for last 1,000,000:    7s.  Last read position: LG23:1,963,679
INFO	2021-10-25 22:38:16	AddOrReplaceReadGroups	Processed   145,000,000 records.  Elapsed time: 00:17:15s.  Time for last 1,000,000:    7s.  Last read position: LG23:5,096,920
INFO	2021-10-25 22:38:23	AddOrReplaceReadGroups	Processed   146,000,000 records.  Elapsed time: 00:17:22s.  Time for last 1,000,000:    7s.  Last read position: LG23:7,866,778
INFO	2021-10-25 22:38:30	AddOrReplaceReadGroups	Processed   147,000,000 records.  Elapsed time: 00:17:29s.  Time for last 1,000,000:    7s.  Last read position: LG23:11,165,268
INFO	2021-10-25 22:38:37	AddOrReplaceReadGroups	Processed   148,000,000 records.  Elapsed time: 00:17:36s.  Time for last 1,000,000:    7s.  Last read position: LG23:14,330,800
INFO	2021-10-25 22:38:44	AddOrReplaceReadGroups	Processed   149,000,000 records.  Elapsed time: 00:17:43s.  Time for last 1,000,000:    7s.  Last read position: LG24:1,175,293
INFO	2021-10-25 22:38:51	AddOrReplaceReadGroups	Processed   150,000,000 records.  Elapsed time: 00:17:50s.  Time for last 1,000,000:    7s.  Last read position: LG24:4,631,676
INFO	2021-10-25 22:38:58	AddOrReplaceReadGroups	Processed   151,000,000 records.  Elapsed time: 00:17:57s.  Time for last 1,000,000:    7s.  Last read position: LG24:7,949,210
INFO	2021-10-25 22:39:05	AddOrReplaceReadGroups	Processed   152,000,000 records.  Elapsed time: 00:18:05s.  Time for last 1,000,000:    7s.  Last read position: LG24:12,049,024
INFO	2021-10-25 22:39:13	AddOrReplaceReadGroups	Processed   153,000,000 records.  Elapsed time: 00:18:12s.  Time for last 1,000,000:    7s.  Last read position: LG25:1,652,827
INFO	2021-10-25 22:39:20	AddOrReplaceReadGroups	Processed   154,000,000 records.  Elapsed time: 00:18:19s.  Time for last 1,000,000:    7s.  Last read position: LG25:5,189,653
INFO	2021-10-25 22:39:27	AddOrReplaceReadGroups	Processed   155,000,000 records.  Elapsed time: 00:18:26s.  Time for last 1,000,000:    7s.  Last read position: LG25:8,816,358
INFO	2021-10-25 22:39:34	AddOrReplaceReadGroups	Processed   156,000,000 records.  Elapsed time: 00:18:33s.  Time for last 1,000,000:    7s.  Last read position: LG25:12,164,162
INFO	2021-10-25 22:39:41	AddOrReplaceReadGroups	Processed   157,000,000 records.  Elapsed time: 00:18:40s.  Time for last 1,000,000:    7s.  Last read position: LG26:1,907,863
INFO	2021-10-25 22:39:48	AddOrReplaceReadGroups	Processed   158,000,000 records.  Elapsed time: 00:18:47s.  Time for last 1,000,000:    6s.  Last read position: LG26:4,732,138
INFO	2021-10-25 22:39:55	AddOrReplaceReadGroups	Processed   159,000,000 records.  Elapsed time: 00:18:54s.  Time for last 1,000,000:    6s.  Last read position: LG26:8,064,640
INFO	2021-10-25 22:40:02	AddOrReplaceReadGroups	Processed   160,000,000 records.  Elapsed time: 00:19:01s.  Time for last 1,000,000:    7s.  Last read position: LG26:11,864,889
INFO	2021-10-25 22:40:09	AddOrReplaceReadGroups	Processed   161,000,000 records.  Elapsed time: 00:19:08s.  Time for last 1,000,000:    7s.  Last read position: LG27:2,051,580
INFO	2021-10-25 22:40:16	AddOrReplaceReadGroups	Processed   162,000,000 records.  Elapsed time: 00:19:15s.  Time for last 1,000,000:    7s.  Last read position: LG27:5,964,605
INFO	2021-10-25 22:40:23	AddOrReplaceReadGroups	Processed   163,000,000 records.  Elapsed time: 00:19:22s.  Time for last 1,000,000:    7s.  Last read position: LG27:9,142,770
INFO	2021-10-25 22:40:30	AddOrReplaceReadGroups	Processed   164,000,000 records.  Elapsed time: 00:19:29s.  Time for last 1,000,000:    7s.  Last read position: LG28:500,719
INFO	2021-10-25 22:40:37	AddOrReplaceReadGroups	Processed   165,000,000 records.  Elapsed time: 00:19:36s.  Time for last 1,000,000:    7s.  Last read position: LG28:4,035,913
INFO	2021-10-25 22:40:44	AddOrReplaceReadGroups	Processed   166,000,000 records.  Elapsed time: 00:19:43s.  Time for last 1,000,000:    7s.  Last read position: LG28:7,504,932
INFO	2021-10-25 22:40:51	AddOrReplaceReadGroups	Processed   167,000,000 records.  Elapsed time: 00:19:50s.  Time for last 1,000,000:    7s.  Last read position: LG28:10,899,638
INFO	2021-10-25 22:40:58	AddOrReplaceReadGroups	Processed   168,000,000 records.  Elapsed time: 00:19:57s.  Time for last 1,000,000:    6s.  Last read position: LG29:2,171,836
INFO	2021-10-25 22:41:05	AddOrReplaceReadGroups	Processed   169,000,000 records.  Elapsed time: 00:20:04s.  Time for last 1,000,000:    7s.  Last read position: LG30:724,474
INFO	2021-10-25 22:41:12	AddOrReplaceReadGroups	Processed   170,000,000 records.  Elapsed time: 00:20:11s.  Time for last 1,000,000:    6s.  Last read position: LG30:4,166,896
INFO	2021-10-25 22:41:21	AddOrReplaceReadGroups	Processed   171,000,000 records.  Elapsed time: 00:20:20s.  Time for last 1,000,000:    8s.  Last read position: LG30:8,055,703
INFO	2021-10-25 22:41:28	AddOrReplaceReadGroups	Processed   172,000,000 records.  Elapsed time: 00:20:27s.  Time for last 1,000,000:    6s.  Last read position: UNPIN3877:17,621
INFO	2021-10-25 22:41:34	AddOrReplaceReadGroups	Processed   173,000,000 records.  Elapsed time: 00:20:33s.  Time for last 1,000,000:    6s.  Last read position: UNPIN3877:44,770
INFO	2021-10-25 22:41:41	AddOrReplaceReadGroups	Processed   174,000,000 records.  Elapsed time: 00:20:40s.  Time for last 1,000,000:    6s.  Last read position: UNPIN3877:72,883
INFO	2021-10-25 22:41:48	AddOrReplaceReadGroups	Processed   175,000,000 records.  Elapsed time: 00:20:47s.  Time for last 1,000,000:    6s.  Last read position: UNPIN3877:100,184
INFO	2021-10-25 22:41:55	AddOrReplaceReadGroups	Processed   176,000,000 records.  Elapsed time: 00:20:54s.  Time for last 1,000,000:    6s.  Last read position: UNPIN3877:127,696
INFO	2021-10-25 22:42:01	AddOrReplaceReadGroups	Processed   177,000,000 records.  Elapsed time: 00:21:00s.  Time for last 1,000,000:    6s.  Last read position: */*
INFO	2021-10-25 22:42:06	AddOrReplaceReadGroups	Processed   178,000,000 records.  Elapsed time: 00:21:05s.  Time for last 1,000,000:    4s.  Last read position: */*
INFO	2021-10-25 22:42:11	AddOrReplaceReadGroups	Processed   179,000,000 records.  Elapsed time: 00:21:10s.  Time for last 1,000,000:    4s.  Last read position: */*
INFO	2021-10-25 22:42:16	AddOrReplaceReadGroups	Processed   180,000,000 records.  Elapsed time: 00:21:15s.  Time for last 1,000,000:    4s.  Last read position: */*
INFO	2021-10-25 22:42:20	AddOrReplaceReadGroups	Processed   181,000,000 records.  Elapsed time: 00:21:20s.  Time for last 1,000,000:    4s.  Last read position: */*
INFO	2021-10-25 22:42:25	AddOrReplaceReadGroups	Processed   182,000,000 records.  Elapsed time: 00:21:24s.  Time for last 1,000,000:    4s.  Last read position: */*
INFO	2021-10-25 22:42:30	AddOrReplaceReadGroups	Processed   183,000,000 records.  Elapsed time: 00:21:29s.  Time for last 1,000,000:    4s.  Last read position: */*
INFO	2021-10-25 22:42:35	AddOrReplaceReadGroups	Processed   184,000,000 records.  Elapsed time: 00:21:34s.  Time for last 1,000,000:    4s.  Last read position: */*
[Mon Oct 25 22:42:40 PDT 2021] picard.sam.AddOrReplaceReadGroups done. Elapsed time: 21.66 minutes.
Runtime.totalMemory()=46080000
Tool returned:
0
