==========================================
SLURM_JOB_ID = 2290577
SLURM_JOB_NODELIST = b08-10
TMPDIR = /tmp/SLURM_2290577
==========================================
Running Sample ID SRR12223717_SRP271933_Undaria_pinnatifida_individual_30_2017-04-04_CUL_Kr_Wando2017_5_South_Korea with options  --RGID CALEKANXX.8 --RGLB SRR12223717 --RGPL ILLUMINA --RGPU CALEKANXX.8.SRR12223717 --RGSM CUL_Kr_Wando2017_5_South_Korea 
Using GATK jar /home1/mharden/.conda/envs/gatk4/share/gatk4-4.2.2.0-1/gatk-package-4.2.2.0-local.jar
Running:
    java -Dsamjdk.use_async_io_read_samtools=false -Dsamjdk.use_async_io_write_samtools=true -Dsamjdk.use_async_io_write_tribble=false -Dsamjdk.compression_level=2 -jar /home1/mharden/.conda/envs/gatk4/share/gatk4-4.2.2.0-1/gatk-package-4.2.2.0-local.jar AddOrReplaceReadGroups -I SRR12223717_SRP271933_Undaria_pinnatifida_individual_30_2017-04-04_CUL_Kr_Wando2017_5_South_Korea.sorted.bam -O SRR12223717_SRP271933_Undaria_pinnatifida_individual_30_2017-04-04_CUL_Kr_Wando2017_5_South_Korea.RG.sorted.bam --RGID CALEKANXX.8 --RGLB SRR12223717 --RGPL ILLUMINA --RGPU CALEKANXX.8.SRR12223717 --RGSM CUL_Kr_Wando2017_5_South_Korea
22:11:46.365 INFO  NativeLibraryLoader - Loading libgkl_compression.so from jar:file:/home1/mharden/.conda/envs/gatk4/share/gatk4-4.2.2.0-1/gatk-package-4.2.2.0-local.jar!/com/intel/gkl/native/libgkl_compression.so
[Mon Oct 25 22:11:46 PDT 2021] AddOrReplaceReadGroups --INPUT SRR12223717_SRP271933_Undaria_pinnatifida_individual_30_2017-04-04_CUL_Kr_Wando2017_5_South_Korea.sorted.bam --OUTPUT SRR12223717_SRP271933_Undaria_pinnatifida_individual_30_2017-04-04_CUL_Kr_Wando2017_5_South_Korea.RG.sorted.bam --RGID CALEKANXX.8 --RGLB SRR12223717 --RGPL ILLUMINA --RGPU CALEKANXX.8.SRR12223717 --RGSM CUL_Kr_Wando2017_5_South_Korea --VERBOSITY INFO --QUIET false --VALIDATION_STRINGENCY STRICT --COMPRESSION_LEVEL 2 --MAX_RECORDS_IN_RAM 500000 --CREATE_INDEX false --CREATE_MD5_FILE false --GA4GH_CLIENT_SECRETS client_secrets.json --help false --version false --showHidden false --USE_JDK_DEFLATER false --USE_JDK_INFLATER false
Oct 25, 2021 10:11:46 PM shaded.cloud_nio.com.google.auth.oauth2.ComputeEngineCredentials runningOnComputeEngine
INFO: Failed to detect whether we are running on Google Compute Engine.
[Mon Oct 25 22:11:46 PDT 2021] Executing as mharden@b08-10.hpc.usc.edu on Linux 3.10.0-1062.4.1.el7.x86_64 amd64; OpenJDK 64-Bit Server VM 1.8.0_302-b08; Deflater: Intel; Inflater: Intel; Provider GCS is available; Picard version: Version:4.2.2.0
INFO	2021-10-25 22:11:46	AddOrReplaceReadGroups	Created read-group ID=CALEKANXX.8 PL=ILLUMINA LB=SRR12223717 SM=CUL_Kr_Wando2017_5_South_Korea

INFO	2021-10-25 22:11:56	AddOrReplaceReadGroups	Processed     1,000,000 records.  Elapsed time: 00:00:09s.  Time for last 1,000,000:    9s.  Last read position: LG00:6,242,049
INFO	2021-10-25 22:12:05	AddOrReplaceReadGroups	Processed     2,000,000 records.  Elapsed time: 00:00:18s.  Time for last 1,000,000:    9s.  Last read position: LG00:6,768,168
INFO	2021-10-25 22:12:13	AddOrReplaceReadGroups	Processed     3,000,000 records.  Elapsed time: 00:00:26s.  Time for last 1,000,000:    8s.  Last read position: LG00:10,796,407
INFO	2021-10-25 22:12:21	AddOrReplaceReadGroups	Processed     4,000,000 records.  Elapsed time: 00:00:34s.  Time for last 1,000,000:    7s.  Last read position: LG00:16,760,367
INFO	2021-10-25 22:12:29	AddOrReplaceReadGroups	Processed     5,000,000 records.  Elapsed time: 00:00:42s.  Time for last 1,000,000:    7s.  Last read position: LG00:22,628,882
INFO	2021-10-25 22:12:36	AddOrReplaceReadGroups	Processed     6,000,000 records.  Elapsed time: 00:00:50s.  Time for last 1,000,000:    7s.  Last read position: LG00:28,172,027
INFO	2021-10-25 22:12:44	AddOrReplaceReadGroups	Processed     7,000,000 records.  Elapsed time: 00:00:57s.  Time for last 1,000,000:    7s.  Last read position: LG00:34,420,365
INFO	2021-10-25 22:12:52	AddOrReplaceReadGroups	Processed     8,000,000 records.  Elapsed time: 00:01:05s.  Time for last 1,000,000:    7s.  Last read position: LG00:40,909,470
INFO	2021-10-25 22:12:59	AddOrReplaceReadGroups	Processed     9,000,000 records.  Elapsed time: 00:01:12s.  Time for last 1,000,000:    7s.  Last read position: LG00:46,574,510
INFO	2021-10-25 22:13:07	AddOrReplaceReadGroups	Processed    10,000,000 records.  Elapsed time: 00:01:20s.  Time for last 1,000,000:    7s.  Last read position: LG00:52,991,165
INFO	2021-10-25 22:13:14	AddOrReplaceReadGroups	Processed    11,000,000 records.  Elapsed time: 00:01:28s.  Time for last 1,000,000:    7s.  Last read position: LG00:59,900,470
INFO	2021-10-25 22:13:22	AddOrReplaceReadGroups	Processed    12,000,000 records.  Elapsed time: 00:01:35s.  Time for last 1,000,000:    7s.  Last read position: LG00:66,846,467
INFO	2021-10-25 22:13:29	AddOrReplaceReadGroups	Processed    13,000,000 records.  Elapsed time: 00:01:42s.  Time for last 1,000,000:    7s.  Last read position: LG00:73,896,016
INFO	2021-10-25 22:13:37	AddOrReplaceReadGroups	Processed    14,000,000 records.  Elapsed time: 00:01:50s.  Time for last 1,000,000:    7s.  Last read position: LG00:81,076,301
INFO	2021-10-25 22:13:44	AddOrReplaceReadGroups	Processed    15,000,000 records.  Elapsed time: 00:01:57s.  Time for last 1,000,000:    7s.  Last read position: LG00:87,866,747
INFO	2021-10-25 22:13:51	AddOrReplaceReadGroups	Processed    16,000,000 records.  Elapsed time: 00:02:05s.  Time for last 1,000,000:    7s.  Last read position: LG00:94,263,734
INFO	2021-10-25 22:13:59	AddOrReplaceReadGroups	Processed    17,000,000 records.  Elapsed time: 00:02:12s.  Time for last 1,000,000:    7s.  Last read position: LG00:101,732,210
INFO	2021-10-25 22:14:06	AddOrReplaceReadGroups	Processed    18,000,000 records.  Elapsed time: 00:02:19s.  Time for last 1,000,000:    7s.  Last read position: LG00:109,431,924
INFO	2021-10-25 22:14:13	AddOrReplaceReadGroups	Processed    19,000,000 records.  Elapsed time: 00:02:26s.  Time for last 1,000,000:    7s.  Last read position: LG00:117,247,085
INFO	2021-10-25 22:14:20	AddOrReplaceReadGroups	Processed    20,000,000 records.  Elapsed time: 00:02:34s.  Time for last 1,000,000:    7s.  Last read position: LG00:124,293,793
INFO	2021-10-25 22:14:28	AddOrReplaceReadGroups	Processed    21,000,000 records.  Elapsed time: 00:02:41s.  Time for last 1,000,000:    7s.  Last read position: LG00:132,134,558
INFO	2021-10-25 22:14:35	AddOrReplaceReadGroups	Processed    22,000,000 records.  Elapsed time: 00:02:48s.  Time for last 1,000,000:    7s.  Last read position: LG00:139,647,351
INFO	2021-10-25 22:14:42	AddOrReplaceReadGroups	Processed    23,000,000 records.  Elapsed time: 00:02:55s.  Time for last 1,000,000:    7s.  Last read position: LG00:147,490,839
INFO	2021-10-25 22:14:49	AddOrReplaceReadGroups	Processed    24,000,000 records.  Elapsed time: 00:03:03s.  Time for last 1,000,000:    7s.  Last read position: LG00:152,577,624
INFO	2021-10-25 22:14:57	AddOrReplaceReadGroups	Processed    25,000,000 records.  Elapsed time: 00:03:10s.  Time for last 1,000,000:    7s.  Last read position: LG00:155,914,594
INFO	2021-10-25 22:15:04	AddOrReplaceReadGroups	Processed    26,000,000 records.  Elapsed time: 00:03:17s.  Time for last 1,000,000:    7s.  Last read position: LG00:163,858,772
INFO	2021-10-25 22:15:11	AddOrReplaceReadGroups	Processed    27,000,000 records.  Elapsed time: 00:03:24s.  Time for last 1,000,000:    7s.  Last read position: LG00:168,279,286
INFO	2021-10-25 22:15:18	AddOrReplaceReadGroups	Processed    28,000,000 records.  Elapsed time: 00:03:32s.  Time for last 1,000,000:    7s.  Last read position: LG00:172,522,869
INFO	2021-10-25 22:15:26	AddOrReplaceReadGroups	Processed    29,000,000 records.  Elapsed time: 00:03:39s.  Time for last 1,000,000:    7s.  Last read position: LG01:3,872,092
INFO	2021-10-25 22:15:33	AddOrReplaceReadGroups	Processed    30,000,000 records.  Elapsed time: 00:03:46s.  Time for last 1,000,000:    7s.  Last read position: LG01:9,086,766
INFO	2021-10-25 22:15:40	AddOrReplaceReadGroups	Processed    31,000,000 records.  Elapsed time: 00:03:53s.  Time for last 1,000,000:    7s.  Last read position: LG01:14,475,158
INFO	2021-10-25 22:15:48	AddOrReplaceReadGroups	Processed    32,000,000 records.  Elapsed time: 00:04:01s.  Time for last 1,000,000:    7s.  Last read position: LG01:19,828,321
INFO	2021-10-25 22:15:55	AddOrReplaceReadGroups	Processed    33,000,000 records.  Elapsed time: 00:04:08s.  Time for last 1,000,000:    7s.  Last read position: LG01:24,837,760
INFO	2021-10-25 22:16:02	AddOrReplaceReadGroups	Processed    34,000,000 records.  Elapsed time: 00:04:15s.  Time for last 1,000,000:    7s.  Last read position: LG02:2,755,829
INFO	2021-10-25 22:16:09	AddOrReplaceReadGroups	Processed    35,000,000 records.  Elapsed time: 00:04:22s.  Time for last 1,000,000:    7s.  Last read position: LG02:7,667,412
INFO	2021-10-25 22:16:16	AddOrReplaceReadGroups	Processed    36,000,000 records.  Elapsed time: 00:04:30s.  Time for last 1,000,000:    7s.  Last read position: LG02:12,777,156
INFO	2021-10-25 22:16:24	AddOrReplaceReadGroups	Processed    37,000,000 records.  Elapsed time: 00:04:37s.  Time for last 1,000,000:    7s.  Last read position: LG02:17,763,397
INFO	2021-10-25 22:16:31	AddOrReplaceReadGroups	Processed    38,000,000 records.  Elapsed time: 00:04:44s.  Time for last 1,000,000:    7s.  Last read position: LG03:3,832,453
INFO	2021-10-25 22:16:38	AddOrReplaceReadGroups	Processed    39,000,000 records.  Elapsed time: 00:04:52s.  Time for last 1,000,000:    7s.  Last read position: LG03:9,435,021
INFO	2021-10-25 22:16:46	AddOrReplaceReadGroups	Processed    40,000,000 records.  Elapsed time: 00:04:59s.  Time for last 1,000,000:    7s.  Last read position: LG03:14,771,681
INFO	2021-10-25 22:16:53	AddOrReplaceReadGroups	Processed    41,000,000 records.  Elapsed time: 00:05:06s.  Time for last 1,000,000:    7s.  Last read position: LG04:3,136,626
INFO	2021-10-25 22:17:00	AddOrReplaceReadGroups	Processed    42,000,000 records.  Elapsed time: 00:05:14s.  Time for last 1,000,000:    7s.  Last read position: LG04:8,471,364
INFO	2021-10-25 22:17:08	AddOrReplaceReadGroups	Processed    43,000,000 records.  Elapsed time: 00:05:21s.  Time for last 1,000,000:    7s.  Last read position: LG04:13,772,449
INFO	2021-10-25 22:17:16	AddOrReplaceReadGroups	Processed    44,000,000 records.  Elapsed time: 00:05:29s.  Time for last 1,000,000:    7s.  Last read position: LG05:3,272,468
INFO	2021-10-25 22:17:23	AddOrReplaceReadGroups	Processed    45,000,000 records.  Elapsed time: 00:05:36s.  Time for last 1,000,000:    7s.  Last read position: LG05:8,252,186
INFO	2021-10-25 22:17:30	AddOrReplaceReadGroups	Processed    46,000,000 records.  Elapsed time: 00:05:43s.  Time for last 1,000,000:    7s.  Last read position: LG05:13,505,954
INFO	2021-10-25 22:17:37	AddOrReplaceReadGroups	Processed    47,000,000 records.  Elapsed time: 00:05:50s.  Time for last 1,000,000:    7s.  Last read position: LG05:18,955,871
INFO	2021-10-25 22:17:45	AddOrReplaceReadGroups	Processed    48,000,000 records.  Elapsed time: 00:05:58s.  Time for last 1,000,000:    7s.  Last read position: LG06:1,784,703
INFO	2021-10-25 22:17:52	AddOrReplaceReadGroups	Processed    49,000,000 records.  Elapsed time: 00:06:05s.  Time for last 1,000,000:    7s.  Last read position: LG06:7,006,366
INFO	2021-10-25 22:17:59	AddOrReplaceReadGroups	Processed    50,000,000 records.  Elapsed time: 00:06:12s.  Time for last 1,000,000:    7s.  Last read position: LG06:12,319,912
INFO	2021-10-25 22:18:06	AddOrReplaceReadGroups	Processed    51,000,000 records.  Elapsed time: 00:06:19s.  Time for last 1,000,000:    7s.  Last read position: LG07:4,510,716
INFO	2021-10-25 22:18:13	AddOrReplaceReadGroups	Processed    52,000,000 records.  Elapsed time: 00:06:27s.  Time for last 1,000,000:    7s.  Last read position: LG07:9,895,567
INFO	2021-10-25 22:18:21	AddOrReplaceReadGroups	Processed    53,000,000 records.  Elapsed time: 00:06:34s.  Time for last 1,000,000:    7s.  Last read position: LG08:2,630,801
INFO	2021-10-25 22:18:28	AddOrReplaceReadGroups	Processed    54,000,000 records.  Elapsed time: 00:06:41s.  Time for last 1,000,000:    7s.  Last read position: LG08:8,233,632
INFO	2021-10-25 22:18:35	AddOrReplaceReadGroups	Processed    55,000,000 records.  Elapsed time: 00:06:48s.  Time for last 1,000,000:    7s.  Last read position: LG08:13,519,046
INFO	2021-10-25 22:18:42	AddOrReplaceReadGroups	Processed    56,000,000 records.  Elapsed time: 00:06:55s.  Time for last 1,000,000:    7s.  Last read position: LG09:2,660,655
INFO	2021-10-25 22:18:49	AddOrReplaceReadGroups	Processed    57,000,000 records.  Elapsed time: 00:07:03s.  Time for last 1,000,000:    7s.  Last read position: LG09:6,159,988
INFO	2021-10-25 22:18:57	AddOrReplaceReadGroups	Processed    58,000,000 records.  Elapsed time: 00:07:10s.  Time for last 1,000,000:    7s.  Last read position: LG09:10,849,283
INFO	2021-10-25 22:19:04	AddOrReplaceReadGroups	Processed    59,000,000 records.  Elapsed time: 00:07:17s.  Time for last 1,000,000:    7s.  Last read position: LG10:3,083,085
INFO	2021-10-25 22:19:11	AddOrReplaceReadGroups	Processed    60,000,000 records.  Elapsed time: 00:07:24s.  Time for last 1,000,000:    7s.  Last read position: LG10:7,929,780
INFO	2021-10-25 22:19:18	AddOrReplaceReadGroups	Processed    61,000,000 records.  Elapsed time: 00:07:32s.  Time for last 1,000,000:    7s.  Last read position: LG10:12,432,765
INFO	2021-10-25 22:19:25	AddOrReplaceReadGroups	Processed    62,000,000 records.  Elapsed time: 00:07:39s.  Time for last 1,000,000:    7s.  Last read position: LG10:16,951,165
INFO	2021-10-25 22:19:33	AddOrReplaceReadGroups	Processed    63,000,000 records.  Elapsed time: 00:07:46s.  Time for last 1,000,000:    7s.  Last read position: LG10:22,018,837
INFO	2021-10-25 22:19:40	AddOrReplaceReadGroups	Processed    64,000,000 records.  Elapsed time: 00:07:53s.  Time for last 1,000,000:    7s.  Last read position: LG10:27,205,750
INFO	2021-10-25 22:19:47	AddOrReplaceReadGroups	Processed    65,000,000 records.  Elapsed time: 00:08:00s.  Time for last 1,000,000:    7s.  Last read position: LG11:3,292,286
INFO	2021-10-25 22:19:54	AddOrReplaceReadGroups	Processed    66,000,000 records.  Elapsed time: 00:08:07s.  Time for last 1,000,000:    7s.  Last read position: LG11:9,443,864
INFO	2021-10-25 22:20:02	AddOrReplaceReadGroups	Processed    67,000,000 records.  Elapsed time: 00:08:15s.  Time for last 1,000,000:    7s.  Last read position: LG11:14,592,475
INFO	2021-10-25 22:20:09	AddOrReplaceReadGroups	Processed    68,000,000 records.  Elapsed time: 00:08:22s.  Time for last 1,000,000:    7s.  Last read position: LG11:19,512,952
INFO	2021-10-25 22:20:16	AddOrReplaceReadGroups	Processed    69,000,000 records.  Elapsed time: 00:08:29s.  Time for last 1,000,000:    7s.  Last read position: LG11:25,054,524
INFO	2021-10-25 22:20:23	AddOrReplaceReadGroups	Processed    70,000,000 records.  Elapsed time: 00:08:37s.  Time for last 1,000,000:    7s.  Last read position: LG12:3,357,567
INFO	2021-10-25 22:20:33	AddOrReplaceReadGroups	Processed    71,000,000 records.  Elapsed time: 00:08:46s.  Time for last 1,000,000:    9s.  Last read position: LG12:8,713,560
INFO	2021-10-25 22:20:40	AddOrReplaceReadGroups	Processed    72,000,000 records.  Elapsed time: 00:08:53s.  Time for last 1,000,000:    7s.  Last read position: LG12:13,944,920
INFO	2021-10-25 22:20:47	AddOrReplaceReadGroups	Processed    73,000,000 records.  Elapsed time: 00:09:00s.  Time for last 1,000,000:    7s.  Last read position: LG13:4,467,349
INFO	2021-10-25 22:20:54	AddOrReplaceReadGroups	Processed    74,000,000 records.  Elapsed time: 00:09:08s.  Time for last 1,000,000:    7s.  Last read position: LG13:9,076,195
INFO	2021-10-25 22:21:02	AddOrReplaceReadGroups	Processed    75,000,000 records.  Elapsed time: 00:09:15s.  Time for last 1,000,000:    7s.  Last read position: LG13:13,927,137
INFO	2021-10-25 22:21:09	AddOrReplaceReadGroups	Processed    76,000,000 records.  Elapsed time: 00:09:22s.  Time for last 1,000,000:    7s.  Last read position: LG14:3,967,303
INFO	2021-10-25 22:21:16	AddOrReplaceReadGroups	Processed    77,000,000 records.  Elapsed time: 00:09:29s.  Time for last 1,000,000:    7s.  Last read position: LG14:8,971,121
INFO	2021-10-25 22:21:23	AddOrReplaceReadGroups	Processed    78,000,000 records.  Elapsed time: 00:09:36s.  Time for last 1,000,000:    7s.  Last read position: LG15:300,534
INFO	2021-10-25 22:21:30	AddOrReplaceReadGroups	Processed    79,000,000 records.  Elapsed time: 00:09:44s.  Time for last 1,000,000:    7s.  Last read position: LG15:4,816,593
INFO	2021-10-25 22:21:40	AddOrReplaceReadGroups	Processed    80,000,000 records.  Elapsed time: 00:09:54s.  Time for last 1,000,000:    9s.  Last read position: LG15:10,188,443
INFO	2021-10-25 22:21:48	AddOrReplaceReadGroups	Processed    81,000,000 records.  Elapsed time: 00:10:01s.  Time for last 1,000,000:    7s.  Last read position: LG15:15,213,019
INFO	2021-10-25 22:21:55	AddOrReplaceReadGroups	Processed    82,000,000 records.  Elapsed time: 00:10:08s.  Time for last 1,000,000:    7s.  Last read position: LG16:1,850,351
INFO	2021-10-25 22:22:02	AddOrReplaceReadGroups	Processed    83,000,000 records.  Elapsed time: 00:10:15s.  Time for last 1,000,000:    7s.  Last read position: LG16:7,387,922
INFO	2021-10-25 22:22:09	AddOrReplaceReadGroups	Processed    84,000,000 records.  Elapsed time: 00:10:22s.  Time for last 1,000,000:    7s.  Last read position: LG16:12,422,894
INFO	2021-10-25 22:22:16	AddOrReplaceReadGroups	Processed    85,000,000 records.  Elapsed time: 00:10:30s.  Time for last 1,000,000:    7s.  Last read position: LG17:1,400,601
INFO	2021-10-25 22:22:24	AddOrReplaceReadGroups	Processed    86,000,000 records.  Elapsed time: 00:10:37s.  Time for last 1,000,000:    7s.  Last read position: LG17:5,308,172
INFO	2021-10-25 22:22:31	AddOrReplaceReadGroups	Processed    87,000,000 records.  Elapsed time: 00:10:44s.  Time for last 1,000,000:    7s.  Last read position: LG17:10,226,891
INFO	2021-10-25 22:22:38	AddOrReplaceReadGroups	Processed    88,000,000 records.  Elapsed time: 00:10:51s.  Time for last 1,000,000:    7s.  Last read position: LG18:3,136,297
INFO	2021-10-25 22:22:45	AddOrReplaceReadGroups	Processed    89,000,000 records.  Elapsed time: 00:10:59s.  Time for last 1,000,000:    7s.  Last read position: LG18:8,456,102
INFO	2021-10-25 22:22:52	AddOrReplaceReadGroups	Processed    90,000,000 records.  Elapsed time: 00:11:06s.  Time for last 1,000,000:    7s.  Last read position: LG19:783,941
INFO	2021-10-25 22:23:00	AddOrReplaceReadGroups	Processed    91,000,000 records.  Elapsed time: 00:11:13s.  Time for last 1,000,000:    7s.  Last read position: LG19:5,350,569
INFO	2021-10-25 22:23:07	AddOrReplaceReadGroups	Processed    92,000,000 records.  Elapsed time: 00:11:20s.  Time for last 1,000,000:    7s.  Last read position: LG19:10,296,531
INFO	2021-10-25 22:23:14	AddOrReplaceReadGroups	Processed    93,000,000 records.  Elapsed time: 00:11:27s.  Time for last 1,000,000:    7s.  Last read position: LG20:577,114
INFO	2021-10-25 22:23:21	AddOrReplaceReadGroups	Processed    94,000,000 records.  Elapsed time: 00:11:34s.  Time for last 1,000,000:    7s.  Last read position: LG20:5,680,681
INFO	2021-10-25 22:23:28	AddOrReplaceReadGroups	Processed    95,000,000 records.  Elapsed time: 00:11:41s.  Time for last 1,000,000:    7s.  Last read position: LG20:10,766,937
INFO	2021-10-25 22:23:35	AddOrReplaceReadGroups	Processed    96,000,000 records.  Elapsed time: 00:11:48s.  Time for last 1,000,000:    7s.  Last read position: LG21:2,747,842
INFO	2021-10-25 22:23:42	AddOrReplaceReadGroups	Processed    97,000,000 records.  Elapsed time: 00:11:56s.  Time for last 1,000,000:    7s.  Last read position: LG21:7,668,216
INFO	2021-10-25 22:23:50	AddOrReplaceReadGroups	Processed    98,000,000 records.  Elapsed time: 00:12:03s.  Time for last 1,000,000:    7s.  Last read position: LG21:12,777,152
INFO	2021-10-25 22:23:57	AddOrReplaceReadGroups	Processed    99,000,000 records.  Elapsed time: 00:12:10s.  Time for last 1,000,000:    7s.  Last read position: LG22:3,359,399
INFO	2021-10-25 22:24:04	AddOrReplaceReadGroups	Processed   100,000,000 records.  Elapsed time: 00:12:17s.  Time for last 1,000,000:    7s.  Last read position: LG22:7,840,006
INFO	2021-10-25 22:24:11	AddOrReplaceReadGroups	Processed   101,000,000 records.  Elapsed time: 00:12:24s.  Time for last 1,000,000:    7s.  Last read position: LG23:1,096,543
INFO	2021-10-25 22:24:18	AddOrReplaceReadGroups	Processed   102,000,000 records.  Elapsed time: 00:12:31s.  Time for last 1,000,000:    7s.  Last read position: LG23:5,767,843
INFO	2021-10-25 22:24:25	AddOrReplaceReadGroups	Processed   103,000,000 records.  Elapsed time: 00:12:39s.  Time for last 1,000,000:    7s.  Last read position: LG23:10,278,883
INFO	2021-10-25 22:24:33	AddOrReplaceReadGroups	Processed   104,000,000 records.  Elapsed time: 00:12:46s.  Time for last 1,000,000:    7s.  Last read position: LG23:15,125,305
INFO	2021-10-25 22:24:40	AddOrReplaceReadGroups	Processed   105,000,000 records.  Elapsed time: 00:12:53s.  Time for last 1,000,000:    7s.  Last read position: LG24:3,655,039
INFO	2021-10-25 22:24:47	AddOrReplaceReadGroups	Processed   106,000,000 records.  Elapsed time: 00:13:00s.  Time for last 1,000,000:    7s.  Last read position: LG24:8,941,059
INFO	2021-10-25 22:24:54	AddOrReplaceReadGroups	Processed   107,000,000 records.  Elapsed time: 00:13:07s.  Time for last 1,000,000:    7s.  Last read position: LG25:844,282
INFO	2021-10-25 22:25:02	AddOrReplaceReadGroups	Processed   108,000,000 records.  Elapsed time: 00:13:15s.  Time for last 1,000,000:    7s.  Last read position: LG25:5,889,146
INFO	2021-10-25 22:25:09	AddOrReplaceReadGroups	Processed   109,000,000 records.  Elapsed time: 00:13:22s.  Time for last 1,000,000:    7s.  Last read position: LG25:11,253,897
INFO	2021-10-25 22:25:16	AddOrReplaceReadGroups	Processed   110,000,000 records.  Elapsed time: 00:13:29s.  Time for last 1,000,000:    7s.  Last read position: LG26:2,248,347
INFO	2021-10-25 22:25:23	AddOrReplaceReadGroups	Processed   111,000,000 records.  Elapsed time: 00:13:36s.  Time for last 1,000,000:    7s.  Last read position: LG26:6,550,656
INFO	2021-10-25 22:25:30	AddOrReplaceReadGroups	Processed   112,000,000 records.  Elapsed time: 00:13:43s.  Time for last 1,000,000:    7s.  Last read position: LG26:12,114,474
INFO	2021-10-25 22:25:37	AddOrReplaceReadGroups	Processed   113,000,000 records.  Elapsed time: 00:13:51s.  Time for last 1,000,000:    7s.  Last read position: LG27:4,090,454
INFO	2021-10-25 22:25:45	AddOrReplaceReadGroups	Processed   114,000,000 records.  Elapsed time: 00:13:58s.  Time for last 1,000,000:    7s.  Last read position: LG27:8,917,611
INFO	2021-10-25 22:25:52	AddOrReplaceReadGroups	Processed   115,000,000 records.  Elapsed time: 00:14:05s.  Time for last 1,000,000:    7s.  Last read position: LG28:2,053,275
INFO	2021-10-25 22:25:59	AddOrReplaceReadGroups	Processed   116,000,000 records.  Elapsed time: 00:14:12s.  Time for last 1,000,000:    7s.  Last read position: LG28:7,223,669
INFO	2021-10-25 22:26:06	AddOrReplaceReadGroups	Processed   117,000,000 records.  Elapsed time: 00:14:19s.  Time for last 1,000,000:    7s.  Last read position: LG29:346,440
INFO	2021-10-25 22:26:13	AddOrReplaceReadGroups	Processed   118,000,000 records.  Elapsed time: 00:14:27s.  Time for last 1,000,000:    7s.  Last read position: LG29:4,747,398
INFO	2021-10-25 22:26:21	AddOrReplaceReadGroups	Processed   119,000,000 records.  Elapsed time: 00:14:34s.  Time for last 1,000,000:    7s.  Last read position: LG30:4,760,048
INFO	2021-10-25 22:26:28	AddOrReplaceReadGroups	Processed   120,000,000 records.  Elapsed time: 00:14:41s.  Time for last 1,000,000:    7s.  Last read position: UNPIN3877:4,930
INFO	2021-10-25 22:26:35	AddOrReplaceReadGroups	Processed   121,000,000 records.  Elapsed time: 00:14:48s.  Time for last 1,000,000:    6s.  Last read position: UNPIN3877:28,152
INFO	2021-10-25 22:26:42	AddOrReplaceReadGroups	Processed   122,000,000 records.  Elapsed time: 00:14:55s.  Time for last 1,000,000:    6s.  Last read position: UNPIN3877:53,938
INFO	2021-10-25 22:26:49	AddOrReplaceReadGroups	Processed   123,000,000 records.  Elapsed time: 00:15:02s.  Time for last 1,000,000:    6s.  Last read position: UNPIN3877:77,455
INFO	2021-10-25 22:26:56	AddOrReplaceReadGroups	Processed   124,000,000 records.  Elapsed time: 00:15:09s.  Time for last 1,000,000:    6s.  Last read position: UNPIN3877:101,620
INFO	2021-10-25 22:27:03	AddOrReplaceReadGroups	Processed   125,000,000 records.  Elapsed time: 00:15:16s.  Time for last 1,000,000:    6s.  Last read position: UNPIN3877:125,330
INFO	2021-10-25 22:27:09	AddOrReplaceReadGroups	Processed   126,000,000 records.  Elapsed time: 00:15:23s.  Time for last 1,000,000:    6s.  Last read position: UNPIN3878:21,548
INFO	2021-10-25 22:27:16	AddOrReplaceReadGroups	Processed   127,000,000 records.  Elapsed time: 00:15:29s.  Time for last 1,000,000:    6s.  Last read position: */*
INFO	2021-10-25 22:27:21	AddOrReplaceReadGroups	Processed   128,000,000 records.  Elapsed time: 00:15:34s.  Time for last 1,000,000:    4s.  Last read position: */*
INFO	2021-10-25 22:27:26	AddOrReplaceReadGroups	Processed   129,000,000 records.  Elapsed time: 00:15:39s.  Time for last 1,000,000:    4s.  Last read position: */*
INFO	2021-10-25 22:27:30	AddOrReplaceReadGroups	Processed   130,000,000 records.  Elapsed time: 00:15:44s.  Time for last 1,000,000:    4s.  Last read position: */*
INFO	2021-10-25 22:27:35	AddOrReplaceReadGroups	Processed   131,000,000 records.  Elapsed time: 00:15:49s.  Time for last 1,000,000:    4s.  Last read position: */*
INFO	2021-10-25 22:27:40	AddOrReplaceReadGroups	Processed   132,000,000 records.  Elapsed time: 00:15:53s.  Time for last 1,000,000:    4s.  Last read position: */*
INFO	2021-10-25 22:27:45	AddOrReplaceReadGroups	Processed   133,000,000 records.  Elapsed time: 00:15:58s.  Time for last 1,000,000:    4s.  Last read position: */*
[Mon Oct 25 22:27:49 PDT 2021] picard.sam.AddOrReplaceReadGroups done. Elapsed time: 16.06 minutes.
Runtime.totalMemory()=46522368
Tool returned:
0
