==========================================
SLURM_JOB_ID = 2291316
SLURM_JOB_NODELIST = b08-18
TMPDIR = /tmp/SLURM_2291316
==========================================
Running Sample ID SRR12223722_SRP271933_Undaria_pinnatifida_individual_25_2015-01-23_CUL_Kr_Wando2015_4_South_Korea with options  --RGID C711EANXX.3 --RGLB SRR12223722 --RGPL ILLUMINA --RGPU C711EANXX.3.SRR12223722 --RGSM CUL_Kr_Wando2015_4_South_Korea 
Using GATK jar /home1/mharden/.conda/envs/gatk4/share/gatk4-4.2.2.0-1/gatk-package-4.2.2.0-local.jar
Running:
    java -Dsamjdk.use_async_io_read_samtools=false -Dsamjdk.use_async_io_write_samtools=true -Dsamjdk.use_async_io_write_tribble=false -Dsamjdk.compression_level=2 -jar /home1/mharden/.conda/envs/gatk4/share/gatk4-4.2.2.0-1/gatk-package-4.2.2.0-local.jar AddOrReplaceReadGroups -I SRR12223722_SRP271933_Undaria_pinnatifida_individual_25_2015-01-23_CUL_Kr_Wando2015_4_South_Korea.sorted.bam -O SRR12223722_SRP271933_Undaria_pinnatifida_individual_25_2015-01-23_CUL_Kr_Wando2015_4_South_Korea.RG.sorted.bam --RGID C711EANXX.3 --RGLB SRR12223722 --RGPL ILLUMINA --RGPU C711EANXX.3.SRR12223722 --RGSM CUL_Kr_Wando2015_4_South_Korea
22:16:27.664 INFO  NativeLibraryLoader - Loading libgkl_compression.so from jar:file:/home1/mharden/.conda/envs/gatk4/share/gatk4-4.2.2.0-1/gatk-package-4.2.2.0-local.jar!/com/intel/gkl/native/libgkl_compression.so
[Mon Oct 25 22:16:27 PDT 2021] AddOrReplaceReadGroups --INPUT SRR12223722_SRP271933_Undaria_pinnatifida_individual_25_2015-01-23_CUL_Kr_Wando2015_4_South_Korea.sorted.bam --OUTPUT SRR12223722_SRP271933_Undaria_pinnatifida_individual_25_2015-01-23_CUL_Kr_Wando2015_4_South_Korea.RG.sorted.bam --RGID C711EANXX.3 --RGLB SRR12223722 --RGPL ILLUMINA --RGPU C711EANXX.3.SRR12223722 --RGSM CUL_Kr_Wando2015_4_South_Korea --VERBOSITY INFO --QUIET false --VALIDATION_STRINGENCY STRICT --COMPRESSION_LEVEL 2 --MAX_RECORDS_IN_RAM 500000 --CREATE_INDEX false --CREATE_MD5_FILE false --GA4GH_CLIENT_SECRETS client_secrets.json --help false --version false --showHidden false --USE_JDK_DEFLATER false --USE_JDK_INFLATER false
Oct 25, 2021 10:16:27 PM shaded.cloud_nio.com.google.auth.oauth2.ComputeEngineCredentials runningOnComputeEngine
INFO: Failed to detect whether we are running on Google Compute Engine.
[Mon Oct 25 22:16:27 PDT 2021] Executing as mharden@b08-18.hpc.usc.edu on Linux 3.10.0-1062.4.1.el7.x86_64 amd64; OpenJDK 64-Bit Server VM 1.8.0_302-b08; Deflater: Intel; Inflater: Intel; Provider GCS is available; Picard version: Version:4.2.2.0
INFO	2021-10-25 22:16:28	AddOrReplaceReadGroups	Created read-group ID=C711EANXX.3 PL=ILLUMINA LB=SRR12223722 SM=CUL_Kr_Wando2015_4_South_Korea

INFO	2021-10-25 22:16:37	AddOrReplaceReadGroups	Processed     1,000,000 records.  Elapsed time: 00:00:09s.  Time for last 1,000,000:    9s.  Last read position: LG00:5,746,623
INFO	2021-10-25 22:16:47	AddOrReplaceReadGroups	Processed     2,000,000 records.  Elapsed time: 00:00:19s.  Time for last 1,000,000:    9s.  Last read position: LG00:6,768,189
INFO	2021-10-25 22:16:56	AddOrReplaceReadGroups	Processed     3,000,000 records.  Elapsed time: 00:00:28s.  Time for last 1,000,000:    8s.  Last read position: LG00:10,886,509
INFO	2021-10-25 22:17:05	AddOrReplaceReadGroups	Processed     4,000,000 records.  Elapsed time: 00:00:36s.  Time for last 1,000,000:    8s.  Last read position: LG00:16,076,304
INFO	2021-10-25 22:17:13	AddOrReplaceReadGroups	Processed     5,000,000 records.  Elapsed time: 00:00:45s.  Time for last 1,000,000:    8s.  Last read position: LG00:21,756,118
INFO	2021-10-25 22:17:21	AddOrReplaceReadGroups	Processed     6,000,000 records.  Elapsed time: 00:00:53s.  Time for last 1,000,000:    8s.  Last read position: LG00:27,232,736
INFO	2021-10-25 22:17:29	AddOrReplaceReadGroups	Processed     7,000,000 records.  Elapsed time: 00:01:01s.  Time for last 1,000,000:    7s.  Last read position: LG00:33,234,035
INFO	2021-10-25 22:17:37	AddOrReplaceReadGroups	Processed     8,000,000 records.  Elapsed time: 00:01:09s.  Time for last 1,000,000:    7s.  Last read position: LG00:39,077,666
INFO	2021-10-25 22:17:44	AddOrReplaceReadGroups	Processed     9,000,000 records.  Elapsed time: 00:01:16s.  Time for last 1,000,000:    7s.  Last read position: LG00:44,938,832
INFO	2021-10-25 22:17:52	AddOrReplaceReadGroups	Processed    10,000,000 records.  Elapsed time: 00:01:24s.  Time for last 1,000,000:    7s.  Last read position: LG00:50,545,844
INFO	2021-10-25 22:18:00	AddOrReplaceReadGroups	Processed    11,000,000 records.  Elapsed time: 00:01:32s.  Time for last 1,000,000:    7s.  Last read position: LG00:56,391,977
INFO	2021-10-25 22:18:07	AddOrReplaceReadGroups	Processed    12,000,000 records.  Elapsed time: 00:01:39s.  Time for last 1,000,000:    7s.  Last read position: LG00:62,049,429
INFO	2021-10-25 22:18:15	AddOrReplaceReadGroups	Processed    13,000,000 records.  Elapsed time: 00:01:47s.  Time for last 1,000,000:    7s.  Last read position: LG00:68,736,760
INFO	2021-10-25 22:18:22	AddOrReplaceReadGroups	Processed    14,000,000 records.  Elapsed time: 00:01:54s.  Time for last 1,000,000:    7s.  Last read position: LG00:75,560,158
INFO	2021-10-25 22:18:30	AddOrReplaceReadGroups	Processed    15,000,000 records.  Elapsed time: 00:02:02s.  Time for last 1,000,000:    7s.  Last read position: LG00:81,677,800
INFO	2021-10-25 22:18:37	AddOrReplaceReadGroups	Processed    16,000,000 records.  Elapsed time: 00:02:09s.  Time for last 1,000,000:    7s.  Last read position: LG00:88,129,596
INFO	2021-10-25 22:18:45	AddOrReplaceReadGroups	Processed    17,000,000 records.  Elapsed time: 00:02:17s.  Time for last 1,000,000:    7s.  Last read position: LG00:93,272,776
INFO	2021-10-25 22:18:53	AddOrReplaceReadGroups	Processed    18,000,000 records.  Elapsed time: 00:02:24s.  Time for last 1,000,000:    7s.  Last read position: LG00:99,434,221
INFO	2021-10-25 22:19:00	AddOrReplaceReadGroups	Processed    19,000,000 records.  Elapsed time: 00:02:32s.  Time for last 1,000,000:    7s.  Last read position: LG00:106,681,719
INFO	2021-10-25 22:19:08	AddOrReplaceReadGroups	Processed    20,000,000 records.  Elapsed time: 00:02:40s.  Time for last 1,000,000:    7s.  Last read position: LG00:114,067,330
INFO	2021-10-25 22:19:15	AddOrReplaceReadGroups	Processed    21,000,000 records.  Elapsed time: 00:02:47s.  Time for last 1,000,000:    7s.  Last read position: LG00:120,631,731
INFO	2021-10-25 22:19:23	AddOrReplaceReadGroups	Processed    22,000,000 records.  Elapsed time: 00:02:55s.  Time for last 1,000,000:    7s.  Last read position: LG00:127,221,457
INFO	2021-10-25 22:19:30	AddOrReplaceReadGroups	Processed    23,000,000 records.  Elapsed time: 00:03:02s.  Time for last 1,000,000:    7s.  Last read position: LG00:133,954,324
INFO	2021-10-25 22:19:37	AddOrReplaceReadGroups	Processed    24,000,000 records.  Elapsed time: 00:03:09s.  Time for last 1,000,000:    7s.  Last read position: LG00:140,978,986
INFO	2021-10-25 22:19:45	AddOrReplaceReadGroups	Processed    25,000,000 records.  Elapsed time: 00:03:16s.  Time for last 1,000,000:    7s.  Last read position: LG00:147,938,577
INFO	2021-10-25 22:19:52	AddOrReplaceReadGroups	Processed    26,000,000 records.  Elapsed time: 00:03:24s.  Time for last 1,000,000:    7s.  Last read position: LG00:152,575,218
INFO	2021-10-25 22:19:59	AddOrReplaceReadGroups	Processed    27,000,000 records.  Elapsed time: 00:03:31s.  Time for last 1,000,000:    7s.  Last read position: LG00:155,272,811
INFO	2021-10-25 22:20:07	AddOrReplaceReadGroups	Processed    28,000,000 records.  Elapsed time: 00:03:39s.  Time for last 1,000,000:    7s.  Last read position: LG00:162,421,334
INFO	2021-10-25 22:20:14	AddOrReplaceReadGroups	Processed    29,000,000 records.  Elapsed time: 00:03:46s.  Time for last 1,000,000:    7s.  Last read position: LG00:167,983,798
INFO	2021-10-25 22:20:22	AddOrReplaceReadGroups	Processed    30,000,000 records.  Elapsed time: 00:03:53s.  Time for last 1,000,000:    7s.  Last read position: LG00:170,971,267
INFO	2021-10-25 22:20:31	AddOrReplaceReadGroups	Processed    31,000,000 records.  Elapsed time: 00:04:03s.  Time for last 1,000,000:    9s.  Last read position: LG01:921,000
INFO	2021-10-25 22:20:38	AddOrReplaceReadGroups	Processed    32,000,000 records.  Elapsed time: 00:04:10s.  Time for last 1,000,000:    7s.  Last read position: LG01:5,968,139
INFO	2021-10-25 22:20:46	AddOrReplaceReadGroups	Processed    33,000,000 records.  Elapsed time: 00:04:18s.  Time for last 1,000,000:    7s.  Last read position: LG01:11,270,429
INFO	2021-10-25 22:20:53	AddOrReplaceReadGroups	Processed    34,000,000 records.  Elapsed time: 00:04:25s.  Time for last 1,000,000:    7s.  Last read position: LG01:16,038,935
INFO	2021-10-25 22:21:00	AddOrReplaceReadGroups	Processed    35,000,000 records.  Elapsed time: 00:04:32s.  Time for last 1,000,000:    7s.  Last read position: LG01:21,035,559
INFO	2021-10-25 22:21:08	AddOrReplaceReadGroups	Processed    36,000,000 records.  Elapsed time: 00:04:40s.  Time for last 1,000,000:    7s.  Last read position: LG01:25,874,037
INFO	2021-10-25 22:21:15	AddOrReplaceReadGroups	Processed    37,000,000 records.  Elapsed time: 00:04:47s.  Time for last 1,000,000:    7s.  Last read position: LG02:3,515,330
INFO	2021-10-25 22:21:22	AddOrReplaceReadGroups	Processed    38,000,000 records.  Elapsed time: 00:04:54s.  Time for last 1,000,000:    7s.  Last read position: LG02:8,296,037
INFO	2021-10-25 22:21:29	AddOrReplaceReadGroups	Processed    39,000,000 records.  Elapsed time: 00:05:01s.  Time for last 1,000,000:    7s.  Last read position: LG02:13,115,594
INFO	2021-10-25 22:21:37	AddOrReplaceReadGroups	Processed    40,000,000 records.  Elapsed time: 00:05:09s.  Time for last 1,000,000:    7s.  Last read position: LG02:17,518,242
INFO	2021-10-25 22:21:44	AddOrReplaceReadGroups	Processed    41,000,000 records.  Elapsed time: 00:05:16s.  Time for last 1,000,000:    7s.  Last read position: LG03:3,208,897
INFO	2021-10-25 22:21:51	AddOrReplaceReadGroups	Processed    42,000,000 records.  Elapsed time: 00:05:23s.  Time for last 1,000,000:    7s.  Last read position: LG03:8,324,937
INFO	2021-10-25 22:21:58	AddOrReplaceReadGroups	Processed    43,000,000 records.  Elapsed time: 00:05:30s.  Time for last 1,000,000:    7s.  Last read position: LG03:13,990,419
INFO	2021-10-25 22:22:06	AddOrReplaceReadGroups	Processed    44,000,000 records.  Elapsed time: 00:05:38s.  Time for last 1,000,000:    7s.  Last read position: LG04:2,769,284
INFO	2021-10-25 22:22:13	AddOrReplaceReadGroups	Processed    45,000,000 records.  Elapsed time: 00:05:45s.  Time for last 1,000,000:    7s.  Last read position: LG04:7,906,256
INFO	2021-10-25 22:22:20	AddOrReplaceReadGroups	Processed    46,000,000 records.  Elapsed time: 00:05:52s.  Time for last 1,000,000:    7s.  Last read position: LG04:12,828,723
INFO	2021-10-25 22:22:27	AddOrReplaceReadGroups	Processed    47,000,000 records.  Elapsed time: 00:05:59s.  Time for last 1,000,000:    7s.  Last read position: LG05:1,901,198
INFO	2021-10-25 22:22:35	AddOrReplaceReadGroups	Processed    48,000,000 records.  Elapsed time: 00:06:07s.  Time for last 1,000,000:    7s.  Last read position: LG05:6,756,238
INFO	2021-10-25 22:22:42	AddOrReplaceReadGroups	Processed    49,000,000 records.  Elapsed time: 00:06:14s.  Time for last 1,000,000:    7s.  Last read position: LG05:11,530,182
INFO	2021-10-25 22:22:49	AddOrReplaceReadGroups	Processed    50,000,000 records.  Elapsed time: 00:06:21s.  Time for last 1,000,000:    7s.  Last read position: LG05:16,819,756
INFO	2021-10-25 22:22:57	AddOrReplaceReadGroups	Processed    51,000,000 records.  Elapsed time: 00:06:28s.  Time for last 1,000,000:    7s.  Last read position: LG05:21,741,054
INFO	2021-10-25 22:23:04	AddOrReplaceReadGroups	Processed    52,000,000 records.  Elapsed time: 00:06:36s.  Time for last 1,000,000:    7s.  Last read position: LG06:3,914,701
INFO	2021-10-25 22:23:11	AddOrReplaceReadGroups	Processed    53,000,000 records.  Elapsed time: 00:06:43s.  Time for last 1,000,000:    7s.  Last read position: LG06:8,718,615
INFO	2021-10-25 22:23:18	AddOrReplaceReadGroups	Processed    54,000,000 records.  Elapsed time: 00:06:50s.  Time for last 1,000,000:    7s.  Last read position: LG07:1,207,793
INFO	2021-10-25 22:23:25	AddOrReplaceReadGroups	Processed    55,000,000 records.  Elapsed time: 00:06:57s.  Time for last 1,000,000:    7s.  Last read position: LG07:5,506,497
INFO	2021-10-25 22:23:33	AddOrReplaceReadGroups	Processed    56,000,000 records.  Elapsed time: 00:07:05s.  Time for last 1,000,000:    7s.  Last read position: LG07:10,802,765
INFO	2021-10-25 22:23:40	AddOrReplaceReadGroups	Processed    57,000,000 records.  Elapsed time: 00:07:12s.  Time for last 1,000,000:    7s.  Last read position: LG08:3,093,099
INFO	2021-10-25 22:23:47	AddOrReplaceReadGroups	Processed    58,000,000 records.  Elapsed time: 00:07:19s.  Time for last 1,000,000:    7s.  Last read position: LG08:8,613,622
INFO	2021-10-25 22:23:54	AddOrReplaceReadGroups	Processed    59,000,000 records.  Elapsed time: 00:07:26s.  Time for last 1,000,000:    7s.  Last read position: LG08:13,633,211
INFO	2021-10-25 22:24:02	AddOrReplaceReadGroups	Processed    60,000,000 records.  Elapsed time: 00:07:34s.  Time for last 1,000,000:    7s.  Last read position: LG09:2,656,068
INFO	2021-10-25 22:24:09	AddOrReplaceReadGroups	Processed    61,000,000 records.  Elapsed time: 00:07:41s.  Time for last 1,000,000:    7s.  Last read position: LG09:4,647,025
INFO	2021-10-25 22:24:16	AddOrReplaceReadGroups	Processed    62,000,000 records.  Elapsed time: 00:07:48s.  Time for last 1,000,000:    7s.  Last read position: LG09:9,636,399
INFO	2021-10-25 22:24:24	AddOrReplaceReadGroups	Processed    63,000,000 records.  Elapsed time: 00:07:55s.  Time for last 1,000,000:    7s.  Last read position: LG10:1,558,745
INFO	2021-10-25 22:24:31	AddOrReplaceReadGroups	Processed    64,000,000 records.  Elapsed time: 00:08:03s.  Time for last 1,000,000:    7s.  Last read position: LG10:6,267,420
INFO	2021-10-25 22:24:38	AddOrReplaceReadGroups	Processed    65,000,000 records.  Elapsed time: 00:08:10s.  Time for last 1,000,000:    7s.  Last read position: LG10:11,096,727
INFO	2021-10-25 22:24:45	AddOrReplaceReadGroups	Processed    66,000,000 records.  Elapsed time: 00:08:17s.  Time for last 1,000,000:    7s.  Last read position: LG10:15,823,014
INFO	2021-10-25 22:24:53	AddOrReplaceReadGroups	Processed    67,000,000 records.  Elapsed time: 00:08:25s.  Time for last 1,000,000:    7s.  Last read position: LG10:20,446,125
INFO	2021-10-25 22:25:00	AddOrReplaceReadGroups	Processed    68,000,000 records.  Elapsed time: 00:08:32s.  Time for last 1,000,000:    7s.  Last read position: LG10:25,343,276
INFO	2021-10-25 22:25:07	AddOrReplaceReadGroups	Processed    69,000,000 records.  Elapsed time: 00:08:39s.  Time for last 1,000,000:    7s.  Last read position: LG11:1,176,182
INFO	2021-10-25 22:25:15	AddOrReplaceReadGroups	Processed    70,000,000 records.  Elapsed time: 00:08:47s.  Time for last 1,000,000:    7s.  Last read position: LG11:7,493,404
INFO	2021-10-25 22:25:22	AddOrReplaceReadGroups	Processed    71,000,000 records.  Elapsed time: 00:08:54s.  Time for last 1,000,000:    7s.  Last read position: LG11:12,395,145
INFO	2021-10-25 22:25:29	AddOrReplaceReadGroups	Processed    72,000,000 records.  Elapsed time: 00:09:01s.  Time for last 1,000,000:    7s.  Last read position: LG11:16,733,425
INFO	2021-10-25 22:25:37	AddOrReplaceReadGroups	Processed    73,000,000 records.  Elapsed time: 00:09:09s.  Time for last 1,000,000:    7s.  Last read position: LG11:22,110,944
INFO	2021-10-25 22:25:44	AddOrReplaceReadGroups	Processed    74,000,000 records.  Elapsed time: 00:09:16s.  Time for last 1,000,000:    7s.  Last read position: LG12:234,761
INFO	2021-10-25 22:25:51	AddOrReplaceReadGroups	Processed    75,000,000 records.  Elapsed time: 00:09:23s.  Time for last 1,000,000:    7s.  Last read position: LG12:5,394,000
INFO	2021-10-25 22:25:58	AddOrReplaceReadGroups	Processed    76,000,000 records.  Elapsed time: 00:09:30s.  Time for last 1,000,000:    7s.  Last read position: LG12:10,279,182
INFO	2021-10-25 22:26:06	AddOrReplaceReadGroups	Processed    77,000,000 records.  Elapsed time: 00:09:38s.  Time for last 1,000,000:    7s.  Last read position: LG13:893,025
INFO	2021-10-25 22:26:13	AddOrReplaceReadGroups	Processed    78,000,000 records.  Elapsed time: 00:09:45s.  Time for last 1,000,000:    7s.  Last read position: LG13:5,279,364
INFO	2021-10-25 22:26:20	AddOrReplaceReadGroups	Processed    79,000,000 records.  Elapsed time: 00:09:52s.  Time for last 1,000,000:    7s.  Last read position: LG13:9,741,350
INFO	2021-10-25 22:26:27	AddOrReplaceReadGroups	Processed    80,000,000 records.  Elapsed time: 00:09:59s.  Time for last 1,000,000:    7s.  Last read position: LG13:14,247,764
INFO	2021-10-25 22:26:35	AddOrReplaceReadGroups	Processed    81,000,000 records.  Elapsed time: 00:10:06s.  Time for last 1,000,000:    7s.  Last read position: LG14:3,942,312
INFO	2021-10-25 22:26:42	AddOrReplaceReadGroups	Processed    82,000,000 records.  Elapsed time: 00:10:14s.  Time for last 1,000,000:    7s.  Last read position: LG14:8,830,964
INFO	2021-10-25 22:26:49	AddOrReplaceReadGroups	Processed    83,000,000 records.  Elapsed time: 00:10:21s.  Time for last 1,000,000:    7s.  Last read position: LG14:13,478,574
INFO	2021-10-25 22:26:56	AddOrReplaceReadGroups	Processed    84,000,000 records.  Elapsed time: 00:10:28s.  Time for last 1,000,000:    7s.  Last read position: LG15:4,245,285
INFO	2021-10-25 22:27:04	AddOrReplaceReadGroups	Processed    85,000,000 records.  Elapsed time: 00:10:35s.  Time for last 1,000,000:    7s.  Last read position: LG15:9,363,744
INFO	2021-10-25 22:27:11	AddOrReplaceReadGroups	Processed    86,000,000 records.  Elapsed time: 00:10:43s.  Time for last 1,000,000:    7s.  Last read position: LG15:13,946,127
INFO	2021-10-25 22:27:18	AddOrReplaceReadGroups	Processed    87,000,000 records.  Elapsed time: 00:10:50s.  Time for last 1,000,000:    7s.  Last read position: LG16:466,975
INFO	2021-10-25 22:27:25	AddOrReplaceReadGroups	Processed    88,000,000 records.  Elapsed time: 00:10:57s.  Time for last 1,000,000:    7s.  Last read position: LG16:5,301,684
INFO	2021-10-25 22:27:32	AddOrReplaceReadGroups	Processed    89,000,000 records.  Elapsed time: 00:11:04s.  Time for last 1,000,000:    7s.  Last read position: LG16:10,582,243
INFO	2021-10-25 22:27:40	AddOrReplaceReadGroups	Processed    90,000,000 records.  Elapsed time: 00:11:12s.  Time for last 1,000,000:    7s.  Last read position: LG16:14,899,105
INFO	2021-10-25 22:27:47	AddOrReplaceReadGroups	Processed    91,000,000 records.  Elapsed time: 00:11:19s.  Time for last 1,000,000:    7s.  Last read position: LG17:3,673,094
INFO	2021-10-25 22:27:54	AddOrReplaceReadGroups	Processed    92,000,000 records.  Elapsed time: 00:11:26s.  Time for last 1,000,000:    7s.  Last read position: LG17:7,749,376
INFO	2021-10-25 22:28:02	AddOrReplaceReadGroups	Processed    93,000,000 records.  Elapsed time: 00:11:34s.  Time for last 1,000,000:    7s.  Last read position: LG18:9,072
INFO	2021-10-25 22:28:09	AddOrReplaceReadGroups	Processed    94,000,000 records.  Elapsed time: 00:11:41s.  Time for last 1,000,000:    7s.  Last read position: LG18:5,209,398
INFO	2021-10-25 22:28:16	AddOrReplaceReadGroups	Processed    95,000,000 records.  Elapsed time: 00:11:48s.  Time for last 1,000,000:    7s.  Last read position: LG18:9,664,233
INFO	2021-10-25 22:28:24	AddOrReplaceReadGroups	Processed    96,000,000 records.  Elapsed time: 00:11:55s.  Time for last 1,000,000:    7s.  Last read position: LG19:1,695,718
INFO	2021-10-25 22:28:31	AddOrReplaceReadGroups	Processed    97,000,000 records.  Elapsed time: 00:12:03s.  Time for last 1,000,000:    7s.  Last read position: LG19:5,908,311
INFO	2021-10-25 22:28:38	AddOrReplaceReadGroups	Processed    98,000,000 records.  Elapsed time: 00:12:10s.  Time for last 1,000,000:    7s.  Last read position: LG19:10,666,483
INFO	2021-10-25 22:28:45	AddOrReplaceReadGroups	Processed    99,000,000 records.  Elapsed time: 00:12:17s.  Time for last 1,000,000:    7s.  Last read position: LG20:101,802
INFO	2021-10-25 22:28:53	AddOrReplaceReadGroups	Processed   100,000,000 records.  Elapsed time: 00:12:24s.  Time for last 1,000,000:    7s.  Last read position: LG20:5,216,928
INFO	2021-10-25 22:29:00	AddOrReplaceReadGroups	Processed   101,000,000 records.  Elapsed time: 00:12:32s.  Time for last 1,000,000:    7s.  Last read position: LG20:10,183,197
INFO	2021-10-25 22:29:07	AddOrReplaceReadGroups	Processed   102,000,000 records.  Elapsed time: 00:12:39s.  Time for last 1,000,000:    7s.  Last read position: LG21:2,155,371
INFO	2021-10-25 22:29:14	AddOrReplaceReadGroups	Processed   103,000,000 records.  Elapsed time: 00:12:46s.  Time for last 1,000,000:    7s.  Last read position: LG21:6,249,491
INFO	2021-10-25 22:29:21	AddOrReplaceReadGroups	Processed   104,000,000 records.  Elapsed time: 00:12:53s.  Time for last 1,000,000:    7s.  Last read position: LG21:10,944,230
INFO	2021-10-25 22:29:29	AddOrReplaceReadGroups	Processed   105,000,000 records.  Elapsed time: 00:13:01s.  Time for last 1,000,000:    7s.  Last read position: LG22:1,280,782
INFO	2021-10-25 22:29:36	AddOrReplaceReadGroups	Processed   106,000,000 records.  Elapsed time: 00:13:08s.  Time for last 1,000,000:    7s.  Last read position: LG22:5,490,095
INFO	2021-10-25 22:29:43	AddOrReplaceReadGroups	Processed   107,000,000 records.  Elapsed time: 00:13:15s.  Time for last 1,000,000:    7s.  Last read position: LG22:10,121,912
INFO	2021-10-25 22:29:50	AddOrReplaceReadGroups	Processed   108,000,000 records.  Elapsed time: 00:13:22s.  Time for last 1,000,000:    7s.  Last read position: LG23:2,732,715
INFO	2021-10-25 22:29:58	AddOrReplaceReadGroups	Processed   109,000,000 records.  Elapsed time: 00:13:30s.  Time for last 1,000,000:    7s.  Last read position: LG23:7,313,458
INFO	2021-10-25 22:30:05	AddOrReplaceReadGroups	Processed   110,000,000 records.  Elapsed time: 00:13:37s.  Time for last 1,000,000:    7s.  Last read position: LG23:11,748,379
INFO	2021-10-25 22:30:12	AddOrReplaceReadGroups	Processed   111,000,000 records.  Elapsed time: 00:13:44s.  Time for last 1,000,000:    7s.  Last read position: LG23:16,208,341
INFO	2021-10-25 22:30:20	AddOrReplaceReadGroups	Processed   112,000,000 records.  Elapsed time: 00:13:52s.  Time for last 1,000,000:    7s.  Last read position: LG24:4,486,932
INFO	2021-10-25 22:30:27	AddOrReplaceReadGroups	Processed   113,000,000 records.  Elapsed time: 00:13:59s.  Time for last 1,000,000:    7s.  Last read position: LG24:9,471,662
INFO	2021-10-25 22:30:34	AddOrReplaceReadGroups	Processed   114,000,000 records.  Elapsed time: 00:14:06s.  Time for last 1,000,000:    7s.  Last read position: LG25:1,033,243
INFO	2021-10-25 22:30:41	AddOrReplaceReadGroups	Processed   115,000,000 records.  Elapsed time: 00:14:13s.  Time for last 1,000,000:    7s.  Last read position: LG25:5,911,104
INFO	2021-10-25 22:30:49	AddOrReplaceReadGroups	Processed   116,000,000 records.  Elapsed time: 00:14:21s.  Time for last 1,000,000:    7s.  Last read position: LG25:11,047,819
INFO	2021-10-25 22:30:56	AddOrReplaceReadGroups	Processed   117,000,000 records.  Elapsed time: 00:14:28s.  Time for last 1,000,000:    7s.  Last read position: LG26:1,795,607
INFO	2021-10-25 22:31:03	AddOrReplaceReadGroups	Processed   118,000,000 records.  Elapsed time: 00:14:35s.  Time for last 1,000,000:    7s.  Last read position: LG26:5,721,412
INFO	2021-10-25 22:31:10	AddOrReplaceReadGroups	Processed   119,000,000 records.  Elapsed time: 00:14:42s.  Time for last 1,000,000:    7s.  Last read position: LG26:10,877,774
INFO	2021-10-25 22:31:18	AddOrReplaceReadGroups	Processed   120,000,000 records.  Elapsed time: 00:14:50s.  Time for last 1,000,000:    7s.  Last read position: LG27:2,197,589
INFO	2021-10-25 22:31:25	AddOrReplaceReadGroups	Processed   121,000,000 records.  Elapsed time: 00:14:57s.  Time for last 1,000,000:    7s.  Last read position: LG27:7,226,709
INFO	2021-10-25 22:31:32	AddOrReplaceReadGroups	Processed   122,000,000 records.  Elapsed time: 00:15:04s.  Time for last 1,000,000:    7s.  Last read position: LG27:12,378,452
INFO	2021-10-25 22:31:40	AddOrReplaceReadGroups	Processed   123,000,000 records.  Elapsed time: 00:15:11s.  Time for last 1,000,000:    7s.  Last read position: LG28:4,969,065
INFO	2021-10-25 22:31:47	AddOrReplaceReadGroups	Processed   124,000,000 records.  Elapsed time: 00:15:19s.  Time for last 1,000,000:    7s.  Last read position: LG28:9,953,121
INFO	2021-10-25 22:31:54	AddOrReplaceReadGroups	Processed   125,000,000 records.  Elapsed time: 00:15:26s.  Time for last 1,000,000:    7s.  Last read position: LG29:2,465,940
INFO	2021-10-25 22:32:01	AddOrReplaceReadGroups	Processed   126,000,000 records.  Elapsed time: 00:15:33s.  Time for last 1,000,000:    7s.  Last read position: LG30:1,620,799
INFO	2021-10-25 22:32:08	AddOrReplaceReadGroups	Processed   127,000,000 records.  Elapsed time: 00:15:40s.  Time for last 1,000,000:    7s.  Last read position: LG30:6,532,650
INFO	2021-10-25 22:32:15	AddOrReplaceReadGroups	Processed   128,000,000 records.  Elapsed time: 00:15:47s.  Time for last 1,000,000:    7s.  Last read position: UNPIN3877:6,654
INFO	2021-10-25 22:32:23	AddOrReplaceReadGroups	Processed   129,000,000 records.  Elapsed time: 00:15:55s.  Time for last 1,000,000:    7s.  Last read position: UNPIN3877:18,785
INFO	2021-10-25 22:32:30	AddOrReplaceReadGroups	Processed   130,000,000 records.  Elapsed time: 00:16:02s.  Time for last 1,000,000:    7s.  Last read position: UNPIN3877:30,079
INFO	2021-10-25 22:32:37	AddOrReplaceReadGroups	Processed   131,000,000 records.  Elapsed time: 00:16:09s.  Time for last 1,000,000:    7s.  Last read position: UNPIN3877:42,211
INFO	2021-10-25 22:32:44	AddOrReplaceReadGroups	Processed   132,000,000 records.  Elapsed time: 00:16:16s.  Time for last 1,000,000:    7s.  Last read position: UNPIN3877:55,732
INFO	2021-10-25 22:32:51	AddOrReplaceReadGroups	Processed   133,000,000 records.  Elapsed time: 00:16:23s.  Time for last 1,000,000:    7s.  Last read position: UNPIN3877:67,517
INFO	2021-10-25 22:32:58	AddOrReplaceReadGroups	Processed   134,000,000 records.  Elapsed time: 00:16:30s.  Time for last 1,000,000:    6s.  Last read position: UNPIN3877:79,118
INFO	2021-10-25 22:33:05	AddOrReplaceReadGroups	Processed   135,000,000 records.  Elapsed time: 00:16:37s.  Time for last 1,000,000:    6s.  Last read position: UNPIN3877:91,429
INFO	2021-10-25 22:33:12	AddOrReplaceReadGroups	Processed   136,000,000 records.  Elapsed time: 00:16:44s.  Time for last 1,000,000:    7s.  Last read position: UNPIN3877:102,865
INFO	2021-10-25 22:33:19	AddOrReplaceReadGroups	Processed   137,000,000 records.  Elapsed time: 00:16:51s.  Time for last 1,000,000:    6s.  Last read position: UNPIN3877:114,887
INFO	2021-10-25 22:33:26	AddOrReplaceReadGroups	Processed   138,000,000 records.  Elapsed time: 00:16:58s.  Time for last 1,000,000:    6s.  Last read position: UNPIN3877:126,569
INFO	2021-10-25 22:33:33	AddOrReplaceReadGroups	Processed   139,000,000 records.  Elapsed time: 00:17:05s.  Time for last 1,000,000:    7s.  Last read position: UNPIN3878:19,672
INFO	2021-10-25 22:33:39	AddOrReplaceReadGroups	Processed   140,000,000 records.  Elapsed time: 00:17:11s.  Time for last 1,000,000:    6s.  Last read position: */*
INFO	2021-10-25 22:33:44	AddOrReplaceReadGroups	Processed   141,000,000 records.  Elapsed time: 00:17:16s.  Time for last 1,000,000:    4s.  Last read position: */*
INFO	2021-10-25 22:33:50	AddOrReplaceReadGroups	Processed   142,000,000 records.  Elapsed time: 00:17:22s.  Time for last 1,000,000:    6s.  Last read position: */*
INFO	2021-10-25 22:33:56	AddOrReplaceReadGroups	Processed   143,000,000 records.  Elapsed time: 00:17:28s.  Time for last 1,000,000:    5s.  Last read position: */*
INFO	2021-10-25 22:34:01	AddOrReplaceReadGroups	Processed   144,000,000 records.  Elapsed time: 00:17:33s.  Time for last 1,000,000:    4s.  Last read position: */*
INFO	2021-10-25 22:34:06	AddOrReplaceReadGroups	Processed   145,000,000 records.  Elapsed time: 00:17:37s.  Time for last 1,000,000:    4s.  Last read position: */*
INFO	2021-10-25 22:34:10	AddOrReplaceReadGroups	Processed   146,000,000 records.  Elapsed time: 00:17:42s.  Time for last 1,000,000:    4s.  Last read position: */*
INFO	2021-10-25 22:34:15	AddOrReplaceReadGroups	Processed   147,000,000 records.  Elapsed time: 00:17:47s.  Time for last 1,000,000:    4s.  Last read position: */*
INFO	2021-10-25 22:34:20	AddOrReplaceReadGroups	Processed   148,000,000 records.  Elapsed time: 00:17:52s.  Time for last 1,000,000:    4s.  Last read position: */*
INFO	2021-10-25 22:34:25	AddOrReplaceReadGroups	Processed   149,000,000 records.  Elapsed time: 00:17:57s.  Time for last 1,000,000:    4s.  Last read position: */*
[Mon Oct 25 22:34:27 PDT 2021] picard.sam.AddOrReplaceReadGroups done. Elapsed time: 17.99 minutes.
Runtime.totalMemory()=46682112
Tool returned:
0
