==========================================
SLURM_JOB_ID = 2289046
SLURM_JOB_NODELIST = b08-12
TMPDIR = /tmp/SLURM_2289046
==========================================
Running Sample ID SRR12223707_SRP271933_Undaria_pinnatifida_individual_39_2018-01-04_NAT_Kr_Goseong_3_South_Korea with options  --RGID CC860ANXX.4 --RGLB SRR12223707 --RGPL ILLUMINA --RGPU CC860ANXX.4.SRR12223707 --RGSM NAT_Kr_Goseong_3_South_Korea 
Using GATK jar /home1/mharden/.conda/envs/gatk4/share/gatk4-4.2.2.0-1/gatk-package-4.2.2.0-local.jar
Running:
    java -Dsamjdk.use_async_io_read_samtools=false -Dsamjdk.use_async_io_write_samtools=true -Dsamjdk.use_async_io_write_tribble=false -Dsamjdk.compression_level=2 -jar /home1/mharden/.conda/envs/gatk4/share/gatk4-4.2.2.0-1/gatk-package-4.2.2.0-local.jar AddOrReplaceReadGroups -I SRR12223707_SRP271933_Undaria_pinnatifida_individual_39_2018-01-04_NAT_Kr_Goseong_3_South_Korea.sorted.bam -O SRR12223707_SRP271933_Undaria_pinnatifida_individual_39_2018-01-04_NAT_Kr_Goseong_3_South_Korea.RG.sorted.bam --RGID CC860ANXX.4 --RGLB SRR12223707 --RGPL ILLUMINA --RGPU CC860ANXX.4.SRR12223707 --RGSM NAT_Kr_Goseong_3_South_Korea
21:55:00.863 INFO  NativeLibraryLoader - Loading libgkl_compression.so from jar:file:/home1/mharden/.conda/envs/gatk4/share/gatk4-4.2.2.0-1/gatk-package-4.2.2.0-local.jar!/com/intel/gkl/native/libgkl_compression.so
[Mon Oct 25 21:55:00 PDT 2021] AddOrReplaceReadGroups --INPUT SRR12223707_SRP271933_Undaria_pinnatifida_individual_39_2018-01-04_NAT_Kr_Goseong_3_South_Korea.sorted.bam --OUTPUT SRR12223707_SRP271933_Undaria_pinnatifida_individual_39_2018-01-04_NAT_Kr_Goseong_3_South_Korea.RG.sorted.bam --RGID CC860ANXX.4 --RGLB SRR12223707 --RGPL ILLUMINA --RGPU CC860ANXX.4.SRR12223707 --RGSM NAT_Kr_Goseong_3_South_Korea --VERBOSITY INFO --QUIET false --VALIDATION_STRINGENCY STRICT --COMPRESSION_LEVEL 2 --MAX_RECORDS_IN_RAM 500000 --CREATE_INDEX false --CREATE_MD5_FILE false --GA4GH_CLIENT_SECRETS client_secrets.json --help false --version false --showHidden false --USE_JDK_DEFLATER false --USE_JDK_INFLATER false
Oct 25, 2021 9:55:01 PM shaded.cloud_nio.com.google.auth.oauth2.ComputeEngineCredentials runningOnComputeEngine
INFO: Failed to detect whether we are running on Google Compute Engine.
[Mon Oct 25 21:55:01 PDT 2021] Executing as mharden@b08-12.hpc.usc.edu on Linux 3.10.0-1062.4.1.el7.x86_64 amd64; OpenJDK 64-Bit Server VM 1.8.0_302-b08; Deflater: Intel; Inflater: Intel; Provider GCS is available; Picard version: Version:4.2.2.0
INFO	2021-10-25 21:55:01	AddOrReplaceReadGroups	Created read-group ID=CC860ANXX.4 PL=ILLUMINA LB=SRR12223707 SM=NAT_Kr_Goseong_3_South_Korea

INFO	2021-10-25 21:55:10	AddOrReplaceReadGroups	Processed     1,000,000 records.  Elapsed time: 00:00:09s.  Time for last 1,000,000:    9s.  Last read position: LG00:4,837,555
INFO	2021-10-25 21:55:19	AddOrReplaceReadGroups	Processed     2,000,000 records.  Elapsed time: 00:00:18s.  Time for last 1,000,000:    9s.  Last read position: LG00:7,327,972
INFO	2021-10-25 21:55:28	AddOrReplaceReadGroups	Processed     3,000,000 records.  Elapsed time: 00:00:27s.  Time for last 1,000,000:    8s.  Last read position: LG00:11,764,554
INFO	2021-10-25 21:55:36	AddOrReplaceReadGroups	Processed     4,000,000 records.  Elapsed time: 00:00:35s.  Time for last 1,000,000:    8s.  Last read position: LG00:15,766,279
INFO	2021-10-25 21:55:44	AddOrReplaceReadGroups	Processed     5,000,000 records.  Elapsed time: 00:00:43s.  Time for last 1,000,000:    8s.  Last read position: LG00:20,181,384
INFO	2021-10-25 21:55:52	AddOrReplaceReadGroups	Processed     6,000,000 records.  Elapsed time: 00:00:51s.  Time for last 1,000,000:    7s.  Last read position: LG00:25,212,375
INFO	2021-10-25 21:56:00	AddOrReplaceReadGroups	Processed     7,000,000 records.  Elapsed time: 00:00:59s.  Time for last 1,000,000:    7s.  Last read position: LG00:29,341,393
INFO	2021-10-25 21:56:08	AddOrReplaceReadGroups	Processed     8,000,000 records.  Elapsed time: 00:01:06s.  Time for last 1,000,000:    7s.  Last read position: LG00:33,970,182
INFO	2021-10-25 21:56:16	AddOrReplaceReadGroups	Processed     9,000,000 records.  Elapsed time: 00:01:14s.  Time for last 1,000,000:    7s.  Last read position: LG00:38,287,946
INFO	2021-10-25 21:56:23	AddOrReplaceReadGroups	Processed    10,000,000 records.  Elapsed time: 00:01:22s.  Time for last 1,000,000:    7s.  Last read position: LG00:42,937,189
INFO	2021-10-25 21:56:31	AddOrReplaceReadGroups	Processed    11,000,000 records.  Elapsed time: 00:01:30s.  Time for last 1,000,000:    8s.  Last read position: LG00:47,780,566
INFO	2021-10-25 21:56:39	AddOrReplaceReadGroups	Processed    12,000,000 records.  Elapsed time: 00:01:38s.  Time for last 1,000,000:    7s.  Last read position: LG00:52,817,063
INFO	2021-10-25 21:56:47	AddOrReplaceReadGroups	Processed    13,000,000 records.  Elapsed time: 00:01:46s.  Time for last 1,000,000:    7s.  Last read position: LG00:57,923,962
INFO	2021-10-25 21:56:55	AddOrReplaceReadGroups	Processed    14,000,000 records.  Elapsed time: 00:01:53s.  Time for last 1,000,000:    7s.  Last read position: LG00:63,249,972
INFO	2021-10-25 21:57:02	AddOrReplaceReadGroups	Processed    15,000,000 records.  Elapsed time: 00:02:01s.  Time for last 1,000,000:    7s.  Last read position: LG00:68,832,452
INFO	2021-10-25 21:57:09	AddOrReplaceReadGroups	Processed    16,000,000 records.  Elapsed time: 00:02:08s.  Time for last 1,000,000:    7s.  Last read position: LG00:74,006,554
INFO	2021-10-25 21:57:17	AddOrReplaceReadGroups	Processed    17,000,000 records.  Elapsed time: 00:02:15s.  Time for last 1,000,000:    7s.  Last read position: LG00:79,454,238
INFO	2021-10-25 21:57:24	AddOrReplaceReadGroups	Processed    18,000,000 records.  Elapsed time: 00:02:23s.  Time for last 1,000,000:    7s.  Last read position: LG00:84,623,137
INFO	2021-10-25 21:57:32	AddOrReplaceReadGroups	Processed    19,000,000 records.  Elapsed time: 00:02:30s.  Time for last 1,000,000:    7s.  Last read position: LG00:90,010,648
INFO	2021-10-25 21:57:39	AddOrReplaceReadGroups	Processed    20,000,000 records.  Elapsed time: 00:02:38s.  Time for last 1,000,000:    7s.  Last read position: LG00:95,509,797
INFO	2021-10-25 21:57:47	AddOrReplaceReadGroups	Processed    21,000,000 records.  Elapsed time: 00:02:45s.  Time for last 1,000,000:    7s.  Last read position: LG00:101,648,868
INFO	2021-10-25 21:57:54	AddOrReplaceReadGroups	Processed    22,000,000 records.  Elapsed time: 00:02:53s.  Time for last 1,000,000:    7s.  Last read position: LG00:107,293,211
INFO	2021-10-25 21:58:02	AddOrReplaceReadGroups	Processed    23,000,000 records.  Elapsed time: 00:03:00s.  Time for last 1,000,000:    7s.  Last read position: LG00:113,590,751
INFO	2021-10-25 21:58:09	AddOrReplaceReadGroups	Processed    24,000,000 records.  Elapsed time: 00:03:08s.  Time for last 1,000,000:    7s.  Last read position: LG00:119,084,631
INFO	2021-10-25 21:58:17	AddOrReplaceReadGroups	Processed    25,000,000 records.  Elapsed time: 00:03:16s.  Time for last 1,000,000:    7s.  Last read position: LG00:125,321,892
INFO	2021-10-25 21:58:25	AddOrReplaceReadGroups	Processed    26,000,000 records.  Elapsed time: 00:03:24s.  Time for last 1,000,000:    7s.  Last read position: LG00:131,065,449
INFO	2021-10-25 21:58:35	AddOrReplaceReadGroups	Processed    27,000,000 records.  Elapsed time: 00:03:33s.  Time for last 1,000,000:    9s.  Last read position: LG00:136,594,129
INFO	2021-10-25 21:58:52	AddOrReplaceReadGroups	Processed    28,000,000 records.  Elapsed time: 00:03:51s.  Time for last 1,000,000:   17s.  Last read position: LG00:142,521,399
INFO	2021-10-25 21:59:00	AddOrReplaceReadGroups	Processed    29,000,000 records.  Elapsed time: 00:03:58s.  Time for last 1,000,000:    7s.  Last read position: LG00:148,445,086
INFO	2021-10-25 21:59:07	AddOrReplaceReadGroups	Processed    30,000,000 records.  Elapsed time: 00:04:06s.  Time for last 1,000,000:    7s.  Last read position: LG00:152,570,787
INFO	2021-10-25 21:59:15	AddOrReplaceReadGroups	Processed    31,000,000 records.  Elapsed time: 00:04:13s.  Time for last 1,000,000:    7s.  Last read position: LG00:153,713,972
INFO	2021-10-25 21:59:22	AddOrReplaceReadGroups	Processed    32,000,000 records.  Elapsed time: 00:04:21s.  Time for last 1,000,000:    7s.  Last read position: LG00:159,857,376
INFO	2021-10-25 21:59:30	AddOrReplaceReadGroups	Processed    33,000,000 records.  Elapsed time: 00:04:28s.  Time for last 1,000,000:    7s.  Last read position: LG00:165,819,015
INFO	2021-10-25 21:59:37	AddOrReplaceReadGroups	Processed    34,000,000 records.  Elapsed time: 00:04:36s.  Time for last 1,000,000:    7s.  Last read position: LG00:170,824,352
INFO	2021-10-25 21:59:45	AddOrReplaceReadGroups	Processed    35,000,000 records.  Elapsed time: 00:04:43s.  Time for last 1,000,000:    7s.  Last read position: LG00:173,781,065
INFO	2021-10-25 21:59:52	AddOrReplaceReadGroups	Processed    36,000,000 records.  Elapsed time: 00:04:51s.  Time for last 1,000,000:    7s.  Last read position: LG01:2,466,018
INFO	2021-10-25 22:00:00	AddOrReplaceReadGroups	Processed    37,000,000 records.  Elapsed time: 00:04:58s.  Time for last 1,000,000:    7s.  Last read position: LG01:6,773,887
INFO	2021-10-25 22:00:07	AddOrReplaceReadGroups	Processed    38,000,000 records.  Elapsed time: 00:05:06s.  Time for last 1,000,000:    7s.  Last read position: LG01:10,845,547
INFO	2021-10-25 22:00:15	AddOrReplaceReadGroups	Processed    39,000,000 records.  Elapsed time: 00:05:14s.  Time for last 1,000,000:    7s.  Last read position: LG01:14,870,069
INFO	2021-10-25 22:00:22	AddOrReplaceReadGroups	Processed    40,000,000 records.  Elapsed time: 00:05:21s.  Time for last 1,000,000:    7s.  Last read position: LG01:18,970,607
INFO	2021-10-25 22:00:30	AddOrReplaceReadGroups	Processed    41,000,000 records.  Elapsed time: 00:05:29s.  Time for last 1,000,000:    7s.  Last read position: LG01:23,087,878
INFO	2021-10-25 22:00:38	AddOrReplaceReadGroups	Processed    42,000,000 records.  Elapsed time: 00:05:36s.  Time for last 1,000,000:    7s.  Last read position: LG01:26,581,569
INFO	2021-10-25 22:00:45	AddOrReplaceReadGroups	Processed    43,000,000 records.  Elapsed time: 00:05:44s.  Time for last 1,000,000:    7s.  Last read position: LG02:3,121,178
INFO	2021-10-25 22:00:53	AddOrReplaceReadGroups	Processed    44,000,000 records.  Elapsed time: 00:05:51s.  Time for last 1,000,000:    7s.  Last read position: LG02:6,405,808
INFO	2021-10-25 22:01:00	AddOrReplaceReadGroups	Processed    45,000,000 records.  Elapsed time: 00:05:59s.  Time for last 1,000,000:    7s.  Last read position: LG02:9,780,246
INFO	2021-10-25 22:01:08	AddOrReplaceReadGroups	Processed    46,000,000 records.  Elapsed time: 00:06:06s.  Time for last 1,000,000:    7s.  Last read position: LG02:13,429,738
INFO	2021-10-25 22:01:15	AddOrReplaceReadGroups	Processed    47,000,000 records.  Elapsed time: 00:06:14s.  Time for last 1,000,000:    7s.  Last read position: LG02:17,440,137
INFO	2021-10-25 22:01:23	AddOrReplaceReadGroups	Processed    48,000,000 records.  Elapsed time: 00:06:21s.  Time for last 1,000,000:    7s.  Last read position: LG03:1,977,728
INFO	2021-10-25 22:01:30	AddOrReplaceReadGroups	Processed    49,000,000 records.  Elapsed time: 00:06:29s.  Time for last 1,000,000:    7s.  Last read position: LG03:6,770,806
INFO	2021-10-25 22:01:38	AddOrReplaceReadGroups	Processed    50,000,000 records.  Elapsed time: 00:06:36s.  Time for last 1,000,000:    7s.  Last read position: LG03:10,945,130
INFO	2021-10-25 22:01:45	AddOrReplaceReadGroups	Processed    51,000,000 records.  Elapsed time: 00:06:44s.  Time for last 1,000,000:    7s.  Last read position: LG03:16,107,058
INFO	2021-10-25 22:01:53	AddOrReplaceReadGroups	Processed    52,000,000 records.  Elapsed time: 00:06:51s.  Time for last 1,000,000:    7s.  Last read position: LG04:3,424,297
INFO	2021-10-25 22:02:00	AddOrReplaceReadGroups	Processed    53,000,000 records.  Elapsed time: 00:06:59s.  Time for last 1,000,000:    7s.  Last read position: LG04:7,495,830
INFO	2021-10-25 22:02:08	AddOrReplaceReadGroups	Processed    54,000,000 records.  Elapsed time: 00:07:06s.  Time for last 1,000,000:    7s.  Last read position: LG04:11,458,594
INFO	2021-10-25 22:02:15	AddOrReplaceReadGroups	Processed    55,000,000 records.  Elapsed time: 00:07:14s.  Time for last 1,000,000:    7s.  Last read position: LG04:15,297,680
INFO	2021-10-25 22:02:22	AddOrReplaceReadGroups	Processed    56,000,000 records.  Elapsed time: 00:07:21s.  Time for last 1,000,000:    7s.  Last read position: LG05:3,309,528
INFO	2021-10-25 22:02:30	AddOrReplaceReadGroups	Processed    57,000,000 records.  Elapsed time: 00:07:28s.  Time for last 1,000,000:    7s.  Last read position: LG05:6,848,086
INFO	2021-10-25 22:02:37	AddOrReplaceReadGroups	Processed    58,000,000 records.  Elapsed time: 00:07:36s.  Time for last 1,000,000:    7s.  Last read position: LG05:10,214,415
INFO	2021-10-25 22:02:45	AddOrReplaceReadGroups	Processed    59,000,000 records.  Elapsed time: 00:07:43s.  Time for last 1,000,000:    7s.  Last read position: LG05:13,831,783
INFO	2021-10-25 22:02:52	AddOrReplaceReadGroups	Processed    60,000,000 records.  Elapsed time: 00:07:51s.  Time for last 1,000,000:    7s.  Last read position: LG05:17,642,187
INFO	2021-10-25 22:02:59	AddOrReplaceReadGroups	Processed    61,000,000 records.  Elapsed time: 00:07:58s.  Time for last 1,000,000:    7s.  Last read position: LG05:21,347,865
INFO	2021-10-25 22:03:07	AddOrReplaceReadGroups	Processed    62,000,000 records.  Elapsed time: 00:08:05s.  Time for last 1,000,000:    7s.  Last read position: LG06:2,656,944
INFO	2021-10-25 22:03:14	AddOrReplaceReadGroups	Processed    63,000,000 records.  Elapsed time: 00:08:13s.  Time for last 1,000,000:    7s.  Last read position: LG06:6,626,013
INFO	2021-10-25 22:03:22	AddOrReplaceReadGroups	Processed    64,000,000 records.  Elapsed time: 00:08:20s.  Time for last 1,000,000:    7s.  Last read position: LG06:10,583,148
INFO	2021-10-25 22:03:29	AddOrReplaceReadGroups	Processed    65,000,000 records.  Elapsed time: 00:08:28s.  Time for last 1,000,000:    7s.  Last read position: LG07:1,819,212
INFO	2021-10-25 22:03:37	AddOrReplaceReadGroups	Processed    66,000,000 records.  Elapsed time: 00:08:35s.  Time for last 1,000,000:    7s.  Last read position: LG07:5,175,343
INFO	2021-10-25 22:03:44	AddOrReplaceReadGroups	Processed    67,000,000 records.  Elapsed time: 00:08:43s.  Time for last 1,000,000:    7s.  Last read position: LG07:9,400,206
INFO	2021-10-25 22:03:51	AddOrReplaceReadGroups	Processed    68,000,000 records.  Elapsed time: 00:08:50s.  Time for last 1,000,000:    7s.  Last read position: LG08:1,198,887
INFO	2021-10-25 22:03:59	AddOrReplaceReadGroups	Processed    69,000,000 records.  Elapsed time: 00:08:57s.  Time for last 1,000,000:    7s.  Last read position: LG08:5,328,145
INFO	2021-10-25 22:04:06	AddOrReplaceReadGroups	Processed    70,000,000 records.  Elapsed time: 00:09:05s.  Time for last 1,000,000:    7s.  Last read position: LG08:9,964,319
INFO	2021-10-25 22:04:13	AddOrReplaceReadGroups	Processed    71,000,000 records.  Elapsed time: 00:09:12s.  Time for last 1,000,000:    7s.  Last read position: LG08:14,296,375
INFO	2021-10-25 22:04:21	AddOrReplaceReadGroups	Processed    72,000,000 records.  Elapsed time: 00:09:19s.  Time for last 1,000,000:    7s.  Last read position: LG09:2,657,122
INFO	2021-10-25 22:04:28	AddOrReplaceReadGroups	Processed    73,000,000 records.  Elapsed time: 00:09:27s.  Time for last 1,000,000:    7s.  Last read position: LG09:4,163,555
INFO	2021-10-25 22:04:35	AddOrReplaceReadGroups	Processed    74,000,000 records.  Elapsed time: 00:09:34s.  Time for last 1,000,000:    7s.  Last read position: LG09:8,229,924
INFO	2021-10-25 22:04:43	AddOrReplaceReadGroups	Processed    75,000,000 records.  Elapsed time: 00:09:41s.  Time for last 1,000,000:    7s.  Last read position: LG09:11,884,061
INFO	2021-10-25 22:04:50	AddOrReplaceReadGroups	Processed    76,000,000 records.  Elapsed time: 00:09:49s.  Time for last 1,000,000:    7s.  Last read position: LG10:2,745,434
INFO	2021-10-25 22:04:58	AddOrReplaceReadGroups	Processed    77,000,000 records.  Elapsed time: 00:09:56s.  Time for last 1,000,000:    7s.  Last read position: LG10:6,592,226
INFO	2021-10-25 22:05:05	AddOrReplaceReadGroups	Processed    78,000,000 records.  Elapsed time: 00:10:04s.  Time for last 1,000,000:    7s.  Last read position: LG10:10,215,420
INFO	2021-10-25 22:05:13	AddOrReplaceReadGroups	Processed    79,000,000 records.  Elapsed time: 00:10:11s.  Time for last 1,000,000:    7s.  Last read position: LG10:14,498,779
INFO	2021-10-25 22:05:20	AddOrReplaceReadGroups	Processed    80,000,000 records.  Elapsed time: 00:10:19s.  Time for last 1,000,000:    7s.  Last read position: LG10:17,811,425
INFO	2021-10-25 22:05:27	AddOrReplaceReadGroups	Processed    81,000,000 records.  Elapsed time: 00:10:26s.  Time for last 1,000,000:    7s.  Last read position: LG10:21,748,389
INFO	2021-10-25 22:05:35	AddOrReplaceReadGroups	Processed    82,000,000 records.  Elapsed time: 00:10:34s.  Time for last 1,000,000:    7s.  Last read position: LG10:25,728,150
INFO	2021-10-25 22:05:42	AddOrReplaceReadGroups	Processed    83,000,000 records.  Elapsed time: 00:10:41s.  Time for last 1,000,000:    7s.  Last read position: LG11:844,436
INFO	2021-10-25 22:05:50	AddOrReplaceReadGroups	Processed    84,000,000 records.  Elapsed time: 00:10:48s.  Time for last 1,000,000:    7s.  Last read position: LG11:4,722,509
INFO	2021-10-25 22:05:57	AddOrReplaceReadGroups	Processed    85,000,000 records.  Elapsed time: 00:10:56s.  Time for last 1,000,000:    7s.  Last read position: LG11:8,044,210
INFO	2021-10-25 22:06:04	AddOrReplaceReadGroups	Processed    86,000,000 records.  Elapsed time: 00:11:03s.  Time for last 1,000,000:    7s.  Last read position: LG11:11,656,216
INFO	2021-10-25 22:06:12	AddOrReplaceReadGroups	Processed    87,000,000 records.  Elapsed time: 00:11:10s.  Time for last 1,000,000:    7s.  Last read position: LG11:15,688,020
INFO	2021-10-25 22:06:20	AddOrReplaceReadGroups	Processed    88,000,000 records.  Elapsed time: 00:11:18s.  Time for last 1,000,000:    7s.  Last read position: LG11:20,051,781
INFO	2021-10-25 22:06:27	AddOrReplaceReadGroups	Processed    89,000,000 records.  Elapsed time: 00:11:25s.  Time for last 1,000,000:    7s.  Last read position: LG11:24,173,107
INFO	2021-10-25 22:06:34	AddOrReplaceReadGroups	Processed    90,000,000 records.  Elapsed time: 00:11:33s.  Time for last 1,000,000:    7s.  Last read position: LG12:1,641,310
INFO	2021-10-25 22:06:42	AddOrReplaceReadGroups	Processed    91,000,000 records.  Elapsed time: 00:11:40s.  Time for last 1,000,000:    7s.  Last read position: LG12:5,736,000
INFO	2021-10-25 22:06:49	AddOrReplaceReadGroups	Processed    92,000,000 records.  Elapsed time: 00:11:48s.  Time for last 1,000,000:    7s.  Last read position: LG12:9,333,959
INFO	2021-10-25 22:06:56	AddOrReplaceReadGroups	Processed    93,000,000 records.  Elapsed time: 00:11:55s.  Time for last 1,000,000:    7s.  Last read position: LG12:13,123,654
INFO	2021-10-25 22:07:04	AddOrReplaceReadGroups	Processed    94,000,000 records.  Elapsed time: 00:12:02s.  Time for last 1,000,000:    7s.  Last read position: LG13:2,686,510
INFO	2021-10-25 22:07:11	AddOrReplaceReadGroups	Processed    95,000,000 records.  Elapsed time: 00:12:09s.  Time for last 1,000,000:    7s.  Last read position: LG13:6,172,806
INFO	2021-10-25 22:07:18	AddOrReplaceReadGroups	Processed    96,000,000 records.  Elapsed time: 00:12:17s.  Time for last 1,000,000:    7s.  Last read position: LG13:9,494,573
INFO	2021-10-25 22:07:26	AddOrReplaceReadGroups	Processed    97,000,000 records.  Elapsed time: 00:12:24s.  Time for last 1,000,000:    7s.  Last read position: LG13:13,184,842
INFO	2021-10-25 22:07:33	AddOrReplaceReadGroups	Processed    98,000,000 records.  Elapsed time: 00:12:31s.  Time for last 1,000,000:    7s.  Last read position: LG14:2,055,459
INFO	2021-10-25 22:07:40	AddOrReplaceReadGroups	Processed    99,000,000 records.  Elapsed time: 00:12:39s.  Time for last 1,000,000:    7s.  Last read position: LG14:5,291,046
INFO	2021-10-25 22:07:47	AddOrReplaceReadGroups	Processed   100,000,000 records.  Elapsed time: 00:12:46s.  Time for last 1,000,000:    7s.  Last read position: LG14:8,952,675
INFO	2021-10-25 22:07:55	AddOrReplaceReadGroups	Processed   101,000,000 records.  Elapsed time: 00:12:53s.  Time for last 1,000,000:    7s.  Last read position: LG14:12,610,583
INFO	2021-10-25 22:08:02	AddOrReplaceReadGroups	Processed   102,000,000 records.  Elapsed time: 00:13:01s.  Time for last 1,000,000:    7s.  Last read position: LG15:2,316,875
INFO	2021-10-25 22:08:10	AddOrReplaceReadGroups	Processed   103,000,000 records.  Elapsed time: 00:13:08s.  Time for last 1,000,000:    7s.  Last read position: LG15:5,571,237
INFO	2021-10-25 22:08:17	AddOrReplaceReadGroups	Processed   104,000,000 records.  Elapsed time: 00:13:15s.  Time for last 1,000,000:    7s.  Last read position: LG15:9,681,447
INFO	2021-10-25 22:08:24	AddOrReplaceReadGroups	Processed   105,000,000 records.  Elapsed time: 00:13:23s.  Time for last 1,000,000:    7s.  Last read position: LG15:13,074,805
INFO	2021-10-25 22:08:31	AddOrReplaceReadGroups	Processed   106,000,000 records.  Elapsed time: 00:13:30s.  Time for last 1,000,000:    7s.  Last read position: LG15:16,498,458
INFO	2021-10-25 22:08:39	AddOrReplaceReadGroups	Processed   107,000,000 records.  Elapsed time: 00:13:37s.  Time for last 1,000,000:    7s.  Last read position: LG16:1,894,912
INFO	2021-10-25 22:08:46	AddOrReplaceReadGroups	Processed   108,000,000 records.  Elapsed time: 00:13:45s.  Time for last 1,000,000:    7s.  Last read position: LG16:5,932,675
INFO	2021-10-25 22:08:53	AddOrReplaceReadGroups	Processed   109,000,000 records.  Elapsed time: 00:13:52s.  Time for last 1,000,000:    7s.  Last read position: LG16:9,932,354
INFO	2021-10-25 22:09:01	AddOrReplaceReadGroups	Processed   110,000,000 records.  Elapsed time: 00:13:59s.  Time for last 1,000,000:    7s.  Last read position: LG16:13,273,227
INFO	2021-10-25 22:09:08	AddOrReplaceReadGroups	Processed   111,000,000 records.  Elapsed time: 00:14:06s.  Time for last 1,000,000:    7s.  Last read position: LG17:1,240,264
INFO	2021-10-25 22:09:15	AddOrReplaceReadGroups	Processed   112,000,000 records.  Elapsed time: 00:14:14s.  Time for last 1,000,000:    7s.  Last read position: LG17:4,417,773
INFO	2021-10-25 22:09:22	AddOrReplaceReadGroups	Processed   113,000,000 records.  Elapsed time: 00:14:21s.  Time for last 1,000,000:    7s.  Last read position: LG17:7,771,537
INFO	2021-10-25 22:09:30	AddOrReplaceReadGroups	Processed   114,000,000 records.  Elapsed time: 00:14:28s.  Time for last 1,000,000:    7s.  Last read position: LG17:11,428,711
INFO	2021-10-25 22:09:37	AddOrReplaceReadGroups	Processed   115,000,000 records.  Elapsed time: 00:14:36s.  Time for last 1,000,000:    7s.  Last read position: LG18:3,458,139
INFO	2021-10-25 22:09:44	AddOrReplaceReadGroups	Processed   116,000,000 records.  Elapsed time: 00:14:43s.  Time for last 1,000,000:    7s.  Last read position: LG18:7,597,011
INFO	2021-10-25 22:09:52	AddOrReplaceReadGroups	Processed   117,000,000 records.  Elapsed time: 00:14:50s.  Time for last 1,000,000:    7s.  Last read position: LG18:11,091,851
INFO	2021-10-25 22:09:59	AddOrReplaceReadGroups	Processed   118,000,000 records.  Elapsed time: 00:14:58s.  Time for last 1,000,000:    7s.  Last read position: LG19:2,093,224
INFO	2021-10-25 22:10:06	AddOrReplaceReadGroups	Processed   119,000,000 records.  Elapsed time: 00:15:05s.  Time for last 1,000,000:    7s.  Last read position: LG19:4,779,678
INFO	2021-10-25 22:10:14	AddOrReplaceReadGroups	Processed   120,000,000 records.  Elapsed time: 00:15:12s.  Time for last 1,000,000:    7s.  Last read position: LG19:8,108,096
INFO	2021-10-25 22:10:21	AddOrReplaceReadGroups	Processed   121,000,000 records.  Elapsed time: 00:15:20s.  Time for last 1,000,000:    7s.  Last read position: LG19:11,807,350
INFO	2021-10-25 22:10:28	AddOrReplaceReadGroups	Processed   122,000,000 records.  Elapsed time: 00:15:27s.  Time for last 1,000,000:    7s.  Last read position: LG20:312,803
INFO	2021-10-25 22:10:36	AddOrReplaceReadGroups	Processed   123,000,000 records.  Elapsed time: 00:15:34s.  Time for last 1,000,000:    7s.  Last read position: LG20:4,217,607
INFO	2021-10-25 22:10:43	AddOrReplaceReadGroups	Processed   124,000,000 records.  Elapsed time: 00:15:42s.  Time for last 1,000,000:    7s.  Last read position: LG20:7,876,108
INFO	2021-10-25 22:10:50	AddOrReplaceReadGroups	Processed   125,000,000 records.  Elapsed time: 00:15:49s.  Time for last 1,000,000:    7s.  Last read position: LG20:11,441,281
INFO	2021-10-25 22:10:58	AddOrReplaceReadGroups	Processed   126,000,000 records.  Elapsed time: 00:15:56s.  Time for last 1,000,000:    7s.  Last read position: LG21:2,383,378
INFO	2021-10-25 22:11:05	AddOrReplaceReadGroups	Processed   127,000,000 records.  Elapsed time: 00:16:03s.  Time for last 1,000,000:    7s.  Last read position: LG21:5,883,253
INFO	2021-10-25 22:11:12	AddOrReplaceReadGroups	Processed   128,000,000 records.  Elapsed time: 00:16:11s.  Time for last 1,000,000:    7s.  Last read position: LG21:9,206,652
INFO	2021-10-25 22:11:19	AddOrReplaceReadGroups	Processed   129,000,000 records.  Elapsed time: 00:16:18s.  Time for last 1,000,000:    7s.  Last read position: LG21:13,108,829
INFO	2021-10-25 22:11:27	AddOrReplaceReadGroups	Processed   130,000,000 records.  Elapsed time: 00:16:25s.  Time for last 1,000,000:    7s.  Last read position: LG22:2,427,074
INFO	2021-10-25 22:11:34	AddOrReplaceReadGroups	Processed   131,000,000 records.  Elapsed time: 00:16:33s.  Time for last 1,000,000:    7s.  Last read position: LG22:5,904,500
INFO	2021-10-25 22:11:41	AddOrReplaceReadGroups	Processed   132,000,000 records.  Elapsed time: 00:16:40s.  Time for last 1,000,000:    7s.  Last read position: LG22:9,722,929
INFO	2021-10-25 22:11:49	AddOrReplaceReadGroups	Processed   133,000,000 records.  Elapsed time: 00:16:47s.  Time for last 1,000,000:    7s.  Last read position: LG23:1,603,338
INFO	2021-10-25 22:11:56	AddOrReplaceReadGroups	Processed   134,000,000 records.  Elapsed time: 00:16:55s.  Time for last 1,000,000:    7s.  Last read position: LG23:5,041,903
INFO	2021-10-25 22:12:03	AddOrReplaceReadGroups	Processed   135,000,000 records.  Elapsed time: 00:17:02s.  Time for last 1,000,000:    7s.  Last read position: LG23:7,935,034
INFO	2021-10-25 22:12:11	AddOrReplaceReadGroups	Processed   136,000,000 records.  Elapsed time: 00:17:09s.  Time for last 1,000,000:    7s.  Last read position: LG23:11,435,315
INFO	2021-10-25 22:12:18	AddOrReplaceReadGroups	Processed   137,000,000 records.  Elapsed time: 00:17:17s.  Time for last 1,000,000:    7s.  Last read position: LG23:14,779,426
INFO	2021-10-25 22:12:25	AddOrReplaceReadGroups	Processed   138,000,000 records.  Elapsed time: 00:17:24s.  Time for last 1,000,000:    7s.  Last read position: LG24:1,804,286
INFO	2021-10-25 22:12:33	AddOrReplaceReadGroups	Processed   139,000,000 records.  Elapsed time: 00:17:31s.  Time for last 1,000,000:    7s.  Last read position: LG24:5,433,172
INFO	2021-10-25 22:12:40	AddOrReplaceReadGroups	Processed   140,000,000 records.  Elapsed time: 00:17:39s.  Time for last 1,000,000:    7s.  Last read position: LG24:9,115,980
INFO	2021-10-25 22:12:47	AddOrReplaceReadGroups	Processed   141,000,000 records.  Elapsed time: 00:17:46s.  Time for last 1,000,000:    7s.  Last read position: LG24:13,224,000
INFO	2021-10-25 22:12:55	AddOrReplaceReadGroups	Processed   142,000,000 records.  Elapsed time: 00:17:53s.  Time for last 1,000,000:    7s.  Last read position: LG25:3,111,948
INFO	2021-10-25 22:13:02	AddOrReplaceReadGroups	Processed   143,000,000 records.  Elapsed time: 00:18:01s.  Time for last 1,000,000:    7s.  Last read position: LG25:6,975,495
INFO	2021-10-25 22:13:10	AddOrReplaceReadGroups	Processed   144,000,000 records.  Elapsed time: 00:18:08s.  Time for last 1,000,000:    7s.  Last read position: LG25:10,672,487
INFO	2021-10-25 22:13:17	AddOrReplaceReadGroups	Processed   145,000,000 records.  Elapsed time: 00:18:16s.  Time for last 1,000,000:    7s.  Last read position: LG26:284,680
INFO	2021-10-25 22:13:24	AddOrReplaceReadGroups	Processed   146,000,000 records.  Elapsed time: 00:18:23s.  Time for last 1,000,000:    7s.  Last read position: LG26:3,905,219
INFO	2021-10-25 22:13:32	AddOrReplaceReadGroups	Processed   147,000,000 records.  Elapsed time: 00:18:30s.  Time for last 1,000,000:    7s.  Last read position: LG26:6,971,286
INFO	2021-10-25 22:13:39	AddOrReplaceReadGroups	Processed   148,000,000 records.  Elapsed time: 00:18:38s.  Time for last 1,000,000:    7s.  Last read position: LG26:11,214,690
INFO	2021-10-25 22:13:46	AddOrReplaceReadGroups	Processed   149,000,000 records.  Elapsed time: 00:18:45s.  Time for last 1,000,000:    7s.  Last read position: LG27:1,535,439
INFO	2021-10-25 22:13:54	AddOrReplaceReadGroups	Processed   150,000,000 records.  Elapsed time: 00:18:52s.  Time for last 1,000,000:    7s.  Last read position: LG27:5,996,282
INFO	2021-10-25 22:14:01	AddOrReplaceReadGroups	Processed   151,000,000 records.  Elapsed time: 00:18:59s.  Time for last 1,000,000:    7s.  Last read position: LG27:9,404,821
INFO	2021-10-25 22:14:08	AddOrReplaceReadGroups	Processed   152,000,000 records.  Elapsed time: 00:19:07s.  Time for last 1,000,000:    7s.  Last read position: LG28:1,382,253
INFO	2021-10-25 22:14:15	AddOrReplaceReadGroups	Processed   153,000,000 records.  Elapsed time: 00:19:14s.  Time for last 1,000,000:    7s.  Last read position: LG28:4,987,103
INFO	2021-10-25 22:14:23	AddOrReplaceReadGroups	Processed   154,000,000 records.  Elapsed time: 00:19:21s.  Time for last 1,000,000:    7s.  Last read position: LG28:8,815,454
INFO	2021-10-25 22:14:30	AddOrReplaceReadGroups	Processed   155,000,000 records.  Elapsed time: 00:19:29s.  Time for last 1,000,000:    7s.  Last read position: LG29:321,596
INFO	2021-10-25 22:14:37	AddOrReplaceReadGroups	Processed   156,000,000 records.  Elapsed time: 00:19:36s.  Time for last 1,000,000:    7s.  Last read position: LG29:3,744,598
INFO	2021-10-25 22:14:45	AddOrReplaceReadGroups	Processed   157,000,000 records.  Elapsed time: 00:19:43s.  Time for last 1,000,000:    7s.  Last read position: LG30:2,335,023
INFO	2021-10-25 22:14:52	AddOrReplaceReadGroups	Processed   158,000,000 records.  Elapsed time: 00:19:51s.  Time for last 1,000,000:    7s.  Last read position: LG30:6,398,554
INFO	2021-10-25 22:14:59	AddOrReplaceReadGroups	Processed   159,000,000 records.  Elapsed time: 00:19:58s.  Time for last 1,000,000:    7s.  Last read position: UNPIN3877:9,118
INFO	2021-10-25 22:15:06	AddOrReplaceReadGroups	Processed   160,000,000 records.  Elapsed time: 00:20:05s.  Time for last 1,000,000:    7s.  Last read position: UNPIN3877:40,269
INFO	2021-10-25 22:15:13	AddOrReplaceReadGroups	Processed   161,000,000 records.  Elapsed time: 00:20:12s.  Time for last 1,000,000:    7s.  Last read position: UNPIN3877:73,401
INFO	2021-10-25 22:15:21	AddOrReplaceReadGroups	Processed   162,000,000 records.  Elapsed time: 00:20:19s.  Time for last 1,000,000:    7s.  Last read position: UNPIN3877:104,947
INFO	2021-10-25 22:15:28	AddOrReplaceReadGroups	Processed   163,000,000 records.  Elapsed time: 00:20:26s.  Time for last 1,000,000:    7s.  Last read position: UNPIN3878:8,592
INFO	2021-10-25 22:15:34	AddOrReplaceReadGroups	Processed   164,000,000 records.  Elapsed time: 00:20:33s.  Time for last 1,000,000:    6s.  Last read position: */*
INFO	2021-10-25 22:15:39	AddOrReplaceReadGroups	Processed   165,000,000 records.  Elapsed time: 00:20:38s.  Time for last 1,000,000:    4s.  Last read position: */*
INFO	2021-10-25 22:15:44	AddOrReplaceReadGroups	Processed   166,000,000 records.  Elapsed time: 00:20:43s.  Time for last 1,000,000:    5s.  Last read position: */*
INFO	2021-10-25 22:15:49	AddOrReplaceReadGroups	Processed   167,000,000 records.  Elapsed time: 00:20:48s.  Time for last 1,000,000:    4s.  Last read position: */*
INFO	2021-10-25 22:15:54	AddOrReplaceReadGroups	Processed   168,000,000 records.  Elapsed time: 00:20:53s.  Time for last 1,000,000:    4s.  Last read position: */*
INFO	2021-10-25 22:15:59	AddOrReplaceReadGroups	Processed   169,000,000 records.  Elapsed time: 00:20:58s.  Time for last 1,000,000:    4s.  Last read position: */*
INFO	2021-10-25 22:16:04	AddOrReplaceReadGroups	Processed   170,000,000 records.  Elapsed time: 00:21:03s.  Time for last 1,000,000:    4s.  Last read position: */*
[Mon Oct 25 22:16:07 PDT 2021] picard.sam.AddOrReplaceReadGroups done. Elapsed time: 21.11 minutes.
Runtime.totalMemory()=46170112
Tool returned:
0
