==========================================
SLURM_JOB_ID = 2293235
SLURM_JOB_NODELIST = b08-22
TMPDIR = /tmp/SLURM_2293235
==========================================
Running Sample ID SRR12223734_SRP271933_Undaria_pinnatifida_individual_14_1987-08-14_INTRO_NZ_Well1987_2_New_Zealand with options  --RGID CBPP4ANXX.3 --RGLB SRR12223734 --RGPL ILLUMINA --RGPU CBPP4ANXX.3.SRR12223734 --RGSM INTRO_NZ_Well1987_2_New_Zealand 
Using GATK jar /home1/mharden/.conda/envs/gatk4/share/gatk4-4.2.2.0-1/gatk-package-4.2.2.0-local.jar
Running:
    java -Dsamjdk.use_async_io_read_samtools=false -Dsamjdk.use_async_io_write_samtools=true -Dsamjdk.use_async_io_write_tribble=false -Dsamjdk.compression_level=2 -jar /home1/mharden/.conda/envs/gatk4/share/gatk4-4.2.2.0-1/gatk-package-4.2.2.0-local.jar AddOrReplaceReadGroups -I SRR12223734_SRP271933_Undaria_pinnatifida_individual_14_1987-08-14_INTRO_NZ_Well1987_2_New_Zealand.sorted.bam -O SRR12223734_SRP271933_Undaria_pinnatifida_individual_14_1987-08-14_INTRO_NZ_Well1987_2_New_Zealand.RG.sorted.bam --RGID CBPP4ANXX.3 --RGLB SRR12223734 --RGPL ILLUMINA --RGPU CBPP4ANXX.3.SRR12223734 --RGSM INTRO_NZ_Well1987_2_New_Zealand
22:32:04.048 INFO  NativeLibraryLoader - Loading libgkl_compression.so from jar:file:/home1/mharden/.conda/envs/gatk4/share/gatk4-4.2.2.0-1/gatk-package-4.2.2.0-local.jar!/com/intel/gkl/native/libgkl_compression.so
[Mon Oct 25 22:32:04 PDT 2021] AddOrReplaceReadGroups --INPUT SRR12223734_SRP271933_Undaria_pinnatifida_individual_14_1987-08-14_INTRO_NZ_Well1987_2_New_Zealand.sorted.bam --OUTPUT SRR12223734_SRP271933_Undaria_pinnatifida_individual_14_1987-08-14_INTRO_NZ_Well1987_2_New_Zealand.RG.sorted.bam --RGID CBPP4ANXX.3 --RGLB SRR12223734 --RGPL ILLUMINA --RGPU CBPP4ANXX.3.SRR12223734 --RGSM INTRO_NZ_Well1987_2_New_Zealand --VERBOSITY INFO --QUIET false --VALIDATION_STRINGENCY STRICT --COMPRESSION_LEVEL 2 --MAX_RECORDS_IN_RAM 500000 --CREATE_INDEX false --CREATE_MD5_FILE false --GA4GH_CLIENT_SECRETS client_secrets.json --help false --version false --showHidden false --USE_JDK_DEFLATER false --USE_JDK_INFLATER false
Oct 25, 2021 10:32:04 PM shaded.cloud_nio.com.google.auth.oauth2.ComputeEngineCredentials runningOnComputeEngine
INFO: Failed to detect whether we are running on Google Compute Engine.
[Mon Oct 25 22:32:04 PDT 2021] Executing as mharden@b08-22.hpc.usc.edu on Linux 3.10.0-1062.4.1.el7.x86_64 amd64; OpenJDK 64-Bit Server VM 1.8.0_302-b08; Deflater: Intel; Inflater: Intel; Provider GCS is available; Picard version: Version:4.2.2.0
INFO	2021-10-25 22:32:04	AddOrReplaceReadGroups	Created read-group ID=CBPP4ANXX.3 PL=ILLUMINA LB=SRR12223734 SM=INTRO_NZ_Well1987_2_New_Zealand

INFO	2021-10-25 22:32:14	AddOrReplaceReadGroups	Processed     1,000,000 records.  Elapsed time: 00:00:09s.  Time for last 1,000,000:    9s.  Last read position: LG00:4,703,278
INFO	2021-10-25 22:32:23	AddOrReplaceReadGroups	Processed     2,000,000 records.  Elapsed time: 00:00:19s.  Time for last 1,000,000:    9s.  Last read position: LG00:8,215,319
INFO	2021-10-25 22:32:32	AddOrReplaceReadGroups	Processed     3,000,000 records.  Elapsed time: 00:00:28s.  Time for last 1,000,000:    9s.  Last read position: LG00:12,704,212
INFO	2021-10-25 22:32:41	AddOrReplaceReadGroups	Processed     4,000,000 records.  Elapsed time: 00:00:36s.  Time for last 1,000,000:    8s.  Last read position: LG00:17,012,879
INFO	2021-10-25 22:32:49	AddOrReplaceReadGroups	Processed     5,000,000 records.  Elapsed time: 00:00:45s.  Time for last 1,000,000:    8s.  Last read position: LG00:21,533,877
INFO	2021-10-25 22:32:57	AddOrReplaceReadGroups	Processed     6,000,000 records.  Elapsed time: 00:00:53s.  Time for last 1,000,000:    8s.  Last read position: LG00:26,013,690
INFO	2021-10-25 22:33:06	AddOrReplaceReadGroups	Processed     7,000,000 records.  Elapsed time: 00:01:01s.  Time for last 1,000,000:    8s.  Last read position: LG00:30,468,439
INFO	2021-10-25 22:33:14	AddOrReplaceReadGroups	Processed     8,000,000 records.  Elapsed time: 00:01:09s.  Time for last 1,000,000:    8s.  Last read position: LG00:34,946,609
INFO	2021-10-25 22:33:22	AddOrReplaceReadGroups	Processed     9,000,000 records.  Elapsed time: 00:01:18s.  Time for last 1,000,000:    8s.  Last read position: LG00:39,586,713
INFO	2021-10-25 22:33:30	AddOrReplaceReadGroups	Processed    10,000,000 records.  Elapsed time: 00:01:26s.  Time for last 1,000,000:    8s.  Last read position: LG00:44,324,846
INFO	2021-10-25 22:33:38	AddOrReplaceReadGroups	Processed    11,000,000 records.  Elapsed time: 00:01:34s.  Time for last 1,000,000:    7s.  Last read position: LG00:48,909,772
INFO	2021-10-25 22:33:46	AddOrReplaceReadGroups	Processed    12,000,000 records.  Elapsed time: 00:01:41s.  Time for last 1,000,000:    7s.  Last read position: LG00:53,751,817
INFO	2021-10-25 22:33:53	AddOrReplaceReadGroups	Processed    13,000,000 records.  Elapsed time: 00:01:49s.  Time for last 1,000,000:    7s.  Last read position: LG00:58,658,777
INFO	2021-10-25 22:34:01	AddOrReplaceReadGroups	Processed    14,000,000 records.  Elapsed time: 00:01:56s.  Time for last 1,000,000:    7s.  Last read position: LG00:64,045,257
INFO	2021-10-25 22:34:08	AddOrReplaceReadGroups	Processed    15,000,000 records.  Elapsed time: 00:02:04s.  Time for last 1,000,000:    7s.  Last read position: LG00:69,160,922
INFO	2021-10-25 22:34:16	AddOrReplaceReadGroups	Processed    16,000,000 records.  Elapsed time: 00:02:11s.  Time for last 1,000,000:    7s.  Last read position: LG00:74,268,564
INFO	2021-10-25 22:34:23	AddOrReplaceReadGroups	Processed    17,000,000 records.  Elapsed time: 00:02:19s.  Time for last 1,000,000:    7s.  Last read position: LG00:79,211,555
INFO	2021-10-25 22:34:31	AddOrReplaceReadGroups	Processed    18,000,000 records.  Elapsed time: 00:02:27s.  Time for last 1,000,000:    7s.  Last read position: LG00:83,928,360
INFO	2021-10-25 22:34:39	AddOrReplaceReadGroups	Processed    19,000,000 records.  Elapsed time: 00:02:34s.  Time for last 1,000,000:    7s.  Last read position: LG00:89,036,509
INFO	2021-10-25 22:34:46	AddOrReplaceReadGroups	Processed    20,000,000 records.  Elapsed time: 00:02:42s.  Time for last 1,000,000:    7s.  Last read position: LG00:94,393,630
INFO	2021-10-25 22:34:54	AddOrReplaceReadGroups	Processed    21,000,000 records.  Elapsed time: 00:02:49s.  Time for last 1,000,000:    7s.  Last read position: LG00:99,754,683
INFO	2021-10-25 22:35:01	AddOrReplaceReadGroups	Processed    22,000,000 records.  Elapsed time: 00:02:57s.  Time for last 1,000,000:    7s.  Last read position: LG00:106,070,087
INFO	2021-10-25 22:35:09	AddOrReplaceReadGroups	Processed    23,000,000 records.  Elapsed time: 00:03:05s.  Time for last 1,000,000:    7s.  Last read position: LG00:111,834,419
INFO	2021-10-25 22:35:17	AddOrReplaceReadGroups	Processed    24,000,000 records.  Elapsed time: 00:03:12s.  Time for last 1,000,000:    7s.  Last read position: LG00:117,420,226
INFO	2021-10-25 22:35:24	AddOrReplaceReadGroups	Processed    25,000,000 records.  Elapsed time: 00:03:20s.  Time for last 1,000,000:    7s.  Last read position: LG00:122,830,898
INFO	2021-10-25 22:35:32	AddOrReplaceReadGroups	Processed    26,000,000 records.  Elapsed time: 00:03:27s.  Time for last 1,000,000:    7s.  Last read position: LG00:128,118,885
INFO	2021-10-25 22:35:39	AddOrReplaceReadGroups	Processed    27,000,000 records.  Elapsed time: 00:03:35s.  Time for last 1,000,000:    7s.  Last read position: LG00:133,471,017
INFO	2021-10-25 22:35:46	AddOrReplaceReadGroups	Processed    28,000,000 records.  Elapsed time: 00:03:42s.  Time for last 1,000,000:    7s.  Last read position: LG00:138,547,688
INFO	2021-10-25 22:35:54	AddOrReplaceReadGroups	Processed    29,000,000 records.  Elapsed time: 00:03:49s.  Time for last 1,000,000:    7s.  Last read position: LG00:144,506,939
INFO	2021-10-25 22:36:01	AddOrReplaceReadGroups	Processed    30,000,000 records.  Elapsed time: 00:03:57s.  Time for last 1,000,000:    7s.  Last read position: LG00:150,273,522
INFO	2021-10-25 22:36:08	AddOrReplaceReadGroups	Processed    31,000,000 records.  Elapsed time: 00:04:04s.  Time for last 1,000,000:    7s.  Last read position: LG00:152,593,257
INFO	2021-10-25 22:36:16	AddOrReplaceReadGroups	Processed    32,000,000 records.  Elapsed time: 00:04:11s.  Time for last 1,000,000:    7s.  Last read position: LG00:157,636,460
INFO	2021-10-25 22:36:23	AddOrReplaceReadGroups	Processed    33,000,000 records.  Elapsed time: 00:04:19s.  Time for last 1,000,000:    7s.  Last read position: LG00:163,439,871
INFO	2021-10-25 22:36:30	AddOrReplaceReadGroups	Processed    34,000,000 records.  Elapsed time: 00:04:26s.  Time for last 1,000,000:    7s.  Last read position: LG00:167,867,891
INFO	2021-10-25 22:36:38	AddOrReplaceReadGroups	Processed    35,000,000 records.  Elapsed time: 00:04:33s.  Time for last 1,000,000:    7s.  Last read position: LG00:170,937,996
INFO	2021-10-25 22:36:45	AddOrReplaceReadGroups	Processed    36,000,000 records.  Elapsed time: 00:04:41s.  Time for last 1,000,000:    7s.  Last read position: LG01:181,643
INFO	2021-10-25 22:36:52	AddOrReplaceReadGroups	Processed    37,000,000 records.  Elapsed time: 00:04:48s.  Time for last 1,000,000:    7s.  Last read position: LG01:3,770,972
INFO	2021-10-25 22:36:59	AddOrReplaceReadGroups	Processed    38,000,000 records.  Elapsed time: 00:04:55s.  Time for last 1,000,000:    7s.  Last read position: LG01:7,492,618
INFO	2021-10-25 22:37:07	AddOrReplaceReadGroups	Processed    39,000,000 records.  Elapsed time: 00:05:02s.  Time for last 1,000,000:    7s.  Last read position: LG01:11,272,090
INFO	2021-10-25 22:37:14	AddOrReplaceReadGroups	Processed    40,000,000 records.  Elapsed time: 00:05:09s.  Time for last 1,000,000:    7s.  Last read position: LG01:14,976,299
INFO	2021-10-25 22:37:21	AddOrReplaceReadGroups	Processed    41,000,000 records.  Elapsed time: 00:05:17s.  Time for last 1,000,000:    7s.  Last read position: LG01:18,958,878
INFO	2021-10-25 22:37:28	AddOrReplaceReadGroups	Processed    42,000,000 records.  Elapsed time: 00:05:24s.  Time for last 1,000,000:    7s.  Last read position: LG01:22,820,404
INFO	2021-10-25 22:37:36	AddOrReplaceReadGroups	Processed    43,000,000 records.  Elapsed time: 00:05:31s.  Time for last 1,000,000:    7s.  Last read position: LG01:26,199,286
INFO	2021-10-25 22:37:43	AddOrReplaceReadGroups	Processed    44,000,000 records.  Elapsed time: 00:05:38s.  Time for last 1,000,000:    7s.  Last read position: LG02:2,506,191
INFO	2021-10-25 22:37:50	AddOrReplaceReadGroups	Processed    45,000,000 records.  Elapsed time: 00:05:46s.  Time for last 1,000,000:    7s.  Last read position: LG02:5,740,673
INFO	2021-10-25 22:37:57	AddOrReplaceReadGroups	Processed    46,000,000 records.  Elapsed time: 00:05:53s.  Time for last 1,000,000:    7s.  Last read position: LG02:9,226,074
INFO	2021-10-25 22:38:04	AddOrReplaceReadGroups	Processed    47,000,000 records.  Elapsed time: 00:06:00s.  Time for last 1,000,000:    7s.  Last read position: LG02:12,830,447
INFO	2021-10-25 22:38:12	AddOrReplaceReadGroups	Processed    48,000,000 records.  Elapsed time: 00:06:07s.  Time for last 1,000,000:    7s.  Last read position: LG02:16,846,673
INFO	2021-10-25 22:38:19	AddOrReplaceReadGroups	Processed    49,000,000 records.  Elapsed time: 00:06:14s.  Time for last 1,000,000:    7s.  Last read position: LG03:1,156,754
INFO	2021-10-25 22:38:26	AddOrReplaceReadGroups	Processed    50,000,000 records.  Elapsed time: 00:06:22s.  Time for last 1,000,000:    7s.  Last read position: LG03:5,476,070
INFO	2021-10-25 22:38:33	AddOrReplaceReadGroups	Processed    51,000,000 records.  Elapsed time: 00:06:29s.  Time for last 1,000,000:    7s.  Last read position: LG03:9,427,534
INFO	2021-10-25 22:38:41	AddOrReplaceReadGroups	Processed    52,000,000 records.  Elapsed time: 00:06:36s.  Time for last 1,000,000:    7s.  Last read position: LG03:13,109,341
INFO	2021-10-25 22:38:48	AddOrReplaceReadGroups	Processed    53,000,000 records.  Elapsed time: 00:06:43s.  Time for last 1,000,000:    7s.  Last read position: LG03:16,524,473
INFO	2021-10-25 22:38:55	AddOrReplaceReadGroups	Processed    54,000,000 records.  Elapsed time: 00:06:51s.  Time for last 1,000,000:    7s.  Last read position: LG04:2,651,449
INFO	2021-10-25 22:39:02	AddOrReplaceReadGroups	Processed    55,000,000 records.  Elapsed time: 00:06:58s.  Time for last 1,000,000:    7s.  Last read position: LG04:6,677,646
INFO	2021-10-25 22:39:10	AddOrReplaceReadGroups	Processed    56,000,000 records.  Elapsed time: 00:07:05s.  Time for last 1,000,000:    7s.  Last read position: LG04:10,167,583
INFO	2021-10-25 22:39:17	AddOrReplaceReadGroups	Processed    57,000,000 records.  Elapsed time: 00:07:12s.  Time for last 1,000,000:    7s.  Last read position: LG04:13,877,053
INFO	2021-10-25 22:39:24	AddOrReplaceReadGroups	Processed    58,000,000 records.  Elapsed time: 00:07:19s.  Time for last 1,000,000:    7s.  Last read position: LG05:1,803,515
INFO	2021-10-25 22:39:31	AddOrReplaceReadGroups	Processed    59,000,000 records.  Elapsed time: 00:07:27s.  Time for last 1,000,000:    7s.  Last read position: LG05:5,570,826
INFO	2021-10-25 22:39:38	AddOrReplaceReadGroups	Processed    60,000,000 records.  Elapsed time: 00:07:34s.  Time for last 1,000,000:    7s.  Last read position: LG05:8,621,785
INFO	2021-10-25 22:39:46	AddOrReplaceReadGroups	Processed    61,000,000 records.  Elapsed time: 00:07:41s.  Time for last 1,000,000:    7s.  Last read position: LG05:12,294,346
INFO	2021-10-25 22:39:53	AddOrReplaceReadGroups	Processed    62,000,000 records.  Elapsed time: 00:07:48s.  Time for last 1,000,000:    7s.  Last read position: LG05:15,963,855
INFO	2021-10-25 22:40:00	AddOrReplaceReadGroups	Processed    63,000,000 records.  Elapsed time: 00:07:55s.  Time for last 1,000,000:    7s.  Last read position: LG05:19,638,000
INFO	2021-10-25 22:40:07	AddOrReplaceReadGroups	Processed    64,000,000 records.  Elapsed time: 00:08:03s.  Time for last 1,000,000:    7s.  Last read position: LG06:986,530
INFO	2021-10-25 22:40:14	AddOrReplaceReadGroups	Processed    65,000,000 records.  Elapsed time: 00:08:10s.  Time for last 1,000,000:    7s.  Last read position: LG06:4,516,319
INFO	2021-10-25 22:40:22	AddOrReplaceReadGroups	Processed    66,000,000 records.  Elapsed time: 00:08:17s.  Time for last 1,000,000:    7s.  Last read position: LG06:8,198,129
INFO	2021-10-25 22:40:29	AddOrReplaceReadGroups	Processed    67,000,000 records.  Elapsed time: 00:08:24s.  Time for last 1,000,000:    7s.  Last read position: LG06:12,110,751
INFO	2021-10-25 22:40:36	AddOrReplaceReadGroups	Processed    68,000,000 records.  Elapsed time: 00:08:32s.  Time for last 1,000,000:    7s.  Last read position: LG07:2,967,162
INFO	2021-10-25 22:40:43	AddOrReplaceReadGroups	Processed    69,000,000 records.  Elapsed time: 00:08:39s.  Time for last 1,000,000:    7s.  Last read position: LG07:6,322,282
INFO	2021-10-25 22:40:51	AddOrReplaceReadGroups	Processed    70,000,000 records.  Elapsed time: 00:08:46s.  Time for last 1,000,000:    7s.  Last read position: LG07:10,462,867
INFO	2021-10-25 22:40:58	AddOrReplaceReadGroups	Processed    71,000,000 records.  Elapsed time: 00:08:53s.  Time for last 1,000,000:    7s.  Last read position: LG08:2,049,833
INFO	2021-10-25 22:41:05	AddOrReplaceReadGroups	Processed    72,000,000 records.  Elapsed time: 00:09:00s.  Time for last 1,000,000:    7s.  Last read position: LG08:6,272,298
INFO	2021-10-25 22:41:12	AddOrReplaceReadGroups	Processed    73,000,000 records.  Elapsed time: 00:09:08s.  Time for last 1,000,000:    7s.  Last read position: LG08:10,633,758
INFO	2021-10-25 22:41:20	AddOrReplaceReadGroups	Processed    74,000,000 records.  Elapsed time: 00:09:15s.  Time for last 1,000,000:    7s.  Last read position: LG08:14,593,112
INFO	2021-10-25 22:41:27	AddOrReplaceReadGroups	Processed    75,000,000 records.  Elapsed time: 00:09:22s.  Time for last 1,000,000:    7s.  Last read position: LG09:2,656,091
INFO	2021-10-25 22:41:34	AddOrReplaceReadGroups	Processed    76,000,000 records.  Elapsed time: 00:09:30s.  Time for last 1,000,000:    7s.  Last read position: LG09:4,449,261
INFO	2021-10-25 22:41:41	AddOrReplaceReadGroups	Processed    77,000,000 records.  Elapsed time: 00:09:37s.  Time for last 1,000,000:    7s.  Last read position: LG09:8,353,121
INFO	2021-10-25 22:41:49	AddOrReplaceReadGroups	Processed    78,000,000 records.  Elapsed time: 00:09:44s.  Time for last 1,000,000:    7s.  Last read position: LG09:11,883,763
INFO	2021-10-25 22:41:56	AddOrReplaceReadGroups	Processed    79,000,000 records.  Elapsed time: 00:09:51s.  Time for last 1,000,000:    7s.  Last read position: LG10:2,737,337
INFO	2021-10-25 22:42:03	AddOrReplaceReadGroups	Processed    80,000,000 records.  Elapsed time: 00:09:59s.  Time for last 1,000,000:    7s.  Last read position: LG10:6,373,770
INFO	2021-10-25 22:42:10	AddOrReplaceReadGroups	Processed    81,000,000 records.  Elapsed time: 00:10:06s.  Time for last 1,000,000:    7s.  Last read position: LG10:9,473,861
INFO	2021-10-25 22:42:18	AddOrReplaceReadGroups	Processed    82,000,000 records.  Elapsed time: 00:10:13s.  Time for last 1,000,000:    7s.  Last read position: LG10:12,782,808
INFO	2021-10-25 22:42:25	AddOrReplaceReadGroups	Processed    83,000,000 records.  Elapsed time: 00:10:20s.  Time for last 1,000,000:    7s.  Last read position: LG10:16,346,923
INFO	2021-10-25 22:42:32	AddOrReplaceReadGroups	Processed    84,000,000 records.  Elapsed time: 00:10:28s.  Time for last 1,000,000:    7s.  Last read position: LG10:19,725,254
INFO	2021-10-25 22:42:39	AddOrReplaceReadGroups	Processed    85,000,000 records.  Elapsed time: 00:10:35s.  Time for last 1,000,000:    7s.  Last read position: LG10:23,453,629
INFO	2021-10-25 22:42:46	AddOrReplaceReadGroups	Processed    86,000,000 records.  Elapsed time: 00:10:42s.  Time for last 1,000,000:    7s.  Last read position: LG10:27,229,498
INFO	2021-10-25 22:42:54	AddOrReplaceReadGroups	Processed    87,000,000 records.  Elapsed time: 00:10:49s.  Time for last 1,000,000:    7s.  Last read position: LG11:1,803,691
INFO	2021-10-25 22:43:01	AddOrReplaceReadGroups	Processed    88,000,000 records.  Elapsed time: 00:10:57s.  Time for last 1,000,000:    7s.  Last read position: LG11:6,976,326
INFO	2021-10-25 22:43:08	AddOrReplaceReadGroups	Processed    89,000,000 records.  Elapsed time: 00:11:04s.  Time for last 1,000,000:    7s.  Last read position: LG11:10,369,108
INFO	2021-10-25 22:43:15	AddOrReplaceReadGroups	Processed    90,000,000 records.  Elapsed time: 00:11:11s.  Time for last 1,000,000:    7s.  Last read position: LG11:14,048,936
INFO	2021-10-25 22:43:23	AddOrReplaceReadGroups	Processed    91,000,000 records.  Elapsed time: 00:11:18s.  Time for last 1,000,000:    7s.  Last read position: LG11:17,783,811
INFO	2021-10-25 22:43:30	AddOrReplaceReadGroups	Processed    92,000,000 records.  Elapsed time: 00:11:26s.  Time for last 1,000,000:    7s.  Last read position: LG11:22,133,921
INFO	2021-10-25 22:43:37	AddOrReplaceReadGroups	Processed    93,000,000 records.  Elapsed time: 00:11:33s.  Time for last 1,000,000:    7s.  Last read position: LG11:26,301,687
INFO	2021-10-25 22:43:45	AddOrReplaceReadGroups	Processed    94,000,000 records.  Elapsed time: 00:11:40s.  Time for last 1,000,000:    7s.  Last read position: LG12:3,385,977
INFO	2021-10-25 22:43:52	AddOrReplaceReadGroups	Processed    95,000,000 records.  Elapsed time: 00:11:48s.  Time for last 1,000,000:    7s.  Last read position: LG12:7,172,750
INFO	2021-10-25 22:43:59	AddOrReplaceReadGroups	Processed    96,000,000 records.  Elapsed time: 00:11:55s.  Time for last 1,000,000:    7s.  Last read position: LG12:10,547,223
INFO	2021-10-25 22:44:07	AddOrReplaceReadGroups	Processed    97,000,000 records.  Elapsed time: 00:12:02s.  Time for last 1,000,000:    7s.  Last read position: LG12:14,233,492
INFO	2021-10-25 22:44:14	AddOrReplaceReadGroups	Processed    98,000,000 records.  Elapsed time: 00:12:09s.  Time for last 1,000,000:    7s.  Last read position: LG13:2,956,032
INFO	2021-10-25 22:44:21	AddOrReplaceReadGroups	Processed    99,000,000 records.  Elapsed time: 00:12:17s.  Time for last 1,000,000:    7s.  Last read position: LG13:6,394,111
INFO	2021-10-25 22:44:29	AddOrReplaceReadGroups	Processed   100,000,000 records.  Elapsed time: 00:12:24s.  Time for last 1,000,000:    7s.  Last read position: LG13:9,579,929
INFO	2021-10-25 22:44:36	AddOrReplaceReadGroups	Processed   101,000,000 records.  Elapsed time: 00:12:31s.  Time for last 1,000,000:    7s.  Last read position: LG13:13,109,784
INFO	2021-10-25 22:44:43	AddOrReplaceReadGroups	Processed   102,000,000 records.  Elapsed time: 00:12:39s.  Time for last 1,000,000:    7s.  Last read position: LG14:1,669,304
INFO	2021-10-25 22:44:50	AddOrReplaceReadGroups	Processed   103,000,000 records.  Elapsed time: 00:12:46s.  Time for last 1,000,000:    7s.  Last read position: LG14:5,037,753
INFO	2021-10-25 22:44:57	AddOrReplaceReadGroups	Processed   104,000,000 records.  Elapsed time: 00:12:53s.  Time for last 1,000,000:    7s.  Last read position: LG14:8,525,038
INFO	2021-10-25 22:45:05	AddOrReplaceReadGroups	Processed   105,000,000 records.  Elapsed time: 00:13:00s.  Time for last 1,000,000:    7s.  Last read position: LG14:11,680,717
INFO	2021-10-25 22:45:12	AddOrReplaceReadGroups	Processed   106,000,000 records.  Elapsed time: 00:13:08s.  Time for last 1,000,000:    7s.  Last read position: LG15:1,351,393
INFO	2021-10-25 22:45:19	AddOrReplaceReadGroups	Processed   107,000,000 records.  Elapsed time: 00:13:15s.  Time for last 1,000,000:    7s.  Last read position: LG15:4,579,161
INFO	2021-10-25 22:45:26	AddOrReplaceReadGroups	Processed   108,000,000 records.  Elapsed time: 00:13:22s.  Time for last 1,000,000:    7s.  Last read position: LG15:8,470,826
INFO	2021-10-25 22:45:34	AddOrReplaceReadGroups	Processed   109,000,000 records.  Elapsed time: 00:13:29s.  Time for last 1,000,000:    7s.  Last read position: LG15:11,768,471
INFO	2021-10-25 22:45:41	AddOrReplaceReadGroups	Processed   110,000,000 records.  Elapsed time: 00:13:36s.  Time for last 1,000,000:    7s.  Last read position: LG15:15,131,244
INFO	2021-10-25 22:45:48	AddOrReplaceReadGroups	Processed   111,000,000 records.  Elapsed time: 00:13:44s.  Time for last 1,000,000:    7s.  Last read position: LG16:533,666
INFO	2021-10-25 22:45:55	AddOrReplaceReadGroups	Processed   112,000,000 records.  Elapsed time: 00:13:51s.  Time for last 1,000,000:    7s.  Last read position: LG16:3,743,882
INFO	2021-10-25 22:46:03	AddOrReplaceReadGroups	Processed   113,000,000 records.  Elapsed time: 00:13:58s.  Time for last 1,000,000:    7s.  Last read position: LG16:7,825,340
INFO	2021-10-25 22:46:10	AddOrReplaceReadGroups	Processed   114,000,000 records.  Elapsed time: 00:14:05s.  Time for last 1,000,000:    7s.  Last read position: LG16:11,391,084
INFO	2021-10-25 22:46:17	AddOrReplaceReadGroups	Processed   115,000,000 records.  Elapsed time: 00:14:13s.  Time for last 1,000,000:    7s.  Last read position: LG16:14,689,694
INFO	2021-10-25 22:46:24	AddOrReplaceReadGroups	Processed   116,000,000 records.  Elapsed time: 00:14:20s.  Time for last 1,000,000:    7s.  Last read position: LG17:2,149,166
INFO	2021-10-25 22:46:32	AddOrReplaceReadGroups	Processed   117,000,000 records.  Elapsed time: 00:14:27s.  Time for last 1,000,000:    7s.  Last read position: LG17:4,719,624
INFO	2021-10-25 22:46:39	AddOrReplaceReadGroups	Processed   118,000,000 records.  Elapsed time: 00:14:34s.  Time for last 1,000,000:    7s.  Last read position: LG17:7,973,410
INFO	2021-10-25 22:46:46	AddOrReplaceReadGroups	Processed   119,000,000 records.  Elapsed time: 00:14:41s.  Time for last 1,000,000:    7s.  Last read position: LG17:11,228,762
INFO	2021-10-25 22:46:53	AddOrReplaceReadGroups	Processed   120,000,000 records.  Elapsed time: 00:14:49s.  Time for last 1,000,000:    7s.  Last read position: LG18:2,789,209
INFO	2021-10-25 22:47:00	AddOrReplaceReadGroups	Processed   121,000,000 records.  Elapsed time: 00:14:56s.  Time for last 1,000,000:    7s.  Last read position: LG18:6,986,969
INFO	2021-10-25 22:47:08	AddOrReplaceReadGroups	Processed   122,000,000 records.  Elapsed time: 00:15:03s.  Time for last 1,000,000:    7s.  Last read position: LG18:10,301,636
INFO	2021-10-25 22:47:15	AddOrReplaceReadGroups	Processed   123,000,000 records.  Elapsed time: 00:15:11s.  Time for last 1,000,000:    7s.  Last read position: LG19:1,203,688
INFO	2021-10-25 22:47:22	AddOrReplaceReadGroups	Processed   124,000,000 records.  Elapsed time: 00:15:18s.  Time for last 1,000,000:    7s.  Last read position: LG19:4,323,433
INFO	2021-10-25 22:47:29	AddOrReplaceReadGroups	Processed   125,000,000 records.  Elapsed time: 00:15:25s.  Time for last 1,000,000:    7s.  Last read position: LG19:7,433,923
INFO	2021-10-25 22:47:37	AddOrReplaceReadGroups	Processed   126,000,000 records.  Elapsed time: 00:15:32s.  Time for last 1,000,000:    7s.  Last read position: LG19:11,133,442
INFO	2021-10-25 22:47:44	AddOrReplaceReadGroups	Processed   127,000,000 records.  Elapsed time: 00:15:40s.  Time for last 1,000,000:    7s.  Last read position: LG19:14,507,635
INFO	2021-10-25 22:47:51	AddOrReplaceReadGroups	Processed   128,000,000 records.  Elapsed time: 00:15:47s.  Time for last 1,000,000:    7s.  Last read position: LG20:3,091,316
INFO	2021-10-25 22:47:59	AddOrReplaceReadGroups	Processed   129,000,000 records.  Elapsed time: 00:15:54s.  Time for last 1,000,000:    7s.  Last read position: LG20:6,704,525
INFO	2021-10-25 22:48:06	AddOrReplaceReadGroups	Processed   130,000,000 records.  Elapsed time: 00:16:01s.  Time for last 1,000,000:    7s.  Last read position: LG20:10,219,367
INFO	2021-10-25 22:48:13	AddOrReplaceReadGroups	Processed   131,000,000 records.  Elapsed time: 00:16:09s.  Time for last 1,000,000:    7s.  Last read position: LG21:902,986
INFO	2021-10-25 22:48:20	AddOrReplaceReadGroups	Processed   132,000,000 records.  Elapsed time: 00:16:16s.  Time for last 1,000,000:    7s.  Last read position: LG21:4,003,158
INFO	2021-10-25 22:48:28	AddOrReplaceReadGroups	Processed   133,000,000 records.  Elapsed time: 00:16:23s.  Time for last 1,000,000:    7s.  Last read position: LG21:7,590,435
INFO	2021-10-25 22:48:35	AddOrReplaceReadGroups	Processed   134,000,000 records.  Elapsed time: 00:16:30s.  Time for last 1,000,000:    7s.  Last read position: LG21:10,915,302
INFO	2021-10-25 22:48:42	AddOrReplaceReadGroups	Processed   135,000,000 records.  Elapsed time: 00:16:38s.  Time for last 1,000,000:    7s.  Last read position: LG22:194,999
INFO	2021-10-25 22:48:49	AddOrReplaceReadGroups	Processed   136,000,000 records.  Elapsed time: 00:16:45s.  Time for last 1,000,000:    7s.  Last read position: LG22:3,815,380
INFO	2021-10-25 22:48:57	AddOrReplaceReadGroups	Processed   137,000,000 records.  Elapsed time: 00:16:52s.  Time for last 1,000,000:    7s.  Last read position: LG22:6,822,993
INFO	2021-10-25 22:49:04	AddOrReplaceReadGroups	Processed   138,000,000 records.  Elapsed time: 00:16:59s.  Time for last 1,000,000:    7s.  Last read position: LG22:10,726,307
INFO	2021-10-25 22:49:11	AddOrReplaceReadGroups	Processed   139,000,000 records.  Elapsed time: 00:17:07s.  Time for last 1,000,000:    7s.  Last read position: LG23:2,166,098
INFO	2021-10-25 22:49:18	AddOrReplaceReadGroups	Processed   140,000,000 records.  Elapsed time: 00:17:14s.  Time for last 1,000,000:    7s.  Last read position: LG23:5,407,088
INFO	2021-10-25 22:49:26	AddOrReplaceReadGroups	Processed   141,000,000 records.  Elapsed time: 00:17:21s.  Time for last 1,000,000:    7s.  Last read position: LG23:8,351,272
INFO	2021-10-25 22:49:33	AddOrReplaceReadGroups	Processed   142,000,000 records.  Elapsed time: 00:17:28s.  Time for last 1,000,000:    7s.  Last read position: LG23:11,808,708
INFO	2021-10-25 22:49:40	AddOrReplaceReadGroups	Processed   143,000,000 records.  Elapsed time: 00:17:36s.  Time for last 1,000,000:    7s.  Last read position: LG23:15,141,514
INFO	2021-10-25 22:49:47	AddOrReplaceReadGroups	Processed   144,000,000 records.  Elapsed time: 00:17:43s.  Time for last 1,000,000:    7s.  Last read position: LG24:2,016,199
INFO	2021-10-25 22:49:55	AddOrReplaceReadGroups	Processed   145,000,000 records.  Elapsed time: 00:17:50s.  Time for last 1,000,000:    7s.  Last read position: LG24:5,499,636
INFO	2021-10-25 22:50:02	AddOrReplaceReadGroups	Processed   146,000,000 records.  Elapsed time: 00:17:57s.  Time for last 1,000,000:    7s.  Last read position: LG24:9,006,818
INFO	2021-10-25 22:50:09	AddOrReplaceReadGroups	Processed   147,000,000 records.  Elapsed time: 00:18:05s.  Time for last 1,000,000:    7s.  Last read position: LG24:13,190,429
INFO	2021-10-25 22:50:16	AddOrReplaceReadGroups	Processed   148,000,000 records.  Elapsed time: 00:18:12s.  Time for last 1,000,000:    7s.  Last read position: LG25:2,817,350
INFO	2021-10-25 22:50:24	AddOrReplaceReadGroups	Processed   149,000,000 records.  Elapsed time: 00:18:19s.  Time for last 1,000,000:    7s.  Last read position: LG25:6,577,758
INFO	2021-10-25 22:50:31	AddOrReplaceReadGroups	Processed   150,000,000 records.  Elapsed time: 00:18:27s.  Time for last 1,000,000:    7s.  Last read position: LG25:10,371,448
INFO	2021-10-25 22:50:38	AddOrReplaceReadGroups	Processed   151,000,000 records.  Elapsed time: 00:18:34s.  Time for last 1,000,000:    7s.  Last read position: LG25:13,708,550
INFO	2021-10-25 22:50:46	AddOrReplaceReadGroups	Processed   152,000,000 records.  Elapsed time: 00:18:41s.  Time for last 1,000,000:    7s.  Last read position: LG26:3,507,397
INFO	2021-10-25 22:50:53	AddOrReplaceReadGroups	Processed   153,000,000 records.  Elapsed time: 00:18:48s.  Time for last 1,000,000:    7s.  Last read position: LG26:6,378,009
INFO	2021-10-25 22:51:00	AddOrReplaceReadGroups	Processed   154,000,000 records.  Elapsed time: 00:18:56s.  Time for last 1,000,000:    7s.  Last read position: LG26:10,420,350
INFO	2021-10-25 22:51:07	AddOrReplaceReadGroups	Processed   155,000,000 records.  Elapsed time: 00:19:03s.  Time for last 1,000,000:    7s.  Last read position: LG27:626,297
INFO	2021-10-25 22:51:15	AddOrReplaceReadGroups	Processed   156,000,000 records.  Elapsed time: 00:19:10s.  Time for last 1,000,000:    7s.  Last read position: LG27:4,322,608
INFO	2021-10-25 22:51:22	AddOrReplaceReadGroups	Processed   157,000,000 records.  Elapsed time: 00:19:18s.  Time for last 1,000,000:    7s.  Last read position: LG27:7,580,757
INFO	2021-10-25 22:51:29	AddOrReplaceReadGroups	Processed   158,000,000 records.  Elapsed time: 00:19:25s.  Time for last 1,000,000:    7s.  Last read position: LG27:11,488,021
INFO	2021-10-25 22:51:37	AddOrReplaceReadGroups	Processed   159,000,000 records.  Elapsed time: 00:19:32s.  Time for last 1,000,000:    7s.  Last read position: LG28:2,730,773
INFO	2021-10-25 22:51:44	AddOrReplaceReadGroups	Processed   160,000,000 records.  Elapsed time: 00:19:40s.  Time for last 1,000,000:    7s.  Last read position: LG28:6,442,748
INFO	2021-10-25 22:51:51	AddOrReplaceReadGroups	Processed   161,000,000 records.  Elapsed time: 00:19:47s.  Time for last 1,000,000:    7s.  Last read position: LG28:10,048,722
INFO	2021-10-25 22:52:00	AddOrReplaceReadGroups	Processed   162,000,000 records.  Elapsed time: 00:19:56s.  Time for last 1,000,000:    8s.  Last read position: LG29:1,451,244
INFO	2021-10-25 22:52:09	AddOrReplaceReadGroups	Processed   163,000,000 records.  Elapsed time: 00:20:04s.  Time for last 1,000,000:    8s.  Last read position: LG30:206,586
INFO	2021-10-25 22:52:16	AddOrReplaceReadGroups	Processed   164,000,000 records.  Elapsed time: 00:20:12s.  Time for last 1,000,000:    7s.  Last read position: LG30:3,371,396
INFO	2021-10-25 22:52:24	AddOrReplaceReadGroups	Processed   165,000,000 records.  Elapsed time: 00:20:19s.  Time for last 1,000,000:    7s.  Last read position: LG30:7,247,627
INFO	2021-10-25 22:52:31	AddOrReplaceReadGroups	Processed   166,000,000 records.  Elapsed time: 00:20:27s.  Time for last 1,000,000:    7s.  Last read position: UNPIN3877:2,511
INFO	2021-10-25 22:52:38	AddOrReplaceReadGroups	Processed   167,000,000 records.  Elapsed time: 00:20:34s.  Time for last 1,000,000:    7s.  Last read position: UNPIN3877:6,649
INFO	2021-10-25 22:52:45	AddOrReplaceReadGroups	Processed   168,000,000 records.  Elapsed time: 00:20:41s.  Time for last 1,000,000:    6s.  Last read position: UNPIN3877:9,566
INFO	2021-10-25 22:52:52	AddOrReplaceReadGroups	Processed   169,000,000 records.  Elapsed time: 00:20:48s.  Time for last 1,000,000:    6s.  Last read position: UNPIN3877:11,928
INFO	2021-10-25 22:52:59	AddOrReplaceReadGroups	Processed   170,000,000 records.  Elapsed time: 00:20:55s.  Time for last 1,000,000:    6s.  Last read position: UNPIN3877:15,388
INFO	2021-10-25 22:53:06	AddOrReplaceReadGroups	Processed   171,000,000 records.  Elapsed time: 00:21:01s.  Time for last 1,000,000:    6s.  Last read position: UNPIN3877:18,106
INFO	2021-10-25 22:53:13	AddOrReplaceReadGroups	Processed   172,000,000 records.  Elapsed time: 00:21:08s.  Time for last 1,000,000:    6s.  Last read position: UNPIN3877:20,627
INFO	2021-10-25 22:53:20	AddOrReplaceReadGroups	Processed   173,000,000 records.  Elapsed time: 00:21:15s.  Time for last 1,000,000:    7s.  Last read position: UNPIN3877:22,761
INFO	2021-10-25 22:53:27	AddOrReplaceReadGroups	Processed   174,000,000 records.  Elapsed time: 00:21:22s.  Time for last 1,000,000:    6s.  Last read position: UNPIN3877:25,150
INFO	2021-10-25 22:53:34	AddOrReplaceReadGroups	Processed   175,000,000 records.  Elapsed time: 00:21:29s.  Time for last 1,000,000:    7s.  Last read position: UNPIN3877:28,007
INFO	2021-10-25 22:53:41	AddOrReplaceReadGroups	Processed   176,000,000 records.  Elapsed time: 00:21:36s.  Time for last 1,000,000:    6s.  Last read position: UNPIN3877:31,293
INFO	2021-10-25 22:53:48	AddOrReplaceReadGroups	Processed   177,000,000 records.  Elapsed time: 00:21:43s.  Time for last 1,000,000:    6s.  Last read position: UNPIN3877:34,414
INFO	2021-10-25 22:53:55	AddOrReplaceReadGroups	Processed   178,000,000 records.  Elapsed time: 00:21:50s.  Time for last 1,000,000:    6s.  Last read position: UNPIN3877:37,162
INFO	2021-10-25 22:54:02	AddOrReplaceReadGroups	Processed   179,000,000 records.  Elapsed time: 00:21:57s.  Time for last 1,000,000:    6s.  Last read position: UNPIN3877:39,774
INFO	2021-10-25 22:54:09	AddOrReplaceReadGroups	Processed   180,000,000 records.  Elapsed time: 00:22:04s.  Time for last 1,000,000:    6s.  Last read position: UNPIN3877:42,313
INFO	2021-10-25 22:54:16	AddOrReplaceReadGroups	Processed   181,000,000 records.  Elapsed time: 00:22:11s.  Time for last 1,000,000:    6s.  Last read position: UNPIN3877:45,056
INFO	2021-10-25 22:54:23	AddOrReplaceReadGroups	Processed   182,000,000 records.  Elapsed time: 00:22:18s.  Time for last 1,000,000:    6s.  Last read position: UNPIN3877:47,924
INFO	2021-10-25 22:54:30	AddOrReplaceReadGroups	Processed   183,000,000 records.  Elapsed time: 00:22:25s.  Time for last 1,000,000:    7s.  Last read position: UNPIN3877:53,616
INFO	2021-10-25 22:54:37	AddOrReplaceReadGroups	Processed   184,000,000 records.  Elapsed time: 00:22:32s.  Time for last 1,000,000:    6s.  Last read position: UNPIN3877:55,911
INFO	2021-10-25 22:54:44	AddOrReplaceReadGroups	Processed   185,000,000 records.  Elapsed time: 00:22:39s.  Time for last 1,000,000:    6s.  Last read position: UNPIN3877:58,613
INFO	2021-10-25 22:54:50	AddOrReplaceReadGroups	Processed   186,000,000 records.  Elapsed time: 00:22:46s.  Time for last 1,000,000:    6s.  Last read position: UNPIN3877:61,424
INFO	2021-10-25 22:54:57	AddOrReplaceReadGroups	Processed   187,000,000 records.  Elapsed time: 00:22:53s.  Time for last 1,000,000:    6s.  Last read position: UNPIN3877:65,092
INFO	2021-10-25 22:55:04	AddOrReplaceReadGroups	Processed   188,000,000 records.  Elapsed time: 00:23:00s.  Time for last 1,000,000:    6s.  Last read position: UNPIN3877:68,326
INFO	2021-10-25 22:55:11	AddOrReplaceReadGroups	Processed   189,000,000 records.  Elapsed time: 00:23:07s.  Time for last 1,000,000:    6s.  Last read position: UNPIN3877:71,248
INFO	2021-10-25 22:55:18	AddOrReplaceReadGroups	Processed   190,000,000 records.  Elapsed time: 00:23:14s.  Time for last 1,000,000:    6s.  Last read position: UNPIN3877:73,948
INFO	2021-10-25 22:55:25	AddOrReplaceReadGroups	Processed   191,000,000 records.  Elapsed time: 00:23:21s.  Time for last 1,000,000:    6s.  Last read position: UNPIN3877:76,858
INFO	2021-10-25 22:55:32	AddOrReplaceReadGroups	Processed   192,000,000 records.  Elapsed time: 00:23:28s.  Time for last 1,000,000:    6s.  Last read position: UNPIN3877:79,620
INFO	2021-10-25 22:55:39	AddOrReplaceReadGroups	Processed   193,000,000 records.  Elapsed time: 00:23:35s.  Time for last 1,000,000:    7s.  Last read position: UNPIN3877:83,179
INFO	2021-10-25 22:55:46	AddOrReplaceReadGroups	Processed   194,000,000 records.  Elapsed time: 00:23:42s.  Time for last 1,000,000:    6s.  Last read position: UNPIN3877:86,930
INFO	2021-10-25 22:55:53	AddOrReplaceReadGroups	Processed   195,000,000 records.  Elapsed time: 00:23:49s.  Time for last 1,000,000:    6s.  Last read position: UNPIN3877:89,632
INFO	2021-10-25 22:56:00	AddOrReplaceReadGroups	Processed   196,000,000 records.  Elapsed time: 00:23:56s.  Time for last 1,000,000:    6s.  Last read position: UNPIN3877:92,107
INFO	2021-10-25 22:56:07	AddOrReplaceReadGroups	Processed   197,000,000 records.  Elapsed time: 00:24:02s.  Time for last 1,000,000:    6s.  Last read position: UNPIN3877:94,306
INFO	2021-10-25 22:56:14	AddOrReplaceReadGroups	Processed   198,000,000 records.  Elapsed time: 00:24:09s.  Time for last 1,000,000:    6s.  Last read position: UNPIN3877:97,149
INFO	2021-10-25 22:56:21	AddOrReplaceReadGroups	Processed   199,000,000 records.  Elapsed time: 00:24:16s.  Time for last 1,000,000:    6s.  Last read position: UNPIN3877:100,301
INFO	2021-10-25 22:56:28	AddOrReplaceReadGroups	Processed   200,000,000 records.  Elapsed time: 00:24:23s.  Time for last 1,000,000:    6s.  Last read position: UNPIN3877:102,999
INFO	2021-10-25 22:56:35	AddOrReplaceReadGroups	Processed   201,000,000 records.  Elapsed time: 00:24:30s.  Time for last 1,000,000:    6s.  Last read position: UNPIN3877:105,363
INFO	2021-10-25 22:56:42	AddOrReplaceReadGroups	Processed   202,000,000 records.  Elapsed time: 00:24:37s.  Time for last 1,000,000:    7s.  Last read position: UNPIN3877:108,083
INFO	2021-10-25 22:56:49	AddOrReplaceReadGroups	Processed   203,000,000 records.  Elapsed time: 00:24:44s.  Time for last 1,000,000:    6s.  Last read position: UNPIN3877:111,769
INFO	2021-10-25 22:56:55	AddOrReplaceReadGroups	Processed   204,000,000 records.  Elapsed time: 00:24:51s.  Time for last 1,000,000:    6s.  Last read position: UNPIN3877:115,101
INFO	2021-10-25 22:57:02	AddOrReplaceReadGroups	Processed   205,000,000 records.  Elapsed time: 00:24:58s.  Time for last 1,000,000:    6s.  Last read position: UNPIN3877:118,190
INFO	2021-10-25 22:57:09	AddOrReplaceReadGroups	Processed   206,000,000 records.  Elapsed time: 00:25:05s.  Time for last 1,000,000:    6s.  Last read position: UNPIN3877:120,623
INFO	2021-10-25 22:57:16	AddOrReplaceReadGroups	Processed   207,000,000 records.  Elapsed time: 00:25:12s.  Time for last 1,000,000:    6s.  Last read position: UNPIN3877:123,326
INFO	2021-10-25 22:57:23	AddOrReplaceReadGroups	Processed   208,000,000 records.  Elapsed time: 00:25:19s.  Time for last 1,000,000:    6s.  Last read position: UNPIN3877:125,658
INFO	2021-10-25 22:57:30	AddOrReplaceReadGroups	Processed   209,000,000 records.  Elapsed time: 00:25:26s.  Time for last 1,000,000:    7s.  Last read position: UNPIN3877:129,551
INFO	2021-10-25 22:57:37	AddOrReplaceReadGroups	Processed   210,000,000 records.  Elapsed time: 00:25:33s.  Time for last 1,000,000:    6s.  Last read position: UNPIN3878:4,868
INFO	2021-10-25 22:57:44	AddOrReplaceReadGroups	Processed   211,000,000 records.  Elapsed time: 00:25:40s.  Time for last 1,000,000:    6s.  Last read position: UNPIN3878:12,546
INFO	2021-10-25 22:57:51	AddOrReplaceReadGroups	Processed   212,000,000 records.  Elapsed time: 00:25:47s.  Time for last 1,000,000:    6s.  Last read position: UNPIN3878:21,195
INFO	2021-10-25 22:57:58	AddOrReplaceReadGroups	Processed   213,000,000 records.  Elapsed time: 00:25:53s.  Time for last 1,000,000:    6s.  Last read position: UNPIN3878:28,173
INFO	2021-10-25 22:58:05	AddOrReplaceReadGroups	Processed   214,000,000 records.  Elapsed time: 00:26:00s.  Time for last 1,000,000:    6s.  Last read position: UNPIN3878:35,390
INFO	2021-10-25 22:58:11	AddOrReplaceReadGroups	Processed   215,000,000 records.  Elapsed time: 00:26:06s.  Time for last 1,000,000:    5s.  Last read position: */*
INFO	2021-10-25 22:58:16	AddOrReplaceReadGroups	Processed   216,000,000 records.  Elapsed time: 00:26:11s.  Time for last 1,000,000:    4s.  Last read position: */*
INFO	2021-10-25 22:58:21	AddOrReplaceReadGroups	Processed   217,000,000 records.  Elapsed time: 00:26:16s.  Time for last 1,000,000:    4s.  Last read position: */*
INFO	2021-10-25 22:58:26	AddOrReplaceReadGroups	Processed   218,000,000 records.  Elapsed time: 00:26:21s.  Time for last 1,000,000:    4s.  Last read position: */*
INFO	2021-10-25 22:58:31	AddOrReplaceReadGroups	Processed   219,000,000 records.  Elapsed time: 00:26:26s.  Time for last 1,000,000:    4s.  Last read position: */*
INFO	2021-10-25 22:58:35	AddOrReplaceReadGroups	Processed   220,000,000 records.  Elapsed time: 00:26:31s.  Time for last 1,000,000:    4s.  Last read position: */*
INFO	2021-10-25 22:58:40	AddOrReplaceReadGroups	Processed   221,000,000 records.  Elapsed time: 00:26:36s.  Time for last 1,000,000:    4s.  Last read position: */*
INFO	2021-10-25 22:58:45	AddOrReplaceReadGroups	Processed   222,000,000 records.  Elapsed time: 00:26:41s.  Time for last 1,000,000:    4s.  Last read position: */*
INFO	2021-10-25 22:58:50	AddOrReplaceReadGroups	Processed   223,000,000 records.  Elapsed time: 00:26:46s.  Time for last 1,000,000:    4s.  Last read position: */*
INFO	2021-10-25 22:58:55	AddOrReplaceReadGroups	Processed   224,000,000 records.  Elapsed time: 00:26:51s.  Time for last 1,000,000:    4s.  Last read position: */*
INFO	2021-10-25 22:59:00	AddOrReplaceReadGroups	Processed   225,000,000 records.  Elapsed time: 00:26:56s.  Time for last 1,000,000:    4s.  Last read position: */*
INFO	2021-10-25 22:59:05	AddOrReplaceReadGroups	Processed   226,000,000 records.  Elapsed time: 00:27:00s.  Time for last 1,000,000:    4s.  Last read position: */*
INFO	2021-10-25 22:59:10	AddOrReplaceReadGroups	Processed   227,000,000 records.  Elapsed time: 00:27:05s.  Time for last 1,000,000:    4s.  Last read position: */*
INFO	2021-10-25 22:59:15	AddOrReplaceReadGroups	Processed   228,000,000 records.  Elapsed time: 00:27:10s.  Time for last 1,000,000:    4s.  Last read position: */*
INFO	2021-10-25 22:59:20	AddOrReplaceReadGroups	Processed   229,000,000 records.  Elapsed time: 00:27:15s.  Time for last 1,000,000:    4s.  Last read position: */*
INFO	2021-10-25 22:59:25	AddOrReplaceReadGroups	Processed   230,000,000 records.  Elapsed time: 00:27:20s.  Time for last 1,000,000:    4s.  Last read position: */*
INFO	2021-10-25 22:59:30	AddOrReplaceReadGroups	Processed   231,000,000 records.  Elapsed time: 00:27:25s.  Time for last 1,000,000:    4s.  Last read position: */*
[Mon Oct 25 22:59:34 PDT 2021] picard.sam.AddOrReplaceReadGroups done. Elapsed time: 27.51 minutes.
Runtime.totalMemory()=46145536
Tool returned:
0
