==========================================
SLURM_JOB_ID = 7439962
SLURM_JOB_NODELIST = a03-17
TMPDIR = /tmp/SLURM_7439962
==========================================
Using GATK jar /home1/mharden/.conda/envs/gatk4/share/gatk4-4.2.2.0-1/gatk-package-4.2.2.0-local.jar
Running:
    java -Dsamjdk.use_async_io_read_samtools=false -Dsamjdk.use_async_io_write_samtools=true -Dsamjdk.use_async_io_write_tribble=false -Dsamjdk.compression_level=2 -jar /home1/mharden/.conda/envs/gatk4/share/gatk4-4.2.2.0-1/gatk-package-4.2.2.0-local.jar MergeVcfs -R Kr2015_Undaria.pinnatifida_superscaffolds.fasta --SEQUENCE_DICTIONARY Kr2015_Undaria.pinnatifida_superscaffolds.dict -I 0025-scattered.interval_list.sorted.vcf.gz -O Undaria_Variants.vcf
16:38:30.320 INFO  NativeLibraryLoader - Loading libgkl_compression.so from jar:file:/home1/mharden/.conda/envs/gatk4/share/gatk4-4.2.2.0-1/gatk-package-4.2.2.0-local.jar!/com/intel/gkl/native/libgkl_compression.so
[Sun Feb 13 16:38:30 PST 2022] MergeVcfs --INPUT 0025-scattered.interval_list.sorted.vcf.gz --OUTPUT Undaria_Variants.vcf --SEQUENCE_DICTIONARY Kr2015_Undaria.pinnatifida_superscaffolds.dict --REFERENCE_SEQUENCE Kr2015_Undaria.pinnatifida_superscaffolds.fasta --VERBOSITY INFO --QUIET false --VALIDATION_STRINGENCY STRICT --COMPRESSION_LEVEL 2 --MAX_RECORDS_IN_RAM 500000 --CREATE_INDEX true --CREATE_MD5_FILE false --GA4GH_CLIENT_SECRETS client_secrets.json --help false --version false --showHidden false --USE_JDK_DEFLATER false --USE_JDK_INFLATER false
Feb 13, 2022 4:38:30 PM shaded.cloud_nio.com.google.auth.oauth2.ComputeEngineCredentials runningOnComputeEngine
INFO: Failed to detect whether we are running on Google Compute Engine.
[Sun Feb 13 16:38:30 PST 2022] Executing as mharden@a03-17.hpc.usc.edu on Linux 3.10.0-1062.4.1.el7.x86_64 amd64; OpenJDK 64-Bit Server VM 1.8.0_302-b08; Deflater: Intel; Inflater: Intel; Provider GCS is available; Picard version: Version:4.2.2.0
INFO	2022-02-13 16:38:30	MergeVcfs	Processed        10,000 records.  Elapsed time: 00:00:00s.  Time for last 10,000:    0s.  Last read position: LG18:10,179,280
INFO	2022-02-13 16:38:30	MergeVcfs	Processed        20,000 records.  Elapsed time: 00:00:00s.  Time for last 10,000:    0s.  Last read position: LG18:10,432,154
INFO	2022-02-13 16:38:31	MergeVcfs	Processed        30,000 records.  Elapsed time: 00:00:00s.  Time for last 10,000:    0s.  Last read position: LG18:10,610,920
INFO	2022-02-13 16:38:31	MergeVcfs	Processed        40,000 records.  Elapsed time: 00:00:00s.  Time for last 10,000:    0s.  Last read position: LG18:10,744,744
INFO	2022-02-13 16:38:31	MergeVcfs	Processed        50,000 records.  Elapsed time: 00:00:01s.  Time for last 10,000:    0s.  Last read position: LG18:10,930,076
INFO	2022-02-13 16:38:31	MergeVcfs	Processed        60,000 records.  Elapsed time: 00:00:01s.  Time for last 10,000:    0s.  Last read position: LG18:11,121,065
INFO	2022-02-13 16:38:31	MergeVcfs	Processed        70,000 records.  Elapsed time: 00:00:01s.  Time for last 10,000:    0s.  Last read position: LG18:11,381,678
INFO	2022-02-13 16:38:31	MergeVcfs	Processed        80,000 records.  Elapsed time: 00:00:01s.  Time for last 10,000:    0s.  Last read position: LG18:11,650,388
INFO	2022-02-13 16:38:32	MergeVcfs	Processed        90,000 records.  Elapsed time: 00:00:01s.  Time for last 10,000:    0s.  Last read position: LG18:11,830,353
INFO	2022-02-13 16:38:32	MergeVcfs	Processed       100,000 records.  Elapsed time: 00:00:01s.  Time for last 10,000:    0s.  Last read position: LG18:12,085,156
INFO	2022-02-13 16:38:32	MergeVcfs	Processed       110,000 records.  Elapsed time: 00:00:01s.  Time for last 10,000:    0s.  Last read position: LG18:12,268,060
INFO	2022-02-13 16:38:32	MergeVcfs	Processed       120,000 records.  Elapsed time: 00:00:02s.  Time for last 10,000:    0s.  Last read position: LG19:126,733
INFO	2022-02-13 16:38:32	MergeVcfs	Processed       130,000 records.  Elapsed time: 00:00:02s.  Time for last 10,000:    0s.  Last read position: LG19:343,377
INFO	2022-02-13 16:38:32	MergeVcfs	Processed       140,000 records.  Elapsed time: 00:00:02s.  Time for last 10,000:    0s.  Last read position: LG19:527,048
INFO	2022-02-13 16:38:32	MergeVcfs	Processed       150,000 records.  Elapsed time: 00:00:02s.  Time for last 10,000:    0s.  Last read position: LG19:787,356
INFO	2022-02-13 16:38:33	MergeVcfs	Processed       160,000 records.  Elapsed time: 00:00:02s.  Time for last 10,000:    0s.  Last read position: LG19:1,098,400
INFO	2022-02-13 16:38:33	MergeVcfs	Processed       170,000 records.  Elapsed time: 00:00:02s.  Time for last 10,000:    0s.  Last read position: LG19:1,419,665
INFO	2022-02-13 16:38:33	MergeVcfs	Processed       180,000 records.  Elapsed time: 00:00:02s.  Time for last 10,000:    0s.  Last read position: LG19:1,747,018
INFO	2022-02-13 16:38:33	MergeVcfs	Processed       190,000 records.  Elapsed time: 00:00:03s.  Time for last 10,000:    0s.  Last read position: LG19:2,008,097
INFO	2022-02-13 16:38:33	MergeVcfs	Processed       200,000 records.  Elapsed time: 00:00:03s.  Time for last 10,000:    0s.  Last read position: LG19:2,296,352
INFO	2022-02-13 16:38:33	MergeVcfs	Processed       210,000 records.  Elapsed time: 00:00:03s.  Time for last 10,000:    0s.  Last read position: LG19:2,465,481
INFO	2022-02-13 16:38:33	MergeVcfs	Processed       220,000 records.  Elapsed time: 00:00:03s.  Time for last 10,000:    0s.  Last read position: LG19:2,769,722
INFO	2022-02-13 16:38:34	MergeVcfs	Processed       230,000 records.  Elapsed time: 00:00:03s.  Time for last 10,000:    0s.  Last read position: LG19:2,963,899
INFO	2022-02-13 16:38:34	MergeVcfs	Processed       240,000 records.  Elapsed time: 00:00:03s.  Time for last 10,000:    0s.  Last read position: LG19:3,179,625
INFO	2022-02-13 16:38:34	MergeVcfs	Processed       250,000 records.  Elapsed time: 00:00:03s.  Time for last 10,000:    0s.  Last read position: LG19:3,350,510
INFO	2022-02-13 16:38:34	MergeVcfs	Processed       260,000 records.  Elapsed time: 00:00:04s.  Time for last 10,000:    0s.  Last read position: LG19:3,579,874
INFO	2022-02-13 16:38:34	MergeVcfs	Processed       270,000 records.  Elapsed time: 00:00:04s.  Time for last 10,000:    0s.  Last read position: LG19:3,766,244
INFO	2022-02-13 16:38:34	MergeVcfs	Processed       280,000 records.  Elapsed time: 00:00:04s.  Time for last 10,000:    0s.  Last read position: LG19:3,965,020
INFO	2022-02-13 16:38:34	MergeVcfs	Processed       290,000 records.  Elapsed time: 00:00:04s.  Time for last 10,000:    0s.  Last read position: LG19:4,116,891
INFO	2022-02-13 16:38:35	MergeVcfs	Processed       300,000 records.  Elapsed time: 00:00:04s.  Time for last 10,000:    0s.  Last read position: LG19:4,240,590
INFO	2022-02-13 16:38:35	MergeVcfs	Processed       310,000 records.  Elapsed time: 00:00:04s.  Time for last 10,000:    0s.  Last read position: LG19:4,447,355
INFO	2022-02-13 16:38:35	MergeVcfs	Processed       320,000 records.  Elapsed time: 00:00:04s.  Time for last 10,000:    0s.  Last read position: LG19:4,716,954
INFO	2022-02-13 16:38:35	MergeVcfs	Processed       330,000 records.  Elapsed time: 00:00:05s.  Time for last 10,000:    0s.  Last read position: LG19:4,846,500
INFO	2022-02-13 16:38:35	MergeVcfs	Processed       340,000 records.  Elapsed time: 00:00:05s.  Time for last 10,000:    0s.  Last read position: LG19:5,126,481
INFO	2022-02-13 16:38:35	MergeVcfs	Processed       350,000 records.  Elapsed time: 00:00:05s.  Time for last 10,000:    0s.  Last read position: LG19:5,276,049
INFO	2022-02-13 16:38:35	MergeVcfs	Processed       360,000 records.  Elapsed time: 00:00:05s.  Time for last 10,000:    0s.  Last read position: LG19:5,512,706
INFO	2022-02-13 16:38:36	MergeVcfs	Processed       370,000 records.  Elapsed time: 00:00:05s.  Time for last 10,000:    0s.  Last read position: LG19:5,718,716
INFO	2022-02-13 16:38:36	MergeVcfs	Processed       380,000 records.  Elapsed time: 00:00:05s.  Time for last 10,000:    0s.  Last read position: LG19:5,906,339
INFO	2022-02-13 16:38:36	MergeVcfs	Processed       390,000 records.  Elapsed time: 00:00:05s.  Time for last 10,000:    0s.  Last read position: LG19:6,145,375
INFO	2022-02-13 16:38:36	MergeVcfs	Processed       400,000 records.  Elapsed time: 00:00:06s.  Time for last 10,000:    0s.  Last read position: LG19:6,390,100
INFO	2022-02-13 16:38:36	MergeVcfs	Processed       410,000 records.  Elapsed time: 00:00:06s.  Time for last 10,000:    0s.  Last read position: LG19:6,637,792
INFO	2022-02-13 16:38:36	MergeVcfs	Processed       420,000 records.  Elapsed time: 00:00:06s.  Time for last 10,000:    0s.  Last read position: LG19:6,840,739
INFO	2022-02-13 16:38:36	MergeVcfs	Processed       430,000 records.  Elapsed time: 00:00:06s.  Time for last 10,000:    0s.  Last read position: LG19:7,249,134
INFO	2022-02-13 16:38:37	MergeVcfs	Processed       440,000 records.  Elapsed time: 00:00:06s.  Time for last 10,000:    0s.  Last read position: LG19:7,707,007
INFO	2022-02-13 16:38:37	MergeVcfs	Processed       450,000 records.  Elapsed time: 00:00:06s.  Time for last 10,000:    0s.  Last read position: LG19:7,921,711
INFO	2022-02-13 16:38:37	MergeVcfs	Processed       460,000 records.  Elapsed time: 00:00:06s.  Time for last 10,000:    0s.  Last read position: LG19:8,310,270
INFO	2022-02-13 16:38:37	MergeVcfs	Processed       470,000 records.  Elapsed time: 00:00:07s.  Time for last 10,000:    0s.  Last read position: LG19:8,555,851
INFO	2022-02-13 16:38:37	MergeVcfs	Processed       480,000 records.  Elapsed time: 00:00:07s.  Time for last 10,000:    0s.  Last read position: LG19:8,789,180
INFO	2022-02-13 16:38:37	MergeVcfs	Processed       490,000 records.  Elapsed time: 00:00:07s.  Time for last 10,000:    0s.  Last read position: LG19:9,013,432
INFO	2022-02-13 16:38:37	MergeVcfs	Processed       500,000 records.  Elapsed time: 00:00:07s.  Time for last 10,000:    0s.  Last read position: LG19:9,291,683
INFO	2022-02-13 16:38:37	MergeVcfs	Processed       510,000 records.  Elapsed time: 00:00:07s.  Time for last 10,000:    0s.  Last read position: LG19:9,567,962
INFO	2022-02-13 16:38:38	MergeVcfs	Processed       520,000 records.  Elapsed time: 00:00:07s.  Time for last 10,000:    0s.  Last read position: LG19:9,805,163
INFO	2022-02-13 16:38:38	MergeVcfs	Processed       530,000 records.  Elapsed time: 00:00:07s.  Time for last 10,000:    0s.  Last read position: LG19:10,020,449
INFO	2022-02-13 16:38:38	MergeVcfs	Processed       540,000 records.  Elapsed time: 00:00:07s.  Time for last 10,000:    0s.  Last read position: LG19:10,308,037
INFO	2022-02-13 16:38:38	MergeVcfs	Processed       550,000 records.  Elapsed time: 00:00:08s.  Time for last 10,000:    0s.  Last read position: LG19:10,547,416
INFO	2022-02-13 16:38:38	MergeVcfs	Processed       560,000 records.  Elapsed time: 00:00:08s.  Time for last 10,000:    0s.  Last read position: LG19:10,797,622
INFO	2022-02-13 16:38:38	MergeVcfs	Processed       570,000 records.  Elapsed time: 00:00:08s.  Time for last 10,000:    0s.  Last read position: LG19:11,063,392
INFO	2022-02-13 16:38:38	MergeVcfs	Processed       580,000 records.  Elapsed time: 00:00:08s.  Time for last 10,000:    0s.  Last read position: LG19:11,266,404
INFO	2022-02-13 16:38:39	MergeVcfs	Processed       590,000 records.  Elapsed time: 00:00:08s.  Time for last 10,000:    0s.  Last read position: LG19:11,444,039
INFO	2022-02-13 16:38:39	MergeVcfs	Processed       600,000 records.  Elapsed time: 00:00:08s.  Time for last 10,000:    0s.  Last read position: LG19:11,637,628
INFO	2022-02-13 16:38:39	MergeVcfs	Processed       610,000 records.  Elapsed time: 00:00:08s.  Time for last 10,000:    0s.  Last read position: LG19:11,943,300
INFO	2022-02-13 16:38:39	MergeVcfs	Processed       620,000 records.  Elapsed time: 00:00:09s.  Time for last 10,000:    0s.  Last read position: LG19:12,135,897
INFO	2022-02-13 16:38:39	MergeVcfs	Processed       630,000 records.  Elapsed time: 00:00:09s.  Time for last 10,000:    0s.  Last read position: LG19:12,370,707
INFO	2022-02-13 16:38:39	MergeVcfs	Processed       640,000 records.  Elapsed time: 00:00:09s.  Time for last 10,000:    0s.  Last read position: LG19:12,672,534
INFO	2022-02-13 16:38:39	MergeVcfs	Processed       650,000 records.  Elapsed time: 00:00:09s.  Time for last 10,000:    0s.  Last read position: LG19:12,874,125
INFO	2022-02-13 16:38:40	MergeVcfs	Processed       660,000 records.  Elapsed time: 00:00:09s.  Time for last 10,000:    0s.  Last read position: LG19:13,075,086
INFO	2022-02-13 16:38:40	MergeVcfs	Processed       670,000 records.  Elapsed time: 00:00:09s.  Time for last 10,000:    0s.  Last read position: LG19:13,292,584
INFO	2022-02-13 16:38:40	MergeVcfs	Processed       680,000 records.  Elapsed time: 00:00:09s.  Time for last 10,000:    0s.  Last read position: LG19:13,538,167
INFO	2022-02-13 16:38:40	MergeVcfs	Processed       690,000 records.  Elapsed time: 00:00:10s.  Time for last 10,000:    0s.  Last read position: LG19:13,733,988
INFO	2022-02-13 16:38:40	MergeVcfs	Processed       700,000 records.  Elapsed time: 00:00:10s.  Time for last 10,000:    0s.  Last read position: LG19:13,885,343
INFO	2022-02-13 16:38:40	MergeVcfs	Processed       710,000 records.  Elapsed time: 00:00:10s.  Time for last 10,000:    0s.  Last read position: LG19:14,055,228
INFO	2022-02-13 16:38:40	MergeVcfs	Processed       720,000 records.  Elapsed time: 00:00:10s.  Time for last 10,000:    0s.  Last read position: LG19:14,234,365
INFO	2022-02-13 16:38:41	MergeVcfs	Processed       730,000 records.  Elapsed time: 00:00:10s.  Time for last 10,000:    0s.  Last read position: LG19:14,434,944
INFO	2022-02-13 16:38:41	MergeVcfs	Processed       740,000 records.  Elapsed time: 00:00:10s.  Time for last 10,000:    0s.  Last read position: LG19:14,675,169
INFO	2022-02-13 16:38:41	MergeVcfs	Processed       750,000 records.  Elapsed time: 00:00:10s.  Time for last 10,000:    0s.  Last read position: LG19:15,071,437
INFO	2022-02-13 16:38:41	MergeVcfs	Processed       760,000 records.  Elapsed time: 00:00:11s.  Time for last 10,000:    0s.  Last read position: LG19:15,381,209
INFO	2022-02-13 16:38:41	MergeVcfs	Processed       770,000 records.  Elapsed time: 00:00:11s.  Time for last 10,000:    0s.  Last read position: LG19:15,637,435
INFO	2022-02-13 16:38:41	MergeVcfs	Processed       780,000 records.  Elapsed time: 00:00:11s.  Time for last 10,000:    0s.  Last read position: LG20:190,006
INFO	2022-02-13 16:38:41	MergeVcfs	Processed       790,000 records.  Elapsed time: 00:00:11s.  Time for last 10,000:    0s.  Last read position: LG20:635,127
INFO	2022-02-13 16:38:41	MergeVcfs	Processed       800,000 records.  Elapsed time: 00:00:11s.  Time for last 10,000:    0s.  Last read position: LG20:905,136
16:38:42.034 WARN  IntelInflater - Zero Bytes Written : 0
[Sun Feb 13 16:38:42 PST 2022] picard.vcf.MergeVcfs done. Elapsed time: 0.20 minutes.
Runtime.totalMemory()=3419930624
Tool returned:
0
