==========================================
SLURM_JOB_ID = 7188740
SLURM_JOB_NODELIST = b22-27
TMPDIR = /tmp/SLURM_7188740
==========================================
Using GATK jar /home1/mharden/.conda/envs/gatk4/share/gatk4-4.2.2.0-1/gatk-package-4.2.2.0-local.jar
Running:
    java -Dsamjdk.use_async_io_read_samtools=false -Dsamjdk.use_async_io_write_samtools=true -Dsamjdk.use_async_io_write_tribble=false -Dsamjdk.compression_level=2 -jar /home1/mharden/.conda/envs/gatk4/share/gatk4-4.2.2.0-1/gatk-package-4.2.2.0-local.jar GenotypeGVCFs -R Kr2015_Undaria.pinnatifida_superscaffolds.fasta --sequence-dictionary Kr2015_Undaria.pinnatifida_superscaffolds.dict -V gendb://0021-scattered.interval_list_data -O 0021-scattered.interval_list.vcf.gz
11:34:20.846 INFO  NativeLibraryLoader - Loading libgkl_compression.so from jar:file:/home1/mharden/.conda/envs/gatk4/share/gatk4-4.2.2.0-1/gatk-package-4.2.2.0-local.jar!/com/intel/gkl/native/libgkl_compression.so
Jan 21, 2022 11:34:20 AM shaded.cloud_nio.com.google.auth.oauth2.ComputeEngineCredentials runningOnComputeEngine
INFO: Failed to detect whether we are running on Google Compute Engine.
11:34:20.959 INFO  GenotypeGVCFs - ------------------------------------------------------------
11:34:20.960 INFO  GenotypeGVCFs - The Genome Analysis Toolkit (GATK) v4.2.2.0
11:34:20.960 INFO  GenotypeGVCFs - For support and documentation go to https://software.broadinstitute.org/gatk/
11:34:20.960 INFO  GenotypeGVCFs - Executing as mharden@b22-27.hpc.usc.edu on Linux v3.10.0-1062.4.1.el7.x86_64 amd64
11:34:20.960 INFO  GenotypeGVCFs - Java runtime: OpenJDK 64-Bit Server VM v1.8.0_302-b08
11:34:20.960 INFO  GenotypeGVCFs - Start Date/Time: January 21, 2022 11:34:20 AM PST
11:34:20.960 INFO  GenotypeGVCFs - ------------------------------------------------------------
11:34:20.960 INFO  GenotypeGVCFs - ------------------------------------------------------------
11:34:20.960 INFO  GenotypeGVCFs - HTSJDK Version: 2.24.1
11:34:20.960 INFO  GenotypeGVCFs - Picard Version: 2.25.4
11:34:20.961 INFO  GenotypeGVCFs - Built for Spark Version: 2.4.5
11:34:20.961 INFO  GenotypeGVCFs - HTSJDK Defaults.COMPRESSION_LEVEL : 2
11:34:20.961 INFO  GenotypeGVCFs - HTSJDK Defaults.USE_ASYNC_IO_READ_FOR_SAMTOOLS : false
11:34:20.961 INFO  GenotypeGVCFs - HTSJDK Defaults.USE_ASYNC_IO_WRITE_FOR_SAMTOOLS : true
11:34:20.961 INFO  GenotypeGVCFs - HTSJDK Defaults.USE_ASYNC_IO_WRITE_FOR_TRIBBLE : false
11:34:20.961 INFO  GenotypeGVCFs - Deflater: IntelDeflater
11:34:20.961 INFO  GenotypeGVCFs - Inflater: IntelInflater
11:34:20.961 INFO  GenotypeGVCFs - GCS max retries/reopens: 20
11:34:20.961 INFO  GenotypeGVCFs - Requester pays: disabled
11:34:20.961 INFO  GenotypeGVCFs - Initializing engine
11:34:21.523 INFO  GenomicsDBLibLoader - GenomicsDB native library version : 1.4.1-d59e886
11:34:23.182 info  NativeGenomicsDB - pid=17057 tid=17058 No valid combination operation found for INFO field InbreedingCoeff  - the field will NOT be part of INFO fields in the generated VCF records
11:34:23.182 info  NativeGenomicsDB - pid=17057 tid=17058 No valid combination operation found for INFO field MLEAC  - the field will NOT be part of INFO fields in the generated VCF records
11:34:23.182 info  NativeGenomicsDB - pid=17057 tid=17058 No valid combination operation found for INFO field MLEAF  - the field will NOT be part of INFO fields in the generated VCF records
11:34:23.651 INFO  GenotypeGVCFs - Done initializing engine
11:34:23.715 INFO  ProgressMeter - Starting traversal
11:34:23.715 INFO  ProgressMeter -        Current Locus  Elapsed Minutes    Variants Processed  Variants/Minute
11:37:06.792 INFO  ProgressMeter -         LG13:7287019              2.7                  1000            367.9
11:37:17.709 INFO  ProgressMeter -         LG13:7338465              2.9                 52000          17931.7
11:37:57.651 INFO  ProgressMeter -         LG13:7368717              3.6                 82000          22997.5
11:38:07.687 INFO  ProgressMeter -         LG13:7414063              3.7                126000          33754.2
11:38:17.711 INFO  ProgressMeter -         LG13:7454807              3.9                166000          42564.8
11:39:40.102 INFO  ProgressMeter -         LG13:7458851              5.3                170000          32239.0
11:39:51.240 INFO  ProgressMeter -         LG13:7509724              5.5                220000          40302.3
11:40:35.963 INFO  ProgressMeter -         LG13:7544651              6.2                254000          40940.4
11:40:45.976 INFO  ProgressMeter -         LG13:7587753              6.4                296000          46460.4
11:40:56.059 INFO  ProgressMeter -         LG13:7628781              6.5                336000          51383.6
11:42:08.663 INFO  ProgressMeter -         LG13:7636277              7.7                343000          44263.1
11:42:18.788 INFO  ProgressMeter -         LG13:7685839              7.9                392000          49508.2
11:42:53.539 INFO  ProgressMeter -         LG13:7720114              8.5                426000          50134.9
11:43:03.669 INFO  ProgressMeter -         LG13:7759205              8.7                465000          53658.6
11:43:13.795 INFO  ProgressMeter -         LG13:7800480              8.8                504000          57048.0
11:44:32.046 INFO  ProgressMeter -         LG13:7811482             10.1                515000          50794.7
11:44:42.097 INFO  ProgressMeter -         LG13:7864391             10.3                566000          54917.5
11:45:19.812 INFO  ProgressMeter -         LG13:7899878             10.9                601000          54961.4
11:45:29.834 INFO  ProgressMeter -         LG13:7932859             11.1                633000          57016.8
11:45:40.097 INFO  ProgressMeter -         LG13:7975376             11.3                673000          59700.0
11:46:57.921 INFO  ProgressMeter -         LG13:7997702             12.6                692000          55051.3
11:47:08.056 INFO  ProgressMeter -         LG13:8045161             12.7                739000          58010.8
11:47:53.921 INFO  ProgressMeter -         LG13:8089696             13.5                779000          57689.0
11:48:04.451 INFO  ProgressMeter -         LG13:8120010             13.7                809000          59142.0
11:48:15.468 INFO  ProgressMeter -         LG13:8161062             13.9                844000          60883.5
11:49:32.852 INFO  ProgressMeter -         LG13:8182164             15.2                865000          57087.1
11:49:42.962 INFO  ProgressMeter -         LG13:8227924             15.3                910000          59396.8
11:50:24.633 INFO  ProgressMeter -         LG13:8272321             16.0                954000          59568.0
11:50:34.748 INFO  ProgressMeter -         LG13:8316105             16.2                995000          61481.0
11:50:44.750 INFO  ProgressMeter -         LG13:8355662             16.4               1034000          63239.3
11:51:57.868 INFO  ProgressMeter -         LG13:8362672             17.6               1041000          59251.4
11:52:08.936 INFO  ProgressMeter -         LG13:8407374             17.8               1085000          61114.1
11:52:59.321 INFO  ProgressMeter -         LG13:8448853             18.6               1126000          60559.1
11:53:09.365 INFO  ProgressMeter -         LG13:8484470             18.8               1161000          61884.2
11:53:19.451 INFO  ProgressMeter -         LG13:8522729             18.9               1199000          63342.2
11:54:38.288 INFO  ProgressMeter -         LG13:8533759             20.2               1210000          59774.1
11:54:49.588 INFO  ProgressMeter -         LG13:8599135             20.4               1259000          61621.4
11:55:00.813 INFO  ProgressMeter -         LG13:8650161             20.6               1301000          63099.3
11:55:31.436 INFO  ProgressMeter -         LG13:8655434             21.1               1306000          61811.7
11:55:42.315 INFO  ProgressMeter -         LG13:8697109             21.3               1347000          63209.8
11:57:11.813 INFO  ProgressMeter -         LG13:8739398             22.8               1389000          60916.7
11:57:22.287 INFO  ProgressMeter -         LG13:8782641             23.0               1431000          62281.8
11:57:32.386 INFO  ProgressMeter -         LG13:8811942             23.1               1460000          63081.9
11:58:11.222 INFO  ProgressMeter -         LG13:8822966             23.8               1471000          61828.1
11:58:22.963 INFO  ProgressMeter -         LG13:8875251             24.0               1517000          63241.4
11:59:45.553 INFO  ProgressMeter -         LG13:8915617             25.4               1557000          61386.3
11:59:55.893 INFO  ProgressMeter -         LG13:8956015             25.5               1596000          62499.3
12:00:05.915 INFO  ProgressMeter -         LG13:8981119             25.7               1621000          63065.8
12:00:42.032 INFO  ProgressMeter -         LG13:8998964             26.3               1638000          62268.9
12:00:53.464 INFO  ProgressMeter -         LG13:9057402             26.5               1681000          63444.0
12:02:16.778 INFO  ProgressMeter -         LG13:9134131             27.9               1737000          62292.9
12:02:28.333 INFO  ProgressMeter -         LG13:9204498             28.1               1787000          63646.5
12:02:38.364 INFO  ProgressMeter -         LG13:9239218             28.2               1821000          64473.5
12:03:12.681 INFO  ProgressMeter -         LG13:9249314             28.8               1831000          63540.9
12:03:23.208 INFO  ProgressMeter -         LG13:9283541             29.0               1865000          64329.1
12:04:38.162 INFO  ProgressMeter -         LG13:9335442             30.2               1916000          63358.1
12:04:48.192 INFO  ProgressMeter -         LG13:9381835             30.4               1962000          64522.6
12:04:58.244 INFO  ProgressMeter -         LG13:9408396             30.6               1987000          64986.7
12:05:32.505 INFO  ProgressMeter -         LG13:9421643             31.1               2000000          64212.7
12:05:42.705 INFO  ProgressMeter -         LG13:9452807             31.3               2031000          64854.0
12:05:55.499 INFO  ProgressMeter -         LG13:9509722             31.5               2084000          66096.3
12:07:12.258 INFO  ProgressMeter -         LG13:9510722             32.8               2085000          63549.5
12:07:22.823 INFO  ProgressMeter -         LG13:9567214             33.0               2140000          64877.7
12:08:09.358 INFO  ProgressMeter -         LG13:9595269             33.8               2168000          64216.6
12:08:19.365 INFO  ProgressMeter -         LG13:9625397             33.9               2198000          64785.2
12:08:31.105 INFO  ProgressMeter -         LG13:9672058             34.1               2244000          65761.8
12:09:45.060 INFO  ProgressMeter -         LG13:9678079             35.4               2250000          63638.9
12:09:55.773 INFO  ProgressMeter -         LG13:9727999             35.5               2299000          64698.1
12:10:37.877 INFO  ProgressMeter -         LG13:9764757             36.2               2335000          64438.6
12:10:47.955 INFO  ProgressMeter -         LG13:9794982             36.4               2365000          64965.4
12:10:58.736 INFO  ProgressMeter -         LG13:9841343             36.6               2411000          65903.7
12:12:13.060 INFO  ProgressMeter -         LG13:9849355             37.8               2419000          63956.8
12:12:23.160 INFO  ProgressMeter -         LG13:9902244             38.0               2471000          65042.1
12:13:02.769 INFO  ProgressMeter -         LG13:9938147             38.7               2506000          64836.8
12:13:12.852 INFO  ProgressMeter -         LG13:9968587             38.8               2536000          65328.9
12:13:23.488 INFO  ProgressMeter -        LG13:10057683             39.0               2590000          66416.7
12:14:46.750 INFO  ProgressMeter -        LG13:10069926             40.4               2602000          64431.6
12:14:56.762 INFO  ProgressMeter -        LG13:10121433             40.6               2652000          65399.5
12:15:34.966 INFO  ProgressMeter -        LG13:10157871             41.2               2688000          65262.5
12:15:44.975 INFO  ProgressMeter -        LG13:10195877             41.4               2723000          65845.6
12:15:55.215 INFO  ProgressMeter -        LG13:10228133             41.5               2755000          66345.6
12:17:12.545 INFO  ProgressMeter -        LG13:10245450             42.8               2772000          64745.4
12:17:22.779 INFO  ProgressMeter -        LG13:10289306             43.0               2815000          65488.9
12:18:07.406 INFO  ProgressMeter -        LG13:10351753             43.7               2866000          65541.3
12:18:17.718 INFO  ProgressMeter -        LG13:10385012             43.9               2896000          65968.1
12:18:28.492 INFO  ProgressMeter -        LG13:10419586             44.1               2930000          66470.6
12:19:46.118 INFO  ProgressMeter -        LG13:10438703             45.4               2949000          64994.1
12:19:56.210 INFO  ProgressMeter -        LG13:10504175             45.5               2999000          65851.9
12:20:37.442 INFO  ProgressMeter -        LG13:10570533             46.2               3048000          65932.9
12:20:47.458 INFO  ProgressMeter -        LG13:10602154             46.4               3079000          66363.9
12:20:57.469 INFO  ProgressMeter -        LG13:10634364             46.6               3111000          66813.4
12:22:13.172 INFO  ProgressMeter -        LG13:10651393             47.8               3128000          65406.1
12:22:23.423 INFO  ProgressMeter -        LG13:10690434             48.0               3167000          65985.9
12:23:10.882 INFO  ProgressMeter -        LG13:10764607             48.8               3218000          65961.4
12:23:20.938 INFO  ProgressMeter -        LG13:10807901             49.0               3261000          66613.9
12:24:51.290 INFO  ProgressMeter -        LG13:10847945             50.5               3301000          65418.7
12:25:02.311 INFO  ProgressMeter -        LG13:10889830             50.6               3342000          65991.0
12:25:14.278 INFO  ProgressMeter -        LG13:10926958             50.8               3379000          66459.9
12:26:01.447 INFO  ProgressMeter -        LG13:10931167             51.6               3383000          65525.4
12:26:11.502 INFO  ProgressMeter -        LG13:10979953             51.8               3428000          66182.1
12:27:31.173 INFO  ProgressMeter -        LG13:11022410             53.1               3469000          65299.7
12:27:41.920 INFO  ProgressMeter -        LG13:11063659             53.3               3510000          65849.4
12:27:52.100 INFO  ProgressMeter -        LG13:11097411             53.5               3543000          66257.6
12:28:27.572 INFO  ProgressMeter -        LG13:11103421             54.1               3549000          65644.1
12:28:38.249 INFO  ProgressMeter -        LG13:11145295             54.2               3590000          66184.6
12:29:56.599 INFO  ProgressMeter -        LG13:11187884             55.5               3632000          65384.8
12:30:06.740 INFO  ProgressMeter -        LG13:11239857             55.7               3676000          65976.2
12:30:16.861 INFO  ProgressMeter -        LG13:11272991             55.9               3709000          66367.5
12:30:51.806 INFO  ProgressMeter -        LG13:11286502             56.5               3721000          65895.5
12:31:01.896 INFO  ProgressMeter -        LG13:11353654             56.6               3770000          66565.0
12:31:12.026 INFO  ProgressMeter -        LG13:11420917             56.8               3816000          67177.0
12:32:25.185 INFO  ProgressMeter -        LG13:11465736             58.0               3848000          66316.8
12:32:35.293 INFO  ProgressMeter -        LG13:11511119             58.2               3892000          66880.9
12:32:45.464 INFO  ProgressMeter -        LG13:11537079             58.4               3917000          67115.0
12:33:24.647 INFO  ProgressMeter -        LG13:11552171             59.0               3932000          66626.5
12:33:36.020 INFO  ProgressMeter -        LG13:11591016             59.2               3969000          67038.2
12:34:51.288 INFO  ProgressMeter -        LG13:11645904             60.5               4023000          66540.4
12:35:02.396 INFO  ProgressMeter -        LG13:11723368             60.6               4078000          67244.1
12:35:12.540 INFO  ProgressMeter -        LG13:11780059             60.8               4108000          67550.5
12:35:49.176 INFO  ProgressMeter -        LG13:11810247             61.4               4137000          67351.1
12:35:59.272 INFO  ProgressMeter -        LG13:11852443             61.6               4174000          67767.9
12:37:18.569 INFO  ProgressMeter -        LG13:11907757             62.9               4227000          67186.7
12:37:29.685 INFO  ProgressMeter -        LG13:11967624             63.1               4284000          67892.8
12:38:07.848 INFO  ProgressMeter -        LG13:11996004             63.7               4312000          67654.6
12:38:17.991 INFO  ProgressMeter -        LG13:12030538             63.9               4346000          68007.6
12:38:29.957 INFO  ProgressMeter -        LG13:12076575             64.1               4391000          68498.0
12:39:47.276 INFO  ProgressMeter -        LG13:12080732             65.4               4395000          67209.4
12:39:58.354 INFO  ProgressMeter -        LG13:12129243             65.6               4443000          67752.1
12:40:36.578 INFO  ProgressMeter -        LG13:12161500             66.2               4475000          67583.5
12:40:46.684 INFO  ProgressMeter -        LG13:12194238             66.4               4506000          67879.0
12:40:56.909 INFO  ProgressMeter -        LG13:12238320             66.6               4550000          68366.3
12:42:12.498 INFO  ProgressMeter -        LG13:12249097             67.8               4560000          67243.7
12:42:22.592 INFO  ProgressMeter -        LG13:12301054             68.0               4610000          67812.8
12:43:03.093 INFO  ProgressMeter -        LG13:12338425             68.7               4646000          67670.4
12:43:13.132 INFO  ProgressMeter -        LG13:12378558             68.8               4686000          68087.1
12:43:23.205 INFO  ProgressMeter -        LG13:12411717             69.0               4719000          68399.7
12:44:41.529 INFO  ProgressMeter -        LG13:12416724             70.3               4724000          67200.7
12:44:51.675 INFO  ProgressMeter -        LG13:12460050             70.5               4767000          67649.6
12:45:33.793 INFO  ProgressMeter -        LG13:12498603             71.2               4805000          67516.3
12:45:43.882 INFO  ProgressMeter -        LG13:12530465             71.3               4836000          67791.8
12:45:54.051 INFO  ProgressMeter -        LG13:12565142             71.5               4870000          68106.6
12:46:57.874 INFO  ProgressMeter -        LG13:12580215             72.6               4885000          67315.0
12:47:07.904 INFO  ProgressMeter -        LG13:12626990             72.7               4930000          67778.9
12:47:45.100 INFO  ProgressMeter -        LG13:12679243             73.4               4975000          67819.6
12:47:55.124 INFO  ProgressMeter -        LG13:12715739             73.5               5011000          68155.1
12:48:05.167 INFO  ProgressMeter -        LG13:12755473             73.7               5050000          68529.5
12:49:08.100 INFO  ProgressMeter -        LG13:12772990             74.7               5061000          67715.0
12:49:18.122 INFO  ProgressMeter -        LG13:12877253             74.9               5119000          68338.3
12:49:30.192 INFO  ProgressMeter -        LG13:12925401             75.1               5166000          68781.0
12:50:02.344 INFO  ProgressMeter -        LG13:12930401             75.6               5171000          68359.9
12:50:13.327 INFO  ProgressMeter -        LG13:13016074             75.8               5230000          68972.9
12:51:20.334 INFO  ProgressMeter -        LG13:13056499             76.9               5270000          68491.7
12:51:30.387 INFO  ProgressMeter -        LG13:13100711             77.1               5314000          68913.5
12:51:40.419 INFO  ProgressMeter -        LG13:13137130             77.3               5350000          69230.2
12:52:14.121 INFO  ProgressMeter -        LG13:13140131             77.8               5353000          68769.2
12:52:24.214 INFO  ProgressMeter -        LG13:13190134             78.0               5400000          69223.4
12:53:35.158 INFO  ProgressMeter -        LG13:13232848             79.2               5442000          68720.2
12:53:45.261 INFO  ProgressMeter -        LG13:13278277             79.4               5487000          69141.4
12:54:23.064 INFO  ProgressMeter -        LG13:13317635             80.0               5524000          69059.4
12:54:33.080 INFO  ProgressMeter -        LG13:13360383             80.2               5565000          69427.0
12:55:47.027 INFO  ProgressMeter -        LG13:13407027             81.4               5611000          68940.9
12:55:57.115 INFO  ProgressMeter -        LG13:13453184             81.6               5657000          69362.8
12:56:33.335 INFO  ProgressMeter -        LG13:13490962             82.2               5693000          69291.4
12:56:43.357 INFO  ProgressMeter -        LG13:13531326             82.3               5733000          69636.6
12:57:50.817 INFO  ProgressMeter -        LG13:13580056             83.5               5781000          69273.6
12:58:01.074 INFO  ProgressMeter -        LG13:13628131             83.6               5828000          69694.0
12:58:11.093 INFO  ProgressMeter -        LG13:13675362             83.8               5867000          70020.6
12:58:54.188 INFO  ProgressMeter -        LG13:13717536             84.5               5897000          69780.5
12:59:04.257 INFO  ProgressMeter -        LG13:13780063             84.7               5950000          70268.1
13:00:15.434 INFO  ProgressMeter -        LG13:13826446             85.9               5996000          69833.0
13:00:26.032 INFO  ProgressMeter -        LG13:13879186             86.0               6048000          70294.0
13:01:05.321 INFO  ProgressMeter -        LG13:13933438             86.7               6092000          70270.6
13:01:15.499 INFO  ProgressMeter -        LG13:13997538             86.9               6137000          70651.4
13:01:28.433 INFO  ProgressMeter -        LG13:14052571             87.1               6189000          71073.7
13:02:37.490 INFO  ProgressMeter -        LG13:14059575             88.2               6196000          70225.9
13:02:47.540 INFO  ProgressMeter -        LG13:14109041             88.4               6245000          70647.1
13:03:25.171 INFO  ProgressMeter -        LG13:14149768             89.0               6283000          70576.3
13:03:35.312 INFO  ProgressMeter -        LG13:14185446             89.2               6317000          70823.7
13:03:49.084 INFO  ProgressMeter -        LG13:14231179             89.4               6360000          71122.8
13:05:03.321 INFO  ProgressMeter -        LG13:14242268             90.7               6371000          70273.5
13:05:13.358 INFO  ProgressMeter -        LG13:14290061             90.8               6417000          70650.5
13:05:56.030 INFO  ProgressMeter -        LG13:14335230             91.5               6461000          70582.3
13:06:06.152 INFO  ProgressMeter -        LG13:14369181             91.7               6494000          70812.3
13:06:16.168 INFO  ProgressMeter -        LG13:14402216             91.9               6527000          71042.8
13:07:27.874 INFO  ProgressMeter -        LG13:14418232             93.1               6543000          70302.4
13:07:38.020 INFO  ProgressMeter -        LG13:14459075             93.2               6583000          70603.9
13:08:12.435 INFO  ProgressMeter -        LG13:14516846             93.8               6634000          70715.9
13:08:22.608 INFO  ProgressMeter -        LG13:14551003             94.0               6667000          70939.5
13:08:32.652 INFO  ProgressMeter -        LG13:14584142             94.1               6700000          71163.8
13:09:36.674 INFO  ProgressMeter -        LG13:14611459             95.2               6722000          70597.4
13:09:46.953 INFO  ProgressMeter -        LG13:14667811             95.4               6771000          70984.3
13:09:57.966 INFO  ProgressMeter -        LG13:14718810             95.6               6819000          71350.2
13:10:17.056 INFO  ProgressMeter -        LG13:14719813             95.9               6820000          71123.9
13:10:27.107 INFO  ProgressMeter -        LG13:14772596             96.1               6870000          71520.4
13:12:46.338 INFO  ProgressMeter -             LG14:762             98.4               6909000          70229.8
13:12:57.284 INFO  ProgressMeter -           LG14:69113             98.6               6968000          70698.4
13:13:35.970 INFO  ProgressMeter -          LG14:191620             99.2               7032000          70884.1
13:13:46.020 INFO  ProgressMeter -          LG14:247536             99.4               7082000          71267.7
13:13:58.529 INFO  ProgressMeter -          LG14:376214             99.6               7153000          71831.5
13:15:02.023 INFO  ProgressMeter -          LG14:379226            100.6               7156000          71106.0
13:15:12.230 INFO  ProgressMeter -          LG14:431623            100.8               7208000          71501.8
13:15:54.495 INFO  ProgressMeter -          LG14:507715            101.5               7260000          71517.9
13:16:04.509 INFO  ProgressMeter -          LG14:549923            101.7               7295000          71744.8
13:16:16.934 INFO  ProgressMeter -          LG14:599543            101.9               7343000          72070.1
13:17:21.961 INFO  ProgressMeter -          LG14:607556            103.0               7351000          71389.2
13:17:33.807 INFO  ProgressMeter -          LG14:657873            103.2               7400000          71727.5
13:18:30.509 INFO  ProgressMeter -          LG14:694955            104.1               7436000          71422.2
13:18:42.095 INFO  ProgressMeter -          LG14:723075            104.3               7464000          71558.5
13:18:56.192 INFO  ProgressMeter -          LG14:774028            104.5               7512000          71856.8
13:20:49.692 INFO  ProgressMeter -          LG14:784040            106.4               7522000          70673.6
13:20:59.731 INFO  ProgressMeter -          LG14:840899            106.6               7577000          71078.6
13:21:36.301 INFO  ProgressMeter -          LG14:887603            107.2               7614000          71019.6
13:21:46.316 INFO  ProgressMeter -          LG14:917030            107.4               7643000          71179.3
13:21:56.372 INFO  ProgressMeter -          LG14:960087            107.5               7686000          71468.2
13:22:57.331 INFO  ProgressMeter -          LG14:970698            108.6               7696000          70891.5
13:23:07.398 INFO  ProgressMeter -         LG14:1016876            108.7               7742000          71205.2
13:23:45.661 INFO  ProgressMeter -         LG14:1050181            109.4               7775000          71091.7
13:23:55.740 INFO  ProgressMeter -         LG14:1083385            109.5               7808000          71284.0
13:24:05.840 INFO  ProgressMeter -         LG14:1122835            109.7               7846000          71521.0
13:25:13.243 INFO  ProgressMeter -         LG14:1136914            110.8               7860000          70922.3
13:25:23.367 INFO  ProgressMeter -         LG14:1180613            111.0               7903000          71201.9
13:26:00.856 INFO  ProgressMeter -         LG14:1223169            111.6               7945000          71179.6
13:26:10.867 INFO  ProgressMeter -         LG14:1264325            111.8               7985000          71431.2
13:26:20.900 INFO  ProgressMeter -         LG14:1301410            112.0               8022000          71655.0
13:27:18.236 INFO  ProgressMeter -         LG14:1309566            112.9               8029000          71110.6
13:27:28.285 INFO  ProgressMeter -         LG14:1358833            113.1               8078000          71438.6
13:28:05.331 INFO  ProgressMeter -         LG14:1396778            113.7               8115000          71376.0
13:28:15.523 INFO  ProgressMeter -         LG14:1442236            113.9               8160000          71664.8
13:29:36.372 INFO  ProgressMeter -         LG14:1481071            115.2               8198000          71156.4
13:29:46.458 INFO  ProgressMeter -         LG14:1537902            115.4               8243000          71442.8
13:29:56.475 INFO  ProgressMeter -         LG14:1571096            115.5               8276000          71625.2
13:30:27.413 INFO  ProgressMeter -         LG14:1577805            116.1               8282000          71358.6
13:30:40.090 INFO  ProgressMeter -         LG14:1634815            116.3               8329000          71633.2
13:31:59.478 INFO  ProgressMeter -         LG14:1672412            117.6               8366000          71141.8
13:32:09.573 INFO  ProgressMeter -         LG14:1715695            117.8               8409000          71405.3
13:32:19.725 INFO  ProgressMeter -         LG14:1750930            117.9               8444000          71599.7
13:32:47.824 INFO  ProgressMeter -         LG14:1754955            118.4               8448000          71350.3
13:32:59.903 INFO  ProgressMeter -         LG14:1801237            118.6               8493000          71608.6
13:34:07.663 INFO  ProgressMeter -         LG14:1842458            119.7               8534000          71275.6
13:34:17.769 INFO  ProgressMeter -         LG14:1899273            119.9               8584000          71592.5
13:34:52.905 INFO  ProgressMeter -         LG14:1938482            120.5               8622000          71559.9
13:35:03.014 INFO  ProgressMeter -         LG14:2050675            120.7               8695000          72065.0
13:35:13.077 INFO  ProgressMeter -         LG14:2093853            120.8               8738000          72320.8
13:36:18.131 INFO  ProgressMeter -         LG14:2098855            121.9               8743000          71718.6
13:36:28.343 INFO  ProgressMeter -         LG14:2141617            122.1               8785000          71962.7
13:36:38.381 INFO  ProgressMeter -         LG14:2171871            122.2               8815000          72109.6
13:37:12.871 INFO  ProgressMeter -         LG14:2185229            122.8               8828000          71878.0
13:37:22.921 INFO  ProgressMeter -         LG14:2229946            123.0               8863000          72064.7
13:38:42.491 INFO  ProgressMeter -         LG14:2278651            124.3               8911000          71682.0
13:38:52.640 INFO  ProgressMeter -         LG14:2323890            124.5               8955000          71938.1
13:39:02.650 INFO  ProgressMeter -         LG14:2359378            124.6               8990000          72122.6
13:39:31.910 INFO  ProgressMeter -         LG14:2362396            125.1               8993000          71865.5
13:39:41.920 INFO  ProgressMeter -         LG14:2398563            125.3               9029000          72057.1
13:39:52.839 INFO  ProgressMeter -         LG14:2479941            125.5               9084000          72390.9
13:41:05.438 INFO  ProgressMeter -         LG14:2484280            126.7               9088000          71731.1
13:41:15.971 INFO  ProgressMeter -         LG14:2536792            126.9               9139000          72033.8
13:41:53.691 INFO  ProgressMeter -         LG14:2570094            127.5               9172000          71937.5
13:42:03.698 INFO  ProgressMeter -         LG14:2609428            127.7               9211000          72149.0
13:43:10.318 INFO  ProgressMeter -         LG14:2677133            128.8               9261000          71915.2
13:43:20.461 INFO  ProgressMeter -         LG14:2729375            128.9               9311000          72208.7
13:43:57.256 INFO  ProgressMeter -         LG14:2762744            129.6               9344000          72121.6
13:44:07.332 INFO  ProgressMeter -         LG14:2797222            129.7               9378000          72290.3
13:44:18.586 INFO  ProgressMeter -         LG14:2839398            129.9               9420000          72509.2
13:45:34.881 INFO  ProgressMeter -         LG14:2848420            131.2               9429000          71875.0
13:45:44.884 INFO  ProgressMeter -         LG14:2899889            131.4               9480000          72172.0
13:46:14.855 INFO  ProgressMeter -         LG14:2938455            131.9               9515000          72164.1
13:46:24.908 INFO  ProgressMeter -         LG14:2981586            132.0               9552000          72352.7
13:47:27.972 INFO  ProgressMeter -         LG14:3037326            133.1               9602000          72157.0
13:47:39.850 INFO  ProgressMeter -         LG14:3093590            133.3               9658000          72470.0
13:48:08.363 INFO  ProgressMeter -         LG14:3121470            133.7               9685000          72414.4
13:48:18.470 INFO  ProgressMeter -         LG14:3159569            133.9               9722000          72599.6
13:48:28.542 INFO  ProgressMeter -         LG14:3211670            134.1               9764000          72822.0
13:49:21.620 INFO  ProgressMeter -         LG14:3216677            135.0               9769000          72381.7
13:49:31.723 INFO  ProgressMeter -         LG14:3270224            135.1               9822000          72683.7
13:50:01.928 INFO  ProgressMeter -         LG14:3302326            135.6               9853000          72642.5
13:50:13.010 INFO  ProgressMeter -         LG14:3345416            135.8               9895000          72852.9
13:51:14.444 INFO  ProgressMeter -         LG14:3388748            136.8               9937000          72614.7
13:51:24.475 INFO  ProgressMeter -         LG14:3438703            137.0               9986000          72883.8
13:51:54.597 INFO  ProgressMeter -         LG14:3471846            137.5              10018000          72850.4
13:52:05.486 INFO  ProgressMeter -         LG14:3517947            137.7              10062000          73073.9
13:53:03.485 INFO  ProgressMeter -         LG14:3564598            138.7              10107000          72889.0
13:53:13.531 INFO  ProgressMeter -         LG14:3619043            138.8              10159000          73175.7
13:53:45.500 INFO  ProgressMeter -         LG14:3655545            139.4              10195000          73154.2
13:53:55.602 INFO  ProgressMeter -         LG14:3703008            139.5              10242000          73402.8
13:54:51.055 INFO  ProgressMeter -         LG14:3738082            140.5              10277000          73169.0
13:55:03.085 INFO  ProgressMeter -         LG14:3793247            140.7              10332000          73455.7
13:55:32.938 INFO  ProgressMeter -         LG14:3836700            141.2              10371000          73473.1
13:55:44.961 INFO  ProgressMeter -         LG14:3881097            141.4              10415000          73680.2
13:56:42.719 INFO  ProgressMeter -         LG14:3920406            142.3              10454000          73455.9
13:56:52.942 INFO  ProgressMeter -         LG14:3966843            142.5              10499000          73683.9
13:57:27.761 INFO  ProgressMeter -         LG14:4006304            143.1              10537000          73650.6
13:57:37.892 INFO  ProgressMeter -         LG14:4045574            143.2              10576000          73836.0
13:58:41.220 INFO  ProgressMeter -         LG14:4087006            144.3              10617000          73580.1
13:58:52.005 INFO  ProgressMeter -         LG14:4191039            144.5              10682000          73938.5
13:59:02.148 INFO  ProgressMeter -         LG14:4231702            144.6              10722000          74128.6
13:59:26.913 INFO  ProgressMeter -         LG14:4233703            145.1              10724000          73931.4
13:59:37.060 INFO  ProgressMeter -         LG14:4300453            145.2              10770000          74162.1
14:00:41.175 INFO  ProgressMeter -         LG14:4427127            146.3              10852000          74180.9
14:00:51.313 INFO  ProgressMeter -         LG14:4473753            146.5              10897000          74402.6
14:01:25.665 INFO  ProgressMeter -         LG14:4512512            147.0              10935000          74371.3
14:01:35.689 INFO  ProgressMeter -         LG14:4550139            147.2              10972000          74538.3
14:01:45.764 INFO  ProgressMeter -         LG14:4595412            147.4              11016000          74751.9
14:02:38.924 INFO  ProgressMeter -         LG14:4598413            148.3              11019000          74325.4
14:02:49.078 INFO  ProgressMeter -         LG14:4652940            148.4              11071000          74591.0
14:03:20.510 INFO  ProgressMeter -         LG14:4687922            148.9              11104000          74550.2
14:03:30.551 INFO  ProgressMeter -         LG14:4741163            149.1              11144000          74734.8
14:03:40.839 INFO  ProgressMeter -         LG14:4839839            149.3              11208000          75077.7
14:04:41.667 INFO  ProgressMeter -         LG14:4851921            150.3              11220000          74651.1
14:04:51.751 INFO  ProgressMeter -         LG14:4901626            150.5              11269000          74893.4
14:05:23.326 INFO  ProgressMeter -         LG14:4935034            151.0              11302000          74850.9
14:05:33.463 INFO  ProgressMeter -         LG14:4990121            151.2              11344000          75045.1
14:05:47.576 INFO  ProgressMeter -         LG14:5037176            151.4              11382000          75179.5
14:06:47.783 INFO  ProgressMeter -         LG14:5058285            152.4              11403000          74822.3
14:06:57.865 INFO  ProgressMeter -         LG14:5104258            152.6              11448000          75034.8
14:07:31.723 INFO  ProgressMeter -         LG14:5192624            153.1              11507000          75143.6
14:07:41.808 INFO  ProgressMeter -         LG14:5239806            153.3              11549000          75335.2
14:07:51.818 INFO  ProgressMeter -         LG14:5295360            153.5              11600000          75585.6
14:08:49.025 INFO  ProgressMeter -         LG14:5296363            154.4              11601000          75125.4
14:08:59.112 INFO  ProgressMeter -         LG14:5340737            154.6              11644000          75321.8
14:09:33.478 INFO  ProgressMeter -         LG14:5379789            155.2              11683000          75295.1
14:09:43.590 INFO  ProgressMeter -         LG14:5427421            155.3              11729000          75509.6
14:10:46.157 INFO  ProgressMeter -         LG14:5470318            156.4              11768000          75255.5
14:10:56.211 INFO  ProgressMeter -         LG14:5516601            156.5              11814000          75468.8
14:11:33.247 INFO  ProgressMeter -         LG14:5553243            157.2              11849000          75395.0
14:11:45.158 INFO  ProgressMeter -         LG14:5598611            157.4              11893000          75579.5
14:12:48.503 INFO  ProgressMeter -         LG14:5642371            158.4              11935000          75341.0
14:12:58.571 INFO  ProgressMeter -         LG14:5687616            158.6              11978000          75532.4
14:13:08.653 INFO  ProgressMeter -         LG14:5724469            158.7              12014000          75679.2
14:13:34.341 INFO  ProgressMeter -         LG14:5727493            159.2              12017000          75494.5
14:13:45.626 INFO  ProgressMeter -         LG14:5768844            159.4              12058000          75662.7
14:14:47.163 INFO  ProgressMeter -         LG14:5820721            160.4              12106000          75478.1
14:14:57.200 INFO  ProgressMeter -         LG14:5872874            160.6              12158000          75723.4
14:15:34.509 INFO  ProgressMeter -         LG14:5905222            161.2              12190000          75629.8
14:15:45.502 INFO  ProgressMeter -         LG14:5951373            161.4              12233000          75810.4
14:16:53.582 INFO  ProgressMeter -         LG14:6006501            162.5              12281000          75576.4
14:17:05.054 INFO  ProgressMeter -         LG14:6086602            162.7              12343000          75868.7
14:17:38.821 INFO  ProgressMeter -         LG14:6120743            163.3              12376000          75809.3
14:17:48.860 INFO  ProgressMeter -         LG14:6173493            163.4              12417000          75982.6
14:17:59.021 INFO  ProgressMeter -         LG14:6236742            163.6              12470000          76227.9
14:18:53.415 INFO  ProgressMeter -         LG14:6245748            164.5              12479000          75862.5
14:19:03.743 INFO  ProgressMeter -         LG14:6299100            164.7              12531000          76099.0
14:19:35.146 INFO  ProgressMeter -         LG14:6330442            165.2              12562000          76045.5
14:19:45.263 INFO  ProgressMeter -         LG14:6369275            165.4              12599000          76191.7
14:19:55.304 INFO  ProgressMeter -         LG14:6407009            165.5              12636000          76338.2
14:20:52.616 INFO  ProgressMeter -         LG14:6417047            166.5              12646000          75960.3
14:21:02.708 INFO  ProgressMeter -         LG14:6469539            166.6              12697000          76189.7
14:21:34.295 INFO  ProgressMeter -         LG14:6510003            167.2              12731000          76153.1
14:21:44.305 INFO  ProgressMeter -         LG14:6547204            167.3              12766000          76286.4
14:21:54.307 INFO  ProgressMeter -         LG14:6581693            167.5              12800000          76413.4
14:22:47.922 INFO  ProgressMeter -         LG14:6595822            168.4              12814000          76091.1
14:22:58.140 INFO  ProgressMeter -         LG14:6642418            168.6              12860000          76287.1
14:23:34.181 INFO  ProgressMeter -         LG14:6678681            169.2              12896000          76229.0
14:23:45.684 INFO  ProgressMeter -         LG14:6717905            169.4              12935000          76373.0
14:24:51.142 INFO  ProgressMeter -         LG14:6761362            170.5              12976000          76124.7
14:25:01.148 INFO  ProgressMeter -         LG14:6804291            170.6              13017000          76290.6
14:25:40.224 INFO  ProgressMeter -         LG14:6843325            171.3              13055000          76222.4
14:25:52.659 INFO  ProgressMeter -         LG14:6887155            171.5              13098000          76381.0
14:26:59.094 INFO  ProgressMeter -         LG14:6921288            172.6              13132000          76088.0
14:27:09.104 INFO  ProgressMeter -         LG14:6964508            172.8              13175000          76263.4
14:27:19.218 INFO  ProgressMeter -         LG14:6998327            172.9              13208000          76379.9
14:27:45.954 INFO  ProgressMeter -         LG14:7003386            173.4              13213000          76212.4
14:27:56.812 INFO  ProgressMeter -         LG14:7044473            173.6              13253000          76363.4
14:29:04.357 INFO  ProgressMeter -         LG14:7091991            174.7              13299000          76134.6
14:29:14.380 INFO  ProgressMeter -         LG14:7140295            174.8              13347000          76336.4
14:29:52.464 INFO  ProgressMeter -         LG14:7176908            175.5              13383000          76265.5
14:30:03.379 INFO  ProgressMeter -         LG14:7252428            175.7              13429000          76448.4
14:31:11.508 INFO  ProgressMeter -         LG14:7308670            176.8              13482000          76257.1
14:31:21.569 INFO  ProgressMeter -         LG14:7368815            177.0              13528000          76444.8
14:32:00.996 INFO  ProgressMeter -         LG14:7405143            177.6              13564000          76364.7
14:32:11.014 INFO  ProgressMeter -         LG14:7440467            177.8              13599000          76489.8
14:32:21.114 INFO  ProgressMeter -         LG14:7486482            178.0              13642000          76659.1
14:33:24.530 INFO  ProgressMeter -         LG14:7490521            179.0              13645000          76223.3
14:33:34.585 INFO  ProgressMeter -         LG14:7543954            179.2              13697000          76442.2
14:34:10.530 INFO  ProgressMeter -         LG14:7579525            179.8              13731000          76376.6
14:34:20.595 INFO  ProgressMeter -         LG14:7615762            179.9              13766000          76499.9
14:34:30.658 INFO  ProgressMeter -         LG14:7667196            180.1              13810000          76672.9
14:35:33.957 INFO  ProgressMeter -         LG14:7737320            181.2              13832000          76347.9
14:35:44.706 INFO  ProgressMeter -         LG14:7802030            181.3              13885000          76564.7
14:36:18.700 INFO  ProgressMeter -         LG14:7845029            181.9              13924000          76540.6
14:36:28.901 INFO  ProgressMeter -         LG14:7912587            182.1              13966000          76699.8
14:36:39.769 INFO  ProgressMeter -         LG14:7981908            182.3              14015000          76892.5
14:37:41.498 INFO  ProgressMeter -         LG14:8062846            183.3              14044000          76619.1
14:37:51.609 INFO  ProgressMeter -         LG14:8140592            183.5              14100000          76853.9
14:38:26.134 INFO  ProgressMeter -         LG14:8171781            184.0              14131000          76782.1
14:38:36.151 INFO  ProgressMeter -         LG14:8208880            184.2              14167000          76907.9
14:38:46.227 INFO  ProgressMeter -         LG14:8251794            184.4              14209000          77065.7
14:39:53.455 INFO  ProgressMeter -         LG14:8261080            185.5              14218000          76648.7
14:40:03.487 INFO  ProgressMeter -         LG14:8320064            185.7              14270000          76859.7
14:40:39.415 INFO  ProgressMeter -         LG14:8359535            186.3              14308000          76816.7
14:40:49.472 INFO  ProgressMeter -         LG14:8396277            186.4              14344000          76940.7
14:40:59.568 INFO  ProgressMeter -         LG14:8435696            186.6              14383000          77080.3
14:42:05.866 INFO  ProgressMeter -         LG14:8442875            187.7              14390000          76663.9
14:42:15.930 INFO  ProgressMeter -         LG14:8492866            187.9              14439000          76856.2
14:42:50.701 INFO  ProgressMeter -         LG14:8528209            188.4              14474000          76805.6
14:43:00.781 INFO  ProgressMeter -         LG14:8592828            188.6              14520000          76981.1
14:43:10.785 INFO  ProgressMeter -         LG14:8634648            188.8              14561000          77130.3
14:44:11.876 INFO  ProgressMeter -         LG14:8646196            189.8              14572000          76774.5
14:44:22.044 INFO  ProgressMeter -         LG14:8695951            190.0              14621000          76963.9
14:44:59.422 INFO  ProgressMeter -         LG14:8734435            190.6              14659000          76911.7
14:45:09.468 INFO  ProgressMeter -         LG14:8785792            190.8              14710000          77111.6
14:46:21.398 INFO  ProgressMeter -         LG14:8825109            192.0              14749000          76833.2
14:46:31.479 INFO  ProgressMeter -         LG14:8878538            192.1              14802000          77041.8
14:47:09.393 INFO  ProgressMeter -         LG14:8915574            192.8              14838000          76976.0
14:47:19.516 INFO  ProgressMeter -         LG14:8963965            192.9              14886000          77157.5
14:48:29.118 INFO  ProgressMeter -         LG14:8999554            194.1              14921000          76876.7
14:48:39.208 INFO  ProgressMeter -         LG14:9045786            194.3              14967000          77046.9
14:48:49.219 INFO  ProgressMeter -         LG14:9085304            194.4              15005000          77176.3
14:49:18.277 INFO  ProgressMeter -         LG14:9087306            194.9              15007000          76994.8
14:49:29.214 INFO  ProgressMeter -         LG14:9139310            195.1              15055000          77168.9
14:50:37.953 INFO  ProgressMeter -         LG14:9183323            196.2              15098000          76937.5
14:50:48.019 INFO  ProgressMeter -         LG14:9233454            196.4              15147000          77121.2
14:50:58.049 INFO  ProgressMeter -         LG14:9285076            196.6              15184000          77243.9
14:51:24.878 INFO  ProgressMeter -         LG14:9302266            197.0              15195000          77124.4
14:51:36.985 INFO  ProgressMeter -         LG14:9370713            197.2              15250000          77324.4
14:52:42.571 INFO  ProgressMeter -         LG14:9415746            198.3              15294000          77120.0
14:52:52.697 INFO  ProgressMeter -         LG14:9463686            198.5              15341000          77291.2
14:53:02.798 INFO  ProgressMeter -         LG14:9500870            198.7              15375000          77396.9
14:53:29.336 INFO  ProgressMeter -         LG14:9502875            199.1              15377000          77235.0
14:53:40.184 INFO  ProgressMeter -         LG14:9546652            199.3              15420000          77380.7
14:54:43.105 INFO  ProgressMeter -         LG14:9591526            200.3              15464000          77195.3
14:54:53.211 INFO  ProgressMeter -         LG14:9647960            200.5              15519000          77404.7
14:55:29.870 INFO  ProgressMeter -         LG14:9683659            201.1              15554000          77343.6
14:55:39.944 INFO  ProgressMeter -         LG14:9736383            201.3              15599000          77502.7
14:56:51.120 INFO  ProgressMeter -         LG14:9797483            202.5              15651000          77305.4
14:57:01.207 INFO  ProgressMeter -         LG14:9853800            202.6              15707000          77517.6
14:57:37.035 INFO  ProgressMeter -         LG14:9890969            203.2              15743000          77467.0
14:57:47.129 INFO  ProgressMeter -         LG14:9934807            203.4              15786000          77614.3
14:58:51.677 INFO  ProgressMeter -         LG14:9983551            204.5              15833000          77435.8
14:59:01.758 INFO  ProgressMeter -        LG14:10038024            204.6              15886000          77631.3
14:59:37.375 INFO  ProgressMeter -        LG14:10080419            205.2              15921000          77577.3
14:59:47.439 INFO  ProgressMeter -        LG14:10125100            205.4              15963000          77718.4
15:00:53.402 INFO  ProgressMeter -        LG14:10171164            206.5              16009000          77527.4
15:01:03.678 INFO  ProgressMeter -        LG14:10236695            206.7              16066000          77738.9
15:01:38.063 INFO  ProgressMeter -        LG14:10269284            207.2              16098000          77678.4
15:01:48.109 INFO  ProgressMeter -        LG14:10308331            207.4              16137000          77803.7
15:02:54.082 INFO  ProgressMeter -        LG14:10354498            208.5              16183000          77614.0
15:03:04.201 INFO  ProgressMeter -        LG14:10410584            208.7              16238000          77814.9
15:03:35.475 INFO  ProgressMeter -        LG14:10440147            209.2              16267000          77759.6
15:03:45.494 INFO  ProgressMeter -        LG14:10478185            209.4              16304000          77874.3
15:03:55.609 INFO  ProgressMeter -        LG14:10520311            209.5              16346000          78012.1
15:04:52.353 INFO  ProgressMeter -        LG14:10527323            210.5              16353000          77694.8
15:05:02.489 INFO  ProgressMeter -        LG14:10577561            210.6              16403000          77869.9
15:05:36.952 INFO  ProgressMeter -        LG14:10609007            211.2              16434000          77804.9
15:05:47.066 INFO  ProgressMeter -        LG14:10646059            211.4              16471000          77917.9
15:05:57.076 INFO  ProgressMeter -        LG14:10716150            211.6              16518000          78078.6
15:06:58.444 INFO  ProgressMeter -        LG14:10724214            212.6              16526000          77740.6
15:07:08.448 INFO  ProgressMeter -        LG14:10776629            212.7              16576000          77914.7
15:07:44.762 INFO  ProgressMeter -        LG14:10821669            213.4              16616000          77881.1
15:07:54.905 INFO  ProgressMeter -        LG14:10859857            213.5              16654000          77997.4
15:08:04.990 INFO  ProgressMeter -        LG14:10898901            213.7              16690000          78104.6
15:09:03.409 INFO  ProgressMeter -        LG14:10909907            214.7              16701000          77801.5
15:09:13.415 INFO  ProgressMeter -        LG14:10953667            214.8              16744000          77941.3
15:09:47.352 INFO  ProgressMeter -        LG14:10995827            215.4              16786000          77931.6
15:09:57.391 INFO  ProgressMeter -        LG14:11036596            215.6              16826000          78056.7
15:10:07.425 INFO  ProgressMeter -        LG14:11082050            215.7              16867000          78186.2
15:11:07.849 INFO  ProgressMeter -        LG14:11086052            216.7              16871000          77841.4
15:11:17.914 INFO  ProgressMeter -        LG14:11142313            216.9              16917000          77993.3
15:11:53.180 INFO  ProgressMeter -        LG14:11180387            217.5              16955000          77957.2
15:12:03.231 INFO  ProgressMeter -        LG14:11225517            217.7              16997000          78090.2
15:13:12.629 INFO  ProgressMeter -        LG14:11266949            218.8              17038000          77864.8
15:13:22.713 INFO  ProgressMeter -        LG14:11312951            219.0              17082000          78005.9
15:13:34.023 INFO  ProgressMeter -        LG14:11410157            219.2              17146000          78230.9
15:14:00.135 INFO  ProgressMeter -        LG14:11414208            219.6              17150000          78094.0
15:14:10.221 INFO  ProgressMeter -        LG14:11471453            219.8              17197000          78248.2
15:14:52.868 INFO  ProgressMeter -        LG14:11539809            220.5              17256000          78263.5
15:15:04.126 INFO  ProgressMeter -        LG14:11630584            220.7              17321000          78491.5
GENOMICSDB_TIMER,GenomicsDB iterator next() timer,Wall-clock time(s),11418.68335346056,Cpu time(s),2124.066934060966
15:15:13.308 INFO  ProgressMeter -        LG14:11701898            220.8              17374049          78677.4
15:15:13.309 INFO  ProgressMeter - Traversal complete. Processed 17374049 total variants in 220.8 minutes.
15:15:13.327 INFO  GenotypeGVCFs - Shutting down engine
[January 21, 2022 3:15:13 PM PST] org.broadinstitute.hellbender.tools.walkers.GenotypeGVCFs done. Elapsed time: 220.88 minutes.
Runtime.totalMemory()=1819803648
