==========================================
SLURM_JOB_ID = 7264061
SLURM_JOB_NODELIST = a01-03
TMPDIR = /tmp/SLURM_7264061
==========================================
Using GATK jar /home1/mharden/.conda/envs/gatk4/share/gatk4-4.2.2.0-1/gatk-package-4.2.2.0-local.jar
Running:
    java -Dsamjdk.use_async_io_read_samtools=false -Dsamjdk.use_async_io_write_samtools=true -Dsamjdk.use_async_io_write_tribble=false -Dsamjdk.compression_level=2 -jar /home1/mharden/.conda/envs/gatk4/share/gatk4-4.2.2.0-1/gatk-package-4.2.2.0-local.jar SortVcf -I 0004-scattered.interval_list.vcf.gz -O 0004-scattered.interval_list.sorted.vcf.gz
18:24:36.536 INFO  NativeLibraryLoader - Loading libgkl_compression.so from jar:file:/home1/mharden/.conda/envs/gatk4/share/gatk4-4.2.2.0-1/gatk-package-4.2.2.0-local.jar!/com/intel/gkl/native/libgkl_compression.so
[Mon Jan 31 18:24:36 PST 2022] SortVcf --INPUT 0004-scattered.interval_list.vcf.gz --OUTPUT 0004-scattered.interval_list.sorted.vcf.gz --VERBOSITY INFO --QUIET false --VALIDATION_STRINGENCY STRICT --COMPRESSION_LEVEL 2 --MAX_RECORDS_IN_RAM 500000 --CREATE_INDEX true --CREATE_MD5_FILE false --GA4GH_CLIENT_SECRETS client_secrets.json --help false --version false --showHidden false --USE_JDK_DEFLATER false --USE_JDK_INFLATER false
Jan 31, 2022 6:24:36 PM shaded.cloud_nio.com.google.auth.oauth2.ComputeEngineCredentials runningOnComputeEngine
INFO: Failed to detect whether we are running on Google Compute Engine.
[Mon Jan 31 18:24:36 PST 2022] Executing as mharden@a01-03.hpc.usc.edu on Linux 3.10.0-1062.4.1.el7.x86_64 amd64; OpenJDK 64-Bit Server VM 1.8.0_302-b08; Deflater: Intel; Inflater: Intel; Provider GCS is available; Picard version: Version:4.2.2.0
INFO	2022-01-31 18:24:36	SortVcf	Reading entries from input file 1
INFO	2022-01-31 18:24:37	SortVcf	read        25,000 records.  Elapsed time: 00:00:00s.  Time for last 25,000:    0s.  Last read position: LG00:77,817,330
INFO	2022-01-31 18:24:37	SortVcf	read        50,000 records.  Elapsed time: 00:00:01s.  Time for last 25,000:    0s.  Last read position: LG00:79,042,628
INFO	2022-01-31 18:24:38	SortVcf	read        75,000 records.  Elapsed time: 00:00:01s.  Time for last 25,000:    0s.  Last read position: LG00:80,027,569
INFO	2022-01-31 18:24:38	SortVcf	read       100,000 records.  Elapsed time: 00:00:01s.  Time for last 25,000:    0s.  Last read position: LG00:80,880,961
INFO	2022-01-31 18:24:38	SortVcf	read       125,000 records.  Elapsed time: 00:00:01s.  Time for last 25,000:    0s.  Last read position: LG00:81,648,387
INFO	2022-01-31 18:24:38	SortVcf	read       150,000 records.  Elapsed time: 00:00:02s.  Time for last 25,000:    0s.  Last read position: LG00:82,575,711
INFO	2022-01-31 18:24:39	SortVcf	read       175,000 records.  Elapsed time: 00:00:02s.  Time for last 25,000:    0s.  Last read position: LG00:83,231,689
INFO	2022-01-31 18:24:39	SortVcf	read       200,000 records.  Elapsed time: 00:00:02s.  Time for last 25,000:    0s.  Last read position: LG00:84,232,677
INFO	2022-01-31 18:24:39	SortVcf	read       225,000 records.  Elapsed time: 00:00:02s.  Time for last 25,000:    0s.  Last read position: LG00:85,252,074
INFO	2022-01-31 18:24:39	SortVcf	read       250,000 records.  Elapsed time: 00:00:03s.  Time for last 25,000:    0s.  Last read position: LG00:86,140,481
INFO	2022-01-31 18:24:40	SortVcf	read       275,000 records.  Elapsed time: 00:00:03s.  Time for last 25,000:    0s.  Last read position: LG00:87,060,173
INFO	2022-01-31 18:24:40	SortVcf	read       300,000 records.  Elapsed time: 00:00:03s.  Time for last 25,000:    0s.  Last read position: LG00:87,755,035
INFO	2022-01-31 18:24:40	SortVcf	read       325,000 records.  Elapsed time: 00:00:03s.  Time for last 25,000:    0s.  Last read position: LG00:89,200,099
INFO	2022-01-31 18:24:40	SortVcf	read       350,000 records.  Elapsed time: 00:00:04s.  Time for last 25,000:    0s.  Last read position: LG00:90,399,609
INFO	2022-01-31 18:24:41	SortVcf	read       375,000 records.  Elapsed time: 00:00:04s.  Time for last 25,000:    0s.  Last read position: LG00:91,439,982
INFO	2022-01-31 18:24:41	SortVcf	read       400,000 records.  Elapsed time: 00:00:04s.  Time for last 25,000:    0s.  Last read position: LG00:92,435,660
INFO	2022-01-31 18:24:41	SortVcf	read       425,000 records.  Elapsed time: 00:00:04s.  Time for last 25,000:    0s.  Last read position: LG00:93,553,199
INFO	2022-01-31 18:24:43	SortVcf	read       450,000 records.  Elapsed time: 00:00:06s.  Time for last 25,000:    1s.  Last read position: LG00:94,658,598
INFO	2022-01-31 18:24:43	SortVcf	read       475,000 records.  Elapsed time: 00:00:06s.  Time for last 25,000:    0s.  Last read position: LG00:95,831,323
18:24:43.338 WARN  IntelInflater - Zero Bytes Written : 0
INFO	2022-01-31 18:24:58	SortVcf	wrote        25,000 records.  Elapsed time: 00:00:15s.  Time for last 25,000:    2s.  Last read position: LG00:77,817,330
INFO	2022-01-31 18:24:58	SortVcf	wrote        50,000 records.  Elapsed time: 00:00:15s.  Time for last 25,000:    0s.  Last read position: LG00:79,042,628
INFO	2022-01-31 18:24:59	SortVcf	wrote        75,000 records.  Elapsed time: 00:00:15s.  Time for last 25,000:    0s.  Last read position: LG00:80,027,569
INFO	2022-01-31 18:24:59	SortVcf	wrote       100,000 records.  Elapsed time: 00:00:15s.  Time for last 25,000:    0s.  Last read position: LG00:80,880,961
INFO	2022-01-31 18:24:59	SortVcf	wrote       125,000 records.  Elapsed time: 00:00:16s.  Time for last 25,000:    0s.  Last read position: LG00:81,648,387
INFO	2022-01-31 18:24:59	SortVcf	wrote       150,000 records.  Elapsed time: 00:00:16s.  Time for last 25,000:    0s.  Last read position: LG00:82,575,711
INFO	2022-01-31 18:24:59	SortVcf	wrote       175,000 records.  Elapsed time: 00:00:16s.  Time for last 25,000:    0s.  Last read position: LG00:83,231,689
INFO	2022-01-31 18:24:59	SortVcf	wrote       200,000 records.  Elapsed time: 00:00:16s.  Time for last 25,000:    0s.  Last read position: LG00:84,232,677
INFO	2022-01-31 18:25:00	SortVcf	wrote       225,000 records.  Elapsed time: 00:00:16s.  Time for last 25,000:    0s.  Last read position: LG00:85,252,074
INFO	2022-01-31 18:25:00	SortVcf	wrote       250,000 records.  Elapsed time: 00:00:16s.  Time for last 25,000:    0s.  Last read position: LG00:86,140,481
INFO	2022-01-31 18:25:00	SortVcf	wrote       275,000 records.  Elapsed time: 00:00:17s.  Time for last 25,000:    0s.  Last read position: LG00:87,060,173
INFO	2022-01-31 18:25:00	SortVcf	wrote       300,000 records.  Elapsed time: 00:00:17s.  Time for last 25,000:    0s.  Last read position: LG00:87,755,035
INFO	2022-01-31 18:25:00	SortVcf	wrote       325,000 records.  Elapsed time: 00:00:17s.  Time for last 25,000:    0s.  Last read position: LG00:89,200,099
INFO	2022-01-31 18:25:00	SortVcf	wrote       350,000 records.  Elapsed time: 00:00:17s.  Time for last 25,000:    0s.  Last read position: LG00:90,399,609
INFO	2022-01-31 18:25:01	SortVcf	wrote       375,000 records.  Elapsed time: 00:00:17s.  Time for last 25,000:    0s.  Last read position: LG00:91,439,982
INFO	2022-01-31 18:25:01	SortVcf	wrote       400,000 records.  Elapsed time: 00:00:17s.  Time for last 25,000:    0s.  Last read position: LG00:92,435,660
INFO	2022-01-31 18:25:01	SortVcf	wrote       425,000 records.  Elapsed time: 00:00:18s.  Time for last 25,000:    0s.  Last read position: LG00:93,553,199
INFO	2022-01-31 18:25:01	SortVcf	wrote       450,000 records.  Elapsed time: 00:00:18s.  Time for last 25,000:    0s.  Last read position: LG00:94,658,598
INFO	2022-01-31 18:25:01	SortVcf	wrote       475,000 records.  Elapsed time: 00:00:18s.  Time for last 25,000:    0s.  Last read position: LG00:95,831,323
[Mon Jan 31 18:25:01 PST 2022] picard.vcf.SortVcf done. Elapsed time: 0.42 minutes.
Runtime.totalMemory()=6645350400
Tool returned:
0
