==========================================
SLURM_JOB_ID = 7188736
SLURM_JOB_NODELIST = b22-23
TMPDIR = /tmp/SLURM_7188736
==========================================
Using GATK jar /home1/mharden/.conda/envs/gatk4/share/gatk4-4.2.2.0-1/gatk-package-4.2.2.0-local.jar
Running:
    java -Dsamjdk.use_async_io_read_samtools=false -Dsamjdk.use_async_io_write_samtools=true -Dsamjdk.use_async_io_write_tribble=false -Dsamjdk.compression_level=2 -jar /home1/mharden/.conda/envs/gatk4/share/gatk4-4.2.2.0-1/gatk-package-4.2.2.0-local.jar GenotypeGVCFs -R Kr2015_Undaria.pinnatifida_superscaffolds.fasta --sequence-dictionary Kr2015_Undaria.pinnatifida_superscaffolds.dict -V gendb://0017-scattered.interval_list_data -O 0017-scattered.interval_list.vcf.gz
11:34:19.420 INFO  NativeLibraryLoader - Loading libgkl_compression.so from jar:file:/home1/mharden/.conda/envs/gatk4/share/gatk4-4.2.2.0-1/gatk-package-4.2.2.0-local.jar!/com/intel/gkl/native/libgkl_compression.so
Jan 21, 2022 11:34:19 AM shaded.cloud_nio.com.google.auth.oauth2.ComputeEngineCredentials runningOnComputeEngine
INFO: Failed to detect whether we are running on Google Compute Engine.
11:34:19.521 INFO  GenotypeGVCFs - ------------------------------------------------------------
11:34:19.521 INFO  GenotypeGVCFs - The Genome Analysis Toolkit (GATK) v4.2.2.0
11:34:19.521 INFO  GenotypeGVCFs - For support and documentation go to https://software.broadinstitute.org/gatk/
11:34:19.521 INFO  GenotypeGVCFs - Executing as mharden@b22-23.hpc.usc.edu on Linux v3.10.0-1062.4.1.el7.x86_64 amd64
11:34:19.521 INFO  GenotypeGVCFs - Java runtime: OpenJDK 64-Bit Server VM v1.8.0_302-b08
11:34:19.521 INFO  GenotypeGVCFs - Start Date/Time: January 21, 2022 11:34:19 AM PST
11:34:19.521 INFO  GenotypeGVCFs - ------------------------------------------------------------
11:34:19.522 INFO  GenotypeGVCFs - ------------------------------------------------------------
11:34:19.522 INFO  GenotypeGVCFs - HTSJDK Version: 2.24.1
11:34:19.522 INFO  GenotypeGVCFs - Picard Version: 2.25.4
11:34:19.522 INFO  GenotypeGVCFs - Built for Spark Version: 2.4.5
11:34:19.522 INFO  GenotypeGVCFs - HTSJDK Defaults.COMPRESSION_LEVEL : 2
11:34:19.522 INFO  GenotypeGVCFs - HTSJDK Defaults.USE_ASYNC_IO_READ_FOR_SAMTOOLS : false
11:34:19.522 INFO  GenotypeGVCFs - HTSJDK Defaults.USE_ASYNC_IO_WRITE_FOR_SAMTOOLS : true
11:34:19.522 INFO  GenotypeGVCFs - HTSJDK Defaults.USE_ASYNC_IO_WRITE_FOR_TRIBBLE : false
11:34:19.522 INFO  GenotypeGVCFs - Deflater: IntelDeflater
11:34:19.522 INFO  GenotypeGVCFs - Inflater: IntelInflater
11:34:19.522 INFO  GenotypeGVCFs - GCS max retries/reopens: 20
11:34:19.522 INFO  GenotypeGVCFs - Requester pays: disabled
11:34:19.522 INFO  GenotypeGVCFs - Initializing engine
11:34:20.034 INFO  GenomicsDBLibLoader - GenomicsDB native library version : 1.4.1-d59e886
11:34:20.648 info  NativeGenomicsDB - pid=12719 tid=12720 No valid combination operation found for INFO field InbreedingCoeff  - the field will NOT be part of INFO fields in the generated VCF records
11:34:20.648 info  NativeGenomicsDB - pid=12719 tid=12720 No valid combination operation found for INFO field MLEAC  - the field will NOT be part of INFO fields in the generated VCF records
11:34:20.648 info  NativeGenomicsDB - pid=12719 tid=12720 No valid combination operation found for INFO field MLEAF  - the field will NOT be part of INFO fields in the generated VCF records
11:34:21.108 INFO  GenotypeGVCFs - Done initializing engine
11:34:21.143 INFO  ProgressMeter - Starting traversal
11:34:21.143 INFO  ProgressMeter -        Current Locus  Elapsed Minutes    Variants Processed  Variants/Minute
11:35:47.090 INFO  ProgressMeter -          LG10:253923              1.4                  1000            698.1
11:35:57.104 INFO  ProgressMeter -          LG10:309296              1.6                 56000          35014.6
11:36:15.117 INFO  ProgressMeter -          LG10:332682              1.9                 79000          41588.4
11:36:25.173 INFO  ProgressMeter -          LG10:422462              2.1                148000          71595.6
11:37:01.378 INFO  ProgressMeter -          LG10:463907              2.7                178000          66652.1
11:37:11.392 INFO  ProgressMeter -          LG10:529502              2.8                242000          85286.8
11:37:30.214 INFO  ProgressMeter -          LG10:549512              3.2                261000          82826.0
11:37:40.297 INFO  ProgressMeter -          LG10:622890              3.3                329000          99119.3
11:38:18.332 INFO  ProgressMeter -          LG10:639946              4.0                346000          87525.1
11:38:29.020 INFO  ProgressMeter -          LG10:724255              4.1                413000          99968.9
11:38:51.805 INFO  ProgressMeter -          LG10:763283              4.5                446000          98868.7
11:39:01.942 INFO  ProgressMeter -          LG10:863106              4.7                513000         109615.8
11:39:54.071 INFO  ProgressMeter -          LG10:920506              5.5                565000         101823.8
11:40:04.248 INFO  ProgressMeter -          LG10:993902              5.7                626000         109470.9
11:40:28.675 INFO  ProgressMeter -         LG10:1024486              6.1                655000         106929.5
11:40:38.762 INFO  ProgressMeter -         LG10:1097485              6.3                725000         115195.5
11:41:16.819 INFO  ProgressMeter -         LG10:1117770              6.9                745000         107535.7
11:41:26.875 INFO  ProgressMeter -         LG10:1181281              7.1                806000         113592.6
11:41:50.161 INFO  ProgressMeter -         LG10:1205025              7.5                828000         110641.4
11:42:00.194 INFO  ProgressMeter -         LG10:1262499              7.7                884000         115542.7
11:42:40.081 INFO  ProgressMeter -         LG10:1286531              8.3                908000         109191.9
11:42:51.109 INFO  ProgressMeter -         LG10:1353089              8.5                974000         114595.9
11:43:11.305 INFO  ProgressMeter -         LG10:1371474              8.8                991000         112154.4
11:43:21.347 INFO  ProgressMeter -         LG10:1439000              9.0               1057000         117400.1
11:44:01.475 INFO  ProgressMeter -         LG10:1456599              9.7               1074000         111039.9
11:44:12.384 INFO  ProgressMeter -         LG10:1517805              9.9               1133000         114978.5
11:44:31.458 INFO  ProgressMeter -         LG10:1537885             10.2               1153000         113351.9
11:44:41.549 INFO  ProgressMeter -         LG10:1621843             10.3               1227000         118664.2
11:45:23.237 INFO  ProgressMeter -         LG10:1639931             11.0               1245000         112823.9
11:45:33.986 INFO  ProgressMeter -         LG10:1697911             11.2               1300000         115926.0
11:45:56.811 INFO  ProgressMeter -         LG10:1724930             11.6               1327000         114451.1
11:46:06.908 INFO  ProgressMeter -         LG10:1797519             11.8               1397000         118764.7
11:46:57.500 INFO  ProgressMeter -         LG10:1810535             12.6               1410000         111851.9
11:47:07.521 INFO  ProgressMeter -         LG10:1876644             12.8               1476000         115556.6
11:47:26.810 INFO  ProgressMeter -         LG10:1891955             13.1               1491000         113865.0
11:47:36.821 INFO  ProgressMeter -         LG10:1974339             13.3               1565000         118012.6
11:48:18.730 INFO  ProgressMeter -         LG10:1986371             14.0               1577000         112967.4
11:48:28.768 INFO  ProgressMeter -         LG10:2059310             14.1               1648000         116655.4
11:48:47.876 INFO  ProgressMeter -         LG10:2074643             14.4               1663000         115122.0
11:48:57.927 INFO  ProgressMeter -         LG10:2144791             14.6               1732000         118524.1
11:49:39.626 INFO  ProgressMeter -         LG10:2160043             15.3               1747000         114123.0
11:49:49.694 INFO  ProgressMeter -         LG10:2229551             15.5               1809000         116891.8
11:50:10.677 INFO  ProgressMeter -         LG10:2259484             15.8               1836000         116014.8
11:50:20.754 INFO  ProgressMeter -         LG10:2320986             16.0               1897000         118610.6
11:51:09.588 INFO  ProgressMeter -         LG10:2342033             16.8               1918000         114116.4
11:51:19.647 INFO  ProgressMeter -         LG10:2412973             17.0               1988000         117112.9
11:51:38.466 INFO  ProgressMeter -         LG10:2432316             17.3               2004000         115913.9
11:51:49.906 INFO  ProgressMeter -         LG10:2495198             17.5               2065000         118139.2
11:52:32.537 INFO  ProgressMeter -         LG10:2516547             18.2               2086000         114679.0
11:52:44.045 INFO  ProgressMeter -         LG10:2576954             18.4               2132000         115984.9
11:53:14.099 INFO  ProgressMeter -         LG10:2616006             18.9               2171000         114973.6
11:53:24.810 INFO  ProgressMeter -         LG10:2672305             19.1               2227000         116834.7
11:54:13.036 INFO  ProgressMeter -         LG10:2698338             19.9               2253000         113416.2
11:54:23.085 INFO  ProgressMeter -         LG10:2759294             20.0               2313000         115463.1
11:54:48.121 INFO  ProgressMeter -         LG10:2784471             20.4               2338000         114329.7
11:54:58.205 INFO  ProgressMeter -         LG10:2849519             20.6               2403000         116550.3
11:55:37.424 INFO  ProgressMeter -         LG10:2863548             21.3               2417000         113627.0
11:55:47.488 INFO  ProgressMeter -         LG10:2928615             21.4               2480000         115676.6
11:56:10.400 INFO  ProgressMeter -         LG10:2943866             21.8               2495000         114339.7
11:56:20.497 INFO  ProgressMeter -         LG10:3007922             22.0               2558000         116329.7
11:57:06.152 INFO  ProgressMeter -         LG10:3026330             22.8               2576000         113230.0
11:57:17.468 INFO  ProgressMeter -         LG10:3084559             22.9               2634000         114827.5
11:57:37.165 INFO  ProgressMeter -         LG10:3105415             23.3               2654000         114067.0
11:57:47.180 INFO  ProgressMeter -         LG10:3165770             23.4               2714000         115814.9
11:58:27.433 INFO  ProgressMeter -         LG10:3185948             24.1               2734000         113421.2
11:58:37.503 INFO  ProgressMeter -         LG10:3242243             24.3               2790000         114944.1
11:58:58.350 INFO  ProgressMeter -         LG10:3268154             24.6               2815000         114337.4
11:59:08.395 INFO  ProgressMeter -         LG10:3330944             24.8               2877000         116066.4
11:59:50.758 INFO  ProgressMeter -         LG10:3348164             25.5               2894000         113518.8
12:00:01.131 INFO  ProgressMeter -         LG10:3414132             25.7               2953000         115052.8
12:00:22.044 INFO  ProgressMeter -         LG10:3454907             26.0               2984000         114703.0
12:00:32.048 INFO  ProgressMeter -         LG10:3534586             26.2               3049000         116455.2
12:01:13.488 INFO  ProgressMeter -         LG10:3568225             26.9               3079000         114578.5
12:01:23.591 INFO  ProgressMeter -         LG10:3630954             27.0               3139000         116083.8
12:01:43.078 INFO  ProgressMeter -         LG10:3654630             27.4               3162000         115546.6
12:01:53.139 INFO  ProgressMeter -         LG10:3723005             27.5               3227000         117203.7
12:02:33.155 INFO  ProgressMeter -         LG10:3751602             28.2               3254000         115389.3
12:02:43.249 INFO  ProgressMeter -         LG10:3819700             28.4               3321000         117066.7
12:03:02.722 INFO  ProgressMeter -         LG10:3835335             28.7               3336000         116265.4
12:03:14.376 INFO  ProgressMeter -         LG10:3901582             28.9               3397000         117595.3
12:03:55.348 INFO  ProgressMeter -         LG10:3924762             29.6               3420000         115657.4
12:04:05.418 INFO  ProgressMeter -         LG10:4002433             29.7               3496000         117560.4
12:04:22.658 INFO  ProgressMeter -         LG10:4011443             30.0               3505000         116735.1
12:04:33.082 INFO  ProgressMeter -         LG10:4063789             30.2               3557000         117785.4
12:05:13.716 INFO  ProgressMeter -         LG10:4112624             30.9               3587000         116173.6
12:05:23.770 INFO  ProgressMeter -         LG10:4186437             31.0               3660000         117898.1
12:05:43.124 INFO  ProgressMeter -         LG10:4195442             31.4               3669000         116972.5
12:05:53.204 INFO  ProgressMeter -         LG10:4261879             31.5               3735000         118442.3
12:06:34.328 INFO  ProgressMeter -         LG10:4278449             32.2               3751000         116419.3
12:06:45.504 INFO  ProgressMeter -         LG10:4359197             32.4               3831000         118218.8
12:07:04.647 INFO  ProgressMeter -         LG10:4366284             32.7               3838000         117280.1
12:07:14.662 INFO  ProgressMeter -         LG10:4449162             32.9               3914000         118995.6
12:07:55.254 INFO  ProgressMeter -         LG10:4455269             33.6               3920000         116776.1
12:08:06.112 INFO  ProgressMeter -         LG10:4510540             33.7               3975000         117779.6
12:08:27.682 INFO  ProgressMeter -         LG10:4537620             34.1               4002000         117329.8
12:08:37.772 INFO  ProgressMeter -         LG10:4605469             34.3               4069000         118708.8
12:09:17.943 INFO  ProgressMeter -         LG10:4620536             34.9               4084000         116863.8
12:09:27.950 INFO  ProgressMeter -         LG10:4690611             35.1               4153000         118273.8
12:09:48.259 INFO  ProgressMeter -         LG10:4705072             35.5               4167000         117539.4
12:09:58.472 INFO  ProgressMeter -         LG10:4779524             35.6               4239000         118999.0
12:10:37.998 INFO  ProgressMeter -         LG10:4790532             36.3               4250000         117141.5
12:10:48.870 INFO  ProgressMeter -         LG10:4862361             36.5               4319000         118451.7
12:11:07.723 INFO  ProgressMeter -         LG10:4879368             36.8               4336000         117902.0
12:11:17.727 INFO  ProgressMeter -         LG10:4968269             36.9               4405000         119237.5
12:11:56.981 INFO  ProgressMeter -         LG10:4994440             37.6               4431000         117854.2
12:12:07.034 INFO  ProgressMeter -         LG10:5103795             37.8               4502000         119211.4
12:12:26.395 INFO  ProgressMeter -         LG10:5142449             38.1               4532000         118989.1
12:12:36.476 INFO  ProgressMeter -         LG10:5209255             38.3               4596000         120139.4
12:13:17.960 INFO  ProgressMeter -         LG10:5239629             38.9               4625000         118751.3
12:13:28.478 INFO  ProgressMeter -         LG10:5297144             39.1               4674000         119471.7
12:13:52.369 INFO  ProgressMeter -         LG10:5342715             39.5               4716000         119330.7
12:14:02.379 INFO  ProgressMeter -         LG10:5410942             39.7               4782000         120492.0
12:14:43.276 INFO  ProgressMeter -         LG10:5434730             40.4               4805000         119027.3
12:14:54.603 INFO  ProgressMeter -         LG10:5568827             40.6               4884000         120421.1
12:15:18.028 INFO  ProgressMeter -         LG10:5597565             40.9               4912000         119956.8
12:15:28.091 INFO  ProgressMeter -         LG10:5665258             41.1               4977000         121048.4
12:16:08.860 INFO  ProgressMeter -         LG10:5696948             41.8               4998000         119582.9
12:16:18.946 INFO  ProgressMeter -         LG10:5765605             42.0               5065000         120700.5
12:16:36.107 INFO  ProgressMeter -         LG10:5778786             42.2               5078000         120191.1
12:16:47.509 INFO  ProgressMeter -         LG10:5852405             42.4               5147000         121278.7
12:17:28.131 INFO  ProgressMeter -         LG10:5867551             43.1               5162000         119722.2
12:17:38.218 INFO  ProgressMeter -         LG10:5935358             43.3               5227000         120758.9
12:17:58.753 INFO  ProgressMeter -         LG10:5956430             43.6               5248000         120292.9
12:18:10.418 INFO  ProgressMeter -         LG10:6026341             43.8               5311000         121196.9
12:18:54.321 INFO  ProgressMeter -         LG10:6047601             44.6               5332000         119677.8
12:19:04.364 INFO  ProgressMeter -         LG10:6118277             44.7               5402000         120795.1
12:19:22.371 INFO  ProgressMeter -         LG10:6132293             45.0               5416000         120300.8
12:19:33.596 INFO  ProgressMeter -         LG10:6215936             45.2               5483000         121285.1
12:20:08.978 INFO  ProgressMeter -         LG10:6244996             45.8               5510000         120312.9
12:20:18.980 INFO  ProgressMeter -         LG10:6349776             46.0               5590000         121617.0
12:20:38.389 INFO  ProgressMeter -         LG10:6372551             46.3               5611000         121220.8
12:20:48.504 INFO  ProgressMeter -         LG10:6432947             46.5               5669000         122029.4
12:21:25.721 INFO  ProgressMeter -         LG10:6462717             47.1               5698000         121037.5
12:21:35.768 INFO  ProgressMeter -         LG10:6540029             47.2               5774000         122217.2
12:21:54.732 INFO  ProgressMeter -         LG10:6547035             47.6               5781000         121552.2
12:22:04.804 INFO  ProgressMeter -         LG10:6613206             47.7               5846000         122486.6
12:22:42.564 INFO  ProgressMeter -         LG10:6630305             48.4               5863000         121244.0
12:22:52.600 INFO  ProgressMeter -         LG10:6696555             48.5               5926000         122124.4
12:23:13.112 INFO  ProgressMeter -         LG10:6716602             48.9               5946000         121679.3
12:23:23.124 INFO  ProgressMeter -         LG10:6786605             49.0               6015000         122672.5
12:24:09.225 INFO  ProgressMeter -         LG10:6802104             49.8               6030000         121081.0
12:24:19.242 INFO  ProgressMeter -         LG10:6869767             50.0               6097000         122017.3
12:24:40.941 INFO  ProgressMeter -         LG10:6890997             50.3               6116000         121518.1
12:24:50.970 INFO  ProgressMeter -         LG10:6954318             50.5               6178000         122343.6
12:25:49.894 INFO  ProgressMeter -         LG10:6974865             51.5               6198000         120398.2
12:25:59.963 INFO  ProgressMeter -         LG10:7037587             51.6               6260000         121207.4
12:26:21.757 INFO  ProgressMeter -         LG10:7058673             52.0               6281000         120764.7
12:26:31.831 INFO  ProgressMeter -         LG10:7124098             52.2               6344000         121583.5
12:27:11.407 INFO  ProgressMeter -         LG10:7150696             52.8               6370000         120557.8
12:27:21.706 INFO  ProgressMeter -         LG10:7236281             53.0               6441000         121506.8
12:27:44.557 INFO  ProgressMeter -         LG10:7264953             53.4               6469000         121164.5
12:27:54.645 INFO  ProgressMeter -         LG10:7330829             53.6               6534000         121997.7
12:28:35.088 INFO  ProgressMeter -         LG10:7345888             54.2               6549000         120758.0
12:28:45.509 INFO  ProgressMeter -         LG10:7403953             54.4               6606000         121420.2
12:29:06.850 INFO  ProgressMeter -         LG10:7432368             54.8               6634000         121142.9
12:29:16.914 INFO  ProgressMeter -         LG10:7500100             54.9               6700000         121974.5
12:29:55.642 INFO  ProgressMeter -         LG10:7516239             55.6               6716000         120845.7
12:30:05.660 INFO  ProgressMeter -         LG10:7583743             55.7               6782000         121667.8
12:30:24.037 INFO  ProgressMeter -         LG10:7600167             56.0               6798000         121288.4
12:30:34.128 INFO  ProgressMeter -         LG10:7670372             56.2               6867000         122152.9
12:31:16.429 INFO  ProgressMeter -         LG10:7681383             56.9               6878000         120833.2
12:31:26.493 INFO  ProgressMeter -         LG10:7751423             57.1               6947000         121686.8
12:31:46.095 INFO  ProgressMeter -         LG10:7765917             57.4               6961000         121238.3
12:31:56.127 INFO  ProgressMeter -         LG10:7848121             57.6               7029000         122067.1
12:32:40.509 INFO  ProgressMeter -         LG10:7891789             58.3               7066000         121153.4
12:32:54.434 INFO  ProgressMeter -         LG10:7965921             58.6               7129000         121749.1
12:33:18.923 INFO  ProgressMeter -         LG10:8006632             59.0               7164000         121499.9
12:33:28.963 INFO  ProgressMeter -         LG10:8103798             59.1               7232000         122306.1
12:34:17.491 INFO  ProgressMeter -         LG10:8132053             59.9               7259000         121106.2
12:34:27.531 INFO  ProgressMeter -         LG10:8191107             60.1               7316000         121717.4
12:34:48.378 INFO  ProgressMeter -         LG10:8215430             60.5               7340000         121414.8
12:34:58.426 INFO  ProgressMeter -         LG10:8274424             60.6               7398000         122036.1
12:35:41.924 INFO  ProgressMeter -         LG10:8297617             61.3               7421000         120968.9
12:35:51.927 INFO  ProgressMeter -         LG10:8360238             61.5               7481000         121616.4
12:36:13.985 INFO  ProgressMeter -         LG10:8384787             61.9               7505000         121281.8
12:36:24.033 INFO  ProgressMeter -         LG10:8456770             62.0               7565000         121921.4
12:37:06.789 INFO  ProgressMeter -         LG10:8485324             62.8               7593000         120983.2
12:37:17.931 INFO  ProgressMeter -         LG10:8560417             62.9               7666000         121786.0
12:37:36.286 INFO  ProgressMeter -         LG10:8571424             63.3               7677000         121370.9
12:37:46.313 INFO  ProgressMeter -         LG10:8638969             63.4               7743000         122091.8
12:38:25.874 INFO  ProgressMeter -         LG10:8650978             64.1               7755000         121022.8
12:38:36.043 INFO  ProgressMeter -         LG10:8714266             64.2               7812000         121590.7
12:38:57.754 INFO  ProgressMeter -         LG10:8742408             64.6               7840000         121343.1
12:39:07.782 INFO  ProgressMeter -         LG10:8801478             64.8               7897000         121910.0
12:39:49.327 INFO  ProgressMeter -         LG10:8833958             65.5               7924000         121033.0
12:39:59.581 INFO  ProgressMeter -         LG10:8891159             65.6               7980000         121571.0
12:40:17.601 INFO  ProgressMeter -         LG10:8916271             65.9               8005000         121396.5
12:40:27.657 INFO  ProgressMeter -         LG10:8985750             66.1               8072000         122102.2
12:41:06.770 INFO  ProgressMeter -         LG10:9000772             66.8               8087000         121134.6
12:41:17.927 INFO  ProgressMeter -         LG10:9075682             66.9               8152000         121769.1
12:41:40.025 INFO  ProgressMeter -         LG10:9119611             67.3               8186000         121607.9
12:41:50.098 INFO  ProgressMeter -         LG10:9188037             67.5               8253000         122298.2
12:42:29.365 INFO  ProgressMeter -         LG10:9208595             68.1               8272000         121402.4
12:42:39.461 INFO  ProgressMeter -         LG10:9286378             68.3               8346000         122186.7
12:42:59.086 INFO  ProgressMeter -         LG10:9297652             68.6               8357000         121764.7
12:43:10.426 INFO  ProgressMeter -         LG10:9370425             68.8               8429000         122476.5
12:43:47.036 INFO  ProgressMeter -         LG10:9383519             69.4               8442000         121587.4
12:43:57.175 INFO  ProgressMeter -         LG10:9507269             69.6               8523000         122456.0
12:44:20.404 INFO  ProgressMeter -         LG10:9538399             70.0               8554000         122221.5
12:44:30.408 INFO  ProgressMeter -         LG10:9596021             70.2               8610000         122729.3
12:45:18.835 INFO  ProgressMeter -         LG10:9628119             71.0               8641000         121770.2
12:45:28.921 INFO  ProgressMeter -         LG10:9722614             71.1               8712000         122480.6
12:45:52.167 INFO  ProgressMeter -         LG10:9767889             71.5               8751000         122362.4
12:46:02.204 INFO  ProgressMeter -         LG10:9827806             71.7               8810000         122899.9
12:46:41.307 INFO  ProgressMeter -         LG10:9923402             72.3               8855000         122414.7
12:46:51.873 INFO  ProgressMeter -        LG10:10020658             72.5               8930000         123151.7
12:47:12.617 INFO  ProgressMeter -        LG10:10055849             72.9               8960000         122979.1
12:47:22.617 INFO  ProgressMeter -        LG10:10117845             73.0               9020000         123520.1
12:47:59.976 INFO  ProgressMeter -        LG10:10139201             73.6               9041000         122760.9
12:48:10.043 INFO  ProgressMeter -        LG10:10237355             73.8               9124000         123606.3
12:48:29.393 INFO  ProgressMeter -        LG10:10254974             74.1               9141000         123297.9
12:48:39.394 INFO  ProgressMeter -        LG10:10366307             74.3               9207000         123909.6
12:49:18.182 INFO  ProgressMeter -        LG10:10417710             75.0               9253000         123454.6
12:49:28.239 INFO  ProgressMeter -        LG10:10547748             75.1               9341000         124350.6
12:49:38.356 INFO  ProgressMeter -        LG10:10644400             75.3               9406000         124935.4
12:49:55.453 INFO  ProgressMeter -        LG10:10650889             75.6               9410000         124517.3
12:50:05.509 INFO  ProgressMeter -        LG10:10707287             75.7               9465000         124967.9
12:50:43.921 INFO  ProgressMeter -        LG10:10758675             76.4               9505000         124444.2
12:50:53.926 INFO  ProgressMeter -        LG10:10815610             76.5               9561000         124904.7
12:51:11.417 INFO  ProgressMeter -        LG10:10845234             76.8               9589000         124795.2
12:51:21.439 INFO  ProgressMeter -        LG10:10917706             77.0               9661000         125459.5
12:51:57.389 INFO  ProgressMeter -        LG10:10926713             77.6               9670000         124606.8
12:52:07.467 INFO  ProgressMeter -        LG10:11020710             77.8               9746000         125314.9
12:52:24.411 INFO  ProgressMeter -        LG10:11035777             78.1               9761000         125053.7
12:52:36.071 INFO  ProgressMeter -        LG10:11113535             78.2               9836000         125701.6
12:53:10.236 INFO  ProgressMeter -        LG10:11127657             78.8               9850000         124971.1
12:53:20.250 INFO  ProgressMeter -        LG10:11200250             79.0               9921000         125605.9
12:53:36.753 INFO  ProgressMeter -        LG10:11211513             79.3               9932000         125308.8
12:53:47.309 INFO  ProgressMeter -        LG10:11279725             79.4               9999000         125874.8
12:54:21.949 INFO  ProgressMeter -        LG10:11296242             80.0              10015000         125166.5
12:54:31.957 INFO  ProgressMeter -        LG10:11367494             80.2              10084000         125766.7
12:54:48.374 INFO  ProgressMeter -        LG10:11383923             80.5              10100000         125537.8
12:54:59.349 INFO  ProgressMeter -        LG10:11446537             80.6              10162000         126021.9
12:55:36.084 INFO  ProgressMeter -        LG10:11466869             81.2              10182000         125318.4
12:55:46.115 INFO  ProgressMeter -        LG10:11533843             81.4              10246000         125847.2
12:56:03.573 INFO  ProgressMeter -        LG10:11553856             81.7              10266000         125643.8
12:56:13.584 INFO  ProgressMeter -        LG10:11612067             81.9              10323000         126084.0
12:56:47.813 INFO  ProgressMeter -        LG10:11654522             82.4              10356000         125611.8
12:56:57.882 INFO  ProgressMeter -        LG10:11732931             82.6              10433000         126288.7
12:57:16.760 INFO  ProgressMeter -        LG10:11755304             82.9              10455000         126074.8
12:57:26.808 INFO  ProgressMeter -        LG10:11867739             83.1              10527000         126687.2
12:58:04.599 INFO  ProgressMeter -        LG10:11898873             83.7              10558000         126104.4
12:58:17.803 INFO  ProgressMeter -        LG10:11963007             83.9              10619000         126500.5
12:58:46.867 INFO  ProgressMeter -        LG10:11991594             84.4              10647000         126106.4
12:58:56.947 INFO  ProgressMeter -        LG10:12058127             84.6              10712000         126624.3
12:59:33.553 INFO  ProgressMeter -        LG10:12077164             85.2              10731000         125940.6
12:59:43.899 INFO  ProgressMeter -        LG10:12161701             85.4              10799000         126482.7
13:00:05.175 INFO  ProgressMeter -        LG10:12187999             85.7              10825000         126262.8
13:00:15.203 INFO  ProgressMeter -        LG10:12263066             85.9              10890000         126773.8
13:00:56.286 INFO  ProgressMeter -        LG10:12297218             86.6              10921000         126129.3
13:01:06.372 INFO  ProgressMeter -        LG10:12372336             86.8              10980000         126565.0
13:01:28.693 INFO  ProgressMeter -        LG10:12407261             87.1              11013000         126403.4
13:01:38.698 INFO  ProgressMeter -        LG10:12482369             87.3              11086000         126998.2
13:02:17.596 INFO  ProgressMeter -        LG10:12491376             87.9              11095000         126164.3
13:02:27.660 INFO  ProgressMeter -        LG10:12565351             88.1              11168000         126752.7
13:02:44.497 INFO  ProgressMeter -        LG10:12573773             88.4              11176000         126440.7
13:02:54.555 INFO  ProgressMeter -        LG10:12660303             88.6              11251000         127048.3
13:03:33.913 INFO  ProgressMeter -        LG10:12693700             89.2              11279000         126428.0
13:03:45.654 INFO  ProgressMeter -        LG10:12756986             89.4              11339000         126822.4
13:04:07.248 INFO  ProgressMeter -        LG10:12797884             89.8              11376000         126726.1
13:04:17.289 INFO  ProgressMeter -        LG10:12858590             89.9              11436000         127157.4
13:05:01.689 INFO  ProgressMeter -        LG10:12878512             90.7              11455000         126329.2
13:05:13.531 INFO  ProgressMeter -        LG10:12933917             90.9              11508000         126638.1
13:05:34.494 INFO  ProgressMeter -        LG10:12961522             91.2              11535000         126449.0
13:05:45.853 INFO  ProgressMeter -        LG10:13030200             91.4              11599000         126887.3
13:06:19.911 INFO  ProgressMeter -        LG10:13052218             92.0              11621000         126343.4
13:06:30.018 INFO  ProgressMeter -        LG10:13127246             92.1              11687000         126828.7
13:06:49.255 INFO  ProgressMeter -        LG10:13154051             92.5              11710000         126637.7
13:06:59.311 INFO  ProgressMeter -        LG10:13220556             92.6              11775000         127110.2
13:07:36.603 INFO  ProgressMeter -        LG10:13235987             93.3              11789000         126413.2
13:07:46.662 INFO  ProgressMeter -        LG10:13303341             93.4              11853000         126871.4
13:08:05.028 INFO  ProgressMeter -        LG10:13319496             93.7              11869000         126627.8
13:08:15.060 INFO  ProgressMeter -        LG10:13388688             93.9              11934000         127094.5
13:08:52.327 INFO  ProgressMeter -        LG10:13407880             94.5              11953000         126460.4
13:09:02.406 INFO  ProgressMeter -        LG10:13531102             94.7              12031000         127059.8
13:09:23.525 INFO  ProgressMeter -        LG10:13556199             95.0              12056000         126852.3
13:09:33.532 INFO  ProgressMeter -        LG10:13637668             95.2              12117000         127270.7
13:10:11.951 INFO  ProgressMeter -        LG10:13694396             95.8              12159000         126858.7
13:10:21.993 INFO  ProgressMeter -        LG10:13762102             96.0              12225000         127325.0
13:10:39.270 INFO  ProgressMeter -        LG10:13780151             96.3              12243000         127131.2
13:10:49.286 INFO  ProgressMeter -        LG10:13890573             96.5              12319000         127699.0
13:11:26.280 INFO  ProgressMeter -        LG10:13914598             97.1              12343000         127135.2
13:11:36.354 INFO  ProgressMeter -        LG10:13972705             97.3              12400000         127501.8
13:11:55.476 INFO  ProgressMeter -        LG10:14000489             97.6              12427000         127362.1
13:12:05.570 INFO  ProgressMeter -        LG10:14092740             97.7              12500000         127889.7
13:12:47.866 INFO  ProgressMeter -        LG10:14116758             98.4              12523000         127207.6
13:12:57.918 INFO  ProgressMeter -        LG10:14197070             98.6              12602000         127792.6
13:13:14.605 INFO  ProgressMeter -        LG10:14203244             98.9              12608000         127493.9
13:13:24.694 INFO  ProgressMeter -        LG10:14293135             99.1              12673000         127933.6
13:14:03.879 INFO  ProgressMeter -        LG10:14331176             99.7              12707000         127436.7
13:14:13.880 INFO  ProgressMeter -        LG10:14399652             99.9              12774000         127894.8
13:14:31.638 INFO  ProgressMeter -        LG10:14414376            100.2              12788000         127656.7
13:14:41.703 INFO  ProgressMeter -        LG10:14497283            100.3              12854000         128101.0
13:15:17.563 INFO  ProgressMeter -        LG10:14519258            100.9              12875000         127550.6
13:15:27.594 INFO  ProgressMeter -        LG10:14581336            101.1              12936000         127943.0
13:15:47.395 INFO  ProgressMeter -        LG10:14602532            101.4              12957000         127733.8
13:15:57.405 INFO  ProgressMeter -        LG10:14679395            101.6              13018000         128124.4
13:16:38.146 INFO  ProgressMeter -        LG10:14741422            102.3              13058000         127664.9
13:16:48.246 INFO  ProgressMeter -        LG10:14823750            102.5              13132000         128177.5
13:17:05.749 INFO  ProgressMeter -        LG10:14834531            102.7              13142000         127910.9
13:17:15.838 INFO  ProgressMeter -        LG10:14904343            102.9              13205000         128314.0
13:17:56.865 INFO  ProgressMeter -        LG10:14924526            103.6              13225000         127660.1
13:18:06.952 INFO  ProgressMeter -        LG10:14986067            103.8              13286000         128041.2
13:18:28.775 INFO  ProgressMeter -        LG10:15003350            104.1              13303000         127757.2
13:18:38.851 INFO  ProgressMeter -        LG10:15060183            104.3              13359000         128088.4
13:19:26.957 INFO  ProgressMeter -        LG10:15088392            105.1              13387000         127377.7
13:19:36.998 INFO  ProgressMeter -        LG10:15165452            105.3              13455000         127821.2
13:20:02.669 INFO  ProgressMeter -        LG10:15191800            105.7              13480000         127540.3
13:20:12.756 INFO  ProgressMeter -        LG10:15250208            105.9              13538000         127885.6
13:20:58.574 INFO  ProgressMeter -        LG10:15277259            106.6              13564000         127213.6
13:21:08.945 INFO  ProgressMeter -        LG10:15336770            106.8              13623000         127560.1
13:21:27.119 INFO  ProgressMeter -        LG10:15358877            107.1              13645000         127404.8
13:21:37.154 INFO  ProgressMeter -        LG10:15444014            107.3              13724000         127942.6
13:22:15.085 INFO  ProgressMeter -        LG10:15467418            107.9              13747000         127406.1
13:22:25.703 INFO  ProgressMeter -        LG10:15529293            108.1              13805000         127734.2
13:22:43.884 INFO  ProgressMeter -        LG10:15559341            108.4              13835000         127653.9
13:22:53.948 INFO  ProgressMeter -        LG10:15630645            108.5              13905000         128101.5
13:23:32.664 INFO  ProgressMeter -        LG10:15644651            109.2              13919000         127472.7
13:23:42.730 INFO  ProgressMeter -        LG10:15739598            109.4              13991000         127935.5
13:24:00.796 INFO  ProgressMeter -        LG10:15770121            109.7              14020000         127848.7
13:24:10.825 INFO  ProgressMeter -        LG10:15860575            109.8              14100000         128382.5
13:24:50.845 INFO  ProgressMeter -        LG10:15897808            110.5              14122000         127806.6
13:25:00.845 INFO  ProgressMeter -        LG10:15987967            110.7              14207000         128382.3
13:25:17.452 INFO  ProgressMeter -        LG10:15994968            110.9              14214000         128125.1
13:25:28.942 INFO  ProgressMeter -        LG10:16079801            111.1              14294000         128624.2
13:26:03.513 INFO  ProgressMeter -        LG10:16089837            111.7              14304000         128050.2
13:26:13.561 INFO  ProgressMeter -        LG10:16171265            111.9              14385000         128582.6
13:26:29.674 INFO  ProgressMeter -        LG10:16177268            112.1              14391000         128328.2
13:26:41.146 INFO  ProgressMeter -        LG10:16266433            112.3              14470000         128813.0
13:27:16.686 INFO  ProgressMeter -        LG10:16280578            112.9              14484000         128261.3
13:27:26.767 INFO  ProgressMeter -        LG10:16377008            113.1              14566000         128795.8
13:27:41.548 INFO  ProgressMeter -        LG10:16396070            113.3              14585000         128683.5
13:27:52.313 INFO  ProgressMeter -        LG10:16469993            113.5              14658000         129123.2
13:28:29.433 INFO  ProgressMeter -        LG10:16484001            114.1              14672000         128546.0
13:28:39.470 INFO  ProgressMeter -        LG10:16566925            114.3              14751000         129049.0
13:28:57.089 INFO  ProgressMeter -        LG10:16581935            114.6              14766000         128849.2
13:29:08.278 INFO  ProgressMeter -        LG10:16659938            114.8              14837000         129258.4
13:29:45.173 INFO  ProgressMeter -        LG10:16678449            115.4              14855000         128725.6
13:29:55.231 INFO  ProgressMeter -        LG10:16749725            115.6              14926000         129153.3
13:30:12.916 INFO  ProgressMeter -        LG10:16761732            115.9              14938000         128928.3
13:30:23.804 INFO  ProgressMeter -        LG10:16825323            116.0              15001000         129269.5
13:31:01.964 INFO  ProgressMeter -        LG10:16848929            116.7              15024000         128762.0
13:31:12.034 INFO  ProgressMeter -        LG10:16964132            116.8              15108000         129296.0
13:31:41.374 INFO  ProgressMeter -        LG10:16979410            117.3              15123000         128885.0
13:31:51.727 INFO  ProgressMeter -        LG10:17021865            117.5              15165000         129053.1
13:32:28.200 INFO  ProgressMeter -        LG10:17063402            118.1              15206000         128736.1
13:32:38.233 INFO  ProgressMeter -        LG10:17174639            118.3              15287000         129238.9
13:32:56.131 INFO  ProgressMeter -        LG10:17194232            118.6              15306000         129074.0
13:33:06.136 INFO  ProgressMeter -        LG10:17300644            118.7              15377000         129490.7
13:33:45.401 INFO  ProgressMeter -        LG10:17320677            119.4              15397000         128948.5
13:33:55.486 INFO  ProgressMeter -        LG10:17397404            119.6              15472000         129394.4
13:34:13.125 INFO  ProgressMeter -        LG10:17405421            119.9              15480000         129143.8
13:34:23.146 INFO  ProgressMeter -        LG10:17474468            120.0              15547000         129522.3
13:34:57.643 INFO  ProgressMeter -        LG10:17493652            120.6              15566000         129062.4
13:35:07.696 INFO  ProgressMeter -        LG10:17576983            120.8              15637000         129471.2
13:35:26.922 INFO  ProgressMeter -        LG10:17594010            121.1              15654000         129269.0
13:35:36.954 INFO  ProgressMeter -        LG10:17663914            121.3              15723000         129659.8
13:36:14.041 INFO  ProgressMeter -        LG10:17680575            121.9              15739000         129133.5
13:36:24.200 INFO  ProgressMeter -        LG10:17756347            122.1              15809000         129527.9
13:36:45.586 INFO  ProgressMeter -        LG10:17806049            122.4              15847000         129461.1
13:36:55.634 INFO  ProgressMeter -        LG10:17878873            122.6              15917000         129855.3
13:37:33.943 INFO  ProgressMeter -        LG10:17898876            123.2              15935000         129328.5
13:37:44.655 INFO  ProgressMeter -        LG10:17964337            123.4              15999000         129660.1
13:38:01.558 INFO  ProgressMeter -        LG10:17986541            123.7              16020000         129534.5
13:38:11.577 INFO  ProgressMeter -        LG10:18050585            123.8              16083000         129868.6
13:38:49.682 INFO  ProgressMeter -        LG10:18071636            124.5              16104000         129374.7
13:39:00.607 INFO  ProgressMeter -        LG10:18136845            124.7              16166000         129683.1
13:39:19.741 INFO  ProgressMeter -        LG10:18159929            125.0              16189000         129536.2
13:39:29.799 INFO  ProgressMeter -        LG10:18228179            125.1              16255000         129890.1
13:40:07.949 INFO  ProgressMeter -        LG10:18245483            125.8              16272000         129368.6
13:40:17.979 INFO  ProgressMeter -        LG10:18314933            125.9              16339000         129728.9
13:40:37.450 INFO  ProgressMeter -        LG10:18333287            126.3              16357000         129538.0
13:40:47.559 INFO  ProgressMeter -        LG10:18400426            126.4              16422000         129879.5
13:41:30.479 INFO  ProgressMeter -        LG10:18419542            127.2              16439000         129282.5
13:41:40.551 INFO  ProgressMeter -        LG10:18495971            127.3              16504000         129622.6
13:41:59.619 INFO  ProgressMeter -        LG10:18512002            127.6              16520000         129425.2
13:42:09.675 INFO  ProgressMeter -        LG10:18580855            127.8              16588000         129787.6
13:42:50.182 INFO  ProgressMeter -        LG10:18606896            128.5              16605000         129237.9
13:43:00.198 INFO  ProgressMeter -        LG10:18681666            128.7              16678000         129637.6
13:43:18.266 INFO  ProgressMeter -        LG10:18690967            129.0              16687000         129404.7
13:43:29.778 INFO  ProgressMeter -        LG10:18780000            129.1              16764000         129808.7
13:44:04.583 INFO  ProgressMeter -        LG10:18796029            129.7              16780000         129351.5
13:44:14.664 INFO  ProgressMeter -        LG10:18869099            129.9              16851000         129730.8
13:44:33.270 INFO  ProgressMeter -        LG10:18883169            130.2              16865000         129529.4
13:44:43.605 INFO  ProgressMeter -        LG10:18942259            130.4              16924000         129810.8
13:45:23.452 INFO  ProgressMeter -        LG10:18963426            131.0              16945000         129313.2
13:45:33.615 INFO  ProgressMeter -        LG10:19042236            131.2              17023000         129740.7
13:45:48.797 INFO  ProgressMeter -        LG10:19048503            131.5              17029000         129536.6
13:45:58.842 INFO  ProgressMeter -        LG10:19113057            131.6              17092000         129850.5
13:46:34.694 INFO  ProgressMeter -        LG10:19134358            132.2              17113000         129422.5
13:46:44.779 INFO  ProgressMeter -        LG10:19209948            132.4              17188000         129824.7
13:47:01.562 INFO  ProgressMeter -        LG10:19219968            132.7              17198000         129626.3
13:47:11.582 INFO  ProgressMeter -        LG10:19298685            132.8              17271000         130012.9
13:47:41.364 INFO  ProgressMeter -        LG10:19327551            133.3              17290000         129671.4
13:47:52.470 INFO  ProgressMeter -        LG10:19407961            133.5              17369000         130083.3
13:48:02.493 INFO  ProgressMeter -        LG10:19414962            133.7              17376000         129973.1
GENOMICSDB_TIMER,GenomicsDB iterator next() timer,Wall-clock time(s),6821.811171209904,Cpu time(s),1237.2393823443624
13:48:10.175 INFO  ProgressMeter -        LG10:19480901            133.8              17441659         130339.4
13:48:10.175 INFO  ProgressMeter - Traversal complete. Processed 17441659 total variants in 133.8 minutes.
13:48:10.189 INFO  GenotypeGVCFs - Shutting down engine
[January 21, 2022 1:48:10 PM PST] org.broadinstitute.hellbender.tools.walkers.GenotypeGVCFs done. Elapsed time: 133.85 minutes.
Runtime.totalMemory()=1715994624
