==========================================
SLURM_JOB_ID = 7439966
SLURM_JOB_NODELIST = a03-16
TMPDIR = /tmp/SLURM_7439966
==========================================
Using GATK jar /home1/mharden/.conda/envs/gatk4/share/gatk4-4.2.2.0-1/gatk-package-4.2.2.0-local.jar
Running:
    java -Dsamjdk.use_async_io_read_samtools=false -Dsamjdk.use_async_io_write_samtools=true -Dsamjdk.use_async_io_write_tribble=false -Dsamjdk.compression_level=2 -jar /home1/mharden/.conda/envs/gatk4/share/gatk4-4.2.2.0-1/gatk-package-4.2.2.0-local.jar MergeVcfs -R Kr2015_Undaria.pinnatifida_superscaffolds.fasta --SEQUENCE_DICTIONARY Kr2015_Undaria.pinnatifida_superscaffolds.dict -I 0029-scattered.interval_list.sorted.vcf.gz -O Undaria_Variants.vcf
16:38:31.025 INFO  NativeLibraryLoader - Loading libgkl_compression.so from jar:file:/home1/mharden/.conda/envs/gatk4/share/gatk4-4.2.2.0-1/gatk-package-4.2.2.0-local.jar!/com/intel/gkl/native/libgkl_compression.so
[Sun Feb 13 16:38:31 PST 2022] MergeVcfs --INPUT 0029-scattered.interval_list.sorted.vcf.gz --OUTPUT Undaria_Variants.vcf --SEQUENCE_DICTIONARY Kr2015_Undaria.pinnatifida_superscaffolds.dict --REFERENCE_SEQUENCE Kr2015_Undaria.pinnatifida_superscaffolds.fasta --VERBOSITY INFO --QUIET false --VALIDATION_STRINGENCY STRICT --COMPRESSION_LEVEL 2 --MAX_RECORDS_IN_RAM 500000 --CREATE_INDEX true --CREATE_MD5_FILE false --GA4GH_CLIENT_SECRETS client_secrets.json --help false --version false --showHidden false --USE_JDK_DEFLATER false --USE_JDK_INFLATER false
Feb 13, 2022 4:38:31 PM shaded.cloud_nio.com.google.auth.oauth2.ComputeEngineCredentials runningOnComputeEngine
INFO: Failed to detect whether we are running on Google Compute Engine.
[Sun Feb 13 16:38:31 PST 2022] Executing as mharden@a03-16.hpc.usc.edu on Linux 3.10.0-1062.4.1.el7.x86_64 amd64; OpenJDK 64-Bit Server VM 1.8.0_302-b08; Deflater: Intel; Inflater: Intel; Provider GCS is available; Picard version: Version:4.2.2.0
INFO	2022-02-13 16:38:31	MergeVcfs	Processed        10,000 records.  Elapsed time: 00:00:00s.  Time for last 10,000:    0s.  Last read position: LG24:3,849,507
INFO	2022-02-13 16:38:31	MergeVcfs	Processed        20,000 records.  Elapsed time: 00:00:00s.  Time for last 10,000:    0s.  Last read position: LG24:4,129,329
INFO	2022-02-13 16:38:31	MergeVcfs	Processed        30,000 records.  Elapsed time: 00:00:00s.  Time for last 10,000:    0s.  Last read position: LG24:4,299,071
INFO	2022-02-13 16:38:32	MergeVcfs	Processed        40,000 records.  Elapsed time: 00:00:00s.  Time for last 10,000:    0s.  Last read position: LG24:4,501,917
INFO	2022-02-13 16:38:32	MergeVcfs	Processed        50,000 records.  Elapsed time: 00:00:01s.  Time for last 10,000:    0s.  Last read position: LG24:4,797,953
INFO	2022-02-13 16:38:32	MergeVcfs	Processed        60,000 records.  Elapsed time: 00:00:01s.  Time for last 10,000:    0s.  Last read position: LG24:5,049,691
INFO	2022-02-13 16:38:32	MergeVcfs	Processed        70,000 records.  Elapsed time: 00:00:01s.  Time for last 10,000:    0s.  Last read position: LG24:5,279,205
INFO	2022-02-13 16:38:32	MergeVcfs	Processed        80,000 records.  Elapsed time: 00:00:01s.  Time for last 10,000:    0s.  Last read position: LG24:5,491,136
INFO	2022-02-13 16:38:32	MergeVcfs	Processed        90,000 records.  Elapsed time: 00:00:01s.  Time for last 10,000:    0s.  Last read position: LG24:5,908,750
INFO	2022-02-13 16:38:32	MergeVcfs	Processed       100,000 records.  Elapsed time: 00:00:01s.  Time for last 10,000:    0s.  Last read position: LG24:6,404,395
INFO	2022-02-13 16:38:33	MergeVcfs	Processed       110,000 records.  Elapsed time: 00:00:01s.  Time for last 10,000:    0s.  Last read position: LG24:6,670,234
INFO	2022-02-13 16:38:33	MergeVcfs	Processed       120,000 records.  Elapsed time: 00:00:02s.  Time for last 10,000:    0s.  Last read position: LG24:6,930,174
INFO	2022-02-13 16:38:33	MergeVcfs	Processed       130,000 records.  Elapsed time: 00:00:02s.  Time for last 10,000:    0s.  Last read position: LG24:7,219,111
INFO	2022-02-13 16:38:33	MergeVcfs	Processed       140,000 records.  Elapsed time: 00:00:02s.  Time for last 10,000:    0s.  Last read position: LG24:7,470,579
INFO	2022-02-13 16:38:33	MergeVcfs	Processed       150,000 records.  Elapsed time: 00:00:02s.  Time for last 10,000:    0s.  Last read position: LG24:7,757,286
INFO	2022-02-13 16:38:33	MergeVcfs	Processed       160,000 records.  Elapsed time: 00:00:02s.  Time for last 10,000:    0s.  Last read position: LG24:8,144,438
INFO	2022-02-13 16:38:33	MergeVcfs	Processed       170,000 records.  Elapsed time: 00:00:02s.  Time for last 10,000:    0s.  Last read position: LG24:8,665,513
INFO	2022-02-13 16:38:33	MergeVcfs	Processed       180,000 records.  Elapsed time: 00:00:02s.  Time for last 10,000:    0s.  Last read position: LG24:8,966,462
INFO	2022-02-13 16:38:34	MergeVcfs	Processed       190,000 records.  Elapsed time: 00:00:03s.  Time for last 10,000:    0s.  Last read position: LG24:9,245,159
INFO	2022-02-13 16:38:34	MergeVcfs	Processed       200,000 records.  Elapsed time: 00:00:03s.  Time for last 10,000:    0s.  Last read position: LG24:9,464,980
INFO	2022-02-13 16:38:34	MergeVcfs	Processed       210,000 records.  Elapsed time: 00:00:03s.  Time for last 10,000:    0s.  Last read position: LG24:9,726,384
INFO	2022-02-13 16:38:34	MergeVcfs	Processed       220,000 records.  Elapsed time: 00:00:03s.  Time for last 10,000:    0s.  Last read position: LG24:10,281,301
INFO	2022-02-13 16:38:34	MergeVcfs	Processed       230,000 records.  Elapsed time: 00:00:03s.  Time for last 10,000:    0s.  Last read position: LG24:10,636,506
INFO	2022-02-13 16:38:34	MergeVcfs	Processed       240,000 records.  Elapsed time: 00:00:03s.  Time for last 10,000:    0s.  Last read position: LG24:11,130,414
INFO	2022-02-13 16:38:34	MergeVcfs	Processed       250,000 records.  Elapsed time: 00:00:03s.  Time for last 10,000:    0s.  Last read position: LG24:11,323,818
INFO	2022-02-13 16:38:35	MergeVcfs	Processed       260,000 records.  Elapsed time: 00:00:03s.  Time for last 10,000:    0s.  Last read position: LG24:11,528,161
INFO	2022-02-13 16:38:35	MergeVcfs	Processed       270,000 records.  Elapsed time: 00:00:04s.  Time for last 10,000:    0s.  Last read position: LG24:11,758,958
INFO	2022-02-13 16:38:35	MergeVcfs	Processed       280,000 records.  Elapsed time: 00:00:04s.  Time for last 10,000:    0s.  Last read position: LG24:12,008,373
INFO	2022-02-13 16:38:35	MergeVcfs	Processed       290,000 records.  Elapsed time: 00:00:04s.  Time for last 10,000:    0s.  Last read position: LG24:12,227,210
INFO	2022-02-13 16:38:35	MergeVcfs	Processed       300,000 records.  Elapsed time: 00:00:04s.  Time for last 10,000:    0s.  Last read position: LG24:12,482,219
INFO	2022-02-13 16:38:35	MergeVcfs	Processed       310,000 records.  Elapsed time: 00:00:04s.  Time for last 10,000:    0s.  Last read position: LG24:12,724,232
INFO	2022-02-13 16:38:35	MergeVcfs	Processed       320,000 records.  Elapsed time: 00:00:04s.  Time for last 10,000:    0s.  Last read position: LG24:12,948,623
INFO	2022-02-13 16:38:36	MergeVcfs	Processed       330,000 records.  Elapsed time: 00:00:04s.  Time for last 10,000:    0s.  Last read position: LG24:13,137,602
INFO	2022-02-13 16:38:36	MergeVcfs	Processed       340,000 records.  Elapsed time: 00:00:05s.  Time for last 10,000:    0s.  Last read position: LG24:13,387,719
INFO	2022-02-13 16:38:36	MergeVcfs	Processed       350,000 records.  Elapsed time: 00:00:05s.  Time for last 10,000:    0s.  Last read position: LG24:13,637,813
INFO	2022-02-13 16:38:36	MergeVcfs	Processed       360,000 records.  Elapsed time: 00:00:05s.  Time for last 10,000:    0s.  Last read position: LG25:228,459
INFO	2022-02-13 16:38:36	MergeVcfs	Processed       370,000 records.  Elapsed time: 00:00:05s.  Time for last 10,000:    0s.  Last read position: LG25:453,325
INFO	2022-02-13 16:38:36	MergeVcfs	Processed       380,000 records.  Elapsed time: 00:00:05s.  Time for last 10,000:    0s.  Last read position: LG25:784,214
INFO	2022-02-13 16:38:36	MergeVcfs	Processed       390,000 records.  Elapsed time: 00:00:05s.  Time for last 10,000:    0s.  Last read position: LG25:1,047,865
INFO	2022-02-13 16:38:36	MergeVcfs	Processed       400,000 records.  Elapsed time: 00:00:05s.  Time for last 10,000:    0s.  Last read position: LG25:1,255,023
INFO	2022-02-13 16:38:37	MergeVcfs	Processed       410,000 records.  Elapsed time: 00:00:06s.  Time for last 10,000:    0s.  Last read position: LG25:1,444,649
INFO	2022-02-13 16:38:37	MergeVcfs	Processed       420,000 records.  Elapsed time: 00:00:06s.  Time for last 10,000:    0s.  Last read position: LG25:1,615,346
INFO	2022-02-13 16:38:37	MergeVcfs	Processed       430,000 records.  Elapsed time: 00:00:06s.  Time for last 10,000:    0s.  Last read position: LG25:1,800,320
INFO	2022-02-13 16:38:37	MergeVcfs	Processed       440,000 records.  Elapsed time: 00:00:06s.  Time for last 10,000:    0s.  Last read position: LG25:1,973,250
INFO	2022-02-13 16:38:37	MergeVcfs	Processed       450,000 records.  Elapsed time: 00:00:06s.  Time for last 10,000:    0s.  Last read position: LG25:2,255,563
INFO	2022-02-13 16:38:37	MergeVcfs	Processed       460,000 records.  Elapsed time: 00:00:06s.  Time for last 10,000:    0s.  Last read position: LG25:2,478,551
INFO	2022-02-13 16:38:37	MergeVcfs	Processed       470,000 records.  Elapsed time: 00:00:06s.  Time for last 10,000:    0s.  Last read position: LG25:2,768,571
INFO	2022-02-13 16:38:38	MergeVcfs	Processed       480,000 records.  Elapsed time: 00:00:07s.  Time for last 10,000:    0s.  Last read position: LG25:2,956,859
INFO	2022-02-13 16:38:38	MergeVcfs	Processed       490,000 records.  Elapsed time: 00:00:07s.  Time for last 10,000:    0s.  Last read position: LG25:3,160,720
INFO	2022-02-13 16:38:38	MergeVcfs	Processed       500,000 records.  Elapsed time: 00:00:07s.  Time for last 10,000:    0s.  Last read position: LG25:3,381,902
INFO	2022-02-13 16:38:38	MergeVcfs	Processed       510,000 records.  Elapsed time: 00:00:07s.  Time for last 10,000:    0s.  Last read position: LG25:3,722,430
INFO	2022-02-13 16:38:38	MergeVcfs	Processed       520,000 records.  Elapsed time: 00:00:07s.  Time for last 10,000:    0s.  Last read position: LG25:3,935,600
INFO	2022-02-13 16:38:38	MergeVcfs	Processed       530,000 records.  Elapsed time: 00:00:07s.  Time for last 10,000:    0s.  Last read position: LG25:4,162,361
INFO	2022-02-13 16:38:38	MergeVcfs	Processed       540,000 records.  Elapsed time: 00:00:07s.  Time for last 10,000:    0s.  Last read position: LG25:4,491,299
INFO	2022-02-13 16:38:39	MergeVcfs	Processed       550,000 records.  Elapsed time: 00:00:07s.  Time for last 10,000:    0s.  Last read position: LG25:4,722,145
INFO	2022-02-13 16:38:39	MergeVcfs	Processed       560,000 records.  Elapsed time: 00:00:08s.  Time for last 10,000:    0s.  Last read position: LG25:4,971,474
INFO	2022-02-13 16:38:39	MergeVcfs	Processed       570,000 records.  Elapsed time: 00:00:08s.  Time for last 10,000:    0s.  Last read position: LG25:5,165,879
INFO	2022-02-13 16:38:39	MergeVcfs	Processed       580,000 records.  Elapsed time: 00:00:08s.  Time for last 10,000:    0s.  Last read position: LG25:5,350,684
INFO	2022-02-13 16:38:39	MergeVcfs	Processed       590,000 records.  Elapsed time: 00:00:08s.  Time for last 10,000:    0s.  Last read position: LG25:5,591,959
INFO	2022-02-13 16:38:39	MergeVcfs	Processed       600,000 records.  Elapsed time: 00:00:08s.  Time for last 10,000:    0s.  Last read position: LG25:5,904,540
INFO	2022-02-13 16:38:39	MergeVcfs	Processed       610,000 records.  Elapsed time: 00:00:08s.  Time for last 10,000:    0s.  Last read position: LG25:6,185,663
INFO	2022-02-13 16:38:40	MergeVcfs	Processed       620,000 records.  Elapsed time: 00:00:08s.  Time for last 10,000:    0s.  Last read position: LG25:6,340,035
INFO	2022-02-13 16:38:40	MergeVcfs	Processed       630,000 records.  Elapsed time: 00:00:09s.  Time for last 10,000:    0s.  Last read position: LG25:6,627,221
INFO	2022-02-13 16:38:40	MergeVcfs	Processed       640,000 records.  Elapsed time: 00:00:09s.  Time for last 10,000:    0s.  Last read position: LG25:6,922,096
INFO	2022-02-13 16:38:40	MergeVcfs	Processed       650,000 records.  Elapsed time: 00:00:09s.  Time for last 10,000:    0s.  Last read position: LG25:7,174,339
INFO	2022-02-13 16:38:40	MergeVcfs	Processed       660,000 records.  Elapsed time: 00:00:09s.  Time for last 10,000:    0s.  Last read position: LG25:7,413,153
INFO	2022-02-13 16:38:40	MergeVcfs	Processed       670,000 records.  Elapsed time: 00:00:09s.  Time for last 10,000:    0s.  Last read position: LG25:7,663,099
INFO	2022-02-13 16:38:40	MergeVcfs	Processed       680,000 records.  Elapsed time: 00:00:09s.  Time for last 10,000:    0s.  Last read position: LG25:7,941,359
INFO	2022-02-13 16:38:40	MergeVcfs	Processed       690,000 records.  Elapsed time: 00:00:09s.  Time for last 10,000:    0s.  Last read position: LG25:8,138,815
INFO	2022-02-13 16:38:41	MergeVcfs	Processed       700,000 records.  Elapsed time: 00:00:10s.  Time for last 10,000:    0s.  Last read position: LG25:8,393,346
INFO	2022-02-13 16:38:41	MergeVcfs	Processed       710,000 records.  Elapsed time: 00:00:10s.  Time for last 10,000:    0s.  Last read position: LG25:8,770,193
16:38:41.381 WARN  IntelInflater - Zero Bytes Written : 0
[Sun Feb 13 16:38:41 PST 2022] picard.vcf.MergeVcfs done. Elapsed time: 0.17 minutes.
Runtime.totalMemory()=3656908800
Tool returned:
0
