==========================================
SLURM_JOB_ID = 7188735
SLURM_JOB_NODELIST = b22-22
TMPDIR = /tmp/SLURM_7188735
==========================================
Using GATK jar /home1/mharden/.conda/envs/gatk4/share/gatk4-4.2.2.0-1/gatk-package-4.2.2.0-local.jar
Running:
    java -Dsamjdk.use_async_io_read_samtools=false -Dsamjdk.use_async_io_write_samtools=true -Dsamjdk.use_async_io_write_tribble=false -Dsamjdk.compression_level=2 -jar /home1/mharden/.conda/envs/gatk4/share/gatk4-4.2.2.0-1/gatk-package-4.2.2.0-local.jar GenotypeGVCFs -R Kr2015_Undaria.pinnatifida_superscaffolds.fasta --sequence-dictionary Kr2015_Undaria.pinnatifida_superscaffolds.dict -V gendb://0016-scattered.interval_list_data -O 0016-scattered.interval_list.vcf.gz
11:34:19.467 INFO  NativeLibraryLoader - Loading libgkl_compression.so from jar:file:/home1/mharden/.conda/envs/gatk4/share/gatk4-4.2.2.0-1/gatk-package-4.2.2.0-local.jar!/com/intel/gkl/native/libgkl_compression.so
Jan 21, 2022 11:34:19 AM shaded.cloud_nio.com.google.auth.oauth2.ComputeEngineCredentials runningOnComputeEngine
INFO: Failed to detect whether we are running on Google Compute Engine.
11:34:19.573 INFO  GenotypeGVCFs - ------------------------------------------------------------
11:34:19.574 INFO  GenotypeGVCFs - The Genome Analysis Toolkit (GATK) v4.2.2.0
11:34:19.574 INFO  GenotypeGVCFs - For support and documentation go to https://software.broadinstitute.org/gatk/
11:34:19.574 INFO  GenotypeGVCFs - Executing as mharden@b22-22.hpc.usc.edu on Linux v3.10.0-1062.4.1.el7.x86_64 amd64
11:34:19.574 INFO  GenotypeGVCFs - Java runtime: OpenJDK 64-Bit Server VM v1.8.0_302-b08
11:34:19.574 INFO  GenotypeGVCFs - Start Date/Time: January 21, 2022 11:34:19 AM PST
11:34:19.574 INFO  GenotypeGVCFs - ------------------------------------------------------------
11:34:19.574 INFO  GenotypeGVCFs - ------------------------------------------------------------
11:34:19.575 INFO  GenotypeGVCFs - HTSJDK Version: 2.24.1
11:34:19.575 INFO  GenotypeGVCFs - Picard Version: 2.25.4
11:34:19.575 INFO  GenotypeGVCFs - Built for Spark Version: 2.4.5
11:34:19.575 INFO  GenotypeGVCFs - HTSJDK Defaults.COMPRESSION_LEVEL : 2
11:34:19.575 INFO  GenotypeGVCFs - HTSJDK Defaults.USE_ASYNC_IO_READ_FOR_SAMTOOLS : false
11:34:19.575 INFO  GenotypeGVCFs - HTSJDK Defaults.USE_ASYNC_IO_WRITE_FOR_SAMTOOLS : true
11:34:19.575 INFO  GenotypeGVCFs - HTSJDK Defaults.USE_ASYNC_IO_WRITE_FOR_TRIBBLE : false
11:34:19.575 INFO  GenotypeGVCFs - Deflater: IntelDeflater
11:34:19.575 INFO  GenotypeGVCFs - Inflater: IntelInflater
11:34:19.575 INFO  GenotypeGVCFs - GCS max retries/reopens: 20
11:34:19.575 INFO  GenotypeGVCFs - Requester pays: disabled
11:34:19.575 INFO  GenotypeGVCFs - Initializing engine
11:34:20.108 INFO  GenomicsDBLibLoader - GenomicsDB native library version : 1.4.1-d59e886
11:34:20.390 info  NativeGenomicsDB - pid=101241 tid=101242 No valid combination operation found for INFO field InbreedingCoeff  - the field will NOT be part of INFO fields in the generated VCF records
11:34:20.390 info  NativeGenomicsDB - pid=101241 tid=101242 No valid combination operation found for INFO field MLEAC  - the field will NOT be part of INFO fields in the generated VCF records
11:34:20.390 info  NativeGenomicsDB - pid=101241 tid=101242 No valid combination operation found for INFO field MLEAF  - the field will NOT be part of INFO fields in the generated VCF records
11:34:20.585 INFO  GenotypeGVCFs - Done initializing engine
11:34:20.621 INFO  ProgressMeter - Starting traversal
11:34:20.621 INFO  ProgressMeter -        Current Locus  Elapsed Minutes    Variants Processed  Variants/Minute
11:35:41.657 INFO  ProgressMeter -         LG08:9002025              1.4                  1000            740.4
11:35:51.722 INFO  ProgressMeter -         LG08:9058227              1.5                 56000          36882.1
11:36:11.373 INFO  ProgressMeter -         LG08:9091357              1.8                 86000          46590.6
11:36:21.432 INFO  ProgressMeter -         LG08:9163512              2.0                145000          72013.3
11:37:02.690 INFO  ProgressMeter -         LG08:9216566              2.7                185000          68489.3
11:37:12.787 INFO  ProgressMeter -         LG08:9282787              2.9                245000          85382.7
11:37:32.281 INFO  ProgressMeter -         LG08:9309525              3.2                271000          84837.7
11:37:42.372 INFO  ProgressMeter -         LG08:9375676              3.4                333000          99033.5
11:38:22.821 INFO  ProgressMeter -         LG08:9402337              4.0                358000          88687.0
11:38:32.985 INFO  ProgressMeter -         LG08:9480821              4.2                425000         101044.5
11:38:54.670 INFO  ProgressMeter -         LG08:9553852              4.6                480000         105090.7
11:39:04.670 INFO  ProgressMeter -         LG08:9643434              4.7                549000         115965.9
11:39:44.597 INFO  ProgressMeter -         LG08:9689959              5.4                582000         107785.8
11:39:55.381 INFO  ProgressMeter -         LG08:9762767              5.6                649000         116322.1
11:40:18.125 INFO  ProgressMeter -         LG08:9799511              6.0                682000         114460.3
11:40:28.546 INFO  ProgressMeter -         LG08:9884317              6.1                751000         122470.6
11:41:08.635 INFO  ProgressMeter -         LG08:9913827              6.8                780000         114701.9
11:41:18.657 INFO  ProgressMeter -         LG08:9983535              7.0                848000         121712.0
11:41:39.726 INFO  ProgressMeter -        LG08:10006404              7.3                868000         118604.9
11:41:49.755 INFO  ProgressMeter -        LG08:10081852              7.5                930000         124239.1
11:42:30.131 INFO  ProgressMeter -        LG08:10127665              8.2                971000         119017.0
11:42:41.005 INFO  ProgressMeter -        LG08:10206599              8.3               1049000         125783.4
11:42:56.101 INFO  ProgressMeter -        LG08:10215618              8.6               1058000         123147.4
11:43:06.177 INFO  ProgressMeter -        LG08:10301563              8.8               1140000         130147.9
11:43:44.916 INFO  ProgressMeter -        LG08:10304566              9.4               1143000         121532.2
11:43:54.981 INFO  ProgressMeter -        LG08:10386329              9.6               1220000         127446.9
11:44:09.352 INFO  ProgressMeter -        LG08:10411264              9.8               1237000         126067.8
11:44:19.409 INFO  ProgressMeter -        LG08:10498486             10.0               1320000         132267.2
11:44:56.674 INFO  ProgressMeter -        LG08:10517692             10.6               1336000         126027.2
11:45:06.680 INFO  ProgressMeter -        LG08:10634583             10.8               1426000         132433.7
11:45:26.096 INFO  ProgressMeter -        LG08:10692474             11.1               1467000         132266.4
11:45:36.108 INFO  ProgressMeter -        LG08:10785365             11.3               1543000         137056.7
11:46:14.020 INFO  ProgressMeter -        LG08:10813629             11.9               1569000         131959.8
11:46:24.064 INFO  ProgressMeter -        LG08:10900288             12.1               1651000         136928.5
11:46:43.093 INFO  ProgressMeter -        LG08:10923316             12.4               1671000         135035.4
11:46:53.233 INFO  ProgressMeter -        LG08:11032525             12.5               1748000         139354.7
11:47:32.779 INFO  ProgressMeter -        LG08:11067437             13.2               1782000         134973.1
11:47:44.173 INFO  ProgressMeter -        LG08:11135032             13.4               1845000         137763.3
11:48:03.383 INFO  ProgressMeter -        LG08:11153054             13.7               1863000         135859.5
11:48:13.465 INFO  ProgressMeter -        LG08:11238648             13.9               1935000         139401.9
11:48:53.320 INFO  ProgressMeter -        LG08:11275666             14.5               1971000         135510.8
11:49:04.044 INFO  ProgressMeter -        LG08:11330359             14.7               2025000         137533.2
11:49:25.629 INFO  ProgressMeter -        LG08:11358603             15.1               2053000         136109.3
11:49:35.729 INFO  ProgressMeter -        LG08:11424215             15.3               2113000         138541.0
11:50:16.434 INFO  ProgressMeter -        LG08:11450626             15.9               2139000         134273.1
11:50:26.482 INFO  ProgressMeter -        LG08:11512420             16.1               2198000         136541.4
11:50:44.399 INFO  ProgressMeter -        LG08:11531449             16.4               2217000         135213.6
11:50:54.438 INFO  ProgressMeter -        LG08:11640940             16.6               2284000         137892.6
11:51:31.089 INFO  ProgressMeter -        LG08:11665018             17.2               2308000         134385.5
11:51:41.168 INFO  ProgressMeter -        LG08:11723788             17.3               2365000         136370.6
11:51:59.862 INFO  ProgressMeter -        LG08:11749043             17.7               2390000         135380.0
11:52:10.917 INFO  ProgressMeter -        LG08:11813674             17.8               2451000         137401.2
11:53:03.620 INFO  ProgressMeter -        LG08:11839324             18.7               2476000         132288.6
11:53:13.716 INFO  ProgressMeter -        LG08:11899895             18.9               2534000         134181.3
11:53:39.550 INFO  ProgressMeter -        LG08:11930876             19.3               2564000         132743.2
11:53:49.601 INFO  ProgressMeter -        LG08:11983318             19.5               2616000         134270.9
11:54:34.495 INFO  ProgressMeter -        LG08:12016073             20.2               2648000         130886.8
11:54:44.566 INFO  ProgressMeter -        LG08:12074070             20.4               2705000         132604.0
11:55:05.493 INFO  ProgressMeter -        LG08:12099676             20.7               2729000         131531.6
11:55:15.613 INFO  ProgressMeter -        LG08:12201281             20.9               2792000         133482.9
11:55:53.571 INFO  ProgressMeter -        LG08:12234074             21.5               2823000         131002.7
11:56:03.606 INFO  ProgressMeter -        LG08:12301496             21.7               2889000         133033.0
11:56:23.639 INFO  ProgressMeter -        LG08:12315513             22.1               2903000         131653.5
11:56:33.693 INFO  ProgressMeter -        LG08:12365708             22.2               2953000         132911.2
11:57:14.622 INFO  ProgressMeter -        LG08:12405112             22.9               2990000         130567.6
11:57:24.710 INFO  ProgressMeter -        LG08:12467652             23.1               3052000         132303.6
11:57:44.577 INFO  ProgressMeter -        LG08:12492666             23.4               3077000         131499.8
11:57:54.637 INFO  ProgressMeter -        LG08:12564903             23.6               3143000         133364.8
11:58:35.582 INFO  ProgressMeter -        LG08:12613036             24.2               3186000         131385.0
11:58:47.384 INFO  ProgressMeter -        LG08:12678862             24.4               3248000         132864.0
11:59:07.196 INFO  ProgressMeter -        LG08:12708306             24.8               3277000         132263.8
11:59:17.233 INFO  ProgressMeter -        LG08:12763959             24.9               3332000         133581.7
12:00:01.699 INFO  ProgressMeter -        LG08:12795239             25.7               3360000         130817.5
12:00:13.129 INFO  ProgressMeter -        LG08:12873236             25.9               3426000         132405.1
12:00:32.950 INFO  ProgressMeter -        LG08:12901110             26.2               3453000         131766.3
12:00:43.107 INFO  ProgressMeter -        LG08:12959389             26.4               3510000         133081.7
12:01:24.734 INFO  ProgressMeter -        LG08:12998699             27.1               3546000         131000.7
12:01:34.808 INFO  ProgressMeter -        LG08:13111555             27.2               3624000         133057.0
12:01:53.562 INFO  ProgressMeter -        LG08:13138857             27.5               3650000         132491.1
12:02:03.637 INFO  ProgressMeter -        LG08:13197160             27.7               3707000         133745.0
12:02:46.573 INFO  ProgressMeter -        LG08:13224893             28.4               3734000         131328.4
12:02:57.632 INFO  ProgressMeter -        LG08:13327851             28.6               3815000         133313.1
12:03:18.739 INFO  ProgressMeter -        LG08:13355095             29.0               3842000         132626.2
12:03:29.905 INFO  ProgressMeter -        LG08:13419444             29.2               3904000         133906.2
12:04:12.072 INFO  ProgressMeter -        LG08:13480164             29.9               3942000         132027.1
12:04:22.082 INFO  ProgressMeter -        LG08:13546547             30.0               4001000         133258.5
12:04:44.847 INFO  ProgressMeter -        LG08:13574238             30.4               4028000         132483.6
12:04:55.557 INFO  ProgressMeter -        LG08:13679583             30.6               4097000         133966.5
12:05:38.182 INFO  ProgressMeter -        LG08:13761458             31.3               4160000         132938.4
12:05:48.246 INFO  ProgressMeter -        LG08:13881421             31.5               4248000         135026.8
12:06:13.878 INFO  ProgressMeter -        LG08:13920855             31.9               4285000         134378.2
12:06:23.953 INFO  ProgressMeter -        LG08:13977392             32.1               4340000         135390.0
12:07:07.852 INFO  ProgressMeter -        LG08:14042857             32.8               4390000         133893.8
12:07:19.081 INFO  ProgressMeter -        LG08:14182748             33.0               4477000         135772.3
12:07:42.597 INFO  ProgressMeter -        LG08:14216008             33.4               4508000         135106.6
12:07:52.666 INFO  ProgressMeter -        LG08:14293835             33.5               4581000         136607.3
12:08:36.577 INFO  ProgressMeter -        LG08:14335696             34.3               4611000         134565.1
12:08:47.100 INFO  ProgressMeter -        LG08:14403546             34.4               4671000         135622.0
12:09:10.830 INFO  ProgressMeter -        LG08:14436728             34.8               4701000         134943.4
12:09:20.912 INFO  ProgressMeter -        LG08:14499078             35.0               4763000         136066.9
12:10:01.261 INFO  ProgressMeter -        LG08:14519510             35.7               4783000         134062.7
12:10:11.271 INFO  ProgressMeter -        LG08:14577214             35.8               4840000         135028.9
12:10:33.887 INFO  ProgressMeter -        LG08:14602098             36.2               4864000         134286.4
12:10:43.913 INFO  ProgressMeter -        LG08:14669727             36.4               4929000         135456.0
12:11:28.695 INFO  ProgressMeter -        LG08:14712689             37.1               4959000         133541.3
12:11:38.754 INFO  ProgressMeter -        LG08:14792756             37.3               5025000         134710.5
12:11:56.708 INFO  ProgressMeter -        LG08:14818447             37.6               5050000         134303.3
12:12:06.767 INFO  ProgressMeter -        LG08:14915490             37.8               5133000         135904.7
12:12:26.523 INFO  ProgressMeter -        LG08:14943424             38.1               5158000         135386.4
12:13:57.852 INFO  ProgressMeter -              LG09:65             39.6               5220000         131749.9
12:14:08.226 INFO  ProgressMeter -           LG09:81187             39.8               5288000         132886.3
12:14:26.815 INFO  ProgressMeter -          LG09:113649             40.1               5320000         132657.6
12:14:36.829 INFO  ProgressMeter -          LG09:185691             40.3               5388000         133796.4
12:15:14.940 INFO  ProgressMeter -          LG09:203718             40.9               5406000         132158.9
12:15:25.008 INFO  ProgressMeter -          LG09:303915             41.1               5481000         133445.0
12:15:43.702 INFO  ProgressMeter -          LG09:325923             41.4               5503000         132971.9
12:15:53.769 INFO  ProgressMeter -          LG09:391907             41.6               5564000         133903.0
12:16:36.950 INFO  ProgressMeter -          LG09:425932             42.3               5596000         132380.3
12:16:46.989 INFO  ProgressMeter -          LG09:490147             42.4               5659000         133342.9
12:17:06.192 INFO  ProgressMeter -          LG09:514577             42.8               5683000         132906.1
12:17:16.218 INFO  ProgressMeter -          LG09:590976             42.9               5751000         133972.8
12:17:55.169 INFO  ProgressMeter -          LG09:613097             43.6               5772000         132458.8
12:18:05.272 INFO  ProgressMeter -          LG09:705736             43.7               5845000         133617.8
12:18:25.777 INFO  ProgressMeter -          LG09:737860             44.1               5877000         133307.8
12:18:35.980 INFO  ProgressMeter -          LG09:799347             44.3               5937000         134151.4
12:19:16.225 INFO  ProgressMeter -          LG09:842363             44.9               5974000         132972.1
12:19:26.320 INFO  ProgressMeter -          LG09:917337             45.1               6044000         134028.2
12:19:45.277 INFO  ProgressMeter -          LG09:946082             45.4               6072000         133712.3
12:19:55.361 INFO  ProgressMeter -         LG09:1005453             45.6               6131000         134513.7
12:20:37.755 INFO  ProgressMeter -         LG09:1033388             46.3               6157000         133022.0
12:20:47.809 INFO  ProgressMeter -         LG09:1143075             46.5               6235000         134221.3
12:21:07.530 INFO  ProgressMeter -         LG09:1167110             46.8               6259000         133791.3
12:21:17.559 INFO  ProgressMeter -         LG09:1238869             46.9               6325000         134720.7
12:21:57.012 INFO  ProgressMeter -         LG09:1261226             47.6               6347000         133322.1
12:22:07.089 INFO  ProgressMeter -         LG09:1338848             47.8               6424000         134465.1
12:22:24.225 INFO  ProgressMeter -         LG09:1349894             48.1               6435000         133894.9
12:22:34.229 INFO  ProgressMeter -         LG09:1433937             48.2               6514000         135070.1
12:23:12.850 INFO  ProgressMeter -         LG09:1447945             48.9               6528000         133577.6
12:23:23.526 INFO  ProgressMeter -         LG09:1538813             49.0               6609000         134744.5
12:23:41.491 INFO  ProgressMeter -         LG09:1557029             49.3               6622000         134190.3
12:23:51.534 INFO  ProgressMeter -         LG09:1629141             49.5               6693000         135170.6
12:24:37.603 INFO  ProgressMeter -         LG09:1652663             50.3               6716000         133563.9
12:24:48.235 INFO  ProgressMeter -         LG09:1747827             50.5               6793000         134620.9
12:25:15.048 INFO  ProgressMeter -         LG09:1776564             50.9               6821000         133989.1
12:25:28.824 INFO  ProgressMeter -         LG09:1814813             51.1               6859000         134130.6
12:26:16.671 INFO  ProgressMeter -         LG09:1856994             51.9               6901000         132879.8
12:26:27.226 INFO  ProgressMeter -         LG09:1919242             52.1               6963000         133621.0
12:26:47.605 INFO  ProgressMeter -         LG09:1974700             52.4               6997000         133403.9
12:26:57.663 INFO  ProgressMeter -         LG09:2045898             52.6               7065000         134271.3
12:27:46.909 INFO  ProgressMeter -         LG09:2076016             53.4               7095000         132770.4
12:27:57.068 INFO  ProgressMeter -         LG09:2162062             53.6               7168000         133712.8
12:28:19.810 INFO  ProgressMeter -         LG09:2193877             54.0               7199000         133348.2
12:28:29.815 INFO  ProgressMeter -         LG09:2256269             54.2               7257000         134008.6
12:29:14.892 INFO  ProgressMeter -         LG09:2282505             54.9               7283000         132648.5
12:29:24.953 INFO  ProgressMeter -         LG09:2348485             55.1               7346000         133388.6
12:29:44.905 INFO  ProgressMeter -         LG09:2372530             55.4               7369000         133003.1
12:29:54.918 INFO  ProgressMeter -         LG09:2483121             55.6               7447000         134007.3
12:30:40.510 INFO  ProgressMeter -         LG09:2523601             56.3               7487000         132909.7
12:30:51.004 INFO  ProgressMeter -         LG09:2582298             56.5               7544000         133507.0
12:31:14.898 INFO  ProgressMeter -         LG09:2610646             56.9               7572000         133064.8
12:31:24.917 INFO  ProgressMeter -         LG09:2680361             57.1               7636000         133796.8
12:32:10.400 INFO  ProgressMeter -         LG09:2743158             57.8               7686000         132907.6
12:32:20.461 INFO  ProgressMeter -         LG09:2797863             58.0               7740000         133454.4
12:32:43.233 INFO  ProgressMeter -         LG09:2827130             58.4               7768000         133066.4
12:32:53.298 INFO  ProgressMeter -         LG09:2887327             58.5               7821000         133590.4
12:33:43.913 INFO  ProgressMeter -         LG09:2931600             59.4               7858000         132315.8
12:33:53.964 INFO  ProgressMeter -         LG09:2986787             59.6               7912000         132850.4
12:34:16.726 INFO  ProgressMeter -         LG09:3011244             59.9               7936000         132409.9
12:34:26.757 INFO  ProgressMeter -         LG09:3075915             60.1               8000000         133106.5
12:35:05.064 INFO  ProgressMeter -         LG09:3099747             60.7               8021000         132053.1
12:35:15.064 INFO  ProgressMeter -         LG09:3166399             60.9               8084000         132726.1
12:35:38.562 INFO  ProgressMeter -         LG09:3225251             61.3               8125000         132547.0
12:35:48.615 INFO  ProgressMeter -         LG09:3389083             61.5               8211000         133584.8
12:36:33.508 INFO  ProgressMeter -         LG09:3441279             62.2               8258000         132733.7
12:36:44.136 INFO  ProgressMeter -         LG09:3544456             62.4               8332000         133542.9
12:37:05.179 INFO  ProgressMeter -         LG09:3583775             62.7               8367000         133354.3
12:37:15.239 INFO  ProgressMeter -         LG09:3652654             62.9               8434000         134063.9
12:37:52.662 INFO  ProgressMeter -         LG09:3669736             63.5               8451000         133015.4
12:38:02.931 INFO  ProgressMeter -         LG09:3726546             63.7               8507000         133537.0
12:38:22.973 INFO  ProgressMeter -         LG09:3750734             64.0               8531000         133215.3
12:38:32.976 INFO  ProgressMeter -         LG09:3842989             64.2               8590000         133788.3
12:39:14.783 INFO  ProgressMeter -         LG09:3883443             64.9               8630000         132968.3
12:39:25.100 INFO  ProgressMeter -         LG09:3948696             65.1               8691000         133554.3
12:39:47.593 INFO  ProgressMeter -         LG09:3984382             65.4               8722000         133263.0
12:39:57.593 INFO  ProgressMeter -         LG09:4058760             65.6               8787000         133915.1
12:40:35.883 INFO  ProgressMeter -         LG09:4083339             66.3               8811000         132987.5
12:40:45.984 INFO  ProgressMeter -         LG09:4153072             66.4               8873000         133583.8
12:41:05.404 INFO  ProgressMeter -         LG09:4192994             66.7               8903000         133385.5
12:41:15.469 INFO  ProgressMeter -         LG09:4273889             66.9               8967000         134007.6
12:41:58.226 INFO  ProgressMeter -         LG09:4296568             67.6               8988000         132906.0
12:42:08.319 INFO  ProgressMeter -         LG09:4359018             67.8               9048000         133461.2
12:42:26.817 INFO  ProgressMeter -         LG09:4388265             68.1               9075000         133253.5
12:42:36.858 INFO  ProgressMeter -         LG09:4481897             68.3               9148000         133996.2
12:43:18.629 INFO  ProgressMeter -         LG09:4513006             69.0               9179000         133093.0
12:43:29.254 INFO  ProgressMeter -         LG09:4614415             69.1               9251000         133793.5
12:43:50.970 INFO  ProgressMeter -         LG09:4640742             69.5               9277000         133470.8
12:44:00.988 INFO  ProgressMeter -         LG09:4702851             69.7               9336000         133997.8
12:44:42.110 INFO  ProgressMeter -         LG09:4736850             70.4               9363000         133076.3
12:44:52.186 INFO  ProgressMeter -         LG09:4812024             70.5               9431000         133723.6
12:45:12.177 INFO  ProgressMeter -         LG09:4831246             70.9               9450000         133362.9
12:45:22.178 INFO  ProgressMeter -         LG09:4900285             71.0               9516000         133979.2
12:45:57.695 INFO  ProgressMeter -         LG09:4919852             71.6               9535000         133137.1
12:46:08.985 INFO  ProgressMeter -         LG09:4993517             71.8               9607000         133790.9
12:46:26.882 INFO  ProgressMeter -         LG09:5003563             72.1               9617000         133376.1
12:46:36.909 INFO  ProgressMeter -         LG09:5075337             72.3               9685000         134008.6
12:47:13.691 INFO  ProgressMeter -         LG09:5090397             72.9               9700000         133087.3
12:47:24.546 INFO  ProgressMeter -         LG09:5159570             73.1               9768000         133688.4
12:47:42.180 INFO  ProgressMeter -         LG09:5173884             73.4               9782000         133343.7
12:47:52.245 INFO  ProgressMeter -         LG09:5248445             73.5               9854000         134018.7
12:48:28.456 INFO  ProgressMeter -         LG09:5260534             74.1               9866000         133089.5
12:48:38.543 INFO  ProgressMeter -         LG09:5326331             74.3               9931000         133663.2
12:48:56.510 INFO  ProgressMeter -         LG09:5344479             74.6               9949000         133367.9
12:49:06.588 INFO  ProgressMeter -         LG09:5413749             74.8              10017000         133977.8
12:49:41.108 INFO  ProgressMeter -         LG09:5451994             75.3              10038000         133233.4
12:49:51.165 INFO  ProgressMeter -         LG09:5520198             75.5              10097000         133719.0
12:50:10.468 INFO  ProgressMeter -         LG09:5548694             75.8              10125000         133521.0
12:50:20.575 INFO  ProgressMeter -         LG09:5619487             76.0              10192000         134106.6
12:50:59.439 INFO  ProgressMeter -         LG09:5676888             76.6              10222000         133364.7
12:51:09.449 INFO  ProgressMeter -         LG09:5799928             76.8              10317000         134311.8
12:51:33.184 INFO  ProgressMeter -         LG09:5896309             77.2              10369000         134297.1
12:51:43.258 INFO  ProgressMeter -         LG09:5964539             77.4              10437000         134884.5
12:52:24.837 INFO  ProgressMeter -         LG09:5976778             78.1              10449000         133841.0
12:52:34.928 INFO  ProgressMeter -         LG09:6042413             78.2              10513000         134371.3
12:52:53.110 INFO  ProgressMeter -         LG09:6061453             78.5              10532000         134094.7
12:53:03.128 INFO  ProgressMeter -         LG09:6126360             78.7              10594000         134598.0
12:53:44.581 INFO  ProgressMeter -         LG09:6153477             79.4              10621000         133766.9
12:53:54.635 INFO  ProgressMeter -         LG09:6216022             79.6              10681000         134239.2
12:54:13.240 INFO  ProgressMeter -         LG09:6236042             79.9              10701000         133968.5
12:54:24.104 INFO  ProgressMeter -         LG09:6296503             80.1              10759000         134390.0
12:54:59.900 INFO  ProgressMeter -         LG09:6329262             80.7              10789000         133767.9
12:55:09.910 INFO  ProgressMeter -         LG09:6399991             80.8              10856000         134320.7
12:55:28.987 INFO  ProgressMeter -         LG09:6415076             81.1              10871000         133979.2
12:55:38.994 INFO  ProgressMeter -         LG09:6492917             81.3              10945000         134614.6
12:56:13.454 INFO  ProgressMeter -         LG09:6501754             81.9              10953000         133768.0
12:56:23.484 INFO  ProgressMeter -         LG09:6571040             82.0              11021000         134324.3
12:56:41.676 INFO  ProgressMeter -         LG09:6589141             82.4              11039000         134048.3
12:56:51.723 INFO  ProgressMeter -         LG09:6657914             82.5              11107000         134600.3
12:57:28.038 INFO  ProgressMeter -         LG09:6675146             83.1              11124000         133824.8
12:57:38.045 INFO  ProgressMeter -         LG09:6743713             83.3              11189000         134337.2
12:57:56.602 INFO  ProgressMeter -         LG09:6761838             83.6              11207000         134055.5
12:58:06.663 INFO  ProgressMeter -         LG09:6827983             83.8              11271000         134551.2
12:59:00.864 INFO  ProgressMeter -         LG09:6850159             84.7              11293000         133375.5
12:59:11.165 INFO  ProgressMeter -         LG09:6921215             84.8              11362000         133918.9
12:59:27.926 INFO  ProgressMeter -         LG09:6940514             85.1              11381000         133702.6
12:59:37.988 INFO  ProgressMeter -         LG09:7031764             85.3              11464000         134412.9
13:00:12.093 INFO  ProgressMeter -         LG09:7040771             85.9              11473000         133627.8
13:00:22.179 INFO  ProgressMeter -         LG09:7116279             86.0              11541000         134157.2
13:00:40.936 INFO  ProgressMeter -         LG09:7140003             86.3              11563000         133926.2
13:00:51.003 INFO  ProgressMeter -         LG09:7208993             86.5              11631000         134452.5
13:01:31.517 INFO  ProgressMeter -         LG09:7225291             87.2              11647000         133594.7
13:01:41.926 INFO  ProgressMeter -         LG09:7285063             87.4              11703000         133970.5
13:02:01.552 INFO  ProgressMeter -         LG09:7311035             87.7              11728000         133755.8
13:02:11.656 INFO  ProgressMeter -         LG09:7428087             87.9              11800000         134319.0
13:02:56.569 INFO  ProgressMeter -         LG09:7475222             88.6              11840000         133635.6
13:03:06.578 INFO  ProgressMeter -         LG09:7543539             88.8              11906000         134128.0
13:03:26.589 INFO  ProgressMeter -         LG09:7561868             89.1              11924000         133828.0
13:03:36.646 INFO  ProgressMeter -         LG09:7707907             89.3              12015000         134596.1
13:04:21.474 INFO  ProgressMeter -         LG09:7784837             90.0              12064000         134023.3
13:04:31.485 INFO  ProgressMeter -         LG09:7851390             90.2              12130000         134507.2
13:04:52.084 INFO  ProgressMeter -         LG09:7909342             90.5              12169000         134427.9
13:05:02.168 INFO  ProgressMeter -         LG09:8019755             90.7              12248000         135049.8
13:05:50.001 INFO  ProgressMeter -         LG09:8119203             91.5              12312000         134572.6
13:06:00.084 INFO  ProgressMeter -         LG09:8212352             91.7              12390000         135176.8
13:06:17.583 INFO  ProgressMeter -         LG09:8225396             91.9              12403000         134889.5
13:06:28.902 INFO  ProgressMeter -         LG09:8299317             92.1              12469000         135329.6
13:07:05.259 INFO  ProgressMeter -         LG09:8318132             92.7              12487000         134639.5
13:07:15.262 INFO  ProgressMeter -         LG09:8381328             92.9              12549000         135065.2
13:07:32.200 INFO  ProgressMeter -         LG09:8409568             93.2              12573000         134913.6
13:07:43.110 INFO  ProgressMeter -         LG09:8470912             93.4              12632000         135282.7
13:08:22.162 INFO  ProgressMeter -         LG09:8494419             94.0              12655000         134590.9
13:08:32.225 INFO  ProgressMeter -         LG09:8593392             94.2              12727000         135115.6
13:08:52.500 INFO  ProgressMeter -         LG09:8614720             94.5              12748000         134854.8
13:09:02.563 INFO  ProgressMeter -         LG09:8674210             94.7              12806000         135228.4
13:09:44.000 INFO  ProgressMeter -         LG09:8701864             95.4              12833000         134532.4
13:09:54.089 INFO  ProgressMeter -         LG09:8767557             95.6              12897000         134965.4
13:10:13.702 INFO  ProgressMeter -         LG09:8790702             95.9              12918000         134724.3
13:10:23.813 INFO  ProgressMeter -         LG09:8858562             96.1              12975000         135081.4
13:11:06.253 INFO  ProgressMeter -         LG09:9030459             96.8              13062000         134993.1
13:11:16.270 INFO  ProgressMeter -         LG09:9119806             96.9              13131000         135472.4
13:11:35.244 INFO  ProgressMeter -         LG09:9136998             97.2              13148000         135206.7
13:11:45.294 INFO  ProgressMeter -         LG09:9197206             97.4              13208000         135590.1
13:12:24.940 INFO  ProgressMeter -         LG09:9218760             98.1              13229000         134890.7
13:12:34.996 INFO  ProgressMeter -         LG09:9382753             98.2              13321000         135597.1
13:13:02.166 INFO  ProgressMeter -         LG09:9467470             98.7              13387000         135643.7
13:13:12.186 INFO  ProgressMeter -         LG09:9541985             98.9              13448000         136031.6
13:13:47.822 INFO  ProgressMeter -         LG09:9567615             99.5              13472000         135460.5
13:13:58.197 INFO  ProgressMeter -         LG09:9679873             99.6              13542000         135928.0
13:14:21.434 INFO  ProgressMeter -         LG09:9743557            100.0              13584000         135821.6
13:14:31.529 INFO  ProgressMeter -         LG09:9805431            100.2              13645000         136202.4
13:15:07.611 INFO  ProgressMeter -         LG09:9831817            100.8              13669000         135627.8
13:15:17.621 INFO  ProgressMeter -         LG09:9906464            101.0              13739000         136097.1
13:15:35.290 INFO  ProgressMeter -         LG09:9919553            101.2              13752000         135829.6
13:15:45.354 INFO  ProgressMeter -        LG09:10007420            101.4              13823000         136305.1
13:16:21.597 INFO  ProgressMeter -        LG09:10033125            102.0              13848000         135743.1
13:16:31.630 INFO  ProgressMeter -        LG09:10109157            102.2              13920000         136225.5
13:16:48.004 INFO  ProgressMeter -        LG09:10129017            102.5              13939000         136048.1
13:16:58.364 INFO  ProgressMeter -        LG09:10196445            102.6              14004000         136452.6
13:17:37.186 INFO  ProgressMeter -        LG09:10219585            103.3              14026000         135810.7
13:17:47.229 INFO  ProgressMeter -        LG09:10281237            103.4              14087000         136180.7
13:18:08.909 INFO  ProgressMeter -        LG09:10306144            103.8              14111000         135937.8
13:18:20.182 INFO  ProgressMeter -        LG09:10366851            104.0              14171000         136269.2
13:19:05.999 INFO  ProgressMeter -        LG09:10393885            104.8              14197000         135524.1
13:19:16.045 INFO  ProgressMeter -        LG09:10460989            104.9              14257000         135879.6
13:19:41.156 INFO  ProgressMeter -        LG09:10486224            105.3              14282000         135577.1
13:19:53.079 INFO  ProgressMeter -        LG09:10543362            105.5              14338000         135852.5
13:20:43.798 INFO  ProgressMeter -        LG09:10573424            106.4              14367000         135045.6
13:20:53.810 INFO  ProgressMeter -        LG09:10640659            106.6              14434000         135462.9
13:21:13.979 INFO  ProgressMeter -        LG09:10654694            106.9              14448000         135167.9
13:21:23.987 INFO  ProgressMeter -        LG09:10724468            107.1              14517000         135601.8
13:21:59.195 INFO  ProgressMeter -        LG09:10740476            107.6              14533000         135011.2
13:22:10.046 INFO  ProgressMeter -        LG09:10814021            107.8              14604000         135443.3
13:22:28.739 INFO  ProgressMeter -        LG09:10826036            108.1              14616000         135164.0
13:22:38.813 INFO  ProgressMeter -        LG09:10892153            108.3              14682000         135563.9
13:23:13.261 INFO  ProgressMeter -        LG09:10909332            108.9              14699000         135005.1
13:23:23.331 INFO  ProgressMeter -        LG09:10954517            109.0              14743000         135200.9
13:23:47.819 INFO  ProgressMeter -        LG09:10994779            109.5              14783000         135062.2
13:23:57.861 INFO  ProgressMeter -        LG09:11054410            109.6              14842000         135394.2
13:24:37.384 INFO  ProgressMeter -        LG09:11079005            110.3              14865000         134794.0
13:24:47.572 INFO  ProgressMeter -        LG09:11143475            110.4              14926000         135139.1
13:25:07.659 INFO  ProgressMeter -        LG09:11304077            110.8              14974000         135164.0
13:25:17.699 INFO  ProgressMeter -        LG09:11368391            111.0              15034000         135500.9
13:25:54.166 INFO  ProgressMeter -        LG09:11389671            111.6              15055000         134950.9
13:26:04.231 INFO  ProgressMeter -        LG09:11462600            111.7              15124000         135365.9
13:26:23.074 INFO  ProgressMeter -        LG09:11483324            112.0              15142000         135147.1
13:26:33.150 INFO  ProgressMeter -        LG09:11584937            112.2              15204000         135497.4
13:27:11.479 INFO  ProgressMeter -        LG09:11622923            112.8              15238000         135031.6
13:27:21.515 INFO  ProgressMeter -        LG09:11716805            113.0              15320000         135557.3
13:27:38.387 INFO  ProgressMeter -        LG09:11743356            113.3              15341000         135406.2
13:27:48.428 INFO  ProgressMeter -        LG09:11811997            113.5              15407000         135788.2
13:28:28.205 INFO  ProgressMeter -        LG09:11831185            114.1              15426000         135165.9
13:28:38.272 INFO  ProgressMeter -        LG09:11907995            114.3              15497000         135588.7
13:28:58.363 INFO  ProgressMeter -        LG09:11987237            114.6              15531000         135489.2
13:29:08.395 INFO  ProgressMeter -        LG09:12091374            114.8              15608000         135962.6
13:29:53.015 INFO  ProgressMeter -        LG09:12239563            115.5              15693000         135823.2
13:30:03.063 INFO  ProgressMeter -        LG09:12357208            115.7              15782000         136395.8
13:30:23.483 INFO  ProgressMeter -        LG09:12428525            116.0              15828000         136392.2
13:30:33.517 INFO  ProgressMeter -        LG09:12569242            116.2              15916000         136953.1
13:31:12.395 INFO  ProgressMeter -        LG09:12634903            116.9              15969000         136647.3
13:31:24.844 INFO  ProgressMeter -        LG09:12737764            117.1              16060000         137182.4
13:31:53.154 INFO  ProgressMeter -        LG09:12793160            117.5              16107000         137031.6
13:32:03.216 INFO  ProgressMeter -        LG09:12880968            117.7              16178000         137439.6
13:33:19.896 INFO  ProgressMeter -            LG10:1100            119.0              16219000         136308.0
13:33:29.947 INFO  ProgressMeter -          LG10:100659            119.2              16290000         136712.2
13:33:45.788 INFO  ProgressMeter -          LG10:144729            119.4              16318000         136644.4
13:33:55.792 INFO  ProgressMeter -          LG10:216081            119.6              16389000         137047.6
GENOMICSDB_TIMER,GenomicsDB iterator next() timer,Wall-clock time(s),5855.361847674591,Cpu time(s),1092.1296852128442
13:34:05.278 INFO  ProgressMeter -          LG10:252235            119.7              16425687         137173.0
13:34:05.278 INFO  ProgressMeter - Traversal complete. Processed 16425687 total variants in 119.7 minutes.
13:34:05.291 INFO  GenotypeGVCFs - Shutting down engine
[January 21, 2022 1:34:05 PM PST] org.broadinstitute.hellbender.tools.walkers.GenotypeGVCFs done. Elapsed time: 119.76 minutes.
Runtime.totalMemory()=1421344768
