==========================================
SLURM_JOB_ID = 7264102
SLURM_JOB_NODELIST = b22-28
TMPDIR = /tmp/SLURM_7264102
==========================================
Using GATK jar /home1/mharden/.conda/envs/gatk4/share/gatk4-4.2.2.0-1/gatk-package-4.2.2.0-local.jar
Running:
    java -Dsamjdk.use_async_io_read_samtools=false -Dsamjdk.use_async_io_write_samtools=true -Dsamjdk.use_async_io_write_tribble=false -Dsamjdk.compression_level=2 -jar /home1/mharden/.conda/envs/gatk4/share/gatk4-4.2.2.0-1/gatk-package-4.2.2.0-local.jar SortVcf -I 0028-scattered.interval_list.vcf.gz -O 0028-scattered.interval_list.sorted.vcf.gz
18:45:48.015 INFO  NativeLibraryLoader - Loading libgkl_compression.so from jar:file:/home1/mharden/.conda/envs/gatk4/share/gatk4-4.2.2.0-1/gatk-package-4.2.2.0-local.jar!/com/intel/gkl/native/libgkl_compression.so
[Mon Jan 31 18:45:48 PST 2022] SortVcf --INPUT 0028-scattered.interval_list.vcf.gz --OUTPUT 0028-scattered.interval_list.sorted.vcf.gz --VERBOSITY INFO --QUIET false --VALIDATION_STRINGENCY STRICT --COMPRESSION_LEVEL 2 --MAX_RECORDS_IN_RAM 500000 --CREATE_INDEX true --CREATE_MD5_FILE false --GA4GH_CLIENT_SECRETS client_secrets.json --help false --version false --showHidden false --USE_JDK_DEFLATER false --USE_JDK_INFLATER false
Jan 31, 2022 6:45:48 PM shaded.cloud_nio.com.google.auth.oauth2.ComputeEngineCredentials runningOnComputeEngine
INFO: Failed to detect whether we are running on Google Compute Engine.
[Mon Jan 31 18:45:48 PST 2022] Executing as mharden@b22-28.hpc.usc.edu on Linux 3.10.0-1062.4.1.el7.x86_64 amd64; OpenJDK 64-Bit Server VM 1.8.0_302-b08; Deflater: Intel; Inflater: Intel; Provider GCS is available; Picard version: Version:4.2.2.0
INFO	2022-01-31 18:45:48	SortVcf	Reading entries from input file 1
INFO	2022-01-31 18:45:49	SortVcf	read        25,000 records.  Elapsed time: 00:00:01s.  Time for last 25,000:    1s.  Last read position: LG23:1,125,973
INFO	2022-01-31 18:45:49	SortVcf	read        50,000 records.  Elapsed time: 00:00:01s.  Time for last 25,000:    0s.  Last read position: LG23:1,624,626
INFO	2022-01-31 18:45:49	SortVcf	read        75,000 records.  Elapsed time: 00:00:01s.  Time for last 25,000:    0s.  Last read position: LG23:2,224,699
INFO	2022-01-31 18:45:50	SortVcf	read       100,000 records.  Elapsed time: 00:00:02s.  Time for last 25,000:    0s.  Last read position: LG23:2,926,705
INFO	2022-01-31 18:45:50	SortVcf	read       125,000 records.  Elapsed time: 00:00:02s.  Time for last 25,000:    0s.  Last read position: LG23:3,594,517
INFO	2022-01-31 18:45:51	SortVcf	read       150,000 records.  Elapsed time: 00:00:02s.  Time for last 25,000:    0s.  Last read position: LG23:4,236,440
INFO	2022-01-31 18:45:51	SortVcf	read       175,000 records.  Elapsed time: 00:00:03s.  Time for last 25,000:    0s.  Last read position: LG23:5,032,426
INFO	2022-01-31 18:45:51	SortVcf	read       200,000 records.  Elapsed time: 00:00:03s.  Time for last 25,000:    0s.  Last read position: LG23:5,866,789
INFO	2022-01-31 18:45:52	SortVcf	read       225,000 records.  Elapsed time: 00:00:03s.  Time for last 25,000:    0s.  Last read position: LG23:6,443,405
INFO	2022-01-31 18:45:52	SortVcf	read       250,000 records.  Elapsed time: 00:00:04s.  Time for last 25,000:    0s.  Last read position: LG23:7,059,345
INFO	2022-01-31 18:45:52	SortVcf	read       275,000 records.  Elapsed time: 00:00:04s.  Time for last 25,000:    0s.  Last read position: LG23:7,995,855
INFO	2022-01-31 18:45:52	SortVcf	read       300,000 records.  Elapsed time: 00:00:04s.  Time for last 25,000:    0s.  Last read position: LG23:8,731,043
INFO	2022-01-31 18:45:54	SortVcf	read       325,000 records.  Elapsed time: 00:00:06s.  Time for last 25,000:    1s.  Last read position: LG23:9,527,636
INFO	2022-01-31 18:45:54	SortVcf	read       350,000 records.  Elapsed time: 00:00:06s.  Time for last 25,000:    0s.  Last read position: LG23:10,267,315
INFO	2022-01-31 18:45:55	SortVcf	read       375,000 records.  Elapsed time: 00:00:06s.  Time for last 25,000:    0s.  Last read position: LG23:10,809,347
INFO	2022-01-31 18:45:55	SortVcf	read       400,000 records.  Elapsed time: 00:00:07s.  Time for last 25,000:    0s.  Last read position: LG23:11,349,136
INFO	2022-01-31 18:45:55	SortVcf	read       425,000 records.  Elapsed time: 00:00:07s.  Time for last 25,000:    0s.  Last read position: LG23:11,918,816
INFO	2022-01-31 18:45:56	SortVcf	read       450,000 records.  Elapsed time: 00:00:07s.  Time for last 25,000:    0s.  Last read position: LG23:12,524,709
INFO	2022-01-31 18:45:56	SortVcf	read       475,000 records.  Elapsed time: 00:00:08s.  Time for last 25,000:    0s.  Last read position: LG23:13,083,233
INFO	2022-01-31 18:45:57	SortVcf	read       500,000 records.  Elapsed time: 00:00:09s.  Time for last 25,000:    0s.  Last read position: LG23:13,595,376
INFO	2022-01-31 18:46:03	SortVcf	read       525,000 records.  Elapsed time: 00:00:15s.  Time for last 25,000:    6s.  Last read position: LG23:14,145,676
INFO	2022-01-31 18:46:04	SortVcf	read       550,000 records.  Elapsed time: 00:00:16s.  Time for last 25,000:    0s.  Last read position: LG23:14,975,178
INFO	2022-01-31 18:46:04	SortVcf	read       575,000 records.  Elapsed time: 00:00:16s.  Time for last 25,000:    0s.  Last read position: LG23:15,664,919
INFO	2022-01-31 18:46:05	SortVcf	read       600,000 records.  Elapsed time: 00:00:17s.  Time for last 25,000:    0s.  Last read position: LG24:151,611
INFO	2022-01-31 18:46:05	SortVcf	read       625,000 records.  Elapsed time: 00:00:17s.  Time for last 25,000:    0s.  Last read position: LG24:788,720
INFO	2022-01-31 18:46:05	SortVcf	read       650,000 records.  Elapsed time: 00:00:17s.  Time for last 25,000:    0s.  Last read position: LG24:1,274,128
INFO	2022-01-31 18:46:06	SortVcf	read       675,000 records.  Elapsed time: 00:00:17s.  Time for last 25,000:    0s.  Last read position: LG24:2,016,106
INFO	2022-01-31 18:46:06	SortVcf	read       700,000 records.  Elapsed time: 00:00:18s.  Time for last 25,000:    0s.  Last read position: LG24:2,631,254
INFO	2022-01-31 18:46:06	SortVcf	read       725,000 records.  Elapsed time: 00:00:18s.  Time for last 25,000:    0s.  Last read position: LG24:3,186,807
18:46:06.919 WARN  IntelInflater - Zero Bytes Written : 0
INFO	2022-01-31 18:46:23	SortVcf	wrote        25,000 records.  Elapsed time: 00:00:16s.  Time for last 25,000:    0s.  Last read position: LG23:1,125,973
INFO	2022-01-31 18:46:23	SortVcf	wrote        50,000 records.  Elapsed time: 00:00:16s.  Time for last 25,000:    0s.  Last read position: LG23:1,624,626
INFO	2022-01-31 18:46:24	SortVcf	wrote        75,000 records.  Elapsed time: 00:00:17s.  Time for last 25,000:    0s.  Last read position: LG23:2,224,699
INFO	2022-01-31 18:46:24	SortVcf	wrote       100,000 records.  Elapsed time: 00:00:17s.  Time for last 25,000:    0s.  Last read position: LG23:2,926,705
INFO	2022-01-31 18:46:24	SortVcf	wrote       125,000 records.  Elapsed time: 00:00:18s.  Time for last 25,000:    0s.  Last read position: LG23:3,594,517
INFO	2022-01-31 18:46:25	SortVcf	wrote       150,000 records.  Elapsed time: 00:00:18s.  Time for last 25,000:    0s.  Last read position: LG23:4,236,440
INFO	2022-01-31 18:46:25	SortVcf	wrote       175,000 records.  Elapsed time: 00:00:18s.  Time for last 25,000:    0s.  Last read position: LG23:5,032,426
INFO	2022-01-31 18:46:26	SortVcf	wrote       200,000 records.  Elapsed time: 00:00:19s.  Time for last 25,000:    0s.  Last read position: LG23:5,866,789
INFO	2022-01-31 18:46:26	SortVcf	wrote       225,000 records.  Elapsed time: 00:00:19s.  Time for last 25,000:    0s.  Last read position: LG23:6,443,405
INFO	2022-01-31 18:46:26	SortVcf	wrote       250,000 records.  Elapsed time: 00:00:19s.  Time for last 25,000:    0s.  Last read position: LG23:7,059,345
INFO	2022-01-31 18:46:27	SortVcf	wrote       275,000 records.  Elapsed time: 00:00:20s.  Time for last 25,000:    0s.  Last read position: LG23:7,995,855
INFO	2022-01-31 18:46:27	SortVcf	wrote       300,000 records.  Elapsed time: 00:00:20s.  Time for last 25,000:    0s.  Last read position: LG23:8,731,043
INFO	2022-01-31 18:46:28	SortVcf	wrote       325,000 records.  Elapsed time: 00:00:21s.  Time for last 25,000:    0s.  Last read position: LG23:9,527,636
INFO	2022-01-31 18:46:28	SortVcf	wrote       350,000 records.  Elapsed time: 00:00:21s.  Time for last 25,000:    0s.  Last read position: LG23:10,267,315
INFO	2022-01-31 18:46:28	SortVcf	wrote       375,000 records.  Elapsed time: 00:00:21s.  Time for last 25,000:    0s.  Last read position: LG23:10,809,347
INFO	2022-01-31 18:46:29	SortVcf	wrote       400,000 records.  Elapsed time: 00:00:22s.  Time for last 25,000:    0s.  Last read position: LG23:11,349,136
INFO	2022-01-31 18:46:29	SortVcf	wrote       425,000 records.  Elapsed time: 00:00:22s.  Time for last 25,000:    0s.  Last read position: LG23:11,918,816
INFO	2022-01-31 18:46:29	SortVcf	wrote       450,000 records.  Elapsed time: 00:00:23s.  Time for last 25,000:    0s.  Last read position: LG23:12,524,709
INFO	2022-01-31 18:46:30	SortVcf	wrote       475,000 records.  Elapsed time: 00:00:23s.  Time for last 25,000:    0s.  Last read position: LG23:13,083,233
INFO	2022-01-31 18:46:30	SortVcf	wrote       500,000 records.  Elapsed time: 00:00:23s.  Time for last 25,000:    0s.  Last read position: LG23:13,595,376
INFO	2022-01-31 18:46:31	SortVcf	wrote       525,000 records.  Elapsed time: 00:00:24s.  Time for last 25,000:    0s.  Last read position: LG23:14,145,676
INFO	2022-01-31 18:46:31	SortVcf	wrote       550,000 records.  Elapsed time: 00:00:24s.  Time for last 25,000:    0s.  Last read position: LG23:14,975,178
INFO	2022-01-31 18:46:31	SortVcf	wrote       575,000 records.  Elapsed time: 00:00:24s.  Time for last 25,000:    0s.  Last read position: LG23:15,664,919
INFO	2022-01-31 18:46:32	SortVcf	wrote       600,000 records.  Elapsed time: 00:00:25s.  Time for last 25,000:    0s.  Last read position: LG24:151,611
INFO	2022-01-31 18:46:32	SortVcf	wrote       625,000 records.  Elapsed time: 00:00:25s.  Time for last 25,000:    0s.  Last read position: LG24:788,720
INFO	2022-01-31 18:46:33	SortVcf	wrote       650,000 records.  Elapsed time: 00:00:26s.  Time for last 25,000:    0s.  Last read position: LG24:1,274,128
INFO	2022-01-31 18:46:33	SortVcf	wrote       675,000 records.  Elapsed time: 00:00:26s.  Time for last 25,000:    0s.  Last read position: LG24:2,016,106
INFO	2022-01-31 18:46:33	SortVcf	wrote       700,000 records.  Elapsed time: 00:00:26s.  Time for last 25,000:    0s.  Last read position: LG24:2,631,254
INFO	2022-01-31 18:46:34	SortVcf	wrote       725,000 records.  Elapsed time: 00:00:27s.  Time for last 25,000:    0s.  Last read position: LG24:3,186,807
[Mon Jan 31 18:46:34 PST 2022] picard.vcf.SortVcf done. Elapsed time: 0.78 minutes.
Runtime.totalMemory()=10532421632
Tool returned:
0
