==========================================
SLURM_JOB_ID = 7439958
SLURM_JOB_NODELIST = b22-08
TMPDIR = /tmp/SLURM_7439958
==========================================
Using GATK jar /home1/mharden/.conda/envs/gatk4/share/gatk4-4.2.2.0-1/gatk-package-4.2.2.0-local.jar
Running:
    java -Dsamjdk.use_async_io_read_samtools=false -Dsamjdk.use_async_io_write_samtools=true -Dsamjdk.use_async_io_write_tribble=false -Dsamjdk.compression_level=2 -jar /home1/mharden/.conda/envs/gatk4/share/gatk4-4.2.2.0-1/gatk-package-4.2.2.0-local.jar MergeVcfs -R Kr2015_Undaria.pinnatifida_superscaffolds.fasta --SEQUENCE_DICTIONARY Kr2015_Undaria.pinnatifida_superscaffolds.dict -I 0021-scattered.interval_list.sorted.vcf.gz -O Undaria_Variants.vcf
16:38:27.876 INFO  NativeLibraryLoader - Loading libgkl_compression.so from jar:file:/home1/mharden/.conda/envs/gatk4/share/gatk4-4.2.2.0-1/gatk-package-4.2.2.0-local.jar!/com/intel/gkl/native/libgkl_compression.so
[Sun Feb 13 16:38:27 PST 2022] MergeVcfs --INPUT 0021-scattered.interval_list.sorted.vcf.gz --OUTPUT Undaria_Variants.vcf --SEQUENCE_DICTIONARY Kr2015_Undaria.pinnatifida_superscaffolds.dict --REFERENCE_SEQUENCE Kr2015_Undaria.pinnatifida_superscaffolds.fasta --VERBOSITY INFO --QUIET false --VALIDATION_STRINGENCY STRICT --COMPRESSION_LEVEL 2 --MAX_RECORDS_IN_RAM 500000 --CREATE_INDEX true --CREATE_MD5_FILE false --GA4GH_CLIENT_SECRETS client_secrets.json --help false --version false --showHidden false --USE_JDK_DEFLATER false --USE_JDK_INFLATER false
Feb 13, 2022 4:38:27 PM shaded.cloud_nio.com.google.auth.oauth2.ComputeEngineCredentials runningOnComputeEngine
INFO: Failed to detect whether we are running on Google Compute Engine.
[Sun Feb 13 16:38:27 PST 2022] Executing as mharden@b22-08.hpc.usc.edu on Linux 3.10.0-1062.4.1.el7.x86_64 amd64; OpenJDK 64-Bit Server VM 1.8.0_302-b08; Deflater: Intel; Inflater: Intel; Provider GCS is available; Picard version: Version:4.2.2.0
INFO	2022-02-13 16:38:28	MergeVcfs	Processed        10,000 records.  Elapsed time: 00:00:00s.  Time for last 10,000:    0s.  Last read position: LG13:7,581,462
INFO	2022-02-13 16:38:28	MergeVcfs	Processed        20,000 records.  Elapsed time: 00:00:00s.  Time for last 10,000:    0s.  Last read position: LG13:7,962,314
INFO	2022-02-13 16:38:28	MergeVcfs	Processed        30,000 records.  Elapsed time: 00:00:00s.  Time for last 10,000:    0s.  Last read position: LG13:8,302,738
INFO	2022-02-13 16:38:29	MergeVcfs	Processed        40,000 records.  Elapsed time: 00:00:01s.  Time for last 10,000:    0s.  Last read position: LG13:8,513,095
INFO	2022-02-13 16:38:29	MergeVcfs	Processed        50,000 records.  Elapsed time: 00:00:01s.  Time for last 10,000:    0s.  Last read position: LG13:8,722,378
INFO	2022-02-13 16:38:29	MergeVcfs	Processed        60,000 records.  Elapsed time: 00:00:01s.  Time for last 10,000:    0s.  Last read position: LG13:8,922,451
INFO	2022-02-13 16:38:29	MergeVcfs	Processed        70,000 records.  Elapsed time: 00:00:01s.  Time for last 10,000:    0s.  Last read position: LG13:9,172,211
INFO	2022-02-13 16:38:29	MergeVcfs	Processed        80,000 records.  Elapsed time: 00:00:01s.  Time for last 10,000:    0s.  Last read position: LG13:9,423,765
INFO	2022-02-13 16:38:29	MergeVcfs	Processed        90,000 records.  Elapsed time: 00:00:02s.  Time for last 10,000:    0s.  Last read position: LG13:9,642,580
INFO	2022-02-13 16:38:30	MergeVcfs	Processed       100,000 records.  Elapsed time: 00:00:02s.  Time for last 10,000:    0s.  Last read position: LG13:9,948,670
INFO	2022-02-13 16:38:30	MergeVcfs	Processed       110,000 records.  Elapsed time: 00:00:02s.  Time for last 10,000:    0s.  Last read position: LG13:10,249,107
INFO	2022-02-13 16:38:30	MergeVcfs	Processed       120,000 records.  Elapsed time: 00:00:02s.  Time for last 10,000:    0s.  Last read position: LG13:10,554,884
INFO	2022-02-13 16:38:30	MergeVcfs	Processed       130,000 records.  Elapsed time: 00:00:02s.  Time for last 10,000:    0s.  Last read position: LG13:10,774,319
INFO	2022-02-13 16:38:30	MergeVcfs	Processed       140,000 records.  Elapsed time: 00:00:02s.  Time for last 10,000:    0s.  Last read position: LG13:10,981,103
INFO	2022-02-13 16:38:31	MergeVcfs	Processed       150,000 records.  Elapsed time: 00:00:03s.  Time for last 10,000:    0s.  Last read position: LG13:11,207,312
INFO	2022-02-13 16:38:31	MergeVcfs	Processed       160,000 records.  Elapsed time: 00:00:03s.  Time for last 10,000:    0s.  Last read position: LG13:11,389,559
INFO	2022-02-13 16:38:31	MergeVcfs	Processed       170,000 records.  Elapsed time: 00:00:03s.  Time for last 10,000:    0s.  Last read position: LG13:11,586,823
INFO	2022-02-13 16:38:31	MergeVcfs	Processed       180,000 records.  Elapsed time: 00:00:03s.  Time for last 10,000:    0s.  Last read position: LG13:11,946,228
INFO	2022-02-13 16:38:31	MergeVcfs	Processed       190,000 records.  Elapsed time: 00:00:03s.  Time for last 10,000:    0s.  Last read position: LG13:12,171,211
INFO	2022-02-13 16:38:31	MergeVcfs	Processed       200,000 records.  Elapsed time: 00:00:03s.  Time for last 10,000:    0s.  Last read position: LG13:12,424,258
INFO	2022-02-13 16:38:32	MergeVcfs	Processed       210,000 records.  Elapsed time: 00:00:04s.  Time for last 10,000:    0s.  Last read position: LG13:12,614,887
INFO	2022-02-13 16:38:32	MergeVcfs	Processed       220,000 records.  Elapsed time: 00:00:04s.  Time for last 10,000:    0s.  Last read position: LG13:12,862,017
INFO	2022-02-13 16:38:32	MergeVcfs	Processed       230,000 records.  Elapsed time: 00:00:04s.  Time for last 10,000:    0s.  Last read position: LG13:13,067,166
INFO	2022-02-13 16:38:32	MergeVcfs	Processed       240,000 records.  Elapsed time: 00:00:04s.  Time for last 10,000:    0s.  Last read position: LG13:13,293,973
INFO	2022-02-13 16:38:32	MergeVcfs	Processed       250,000 records.  Elapsed time: 00:00:04s.  Time for last 10,000:    0s.  Last read position: LG13:13,545,776
INFO	2022-02-13 16:38:33	MergeVcfs	Processed       260,000 records.  Elapsed time: 00:00:05s.  Time for last 10,000:    0s.  Last read position: LG13:13,816,249
INFO	2022-02-13 16:38:33	MergeVcfs	Processed       270,000 records.  Elapsed time: 00:00:05s.  Time for last 10,000:    0s.  Last read position: LG13:14,041,911
INFO	2022-02-13 16:38:33	MergeVcfs	Processed       280,000 records.  Elapsed time: 00:00:05s.  Time for last 10,000:    0s.  Last read position: LG13:14,206,420
INFO	2022-02-13 16:38:33	MergeVcfs	Processed       290,000 records.  Elapsed time: 00:00:05s.  Time for last 10,000:    0s.  Last read position: LG13:14,349,559
INFO	2022-02-13 16:38:33	MergeVcfs	Processed       300,000 records.  Elapsed time: 00:00:05s.  Time for last 10,000:    0s.  Last read position: LG13:14,457,633
INFO	2022-02-13 16:38:33	MergeVcfs	Processed       310,000 records.  Elapsed time: 00:00:05s.  Time for last 10,000:    0s.  Last read position: LG13:14,628,361
INFO	2022-02-13 16:38:34	MergeVcfs	Processed       320,000 records.  Elapsed time: 00:00:06s.  Time for last 10,000:    0s.  Last read position: LG13:14,793,894
INFO	2022-02-13 16:38:34	MergeVcfs	Processed       330,000 records.  Elapsed time: 00:00:06s.  Time for last 10,000:    0s.  Last read position: LG14:449,524
INFO	2022-02-13 16:38:34	MergeVcfs	Processed       340,000 records.  Elapsed time: 00:00:06s.  Time for last 10,000:    0s.  Last read position: LG14:764,771
INFO	2022-02-13 16:38:34	MergeVcfs	Processed       350,000 records.  Elapsed time: 00:00:06s.  Time for last 10,000:    0s.  Last read position: LG14:979,173
INFO	2022-02-13 16:38:34	MergeVcfs	Processed       360,000 records.  Elapsed time: 00:00:06s.  Time for last 10,000:    0s.  Last read position: LG14:1,159,342
INFO	2022-02-13 16:38:34	MergeVcfs	Processed       370,000 records.  Elapsed time: 00:00:06s.  Time for last 10,000:    0s.  Last read position: LG14:1,380,174
INFO	2022-02-13 16:38:35	MergeVcfs	Processed       380,000 records.  Elapsed time: 00:00:07s.  Time for last 10,000:    0s.  Last read position: LG14:1,571,821
INFO	2022-02-13 16:38:35	MergeVcfs	Processed       390,000 records.  Elapsed time: 00:00:07s.  Time for last 10,000:    0s.  Last read position: LG14:1,842,393
INFO	2022-02-13 16:38:35	MergeVcfs	Processed       400,000 records.  Elapsed time: 00:00:07s.  Time for last 10,000:    0s.  Last read position: LG14:2,131,950
INFO	2022-02-13 16:38:35	MergeVcfs	Processed       410,000 records.  Elapsed time: 00:00:07s.  Time for last 10,000:    0s.  Last read position: LG14:2,341,516
INFO	2022-02-13 16:38:35	MergeVcfs	Processed       420,000 records.  Elapsed time: 00:00:07s.  Time for last 10,000:    0s.  Last read position: LG14:2,573,000
INFO	2022-02-13 16:38:36	MergeVcfs	Processed       430,000 records.  Elapsed time: 00:00:08s.  Time for last 10,000:    0s.  Last read position: LG14:2,861,517
INFO	2022-02-13 16:38:36	MergeVcfs	Processed       440,000 records.  Elapsed time: 00:00:08s.  Time for last 10,000:    0s.  Last read position: LG14:3,110,112
INFO	2022-02-13 16:38:36	MergeVcfs	Processed       450,000 records.  Elapsed time: 00:00:08s.  Time for last 10,000:    0s.  Last read position: LG14:3,301,795
INFO	2022-02-13 16:38:36	MergeVcfs	Processed       460,000 records.  Elapsed time: 00:00:08s.  Time for last 10,000:    0s.  Last read position: LG14:3,562,497
INFO	2022-02-13 16:38:36	MergeVcfs	Processed       470,000 records.  Elapsed time: 00:00:08s.  Time for last 10,000:    0s.  Last read position: LG14:3,806,585
INFO	2022-02-13 16:38:36	MergeVcfs	Processed       480,000 records.  Elapsed time: 00:00:08s.  Time for last 10,000:    0s.  Last read position: LG14:3,958,441
INFO	2022-02-13 16:38:37	MergeVcfs	Processed       490,000 records.  Elapsed time: 00:00:09s.  Time for last 10,000:    0s.  Last read position: LG14:4,185,565
INFO	2022-02-13 16:38:37	MergeVcfs	Processed       500,000 records.  Elapsed time: 00:00:09s.  Time for last 10,000:    0s.  Last read position: LG14:4,478,462
INFO	2022-02-13 16:38:37	MergeVcfs	Processed       510,000 records.  Elapsed time: 00:00:09s.  Time for last 10,000:    0s.  Last read position: LG14:4,633,943
INFO	2022-02-13 16:38:37	MergeVcfs	Processed       520,000 records.  Elapsed time: 00:00:09s.  Time for last 10,000:    0s.  Last read position: LG14:4,895,943
INFO	2022-02-13 16:38:37	MergeVcfs	Processed       530,000 records.  Elapsed time: 00:00:09s.  Time for last 10,000:    0s.  Last read position: LG14:5,094,980
INFO	2022-02-13 16:38:37	MergeVcfs	Processed       540,000 records.  Elapsed time: 00:00:10s.  Time for last 10,000:    0s.  Last read position: LG14:5,394,406
INFO	2022-02-13 16:38:38	MergeVcfs	Processed       550,000 records.  Elapsed time: 00:00:10s.  Time for last 10,000:    0s.  Last read position: LG14:5,621,410
INFO	2022-02-13 16:38:38	MergeVcfs	Processed       560,000 records.  Elapsed time: 00:00:10s.  Time for last 10,000:    0s.  Last read position: LG14:5,814,757
INFO	2022-02-13 16:38:38	MergeVcfs	Processed       570,000 records.  Elapsed time: 00:00:10s.  Time for last 10,000:    0s.  Last read position: LG14:6,025,461
INFO	2022-02-13 16:38:38	MergeVcfs	Processed       580,000 records.  Elapsed time: 00:00:10s.  Time for last 10,000:    0s.  Last read position: LG14:6,260,110
INFO	2022-02-13 16:38:38	MergeVcfs	Processed       590,000 records.  Elapsed time: 00:00:10s.  Time for last 10,000:    0s.  Last read position: LG14:6,522,728
INFO	2022-02-13 16:38:39	MergeVcfs	Processed       600,000 records.  Elapsed time: 00:00:11s.  Time for last 10,000:    0s.  Last read position: LG14:6,685,124
INFO	2022-02-13 16:38:39	MergeVcfs	Processed       610,000 records.  Elapsed time: 00:00:11s.  Time for last 10,000:    0s.  Last read position: LG14:6,862,623
INFO	2022-02-13 16:38:39	MergeVcfs	Processed       620,000 records.  Elapsed time: 00:00:11s.  Time for last 10,000:    0s.  Last read position: LG14:7,070,247
INFO	2022-02-13 16:38:39	MergeVcfs	Processed       630,000 records.  Elapsed time: 00:00:11s.  Time for last 10,000:    0s.  Last read position: LG14:7,330,076
INFO	2022-02-13 16:38:39	MergeVcfs	Processed       640,000 records.  Elapsed time: 00:00:11s.  Time for last 10,000:    0s.  Last read position: LG14:7,508,539
INFO	2022-02-13 16:38:39	MergeVcfs	Processed       650,000 records.  Elapsed time: 00:00:11s.  Time for last 10,000:    0s.  Last read position: LG14:7,804,567
INFO	2022-02-13 16:38:40	MergeVcfs	Processed       660,000 records.  Elapsed time: 00:00:12s.  Time for last 10,000:    0s.  Last read position: LG14:8,180,428
INFO	2022-02-13 16:38:40	MergeVcfs	Processed       670,000 records.  Elapsed time: 00:00:12s.  Time for last 10,000:    0s.  Last read position: LG14:8,451,029
INFO	2022-02-13 16:38:40	MergeVcfs	Processed       680,000 records.  Elapsed time: 00:00:12s.  Time for last 10,000:    0s.  Last read position: LG14:8,782,885
INFO	2022-02-13 16:38:40	MergeVcfs	Processed       690,000 records.  Elapsed time: 00:00:12s.  Time for last 10,000:    0s.  Last read position: LG14:9,053,513
INFO	2022-02-13 16:38:40	MergeVcfs	Processed       700,000 records.  Elapsed time: 00:00:12s.  Time for last 10,000:    0s.  Last read position: LG14:9,368,032
INFO	2022-02-13 16:38:40	MergeVcfs	Processed       710,000 records.  Elapsed time: 00:00:13s.  Time for last 10,000:    0s.  Last read position: LG14:9,691,888
INFO	2022-02-13 16:38:41	MergeVcfs	Processed       720,000 records.  Elapsed time: 00:00:13s.  Time for last 10,000:    0s.  Last read position: LG14:10,081,405
INFO	2022-02-13 16:38:41	MergeVcfs	Processed       730,000 records.  Elapsed time: 00:00:13s.  Time for last 10,000:    0s.  Last read position: LG14:10,339,389
INFO	2022-02-13 16:38:41	MergeVcfs	Processed       740,000 records.  Elapsed time: 00:00:13s.  Time for last 10,000:    0s.  Last read position: LG14:10,587,517
INFO	2022-02-13 16:38:41	MergeVcfs	Processed       750,000 records.  Elapsed time: 00:00:13s.  Time for last 10,000:    0s.  Last read position: LG14:10,857,799
INFO	2022-02-13 16:38:41	MergeVcfs	Processed       760,000 records.  Elapsed time: 00:00:13s.  Time for last 10,000:    0s.  Last read position: LG14:11,129,263
INFO	2022-02-13 16:38:42	MergeVcfs	Processed       770,000 records.  Elapsed time: 00:00:14s.  Time for last 10,000:    0s.  Last read position: LG14:11,360,860
INFO	2022-02-13 16:38:42	MergeVcfs	Processed       780,000 records.  Elapsed time: 00:00:14s.  Time for last 10,000:    0s.  Last read position: LG14:11,644,697
16:38:42.221 WARN  IntelInflater - Zero Bytes Written : 0
[Sun Feb 13 16:38:42 PST 2022] picard.vcf.MergeVcfs done. Elapsed time: 0.24 minutes.
Runtime.totalMemory()=3074949120
Tool returned:
0
