==========================================
SLURM_JOB_ID = 7264057
SLURM_JOB_NODELIST = a01-03
TMPDIR = /tmp/SLURM_7264057
==========================================
Using GATK jar /home1/mharden/.conda/envs/gatk4/share/gatk4-4.2.2.0-1/gatk-package-4.2.2.0-local.jar
Running:
    java -Dsamjdk.use_async_io_read_samtools=false -Dsamjdk.use_async_io_write_samtools=true -Dsamjdk.use_async_io_write_tribble=false -Dsamjdk.compression_level=2 -jar /home1/mharden/.conda/envs/gatk4/share/gatk4-4.2.2.0-1/gatk-package-4.2.2.0-local.jar SortVcf -I 0002-scattered.interval_list.vcf.gz -O 0002-scattered.interval_list.sorted.vcf.gz
18:21:40.811 INFO  NativeLibraryLoader - Loading libgkl_compression.so from jar:file:/home1/mharden/.conda/envs/gatk4/share/gatk4-4.2.2.0-1/gatk-package-4.2.2.0-local.jar!/com/intel/gkl/native/libgkl_compression.so
[Mon Jan 31 18:21:40 PST 2022] SortVcf --INPUT 0002-scattered.interval_list.vcf.gz --OUTPUT 0002-scattered.interval_list.sorted.vcf.gz --VERBOSITY INFO --QUIET false --VALIDATION_STRINGENCY STRICT --COMPRESSION_LEVEL 2 --MAX_RECORDS_IN_RAM 500000 --CREATE_INDEX true --CREATE_MD5_FILE false --GA4GH_CLIENT_SECRETS client_secrets.json --help false --version false --showHidden false --USE_JDK_DEFLATER false --USE_JDK_INFLATER false
Jan 31, 2022 6:21:40 PM shaded.cloud_nio.com.google.auth.oauth2.ComputeEngineCredentials runningOnComputeEngine
INFO: Failed to detect whether we are running on Google Compute Engine.
[Mon Jan 31 18:21:40 PST 2022] Executing as mharden@a01-03.hpc.usc.edu on Linux 3.10.0-1062.4.1.el7.x86_64 amd64; OpenJDK 64-Bit Server VM 1.8.0_302-b08; Deflater: Intel; Inflater: Intel; Provider GCS is available; Picard version: Version:4.2.2.0
INFO	2022-01-31 18:21:40	SortVcf	Reading entries from input file 1
INFO	2022-01-31 18:21:44	SortVcf	read        25,000 records.  Elapsed time: 00:00:03s.  Time for last 25,000:    3s.  Last read position: LG00:39,681,534
INFO	2022-01-31 18:21:47	SortVcf	read        50,000 records.  Elapsed time: 00:00:06s.  Time for last 25,000:    2s.  Last read position: LG00:40,766,442
INFO	2022-01-31 18:21:47	SortVcf	read        75,000 records.  Elapsed time: 00:00:06s.  Time for last 25,000:    0s.  Last read position: LG00:41,339,406
INFO	2022-01-31 18:21:48	SortVcf	read       100,000 records.  Elapsed time: 00:00:07s.  Time for last 25,000:    0s.  Last read position: LG00:42,175,697
INFO	2022-01-31 18:21:48	SortVcf	read       125,000 records.  Elapsed time: 00:00:07s.  Time for last 25,000:    0s.  Last read position: LG00:43,141,937
INFO	2022-01-31 18:21:48	SortVcf	read       150,000 records.  Elapsed time: 00:00:07s.  Time for last 25,000:    0s.  Last read position: LG00:43,949,425
INFO	2022-01-31 18:21:48	SortVcf	read       175,000 records.  Elapsed time: 00:00:07s.  Time for last 25,000:    0s.  Last read position: LG00:44,972,260
INFO	2022-01-31 18:21:48	SortVcf	read       200,000 records.  Elapsed time: 00:00:07s.  Time for last 25,000:    0s.  Last read position: LG00:46,028,919
INFO	2022-01-31 18:21:49	SortVcf	read       225,000 records.  Elapsed time: 00:00:08s.  Time for last 25,000:    0s.  Last read position: LG00:46,863,341
INFO	2022-01-31 18:21:49	SortVcf	read       250,000 records.  Elapsed time: 00:00:08s.  Time for last 25,000:    0s.  Last read position: LG00:47,754,344
INFO	2022-01-31 18:21:49	SortVcf	read       275,000 records.  Elapsed time: 00:00:08s.  Time for last 25,000:    0s.  Last read position: LG00:48,628,171
INFO	2022-01-31 18:21:49	SortVcf	read       300,000 records.  Elapsed time: 00:00:09s.  Time for last 25,000:    0s.  Last read position: LG00:49,317,937
INFO	2022-01-31 18:21:50	SortVcf	read       325,000 records.  Elapsed time: 00:00:09s.  Time for last 25,000:    0s.  Last read position: LG00:50,929,157
INFO	2022-01-31 18:21:50	SortVcf	read       350,000 records.  Elapsed time: 00:00:09s.  Time for last 25,000:    0s.  Last read position: LG00:51,642,299
INFO	2022-01-31 18:21:50	SortVcf	read       375,000 records.  Elapsed time: 00:00:09s.  Time for last 25,000:    0s.  Last read position: LG00:52,567,959
INFO	2022-01-31 18:21:52	SortVcf	read       400,000 records.  Elapsed time: 00:00:11s.  Time for last 25,000:    1s.  Last read position: LG00:53,535,969
INFO	2022-01-31 18:21:52	SortVcf	read       425,000 records.  Elapsed time: 00:00:11s.  Time for last 25,000:    0s.  Last read position: LG00:54,661,670
INFO	2022-01-31 18:21:52	SortVcf	read       450,000 records.  Elapsed time: 00:00:11s.  Time for last 25,000:    0s.  Last read position: LG00:55,745,780
INFO	2022-01-31 18:21:52	SortVcf	read       475,000 records.  Elapsed time: 00:00:11s.  Time for last 25,000:    0s.  Last read position: LG00:57,134,065
18:21:52.720 WARN  IntelInflater - Zero Bytes Written : 0
INFO	2022-01-31 18:22:47	SortVcf	wrote        25,000 records.  Elapsed time: 00:00:54s.  Time for last 25,000:   35s.  Last read position: LG00:39,681,534
INFO	2022-01-31 18:22:47	SortVcf	wrote        50,000 records.  Elapsed time: 00:00:54s.  Time for last 25,000:    0s.  Last read position: LG00:40,766,442
INFO	2022-01-31 18:22:47	SortVcf	wrote        75,000 records.  Elapsed time: 00:00:54s.  Time for last 25,000:    0s.  Last read position: LG00:41,339,406
INFO	2022-01-31 18:22:47	SortVcf	wrote       100,000 records.  Elapsed time: 00:00:55s.  Time for last 25,000:    0s.  Last read position: LG00:42,175,697
INFO	2022-01-31 18:22:47	SortVcf	wrote       125,000 records.  Elapsed time: 00:00:55s.  Time for last 25,000:    0s.  Last read position: LG00:43,141,937
INFO	2022-01-31 18:22:48	SortVcf	wrote       150,000 records.  Elapsed time: 00:00:55s.  Time for last 25,000:    0s.  Last read position: LG00:43,949,425
INFO	2022-01-31 18:22:48	SortVcf	wrote       175,000 records.  Elapsed time: 00:00:55s.  Time for last 25,000:    0s.  Last read position: LG00:44,972,260
INFO	2022-01-31 18:22:48	SortVcf	wrote       200,000 records.  Elapsed time: 00:00:55s.  Time for last 25,000:    0s.  Last read position: LG00:46,028,919
INFO	2022-01-31 18:22:48	SortVcf	wrote       225,000 records.  Elapsed time: 00:00:55s.  Time for last 25,000:    0s.  Last read position: LG00:46,863,341
INFO	2022-01-31 18:22:48	SortVcf	wrote       250,000 records.  Elapsed time: 00:00:56s.  Time for last 25,000:    0s.  Last read position: LG00:47,754,344
INFO	2022-01-31 18:22:49	SortVcf	wrote       275,000 records.  Elapsed time: 00:00:56s.  Time for last 25,000:    0s.  Last read position: LG00:48,628,171
INFO	2022-01-31 18:22:49	SortVcf	wrote       300,000 records.  Elapsed time: 00:00:56s.  Time for last 25,000:    0s.  Last read position: LG00:49,317,937
INFO	2022-01-31 18:22:49	SortVcf	wrote       325,000 records.  Elapsed time: 00:00:56s.  Time for last 25,000:    0s.  Last read position: LG00:50,929,157
INFO	2022-01-31 18:22:49	SortVcf	wrote       350,000 records.  Elapsed time: 00:00:57s.  Time for last 25,000:    0s.  Last read position: LG00:51,642,299
INFO	2022-01-31 18:22:50	SortVcf	wrote       375,000 records.  Elapsed time: 00:00:57s.  Time for last 25,000:    0s.  Last read position: LG00:52,567,959
INFO	2022-01-31 18:22:50	SortVcf	wrote       400,000 records.  Elapsed time: 00:00:57s.  Time for last 25,000:    0s.  Last read position: LG00:53,535,969
INFO	2022-01-31 18:22:50	SortVcf	wrote       425,000 records.  Elapsed time: 00:00:57s.  Time for last 25,000:    0s.  Last read position: LG00:54,661,670
INFO	2022-01-31 18:22:51	SortVcf	wrote       450,000 records.  Elapsed time: 00:00:58s.  Time for last 25,000:    0s.  Last read position: LG00:55,745,780
INFO	2022-01-31 18:22:52	SortVcf	wrote       475,000 records.  Elapsed time: 00:00:59s.  Time for last 25,000:    1s.  Last read position: LG00:57,134,065
[Mon Jan 31 18:23:39 PST 2022] picard.vcf.SortVcf done. Elapsed time: 1.97 minutes.
Runtime.totalMemory()=7234650112
Tool returned:
0
