==========================================
SLURM_JOB_ID = 7264068
SLURM_JOB_NODELIST = a01-03
TMPDIR = /tmp/SLURM_7264068
==========================================
Using GATK jar /home1/mharden/.conda/envs/gatk4/share/gatk4-4.2.2.0-1/gatk-package-4.2.2.0-local.jar
Running:
    java -Dsamjdk.use_async_io_read_samtools=false -Dsamjdk.use_async_io_write_samtools=true -Dsamjdk.use_async_io_write_tribble=false -Dsamjdk.compression_level=2 -jar /home1/mharden/.conda/envs/gatk4/share/gatk4-4.2.2.0-1/gatk-package-4.2.2.0-local.jar SortVcf -I 0008-scattered.interval_list.vcf.gz -O 0008-scattered.interval_list.sorted.vcf.gz
18:28:22.946 INFO  NativeLibraryLoader - Loading libgkl_compression.so from jar:file:/home1/mharden/.conda/envs/gatk4/share/gatk4-4.2.2.0-1/gatk-package-4.2.2.0-local.jar!/com/intel/gkl/native/libgkl_compression.so
[Mon Jan 31 18:28:22 PST 2022] SortVcf --INPUT 0008-scattered.interval_list.vcf.gz --OUTPUT 0008-scattered.interval_list.sorted.vcf.gz --VERBOSITY INFO --QUIET false --VALIDATION_STRINGENCY STRICT --COMPRESSION_LEVEL 2 --MAX_RECORDS_IN_RAM 500000 --CREATE_INDEX true --CREATE_MD5_FILE false --GA4GH_CLIENT_SECRETS client_secrets.json --help false --version false --showHidden false --USE_JDK_DEFLATER false --USE_JDK_INFLATER false
Jan 31, 2022 6:28:23 PM shaded.cloud_nio.com.google.auth.oauth2.ComputeEngineCredentials runningOnComputeEngine
INFO: Failed to detect whether we are running on Google Compute Engine.
[Mon Jan 31 18:28:23 PST 2022] Executing as mharden@a01-03.hpc.usc.edu on Linux 3.10.0-1062.4.1.el7.x86_64 amd64; OpenJDK 64-Bit Server VM 1.8.0_302-b08; Deflater: Intel; Inflater: Intel; Provider GCS is available; Picard version: Version:4.2.2.0
INFO	2022-01-31 18:28:23	SortVcf	Reading entries from input file 1
INFO	2022-01-31 18:28:25	SortVcf	read        25,000 records.  Elapsed time: 00:00:02s.  Time for last 25,000:    2s.  Last read position: LG00:155,318,057
INFO	2022-01-31 18:28:25	SortVcf	read        50,000 records.  Elapsed time: 00:00:02s.  Time for last 25,000:    0s.  Last read position: LG00:156,748,280
INFO	2022-01-31 18:28:28	SortVcf	read        75,000 records.  Elapsed time: 00:00:05s.  Time for last 25,000:    2s.  Last read position: LG00:158,376,390
INFO	2022-01-31 18:28:28	SortVcf	read       100,000 records.  Elapsed time: 00:00:05s.  Time for last 25,000:    0s.  Last read position: LG00:159,963,585
INFO	2022-01-31 18:28:31	SortVcf	read       125,000 records.  Elapsed time: 00:00:08s.  Time for last 25,000:    3s.  Last read position: LG00:161,860,964
INFO	2022-01-31 18:28:32	SortVcf	read       150,000 records.  Elapsed time: 00:00:08s.  Time for last 25,000:    0s.  Last read position: LG00:163,122,273
INFO	2022-01-31 18:28:32	SortVcf	read       175,000 records.  Elapsed time: 00:00:09s.  Time for last 25,000:    0s.  Last read position: LG00:164,670,908
INFO	2022-01-31 18:28:32	SortVcf	read       200,000 records.  Elapsed time: 00:00:09s.  Time for last 25,000:    0s.  Last read position: LG00:165,954,862
INFO	2022-01-31 18:28:32	SortVcf	read       225,000 records.  Elapsed time: 00:00:09s.  Time for last 25,000:    0s.  Last read position: LG00:167,273,625
INFO	2022-01-31 18:28:34	SortVcf	read       250,000 records.  Elapsed time: 00:00:11s.  Time for last 25,000:    1s.  Last read position: LG00:168,358,592
INFO	2022-01-31 18:28:34	SortVcf	read       275,000 records.  Elapsed time: 00:00:11s.  Time for last 25,000:    0s.  Last read position: LG00:169,730,086
INFO	2022-01-31 18:28:34	SortVcf	read       300,000 records.  Elapsed time: 00:00:11s.  Time for last 25,000:    0s.  Last read position: LG00:171,185,177
18:28:35.060 WARN  IntelInflater - Zero Bytes Written : 0
INFO	2022-01-31 18:28:55	SortVcf	wrote        25,000 records.  Elapsed time: 00:00:20s.  Time for last 25,000:   17s.  Last read position: LG00:155,318,057
INFO	2022-01-31 18:28:55	SortVcf	wrote        50,000 records.  Elapsed time: 00:00:20s.  Time for last 25,000:    0s.  Last read position: LG00:156,748,280
INFO	2022-01-31 18:28:55	SortVcf	wrote        75,000 records.  Elapsed time: 00:00:20s.  Time for last 25,000:    0s.  Last read position: LG00:158,376,390
INFO	2022-01-31 18:28:55	SortVcf	wrote       100,000 records.  Elapsed time: 00:00:20s.  Time for last 25,000:    0s.  Last read position: LG00:159,963,585
INFO	2022-01-31 18:28:56	SortVcf	wrote       125,000 records.  Elapsed time: 00:00:21s.  Time for last 25,000:    0s.  Last read position: LG00:161,860,964
INFO	2022-01-31 18:28:56	SortVcf	wrote       150,000 records.  Elapsed time: 00:00:21s.  Time for last 25,000:    0s.  Last read position: LG00:163,122,273
INFO	2022-01-31 18:28:56	SortVcf	wrote       175,000 records.  Elapsed time: 00:00:21s.  Time for last 25,000:    0s.  Last read position: LG00:164,670,908
INFO	2022-01-31 18:28:56	SortVcf	wrote       200,000 records.  Elapsed time: 00:00:21s.  Time for last 25,000:    0s.  Last read position: LG00:165,954,862
INFO	2022-01-31 18:28:56	SortVcf	wrote       225,000 records.  Elapsed time: 00:00:21s.  Time for last 25,000:    0s.  Last read position: LG00:167,273,625
INFO	2022-01-31 18:28:56	SortVcf	wrote       250,000 records.  Elapsed time: 00:00:21s.  Time for last 25,000:    0s.  Last read position: LG00:168,358,592
INFO	2022-01-31 18:28:56	SortVcf	wrote       275,000 records.  Elapsed time: 00:00:21s.  Time for last 25,000:    0s.  Last read position: LG00:169,730,086
INFO	2022-01-31 18:28:57	SortVcf	wrote       300,000 records.  Elapsed time: 00:00:22s.  Time for last 25,000:    0s.  Last read position: LG00:171,185,177
[Mon Jan 31 18:28:57 PST 2022] picard.vcf.SortVcf done. Elapsed time: 0.57 minutes.
Runtime.totalMemory()=3485990912
Tool returned:
0
