==========================================
SLURM_JOB_ID = 7264101
SLURM_JOB_NODELIST = a01-03
TMPDIR = /tmp/SLURM_7264101
==========================================
Using GATK jar /home1/mharden/.conda/envs/gatk4/share/gatk4-4.2.2.0-1/gatk-package-4.2.2.0-local.jar
Running:
    java -Dsamjdk.use_async_io_read_samtools=false -Dsamjdk.use_async_io_write_samtools=true -Dsamjdk.use_async_io_write_tribble=false -Dsamjdk.compression_level=2 -jar /home1/mharden/.conda/envs/gatk4/share/gatk4-4.2.2.0-1/gatk-package-4.2.2.0-local.jar SortVcf -I 0027-scattered.interval_list.vcf.gz -O 0027-scattered.interval_list.sorted.vcf.gz
18:44:29.960 INFO  NativeLibraryLoader - Loading libgkl_compression.so from jar:file:/home1/mharden/.conda/envs/gatk4/share/gatk4-4.2.2.0-1/gatk-package-4.2.2.0-local.jar!/com/intel/gkl/native/libgkl_compression.so
[Mon Jan 31 18:44:29 PST 2022] SortVcf --INPUT 0027-scattered.interval_list.vcf.gz --OUTPUT 0027-scattered.interval_list.sorted.vcf.gz --VERBOSITY INFO --QUIET false --VALIDATION_STRINGENCY STRICT --COMPRESSION_LEVEL 2 --MAX_RECORDS_IN_RAM 500000 --CREATE_INDEX true --CREATE_MD5_FILE false --GA4GH_CLIENT_SECRETS client_secrets.json --help false --version false --showHidden false --USE_JDK_DEFLATER false --USE_JDK_INFLATER false
Jan 31, 2022 6:44:30 PM shaded.cloud_nio.com.google.auth.oauth2.ComputeEngineCredentials runningOnComputeEngine
INFO: Failed to detect whether we are running on Google Compute Engine.
[Mon Jan 31 18:44:30 PST 2022] Executing as mharden@a01-03.hpc.usc.edu on Linux 3.10.0-1062.4.1.el7.x86_64 amd64; OpenJDK 64-Bit Server VM 1.8.0_302-b08; Deflater: Intel; Inflater: Intel; Provider GCS is available; Picard version: Version:4.2.2.0
INFO	2022-01-31 18:44:30	SortVcf	Reading entries from input file 1
INFO	2022-01-31 18:44:32	SortVcf	read        25,000 records.  Elapsed time: 00:00:02s.  Time for last 25,000:    2s.  Last read position: LG21:8,766,028
INFO	2022-01-31 18:44:34	SortVcf	read        50,000 records.  Elapsed time: 00:00:04s.  Time for last 25,000:    2s.  Last read position: LG21:9,343,625
INFO	2022-01-31 18:44:34	SortVcf	read        75,000 records.  Elapsed time: 00:00:04s.  Time for last 25,000:    0s.  Last read position: LG21:9,909,964
INFO	2022-01-31 18:44:35	SortVcf	read       100,000 records.  Elapsed time: 00:00:05s.  Time for last 25,000:    1s.  Last read position: LG21:10,601,560
INFO	2022-01-31 18:44:36	SortVcf	read       125,000 records.  Elapsed time: 00:00:05s.  Time for last 25,000:    0s.  Last read position: LG21:11,155,961
INFO	2022-01-31 18:44:36	SortVcf	read       150,000 records.  Elapsed time: 00:00:06s.  Time for last 25,000:    0s.  Last read position: LG21:11,972,527
INFO	2022-01-31 18:44:37	SortVcf	read       175,000 records.  Elapsed time: 00:00:06s.  Time for last 25,000:    0s.  Last read position: LG21:12,408,274
INFO	2022-01-31 18:44:37	SortVcf	read       200,000 records.  Elapsed time: 00:00:07s.  Time for last 25,000:    0s.  Last read position: LG21:13,026,359
INFO	2022-01-31 18:44:37	SortVcf	read       225,000 records.  Elapsed time: 00:00:07s.  Time for last 25,000:    0s.  Last read position: LG21:13,723,704
INFO	2022-01-31 18:44:37	SortVcf	read       250,000 records.  Elapsed time: 00:00:07s.  Time for last 25,000:    0s.  Last read position: LG21:14,248,382
INFO	2022-01-31 18:44:38	SortVcf	read       275,000 records.  Elapsed time: 00:00:07s.  Time for last 25,000:    0s.  Last read position: LG22:248,803
INFO	2022-01-31 18:44:38	SortVcf	read       300,000 records.  Elapsed time: 00:00:08s.  Time for last 25,000:    0s.  Last read position: LG22:803,376
INFO	2022-01-31 18:44:39	SortVcf	read       325,000 records.  Elapsed time: 00:00:09s.  Time for last 25,000:    1s.  Last read position: LG22:1,909,217
INFO	2022-01-31 18:44:40	SortVcf	read       350,000 records.  Elapsed time: 00:00:09s.  Time for last 25,000:    0s.  Last read position: LG22:2,512,148
INFO	2022-01-31 18:44:40	SortVcf	read       375,000 records.  Elapsed time: 00:00:10s.  Time for last 25,000:    0s.  Last read position: LG22:2,946,296
INFO	2022-01-31 18:44:40	SortVcf	read       400,000 records.  Elapsed time: 00:00:10s.  Time for last 25,000:    0s.  Last read position: LG22:3,636,782
INFO	2022-01-31 18:44:40	SortVcf	read       425,000 records.  Elapsed time: 00:00:10s.  Time for last 25,000:    0s.  Last read position: LG22:4,263,754
INFO	2022-01-31 18:44:41	SortVcf	read       450,000 records.  Elapsed time: 00:00:10s.  Time for last 25,000:    0s.  Last read position: LG22:5,016,460
INFO	2022-01-31 18:44:41	SortVcf	read       475,000 records.  Elapsed time: 00:00:11s.  Time for last 25,000:    0s.  Last read position: LG22:5,561,481
INFO	2022-01-31 18:44:41	SortVcf	read       500,000 records.  Elapsed time: 00:00:11s.  Time for last 25,000:    0s.  Last read position: LG22:6,243,786
INFO	2022-01-31 18:44:46	SortVcf	read       525,000 records.  Elapsed time: 00:00:16s.  Time for last 25,000:    5s.  Last read position: LG22:6,734,178
INFO	2022-01-31 18:44:46	SortVcf	read       550,000 records.  Elapsed time: 00:00:16s.  Time for last 25,000:    0s.  Last read position: LG22:7,295,324
INFO	2022-01-31 18:44:47	SortVcf	read       575,000 records.  Elapsed time: 00:00:16s.  Time for last 25,000:    0s.  Last read position: LG22:7,783,870
INFO	2022-01-31 18:44:47	SortVcf	read       600,000 records.  Elapsed time: 00:00:17s.  Time for last 25,000:    0s.  Last read position: LG22:8,159,776
INFO	2022-01-31 18:44:47	SortVcf	read       625,000 records.  Elapsed time: 00:00:17s.  Time for last 25,000:    0s.  Last read position: LG22:8,817,120
INFO	2022-01-31 18:44:47	SortVcf	read       650,000 records.  Elapsed time: 00:00:17s.  Time for last 25,000:    0s.  Last read position: LG22:9,404,763
INFO	2022-01-31 18:44:48	SortVcf	read       675,000 records.  Elapsed time: 00:00:17s.  Time for last 25,000:    0s.  Last read position: LG22:9,959,512
INFO	2022-01-31 18:44:48	SortVcf	read       700,000 records.  Elapsed time: 00:00:18s.  Time for last 25,000:    0s.  Last read position: LG22:10,606,033
INFO	2022-01-31 18:44:48	SortVcf	read       725,000 records.  Elapsed time: 00:00:18s.  Time for last 25,000:    0s.  Last read position: LG22:11,201,001
INFO	2022-01-31 18:44:48	SortVcf	read       750,000 records.  Elapsed time: 00:00:18s.  Time for last 25,000:    0s.  Last read position: LG22:11,572,013
INFO	2022-01-31 18:44:49	SortVcf	read       775,000 records.  Elapsed time: 00:00:18s.  Time for last 25,000:    0s.  Last read position: LG23:132,838
18:44:49.323 WARN  IntelInflater - Zero Bytes Written : 0
INFO	2022-01-31 18:44:49	SortVcf	read       800,000 records.  Elapsed time: 00:00:19s.  Time for last 25,000:    0s.  Last read position: LG23:570,393
INFO	2022-01-31 18:44:53	SortVcf	wrote        25,000 records.  Elapsed time: 00:00:04s.  Time for last 25,000:    0s.  Last read position: LG21:8,766,028
INFO	2022-01-31 18:44:54	SortVcf	wrote        50,000 records.  Elapsed time: 00:00:04s.  Time for last 25,000:    0s.  Last read position: LG21:9,343,625
INFO	2022-01-31 18:44:54	SortVcf	wrote        75,000 records.  Elapsed time: 00:00:05s.  Time for last 25,000:    0s.  Last read position: LG21:9,909,964
INFO	2022-01-31 18:44:54	SortVcf	wrote       100,000 records.  Elapsed time: 00:00:05s.  Time for last 25,000:    0s.  Last read position: LG21:10,601,560
INFO	2022-01-31 18:44:55	SortVcf	wrote       125,000 records.  Elapsed time: 00:00:05s.  Time for last 25,000:    0s.  Last read position: LG21:11,155,961
INFO	2022-01-31 18:45:41	SortVcf	wrote       150,000 records.  Elapsed time: 00:00:52s.  Time for last 25,000:   46s.  Last read position: LG21:11,972,527
INFO	2022-01-31 18:45:41	SortVcf	wrote       175,000 records.  Elapsed time: 00:00:52s.  Time for last 25,000:    0s.  Last read position: LG21:12,408,274
INFO	2022-01-31 18:45:42	SortVcf	wrote       200,000 records.  Elapsed time: 00:00:52s.  Time for last 25,000:    0s.  Last read position: LG21:13,026,359
INFO	2022-01-31 18:45:42	SortVcf	wrote       225,000 records.  Elapsed time: 00:00:53s.  Time for last 25,000:    0s.  Last read position: LG21:13,723,704
INFO	2022-01-31 18:45:43	SortVcf	wrote       250,000 records.  Elapsed time: 00:00:53s.  Time for last 25,000:    0s.  Last read position: LG21:14,248,382
INFO	2022-01-31 18:45:43	SortVcf	wrote       275,000 records.  Elapsed time: 00:00:54s.  Time for last 25,000:    0s.  Last read position: LG22:248,803
INFO	2022-01-31 18:45:43	SortVcf	wrote       300,000 records.  Elapsed time: 00:00:54s.  Time for last 25,000:    0s.  Last read position: LG22:803,376
INFO	2022-01-31 18:45:44	SortVcf	wrote       325,000 records.  Elapsed time: 00:00:54s.  Time for last 25,000:    0s.  Last read position: LG22:1,909,217
INFO	2022-01-31 18:45:44	SortVcf	wrote       350,000 records.  Elapsed time: 00:00:55s.  Time for last 25,000:    0s.  Last read position: LG22:2,512,148
INFO	2022-01-31 18:45:44	SortVcf	wrote       375,000 records.  Elapsed time: 00:00:55s.  Time for last 25,000:    0s.  Last read position: LG22:2,946,296
INFO	2022-01-31 18:45:44	SortVcf	wrote       400,000 records.  Elapsed time: 00:00:55s.  Time for last 25,000:    0s.  Last read position: LG22:3,636,782
INFO	2022-01-31 18:45:45	SortVcf	wrote       425,000 records.  Elapsed time: 00:00:55s.  Time for last 25,000:    0s.  Last read position: LG22:4,263,754
INFO	2022-01-31 18:45:45	SortVcf	wrote       450,000 records.  Elapsed time: 00:00:56s.  Time for last 25,000:    0s.  Last read position: LG22:5,016,460
INFO	2022-01-31 18:45:45	SortVcf	wrote       475,000 records.  Elapsed time: 00:00:56s.  Time for last 25,000:    0s.  Last read position: LG22:5,561,481
INFO	2022-01-31 18:45:46	SortVcf	wrote       500,000 records.  Elapsed time: 00:00:57s.  Time for last 25,000:    0s.  Last read position: LG22:6,243,786
INFO	2022-01-31 18:45:47	SortVcf	wrote       525,000 records.  Elapsed time: 00:00:58s.  Time for last 25,000:    1s.  Last read position: LG22:6,734,178
INFO	2022-01-31 18:45:49	SortVcf	wrote       550,000 records.  Elapsed time: 00:01:00s.  Time for last 25,000:    2s.  Last read position: LG22:7,295,324
INFO	2022-01-31 18:45:50	SortVcf	wrote       575,000 records.  Elapsed time: 00:01:00s.  Time for last 25,000:    0s.  Last read position: LG22:7,783,870
INFO	2022-01-31 18:45:50	SortVcf	wrote       600,000 records.  Elapsed time: 00:01:01s.  Time for last 25,000:    0s.  Last read position: LG22:8,159,776
INFO	2022-01-31 18:45:50	SortVcf	wrote       625,000 records.  Elapsed time: 00:01:01s.  Time for last 25,000:    0s.  Last read position: LG22:8,817,120
INFO	2022-01-31 18:45:51	SortVcf	wrote       650,000 records.  Elapsed time: 00:01:01s.  Time for last 25,000:    0s.  Last read position: LG22:9,404,763
INFO	2022-01-31 18:45:51	SortVcf	wrote       675,000 records.  Elapsed time: 00:01:02s.  Time for last 25,000:    0s.  Last read position: LG22:9,959,512
INFO	2022-01-31 18:45:52	SortVcf	wrote       700,000 records.  Elapsed time: 00:01:03s.  Time for last 25,000:    0s.  Last read position: LG22:10,606,033
INFO	2022-01-31 18:45:54	SortVcf	wrote       725,000 records.  Elapsed time: 00:01:04s.  Time for last 25,000:    1s.  Last read position: LG22:11,201,001
INFO	2022-01-31 18:46:30	SortVcf	wrote       750,000 records.  Elapsed time: 00:01:41s.  Time for last 25,000:   36s.  Last read position: LG22:11,572,013
INFO	2022-01-31 18:46:30	SortVcf	wrote       775,000 records.  Elapsed time: 00:01:41s.  Time for last 25,000:    0s.  Last read position: LG23:132,838
INFO	2022-01-31 18:46:31	SortVcf	wrote       800,000 records.  Elapsed time: 00:01:41s.  Time for last 25,000:    0s.  Last read position: LG23:570,393
[Mon Jan 31 18:46:31 PST 2022] picard.vcf.SortVcf done. Elapsed time: 2.02 minutes.
Runtime.totalMemory()=10591666176
Tool returned:
0
