==========================================
SLURM_JOB_ID = 7264076
SLURM_JOB_NODELIST = a01-03
TMPDIR = /tmp/SLURM_7264076
==========================================
Using GATK jar /home1/mharden/.conda/envs/gatk4/share/gatk4-4.2.2.0-1/gatk-package-4.2.2.0-local.jar
Running:
    java -Dsamjdk.use_async_io_read_samtools=false -Dsamjdk.use_async_io_write_samtools=true -Dsamjdk.use_async_io_write_tribble=false -Dsamjdk.compression_level=2 -jar /home1/mharden/.conda/envs/gatk4/share/gatk4-4.2.2.0-1/gatk-package-4.2.2.0-local.jar SortVcf -I 0011-scattered.interval_list.vcf.gz -O 0011-scattered.interval_list.sorted.vcf.gz
18:30:52.211 INFO  NativeLibraryLoader - Loading libgkl_compression.so from jar:file:/home1/mharden/.conda/envs/gatk4/share/gatk4-4.2.2.0-1/gatk-package-4.2.2.0-local.jar!/com/intel/gkl/native/libgkl_compression.so
[Mon Jan 31 18:30:52 PST 2022] SortVcf --INPUT 0011-scattered.interval_list.vcf.gz --OUTPUT 0011-scattered.interval_list.sorted.vcf.gz --VERBOSITY INFO --QUIET false --VALIDATION_STRINGENCY STRICT --COMPRESSION_LEVEL 2 --MAX_RECORDS_IN_RAM 500000 --CREATE_INDEX true --CREATE_MD5_FILE false --GA4GH_CLIENT_SECRETS client_secrets.json --help false --version false --showHidden false --USE_JDK_DEFLATER false --USE_JDK_INFLATER false
Jan 31, 2022 6:30:52 PM shaded.cloud_nio.com.google.auth.oauth2.ComputeEngineCredentials runningOnComputeEngine
INFO: Failed to detect whether we are running on Google Compute Engine.
[Mon Jan 31 18:30:52 PST 2022] Executing as mharden@a01-03.hpc.usc.edu on Linux 3.10.0-1062.4.1.el7.x86_64 amd64; OpenJDK 64-Bit Server VM 1.8.0_302-b08; Deflater: Intel; Inflater: Intel; Provider GCS is available; Picard version: Version:4.2.2.0
INFO	2022-01-31 18:30:52	SortVcf	Reading entries from input file 1
INFO	2022-01-31 18:30:53	SortVcf	read        25,000 records.  Elapsed time: 00:00:00s.  Time for last 25,000:    0s.  Last read position: LG02:11,306,968
INFO	2022-01-31 18:30:54	SortVcf	read        50,000 records.  Elapsed time: 00:00:01s.  Time for last 25,000:    0s.  Last read position: LG02:11,857,197
INFO	2022-01-31 18:30:54	SortVcf	read        75,000 records.  Elapsed time: 00:00:01s.  Time for last 25,000:    0s.  Last read position: LG02:12,374,690
INFO	2022-01-31 18:30:55	SortVcf	read       100,000 records.  Elapsed time: 00:00:02s.  Time for last 25,000:    1s.  Last read position: LG02:12,876,087
INFO	2022-01-31 18:30:55	SortVcf	read       125,000 records.  Elapsed time: 00:00:03s.  Time for last 25,000:    0s.  Last read position: LG02:13,289,050
INFO	2022-01-31 18:30:56	SortVcf	read       150,000 records.  Elapsed time: 00:00:03s.  Time for last 25,000:    0s.  Last read position: LG02:13,819,161
INFO	2022-01-31 18:30:56	SortVcf	read       175,000 records.  Elapsed time: 00:00:04s.  Time for last 25,000:    0s.  Last read position: LG02:14,369,408
INFO	2022-01-31 18:30:57	SortVcf	read       200,000 records.  Elapsed time: 00:00:04s.  Time for last 25,000:    0s.  Last read position: LG02:14,718,983
INFO	2022-01-31 18:30:57	SortVcf	read       225,000 records.  Elapsed time: 00:00:04s.  Time for last 25,000:    0s.  Last read position: LG02:15,074,931
INFO	2022-01-31 18:30:57	SortVcf	read       250,000 records.  Elapsed time: 00:00:05s.  Time for last 25,000:    0s.  Last read position: LG02:15,347,024
INFO	2022-01-31 18:30:58	SortVcf	read       275,000 records.  Elapsed time: 00:00:05s.  Time for last 25,000:    0s.  Last read position: LG02:15,616,183
INFO	2022-01-31 18:30:58	SortVcf	read       300,000 records.  Elapsed time: 00:00:06s.  Time for last 25,000:    0s.  Last read position: LG02:15,881,612
INFO	2022-01-31 18:30:58	SortVcf	read       325,000 records.  Elapsed time: 00:00:06s.  Time for last 25,000:    0s.  Last read position: LG02:16,304,691
INFO	2022-01-31 18:30:59	SortVcf	read       350,000 records.  Elapsed time: 00:00:06s.  Time for last 25,000:    0s.  Last read position: LG02:16,758,896
INFO	2022-01-31 18:31:00	SortVcf	read       375,000 records.  Elapsed time: 00:00:08s.  Time for last 25,000:    1s.  Last read position: LG02:17,122,894
INFO	2022-01-31 18:31:01	SortVcf	read       400,000 records.  Elapsed time: 00:00:08s.  Time for last 25,000:    0s.  Last read position: LG02:17,569,121
INFO	2022-01-31 18:31:01	SortVcf	read       425,000 records.  Elapsed time: 00:00:08s.  Time for last 25,000:    0s.  Last read position: LG02:18,025,237
INFO	2022-01-31 18:31:01	SortVcf	read       450,000 records.  Elapsed time: 00:00:09s.  Time for last 25,000:    0s.  Last read position: LG02:18,587,832
INFO	2022-01-31 18:31:01	SortVcf	read       475,000 records.  Elapsed time: 00:00:09s.  Time for last 25,000:    0s.  Last read position: LG03:84,505
INFO	2022-01-31 18:31:02	SortVcf	read       500,000 records.  Elapsed time: 00:00:09s.  Time for last 25,000:    0s.  Last read position: LG03:680,446
INFO	2022-01-31 18:31:07	SortVcf	read       525,000 records.  Elapsed time: 00:00:14s.  Time for last 25,000:    4s.  Last read position: LG03:1,251,534
INFO	2022-01-31 18:31:08	SortVcf	read       550,000 records.  Elapsed time: 00:00:15s.  Time for last 25,000:    1s.  Last read position: LG03:1,781,990
INFO	2022-01-31 18:31:08	SortVcf	read       575,000 records.  Elapsed time: 00:00:16s.  Time for last 25,000:    0s.  Last read position: LG03:2,175,003
INFO	2022-01-31 18:31:08	SortVcf	read       600,000 records.  Elapsed time: 00:00:16s.  Time for last 25,000:    0s.  Last read position: LG03:2,514,747
INFO	2022-01-31 18:31:10	SortVcf	read       625,000 records.  Elapsed time: 00:00:17s.  Time for last 25,000:    1s.  Last read position: LG03:2,977,308
INFO	2022-01-31 18:31:10	SortVcf	read       650,000 records.  Elapsed time: 00:00:18s.  Time for last 25,000:    0s.  Last read position: LG03:3,518,037
INFO	2022-01-31 18:31:10	SortVcf	read       675,000 records.  Elapsed time: 00:00:18s.  Time for last 25,000:    0s.  Last read position: LG03:4,009,761
INFO	2022-01-31 18:31:10	SortVcf	read       700,000 records.  Elapsed time: 00:00:18s.  Time for last 25,000:    0s.  Last read position: LG03:4,561,668
INFO	2022-01-31 18:31:11	SortVcf	read       725,000 records.  Elapsed time: 00:00:18s.  Time for last 25,000:    0s.  Last read position: LG03:4,987,657
INFO	2022-01-31 18:31:11	SortVcf	read       750,000 records.  Elapsed time: 00:00:18s.  Time for last 25,000:    0s.  Last read position: LG03:5,425,090
INFO	2022-01-31 18:31:11	SortVcf	read       775,000 records.  Elapsed time: 00:00:19s.  Time for last 25,000:    0s.  Last read position: LG03:5,856,824
INFO	2022-01-31 18:31:11	SortVcf	read       800,000 records.  Elapsed time: 00:00:19s.  Time for last 25,000:    0s.  Last read position: LG03:6,131,702
INFO	2022-01-31 18:31:13	SortVcf	read       825,000 records.  Elapsed time: 00:00:20s.  Time for last 25,000:    1s.  Last read position: LG03:6,472,581
INFO	2022-01-31 18:31:13	SortVcf	read       850,000 records.  Elapsed time: 00:00:21s.  Time for last 25,000:    0s.  Last read position: LG03:7,342,921
INFO	2022-01-31 18:31:13	SortVcf	read       875,000 records.  Elapsed time: 00:00:21s.  Time for last 25,000:    0s.  Last read position: LG03:7,866,900
INFO	2022-01-31 18:31:14	SortVcf	read       900,000 records.  Elapsed time: 00:00:21s.  Time for last 25,000:    0s.  Last read position: LG03:8,842,450
INFO	2022-01-31 18:31:14	SortVcf	read       925,000 records.  Elapsed time: 00:00:21s.  Time for last 25,000:    0s.  Last read position: LG03:9,602,411
INFO	2022-01-31 18:31:14	SortVcf	read       950,000 records.  Elapsed time: 00:00:22s.  Time for last 25,000:    0s.  Last read position: LG03:10,211,053
INFO	2022-01-31 18:31:14	SortVcf	read       975,000 records.  Elapsed time: 00:00:22s.  Time for last 25,000:    0s.  Last read position: LG03:10,857,149
18:31:14.821 WARN  IntelInflater - Zero Bytes Written : 0
INFO	2022-01-31 18:31:23	SortVcf	wrote        25,000 records.  Elapsed time: 00:00:08s.  Time for last 25,000:    0s.  Last read position: LG02:11,306,968
INFO	2022-01-31 18:31:23	SortVcf	wrote        50,000 records.  Elapsed time: 00:00:08s.  Time for last 25,000:    0s.  Last read position: LG02:11,857,197
INFO	2022-01-31 18:31:24	SortVcf	wrote        75,000 records.  Elapsed time: 00:00:09s.  Time for last 25,000:    0s.  Last read position: LG02:12,374,690
INFO	2022-01-31 18:31:24	SortVcf	wrote       100,000 records.  Elapsed time: 00:00:09s.  Time for last 25,000:    0s.  Last read position: LG02:12,876,087
INFO	2022-01-31 18:31:24	SortVcf	wrote       125,000 records.  Elapsed time: 00:00:09s.  Time for last 25,000:    0s.  Last read position: LG02:13,289,050
INFO	2022-01-31 18:31:25	SortVcf	wrote       150,000 records.  Elapsed time: 00:00:10s.  Time for last 25,000:    0s.  Last read position: LG02:13,819,161
INFO	2022-01-31 18:31:25	SortVcf	wrote       175,000 records.  Elapsed time: 00:00:10s.  Time for last 25,000:    0s.  Last read position: LG02:14,369,408
INFO	2022-01-31 18:31:25	SortVcf	wrote       200,000 records.  Elapsed time: 00:00:10s.  Time for last 25,000:    0s.  Last read position: LG02:14,718,983
INFO	2022-01-31 18:31:25	SortVcf	wrote       225,000 records.  Elapsed time: 00:00:11s.  Time for last 25,000:    0s.  Last read position: LG02:15,074,931
INFO	2022-01-31 18:31:26	SortVcf	wrote       250,000 records.  Elapsed time: 00:00:11s.  Time for last 25,000:    0s.  Last read position: LG02:15,347,024
INFO	2022-01-31 18:31:26	SortVcf	wrote       275,000 records.  Elapsed time: 00:00:11s.  Time for last 25,000:    0s.  Last read position: LG02:15,616,183
INFO	2022-01-31 18:31:26	SortVcf	wrote       300,000 records.  Elapsed time: 00:00:11s.  Time for last 25,000:    0s.  Last read position: LG02:15,881,612
INFO	2022-01-31 18:31:27	SortVcf	wrote       325,000 records.  Elapsed time: 00:00:12s.  Time for last 25,000:    0s.  Last read position: LG02:16,304,691
INFO	2022-01-31 18:31:27	SortVcf	wrote       350,000 records.  Elapsed time: 00:00:12s.  Time for last 25,000:    0s.  Last read position: LG02:16,758,896
INFO	2022-01-31 18:31:27	SortVcf	wrote       375,000 records.  Elapsed time: 00:00:12s.  Time for last 25,000:    0s.  Last read position: LG02:17,122,894
INFO	2022-01-31 18:31:27	SortVcf	wrote       400,000 records.  Elapsed time: 00:00:13s.  Time for last 25,000:    0s.  Last read position: LG02:17,569,121
INFO	2022-01-31 18:31:28	SortVcf	wrote       425,000 records.  Elapsed time: 00:00:13s.  Time for last 25,000:    0s.  Last read position: LG02:18,025,237
INFO	2022-01-31 18:31:28	SortVcf	wrote       450,000 records.  Elapsed time: 00:00:13s.  Time for last 25,000:    0s.  Last read position: LG02:18,587,832
INFO	2022-01-31 18:31:28	SortVcf	wrote       475,000 records.  Elapsed time: 00:00:14s.  Time for last 25,000:    0s.  Last read position: LG03:84,505
INFO	2022-01-31 18:31:29	SortVcf	wrote       500,000 records.  Elapsed time: 00:00:14s.  Time for last 25,000:    0s.  Last read position: LG03:680,446
INFO	2022-01-31 18:31:29	SortVcf	wrote       525,000 records.  Elapsed time: 00:00:14s.  Time for last 25,000:    0s.  Last read position: LG03:1,251,534
INFO	2022-01-31 18:31:29	SortVcf	wrote       550,000 records.  Elapsed time: 00:00:14s.  Time for last 25,000:    0s.  Last read position: LG03:1,781,990
INFO	2022-01-31 18:31:30	SortVcf	wrote       575,000 records.  Elapsed time: 00:00:15s.  Time for last 25,000:    0s.  Last read position: LG03:2,175,003
INFO	2022-01-31 18:31:30	SortVcf	wrote       600,000 records.  Elapsed time: 00:00:15s.  Time for last 25,000:    0s.  Last read position: LG03:2,514,747
INFO	2022-01-31 18:31:30	SortVcf	wrote       625,000 records.  Elapsed time: 00:00:15s.  Time for last 25,000:    0s.  Last read position: LG03:2,977,308
INFO	2022-01-31 18:31:31	SortVcf	wrote       650,000 records.  Elapsed time: 00:00:16s.  Time for last 25,000:    0s.  Last read position: LG03:3,518,037
INFO	2022-01-31 18:31:31	SortVcf	wrote       675,000 records.  Elapsed time: 00:00:16s.  Time for last 25,000:    0s.  Last read position: LG03:4,009,761
INFO	2022-01-31 18:31:31	SortVcf	wrote       700,000 records.  Elapsed time: 00:00:16s.  Time for last 25,000:    0s.  Last read position: LG03:4,561,668
INFO	2022-01-31 18:31:32	SortVcf	wrote       725,000 records.  Elapsed time: 00:00:17s.  Time for last 25,000:    0s.  Last read position: LG03:4,987,657
INFO	2022-01-31 18:31:32	SortVcf	wrote       750,000 records.  Elapsed time: 00:00:17s.  Time for last 25,000:    0s.  Last read position: LG03:5,425,090
INFO	2022-01-31 18:31:32	SortVcf	wrote       775,000 records.  Elapsed time: 00:00:17s.  Time for last 25,000:    0s.  Last read position: LG03:5,856,824
INFO	2022-01-31 18:31:33	SortVcf	wrote       800,000 records.  Elapsed time: 00:00:18s.  Time for last 25,000:    0s.  Last read position: LG03:6,131,702
INFO	2022-01-31 18:31:54	SortVcf	wrote       825,000 records.  Elapsed time: 00:00:39s.  Time for last 25,000:   21s.  Last read position: LG03:6,472,581
INFO	2022-01-31 18:31:54	SortVcf	wrote       850,000 records.  Elapsed time: 00:00:40s.  Time for last 25,000:    0s.  Last read position: LG03:7,342,921
INFO	2022-01-31 18:31:55	SortVcf	wrote       875,000 records.  Elapsed time: 00:00:40s.  Time for last 25,000:    0s.  Last read position: LG03:7,866,900
INFO	2022-01-31 18:31:55	SortVcf	wrote       900,000 records.  Elapsed time: 00:00:40s.  Time for last 25,000:    0s.  Last read position: LG03:8,842,450
INFO	2022-01-31 18:31:55	SortVcf	wrote       925,000 records.  Elapsed time: 00:00:40s.  Time for last 25,000:    0s.  Last read position: LG03:9,602,411
INFO	2022-01-31 18:31:56	SortVcf	wrote       950,000 records.  Elapsed time: 00:00:41s.  Time for last 25,000:    0s.  Last read position: LG03:10,211,053
INFO	2022-01-31 18:31:56	SortVcf	wrote       975,000 records.  Elapsed time: 00:00:41s.  Time for last 25,000:    0s.  Last read position: LG03:10,857,149
[Mon Jan 31 18:31:56 PST 2022] picard.vcf.SortVcf done. Elapsed time: 1.07 minutes.
Runtime.totalMemory()=13062111232
Tool returned:
0
