==========================================
SLURM_JOB_ID = 7188730
SLURM_JOB_NODELIST = a02-11
TMPDIR = /tmp/SLURM_7188730
==========================================
Using GATK jar /home1/mharden/.conda/envs/gatk4/share/gatk4-4.2.2.0-1/gatk-package-4.2.2.0-local.jar
Running:
    java -Dsamjdk.use_async_io_read_samtools=false -Dsamjdk.use_async_io_write_samtools=true -Dsamjdk.use_async_io_write_tribble=false -Dsamjdk.compression_level=2 -jar /home1/mharden/.conda/envs/gatk4/share/gatk4-4.2.2.0-1/gatk-package-4.2.2.0-local.jar GenotypeGVCFs -R Kr2015_Undaria.pinnatifida_superscaffolds.fasta --sequence-dictionary Kr2015_Undaria.pinnatifida_superscaffolds.dict -V gendb://0011-scattered.interval_list_data -O 0011-scattered.interval_list.vcf.gz
11:34:18.851 INFO  NativeLibraryLoader - Loading libgkl_compression.so from jar:file:/home1/mharden/.conda/envs/gatk4/share/gatk4-4.2.2.0-1/gatk-package-4.2.2.0-local.jar!/com/intel/gkl/native/libgkl_compression.so
Jan 21, 2022 11:34:18 AM shaded.cloud_nio.com.google.auth.oauth2.ComputeEngineCredentials runningOnComputeEngine
INFO: Failed to detect whether we are running on Google Compute Engine.
11:34:18.941 INFO  GenotypeGVCFs - ------------------------------------------------------------
11:34:18.942 INFO  GenotypeGVCFs - The Genome Analysis Toolkit (GATK) v4.2.2.0
11:34:18.942 INFO  GenotypeGVCFs - For support and documentation go to https://software.broadinstitute.org/gatk/
11:34:18.942 INFO  GenotypeGVCFs - Executing as mharden@a02-11.hpc.usc.edu on Linux v3.10.0-1062.4.1.el7.x86_64 amd64
11:34:18.942 INFO  GenotypeGVCFs - Java runtime: OpenJDK 64-Bit Server VM v1.8.0_302-b08
11:34:18.942 INFO  GenotypeGVCFs - Start Date/Time: January 21, 2022 11:34:18 AM PST
11:34:18.942 INFO  GenotypeGVCFs - ------------------------------------------------------------
11:34:18.942 INFO  GenotypeGVCFs - ------------------------------------------------------------
11:34:18.943 INFO  GenotypeGVCFs - HTSJDK Version: 2.24.1
11:34:18.943 INFO  GenotypeGVCFs - Picard Version: 2.25.4
11:34:18.943 INFO  GenotypeGVCFs - Built for Spark Version: 2.4.5
11:34:18.943 INFO  GenotypeGVCFs - HTSJDK Defaults.COMPRESSION_LEVEL : 2
11:34:18.943 INFO  GenotypeGVCFs - HTSJDK Defaults.USE_ASYNC_IO_READ_FOR_SAMTOOLS : false
11:34:18.943 INFO  GenotypeGVCFs - HTSJDK Defaults.USE_ASYNC_IO_WRITE_FOR_SAMTOOLS : true
11:34:18.943 INFO  GenotypeGVCFs - HTSJDK Defaults.USE_ASYNC_IO_WRITE_FOR_TRIBBLE : false
11:34:18.943 INFO  GenotypeGVCFs - Deflater: IntelDeflater
11:34:18.943 INFO  GenotypeGVCFs - Inflater: IntelInflater
11:34:18.943 INFO  GenotypeGVCFs - GCS max retries/reopens: 20
11:34:18.943 INFO  GenotypeGVCFs - Requester pays: disabled
11:34:18.943 INFO  GenotypeGVCFs - Initializing engine
11:34:19.348 INFO  GenomicsDBLibLoader - GenomicsDB native library version : 1.4.1-d59e886
11:34:19.709 info  NativeGenomicsDB - pid=52045 tid=52046 No valid combination operation found for INFO field InbreedingCoeff  - the field will NOT be part of INFO fields in the generated VCF records
11:34:19.709 info  NativeGenomicsDB - pid=52045 tid=52046 No valid combination operation found for INFO field MLEAC  - the field will NOT be part of INFO fields in the generated VCF records
11:34:19.709 info  NativeGenomicsDB - pid=52045 tid=52046 No valid combination operation found for INFO field MLEAF  - the field will NOT be part of INFO fields in the generated VCF records
11:34:19.978 INFO  GenotypeGVCFs - Done initializing engine
11:34:20.007 INFO  ProgressMeter - Starting traversal
11:34:20.007 INFO  ProgressMeter -        Current Locus  Elapsed Minutes    Variants Processed  Variants/Minute
11:36:00.468 INFO  ProgressMeter -        LG02:10800014              1.7                  1000            597.2
11:36:10.483 INFO  ProgressMeter -        LG02:10870320              1.8                 69000          37474.5
11:36:31.435 INFO  ProgressMeter -        LG02:10883344              2.2                 82000          37434.9
11:36:43.292 INFO  ProgressMeter -        LG02:10957118              2.4                155000          64905.6
11:37:24.613 INFO  ProgressMeter -        LG02:10967910              3.1                164000          53302.7
11:37:34.618 INFO  ProgressMeter -        LG02:11040365              3.2                235000          72452.2
11:37:55.794 INFO  ProgressMeter -        LG02:11050555              3.6                245000          68122.7
11:38:07.760 INFO  ProgressMeter -        LG02:11171494              3.8                330000          86936.3
11:38:54.871 INFO  ProgressMeter -        LG02:11185715              4.6                344000          75091.7
11:39:04.990 INFO  ProgressMeter -        LG02:11259532              4.7                417000          87794.7
11:39:28.451 INFO  ProgressMeter -        LG02:11265643              5.1                423000          82284.0
11:39:40.328 INFO  ProgressMeter -        LG02:11328483              5.3                484000          90659.1
11:40:26.138 INFO  ProgressMeter -        LG02:11350677              6.1                506000          82921.1
11:40:36.204 INFO  ProgressMeter -        LG02:11418123              6.3                572000          91228.8
11:40:57.077 INFO  ProgressMeter -        LG02:11435513              6.6                589000          89001.9
11:41:07.181 INFO  ProgressMeter -        LG02:11497668              6.8                649000          95634.8
11:41:55.272 INFO  ProgressMeter -        LG02:11528024              7.6                678000          89354.6
11:42:05.290 INFO  ProgressMeter -        LG02:11609673              7.8                758000          97747.0
11:42:28.073 INFO  ProgressMeter -        LG02:11612676              8.1                761000          93552.9
11:42:38.147 INFO  ProgressMeter -        LG02:11694363              8.3                841000         101296.8
11:43:19.814 INFO  ProgressMeter -        LG02:11695379              9.0                842000          93589.0
11:43:31.344 INFO  ProgressMeter -        LG02:11789744              9.2                917000          99793.8
11:43:56.340 INFO  ProgressMeter -        LG02:11818148              9.6                944000          98276.5
11:44:06.423 INFO  ProgressMeter -        LG02:11888529              9.8               1013000         103646.6
11:44:46.929 INFO  ProgressMeter -        LG02:11904765             10.4               1028000          98385.4
11:44:56.981 INFO  ProgressMeter -        LG02:11976042             10.6               1094000         103049.7
11:45:19.644 INFO  ProgressMeter -        LG02:11994099             11.0               1112000         101147.2
11:45:29.676 INFO  ProgressMeter -        LG02:12064835             11.2               1182000         105903.1
11:46:13.545 INFO  ProgressMeter -        LG02:12076324             11.9               1193000         100317.0
11:46:23.838 INFO  ProgressMeter -        LG02:12199736             12.1               1278000         105936.3
11:46:47.733 INFO  ProgressMeter -        LG02:12226776             12.5               1305000         104717.5
11:46:57.780 INFO  ProgressMeter -        LG02:12288663             12.6               1366000         108159.0
11:47:41.229 INFO  ProgressMeter -        LG02:12321113             13.4               1391000         104165.9
11:47:52.416 INFO  ProgressMeter -        LG02:12403053             13.5               1453000         107310.5
11:48:17.679 INFO  ProgressMeter -        LG02:12429086             14.0               1479000         105936.5
11:48:27.681 INFO  ProgressMeter -        LG02:12501870             14.1               1551000         109782.8
11:49:13.302 INFO  ProgressMeter -        LG02:12512240             14.9               1561000         104847.8
11:49:23.331 INFO  ProgressMeter -        LG02:12584022             15.1               1631000         108333.2
11:49:47.158 INFO  ProgressMeter -        LG02:12597174             15.5               1644000         106390.4
11:49:57.228 INFO  ProgressMeter -        LG02:12694237             15.6               1715000         109792.7
11:50:46.123 INFO  ProgressMeter -        LG02:12738806             16.4               1755000         106782.6
11:50:56.163 INFO  ProgressMeter -        LG02:12812071             16.6               1827000         110043.0
11:51:17.831 INFO  ProgressMeter -        LG02:12820098             17.0               1835000         108171.9
11:51:29.151 INFO  ProgressMeter -        LG02:12885339             17.2               1899000         110713.4
11:52:16.917 INFO  ProgressMeter -        LG02:12903532             17.9               1917000         106805.6
11:52:26.942 INFO  ProgressMeter -        LG02:12975001             18.1               1988000         109739.8
11:53:05.067 INFO  ProgressMeter -        LG02:12985294             18.8               1998000         106554.3
11:53:15.389 INFO  ProgressMeter -        LG02:13040125             18.9               2051000         108386.4
11:54:07.903 INFO  ProgressMeter -        LG02:13073508             19.8               2080000         105059.7
11:54:17.943 INFO  ProgressMeter -        LG02:13151825             20.0               2143000         107334.6
11:54:45.437 INFO  ProgressMeter -        LG02:13182653             20.4               2171000         106297.4
11:54:55.440 INFO  ProgressMeter -        LG02:13248557             20.6               2236000         108593.6
11:55:38.376 INFO  ProgressMeter -        LG02:13268569             21.3               2256000         105884.9
11:55:49.454 INFO  ProgressMeter -        LG02:13341478             21.5               2328000         108325.5
11:56:15.687 INFO  ProgressMeter -        LG02:13351496             21.9               2338000         106621.7
11:56:25.752 INFO  ProgressMeter -        LG02:13420653             22.1               2406000         108889.7
11:57:14.434 INFO  ProgressMeter -        LG02:13435683             22.9               2421000         105687.7
11:57:25.133 INFO  ProgressMeter -        LG02:13498175             23.1               2483000         107557.0
11:57:48.586 INFO  ProgressMeter -        LG02:13516420             23.5               2501000         106532.9
11:57:58.601 INFO  ProgressMeter -        LG02:13590161             23.6               2574000         108868.4
11:58:41.188 INFO  ProgressMeter -        LG02:13595177             24.4               2579000         105900.6
11:58:51.888 INFO  ProgressMeter -        LG02:13653690             24.5               2637000         107495.1
11:59:15.249 INFO  ProgressMeter -        LG02:13689052             24.9               2667000         107019.5
11:59:25.285 INFO  ProgressMeter -        LG02:13765166             25.1               2742000         109295.4
12:00:11.524 INFO  ProgressMeter -        LG02:13772171             25.9               2749000         106308.9
12:00:21.686 INFO  ProgressMeter -        LG02:13826384             26.0               2803000         107691.9
12:00:45.759 INFO  ProgressMeter -        LG02:13854532             26.4               2831000         107116.4
12:00:58.093 INFO  ProgressMeter -        LG02:13929536             26.6               2905000         109068.0
12:01:39.001 INFO  ProgressMeter -        LG02:13935539             27.3               2911000         106565.4
12:01:49.001 INFO  ProgressMeter -        LG02:14010308             27.5               2985000         108611.7
12:02:11.162 INFO  ProgressMeter -        LG02:14016313             27.9               2991000         107386.8
12:02:22.755 INFO  ProgressMeter -        LG02:14087919             28.0               3062000         109178.6
12:03:08.404 INFO  ProgressMeter -        LG02:14097933             28.8               3072000         106642.2
12:03:18.458 INFO  ProgressMeter -        LG02:14178639             29.0               3148000         108648.4
12:03:39.223 INFO  ProgressMeter -        LG02:14183642             29.3               3153000         107536.5
12:03:50.426 INFO  ProgressMeter -        LG02:14250088             29.5               3218000         109058.9
12:04:34.782 INFO  ProgressMeter -        LG02:14280437             30.2               3240000         107120.7
12:04:45.211 INFO  ProgressMeter -        LG02:14368534             30.4               3314000         108941.2
12:05:08.596 INFO  ProgressMeter -        LG02:14397662             30.8               3342000         108471.9
12:05:18.644 INFO  ProgressMeter -        LG02:14458555             31.0               3398000         109693.3
12:06:07.759 INFO  ProgressMeter -        LG02:14489836             31.8               3428000         107812.8
12:06:17.791 INFO  ProgressMeter -        LG02:14551980             32.0               3489000         109157.2
12:06:43.884 INFO  ProgressMeter -        LG02:14574018             32.4               3511000         108371.1
12:06:53.943 INFO  ProgressMeter -        LG02:14649583             32.6               3578000         109870.6
12:07:40.802 INFO  ProgressMeter -        LG02:14676955             33.3               3605000         108107.0
12:07:50.874 INFO  ProgressMeter -        LG02:14735181             33.5               3663000         109296.1
12:08:19.896 INFO  ProgressMeter -        LG02:14755336             34.0               3683000         108329.4
12:08:29.906 INFO  ProgressMeter -        LG02:14810441             34.2               3737000         109381.0
12:09:20.910 INFO  ProgressMeter -        LG02:14834814             35.0               3761000         107411.0
12:09:31.773 INFO  ProgressMeter -        LG02:14899918             35.2               3825000         108676.8
12:09:53.669 INFO  ProgressMeter -        LG02:14918965             35.6               3844000         108095.8
12:10:03.719 INFO  ProgressMeter -        LG02:14985242             35.7               3908000         109380.4
12:10:55.718 INFO  ProgressMeter -        LG02:15033507             36.6               3939000         107637.1
12:11:06.507 INFO  ProgressMeter -        LG02:15090770             36.8               3993000         108579.2
12:11:36.053 INFO  ProgressMeter -        LG02:15125418             37.3               4024000         107976.3
12:11:46.232 INFO  ProgressMeter -        LG02:15200886             37.4               4083000         109063.0
12:11:57.360 INFO  ProgressMeter -        LG02:15291824             37.6               4165000         110704.9
12:12:43.110 INFO  ProgressMeter -        LG02:15307863             38.4               4175000         108766.3
12:12:53.195 INFO  ProgressMeter -        LG02:15362700             38.6               4228000         109666.9
12:13:26.017 INFO  ProgressMeter -        LG02:15422839             39.1               4279000         109436.9
12:13:36.022 INFO  ProgressMeter -        LG02:15494651             39.3               4327000         110194.5
12:13:47.980 INFO  ProgressMeter -        LG02:15589514             39.5               4399000         111462.4
12:14:36.222 INFO  ProgressMeter -        LG02:15610093             40.3               4419000         109733.6
12:14:46.595 INFO  ProgressMeter -        LG02:15666262             40.4               4471000         110550.3
12:15:14.740 INFO  ProgressMeter -        LG02:15695745             40.9               4500000         109991.6
12:15:25.444 INFO  ProgressMeter -        LG02:15771630             41.1               4565000         111095.9
12:16:12.587 INFO  ProgressMeter -        LG02:15816134             41.9               4608000         110038.3
12:16:23.555 INFO  ProgressMeter -        LG02:15963929             42.1               4710000         111985.2
12:16:33.593 INFO  ProgressMeter -        LG02:16037060             42.2               4760000         112725.6
12:16:57.140 INFO  ProgressMeter -        LG02:16062274             42.6               4779000         112133.4
12:17:07.197 INFO  ProgressMeter -        LG02:16178759             42.8               4857000         113517.1
12:17:17.288 INFO  ProgressMeter -        LG02:16291217             43.0               4930000         114772.1
12:18:05.598 INFO  ProgressMeter -        LG02:16329180             43.8               4953000         113185.9
12:18:15.618 INFO  ProgressMeter -        LG02:16457674             43.9               5038000         114690.7
12:18:25.716 INFO  ProgressMeter -        LG02:16543135             44.1               5090000         115432.2
12:18:55.032 INFO  ProgressMeter -        LG02:16602577             44.6               5134000         115154.1
12:19:06.125 INFO  ProgressMeter -        LG02:16696485             44.8               5201000         116175.1
12:19:16.146 INFO  ProgressMeter -        LG02:16795461             44.9               5274000         117367.8
12:20:00.555 INFO  ProgressMeter -        LG02:16798478             45.7               5277000         115531.6
12:20:10.591 INFO  ProgressMeter -        LG02:16929759             45.8               5361000         116942.4
12:20:43.284 INFO  ProgressMeter -        LG02:17015073             46.4               5428000         117013.2
12:20:53.380 INFO  ProgressMeter -        LG02:17089939             46.6               5479000         117685.7
12:21:04.931 INFO  ProgressMeter -        LG02:17184487             46.7               5549000         118698.4
12:21:54.291 INFO  ProgressMeter -        LG02:17230574             47.6               5583000         117360.4
12:22:04.692 INFO  ProgressMeter -        LG02:17308649             47.7               5651000         118358.6
12:22:28.856 INFO  ProgressMeter -        LG02:17343276             48.1               5681000         117991.6
12:22:39.923 INFO  ProgressMeter -        LG02:17423800             48.3               5745000         118865.5
12:23:31.083 INFO  ProgressMeter -        LG02:17447118             49.2               5768000         117272.5
12:23:41.141 INFO  ProgressMeter -        LG02:17521625             49.4               5842000         118373.6
12:24:04.709 INFO  ProgressMeter -        LG02:17530822             49.7               5851000         117619.8
12:24:16.185 INFO  ProgressMeter -        LG02:17590375             49.9               5908000         118310.7
12:25:02.937 INFO  ProgressMeter -        LG02:17617631             50.7               5935000         117025.4
12:25:12.955 INFO  ProgressMeter -        LG02:17681315             50.9               5997000         117859.9
12:25:57.202 INFO  ProgressMeter -        LG02:17711126             51.6               6021000         116641.0
12:26:07.233 INFO  ProgressMeter -        LG02:17798438             51.8               6099000         117770.6
12:26:53.798 INFO  ProgressMeter -        LG02:17813070             52.6               6113000         116298.1
12:27:03.815 INFO  ProgressMeter -        LG02:17881912             52.7               6180000         117200.5
12:27:28.468 INFO  ProgressMeter -        LG02:17901625             53.1               6199000         116651.9
12:27:38.477 INFO  ProgressMeter -        LG02:17974363             53.3               6271000         117637.5
12:28:27.117 INFO  ProgressMeter -        LG02:17988393             54.1               6285000         116134.0
12:28:38.150 INFO  ProgressMeter -        LG02:18087419             54.3               6361000         117140.3
12:29:08.201 INFO  ProgressMeter -        LG02:18157708             54.8               6413000         117018.6
12:29:18.231 INFO  ProgressMeter -        LG02:18263009             55.0               6487000         118009.0
12:30:08.434 INFO  ProgressMeter -        LG02:18289042             55.8               6513000         116705.5
12:30:19.419 INFO  ProgressMeter -        LG02:18359569             56.0               6579000         117502.7
12:30:44.170 INFO  ProgressMeter -        LG02:18383822             56.4               6603000         117068.9
12:31:42.703 INFO  ProgressMeter -        LG02:18464027             57.4               6683000         116472.7
12:31:54.797 INFO  ProgressMeter -        LG02:18519694             57.6               6738000         117020.1
12:32:21.990 INFO  ProgressMeter -        LG02:18545840             58.0               6764000         116554.3
12:32:32.039 INFO  ProgressMeter -        LG02:18621066             58.2               6830000         117352.9
12:33:21.464 INFO  ProgressMeter -        LG02:18640273             59.0               6849000         116037.0
12:33:32.430 INFO  ProgressMeter -        LG02:18730344             59.2               6926000         116979.3
12:33:57.438 INFO  ProgressMeter -        LG02:18799860             59.6               6966000         116832.4
12:34:09.029 INFO  ProgressMeter -        LG02:18868055             59.8               7034000         117591.9
12:34:45.008 INFO  ProgressMeter -        LG02:18882144             60.4               7048000         116656.5
12:34:55.064 INFO  ProgressMeter -        LG02:18982414             60.6               7136000         117786.3
12:35:05.115 INFO  ProgressMeter -        LG02:19051332             60.8               7179000         118169.3
12:37:03.350 INFO  ProgressMeter -            LG03:5730             62.7               7205000         114871.3
12:37:13.393 INFO  ProgressMeter -          LG03:109327             62.9               7290000         115917.1
12:37:34.247 INFO  ProgressMeter -          LG03:115270             63.2               7295000         115359.1
12:37:44.251 INFO  ProgressMeter -          LG03:197685             63.4               7373000         116285.9
12:38:32.207 INFO  ProgressMeter -          LG03:211768             64.2               7387000         115056.3
12:38:42.235 INFO  ProgressMeter -          LG03:290939             64.4               7463000         115938.3
12:39:03.458 INFO  ProgressMeter -          LG03:296947             64.7               7469000         115397.4
12:39:13.487 INFO  ProgressMeter -          LG03:367545             64.9               7538000         116163.4
12:39:57.216 INFO  ProgressMeter -          LG03:380612             65.6               7551000         115071.4
12:40:07.421 INFO  ProgressMeter -          LG03:511658             65.8               7642000         116157.1
12:40:30.285 INFO  ProgressMeter -          LG03:556873             66.2               7667000         115865.9
12:40:40.315 INFO  ProgressMeter -          LG03:627501             66.3               7735000         116599.0
12:41:23.684 INFO  ProgressMeter -          LG03:649640             67.1               7752000         115595.8
12:41:33.736 INFO  ProgressMeter -          LG03:726444             67.2               7824000         116378.7
12:41:57.522 INFO  ProgressMeter -          LG03:740827             67.6               7838000         115903.5
12:42:09.125 INFO  ProgressMeter -          LG03:807348             67.8               7903000         116531.4
12:42:52.258 INFO  ProgressMeter -          LG03:825421             68.5               7921000         115571.7
12:43:02.277 INFO  ProgressMeter -          LG03:900225             68.7               7991000         116309.7
12:43:23.827 INFO  ProgressMeter -          LG03:912544             69.1               8003000         115878.6
12:43:34.757 INFO  ProgressMeter -          LG03:975108             69.2               8064000         116454.7
12:44:24.022 INFO  ProgressMeter -          LG03:997179             70.1               8086000         115404.0
12:44:34.054 INFO  ProgressMeter -         LG03:1077911             70.2               8162000         116211.3
12:44:58.085 INFO  ProgressMeter -         LG03:1105616             70.6               8188000         115920.5
12:45:08.941 INFO  ProgressMeter -         LG03:1160341             70.8               8242000         116386.8
12:45:52.072 INFO  ProgressMeter -         LG03:1190597             71.5               8272000         115636.6
12:46:02.076 INFO  ProgressMeter -         LG03:1298013             71.7               8350000         116455.6
12:46:25.176 INFO  ProgressMeter -         LG03:1313746             72.1               8364000         116027.8
12:46:35.202 INFO  ProgressMeter -         LG03:1395741             72.3               8443000         116852.9
12:47:24.415 INFO  ProgressMeter -         LG03:1401744             73.1               8449000         115623.4
12:47:35.490 INFO  ProgressMeter -         LG03:1481549             73.3               8525000         116369.5
12:47:59.541 INFO  ProgressMeter -         LG03:1494058             73.7               8537000         115899.1
12:48:09.596 INFO  ProgressMeter -         LG03:1563497             73.8               8606000         116570.6
12:48:55.837 INFO  ProgressMeter -         LG03:1574503             74.6               8617000         115513.8
12:49:07.458 INFO  ProgressMeter -         LG03:1636934             74.8               8679000         116043.6
12:49:29.573 INFO  ProgressMeter -         LG03:1661020             75.2               8700000         115753.9
12:49:39.584 INFO  ProgressMeter -         LG03:1747726             75.3               8772000         116453.4
12:50:27.930 INFO  ProgressMeter -         LG03:1816348             76.1               8830000         115982.7
12:50:38.845 INFO  ProgressMeter -         LG03:1874771             76.3               8887000         116453.1
12:51:03.689 INFO  ProgressMeter -         LG03:1933012             76.7               8927000         116346.0
12:51:13.713 INFO  ProgressMeter -         LG03:2002186             76.9               8992000         116938.5
12:52:02.828 INFO  ProgressMeter -         LG03:2043485             77.7               9021000         116079.9
12:52:14.191 INFO  ProgressMeter -         LG03:2166284             77.9               9101000         116824.7
12:52:37.830 INFO  ProgressMeter -         LG03:2193368             78.3               9128000         116581.7
12:52:47.902 INFO  ProgressMeter -         LG03:2275022             78.5               9201000         117262.6
12:53:35.654 INFO  ProgressMeter -         LG03:2293048             79.3               9219000         116312.2
12:53:45.683 INFO  ProgressMeter -         LG03:2357999             79.4               9283000         116873.2
12:54:07.492 INFO  ProgressMeter -         LG03:2375137             79.8               9300000         116553.9
12:54:18.812 INFO  ProgressMeter -         LG03:2440881             80.0               9363000         117066.6
12:55:03.048 INFO  ProgressMeter -         LG03:2460282             80.7               9382000         116232.8
12:55:13.097 INFO  ProgressMeter -         LG03:2523953             80.9               9445000         116771.0
12:55:34.404 INFO  ProgressMeter -         LG03:2541834             81.2               9462000         116469.8
12:55:45.332 INFO  ProgressMeter -         LG03:2597669             81.4               9517000         116884.8
12:56:27.688 INFO  ProgressMeter -         LG03:2626137             82.1               9545000         116221.0
12:56:37.731 INFO  ProgressMeter -         LG03:2689564             82.3               9607000         116738.0
12:57:01.162 INFO  ProgressMeter -         LG03:2713204             82.7               9630000         116464.8
12:57:11.201 INFO  ProgressMeter -         LG03:2793307             82.9               9708000         117171.0
12:57:54.886 INFO  ProgressMeter -         LG03:2798310             83.6               9713000         116210.2
12:58:06.379 INFO  ProgressMeter -         LG03:2869475             83.8               9784000         116792.0
12:58:47.801 INFO  ProgressMeter -         LG03:2879544             84.5               9794000         115955.8
12:58:57.828 INFO  ProgressMeter -         LG03:2959283             84.6               9873000         116660.3
12:59:42.525 INFO  ProgressMeter -         LG03:2976557             85.4               9889000         115829.8
12:59:52.602 INFO  ProgressMeter -         LG03:3066352             85.5               9974000         116596.0
13:00:16.634 INFO  ProgressMeter -         LG03:3089590             85.9               9997000         116320.2
13:00:26.645 INFO  ProgressMeter -         LG03:3167957             86.1              10075000         117000.6
13:01:13.456 INFO  ProgressMeter -         LG03:3178018             86.9              10085000         116065.2
13:01:23.563 INFO  ProgressMeter -         LG03:3301401             87.1              10167000         116782.5
13:01:48.750 INFO  ProgressMeter -         LG03:3337973             87.5              10200000         116599.3
13:01:58.759 INFO  ProgressMeter -         LG03:3412465             87.6              10274000         117221.7
13:02:45.560 INFO  ProgressMeter -         LG03:3428485             88.4              10290000         116368.6
13:02:56.426 INFO  ProgressMeter -         LG03:3489009             88.6              10349000         116796.7
13:03:19.652 INFO  ProgressMeter -         LG03:3512298             89.0              10372000         116547.1
13:03:29.653 INFO  ProgressMeter -         LG03:3580572             89.2              10438000         117069.5
13:04:24.410 INFO  ProgressMeter -         LG03:3599852             90.1              10457000         116094.2
13:04:35.287 INFO  ProgressMeter -         LG03:3658098             90.3              10514000         116492.6
13:05:00.422 INFO  ProgressMeter -         LG03:3706561             90.7              10553000         116384.5
13:05:10.438 INFO  ProgressMeter -         LG03:3787512             90.8              10625000         116963.2
13:05:59.956 INFO  ProgressMeter -         LG03:3806961             91.7              10644000         116117.4
13:06:10.022 INFO  ProgressMeter -         LG03:3880440             91.8              10716000         116689.3
13:06:30.310 INFO  ProgressMeter -         LG03:3892136             92.2              10727000         116380.6
13:06:40.340 INFO  ProgressMeter -         LG03:3970323             92.3              10803000         116993.0
13:07:31.103 INFO  ProgressMeter -         LG03:3978457             93.2              10811000         116016.6
13:07:41.105 INFO  ProgressMeter -         LG03:4064405             93.4              10892000         116677.1
13:08:04.298 INFO  ProgressMeter -         LG03:4090742             93.7              10914000         116430.7
13:08:16.408 INFO  ProgressMeter -         LG03:4180319             93.9              10992000         117010.8
13:09:01.638 INFO  ProgressMeter -         LG03:4194553             94.7              11005000         116216.6
13:09:11.714 INFO  ProgressMeter -         LG03:4299107             94.9              11088000         116885.8
13:09:36.850 INFO  ProgressMeter -         LG03:4320336             95.3              11109000         116592.3
13:09:48.483 INFO  ProgressMeter -         LG03:4388010             95.5              11174000         117036.4
13:10:36.572 INFO  ProgressMeter -         LG03:4405128             96.3              11191000         116238.6
13:10:46.636 INFO  ProgressMeter -         LG03:4500472             96.4              11273000         116886.7
13:11:08.917 INFO  ProgressMeter -         LG03:4506525             96.8              11279000         116500.3
13:11:19.468 INFO  ProgressMeter -         LG03:4560279             97.0              11331000         116825.3
13:12:03.222 INFO  ProgressMeter -         LG03:4591620             97.7              11358000         116229.8
13:12:13.289 INFO  ProgressMeter -         LG03:4656333             97.9              11419000         116653.7
13:12:40.153 INFO  ProgressMeter -         LG03:4692804             98.3              11448000         116417.5
13:12:50.185 INFO  ProgressMeter -         LG03:4796997             98.5              11520000         116950.8
13:13:38.733 INFO  ProgressMeter -         LG03:4827535             99.3              11550000         116300.0
13:13:48.766 INFO  ProgressMeter -         LG03:4903832             99.5              11615000         116757.9
13:14:15.581 INFO  ProgressMeter -         LG03:4963906             99.9              11655000         116636.0
13:14:25.618 INFO  ProgressMeter -         LG03:5032836            100.1              11721000         117100.5
13:15:15.366 INFO  ProgressMeter -         LG03:5067919            100.9              11755000         116475.3
13:15:26.713 INFO  ProgressMeter -         LG03:5189132            101.1              11848000         117177.3
13:15:53.785 INFO  ProgressMeter -         LG03:5242611            101.6              11887000         117040.7
13:16:03.797 INFO  ProgressMeter -         LG03:5314388            101.7              11955000         117517.1
13:16:48.816 INFO  ProgressMeter -         LG03:5353131            102.5              11990000         116998.3
13:16:58.821 INFO  ProgressMeter -         LG03:5440135            102.6              12068000         117568.1
13:17:23.227 INFO  ProgressMeter -         LG03:5482057            103.1              12103000         117443.7
13:17:33.252 INFO  ProgressMeter -         LG03:5557623            103.2              12176000         117960.8
13:18:25.638 INFO  ProgressMeter -         LG03:5589873            104.1              12208000         117278.8
13:18:35.676 INFO  ProgressMeter -         LG03:5657742            104.3              12275000         117733.2
13:19:02.821 INFO  ProgressMeter -         LG03:5684416            104.7              12301000         117472.8
13:19:12.836 INFO  ProgressMeter -         LG03:5739031            104.9              12353000         117781.7
13:20:05.763 INFO  ProgressMeter -         LG03:5770515            105.8              12383000         117083.0
13:20:17.413 INFO  ProgressMeter -         LG03:5864632            106.0              12460000         117595.1
13:20:46.165 INFO  ProgressMeter -         LG03:5899913            106.4              12491000         117356.9
13:20:56.187 INFO  ProgressMeter -         LG03:5962971            106.6              12549000         117717.1
13:21:40.758 INFO  ProgressMeter -         LG03:5986080            107.3              12572000         117116.8
13:21:50.792 INFO  ProgressMeter -         LG03:6050240            107.5              12634000         117511.3
13:22:17.505 INFO  ProgressMeter -         LG03:6088664            108.0              12666000         117323.1
13:22:27.535 INFO  ProgressMeter -         LG03:6158376            108.1              12727000         117705.9
13:23:15.680 INFO  ProgressMeter -         LG03:6189123            108.9              12757000         117114.2
13:23:26.212 INFO  ProgressMeter -         LG03:6285952            109.1              12836000         117649.8
13:23:51.177 INFO  ProgressMeter -         LG03:6330213            109.5              12870000         117513.3
13:24:01.242 INFO  ProgressMeter -         LG03:6395402            109.7              12926000         117844.1
13:24:51.262 INFO  ProgressMeter -         LG03:6438451            110.5              12965000         117308.1
13:25:01.284 INFO  ProgressMeter -         LG03:6527988            110.7              13035000         117763.5
13:25:24.050 INFO  ProgressMeter -         LG03:6570063            111.1              13070000         117676.3
13:25:35.842 INFO  ProgressMeter -         LG03:6644806            111.3              13144000         118133.5
13:26:20.826 INFO  ProgressMeter -         LG03:6657071            112.0              13156000         117450.0
13:26:48.227 INFO  ProgressMeter -         LG03:6764147            112.5              13249000         117800.0
13:26:59.300 INFO  ProgressMeter -         LG03:6842396            112.7              13324000         118272.7
13:27:43.079 INFO  ProgressMeter -         LG03:6856401            113.4              13338000         117635.1
13:27:53.111 INFO  ProgressMeter -         LG03:6948723            113.6              13421000         118192.8
13:28:14.501 INFO  ProgressMeter -         LG03:6959097            113.9              13431000         117910.7
13:28:25.469 INFO  ProgressMeter -         LG03:7032851            114.1              13501000         118335.3
13:29:12.413 INFO  ProgressMeter -         LG03:7050012            114.9              13518000         117677.3
13:29:43.193 INFO  ProgressMeter -         LG03:7134292            115.4              13602000         117882.1
13:29:53.875 INFO  ProgressMeter -         LG03:7203715            115.6              13669000         118280.3
13:30:39.692 INFO  ProgressMeter -         LG03:7221852            116.3              13687000         117658.6
13:30:49.750 INFO  ProgressMeter -         LG03:7313270            116.5              13772000         118218.9
13:31:10.225 INFO  ProgressMeter -         LG03:7315274            116.8              13774000         117890.8
13:31:21.046 INFO  ProgressMeter -         LG03:7374867            117.0              13833000         118213.3
13:32:27.681 INFO  ProgressMeter -         LG03:7396882            118.1              13855000         117288.1
13:32:37.743 INFO  ProgressMeter -         LG03:7463273            118.3              13920000         117671.3
13:33:01.638 INFO  ProgressMeter -         LG03:7484935            118.7              13938000         117428.2
13:33:12.228 INFO  ProgressMeter -         LG03:7536819            118.9              13989000         117682.8
13:33:56.752 INFO  ProgressMeter -         LG03:7567980            119.6              14019000         117203.6
13:34:06.761 INFO  ProgressMeter -         LG03:7656092            119.8              14102000         117733.3
13:34:30.057 INFO  ProgressMeter -         LG03:7671312            120.2              14116000         117469.4
13:34:40.083 INFO  ProgressMeter -         LG03:7754849            120.3              14187000         117896.3
13:35:25.206 INFO  ProgressMeter -         LG03:7770471            121.1              14202000         117287.9
13:35:35.323 INFO  ProgressMeter -         LG03:7870579            121.3              14285000         117809.3
13:35:58.179 INFO  ProgressMeter -         LG03:7896989            121.6              14309000         117637.7
13:36:08.190 INFO  ProgressMeter -         LG03:8002934            121.8              14400000         118223.6
13:36:52.804 INFO  ProgressMeter -         LG03:8033021            122.5              14428000         117734.8
13:37:02.822 INFO  ProgressMeter -         LG03:8187523            122.7              14514000         118275.4
13:37:26.125 INFO  ProgressMeter -         LG03:8247196            123.1              14548000         118178.5
13:37:36.161 INFO  ProgressMeter -         LG03:8364175            123.3              14631000         118691.4
13:38:23.317 INFO  ProgressMeter -         LG03:8476181            124.1              14676000         118302.2
13:38:34.393 INFO  ProgressMeter -         LG03:8672850            124.2              14785000         119003.8
13:38:59.690 INFO  ProgressMeter -         LG03:8700312            124.7              14812000         118817.9
13:39:09.785 INFO  ProgressMeter -         LG03:8769855            124.8              14878000         119186.4
13:39:55.239 INFO  ProgressMeter -         LG03:8796222            125.6              14899000         118634.7
13:40:06.536 INFO  ProgressMeter -         LG03:8889609            125.8              14973000         119045.5
13:40:30.839 INFO  ProgressMeter -         LG03:8993362            126.2              15035000         119154.7
13:40:40.854 INFO  ProgressMeter -         LG03:9086567            126.3              15123000         119693.7
13:41:27.069 INFO  ProgressMeter -         LG03:9089570            127.1              15126000         118992.1
13:41:37.150 INFO  ProgressMeter -         LG03:9223457            127.3              15219000         119565.7
13:41:59.390 INFO  ProgressMeter -         LG03:9234827            127.7              15230000         119304.6
13:42:09.391 INFO  ProgressMeter -         LG03:9316276            127.8              15306000         119743.6
13:42:57.845 INFO  ProgressMeter -         LG03:9326409            128.6              15316000         119069.6
13:43:07.900 INFO  ProgressMeter -         LG03:9402663            128.8              15390000         119489.2
13:43:28.763 INFO  ProgressMeter -         LG03:9413955            129.1              15399000         119237.2
13:43:39.515 INFO  ProgressMeter -         LG03:9491346            129.3              15474000         119651.9
13:44:20.302 INFO  ProgressMeter -         LG03:9501452            130.0              15484000         119103.2
13:44:30.373 INFO  ProgressMeter -         LG03:9598601            130.2              15563000         119556.5
13:44:53.209 INFO  ProgressMeter -         LG03:9615281            130.6              15579000         119330.5
13:45:03.271 INFO  ProgressMeter -         LG03:9697951            130.7              15651000         119728.2
13:45:50.662 INFO  ProgressMeter -         LG03:9745413            131.5              15677000         119206.8
13:46:00.720 INFO  ProgressMeter -         LG03:9832139            131.7              15762000         119700.6
13:46:21.100 INFO  ProgressMeter -         LG03:9833140            132.0              15763000         119400.2
13:46:31.830 INFO  ProgressMeter -         LG03:9894616            132.2              15824000         119700.1
13:47:11.679 INFO  ProgressMeter -         LG03:9915651            132.9              15845000         119259.8
13:47:38.925 INFO  ProgressMeter -         LG03:9998000            133.3              15927000         119468.7
13:47:48.963 INFO  ProgressMeter -        LG03:10056488            133.5              15985000         119753.4
13:48:30.607 INFO  ProgressMeter -        LG03:10082889            134.2              16009000         119312.8
13:48:40.623 INFO  ProgressMeter -        LG03:10167773            134.3              16085000         119730.3
13:49:04.951 INFO  ProgressMeter -        LG03:10180482            134.7              16097000         119459.1
13:49:14.967 INFO  ProgressMeter -        LG03:10244609            134.9              16160000         119778.2
13:49:53.755 INFO  ProgressMeter -        LG03:10261297            135.6              16176000         119325.1
13:50:03.763 INFO  ProgressMeter -        LG03:10329892            135.7              16241000         119657.3
13:50:25.202 INFO  ProgressMeter -        LG03:10357984            136.1              16265000         119519.5
13:51:18.333 INFO  ProgressMeter -        LG03:10457709            137.0              16355000         119403.9
13:51:28.444 INFO  ProgressMeter -        LG03:10526329            137.1              16423000         119753.0
13:51:49.717 INFO  ProgressMeter -        LG03:10543184            137.5              16439000         119560.6
13:52:34.134 INFO  ProgressMeter -        LG03:10623256            138.2              16518000         119491.8
13:52:44.789 INFO  ProgressMeter -        LG03:10684698            138.4              16579000         119779.2
13:53:04.154 INFO  ProgressMeter -        LG03:10704796            138.7              16599000         119644.7
13:53:14.207 INFO  ProgressMeter -        LG03:10817236            138.9              16688000         120141.1
13:53:39.240 INFO  ProgressMeter -        LG03:10863527            139.3              16719000         120003.8
GENOMICSDB_TIMER,GenomicsDB iterator next() timer,Wall-clock time(s),7218.234730498122,Cpu time(s),1032.3042547469356
13:53:48.574 INFO  ProgressMeter -        LG03:10946265            139.5              16800781         120456.3
13:53:48.574 INFO  ProgressMeter - Traversal complete. Processed 16800781 total variants in 139.5 minutes.
13:53:48.585 INFO  GenotypeGVCFs - Shutting down engine
[January 21, 2022 1:53:48 PM PST] org.broadinstitute.hellbender.tools.walkers.GenotypeGVCFs done. Elapsed time: 139.50 minutes.
Runtime.totalMemory()=1703936000
