==========================================
SLURM_JOB_ID = 7264067
SLURM_JOB_NODELIST = a01-03
TMPDIR = /tmp/SLURM_7264067
==========================================
Using GATK jar /home1/mharden/.conda/envs/gatk4/share/gatk4-4.2.2.0-1/gatk-package-4.2.2.0-local.jar
Running:
    java -Dsamjdk.use_async_io_read_samtools=false -Dsamjdk.use_async_io_write_samtools=true -Dsamjdk.use_async_io_write_tribble=false -Dsamjdk.compression_level=2 -jar /home1/mharden/.conda/envs/gatk4/share/gatk4-4.2.2.0-1/gatk-package-4.2.2.0-local.jar SortVcf -I 0007-scattered.interval_list.vcf.gz -O 0007-scattered.interval_list.sorted.vcf.gz
18:27:20.253 INFO  NativeLibraryLoader - Loading libgkl_compression.so from jar:file:/home1/mharden/.conda/envs/gatk4/share/gatk4-4.2.2.0-1/gatk-package-4.2.2.0-local.jar!/com/intel/gkl/native/libgkl_compression.so
[Mon Jan 31 18:27:20 PST 2022] SortVcf --INPUT 0007-scattered.interval_list.vcf.gz --OUTPUT 0007-scattered.interval_list.sorted.vcf.gz --VERBOSITY INFO --QUIET false --VALIDATION_STRINGENCY STRICT --COMPRESSION_LEVEL 2 --MAX_RECORDS_IN_RAM 500000 --CREATE_INDEX true --CREATE_MD5_FILE false --GA4GH_CLIENT_SECRETS client_secrets.json --help false --version false --showHidden false --USE_JDK_DEFLATER false --USE_JDK_INFLATER false
Jan 31, 2022 6:27:20 PM shaded.cloud_nio.com.google.auth.oauth2.ComputeEngineCredentials runningOnComputeEngine
INFO: Failed to detect whether we are running on Google Compute Engine.
[Mon Jan 31 18:27:20 PST 2022] Executing as mharden@a01-03.hpc.usc.edu on Linux 3.10.0-1062.4.1.el7.x86_64 amd64; OpenJDK 64-Bit Server VM 1.8.0_302-b08; Deflater: Intel; Inflater: Intel; Provider GCS is available; Picard version: Version:4.2.2.0
INFO	2022-01-31 18:27:20	SortVcf	Reading entries from input file 1
INFO	2022-01-31 18:27:21	SortVcf	read        25,000 records.  Elapsed time: 00:00:01s.  Time for last 25,000:    1s.  Last read position: LG00:135,717,632
INFO	2022-01-31 18:27:21	SortVcf	read        50,000 records.  Elapsed time: 00:00:01s.  Time for last 25,000:    0s.  Last read position: LG00:136,900,929
INFO	2022-01-31 18:27:22	SortVcf	read        75,000 records.  Elapsed time: 00:00:01s.  Time for last 25,000:    0s.  Last read position: LG00:138,276,716
INFO	2022-01-31 18:27:22	SortVcf	read       100,000 records.  Elapsed time: 00:00:02s.  Time for last 25,000:    0s.  Last read position: LG00:140,081,016
INFO	2022-01-31 18:27:25	SortVcf	read       125,000 records.  Elapsed time: 00:00:05s.  Time for last 25,000:    2s.  Last read position: LG00:141,579,876
INFO	2022-01-31 18:27:25	SortVcf	read       150,000 records.  Elapsed time: 00:00:05s.  Time for last 25,000:    0s.  Last read position: LG00:143,066,301
INFO	2022-01-31 18:27:26	SortVcf	read       175,000 records.  Elapsed time: 00:00:05s.  Time for last 25,000:    0s.  Last read position: LG00:144,782,786
INFO	2022-01-31 18:27:26	SortVcf	read       200,000 records.  Elapsed time: 00:00:05s.  Time for last 25,000:    0s.  Last read position: LG00:146,261,455
INFO	2022-01-31 18:27:26	SortVcf	read       225,000 records.  Elapsed time: 00:00:05s.  Time for last 25,000:    0s.  Last read position: LG00:147,484,867
INFO	2022-01-31 18:27:26	SortVcf	read       250,000 records.  Elapsed time: 00:00:06s.  Time for last 25,000:    0s.  Last read position: LG00:149,354,736
INFO	2022-01-31 18:27:27	SortVcf	read       275,000 records.  Elapsed time: 00:00:06s.  Time for last 25,000:    0s.  Last read position: LG00:151,204,760
INFO	2022-01-31 18:27:27	SortVcf	read       300,000 records.  Elapsed time: 00:00:06s.  Time for last 25,000:    0s.  Last read position: LG00:152,516,152
18:27:27.462 WARN  IntelInflater - Zero Bytes Written : 0
INFO	2022-01-31 18:28:19	SortVcf	wrote        25,000 records.  Elapsed time: 00:00:51s.  Time for last 25,000:   38s.  Last read position: LG00:135,717,632
INFO	2022-01-31 18:28:19	SortVcf	wrote        50,000 records.  Elapsed time: 00:00:51s.  Time for last 25,000:    0s.  Last read position: LG00:136,900,929
INFO	2022-01-31 18:28:19	SortVcf	wrote        75,000 records.  Elapsed time: 00:00:52s.  Time for last 25,000:    0s.  Last read position: LG00:138,276,716
INFO	2022-01-31 18:28:19	SortVcf	wrote       100,000 records.  Elapsed time: 00:00:52s.  Time for last 25,000:    0s.  Last read position: LG00:140,081,016
INFO	2022-01-31 18:28:19	SortVcf	wrote       125,000 records.  Elapsed time: 00:00:52s.  Time for last 25,000:    0s.  Last read position: LG00:141,579,876
INFO	2022-01-31 18:28:19	SortVcf	wrote       150,000 records.  Elapsed time: 00:00:52s.  Time for last 25,000:    0s.  Last read position: LG00:143,066,301
INFO	2022-01-31 18:28:20	SortVcf	wrote       175,000 records.  Elapsed time: 00:00:52s.  Time for last 25,000:    0s.  Last read position: LG00:144,782,786
INFO	2022-01-31 18:28:20	SortVcf	wrote       200,000 records.  Elapsed time: 00:00:52s.  Time for last 25,000:    0s.  Last read position: LG00:146,261,455
INFO	2022-01-31 18:28:20	SortVcf	wrote       225,000 records.  Elapsed time: 00:00:52s.  Time for last 25,000:    0s.  Last read position: LG00:147,484,867
INFO	2022-01-31 18:28:20	SortVcf	wrote       250,000 records.  Elapsed time: 00:00:53s.  Time for last 25,000:    0s.  Last read position: LG00:149,354,736
INFO	2022-01-31 18:28:20	SortVcf	wrote       275,000 records.  Elapsed time: 00:00:53s.  Time for last 25,000:    0s.  Last read position: LG00:151,204,760
INFO	2022-01-31 18:28:20	SortVcf	wrote       300,000 records.  Elapsed time: 00:00:53s.  Time for last 25,000:    0s.  Last read position: LG00:152,516,152
[Mon Jan 31 18:28:21 PST 2022] picard.vcf.SortVcf done. Elapsed time: 1.01 minutes.
Runtime.totalMemory()=3714580480
Tool returned:
0
