==========================================
SLURM_JOB_ID = 7264071
SLURM_JOB_NODELIST = a01-03
TMPDIR = /tmp/SLURM_7264071
==========================================
Using GATK jar /home1/mharden/.conda/envs/gatk4/share/gatk4-4.2.2.0-1/gatk-package-4.2.2.0-local.jar
Running:
    java -Dsamjdk.use_async_io_read_samtools=false -Dsamjdk.use_async_io_write_samtools=true -Dsamjdk.use_async_io_write_tribble=false -Dsamjdk.compression_level=2 -jar /home1/mharden/.conda/envs/gatk4/share/gatk4-4.2.2.0-1/gatk-package-4.2.2.0-local.jar SortVcf -I 0009-scattered.interval_list.vcf.gz -O 0009-scattered.interval_list.sorted.vcf.gz
18:29:09.068 INFO  NativeLibraryLoader - Loading libgkl_compression.so from jar:file:/home1/mharden/.conda/envs/gatk4/share/gatk4-4.2.2.0-1/gatk-package-4.2.2.0-local.jar!/com/intel/gkl/native/libgkl_compression.so
[Mon Jan 31 18:29:09 PST 2022] SortVcf --INPUT 0009-scattered.interval_list.vcf.gz --OUTPUT 0009-scattered.interval_list.sorted.vcf.gz --VERBOSITY INFO --QUIET false --VALIDATION_STRINGENCY STRICT --COMPRESSION_LEVEL 2 --MAX_RECORDS_IN_RAM 500000 --CREATE_INDEX true --CREATE_MD5_FILE false --GA4GH_CLIENT_SECRETS client_secrets.json --help false --version false --showHidden false --USE_JDK_DEFLATER false --USE_JDK_INFLATER false
Jan 31, 2022 6:29:09 PM shaded.cloud_nio.com.google.auth.oauth2.ComputeEngineCredentials runningOnComputeEngine
INFO: Failed to detect whether we are running on Google Compute Engine.
[Mon Jan 31 18:29:09 PST 2022] Executing as mharden@a01-03.hpc.usc.edu on Linux 3.10.0-1062.4.1.el7.x86_64 amd64; OpenJDK 64-Bit Server VM 1.8.0_302-b08; Deflater: Intel; Inflater: Intel; Provider GCS is available; Picard version: Version:4.2.2.0
INFO	2022-01-31 18:29:09	SortVcf	Reading entries from input file 1
INFO	2022-01-31 18:29:10	SortVcf	read        25,000 records.  Elapsed time: 00:00:00s.  Time for last 25,000:    0s.  Last read position: LG01:171,123
INFO	2022-01-31 18:29:11	SortVcf	read        50,000 records.  Elapsed time: 00:00:01s.  Time for last 25,000:    0s.  Last read position: LG01:669,802
INFO	2022-01-31 18:29:12	SortVcf	read        75,000 records.  Elapsed time: 00:00:02s.  Time for last 25,000:    0s.  Last read position: LG01:1,168,351
INFO	2022-01-31 18:29:12	SortVcf	read       100,000 records.  Elapsed time: 00:00:02s.  Time for last 25,000:    0s.  Last read position: LG01:1,811,922
INFO	2022-01-31 18:29:13	SortVcf	read       125,000 records.  Elapsed time: 00:00:03s.  Time for last 25,000:    0s.  Last read position: LG01:2,444,043
INFO	2022-01-31 18:29:13	SortVcf	read       150,000 records.  Elapsed time: 00:00:03s.  Time for last 25,000:    0s.  Last read position: LG01:2,840,477
INFO	2022-01-31 18:29:13	SortVcf	read       175,000 records.  Elapsed time: 00:00:04s.  Time for last 25,000:    0s.  Last read position: LG01:3,313,955
INFO	2022-01-31 18:29:14	SortVcf	read       200,000 records.  Elapsed time: 00:00:04s.  Time for last 25,000:    0s.  Last read position: LG01:3,937,747
INFO	2022-01-31 18:29:14	SortVcf	read       225,000 records.  Elapsed time: 00:00:04s.  Time for last 25,000:    0s.  Last read position: LG01:4,861,325
INFO	2022-01-31 18:29:14	SortVcf	read       250,000 records.  Elapsed time: 00:00:04s.  Time for last 25,000:    0s.  Last read position: LG01:5,635,899
INFO	2022-01-31 18:29:14	SortVcf	read       275,000 records.  Elapsed time: 00:00:05s.  Time for last 25,000:    0s.  Last read position: LG01:6,377,375
INFO	2022-01-31 18:29:15	SortVcf	read       300,000 records.  Elapsed time: 00:00:05s.  Time for last 25,000:    0s.  Last read position: LG01:7,067,259
INFO	2022-01-31 18:29:16	SortVcf	read       325,000 records.  Elapsed time: 00:00:06s.  Time for last 25,000:    1s.  Last read position: LG01:7,699,969
INFO	2022-01-31 18:29:16	SortVcf	read       350,000 records.  Elapsed time: 00:00:06s.  Time for last 25,000:    0s.  Last read position: LG01:8,388,857
INFO	2022-01-31 18:29:16	SortVcf	read       375,000 records.  Elapsed time: 00:00:06s.  Time for last 25,000:    0s.  Last read position: LG01:9,228,902
INFO	2022-01-31 18:29:16	SortVcf	read       400,000 records.  Elapsed time: 00:00:07s.  Time for last 25,000:    0s.  Last read position: LG01:10,089,562
INFO	2022-01-31 18:29:17	SortVcf	read       425,000 records.  Elapsed time: 00:00:07s.  Time for last 25,000:    0s.  Last read position: LG01:10,887,673
INFO	2022-01-31 18:29:17	SortVcf	read       450,000 records.  Elapsed time: 00:00:07s.  Time for last 25,000:    0s.  Last read position: LG01:11,269,541
INFO	2022-01-31 18:29:17	SortVcf	read       475,000 records.  Elapsed time: 00:00:07s.  Time for last 25,000:    0s.  Last read position: LG01:11,786,934
INFO	2022-01-31 18:29:17	SortVcf	read       500,000 records.  Elapsed time: 00:00:08s.  Time for last 25,000:    0s.  Last read position: LG01:12,269,435
INFO	2022-01-31 18:29:43	SortVcf	read       525,000 records.  Elapsed time: 00:00:33s.  Time for last 25,000:   25s.  Last read position: LG01:12,668,897
INFO	2022-01-31 18:29:43	SortVcf	read       550,000 records.  Elapsed time: 00:00:34s.  Time for last 25,000:    0s.  Last read position: LG01:13,477,767
INFO	2022-01-31 18:29:44	SortVcf	read       575,000 records.  Elapsed time: 00:00:34s.  Time for last 25,000:    0s.  Last read position: LG01:14,215,390
INFO	2022-01-31 18:29:45	SortVcf	read       600,000 records.  Elapsed time: 00:00:35s.  Time for last 25,000:    0s.  Last read position: LG01:14,699,897
INFO	2022-01-31 18:29:45	SortVcf	read       625,000 records.  Elapsed time: 00:00:35s.  Time for last 25,000:    0s.  Last read position: LG01:15,147,743
INFO	2022-01-31 18:29:45	SortVcf	read       650,000 records.  Elapsed time: 00:00:35s.  Time for last 25,000:    0s.  Last read position: LG01:15,539,820
INFO	2022-01-31 18:29:45	SortVcf	read       675,000 records.  Elapsed time: 00:00:36s.  Time for last 25,000:    0s.  Last read position: LG01:15,878,286
INFO	2022-01-31 18:29:46	SortVcf	read       700,000 records.  Elapsed time: 00:00:36s.  Time for last 25,000:    0s.  Last read position: LG01:16,448,223
INFO	2022-01-31 18:29:46	SortVcf	read       725,000 records.  Elapsed time: 00:00:36s.  Time for last 25,000:    0s.  Last read position: LG01:17,108,065
INFO	2022-01-31 18:29:46	SortVcf	read       750,000 records.  Elapsed time: 00:00:36s.  Time for last 25,000:    0s.  Last read position: LG01:17,614,943
INFO	2022-01-31 18:29:46	SortVcf	read       775,000 records.  Elapsed time: 00:00:36s.  Time for last 25,000:    0s.  Last read position: LG01:18,075,317
18:29:46.980 WARN  IntelInflater - Zero Bytes Written : 0
INFO	2022-01-31 18:29:50	SortVcf	wrote        25,000 records.  Elapsed time: 00:00:03s.  Time for last 25,000:    0s.  Last read position: LG01:171,123
INFO	2022-01-31 18:29:50	SortVcf	wrote        50,000 records.  Elapsed time: 00:00:03s.  Time for last 25,000:    0s.  Last read position: LG01:669,802
INFO	2022-01-31 18:29:50	SortVcf	wrote        75,000 records.  Elapsed time: 00:00:03s.  Time for last 25,000:    0s.  Last read position: LG01:1,168,351
INFO	2022-01-31 18:29:51	SortVcf	wrote       100,000 records.  Elapsed time: 00:00:04s.  Time for last 25,000:    0s.  Last read position: LG01:1,811,922
INFO	2022-01-31 18:29:51	SortVcf	wrote       125,000 records.  Elapsed time: 00:00:04s.  Time for last 25,000:    0s.  Last read position: LG01:2,444,043
INFO	2022-01-31 18:29:51	SortVcf	wrote       150,000 records.  Elapsed time: 00:00:04s.  Time for last 25,000:    0s.  Last read position: LG01:2,840,477
INFO	2022-01-31 18:29:55	SortVcf	wrote       175,000 records.  Elapsed time: 00:00:08s.  Time for last 25,000:    3s.  Last read position: LG01:3,313,955
INFO	2022-01-31 18:29:56	SortVcf	wrote       200,000 records.  Elapsed time: 00:00:09s.  Time for last 25,000:    0s.  Last read position: LG01:3,937,747
INFO	2022-01-31 18:29:56	SortVcf	wrote       225,000 records.  Elapsed time: 00:00:09s.  Time for last 25,000:    0s.  Last read position: LG01:4,861,325
INFO	2022-01-31 18:29:56	SortVcf	wrote       250,000 records.  Elapsed time: 00:00:09s.  Time for last 25,000:    0s.  Last read position: LG01:5,635,899
INFO	2022-01-31 18:29:56	SortVcf	wrote       275,000 records.  Elapsed time: 00:00:09s.  Time for last 25,000:    0s.  Last read position: LG01:6,377,375
INFO	2022-01-31 18:29:57	SortVcf	wrote       300,000 records.  Elapsed time: 00:00:10s.  Time for last 25,000:    0s.  Last read position: LG01:7,067,259
INFO	2022-01-31 18:29:57	SortVcf	wrote       325,000 records.  Elapsed time: 00:00:10s.  Time for last 25,000:    0s.  Last read position: LG01:7,699,969
INFO	2022-01-31 18:29:57	SortVcf	wrote       350,000 records.  Elapsed time: 00:00:10s.  Time for last 25,000:    0s.  Last read position: LG01:8,388,857
INFO	2022-01-31 18:29:58	SortVcf	wrote       375,000 records.  Elapsed time: 00:00:11s.  Time for last 25,000:    0s.  Last read position: LG01:9,228,902
INFO	2022-01-31 18:29:58	SortVcf	wrote       400,000 records.  Elapsed time: 00:00:11s.  Time for last 25,000:    0s.  Last read position: LG01:10,089,562
INFO	2022-01-31 18:29:58	SortVcf	wrote       425,000 records.  Elapsed time: 00:00:11s.  Time for last 25,000:    0s.  Last read position: LG01:10,887,673
INFO	2022-01-31 18:29:59	SortVcf	wrote       450,000 records.  Elapsed time: 00:00:12s.  Time for last 25,000:    0s.  Last read position: LG01:11,269,541
INFO	2022-01-31 18:29:59	SortVcf	wrote       475,000 records.  Elapsed time: 00:00:12s.  Time for last 25,000:    0s.  Last read position: LG01:11,786,934
INFO	2022-01-31 18:29:59	SortVcf	wrote       500,000 records.  Elapsed time: 00:00:12s.  Time for last 25,000:    0s.  Last read position: LG01:12,269,435
INFO	2022-01-31 18:29:59	SortVcf	wrote       525,000 records.  Elapsed time: 00:00:12s.  Time for last 25,000:    0s.  Last read position: LG01:12,668,897
INFO	2022-01-31 18:30:00	SortVcf	wrote       550,000 records.  Elapsed time: 00:00:13s.  Time for last 25,000:    0s.  Last read position: LG01:13,477,767
INFO	2022-01-31 18:30:00	SortVcf	wrote       575,000 records.  Elapsed time: 00:00:13s.  Time for last 25,000:    0s.  Last read position: LG01:14,215,390
INFO	2022-01-31 18:30:01	SortVcf	wrote       600,000 records.  Elapsed time: 00:00:14s.  Time for last 25,000:    0s.  Last read position: LG01:14,699,897
INFO	2022-01-31 18:30:45	SortVcf	wrote       625,000 records.  Elapsed time: 00:00:58s.  Time for last 25,000:   44s.  Last read position: LG01:15,147,743
INFO	2022-01-31 18:30:47	SortVcf	wrote       650,000 records.  Elapsed time: 00:01:00s.  Time for last 25,000:    1s.  Last read position: LG01:15,539,820
INFO	2022-01-31 18:30:48	SortVcf	wrote       675,000 records.  Elapsed time: 00:01:01s.  Time for last 25,000:    1s.  Last read position: LG01:15,878,286
INFO	2022-01-31 18:30:49	SortVcf	wrote       700,000 records.  Elapsed time: 00:01:02s.  Time for last 25,000:    0s.  Last read position: LG01:16,448,223
INFO	2022-01-31 18:30:49	SortVcf	wrote       725,000 records.  Elapsed time: 00:01:02s.  Time for last 25,000:    0s.  Last read position: LG01:17,108,065
INFO	2022-01-31 18:30:49	SortVcf	wrote       750,000 records.  Elapsed time: 00:01:02s.  Time for last 25,000:    0s.  Last read position: LG01:17,614,943
INFO	2022-01-31 18:30:50	SortVcf	wrote       775,000 records.  Elapsed time: 00:01:03s.  Time for last 25,000:    0s.  Last read position: LG01:18,075,317
[Mon Jan 31 18:30:50 PST 2022] picard.vcf.SortVcf done. Elapsed time: 1.69 minutes.
Runtime.totalMemory()=10534518784
Tool returned:
0
