==========================================
SLURM_JOB_ID = 7264081
SLURM_JOB_NODELIST = a01-03
TMPDIR = /tmp/SLURM_7264081
==========================================
Using GATK jar /home1/mharden/.conda/envs/gatk4/share/gatk4-4.2.2.0-1/gatk-package-4.2.2.0-local.jar
Running:
    java -Dsamjdk.use_async_io_read_samtools=false -Dsamjdk.use_async_io_write_samtools=true -Dsamjdk.use_async_io_write_tribble=false -Dsamjdk.compression_level=2 -jar /home1/mharden/.conda/envs/gatk4/share/gatk4-4.2.2.0-1/gatk-package-4.2.2.0-local.jar SortVcf -I 0014-scattered.interval_list.vcf.gz -O 0014-scattered.interval_list.sorted.vcf.gz
18:33:45.218 INFO  NativeLibraryLoader - Loading libgkl_compression.so from jar:file:/home1/mharden/.conda/envs/gatk4/share/gatk4-4.2.2.0-1/gatk-package-4.2.2.0-local.jar!/com/intel/gkl/native/libgkl_compression.so
[Mon Jan 31 18:33:45 PST 2022] SortVcf --INPUT 0014-scattered.interval_list.vcf.gz --OUTPUT 0014-scattered.interval_list.sorted.vcf.gz --VERBOSITY INFO --QUIET false --VALIDATION_STRINGENCY STRICT --COMPRESSION_LEVEL 2 --MAX_RECORDS_IN_RAM 500000 --CREATE_INDEX true --CREATE_MD5_FILE false --GA4GH_CLIENT_SECRETS client_secrets.json --help false --version false --showHidden false --USE_JDK_DEFLATER false --USE_JDK_INFLATER false
Jan 31, 2022 6:33:45 PM shaded.cloud_nio.com.google.auth.oauth2.ComputeEngineCredentials runningOnComputeEngine
INFO: Failed to detect whether we are running on Google Compute Engine.
[Mon Jan 31 18:33:45 PST 2022] Executing as mharden@a01-03.hpc.usc.edu on Linux 3.10.0-1062.4.1.el7.x86_64 amd64; OpenJDK 64-Bit Server VM 1.8.0_302-b08; Deflater: Intel; Inflater: Intel; Provider GCS is available; Picard version: Version:4.2.2.0
INFO	2022-01-31 18:33:45	SortVcf	Reading entries from input file 1
INFO	2022-01-31 18:33:46	SortVcf	read        25,000 records.  Elapsed time: 00:00:00s.  Time for last 25,000:    0s.  Last read position: LG05:17,854,200
INFO	2022-01-31 18:33:46	SortVcf	read        50,000 records.  Elapsed time: 00:00:01s.  Time for last 25,000:    0s.  Last read position: LG05:18,599,751
INFO	2022-01-31 18:33:46	SortVcf	read        75,000 records.  Elapsed time: 00:00:01s.  Time for last 25,000:    0s.  Last read position: LG05:19,265,074
INFO	2022-01-31 18:33:47	SortVcf	read       100,000 records.  Elapsed time: 00:00:01s.  Time for last 25,000:    0s.  Last read position: LG05:19,728,437
INFO	2022-01-31 18:33:47	SortVcf	read       125,000 records.  Elapsed time: 00:00:02s.  Time for last 25,000:    0s.  Last read position: LG05:20,503,975
INFO	2022-01-31 18:33:47	SortVcf	read       150,000 records.  Elapsed time: 00:00:02s.  Time for last 25,000:    0s.  Last read position: LG05:21,171,991
INFO	2022-01-31 18:33:48	SortVcf	read       175,000 records.  Elapsed time: 00:00:02s.  Time for last 25,000:    0s.  Last read position: LG05:21,726,759
INFO	2022-01-31 18:33:48	SortVcf	read       200,000 records.  Elapsed time: 00:00:02s.  Time for last 25,000:    0s.  Last read position: LG06:258,989
INFO	2022-01-31 18:33:48	SortVcf	read       225,000 records.  Elapsed time: 00:00:03s.  Time for last 25,000:    0s.  Last read position: LG06:793,526
INFO	2022-01-31 18:33:48	SortVcf	read       250,000 records.  Elapsed time: 00:00:03s.  Time for last 25,000:    0s.  Last read position: LG06:1,359,461
INFO	2022-01-31 18:33:49	SortVcf	read       275,000 records.  Elapsed time: 00:00:03s.  Time for last 25,000:    0s.  Last read position: LG06:2,043,909
INFO	2022-01-31 18:33:49	SortVcf	read       300,000 records.  Elapsed time: 00:00:03s.  Time for last 25,000:    0s.  Last read position: LG06:2,654,946
INFO	2022-01-31 18:33:49	SortVcf	read       325,000 records.  Elapsed time: 00:00:04s.  Time for last 25,000:    0s.  Last read position: LG06:3,402,796
INFO	2022-01-31 18:33:50	SortVcf	read       350,000 records.  Elapsed time: 00:00:05s.  Time for last 25,000:    1s.  Last read position: LG06:4,167,883
INFO	2022-01-31 18:33:51	SortVcf	read       375,000 records.  Elapsed time: 00:00:05s.  Time for last 25,000:    0s.  Last read position: LG06:4,838,667
INFO	2022-01-31 18:33:51	SortVcf	read       400,000 records.  Elapsed time: 00:00:05s.  Time for last 25,000:    0s.  Last read position: LG06:5,683,473
INFO	2022-01-31 18:33:51	SortVcf	read       425,000 records.  Elapsed time: 00:00:06s.  Time for last 25,000:    0s.  Last read position: LG06:6,516,436
INFO	2022-01-31 18:33:51	SortVcf	read       450,000 records.  Elapsed time: 00:00:06s.  Time for last 25,000:    0s.  Last read position: LG06:6,960,644
INFO	2022-01-31 18:33:52	SortVcf	read       475,000 records.  Elapsed time: 00:00:06s.  Time for last 25,000:    0s.  Last read position: LG06:7,445,269
INFO	2022-01-31 18:33:52	SortVcf	read       500,000 records.  Elapsed time: 00:00:07s.  Time for last 25,000:    0s.  Last read position: LG06:8,025,991
INFO	2022-01-31 18:33:57	SortVcf	read       525,000 records.  Elapsed time: 00:00:12s.  Time for last 25,000:    5s.  Last read position: LG06:8,547,987
INFO	2022-01-31 18:33:57	SortVcf	read       550,000 records.  Elapsed time: 00:00:12s.  Time for last 25,000:    0s.  Last read position: LG06:9,159,327
INFO	2022-01-31 18:33:58	SortVcf	read       575,000 records.  Elapsed time: 00:00:12s.  Time for last 25,000:    0s.  Last read position: LG06:9,914,103
INFO	2022-01-31 18:33:58	SortVcf	read       600,000 records.  Elapsed time: 00:00:12s.  Time for last 25,000:    0s.  Last read position: LG06:10,532,639
INFO	2022-01-31 18:33:58	SortVcf	read       625,000 records.  Elapsed time: 00:00:13s.  Time for last 25,000:    0s.  Last read position: LG06:11,128,263
INFO	2022-01-31 18:33:58	SortVcf	read       650,000 records.  Elapsed time: 00:00:13s.  Time for last 25,000:    0s.  Last read position: LG06:11,587,795
INFO	2022-01-31 18:33:59	SortVcf	read       675,000 records.  Elapsed time: 00:00:14s.  Time for last 25,000:    0s.  Last read position: LG06:11,957,349
INFO	2022-01-31 18:34:01	SortVcf	read       700,000 records.  Elapsed time: 00:00:16s.  Time for last 25,000:    1s.  Last read position: LG07:44,033
INFO	2022-01-31 18:34:01	SortVcf	read       725,000 records.  Elapsed time: 00:00:16s.  Time for last 25,000:    0s.  Last read position: LG07:733,212
INFO	2022-01-31 18:34:01	SortVcf	read       750,000 records.  Elapsed time: 00:00:16s.  Time for last 25,000:    0s.  Last read position: LG07:1,386,911
INFO	2022-01-31 18:34:02	SortVcf	read       775,000 records.  Elapsed time: 00:00:17s.  Time for last 25,000:    0s.  Last read position: LG07:1,827,938
18:34:02.688 WARN  IntelInflater - Zero Bytes Written : 0
INFO	2022-01-31 18:34:29	SortVcf	wrote        25,000 records.  Elapsed time: 00:00:26s.  Time for last 25,000:    0s.  Last read position: LG05:17,854,200
INFO	2022-01-31 18:34:29	SortVcf	wrote        50,000 records.  Elapsed time: 00:00:26s.  Time for last 25,000:    0s.  Last read position: LG05:18,599,751
INFO	2022-01-31 18:34:29	SortVcf	wrote        75,000 records.  Elapsed time: 00:00:27s.  Time for last 25,000:    0s.  Last read position: LG05:19,265,074
INFO	2022-01-31 18:34:30	SortVcf	wrote       100,000 records.  Elapsed time: 00:00:27s.  Time for last 25,000:    0s.  Last read position: LG05:19,728,437
INFO	2022-01-31 18:34:30	SortVcf	wrote       125,000 records.  Elapsed time: 00:00:27s.  Time for last 25,000:    0s.  Last read position: LG05:20,503,975
INFO	2022-01-31 18:34:30	SortVcf	wrote       150,000 records.  Elapsed time: 00:00:28s.  Time for last 25,000:    0s.  Last read position: LG05:21,171,991
INFO	2022-01-31 18:34:31	SortVcf	wrote       175,000 records.  Elapsed time: 00:00:28s.  Time for last 25,000:    0s.  Last read position: LG05:21,726,759
INFO	2022-01-31 18:34:31	SortVcf	wrote       200,000 records.  Elapsed time: 00:00:28s.  Time for last 25,000:    0s.  Last read position: LG06:258,989
INFO	2022-01-31 18:34:31	SortVcf	wrote       225,000 records.  Elapsed time: 00:00:29s.  Time for last 25,000:    0s.  Last read position: LG06:793,526
INFO	2022-01-31 18:34:31	SortVcf	wrote       250,000 records.  Elapsed time: 00:00:29s.  Time for last 25,000:    0s.  Last read position: LG06:1,359,461
INFO	2022-01-31 18:34:32	SortVcf	wrote       275,000 records.  Elapsed time: 00:00:29s.  Time for last 25,000:    0s.  Last read position: LG06:2,043,909
INFO	2022-01-31 18:34:32	SortVcf	wrote       300,000 records.  Elapsed time: 00:00:29s.  Time for last 25,000:    0s.  Last read position: LG06:2,654,946
INFO	2022-01-31 18:34:32	SortVcf	wrote       325,000 records.  Elapsed time: 00:00:30s.  Time for last 25,000:    0s.  Last read position: LG06:3,402,796
INFO	2022-01-31 18:34:33	SortVcf	wrote       350,000 records.  Elapsed time: 00:00:30s.  Time for last 25,000:    0s.  Last read position: LG06:4,167,883
INFO	2022-01-31 18:34:33	SortVcf	wrote       375,000 records.  Elapsed time: 00:00:30s.  Time for last 25,000:    0s.  Last read position: LG06:4,838,667
INFO	2022-01-31 18:34:33	SortVcf	wrote       400,000 records.  Elapsed time: 00:00:31s.  Time for last 25,000:    0s.  Last read position: LG06:5,683,473
INFO	2022-01-31 18:34:34	SortVcf	wrote       425,000 records.  Elapsed time: 00:00:31s.  Time for last 25,000:    0s.  Last read position: LG06:6,516,436
INFO	2022-01-31 18:34:34	SortVcf	wrote       450,000 records.  Elapsed time: 00:00:31s.  Time for last 25,000:    0s.  Last read position: LG06:6,960,644
INFO	2022-01-31 18:34:34	SortVcf	wrote       475,000 records.  Elapsed time: 00:00:31s.  Time for last 25,000:    0s.  Last read position: LG06:7,445,269
INFO	2022-01-31 18:34:34	SortVcf	wrote       500,000 records.  Elapsed time: 00:00:32s.  Time for last 25,000:    0s.  Last read position: LG06:8,025,991
INFO	2022-01-31 18:34:35	SortVcf	wrote       525,000 records.  Elapsed time: 00:00:32s.  Time for last 25,000:    0s.  Last read position: LG06:8,547,987
INFO	2022-01-31 18:34:35	SortVcf	wrote       550,000 records.  Elapsed time: 00:00:32s.  Time for last 25,000:    0s.  Last read position: LG06:9,159,327
INFO	2022-01-31 18:34:35	SortVcf	wrote       575,000 records.  Elapsed time: 00:00:33s.  Time for last 25,000:    0s.  Last read position: LG06:9,914,103
INFO	2022-01-31 18:34:36	SortVcf	wrote       600,000 records.  Elapsed time: 00:00:33s.  Time for last 25,000:    0s.  Last read position: LG06:10,532,639
INFO	2022-01-31 18:34:36	SortVcf	wrote       625,000 records.  Elapsed time: 00:00:33s.  Time for last 25,000:    0s.  Last read position: LG06:11,128,263
INFO	2022-01-31 18:34:36	SortVcf	wrote       650,000 records.  Elapsed time: 00:00:33s.  Time for last 25,000:    0s.  Last read position: LG06:11,587,795
INFO	2022-01-31 18:34:36	SortVcf	wrote       675,000 records.  Elapsed time: 00:00:34s.  Time for last 25,000:    0s.  Last read position: LG06:11,957,349
INFO	2022-01-31 18:34:37	SortVcf	wrote       700,000 records.  Elapsed time: 00:00:34s.  Time for last 25,000:    0s.  Last read position: LG07:44,033
INFO	2022-01-31 18:34:37	SortVcf	wrote       725,000 records.  Elapsed time: 00:00:34s.  Time for last 25,000:    0s.  Last read position: LG07:733,212
INFO	2022-01-31 18:34:37	SortVcf	wrote       750,000 records.  Elapsed time: 00:00:35s.  Time for last 25,000:    0s.  Last read position: LG07:1,386,911
INFO	2022-01-31 18:34:38	SortVcf	wrote       775,000 records.  Elapsed time: 00:00:35s.  Time for last 25,000:    0s.  Last read position: LG07:1,827,938
[Mon Jan 31 18:34:38 PST 2022] picard.vcf.SortVcf done. Elapsed time: 0.89 minutes.
Runtime.totalMemory()=10398203904
Tool returned:
0
