==========================================
SLURM_JOB_ID = 7187965
SLURM_JOB_NODELIST = a03-05
TMPDIR = /tmp/SLURM_7187965
==========================================
Using GATK jar /home1/mharden/.conda/envs/gatk4/share/gatk4-4.2.2.0-1/gatk-package-4.2.2.0-local.jar
Running:
    java -Dsamjdk.use_async_io_read_samtools=false -Dsamjdk.use_async_io_write_samtools=true -Dsamjdk.use_async_io_write_tribble=false -Dsamjdk.compression_level=2 -jar /home1/mharden/.conda/envs/gatk4/share/gatk4-4.2.2.0-1/gatk-package-4.2.2.0-local.jar GenomicsDBImport -L interval_list_33/0025-scattered.interval_list -V GVCF.list --sequence-dictionary Kr2015_Undaria.pinnatifida_superscaffolds.dict --reference Kr2015_Undaria.pinnatifida_superscaffolds.fasta --genomicsdb-workspace-path 0025-scattered.interval_list_data
08:43:59.912 INFO  NativeLibraryLoader - Loading libgkl_compression.so from jar:file:/home1/mharden/.conda/envs/gatk4/share/gatk4-4.2.2.0-1/gatk-package-4.2.2.0-local.jar!/com/intel/gkl/native/libgkl_compression.so
Jan 21, 2022 8:43:59 AM shaded.cloud_nio.com.google.auth.oauth2.ComputeEngineCredentials runningOnComputeEngine
INFO: Failed to detect whether we are running on Google Compute Engine.
08:43:59.999 INFO  GenomicsDBImport - ------------------------------------------------------------
08:43:59.999 INFO  GenomicsDBImport - The Genome Analysis Toolkit (GATK) v4.2.2.0
08:43:59.999 INFO  GenomicsDBImport - For support and documentation go to https://software.broadinstitute.org/gatk/
08:43:59.999 INFO  GenomicsDBImport - Executing as mharden@a03-05.hpc.usc.edu on Linux v3.10.0-1062.4.1.el7.x86_64 amd64
08:43:59.999 INFO  GenomicsDBImport - Java runtime: OpenJDK 64-Bit Server VM v1.8.0_302-b08
08:43:59.999 INFO  GenomicsDBImport - Start Date/Time: January 21, 2022 8:43:59 AM PST
08:43:59.999 INFO  GenomicsDBImport - ------------------------------------------------------------
08:43:59.999 INFO  GenomicsDBImport - ------------------------------------------------------------
08:44:00.000 INFO  GenomicsDBImport - HTSJDK Version: 2.24.1
08:44:00.000 INFO  GenomicsDBImport - Picard Version: 2.25.4
08:44:00.000 INFO  GenomicsDBImport - Built for Spark Version: 2.4.5
08:44:00.000 INFO  GenomicsDBImport - HTSJDK Defaults.COMPRESSION_LEVEL : 2
08:44:00.000 INFO  GenomicsDBImport - HTSJDK Defaults.USE_ASYNC_IO_READ_FOR_SAMTOOLS : false
08:44:00.000 INFO  GenomicsDBImport - HTSJDK Defaults.USE_ASYNC_IO_WRITE_FOR_SAMTOOLS : true
08:44:00.000 INFO  GenomicsDBImport - HTSJDK Defaults.USE_ASYNC_IO_WRITE_FOR_TRIBBLE : false
08:44:00.000 INFO  GenomicsDBImport - Deflater: IntelDeflater
08:44:00.000 INFO  GenomicsDBImport - Inflater: IntelInflater
08:44:00.000 INFO  GenomicsDBImport - GCS max retries/reopens: 20
08:44:00.000 INFO  GenomicsDBImport - Requester pays: disabled
08:44:00.000 INFO  GenomicsDBImport - Initializing engine
08:44:01.180 INFO  FeatureManager - Using codec IntervalListCodec to read file file:///scratch/mharden/undaria_variation/interval_list_33/0025-scattered.interval_list
08:44:01.193 INFO  IntervalArgumentCollection - Processing 19228639 bp from intervals
08:44:01.210 INFO  GenomicsDBImport - Done initializing engine
08:44:01.393 INFO  GenomicsDBLibLoader - GenomicsDB native library version : 1.4.1-d59e886
08:44:01.404 INFO  GenomicsDBImport - Vid Map JSON file will be written to /scratch/mharden/undaria_variation/0025-scattered.interval_list_data/vidmap.json
08:44:01.404 INFO  GenomicsDBImport - Callset Map JSON file will be written to /scratch/mharden/undaria_variation/0025-scattered.interval_list_data/callset.json
08:44:01.404 INFO  GenomicsDBImport - Complete VCF Header will be written to /scratch/mharden/undaria_variation/0025-scattered.interval_list_data/vcfheader.vcf
08:44:01.404 INFO  GenomicsDBImport - Importing to workspace - /scratch/mharden/undaria_variation/0025-scattered.interval_list_data
08:44:02.414 INFO  GenomicsDBImport - Importing batch 1 with 41 samples
09:06:07.513 INFO  GenomicsDBImport - Importing batch 1 with 41 samples
10:58:00.206 INFO  GenomicsDBImport - Importing batch 1 with 41 samples
11:02:37.166 INFO  GenomicsDBImport - Done importing batch 1/1
11:02:37.174 INFO  GenomicsDBImport - Import completed!
11:02:37.174 INFO  GenomicsDBImport - Shutting down engine
[January 21, 2022 11:02:37 AM PST] org.broadinstitute.hellbender.tools.genomicsdb.GenomicsDBImport done. Elapsed time: 138.62 minutes.
Runtime.totalMemory()=1641545728
Tool returned:
true
