==========================================
SLURM_JOB_ID = 7439953
SLURM_JOB_NODELIST = a03-07
TMPDIR = /tmp/SLURM_7439953
==========================================
Using GATK jar /home1/mharden/.conda/envs/gatk4/share/gatk4-4.2.2.0-1/gatk-package-4.2.2.0-local.jar
Running:
    java -Dsamjdk.use_async_io_read_samtools=false -Dsamjdk.use_async_io_write_samtools=true -Dsamjdk.use_async_io_write_tribble=false -Dsamjdk.compression_level=2 -jar /home1/mharden/.conda/envs/gatk4/share/gatk4-4.2.2.0-1/gatk-package-4.2.2.0-local.jar MergeVcfs -R Kr2015_Undaria.pinnatifida_superscaffolds.fasta --SEQUENCE_DICTIONARY Kr2015_Undaria.pinnatifida_superscaffolds.dict -I 0016-scattered.interval_list.sorted.vcf.gz -O Undaria_Variants.vcf
16:38:23.909 INFO  NativeLibraryLoader - Loading libgkl_compression.so from jar:file:/home1/mharden/.conda/envs/gatk4/share/gatk4-4.2.2.0-1/gatk-package-4.2.2.0-local.jar!/com/intel/gkl/native/libgkl_compression.so
[Sun Feb 13 16:38:23 PST 2022] MergeVcfs --INPUT 0016-scattered.interval_list.sorted.vcf.gz --OUTPUT Undaria_Variants.vcf --SEQUENCE_DICTIONARY Kr2015_Undaria.pinnatifida_superscaffolds.dict --REFERENCE_SEQUENCE Kr2015_Undaria.pinnatifida_superscaffolds.fasta --VERBOSITY INFO --QUIET false --VALIDATION_STRINGENCY STRICT --COMPRESSION_LEVEL 2 --MAX_RECORDS_IN_RAM 500000 --CREATE_INDEX true --CREATE_MD5_FILE false --GA4GH_CLIENT_SECRETS client_secrets.json --help false --version false --showHidden false --USE_JDK_DEFLATER false --USE_JDK_INFLATER false
Feb 13, 2022 4:38:23 PM shaded.cloud_nio.com.google.auth.oauth2.ComputeEngineCredentials runningOnComputeEngine
INFO: Failed to detect whether we are running on Google Compute Engine.
[Sun Feb 13 16:38:23 PST 2022] Executing as mharden@a03-07.hpc.usc.edu on Linux 3.10.0-1062.4.1.el7.x86_64 amd64; OpenJDK 64-Bit Server VM 1.8.0_302-b08; Deflater: Intel; Inflater: Intel; Provider GCS is available; Picard version: Version:4.2.2.0
INFO	2022-02-13 16:38:24	MergeVcfs	Processed        10,000 records.  Elapsed time: 00:00:00s.  Time for last 10,000:    0s.  Last read position: LG08:9,122,150
INFO	2022-02-13 16:38:24	MergeVcfs	Processed        20,000 records.  Elapsed time: 00:00:00s.  Time for last 10,000:    0s.  Last read position: LG08:9,265,911
INFO	2022-02-13 16:38:24	MergeVcfs	Processed        30,000 records.  Elapsed time: 00:00:00s.  Time for last 10,000:    0s.  Last read position: LG08:9,413,542
INFO	2022-02-13 16:38:24	MergeVcfs	Processed        40,000 records.  Elapsed time: 00:00:00s.  Time for last 10,000:    0s.  Last read position: LG08:9,685,377
INFO	2022-02-13 16:38:24	MergeVcfs	Processed        50,000 records.  Elapsed time: 00:00:01s.  Time for last 10,000:    0s.  Last read position: LG08:9,823,501
INFO	2022-02-13 16:38:25	MergeVcfs	Processed        60,000 records.  Elapsed time: 00:00:01s.  Time for last 10,000:    0s.  Last read position: LG08:10,022,995
INFO	2022-02-13 16:38:25	MergeVcfs	Processed        70,000 records.  Elapsed time: 00:00:01s.  Time for last 10,000:    0s.  Last read position: LG08:10,549,848
INFO	2022-02-13 16:38:25	MergeVcfs	Processed        80,000 records.  Elapsed time: 00:00:01s.  Time for last 10,000:    0s.  Last read position: LG08:11,083,920
INFO	2022-02-13 16:38:25	MergeVcfs	Processed        90,000 records.  Elapsed time: 00:00:01s.  Time for last 10,000:    0s.  Last read position: LG08:11,264,094
INFO	2022-02-13 16:38:25	MergeVcfs	Processed       100,000 records.  Elapsed time: 00:00:01s.  Time for last 10,000:    0s.  Last read position: LG08:11,397,997
INFO	2022-02-13 16:38:25	MergeVcfs	Processed       110,000 records.  Elapsed time: 00:00:01s.  Time for last 10,000:    0s.  Last read position: LG08:11,507,670
INFO	2022-02-13 16:38:25	MergeVcfs	Processed       120,000 records.  Elapsed time: 00:00:01s.  Time for last 10,000:    0s.  Last read position: LG08:11,666,388
INFO	2022-02-13 16:38:26	MergeVcfs	Processed       130,000 records.  Elapsed time: 00:00:02s.  Time for last 10,000:    0s.  Last read position: LG08:11,787,194
INFO	2022-02-13 16:38:26	MergeVcfs	Processed       140,000 records.  Elapsed time: 00:00:02s.  Time for last 10,000:    0s.  Last read position: LG08:11,909,095
INFO	2022-02-13 16:38:26	MergeVcfs	Processed       150,000 records.  Elapsed time: 00:00:02s.  Time for last 10,000:    0s.  Last read position: LG08:12,031,892
INFO	2022-02-13 16:38:26	MergeVcfs	Processed       160,000 records.  Elapsed time: 00:00:02s.  Time for last 10,000:    0s.  Last read position: LG08:12,229,739
INFO	2022-02-13 16:38:26	MergeVcfs	Processed       170,000 records.  Elapsed time: 00:00:02s.  Time for last 10,000:    0s.  Last read position: LG08:12,360,470
INFO	2022-02-13 16:38:26	MergeVcfs	Processed       180,000 records.  Elapsed time: 00:00:02s.  Time for last 10,000:    0s.  Last read position: LG08:12,491,314
INFO	2022-02-13 16:38:26	MergeVcfs	Processed       190,000 records.  Elapsed time: 00:00:02s.  Time for last 10,000:    0s.  Last read position: LG08:12,634,979
INFO	2022-02-13 16:38:27	MergeVcfs	Processed       200,000 records.  Elapsed time: 00:00:03s.  Time for last 10,000:    0s.  Last read position: LG08:12,751,658
INFO	2022-02-13 16:38:27	MergeVcfs	Processed       210,000 records.  Elapsed time: 00:00:03s.  Time for last 10,000:    0s.  Last read position: LG08:12,888,692
INFO	2022-02-13 16:38:27	MergeVcfs	Processed       220,000 records.  Elapsed time: 00:00:03s.  Time for last 10,000:    0s.  Last read position: LG08:13,060,626
INFO	2022-02-13 16:38:27	MergeVcfs	Processed       230,000 records.  Elapsed time: 00:00:03s.  Time for last 10,000:    0s.  Last read position: LG08:13,192,231
INFO	2022-02-13 16:38:27	MergeVcfs	Processed       240,000 records.  Elapsed time: 00:00:03s.  Time for last 10,000:    0s.  Last read position: LG08:13,346,920
INFO	2022-02-13 16:38:27	MergeVcfs	Processed       250,000 records.  Elapsed time: 00:00:03s.  Time for last 10,000:    0s.  Last read position: LG08:13,517,123
INFO	2022-02-13 16:38:27	MergeVcfs	Processed       260,000 records.  Elapsed time: 00:00:03s.  Time for last 10,000:    0s.  Last read position: LG08:13,684,818
INFO	2022-02-13 16:38:28	MergeVcfs	Processed       270,000 records.  Elapsed time: 00:00:04s.  Time for last 10,000:    0s.  Last read position: LG08:13,903,132
INFO	2022-02-13 16:38:28	MergeVcfs	Processed       280,000 records.  Elapsed time: 00:00:04s.  Time for last 10,000:    0s.  Last read position: LG08:14,049,370
INFO	2022-02-13 16:38:28	MergeVcfs	Processed       290,000 records.  Elapsed time: 00:00:04s.  Time for last 10,000:    0s.  Last read position: LG08:14,314,977
INFO	2022-02-13 16:38:28	MergeVcfs	Processed       300,000 records.  Elapsed time: 00:00:04s.  Time for last 10,000:    0s.  Last read position: LG08:14,455,022
INFO	2022-02-13 16:38:28	MergeVcfs	Processed       310,000 records.  Elapsed time: 00:00:04s.  Time for last 10,000:    0s.  Last read position: LG08:14,594,468
INFO	2022-02-13 16:38:28	MergeVcfs	Processed       320,000 records.  Elapsed time: 00:00:04s.  Time for last 10,000:    0s.  Last read position: LG08:14,851,648
INFO	2022-02-13 16:38:28	MergeVcfs	Processed       330,000 records.  Elapsed time: 00:00:04s.  Time for last 10,000:    0s.  Last read position: LG09:14,240
INFO	2022-02-13 16:38:29	MergeVcfs	Processed       340,000 records.  Elapsed time: 00:00:05s.  Time for last 10,000:    0s.  Last read position: LG09:201,296
INFO	2022-02-13 16:38:29	MergeVcfs	Processed       350,000 records.  Elapsed time: 00:00:05s.  Time for last 10,000:    0s.  Last read position: LG09:395,451
INFO	2022-02-13 16:38:29	MergeVcfs	Processed       360,000 records.  Elapsed time: 00:00:05s.  Time for last 10,000:    0s.  Last read position: LG09:587,875
INFO	2022-02-13 16:38:29	MergeVcfs	Processed       370,000 records.  Elapsed time: 00:00:05s.  Time for last 10,000:    0s.  Last read position: LG09:779,818
INFO	2022-02-13 16:38:29	MergeVcfs	Processed       380,000 records.  Elapsed time: 00:00:05s.  Time for last 10,000:    0s.  Last read position: LG09:1,031,610
INFO	2022-02-13 16:38:29	MergeVcfs	Processed       390,000 records.  Elapsed time: 00:00:05s.  Time for last 10,000:    0s.  Last read position: LG09:1,322,377
INFO	2022-02-13 16:38:29	MergeVcfs	Processed       400,000 records.  Elapsed time: 00:00:05s.  Time for last 10,000:    0s.  Last read position: LG09:1,726,389
INFO	2022-02-13 16:38:30	MergeVcfs	Processed       410,000 records.  Elapsed time: 00:00:06s.  Time for last 10,000:    0s.  Last read position: LG09:1,906,834
INFO	2022-02-13 16:38:30	MergeVcfs	Processed       420,000 records.  Elapsed time: 00:00:06s.  Time for last 10,000:    0s.  Last read position: LG09:2,101,752
INFO	2022-02-13 16:38:30	MergeVcfs	Processed       430,000 records.  Elapsed time: 00:00:06s.  Time for last 10,000:    0s.  Last read position: LG09:2,297,953
INFO	2022-02-13 16:38:30	MergeVcfs	Processed       440,000 records.  Elapsed time: 00:00:06s.  Time for last 10,000:    0s.  Last read position: LG09:2,503,457
INFO	2022-02-13 16:38:30	MergeVcfs	Processed       450,000 records.  Elapsed time: 00:00:06s.  Time for last 10,000:    0s.  Last read position: LG09:2,610,234
INFO	2022-02-13 16:38:30	MergeVcfs	Processed       460,000 records.  Elapsed time: 00:00:06s.  Time for last 10,000:    0s.  Last read position: LG09:2,769,723
INFO	2022-02-13 16:38:30	MergeVcfs	Processed       470,000 records.  Elapsed time: 00:00:06s.  Time for last 10,000:    0s.  Last read position: LG09:2,888,094
INFO	2022-02-13 16:38:31	MergeVcfs	Processed       480,000 records.  Elapsed time: 00:00:07s.  Time for last 10,000:    0s.  Last read position: LG09:3,037,054
INFO	2022-02-13 16:38:31	MergeVcfs	Processed       490,000 records.  Elapsed time: 00:00:07s.  Time for last 10,000:    0s.  Last read position: LG09:3,197,060
INFO	2022-02-13 16:38:31	MergeVcfs	Processed       500,000 records.  Elapsed time: 00:00:07s.  Time for last 10,000:    0s.  Last read position: LG09:3,502,780
INFO	2022-02-13 16:38:31	MergeVcfs	Processed       510,000 records.  Elapsed time: 00:00:07s.  Time for last 10,000:    0s.  Last read position: LG09:3,666,225
INFO	2022-02-13 16:38:31	MergeVcfs	Processed       520,000 records.  Elapsed time: 00:00:07s.  Time for last 10,000:    0s.  Last read position: LG09:3,839,737
INFO	2022-02-13 16:38:31	MergeVcfs	Processed       530,000 records.  Elapsed time: 00:00:07s.  Time for last 10,000:    0s.  Last read position: LG09:3,953,958
INFO	2022-02-13 16:38:31	MergeVcfs	Processed       540,000 records.  Elapsed time: 00:00:07s.  Time for last 10,000:    0s.  Last read position: LG09:4,112,108
INFO	2022-02-13 16:38:31	MergeVcfs	Processed       550,000 records.  Elapsed time: 00:00:07s.  Time for last 10,000:    0s.  Last read position: LG09:4,274,968
INFO	2022-02-13 16:38:32	MergeVcfs	Processed       560,000 records.  Elapsed time: 00:00:08s.  Time for last 10,000:    0s.  Last read position: LG09:4,476,709
INFO	2022-02-13 16:38:32	MergeVcfs	Processed       570,000 records.  Elapsed time: 00:00:08s.  Time for last 10,000:    0s.  Last read position: LG09:4,671,761
INFO	2022-02-13 16:38:32	MergeVcfs	Processed       580,000 records.  Elapsed time: 00:00:08s.  Time for last 10,000:    0s.  Last read position: LG09:4,845,617
INFO	2022-02-13 16:38:32	MergeVcfs	Processed       590,000 records.  Elapsed time: 00:00:08s.  Time for last 10,000:    0s.  Last read position: LG09:5,039,006
INFO	2022-02-13 16:38:32	MergeVcfs	Processed       600,000 records.  Elapsed time: 00:00:08s.  Time for last 10,000:    0s.  Last read position: LG09:5,275,694
INFO	2022-02-13 16:38:32	MergeVcfs	Processed       610,000 records.  Elapsed time: 00:00:08s.  Time for last 10,000:    0s.  Last read position: LG09:5,467,523
INFO	2022-02-13 16:38:32	MergeVcfs	Processed       620,000 records.  Elapsed time: 00:00:08s.  Time for last 10,000:    0s.  Last read position: LG09:5,687,123
INFO	2022-02-13 16:38:33	MergeVcfs	Processed       630,000 records.  Elapsed time: 00:00:09s.  Time for last 10,000:    0s.  Last read position: LG09:5,940,305
INFO	2022-02-13 16:38:33	MergeVcfs	Processed       640,000 records.  Elapsed time: 00:00:09s.  Time for last 10,000:    0s.  Last read position: LG09:6,077,225
INFO	2022-02-13 16:38:33	MergeVcfs	Processed       650,000 records.  Elapsed time: 00:00:09s.  Time for last 10,000:    0s.  Last read position: LG09:6,179,031
INFO	2022-02-13 16:38:33	MergeVcfs	Processed       660,000 records.  Elapsed time: 00:00:09s.  Time for last 10,000:    0s.  Last read position: LG09:6,298,328
INFO	2022-02-13 16:38:33	MergeVcfs	Processed       670,000 records.  Elapsed time: 00:00:09s.  Time for last 10,000:    0s.  Last read position: LG09:6,483,889
INFO	2022-02-13 16:38:33	MergeVcfs	Processed       680,000 records.  Elapsed time: 00:00:09s.  Time for last 10,000:    0s.  Last read position: LG09:6,645,980
INFO	2022-02-13 16:38:33	MergeVcfs	Processed       690,000 records.  Elapsed time: 00:00:09s.  Time for last 10,000:    0s.  Last read position: LG09:6,817,629
INFO	2022-02-13 16:38:33	MergeVcfs	Processed       700,000 records.  Elapsed time: 00:00:09s.  Time for last 10,000:    0s.  Last read position: LG09:7,102,753
INFO	2022-02-13 16:38:34	MergeVcfs	Processed       710,000 records.  Elapsed time: 00:00:10s.  Time for last 10,000:    0s.  Last read position: LG09:7,284,482
INFO	2022-02-13 16:38:34	MergeVcfs	Processed       720,000 records.  Elapsed time: 00:00:10s.  Time for last 10,000:    0s.  Last read position: LG09:7,501,816
INFO	2022-02-13 16:38:34	MergeVcfs	Processed       730,000 records.  Elapsed time: 00:00:10s.  Time for last 10,000:    0s.  Last read position: LG09:7,822,839
INFO	2022-02-13 16:38:34	MergeVcfs	Processed       740,000 records.  Elapsed time: 00:00:10s.  Time for last 10,000:    0s.  Last read position: LG09:8,226,586
INFO	2022-02-13 16:38:34	MergeVcfs	Processed       750,000 records.  Elapsed time: 00:00:10s.  Time for last 10,000:    0s.  Last read position: LG09:8,393,335
INFO	2022-02-13 16:38:34	MergeVcfs	Processed       760,000 records.  Elapsed time: 00:00:10s.  Time for last 10,000:    0s.  Last read position: LG09:8,613,709
INFO	2022-02-13 16:38:34	MergeVcfs	Processed       770,000 records.  Elapsed time: 00:00:10s.  Time for last 10,000:    0s.  Last read position: LG09:8,774,106
INFO	2022-02-13 16:38:35	MergeVcfs	Processed       780,000 records.  Elapsed time: 00:00:11s.  Time for last 10,000:    0s.  Last read position: LG09:9,013,625
INFO	2022-02-13 16:38:35	MergeVcfs	Processed       790,000 records.  Elapsed time: 00:00:11s.  Time for last 10,000:    0s.  Last read position: LG09:9,208,066
INFO	2022-02-13 16:38:35	MergeVcfs	Processed       800,000 records.  Elapsed time: 00:00:11s.  Time for last 10,000:    0s.  Last read position: LG09:9,508,379
INFO	2022-02-13 16:38:35	MergeVcfs	Processed       810,000 records.  Elapsed time: 00:00:11s.  Time for last 10,000:    0s.  Last read position: LG09:9,713,672
INFO	2022-02-13 16:38:35	MergeVcfs	Processed       820,000 records.  Elapsed time: 00:00:11s.  Time for last 10,000:    0s.  Last read position: LG09:9,881,401
INFO	2022-02-13 16:38:35	MergeVcfs	Processed       830,000 records.  Elapsed time: 00:00:11s.  Time for last 10,000:    0s.  Last read position: LG09:10,113,365
INFO	2022-02-13 16:38:35	MergeVcfs	Processed       840,000 records.  Elapsed time: 00:00:11s.  Time for last 10,000:    0s.  Last read position: LG09:10,347,133
INFO	2022-02-13 16:38:36	MergeVcfs	Processed       850,000 records.  Elapsed time: 00:00:12s.  Time for last 10,000:    0s.  Last read position: LG09:10,561,969
INFO	2022-02-13 16:38:36	MergeVcfs	Processed       860,000 records.  Elapsed time: 00:00:12s.  Time for last 10,000:    0s.  Last read position: LG09:10,742,942
INFO	2022-02-13 16:38:36	MergeVcfs	Processed       870,000 records.  Elapsed time: 00:00:12s.  Time for last 10,000:    0s.  Last read position: LG09:10,948,477
INFO	2022-02-13 16:38:36	MergeVcfs	Processed       880,000 records.  Elapsed time: 00:00:12s.  Time for last 10,000:    0s.  Last read position: LG09:11,121,635
INFO	2022-02-13 16:38:36	MergeVcfs	Processed       890,000 records.  Elapsed time: 00:00:12s.  Time for last 10,000:    0s.  Last read position: LG09:11,439,562
INFO	2022-02-13 16:38:36	MergeVcfs	Processed       900,000 records.  Elapsed time: 00:00:12s.  Time for last 10,000:    0s.  Last read position: LG09:11,718,263
INFO	2022-02-13 16:38:36	MergeVcfs	Processed       910,000 records.  Elapsed time: 00:00:12s.  Time for last 10,000:    0s.  Last read position: LG09:12,002,887
INFO	2022-02-13 16:38:36	MergeVcfs	Processed       920,000 records.  Elapsed time: 00:00:12s.  Time for last 10,000:    0s.  Last read position: LG09:12,428,388
INFO	2022-02-13 16:38:37	MergeVcfs	Processed       930,000 records.  Elapsed time: 00:00:13s.  Time for last 10,000:    0s.  Last read position: LG09:12,814,063
INFO	2022-02-13 16:38:37	MergeVcfs	Processed       940,000 records.  Elapsed time: 00:00:13s.  Time for last 10,000:    0s.  Last read position: LG10:146,744
16:38:37.339 WARN  IntelInflater - Zero Bytes Written : 0
[Sun Feb 13 16:38:37 PST 2022] picard.vcf.MergeVcfs done. Elapsed time: 0.22 minutes.
Runtime.totalMemory()=3331850240
Tool returned:
0
