==========================================
SLURM_JOB_ID = 7264075
SLURM_JOB_NODELIST = b22-28
TMPDIR = /tmp/SLURM_7264075
==========================================
Using GATK jar /home1/mharden/.conda/envs/gatk4/share/gatk4-4.2.2.0-1/gatk-package-4.2.2.0-local.jar
Running:
    java -Dsamjdk.use_async_io_read_samtools=false -Dsamjdk.use_async_io_write_samtools=true -Dsamjdk.use_async_io_write_tribble=false -Dsamjdk.compression_level=2 -jar /home1/mharden/.conda/envs/gatk4/share/gatk4-4.2.2.0-1/gatk-package-4.2.2.0-local.jar SortVcf -I 0010-scattered.interval_list.vcf.gz -O 0010-scattered.interval_list.sorted.vcf.gz
18:30:51.600 INFO  NativeLibraryLoader - Loading libgkl_compression.so from jar:file:/home1/mharden/.conda/envs/gatk4/share/gatk4-4.2.2.0-1/gatk-package-4.2.2.0-local.jar!/com/intel/gkl/native/libgkl_compression.so
[Mon Jan 31 18:30:51 PST 2022] SortVcf --INPUT 0010-scattered.interval_list.vcf.gz --OUTPUT 0010-scattered.interval_list.sorted.vcf.gz --VERBOSITY INFO --QUIET false --VALIDATION_STRINGENCY STRICT --COMPRESSION_LEVEL 2 --MAX_RECORDS_IN_RAM 500000 --CREATE_INDEX true --CREATE_MD5_FILE false --GA4GH_CLIENT_SECRETS client_secrets.json --help false --version false --showHidden false --USE_JDK_DEFLATER false --USE_JDK_INFLATER false
Jan 31, 2022 6:30:51 PM shaded.cloud_nio.com.google.auth.oauth2.ComputeEngineCredentials runningOnComputeEngine
INFO: Failed to detect whether we are running on Google Compute Engine.
[Mon Jan 31 18:30:51 PST 2022] Executing as mharden@b22-28.hpc.usc.edu on Linux 3.10.0-1062.4.1.el7.x86_64 amd64; OpenJDK 64-Bit Server VM 1.8.0_302-b08; Deflater: Intel; Inflater: Intel; Provider GCS is available; Picard version: Version:4.2.2.0
INFO	2022-01-31 18:30:51	SortVcf	Reading entries from input file 1
INFO	2022-01-31 18:30:52	SortVcf	read        25,000 records.  Elapsed time: 00:00:00s.  Time for last 25,000:    0s.  Last read position: LG01:18,905,507
INFO	2022-01-31 18:30:53	SortVcf	read        50,000 records.  Elapsed time: 00:00:01s.  Time for last 25,000:    0s.  Last read position: LG01:19,303,928
INFO	2022-01-31 18:30:54	SortVcf	read        75,000 records.  Elapsed time: 00:00:02s.  Time for last 25,000:    0s.  Last read position: LG01:19,824,852
INFO	2022-01-31 18:30:55	SortVcf	read       100,000 records.  Elapsed time: 00:00:03s.  Time for last 25,000:    1s.  Last read position: LG01:20,363,914
INFO	2022-01-31 18:30:55	SortVcf	read       125,000 records.  Elapsed time: 00:00:03s.  Time for last 25,000:    0s.  Last read position: LG01:20,878,218
INFO	2022-01-31 18:30:55	SortVcf	read       150,000 records.  Elapsed time: 00:00:03s.  Time for last 25,000:    0s.  Last read position: LG01:21,300,772
INFO	2022-01-31 18:30:56	SortVcf	read       175,000 records.  Elapsed time: 00:00:04s.  Time for last 25,000:    0s.  Last read position: LG01:21,931,793
INFO	2022-01-31 18:30:56	SortVcf	read       200,000 records.  Elapsed time: 00:00:04s.  Time for last 25,000:    0s.  Last read position: LG01:22,436,504
INFO	2022-01-31 18:30:56	SortVcf	read       225,000 records.  Elapsed time: 00:00:04s.  Time for last 25,000:    0s.  Last read position: LG01:22,913,776
INFO	2022-01-31 18:30:57	SortVcf	read       250,000 records.  Elapsed time: 00:00:05s.  Time for last 25,000:    0s.  Last read position: LG01:23,238,928
INFO	2022-01-31 18:30:57	SortVcf	read       275,000 records.  Elapsed time: 00:00:05s.  Time for last 25,000:    0s.  Last read position: LG01:23,834,965
INFO	2022-01-31 18:30:57	SortVcf	read       300,000 records.  Elapsed time: 00:00:05s.  Time for last 25,000:    0s.  Last read position: LG01:24,521,769
INFO	2022-01-31 18:30:57	SortVcf	read       325,000 records.  Elapsed time: 00:00:06s.  Time for last 25,000:    0s.  Last read position: LG01:25,071,898
INFO	2022-01-31 18:30:59	SortVcf	read       350,000 records.  Elapsed time: 00:00:07s.  Time for last 25,000:    1s.  Last read position: LG01:25,769,723
INFO	2022-01-31 18:30:59	SortVcf	read       375,000 records.  Elapsed time: 00:00:08s.  Time for last 25,000:    0s.  Last read position: LG01:26,644,790
INFO	2022-01-31 18:31:00	SortVcf	read       400,000 records.  Elapsed time: 00:00:08s.  Time for last 25,000:    0s.  Last read position: LG02:429,765
INFO	2022-01-31 18:31:00	SortVcf	read       425,000 records.  Elapsed time: 00:00:08s.  Time for last 25,000:    0s.  Last read position: LG02:1,007,271
INFO	2022-01-31 18:31:01	SortVcf	read       450,000 records.  Elapsed time: 00:00:09s.  Time for last 25,000:    0s.  Last read position: LG02:1,662,583
INFO	2022-01-31 18:31:01	SortVcf	read       475,000 records.  Elapsed time: 00:00:09s.  Time for last 25,000:    0s.  Last read position: LG02:2,580,414
INFO	2022-01-31 18:31:02	SortVcf	read       500,000 records.  Elapsed time: 00:00:10s.  Time for last 25,000:    0s.  Last read position: LG02:3,432,609
INFO	2022-01-31 18:31:11	SortVcf	read       525,000 records.  Elapsed time: 00:00:19s.  Time for last 25,000:    9s.  Last read position: LG02:4,353,006
INFO	2022-01-31 18:31:12	SortVcf	read       550,000 records.  Elapsed time: 00:00:20s.  Time for last 25,000:    0s.  Last read position: LG02:5,043,574
INFO	2022-01-31 18:31:13	SortVcf	read       575,000 records.  Elapsed time: 00:00:21s.  Time for last 25,000:    1s.  Last read position: LG02:5,730,528
INFO	2022-01-31 18:31:19	SortVcf	read       600,000 records.  Elapsed time: 00:00:27s.  Time for last 25,000:    6s.  Last read position: LG02:6,477,355
INFO	2022-01-31 18:31:19	SortVcf	read       625,000 records.  Elapsed time: 00:00:27s.  Time for last 25,000:    0s.  Last read position: LG02:7,157,187
INFO	2022-01-31 18:31:20	SortVcf	read       650,000 records.  Elapsed time: 00:00:28s.  Time for last 25,000:    0s.  Last read position: LG02:7,841,425
INFO	2022-01-31 18:31:20	SortVcf	read       675,000 records.  Elapsed time: 00:00:28s.  Time for last 25,000:    0s.  Last read position: LG02:8,520,110
INFO	2022-01-31 18:31:20	SortVcf	read       700,000 records.  Elapsed time: 00:00:29s.  Time for last 25,000:    0s.  Last read position: LG02:9,225,965
INFO	2022-01-31 18:31:21	SortVcf	read       725,000 records.  Elapsed time: 00:00:29s.  Time for last 25,000:    0s.  Last read position: LG02:9,891,067
INFO	2022-01-31 18:31:21	SortVcf	read       750,000 records.  Elapsed time: 00:00:29s.  Time for last 25,000:    0s.  Last read position: LG02:10,540,232
18:31:21.576 WARN  IntelInflater - Zero Bytes Written : 0
INFO	2022-01-31 18:32:10	SortVcf	wrote        25,000 records.  Elapsed time: 00:00:48s.  Time for last 25,000:   45s.  Last read position: LG01:18,905,507
INFO	2022-01-31 18:32:10	SortVcf	wrote        50,000 records.  Elapsed time: 00:00:49s.  Time for last 25,000:    0s.  Last read position: LG01:19,303,928
INFO	2022-01-31 18:32:12	SortVcf	wrote        75,000 records.  Elapsed time: 00:00:51s.  Time for last 25,000:    2s.  Last read position: LG01:19,824,852
INFO	2022-01-31 18:32:52	SortVcf	wrote       100,000 records.  Elapsed time: 00:01:30s.  Time for last 25,000:   39s.  Last read position: LG01:20,363,914
INFO	2022-01-31 18:32:53	SortVcf	wrote       125,000 records.  Elapsed time: 00:01:31s.  Time for last 25,000:    1s.  Last read position: LG01:20,878,218
INFO	2022-01-31 18:32:54	SortVcf	wrote       150,000 records.  Elapsed time: 00:01:32s.  Time for last 25,000:    1s.  Last read position: LG01:21,300,772
INFO	2022-01-31 18:32:54	SortVcf	wrote       175,000 records.  Elapsed time: 00:01:32s.  Time for last 25,000:    0s.  Last read position: LG01:21,931,793
INFO	2022-01-31 18:32:54	SortVcf	wrote       200,000 records.  Elapsed time: 00:01:33s.  Time for last 25,000:    0s.  Last read position: LG01:22,436,504
INFO	2022-01-31 18:32:55	SortVcf	wrote       225,000 records.  Elapsed time: 00:01:33s.  Time for last 25,000:    0s.  Last read position: LG01:22,913,776
INFO	2022-01-31 18:32:55	SortVcf	wrote       250,000 records.  Elapsed time: 00:01:34s.  Time for last 25,000:    0s.  Last read position: LG01:23,238,928
INFO	2022-01-31 18:32:56	SortVcf	wrote       275,000 records.  Elapsed time: 00:01:34s.  Time for last 25,000:    0s.  Last read position: LG01:23,834,965
INFO	2022-01-31 18:32:56	SortVcf	wrote       300,000 records.  Elapsed time: 00:01:34s.  Time for last 25,000:    0s.  Last read position: LG01:24,521,769
INFO	2022-01-31 18:32:56	SortVcf	wrote       325,000 records.  Elapsed time: 00:01:35s.  Time for last 25,000:    0s.  Last read position: LG01:25,071,898
INFO	2022-01-31 18:32:57	SortVcf	wrote       350,000 records.  Elapsed time: 00:01:35s.  Time for last 25,000:    0s.  Last read position: LG01:25,769,723
INFO	2022-01-31 18:32:57	SortVcf	wrote       375,000 records.  Elapsed time: 00:01:36s.  Time for last 25,000:    0s.  Last read position: LG01:26,644,790
INFO	2022-01-31 18:32:58	SortVcf	wrote       400,000 records.  Elapsed time: 00:01:36s.  Time for last 25,000:    0s.  Last read position: LG02:429,765
INFO	2022-01-31 18:32:58	SortVcf	wrote       425,000 records.  Elapsed time: 00:01:36s.  Time for last 25,000:    0s.  Last read position: LG02:1,007,271
INFO	2022-01-31 18:32:58	SortVcf	wrote       450,000 records.  Elapsed time: 00:01:37s.  Time for last 25,000:    0s.  Last read position: LG02:1,662,583
INFO	2022-01-31 18:32:59	SortVcf	wrote       475,000 records.  Elapsed time: 00:01:37s.  Time for last 25,000:    0s.  Last read position: LG02:2,580,414
INFO	2022-01-31 18:32:59	SortVcf	wrote       500,000 records.  Elapsed time: 00:01:38s.  Time for last 25,000:    0s.  Last read position: LG02:3,432,609
INFO	2022-01-31 18:32:59	SortVcf	wrote       525,000 records.  Elapsed time: 00:01:38s.  Time for last 25,000:    0s.  Last read position: LG02:4,353,006
INFO	2022-01-31 18:33:00	SortVcf	wrote       550,000 records.  Elapsed time: 00:01:38s.  Time for last 25,000:    0s.  Last read position: LG02:5,043,574
INFO	2022-01-31 18:33:00	SortVcf	wrote       575,000 records.  Elapsed time: 00:01:39s.  Time for last 25,000:    0s.  Last read position: LG02:5,730,528
INFO	2022-01-31 18:33:01	SortVcf	wrote       600,000 records.  Elapsed time: 00:01:39s.  Time for last 25,000:    0s.  Last read position: LG02:6,477,355
INFO	2022-01-31 18:33:01	SortVcf	wrote       625,000 records.  Elapsed time: 00:01:40s.  Time for last 25,000:    0s.  Last read position: LG02:7,157,187
INFO	2022-01-31 18:33:02	SortVcf	wrote       650,000 records.  Elapsed time: 00:01:40s.  Time for last 25,000:    0s.  Last read position: LG02:7,841,425
INFO	2022-01-31 18:33:02	SortVcf	wrote       675,000 records.  Elapsed time: 00:01:40s.  Time for last 25,000:    0s.  Last read position: LG02:8,520,110
INFO	2022-01-31 18:33:02	SortVcf	wrote       700,000 records.  Elapsed time: 00:01:41s.  Time for last 25,000:    0s.  Last read position: LG02:9,225,965
INFO	2022-01-31 18:33:03	SortVcf	wrote       725,000 records.  Elapsed time: 00:01:41s.  Time for last 25,000:    0s.  Last read position: LG02:9,891,067
INFO	2022-01-31 18:33:03	SortVcf	wrote       750,000 records.  Elapsed time: 00:01:42s.  Time for last 25,000:    0s.  Last read position: LG02:10,540,232
[Mon Jan 31 18:33:04 PST 2022] picard.vcf.SortVcf done. Elapsed time: 2.21 minutes.
Runtime.totalMemory()=10470031360
Tool returned:
0
