==========================================
SLURM_JOB_ID = 7439959
SLURM_JOB_NODELIST = b22-15
TMPDIR = /tmp/SLURM_7439959
==========================================
Using GATK jar /home1/mharden/.conda/envs/gatk4/share/gatk4-4.2.2.0-1/gatk-package-4.2.2.0-local.jar
Running:
    java -Dsamjdk.use_async_io_read_samtools=false -Dsamjdk.use_async_io_write_samtools=true -Dsamjdk.use_async_io_write_tribble=false -Dsamjdk.compression_level=2 -jar /home1/mharden/.conda/envs/gatk4/share/gatk4-4.2.2.0-1/gatk-package-4.2.2.0-local.jar MergeVcfs -R Kr2015_Undaria.pinnatifida_superscaffolds.fasta --SEQUENCE_DICTIONARY Kr2015_Undaria.pinnatifida_superscaffolds.dict -I 0022-scattered.interval_list.sorted.vcf.gz -O Undaria_Variants.vcf
16:38:28.301 INFO  NativeLibraryLoader - Loading libgkl_compression.so from jar:file:/home1/mharden/.conda/envs/gatk4/share/gatk4-4.2.2.0-1/gatk-package-4.2.2.0-local.jar!/com/intel/gkl/native/libgkl_compression.so
[Sun Feb 13 16:38:28 PST 2022] MergeVcfs --INPUT 0022-scattered.interval_list.sorted.vcf.gz --OUTPUT Undaria_Variants.vcf --SEQUENCE_DICTIONARY Kr2015_Undaria.pinnatifida_superscaffolds.dict --REFERENCE_SEQUENCE Kr2015_Undaria.pinnatifida_superscaffolds.fasta --VERBOSITY INFO --QUIET false --VALIDATION_STRINGENCY STRICT --COMPRESSION_LEVEL 2 --MAX_RECORDS_IN_RAM 500000 --CREATE_INDEX true --CREATE_MD5_FILE false --GA4GH_CLIENT_SECRETS client_secrets.json --help false --version false --showHidden false --USE_JDK_DEFLATER false --USE_JDK_INFLATER false
Feb 13, 2022 4:38:28 PM shaded.cloud_nio.com.google.auth.oauth2.ComputeEngineCredentials runningOnComputeEngine
INFO: Failed to detect whether we are running on Google Compute Engine.
[Sun Feb 13 16:38:28 PST 2022] Executing as mharden@b22-15.hpc.usc.edu on Linux 3.10.0-1062.4.1.el7.x86_64 amd64; OpenJDK 64-Bit Server VM 1.8.0_302-b08; Deflater: Intel; Inflater: Intel; Provider GCS is available; Picard version: Version:4.2.2.0
INFO	2022-02-13 16:38:28	MergeVcfs	Processed        10,000 records.  Elapsed time: 00:00:00s.  Time for last 10,000:    0s.  Last read position: LG14:12,001,381
INFO	2022-02-13 16:38:29	MergeVcfs	Processed        20,000 records.  Elapsed time: 00:00:00s.  Time for last 10,000:    0s.  Last read position: LG14:12,155,209
INFO	2022-02-13 16:38:29	MergeVcfs	Processed        30,000 records.  Elapsed time: 00:00:00s.  Time for last 10,000:    0s.  Last read position: LG14:12,408,987
INFO	2022-02-13 16:38:29	MergeVcfs	Processed        40,000 records.  Elapsed time: 00:00:01s.  Time for last 10,000:    0s.  Last read position: LG14:12,660,309
INFO	2022-02-13 16:38:29	MergeVcfs	Processed        50,000 records.  Elapsed time: 00:00:01s.  Time for last 10,000:    0s.  Last read position: LG14:12,957,434
INFO	2022-02-13 16:38:29	MergeVcfs	Processed        60,000 records.  Elapsed time: 00:00:01s.  Time for last 10,000:    0s.  Last read position: LG14:13,258,729
INFO	2022-02-13 16:38:30	MergeVcfs	Processed        70,000 records.  Elapsed time: 00:00:01s.  Time for last 10,000:    0s.  Last read position: LG14:13,515,143
INFO	2022-02-13 16:38:30	MergeVcfs	Processed        80,000 records.  Elapsed time: 00:00:01s.  Time for last 10,000:    0s.  Last read position: LG15:369,111
INFO	2022-02-13 16:38:30	MergeVcfs	Processed        90,000 records.  Elapsed time: 00:00:02s.  Time for last 10,000:    0s.  Last read position: LG15:764,297
INFO	2022-02-13 16:38:30	MergeVcfs	Processed       100,000 records.  Elapsed time: 00:00:02s.  Time for last 10,000:    0s.  Last read position: LG15:1,026,757
INFO	2022-02-13 16:38:30	MergeVcfs	Processed       110,000 records.  Elapsed time: 00:00:02s.  Time for last 10,000:    0s.  Last read position: LG15:1,273,834
INFO	2022-02-13 16:38:31	MergeVcfs	Processed       120,000 records.  Elapsed time: 00:00:02s.  Time for last 10,000:    0s.  Last read position: LG15:1,473,249
INFO	2022-02-13 16:38:31	MergeVcfs	Processed       130,000 records.  Elapsed time: 00:00:02s.  Time for last 10,000:    0s.  Last read position: LG15:1,683,110
INFO	2022-02-13 16:38:31	MergeVcfs	Processed       140,000 records.  Elapsed time: 00:00:02s.  Time for last 10,000:    0s.  Last read position: LG15:1,956,382
INFO	2022-02-13 16:38:31	MergeVcfs	Processed       150,000 records.  Elapsed time: 00:00:03s.  Time for last 10,000:    0s.  Last read position: LG15:2,213,935
INFO	2022-02-13 16:38:31	MergeVcfs	Processed       160,000 records.  Elapsed time: 00:00:03s.  Time for last 10,000:    0s.  Last read position: LG15:2,428,273
INFO	2022-02-13 16:38:31	MergeVcfs	Processed       170,000 records.  Elapsed time: 00:00:03s.  Time for last 10,000:    0s.  Last read position: LG15:2,646,874
INFO	2022-02-13 16:38:32	MergeVcfs	Processed       180,000 records.  Elapsed time: 00:00:03s.  Time for last 10,000:    0s.  Last read position: LG15:2,925,587
INFO	2022-02-13 16:38:32	MergeVcfs	Processed       190,000 records.  Elapsed time: 00:00:03s.  Time for last 10,000:    0s.  Last read position: LG15:3,163,175
INFO	2022-02-13 16:38:32	MergeVcfs	Processed       200,000 records.  Elapsed time: 00:00:04s.  Time for last 10,000:    0s.  Last read position: LG15:3,465,311
INFO	2022-02-13 16:38:32	MergeVcfs	Processed       210,000 records.  Elapsed time: 00:00:04s.  Time for last 10,000:    0s.  Last read position: LG15:3,745,949
INFO	2022-02-13 16:38:32	MergeVcfs	Processed       220,000 records.  Elapsed time: 00:00:04s.  Time for last 10,000:    0s.  Last read position: LG15:4,004,519
INFO	2022-02-13 16:38:32	MergeVcfs	Processed       230,000 records.  Elapsed time: 00:00:04s.  Time for last 10,000:    0s.  Last read position: LG15:4,206,874
INFO	2022-02-13 16:38:33	MergeVcfs	Processed       240,000 records.  Elapsed time: 00:00:04s.  Time for last 10,000:    0s.  Last read position: LG15:4,500,830
INFO	2022-02-13 16:38:33	MergeVcfs	Processed       250,000 records.  Elapsed time: 00:00:04s.  Time for last 10,000:    0s.  Last read position: LG15:4,847,333
INFO	2022-02-13 16:38:33	MergeVcfs	Processed       260,000 records.  Elapsed time: 00:00:05s.  Time for last 10,000:    0s.  Last read position: LG15:5,219,519
INFO	2022-02-13 16:38:33	MergeVcfs	Processed       270,000 records.  Elapsed time: 00:00:05s.  Time for last 10,000:    0s.  Last read position: LG15:5,430,889
INFO	2022-02-13 16:38:33	MergeVcfs	Processed       280,000 records.  Elapsed time: 00:00:05s.  Time for last 10,000:    0s.  Last read position: LG15:5,655,457
INFO	2022-02-13 16:38:33	MergeVcfs	Processed       290,000 records.  Elapsed time: 00:00:05s.  Time for last 10,000:    0s.  Last read position: LG15:6,011,011
INFO	2022-02-13 16:38:34	MergeVcfs	Processed       300,000 records.  Elapsed time: 00:00:05s.  Time for last 10,000:    0s.  Last read position: LG15:6,276,227
INFO	2022-02-13 16:38:34	MergeVcfs	Processed       310,000 records.  Elapsed time: 00:00:05s.  Time for last 10,000:    0s.  Last read position: LG15:6,612,450
INFO	2022-02-13 16:38:34	MergeVcfs	Processed       320,000 records.  Elapsed time: 00:00:06s.  Time for last 10,000:    0s.  Last read position: LG15:6,957,716
INFO	2022-02-13 16:38:34	MergeVcfs	Processed       330,000 records.  Elapsed time: 00:00:06s.  Time for last 10,000:    0s.  Last read position: LG15:7,289,585
INFO	2022-02-13 16:38:34	MergeVcfs	Processed       340,000 records.  Elapsed time: 00:00:06s.  Time for last 10,000:    0s.  Last read position: LG15:7,531,110
INFO	2022-02-13 16:38:34	MergeVcfs	Processed       350,000 records.  Elapsed time: 00:00:06s.  Time for last 10,000:    0s.  Last read position: LG15:7,905,183
INFO	2022-02-13 16:38:35	MergeVcfs	Processed       360,000 records.  Elapsed time: 00:00:06s.  Time for last 10,000:    0s.  Last read position: LG15:8,005,068
INFO	2022-02-13 16:38:35	MergeVcfs	Processed       370,000 records.  Elapsed time: 00:00:06s.  Time for last 10,000:    0s.  Last read position: LG15:8,231,441
INFO	2022-02-13 16:38:35	MergeVcfs	Processed       380,000 records.  Elapsed time: 00:00:07s.  Time for last 10,000:    0s.  Last read position: LG15:8,469,804
INFO	2022-02-13 16:38:35	MergeVcfs	Processed       390,000 records.  Elapsed time: 00:00:07s.  Time for last 10,000:    0s.  Last read position: LG15:8,755,696
INFO	2022-02-13 16:38:35	MergeVcfs	Processed       400,000 records.  Elapsed time: 00:00:07s.  Time for last 10,000:    0s.  Last read position: LG15:8,966,061
INFO	2022-02-13 16:38:36	MergeVcfs	Processed       410,000 records.  Elapsed time: 00:00:07s.  Time for last 10,000:    0s.  Last read position: LG15:9,347,099
INFO	2022-02-13 16:38:36	MergeVcfs	Processed       420,000 records.  Elapsed time: 00:00:07s.  Time for last 10,000:    0s.  Last read position: LG15:9,583,759
INFO	2022-02-13 16:38:36	MergeVcfs	Processed       430,000 records.  Elapsed time: 00:00:08s.  Time for last 10,000:    0s.  Last read position: LG15:9,874,704
INFO	2022-02-13 16:38:36	MergeVcfs	Processed       440,000 records.  Elapsed time: 00:00:08s.  Time for last 10,000:    0s.  Last read position: LG15:10,168,913
INFO	2022-02-13 16:38:36	MergeVcfs	Processed       450,000 records.  Elapsed time: 00:00:08s.  Time for last 10,000:    0s.  Last read position: LG15:10,570,551
INFO	2022-02-13 16:38:36	MergeVcfs	Processed       460,000 records.  Elapsed time: 00:00:08s.  Time for last 10,000:    0s.  Last read position: LG15:10,813,454
INFO	2022-02-13 16:38:37	MergeVcfs	Processed       470,000 records.  Elapsed time: 00:00:08s.  Time for last 10,000:    0s.  Last read position: LG15:11,044,476
INFO	2022-02-13 16:38:37	MergeVcfs	Processed       480,000 records.  Elapsed time: 00:00:08s.  Time for last 10,000:    0s.  Last read position: LG15:11,258,535
INFO	2022-02-13 16:38:37	MergeVcfs	Processed       490,000 records.  Elapsed time: 00:00:09s.  Time for last 10,000:    0s.  Last read position: LG15:11,498,039
INFO	2022-02-13 16:38:37	MergeVcfs	Processed       500,000 records.  Elapsed time: 00:00:09s.  Time for last 10,000:    0s.  Last read position: LG15:11,723,380
INFO	2022-02-13 16:38:37	MergeVcfs	Processed       510,000 records.  Elapsed time: 00:00:09s.  Time for last 10,000:    0s.  Last read position: LG15:12,000,728
INFO	2022-02-13 16:38:37	MergeVcfs	Processed       520,000 records.  Elapsed time: 00:00:09s.  Time for last 10,000:    0s.  Last read position: LG15:12,228,930
INFO	2022-02-13 16:38:38	MergeVcfs	Processed       530,000 records.  Elapsed time: 00:00:09s.  Time for last 10,000:    0s.  Last read position: LG15:12,539,534
INFO	2022-02-13 16:38:38	MergeVcfs	Processed       540,000 records.  Elapsed time: 00:00:09s.  Time for last 10,000:    0s.  Last read position: LG15:12,746,776
INFO	2022-02-13 16:38:38	MergeVcfs	Processed       550,000 records.  Elapsed time: 00:00:10s.  Time for last 10,000:    0s.  Last read position: LG15:12,977,489
INFO	2022-02-13 16:38:38	MergeVcfs	Processed       560,000 records.  Elapsed time: 00:00:10s.  Time for last 10,000:    0s.  Last read position: LG15:13,159,614
INFO	2022-02-13 16:38:38	MergeVcfs	Processed       570,000 records.  Elapsed time: 00:00:10s.  Time for last 10,000:    0s.  Last read position: LG15:13,356,567
INFO	2022-02-13 16:38:39	MergeVcfs	Processed       580,000 records.  Elapsed time: 00:00:10s.  Time for last 10,000:    0s.  Last read position: LG15:13,514,488
INFO	2022-02-13 16:38:39	MergeVcfs	Processed       590,000 records.  Elapsed time: 00:00:10s.  Time for last 10,000:    0s.  Last read position: LG15:13,699,397
INFO	2022-02-13 16:38:39	MergeVcfs	Processed       600,000 records.  Elapsed time: 00:00:10s.  Time for last 10,000:    0s.  Last read position: LG15:13,929,108
INFO	2022-02-13 16:38:39	MergeVcfs	Processed       610,000 records.  Elapsed time: 00:00:11s.  Time for last 10,000:    0s.  Last read position: LG15:14,146,429
INFO	2022-02-13 16:38:39	MergeVcfs	Processed       620,000 records.  Elapsed time: 00:00:11s.  Time for last 10,000:    0s.  Last read position: LG15:14,385,083
INFO	2022-02-13 16:38:39	MergeVcfs	Processed       630,000 records.  Elapsed time: 00:00:11s.  Time for last 10,000:    0s.  Last read position: LG15:14,599,100
INFO	2022-02-13 16:38:40	MergeVcfs	Processed       640,000 records.  Elapsed time: 00:00:11s.  Time for last 10,000:    0s.  Last read position: LG15:14,815,722
INFO	2022-02-13 16:38:40	MergeVcfs	Processed       650,000 records.  Elapsed time: 00:00:11s.  Time for last 10,000:    0s.  Last read position: LG15:15,081,315
INFO	2022-02-13 16:38:40	MergeVcfs	Processed       660,000 records.  Elapsed time: 00:00:12s.  Time for last 10,000:    0s.  Last read position: LG15:15,296,595
INFO	2022-02-13 16:38:40	MergeVcfs	Processed       670,000 records.  Elapsed time: 00:00:12s.  Time for last 10,000:    0s.  Last read position: LG15:15,526,629
INFO	2022-02-13 16:38:40	MergeVcfs	Processed       680,000 records.  Elapsed time: 00:00:12s.  Time for last 10,000:    0s.  Last read position: LG15:15,743,589
INFO	2022-02-13 16:38:40	MergeVcfs	Processed       690,000 records.  Elapsed time: 00:00:12s.  Time for last 10,000:    0s.  Last read position: LG15:15,921,368
INFO	2022-02-13 16:38:41	MergeVcfs	Processed       700,000 records.  Elapsed time: 00:00:12s.  Time for last 10,000:    0s.  Last read position: LG15:16,210,131
INFO	2022-02-13 16:38:41	MergeVcfs	Processed       710,000 records.  Elapsed time: 00:00:12s.  Time for last 10,000:    0s.  Last read position: LG15:16,463,725
INFO	2022-02-13 16:38:41	MergeVcfs	Processed       720,000 records.  Elapsed time: 00:00:13s.  Time for last 10,000:    0s.  Last read position: LG15:16,790,195
INFO	2022-02-13 16:38:41	MergeVcfs	Processed       730,000 records.  Elapsed time: 00:00:13s.  Time for last 10,000:    0s.  Last read position: LG15:17,180,917
16:38:41.643 WARN  IntelInflater - Zero Bytes Written : 0
[Sun Feb 13 16:38:41 PST 2022] picard.vcf.MergeVcfs done. Elapsed time: 0.22 minutes.
Runtime.totalMemory()=3112697856
Tool returned:
0
