==========================================
SLURM_JOB_ID = 7439938
SLURM_JOB_NODELIST = b22-13
TMPDIR = /tmp/SLURM_7439938
==========================================
Using GATK jar /home1/mharden/.conda/envs/gatk4/share/gatk4-4.2.2.0-1/gatk-package-4.2.2.0-local.jar
Running:
    java -Dsamjdk.use_async_io_read_samtools=false -Dsamjdk.use_async_io_write_samtools=true -Dsamjdk.use_async_io_write_tribble=false -Dsamjdk.compression_level=2 -jar /home1/mharden/.conda/envs/gatk4/share/gatk4-4.2.2.0-1/gatk-package-4.2.2.0-local.jar MergeVcfs -R Kr2015_Undaria.pinnatifida_superscaffolds.fasta --SEQUENCE_DICTIONARY Kr2015_Undaria.pinnatifida_superscaffolds.dict -I 0001-scattered.interval_list.sorted.vcf.gz -O Undaria_Variants.vcf
16:38:18.066 INFO  NativeLibraryLoader - Loading libgkl_compression.so from jar:file:/home1/mharden/.conda/envs/gatk4/share/gatk4-4.2.2.0-1/gatk-package-4.2.2.0-local.jar!/com/intel/gkl/native/libgkl_compression.so
[Sun Feb 13 16:38:18 PST 2022] MergeVcfs --INPUT 0001-scattered.interval_list.sorted.vcf.gz --OUTPUT Undaria_Variants.vcf --SEQUENCE_DICTIONARY Kr2015_Undaria.pinnatifida_superscaffolds.dict --REFERENCE_SEQUENCE Kr2015_Undaria.pinnatifida_superscaffolds.fasta --VERBOSITY INFO --QUIET false --VALIDATION_STRINGENCY STRICT --COMPRESSION_LEVEL 2 --MAX_RECORDS_IN_RAM 500000 --CREATE_INDEX true --CREATE_MD5_FILE false --GA4GH_CLIENT_SECRETS client_secrets.json --help false --version false --showHidden false --USE_JDK_DEFLATER false --USE_JDK_INFLATER false
Feb 13, 2022 4:38:18 PM shaded.cloud_nio.com.google.auth.oauth2.ComputeEngineCredentials runningOnComputeEngine
INFO: Failed to detect whether we are running on Google Compute Engine.
[Sun Feb 13 16:38:18 PST 2022] Executing as mharden@b22-13.hpc.usc.edu on Linux 3.10.0-1062.4.1.el7.x86_64 amd64; OpenJDK 64-Bit Server VM 1.8.0_302-b08; Deflater: Intel; Inflater: Intel; Provider GCS is available; Picard version: Version:4.2.2.0
INFO	2022-02-13 16:38:18	MergeVcfs	Processed        10,000 records.  Elapsed time: 00:00:00s.  Time for last 10,000:    0s.  Last read position: LG00:19,407,300
INFO	2022-02-13 16:38:18	MergeVcfs	Processed        20,000 records.  Elapsed time: 00:00:00s.  Time for last 10,000:    0s.  Last read position: LG00:19,651,886
INFO	2022-02-13 16:38:19	MergeVcfs	Processed        30,000 records.  Elapsed time: 00:00:00s.  Time for last 10,000:    0s.  Last read position: LG00:19,906,246
INFO	2022-02-13 16:38:19	MergeVcfs	Processed        40,000 records.  Elapsed time: 00:00:01s.  Time for last 10,000:    0s.  Last read position: LG00:20,192,408
INFO	2022-02-13 16:38:19	MergeVcfs	Processed        50,000 records.  Elapsed time: 00:00:01s.  Time for last 10,000:    0s.  Last read position: LG00:20,633,132
INFO	2022-02-13 16:38:19	MergeVcfs	Processed        60,000 records.  Elapsed time: 00:00:01s.  Time for last 10,000:    0s.  Last read position: LG00:21,112,220
INFO	2022-02-13 16:38:19	MergeVcfs	Processed        70,000 records.  Elapsed time: 00:00:01s.  Time for last 10,000:    0s.  Last read position: LG00:21,266,103
INFO	2022-02-13 16:38:19	MergeVcfs	Processed        80,000 records.  Elapsed time: 00:00:01s.  Time for last 10,000:    0s.  Last read position: LG00:21,492,035
INFO	2022-02-13 16:38:19	MergeVcfs	Processed        90,000 records.  Elapsed time: 00:00:01s.  Time for last 10,000:    0s.  Last read position: LG00:21,781,027
INFO	2022-02-13 16:38:20	MergeVcfs	Processed       100,000 records.  Elapsed time: 00:00:01s.  Time for last 10,000:    0s.  Last read position: LG00:22,178,701
INFO	2022-02-13 16:38:20	MergeVcfs	Processed       110,000 records.  Elapsed time: 00:00:02s.  Time for last 10,000:    0s.  Last read position: LG00:22,435,224
INFO	2022-02-13 16:38:20	MergeVcfs	Processed       120,000 records.  Elapsed time: 00:00:02s.  Time for last 10,000:    0s.  Last read position: LG00:22,922,824
INFO	2022-02-13 16:38:20	MergeVcfs	Processed       130,000 records.  Elapsed time: 00:00:02s.  Time for last 10,000:    0s.  Last read position: LG00:23,307,249
INFO	2022-02-13 16:38:20	MergeVcfs	Processed       140,000 records.  Elapsed time: 00:00:02s.  Time for last 10,000:    0s.  Last read position: LG00:23,586,087
INFO	2022-02-13 16:38:20	MergeVcfs	Processed       150,000 records.  Elapsed time: 00:00:02s.  Time for last 10,000:    0s.  Last read position: LG00:23,969,093
INFO	2022-02-13 16:38:21	MergeVcfs	Processed       160,000 records.  Elapsed time: 00:00:02s.  Time for last 10,000:    0s.  Last read position: LG00:24,287,145
INFO	2022-02-13 16:38:21	MergeVcfs	Processed       170,000 records.  Elapsed time: 00:00:03s.  Time for last 10,000:    0s.  Last read position: LG00:24,576,465
INFO	2022-02-13 16:38:21	MergeVcfs	Processed       180,000 records.  Elapsed time: 00:00:03s.  Time for last 10,000:    0s.  Last read position: LG00:24,690,098
INFO	2022-02-13 16:38:21	MergeVcfs	Processed       190,000 records.  Elapsed time: 00:00:03s.  Time for last 10,000:    0s.  Last read position: LG00:25,107,957
INFO	2022-02-13 16:38:21	MergeVcfs	Processed       200,000 records.  Elapsed time: 00:00:03s.  Time for last 10,000:    0s.  Last read position: LG00:25,327,523
INFO	2022-02-13 16:38:21	MergeVcfs	Processed       210,000 records.  Elapsed time: 00:00:03s.  Time for last 10,000:    0s.  Last read position: LG00:26,003,613
INFO	2022-02-13 16:38:21	MergeVcfs	Processed       220,000 records.  Elapsed time: 00:00:03s.  Time for last 10,000:    0s.  Last read position: LG00:26,435,356
INFO	2022-02-13 16:38:22	MergeVcfs	Processed       230,000 records.  Elapsed time: 00:00:03s.  Time for last 10,000:    0s.  Last read position: LG00:26,917,860
INFO	2022-02-13 16:38:22	MergeVcfs	Processed       240,000 records.  Elapsed time: 00:00:04s.  Time for last 10,000:    0s.  Last read position: LG00:27,184,805
INFO	2022-02-13 16:38:22	MergeVcfs	Processed       250,000 records.  Elapsed time: 00:00:04s.  Time for last 10,000:    0s.  Last read position: LG00:27,519,380
INFO	2022-02-13 16:38:22	MergeVcfs	Processed       260,000 records.  Elapsed time: 00:00:04s.  Time for last 10,000:    0s.  Last read position: LG00:27,730,994
INFO	2022-02-13 16:38:22	MergeVcfs	Processed       270,000 records.  Elapsed time: 00:00:04s.  Time for last 10,000:    0s.  Last read position: LG00:28,114,482
INFO	2022-02-13 16:38:22	MergeVcfs	Processed       280,000 records.  Elapsed time: 00:00:04s.  Time for last 10,000:    0s.  Last read position: LG00:28,214,848
INFO	2022-02-13 16:38:23	MergeVcfs	Processed       290,000 records.  Elapsed time: 00:00:04s.  Time for last 10,000:    0s.  Last read position: LG00:28,402,007
INFO	2022-02-13 16:38:23	MergeVcfs	Processed       300,000 records.  Elapsed time: 00:00:05s.  Time for last 10,000:    0s.  Last read position: LG00:28,692,952
INFO	2022-02-13 16:38:23	MergeVcfs	Processed       310,000 records.  Elapsed time: 00:00:05s.  Time for last 10,000:    0s.  Last read position: LG00:29,283,654
INFO	2022-02-13 16:38:23	MergeVcfs	Processed       320,000 records.  Elapsed time: 00:00:05s.  Time for last 10,000:    0s.  Last read position: LG00:29,849,967
INFO	2022-02-13 16:38:23	MergeVcfs	Processed       330,000 records.  Elapsed time: 00:00:05s.  Time for last 10,000:    0s.  Last read position: LG00:30,130,591
INFO	2022-02-13 16:38:23	MergeVcfs	Processed       340,000 records.  Elapsed time: 00:00:05s.  Time for last 10,000:    0s.  Last read position: LG00:30,301,802
INFO	2022-02-13 16:38:24	MergeVcfs	Processed       350,000 records.  Elapsed time: 00:00:05s.  Time for last 10,000:    0s.  Last read position: LG00:30,548,707
INFO	2022-02-13 16:38:24	MergeVcfs	Processed       360,000 records.  Elapsed time: 00:00:05s.  Time for last 10,000:    0s.  Last read position: LG00:31,034,311
INFO	2022-02-13 16:38:24	MergeVcfs	Processed       370,000 records.  Elapsed time: 00:00:06s.  Time for last 10,000:    0s.  Last read position: LG00:31,275,400
INFO	2022-02-13 16:38:24	MergeVcfs	Processed       380,000 records.  Elapsed time: 00:00:06s.  Time for last 10,000:    0s.  Last read position: LG00:31,711,537
INFO	2022-02-13 16:38:24	MergeVcfs	Processed       390,000 records.  Elapsed time: 00:00:06s.  Time for last 10,000:    0s.  Last read position: LG00:32,181,407
INFO	2022-02-13 16:38:24	MergeVcfs	Processed       400,000 records.  Elapsed time: 00:00:06s.  Time for last 10,000:    0s.  Last read position: LG00:32,393,336
INFO	2022-02-13 16:38:24	MergeVcfs	Processed       410,000 records.  Elapsed time: 00:00:06s.  Time for last 10,000:    0s.  Last read position: LG00:32,681,429
INFO	2022-02-13 16:38:25	MergeVcfs	Processed       420,000 records.  Elapsed time: 00:00:06s.  Time for last 10,000:    0s.  Last read position: LG00:32,927,824
INFO	2022-02-13 16:38:25	MergeVcfs	Processed       430,000 records.  Elapsed time: 00:00:07s.  Time for last 10,000:    0s.  Last read position: LG00:33,456,365
INFO	2022-02-13 16:38:25	MergeVcfs	Processed       440,000 records.  Elapsed time: 00:00:07s.  Time for last 10,000:    0s.  Last read position: LG00:33,869,415
INFO	2022-02-13 16:38:25	MergeVcfs	Processed       450,000 records.  Elapsed time: 00:00:07s.  Time for last 10,000:    0s.  Last read position: LG00:34,277,704
INFO	2022-02-13 16:38:25	MergeVcfs	Processed       460,000 records.  Elapsed time: 00:00:07s.  Time for last 10,000:    0s.  Last read position: LG00:34,665,139
INFO	2022-02-13 16:38:26	MergeVcfs	Processed       470,000 records.  Elapsed time: 00:00:07s.  Time for last 10,000:    0s.  Last read position: LG00:34,869,400
INFO	2022-02-13 16:38:26	MergeVcfs	Processed       480,000 records.  Elapsed time: 00:00:08s.  Time for last 10,000:    0s.  Last read position: LG00:35,073,410
INFO	2022-02-13 16:38:26	MergeVcfs	Processed       490,000 records.  Elapsed time: 00:00:08s.  Time for last 10,000:    0s.  Last read position: LG00:35,483,044
INFO	2022-02-13 16:38:26	MergeVcfs	Processed       500,000 records.  Elapsed time: 00:00:08s.  Time for last 10,000:    0s.  Last read position: LG00:35,773,460
INFO	2022-02-13 16:38:26	MergeVcfs	Processed       510,000 records.  Elapsed time: 00:00:08s.  Time for last 10,000:    0s.  Last read position: LG00:36,010,248
INFO	2022-02-13 16:38:26	MergeVcfs	Processed       520,000 records.  Elapsed time: 00:00:08s.  Time for last 10,000:    0s.  Last read position: LG00:36,212,609
INFO	2022-02-13 16:38:27	MergeVcfs	Processed       530,000 records.  Elapsed time: 00:00:08s.  Time for last 10,000:    0s.  Last read position: LG00:36,335,114
INFO	2022-02-13 16:38:27	MergeVcfs	Processed       540,000 records.  Elapsed time: 00:00:09s.  Time for last 10,000:    0s.  Last read position: LG00:36,735,595
INFO	2022-02-13 16:38:27	MergeVcfs	Processed       550,000 records.  Elapsed time: 00:00:09s.  Time for last 10,000:    0s.  Last read position: LG00:37,233,859
INFO	2022-02-13 16:38:27	MergeVcfs	Processed       560,000 records.  Elapsed time: 00:00:09s.  Time for last 10,000:    0s.  Last read position: LG00:37,439,686
INFO	2022-02-13 16:38:27	MergeVcfs	Processed       570,000 records.  Elapsed time: 00:00:09s.  Time for last 10,000:    0s.  Last read position: LG00:37,799,736
INFO	2022-02-13 16:38:27	MergeVcfs	Processed       580,000 records.  Elapsed time: 00:00:09s.  Time for last 10,000:    0s.  Last read position: LG00:38,092,424
16:38:27.985 WARN  IntelInflater - Zero Bytes Written : 0
[Sun Feb 13 16:38:28 PST 2022] picard.vcf.MergeVcfs done. Elapsed time: 0.17 minutes.
Runtime.totalMemory()=3031433216
Tool returned:
0
