==========================================
SLURM_JOB_ID = 7264083
SLURM_JOB_NODELIST = a01-03
TMPDIR = /tmp/SLURM_7264083
==========================================
Using GATK jar /home1/mharden/.conda/envs/gatk4/share/gatk4-4.2.2.0-1/gatk-package-4.2.2.0-local.jar
Running:
    java -Dsamjdk.use_async_io_read_samtools=false -Dsamjdk.use_async_io_write_samtools=true -Dsamjdk.use_async_io_write_tribble=false -Dsamjdk.compression_level=2 -jar /home1/mharden/.conda/envs/gatk4/share/gatk4-4.2.2.0-1/gatk-package-4.2.2.0-local.jar SortVcf -I 0016-scattered.interval_list.vcf.gz -O 0016-scattered.interval_list.sorted.vcf.gz
18:35:07.046 INFO  NativeLibraryLoader - Loading libgkl_compression.so from jar:file:/home1/mharden/.conda/envs/gatk4/share/gatk4-4.2.2.0-1/gatk-package-4.2.2.0-local.jar!/com/intel/gkl/native/libgkl_compression.so
[Mon Jan 31 18:35:07 PST 2022] SortVcf --INPUT 0016-scattered.interval_list.vcf.gz --OUTPUT 0016-scattered.interval_list.sorted.vcf.gz --VERBOSITY INFO --QUIET false --VALIDATION_STRINGENCY STRICT --COMPRESSION_LEVEL 2 --MAX_RECORDS_IN_RAM 500000 --CREATE_INDEX true --CREATE_MD5_FILE false --GA4GH_CLIENT_SECRETS client_secrets.json --help false --version false --showHidden false --USE_JDK_DEFLATER false --USE_JDK_INFLATER false
Jan 31, 2022 6:35:07 PM shaded.cloud_nio.com.google.auth.oauth2.ComputeEngineCredentials runningOnComputeEngine
INFO: Failed to detect whether we are running on Google Compute Engine.
[Mon Jan 31 18:35:07 PST 2022] Executing as mharden@a01-03.hpc.usc.edu on Linux 3.10.0-1062.4.1.el7.x86_64 amd64; OpenJDK 64-Bit Server VM 1.8.0_302-b08; Deflater: Intel; Inflater: Intel; Provider GCS is available; Picard version: Version:4.2.2.0
INFO	2022-01-31 18:35:07	SortVcf	Reading entries from input file 1
INFO	2022-01-31 18:35:20	SortVcf	read        25,000 records.  Elapsed time: 00:00:12s.  Time for last 25,000:   12s.  Last read position: LG08:9,334,106
INFO	2022-01-31 18:35:22	SortVcf	read        50,000 records.  Elapsed time: 00:00:15s.  Time for last 25,000:    2s.  Last read position: LG08:9,823,501
INFO	2022-01-31 18:35:23	SortVcf	read        75,000 records.  Elapsed time: 00:00:15s.  Time for last 25,000:    0s.  Last read position: LG08:11,009,664
INFO	2022-01-31 18:35:23	SortVcf	read       100,000 records.  Elapsed time: 00:00:16s.  Time for last 25,000:    0s.  Last read position: LG08:11,397,997
INFO	2022-01-31 18:35:23	SortVcf	read       125,000 records.  Elapsed time: 00:00:16s.  Time for last 25,000:    0s.  Last read position: LG08:11,718,865
INFO	2022-01-31 18:35:24	SortVcf	read       150,000 records.  Elapsed time: 00:00:16s.  Time for last 25,000:    0s.  Last read position: LG08:12,031,892
INFO	2022-01-31 18:35:24	SortVcf	read       175,000 records.  Elapsed time: 00:00:16s.  Time for last 25,000:    0s.  Last read position: LG08:12,427,007
INFO	2022-01-31 18:35:24	SortVcf	read       200,000 records.  Elapsed time: 00:00:17s.  Time for last 25,000:    0s.  Last read position: LG08:12,751,658
INFO	2022-01-31 18:35:24	SortVcf	read       225,000 records.  Elapsed time: 00:00:17s.  Time for last 25,000:    0s.  Last read position: LG08:13,149,474
INFO	2022-01-31 18:35:25	SortVcf	read       250,000 records.  Elapsed time: 00:00:17s.  Time for last 25,000:    0s.  Last read position: LG08:13,517,123
INFO	2022-01-31 18:35:25	SortVcf	read       275,000 records.  Elapsed time: 00:00:17s.  Time for last 25,000:    0s.  Last read position: LG08:13,955,085
INFO	2022-01-31 18:35:25	SortVcf	read       300,000 records.  Elapsed time: 00:00:18s.  Time for last 25,000:    0s.  Last read position: LG08:14,455,022
INFO	2022-01-31 18:35:26	SortVcf	read       325,000 records.  Elapsed time: 00:00:19s.  Time for last 25,000:    1s.  Last read position: LG08:14,962,111
INFO	2022-01-31 18:35:26	SortVcf	read       350,000 records.  Elapsed time: 00:00:19s.  Time for last 25,000:    0s.  Last read position: LG09:395,451
INFO	2022-01-31 18:35:27	SortVcf	read       375,000 records.  Elapsed time: 00:00:19s.  Time for last 25,000:    0s.  Last read position: LG09:918,214
INFO	2022-01-31 18:35:27	SortVcf	read       400,000 records.  Elapsed time: 00:00:20s.  Time for last 25,000:    0s.  Last read position: LG09:1,726,389
INFO	2022-01-31 18:35:27	SortVcf	read       425,000 records.  Elapsed time: 00:00:20s.  Time for last 25,000:    0s.  Last read position: LG09:2,204,880
INFO	2022-01-31 18:35:27	SortVcf	read       450,000 records.  Elapsed time: 00:00:20s.  Time for last 25,000:    0s.  Last read position: LG09:2,610,234
INFO	2022-01-31 18:35:28	SortVcf	read       475,000 records.  Elapsed time: 00:00:20s.  Time for last 25,000:    0s.  Last read position: LG09:2,965,025
INFO	2022-01-31 18:35:28	SortVcf	read       500,000 records.  Elapsed time: 00:00:20s.  Time for last 25,000:    0s.  Last read position: LG09:3,502,780
INFO	2022-01-31 18:35:33	SortVcf	read       525,000 records.  Elapsed time: 00:00:26s.  Time for last 25,000:    5s.  Last read position: LG09:3,891,896
INFO	2022-01-31 18:35:33	SortVcf	read       550,000 records.  Elapsed time: 00:00:26s.  Time for last 25,000:    0s.  Last read position: LG09:4,274,968
INFO	2022-01-31 18:35:34	SortVcf	read       575,000 records.  Elapsed time: 00:00:26s.  Time for last 25,000:    0s.  Last read position: LG09:4,755,227
INFO	2022-01-31 18:35:34	SortVcf	read       600,000 records.  Elapsed time: 00:00:27s.  Time for last 25,000:    0s.  Last read position: LG09:5,275,694
INFO	2022-01-31 18:35:34	SortVcf	read       625,000 records.  Elapsed time: 00:00:27s.  Time for last 25,000:    0s.  Last read position: LG09:5,801,618
INFO	2022-01-31 18:35:34	SortVcf	read       650,000 records.  Elapsed time: 00:00:27s.  Time for last 25,000:    0s.  Last read position: LG09:6,179,031
INFO	2022-01-31 18:35:35	SortVcf	read       675,000 records.  Elapsed time: 00:00:27s.  Time for last 25,000:    0s.  Last read position: LG09:6,567,750
INFO	2022-01-31 18:35:35	SortVcf	read       700,000 records.  Elapsed time: 00:00:27s.  Time for last 25,000:    0s.  Last read position: LG09:7,102,753
INFO	2022-01-31 18:35:35	SortVcf	read       725,000 records.  Elapsed time: 00:00:28s.  Time for last 25,000:    0s.  Last read position: LG09:7,591,102
INFO	2022-01-31 18:35:35	SortVcf	read       750,000 records.  Elapsed time: 00:00:28s.  Time for last 25,000:    0s.  Last read position: LG09:8,393,335
INFO	2022-01-31 18:35:36	SortVcf	read       775,000 records.  Elapsed time: 00:00:28s.  Time for last 25,000:    0s.  Last read position: LG09:8,847,175
INFO	2022-01-31 18:35:36	SortVcf	read       800,000 records.  Elapsed time: 00:00:28s.  Time for last 25,000:    0s.  Last read position: LG09:9,508,379
INFO	2022-01-31 18:35:36	SortVcf	read       825,000 records.  Elapsed time: 00:00:29s.  Time for last 25,000:    0s.  Last read position: LG09:10,012,487
INFO	2022-01-31 18:35:41	SortVcf	read       850,000 records.  Elapsed time: 00:00:34s.  Time for last 25,000:    5s.  Last read position: LG09:10,561,969
INFO	2022-01-31 18:35:42	SortVcf	read       875,000 records.  Elapsed time: 00:00:34s.  Time for last 25,000:    0s.  Last read position: LG09:11,041,989
INFO	2022-01-31 18:35:42	SortVcf	read       900,000 records.  Elapsed time: 00:00:34s.  Time for last 25,000:    0s.  Last read position: LG09:11,718,263
INFO	2022-01-31 18:35:42	SortVcf	read       925,000 records.  Elapsed time: 00:00:35s.  Time for last 25,000:    0s.  Last read position: LG09:12,670,137
18:35:42.854 WARN  IntelInflater - Zero Bytes Written : 0
INFO	2022-01-31 18:36:07	SortVcf	wrote        25,000 records.  Elapsed time: 00:00:24s.  Time for last 25,000:   15s.  Last read position: LG08:9,334,106
INFO	2022-01-31 18:36:07	SortVcf	wrote        50,000 records.  Elapsed time: 00:00:24s.  Time for last 25,000:    0s.  Last read position: LG08:9,823,501
INFO	2022-01-31 18:36:07	SortVcf	wrote        75,000 records.  Elapsed time: 00:00:24s.  Time for last 25,000:    0s.  Last read position: LG08:11,009,664
INFO	2022-01-31 18:36:08	SortVcf	wrote       100,000 records.  Elapsed time: 00:00:25s.  Time for last 25,000:    0s.  Last read position: LG08:11,397,997
INFO	2022-01-31 18:36:08	SortVcf	wrote       125,000 records.  Elapsed time: 00:00:25s.  Time for last 25,000:    0s.  Last read position: LG08:11,718,865
INFO	2022-01-31 18:36:09	SortVcf	wrote       150,000 records.  Elapsed time: 00:00:26s.  Time for last 25,000:    0s.  Last read position: LG08:12,031,892
INFO	2022-01-31 18:36:10	SortVcf	wrote       175,000 records.  Elapsed time: 00:00:27s.  Time for last 25,000:    1s.  Last read position: LG08:12,427,007
INFO	2022-01-31 18:36:11	SortVcf	wrote       200,000 records.  Elapsed time: 00:00:28s.  Time for last 25,000:    1s.  Last read position: LG08:12,751,658
INFO	2022-01-31 18:36:12	SortVcf	wrote       225,000 records.  Elapsed time: 00:00:29s.  Time for last 25,000:    0s.  Last read position: LG08:13,149,474
INFO	2022-01-31 18:36:12	SortVcf	wrote       250,000 records.  Elapsed time: 00:00:29s.  Time for last 25,000:    0s.  Last read position: LG08:13,517,123
INFO	2022-01-31 18:36:12	SortVcf	wrote       275,000 records.  Elapsed time: 00:00:29s.  Time for last 25,000:    0s.  Last read position: LG08:13,955,085
INFO	2022-01-31 18:36:13	SortVcf	wrote       300,000 records.  Elapsed time: 00:00:30s.  Time for last 25,000:    0s.  Last read position: LG08:14,455,022
INFO	2022-01-31 18:36:13	SortVcf	wrote       325,000 records.  Elapsed time: 00:00:30s.  Time for last 25,000:    0s.  Last read position: LG08:14,962,111
INFO	2022-01-31 18:36:13	SortVcf	wrote       350,000 records.  Elapsed time: 00:00:31s.  Time for last 25,000:    0s.  Last read position: LG09:395,451
INFO	2022-01-31 18:36:14	SortVcf	wrote       375,000 records.  Elapsed time: 00:00:31s.  Time for last 25,000:    0s.  Last read position: LG09:918,214
INFO	2022-01-31 18:36:14	SortVcf	wrote       400,000 records.  Elapsed time: 00:00:31s.  Time for last 25,000:    0s.  Last read position: LG09:1,726,389
INFO	2022-01-31 18:36:15	SortVcf	wrote       425,000 records.  Elapsed time: 00:00:32s.  Time for last 25,000:    0s.  Last read position: LG09:2,204,880
INFO	2022-01-31 18:36:15	SortVcf	wrote       450,000 records.  Elapsed time: 00:00:32s.  Time for last 25,000:    0s.  Last read position: LG09:2,610,234
INFO	2022-01-31 18:36:15	SortVcf	wrote       475,000 records.  Elapsed time: 00:00:33s.  Time for last 25,000:    0s.  Last read position: LG09:2,965,025
INFO	2022-01-31 18:36:16	SortVcf	wrote       500,000 records.  Elapsed time: 00:00:33s.  Time for last 25,000:    0s.  Last read position: LG09:3,502,780
INFO	2022-01-31 18:36:18	SortVcf	wrote       525,000 records.  Elapsed time: 00:00:35s.  Time for last 25,000:    1s.  Last read position: LG09:3,891,896
INFO	2022-01-31 18:36:37	SortVcf	wrote       550,000 records.  Elapsed time: 00:00:54s.  Time for last 25,000:   19s.  Last read position: LG09:4,274,968
INFO	2022-01-31 18:36:37	SortVcf	wrote       575,000 records.  Elapsed time: 00:00:54s.  Time for last 25,000:    0s.  Last read position: LG09:4,755,227
INFO	2022-01-31 18:36:37	SortVcf	wrote       600,000 records.  Elapsed time: 00:00:54s.  Time for last 25,000:    0s.  Last read position: LG09:5,275,694
INFO	2022-01-31 18:36:38	SortVcf	wrote       625,000 records.  Elapsed time: 00:00:55s.  Time for last 25,000:    0s.  Last read position: LG09:5,801,618
INFO	2022-01-31 18:36:38	SortVcf	wrote       650,000 records.  Elapsed time: 00:00:55s.  Time for last 25,000:    0s.  Last read position: LG09:6,179,031
INFO	2022-01-31 18:36:38	SortVcf	wrote       675,000 records.  Elapsed time: 00:00:55s.  Time for last 25,000:    0s.  Last read position: LG09:6,567,750
INFO	2022-01-31 18:36:39	SortVcf	wrote       700,000 records.  Elapsed time: 00:00:56s.  Time for last 25,000:    0s.  Last read position: LG09:7,102,753
INFO	2022-01-31 18:36:39	SortVcf	wrote       725,000 records.  Elapsed time: 00:00:56s.  Time for last 25,000:    0s.  Last read position: LG09:7,591,102
INFO	2022-01-31 18:36:39	SortVcf	wrote       750,000 records.  Elapsed time: 00:00:56s.  Time for last 25,000:    0s.  Last read position: LG09:8,393,335
INFO	2022-01-31 18:36:40	SortVcf	wrote       775,000 records.  Elapsed time: 00:00:57s.  Time for last 25,000:    0s.  Last read position: LG09:8,847,175
INFO	2022-01-31 18:36:40	SortVcf	wrote       800,000 records.  Elapsed time: 00:00:57s.  Time for last 25,000:    0s.  Last read position: LG09:9,508,379
INFO	2022-01-31 18:36:40	SortVcf	wrote       825,000 records.  Elapsed time: 00:00:57s.  Time for last 25,000:    0s.  Last read position: LG09:10,012,487
INFO	2022-01-31 18:36:40	SortVcf	wrote       850,000 records.  Elapsed time: 00:00:58s.  Time for last 25,000:    0s.  Last read position: LG09:10,561,969
INFO	2022-01-31 18:36:41	SortVcf	wrote       875,000 records.  Elapsed time: 00:00:58s.  Time for last 25,000:    0s.  Last read position: LG09:11,041,989
INFO	2022-01-31 18:36:41	SortVcf	wrote       900,000 records.  Elapsed time: 00:00:58s.  Time for last 25,000:    0s.  Last read position: LG09:11,718,263
INFO	2022-01-31 18:36:41	SortVcf	wrote       925,000 records.  Elapsed time: 00:00:58s.  Time for last 25,000:    0s.  Last read position: LG09:12,670,137
[Mon Jan 31 18:36:51 PST 2022] picard.vcf.SortVcf done. Elapsed time: 1.75 minutes.
Runtime.totalMemory()=13381926912
Tool returned:
0
