==========================================
SLURM_JOB_ID = 7264098
SLURM_JOB_NODELIST = a01-03
TMPDIR = /tmp/SLURM_7264098
==========================================
Using GATK jar /home1/mharden/.conda/envs/gatk4/share/gatk4-4.2.2.0-1/gatk-package-4.2.2.0-local.jar
Running:
    java -Dsamjdk.use_async_io_read_samtools=false -Dsamjdk.use_async_io_write_samtools=true -Dsamjdk.use_async_io_write_tribble=false -Dsamjdk.compression_level=2 -jar /home1/mharden/.conda/envs/gatk4/share/gatk4-4.2.2.0-1/gatk-package-4.2.2.0-local.jar SortVcf -I 0024-scattered.interval_list.vcf.gz -O 0024-scattered.interval_list.sorted.vcf.gz
18:42:18.166 INFO  NativeLibraryLoader - Loading libgkl_compression.so from jar:file:/home1/mharden/.conda/envs/gatk4/share/gatk4-4.2.2.0-1/gatk-package-4.2.2.0-local.jar!/com/intel/gkl/native/libgkl_compression.so
[Mon Jan 31 18:42:18 PST 2022] SortVcf --INPUT 0024-scattered.interval_list.vcf.gz --OUTPUT 0024-scattered.interval_list.sorted.vcf.gz --VERBOSITY INFO --QUIET false --VALIDATION_STRINGENCY STRICT --COMPRESSION_LEVEL 2 --MAX_RECORDS_IN_RAM 500000 --CREATE_INDEX true --CREATE_MD5_FILE false --GA4GH_CLIENT_SECRETS client_secrets.json --help false --version false --showHidden false --USE_JDK_DEFLATER false --USE_JDK_INFLATER false
Jan 31, 2022 6:42:18 PM shaded.cloud_nio.com.google.auth.oauth2.ComputeEngineCredentials runningOnComputeEngine
INFO: Failed to detect whether we are running on Google Compute Engine.
[Mon Jan 31 18:42:18 PST 2022] Executing as mharden@a01-03.hpc.usc.edu on Linux 3.10.0-1062.4.1.el7.x86_64 amd64; OpenJDK 64-Bit Server VM 1.8.0_302-b08; Deflater: Intel; Inflater: Intel; Provider GCS is available; Picard version: Version:4.2.2.0
INFO	2022-01-31 18:42:18	SortVcf	Reading entries from input file 1
INFO	2022-01-31 18:42:18	SortVcf	read        25,000 records.  Elapsed time: 00:00:00s.  Time for last 25,000:    0s.  Last read position: LG17:3,423,144
INFO	2022-01-31 18:42:19	SortVcf	read        50,000 records.  Elapsed time: 00:00:01s.  Time for last 25,000:    0s.  Last read position: LG17:3,849,950
INFO	2022-01-31 18:42:19	SortVcf	read        75,000 records.  Elapsed time: 00:00:01s.  Time for last 25,000:    0s.  Last read position: LG17:4,405,538
INFO	2022-01-31 18:42:20	SortVcf	read       100,000 records.  Elapsed time: 00:00:01s.  Time for last 25,000:    0s.  Last read position: LG17:5,213,438
INFO	2022-01-31 18:42:20	SortVcf	read       125,000 records.  Elapsed time: 00:00:02s.  Time for last 25,000:    0s.  Last read position: LG17:5,673,617
INFO	2022-01-31 18:42:20	SortVcf	read       150,000 records.  Elapsed time: 00:00:02s.  Time for last 25,000:    0s.  Last read position: LG17:6,330,675
INFO	2022-01-31 18:42:21	SortVcf	read       175,000 records.  Elapsed time: 00:00:02s.  Time for last 25,000:    0s.  Last read position: LG17:7,068,917
INFO	2022-01-31 18:42:21	SortVcf	read       200,000 records.  Elapsed time: 00:00:02s.  Time for last 25,000:    0s.  Last read position: LG17:7,615,987
INFO	2022-01-31 18:42:21	SortVcf	read       225,000 records.  Elapsed time: 00:00:03s.  Time for last 25,000:    0s.  Last read position: LG17:8,311,275
INFO	2022-01-31 18:42:21	SortVcf	read       250,000 records.  Elapsed time: 00:00:03s.  Time for last 25,000:    0s.  Last read position: LG17:8,881,998
INFO	2022-01-31 18:42:22	SortVcf	read       275,000 records.  Elapsed time: 00:00:03s.  Time for last 25,000:    0s.  Last read position: LG17:9,446,486
INFO	2022-01-31 18:42:22	SortVcf	read       300,000 records.  Elapsed time: 00:00:04s.  Time for last 25,000:    0s.  Last read position: LG17:10,178,325
INFO	2022-01-31 18:42:23	SortVcf	read       325,000 records.  Elapsed time: 00:00:05s.  Time for last 25,000:    1s.  Last read position: LG17:11,040,133
INFO	2022-01-31 18:42:23	SortVcf	read       350,000 records.  Elapsed time: 00:00:05s.  Time for last 25,000:    0s.  Last read position: LG17:11,689,682
INFO	2022-01-31 18:42:23	SortVcf	read       375,000 records.  Elapsed time: 00:00:05s.  Time for last 25,000:    0s.  Last read position: LG17:12,021,579
INFO	2022-01-31 18:42:24	SortVcf	read       400,000 records.  Elapsed time: 00:00:05s.  Time for last 25,000:    0s.  Last read position: LG18:264,798
INFO	2022-01-31 18:42:24	SortVcf	read       425,000 records.  Elapsed time: 00:00:06s.  Time for last 25,000:    0s.  Last read position: LG18:754,847
INFO	2022-01-31 18:42:24	SortVcf	read       450,000 records.  Elapsed time: 00:00:06s.  Time for last 25,000:    0s.  Last read position: LG18:1,298,198
INFO	2022-01-31 18:42:25	SortVcf	read       475,000 records.  Elapsed time: 00:00:06s.  Time for last 25,000:    0s.  Last read position: LG18:1,883,862
INFO	2022-01-31 18:42:25	SortVcf	read       500,000 records.  Elapsed time: 00:00:06s.  Time for last 25,000:    0s.  Last read position: LG18:2,413,774
INFO	2022-01-31 18:42:30	SortVcf	read       525,000 records.  Elapsed time: 00:00:12s.  Time for last 25,000:    5s.  Last read position: LG18:2,833,727
INFO	2022-01-31 18:42:30	SortVcf	read       550,000 records.  Elapsed time: 00:00:12s.  Time for last 25,000:    0s.  Last read position: LG18:3,318,508
INFO	2022-01-31 18:42:43	SortVcf	read       575,000 records.  Elapsed time: 00:00:24s.  Time for last 25,000:   12s.  Last read position: LG18:3,838,684
INFO	2022-01-31 18:42:43	SortVcf	read       600,000 records.  Elapsed time: 00:00:25s.  Time for last 25,000:    0s.  Last read position: LG18:4,259,301
INFO	2022-01-31 18:42:43	SortVcf	read       625,000 records.  Elapsed time: 00:00:25s.  Time for last 25,000:    0s.  Last read position: LG18:4,678,685
INFO	2022-01-31 18:42:43	SortVcf	read       650,000 records.  Elapsed time: 00:00:25s.  Time for last 25,000:    0s.  Last read position: LG18:5,118,649
INFO	2022-01-31 18:42:44	SortVcf	read       675,000 records.  Elapsed time: 00:00:26s.  Time for last 25,000:    0s.  Last read position: LG18:5,647,342
INFO	2022-01-31 18:42:44	SortVcf	read       700,000 records.  Elapsed time: 00:00:26s.  Time for last 25,000:    0s.  Last read position: LG18:6,451,671
INFO	2022-01-31 18:42:44	SortVcf	read       725,000 records.  Elapsed time: 00:00:26s.  Time for last 25,000:    0s.  Last read position: LG18:6,891,867
INFO	2022-01-31 18:42:45	SortVcf	read       750,000 records.  Elapsed time: 00:00:27s.  Time for last 25,000:    0s.  Last read position: LG18:7,290,981
INFO	2022-01-31 18:42:45	SortVcf	read       775,000 records.  Elapsed time: 00:00:27s.  Time for last 25,000:    0s.  Last read position: LG18:7,694,682
INFO	2022-01-31 18:42:45	SortVcf	read       800,000 records.  Elapsed time: 00:00:27s.  Time for last 25,000:    0s.  Last read position: LG18:8,129,237
INFO	2022-01-31 18:42:46	SortVcf	read       825,000 records.  Elapsed time: 00:00:27s.  Time for last 25,000:    0s.  Last read position: LG18:8,576,038
INFO	2022-01-31 18:42:46	SortVcf	read       850,000 records.  Elapsed time: 00:00:28s.  Time for last 25,000:    0s.  Last read position: LG18:9,246,277
18:42:47.197 WARN  IntelInflater - Zero Bytes Written : 0
INFO	2022-01-31 18:43:15	SortVcf	wrote        25,000 records.  Elapsed time: 00:00:27s.  Time for last 25,000:    0s.  Last read position: LG17:3,423,144
INFO	2022-01-31 18:43:15	SortVcf	wrote        50,000 records.  Elapsed time: 00:00:28s.  Time for last 25,000:    0s.  Last read position: LG17:3,849,950
INFO	2022-01-31 18:43:15	SortVcf	wrote        75,000 records.  Elapsed time: 00:00:28s.  Time for last 25,000:    0s.  Last read position: LG17:4,405,538
INFO	2022-01-31 18:43:15	SortVcf	wrote       100,000 records.  Elapsed time: 00:00:28s.  Time for last 25,000:    0s.  Last read position: LG17:5,213,438
INFO	2022-01-31 18:43:16	SortVcf	wrote       125,000 records.  Elapsed time: 00:00:29s.  Time for last 25,000:    0s.  Last read position: LG17:5,673,617
INFO	2022-01-31 18:43:16	SortVcf	wrote       150,000 records.  Elapsed time: 00:00:29s.  Time for last 25,000:    0s.  Last read position: LG17:6,330,675
INFO	2022-01-31 18:43:16	SortVcf	wrote       175,000 records.  Elapsed time: 00:00:29s.  Time for last 25,000:    0s.  Last read position: LG17:7,068,917
INFO	2022-01-31 18:43:17	SortVcf	wrote       200,000 records.  Elapsed time: 00:00:29s.  Time for last 25,000:    0s.  Last read position: LG17:7,615,987
INFO	2022-01-31 18:43:17	SortVcf	wrote       225,000 records.  Elapsed time: 00:00:30s.  Time for last 25,000:    0s.  Last read position: LG17:8,311,275
INFO	2022-01-31 18:43:17	SortVcf	wrote       250,000 records.  Elapsed time: 00:00:30s.  Time for last 25,000:    0s.  Last read position: LG17:8,881,998
INFO	2022-01-31 18:43:18	SortVcf	wrote       275,000 records.  Elapsed time: 00:00:30s.  Time for last 25,000:    0s.  Last read position: LG17:9,446,486
INFO	2022-01-31 18:43:18	SortVcf	wrote       300,000 records.  Elapsed time: 00:00:31s.  Time for last 25,000:    0s.  Last read position: LG17:10,178,325
INFO	2022-01-31 18:43:18	SortVcf	wrote       325,000 records.  Elapsed time: 00:00:31s.  Time for last 25,000:    0s.  Last read position: LG17:11,040,133
INFO	2022-01-31 18:43:18	SortVcf	wrote       350,000 records.  Elapsed time: 00:00:31s.  Time for last 25,000:    0s.  Last read position: LG17:11,689,682
INFO	2022-01-31 18:43:19	SortVcf	wrote       375,000 records.  Elapsed time: 00:00:32s.  Time for last 25,000:    0s.  Last read position: LG17:12,021,579
INFO	2022-01-31 18:43:19	SortVcf	wrote       400,000 records.  Elapsed time: 00:00:32s.  Time for last 25,000:    0s.  Last read position: LG18:264,798
INFO	2022-01-31 18:43:19	SortVcf	wrote       425,000 records.  Elapsed time: 00:00:32s.  Time for last 25,000:    0s.  Last read position: LG18:754,847
INFO	2022-01-31 18:43:20	SortVcf	wrote       450,000 records.  Elapsed time: 00:00:32s.  Time for last 25,000:    0s.  Last read position: LG18:1,298,198
INFO	2022-01-31 18:43:20	SortVcf	wrote       475,000 records.  Elapsed time: 00:00:33s.  Time for last 25,000:    0s.  Last read position: LG18:1,883,862
INFO	2022-01-31 18:43:20	SortVcf	wrote       500,000 records.  Elapsed time: 00:00:33s.  Time for last 25,000:    0s.  Last read position: LG18:2,413,774
INFO	2022-01-31 18:43:20	SortVcf	wrote       525,000 records.  Elapsed time: 00:00:33s.  Time for last 25,000:    0s.  Last read position: LG18:2,833,727
INFO	2022-01-31 18:43:21	SortVcf	wrote       550,000 records.  Elapsed time: 00:00:34s.  Time for last 25,000:    0s.  Last read position: LG18:3,318,508
INFO	2022-01-31 18:43:21	SortVcf	wrote       575,000 records.  Elapsed time: 00:00:34s.  Time for last 25,000:    0s.  Last read position: LG18:3,838,684
INFO	2022-01-31 18:43:21	SortVcf	wrote       600,000 records.  Elapsed time: 00:00:34s.  Time for last 25,000:    0s.  Last read position: LG18:4,259,301
INFO	2022-01-31 18:43:22	SortVcf	wrote       625,000 records.  Elapsed time: 00:00:34s.  Time for last 25,000:    0s.  Last read position: LG18:4,678,685
INFO	2022-01-31 18:43:22	SortVcf	wrote       650,000 records.  Elapsed time: 00:00:35s.  Time for last 25,000:    0s.  Last read position: LG18:5,118,649
INFO	2022-01-31 18:43:22	SortVcf	wrote       675,000 records.  Elapsed time: 00:00:35s.  Time for last 25,000:    0s.  Last read position: LG18:5,647,342
INFO	2022-01-31 18:43:23	SortVcf	wrote       700,000 records.  Elapsed time: 00:00:35s.  Time for last 25,000:    0s.  Last read position: LG18:6,451,671
INFO	2022-01-31 18:43:23	SortVcf	wrote       725,000 records.  Elapsed time: 00:00:36s.  Time for last 25,000:    0s.  Last read position: LG18:6,891,867
INFO	2022-01-31 18:43:24	SortVcf	wrote       750,000 records.  Elapsed time: 00:00:36s.  Time for last 25,000:    0s.  Last read position: LG18:7,290,981
INFO	2022-01-31 18:43:26	SortVcf	wrote       775,000 records.  Elapsed time: 00:00:39s.  Time for last 25,000:    2s.  Last read position: LG18:7,694,682
INFO	2022-01-31 18:43:49	SortVcf	wrote       800,000 records.  Elapsed time: 00:01:02s.  Time for last 25,000:   22s.  Last read position: LG18:8,129,237
INFO	2022-01-31 18:43:49	SortVcf	wrote       825,000 records.  Elapsed time: 00:01:02s.  Time for last 25,000:    0s.  Last read position: LG18:8,576,038
INFO	2022-01-31 18:43:49	SortVcf	wrote       850,000 records.  Elapsed time: 00:01:02s.  Time for last 25,000:    0s.  Last read position: LG18:9,246,277
[Mon Jan 31 18:43:50 PST 2022] picard.vcf.SortVcf done. Elapsed time: 1.53 minutes.
Runtime.totalMemory()=12987662336
Tool returned:
0
