==========================================
SLURM_JOB_ID = 7264078
SLURM_JOB_NODELIST = b22-28
TMPDIR = /tmp/SLURM_7264078
==========================================
Using GATK jar /home1/mharden/.conda/envs/gatk4/share/gatk4-4.2.2.0-1/gatk-package-4.2.2.0-local.jar
Running:
    java -Dsamjdk.use_async_io_read_samtools=false -Dsamjdk.use_async_io_write_samtools=true -Dsamjdk.use_async_io_write_tribble=false -Dsamjdk.compression_level=2 -jar /home1/mharden/.conda/envs/gatk4/share/gatk4-4.2.2.0-1/gatk-package-4.2.2.0-local.jar SortVcf -I 0013-scattered.interval_list.vcf.gz -O 0013-scattered.interval_list.sorted.vcf.gz
18:33:06.349 INFO  NativeLibraryLoader - Loading libgkl_compression.so from jar:file:/home1/mharden/.conda/envs/gatk4/share/gatk4-4.2.2.0-1/gatk-package-4.2.2.0-local.jar!/com/intel/gkl/native/libgkl_compression.so
[Mon Jan 31 18:33:06 PST 2022] SortVcf --INPUT 0013-scattered.interval_list.vcf.gz --OUTPUT 0013-scattered.interval_list.sorted.vcf.gz --VERBOSITY INFO --QUIET false --VALIDATION_STRINGENCY STRICT --COMPRESSION_LEVEL 2 --MAX_RECORDS_IN_RAM 500000 --CREATE_INDEX true --CREATE_MD5_FILE false --GA4GH_CLIENT_SECRETS client_secrets.json --help false --version false --showHidden false --USE_JDK_DEFLATER false --USE_JDK_INFLATER false
Jan 31, 2022 6:33:06 PM shaded.cloud_nio.com.google.auth.oauth2.ComputeEngineCredentials runningOnComputeEngine
INFO: Failed to detect whether we are running on Google Compute Engine.
[Mon Jan 31 18:33:06 PST 2022] Executing as mharden@b22-28.hpc.usc.edu on Linux 3.10.0-1062.4.1.el7.x86_64 amd64; OpenJDK 64-Bit Server VM 1.8.0_302-b08; Deflater: Intel; Inflater: Intel; Provider GCS is available; Picard version: Version:4.2.2.0
INFO	2022-01-31 18:33:06	SortVcf	Reading entries from input file 1
INFO	2022-01-31 18:33:10	SortVcf	read        25,000 records.  Elapsed time: 00:00:03s.  Time for last 25,000:    3s.  Last read position: LG04:13,998,418
INFO	2022-01-31 18:33:12	SortVcf	read        50,000 records.  Elapsed time: 00:00:06s.  Time for last 25,000:    2s.  Last read position: LG04:14,329,954
INFO	2022-01-31 18:33:12	SortVcf	read        75,000 records.  Elapsed time: 00:00:06s.  Time for last 25,000:    0s.  Last read position: LG04:14,725,299
INFO	2022-01-31 18:33:14	SortVcf	read       100,000 records.  Elapsed time: 00:00:07s.  Time for last 25,000:    1s.  Last read position: LG04:15,334,995
INFO	2022-01-31 18:33:14	SortVcf	read       125,000 records.  Elapsed time: 00:00:07s.  Time for last 25,000:    0s.  Last read position: LG05:294,537
INFO	2022-01-31 18:33:17	SortVcf	read       150,000 records.  Elapsed time: 00:00:10s.  Time for last 25,000:    3s.  Last read position: LG05:862,775
INFO	2022-01-31 18:33:17	SortVcf	read       175,000 records.  Elapsed time: 00:00:11s.  Time for last 25,000:    0s.  Last read position: LG05:1,462,836
INFO	2022-01-31 18:33:18	SortVcf	read       200,000 records.  Elapsed time: 00:00:11s.  Time for last 25,000:    0s.  Last read position: LG05:2,060,311
INFO	2022-01-31 18:33:18	SortVcf	read       225,000 records.  Elapsed time: 00:00:12s.  Time for last 25,000:    0s.  Last read position: LG05:2,815,678
INFO	2022-01-31 18:33:18	SortVcf	read       250,000 records.  Elapsed time: 00:00:12s.  Time for last 25,000:    0s.  Last read position: LG05:3,346,684
INFO	2022-01-31 18:33:19	SortVcf	read       275,000 records.  Elapsed time: 00:00:12s.  Time for last 25,000:    0s.  Last read position: LG05:3,953,395
INFO	2022-01-31 18:33:19	SortVcf	read       300,000 records.  Elapsed time: 00:00:13s.  Time for last 25,000:    0s.  Last read position: LG05:4,584,124
INFO	2022-01-31 18:33:19	SortVcf	read       325,000 records.  Elapsed time: 00:00:13s.  Time for last 25,000:    0s.  Last read position: LG05:5,128,642
INFO	2022-01-31 18:33:20	SortVcf	read       350,000 records.  Elapsed time: 00:00:13s.  Time for last 25,000:    0s.  Last read position: LG05:5,725,939
INFO	2022-01-31 18:33:21	SortVcf	read       375,000 records.  Elapsed time: 00:00:15s.  Time for last 25,000:    1s.  Last read position: LG05:6,618,241
INFO	2022-01-31 18:33:22	SortVcf	read       400,000 records.  Elapsed time: 00:00:15s.  Time for last 25,000:    0s.  Last read position: LG05:7,167,058
INFO	2022-01-31 18:33:31	SortVcf	read       425,000 records.  Elapsed time: 00:00:24s.  Time for last 25,000:    8s.  Last read position: LG05:7,778,225
INFO	2022-01-31 18:33:31	SortVcf	read       450,000 records.  Elapsed time: 00:00:24s.  Time for last 25,000:    0s.  Last read position: LG05:8,354,606
INFO	2022-01-31 18:33:31	SortVcf	read       475,000 records.  Elapsed time: 00:00:25s.  Time for last 25,000:    0s.  Last read position: LG05:8,934,555
INFO	2022-01-31 18:33:32	SortVcf	read       500,000 records.  Elapsed time: 00:00:25s.  Time for last 25,000:    0s.  Last read position: LG05:9,612,546
INFO	2022-01-31 18:33:38	SortVcf	read       525,000 records.  Elapsed time: 00:00:32s.  Time for last 25,000:    6s.  Last read position: LG05:10,073,715
INFO	2022-01-31 18:33:39	SortVcf	read       550,000 records.  Elapsed time: 00:00:32s.  Time for last 25,000:    0s.  Last read position: LG05:10,834,794
INFO	2022-01-31 18:33:39	SortVcf	read       575,000 records.  Elapsed time: 00:00:32s.  Time for last 25,000:    0s.  Last read position: LG05:11,416,834
INFO	2022-01-31 18:33:39	SortVcf	read       600,000 records.  Elapsed time: 00:00:32s.  Time for last 25,000:    0s.  Last read position: LG05:11,993,345
INFO	2022-01-31 18:33:39	SortVcf	read       625,000 records.  Elapsed time: 00:00:33s.  Time for last 25,000:    0s.  Last read position: LG05:12,537,734
INFO	2022-01-31 18:33:40	SortVcf	read       650,000 records.  Elapsed time: 00:00:33s.  Time for last 25,000:    0s.  Last read position: LG05:13,289,725
INFO	2022-01-31 18:33:40	SortVcf	read       675,000 records.  Elapsed time: 00:00:34s.  Time for last 25,000:    0s.  Last read position: LG05:14,016,397
INFO	2022-01-31 18:33:41	SortVcf	read       700,000 records.  Elapsed time: 00:00:34s.  Time for last 25,000:    0s.  Last read position: LG05:14,765,822
INFO	2022-01-31 18:33:41	SortVcf	read       725,000 records.  Elapsed time: 00:00:34s.  Time for last 25,000:    0s.  Last read position: LG05:15,357,561
INFO	2022-01-31 18:33:41	SortVcf	read       750,000 records.  Elapsed time: 00:00:35s.  Time for last 25,000:    0s.  Last read position: LG05:16,214,532
18:33:42.148 WARN  IntelInflater - Zero Bytes Written : 0
INFO	2022-01-31 18:33:46	SortVcf	wrote        25,000 records.  Elapsed time: 00:00:04s.  Time for last 25,000:    0s.  Last read position: LG04:13,998,418
INFO	2022-01-31 18:33:47	SortVcf	wrote        50,000 records.  Elapsed time: 00:00:04s.  Time for last 25,000:    0s.  Last read position: LG04:14,329,954
INFO	2022-01-31 18:33:47	SortVcf	wrote        75,000 records.  Elapsed time: 00:00:05s.  Time for last 25,000:    0s.  Last read position: LG04:14,725,299
INFO	2022-01-31 18:33:47	SortVcf	wrote       100,000 records.  Elapsed time: 00:00:05s.  Time for last 25,000:    0s.  Last read position: LG04:15,334,995
INFO	2022-01-31 18:33:48	SortVcf	wrote       125,000 records.  Elapsed time: 00:00:06s.  Time for last 25,000:    0s.  Last read position: LG05:294,537
INFO	2022-01-31 18:33:48	SortVcf	wrote       150,000 records.  Elapsed time: 00:00:06s.  Time for last 25,000:    0s.  Last read position: LG05:862,775
INFO	2022-01-31 18:33:49	SortVcf	wrote       175,000 records.  Elapsed time: 00:00:07s.  Time for last 25,000:    0s.  Last read position: LG05:1,462,836
INFO	2022-01-31 18:33:49	SortVcf	wrote       200,000 records.  Elapsed time: 00:00:07s.  Time for last 25,000:    0s.  Last read position: LG05:2,060,311
INFO	2022-01-31 18:33:50	SortVcf	wrote       225,000 records.  Elapsed time: 00:00:07s.  Time for last 25,000:    0s.  Last read position: LG05:2,815,678
INFO	2022-01-31 18:33:50	SortVcf	wrote       250,000 records.  Elapsed time: 00:00:08s.  Time for last 25,000:    0s.  Last read position: LG05:3,346,684
INFO	2022-01-31 18:33:50	SortVcf	wrote       275,000 records.  Elapsed time: 00:00:08s.  Time for last 25,000:    0s.  Last read position: LG05:3,953,395
INFO	2022-01-31 18:33:51	SortVcf	wrote       300,000 records.  Elapsed time: 00:00:09s.  Time for last 25,000:    0s.  Last read position: LG05:4,584,124
INFO	2022-01-31 18:33:52	SortVcf	wrote       325,000 records.  Elapsed time: 00:00:10s.  Time for last 25,000:    0s.  Last read position: LG05:5,128,642
INFO	2022-01-31 18:33:53	SortVcf	wrote       350,000 records.  Elapsed time: 00:00:11s.  Time for last 25,000:    1s.  Last read position: LG05:5,725,939
INFO	2022-01-31 18:34:30	SortVcf	wrote       375,000 records.  Elapsed time: 00:00:48s.  Time for last 25,000:   37s.  Last read position: LG05:6,618,241
INFO	2022-01-31 18:34:31	SortVcf	wrote       400,000 records.  Elapsed time: 00:00:49s.  Time for last 25,000:    0s.  Last read position: LG05:7,167,058
INFO	2022-01-31 18:34:31	SortVcf	wrote       425,000 records.  Elapsed time: 00:00:49s.  Time for last 25,000:    0s.  Last read position: LG05:7,778,225
INFO	2022-01-31 18:34:32	SortVcf	wrote       450,000 records.  Elapsed time: 00:00:49s.  Time for last 25,000:    0s.  Last read position: LG05:8,354,606
INFO	2022-01-31 18:34:32	SortVcf	wrote       475,000 records.  Elapsed time: 00:00:50s.  Time for last 25,000:    0s.  Last read position: LG05:8,934,555
INFO	2022-01-31 18:34:32	SortVcf	wrote       500,000 records.  Elapsed time: 00:00:50s.  Time for last 25,000:    0s.  Last read position: LG05:9,612,546
INFO	2022-01-31 18:34:33	SortVcf	wrote       525,000 records.  Elapsed time: 00:00:51s.  Time for last 25,000:    0s.  Last read position: LG05:10,073,715
INFO	2022-01-31 18:34:33	SortVcf	wrote       550,000 records.  Elapsed time: 00:00:51s.  Time for last 25,000:    0s.  Last read position: LG05:10,834,794
INFO	2022-01-31 18:34:33	SortVcf	wrote       575,000 records.  Elapsed time: 00:00:51s.  Time for last 25,000:    0s.  Last read position: LG05:11,416,834
INFO	2022-01-31 18:34:34	SortVcf	wrote       600,000 records.  Elapsed time: 00:00:52s.  Time for last 25,000:    0s.  Last read position: LG05:11,993,345
INFO	2022-01-31 18:34:34	SortVcf	wrote       625,000 records.  Elapsed time: 00:00:52s.  Time for last 25,000:    0s.  Last read position: LG05:12,537,734
INFO	2022-01-31 18:34:35	SortVcf	wrote       650,000 records.  Elapsed time: 00:00:52s.  Time for last 25,000:    0s.  Last read position: LG05:13,289,725
INFO	2022-01-31 18:34:35	SortVcf	wrote       675,000 records.  Elapsed time: 00:00:53s.  Time for last 25,000:    0s.  Last read position: LG05:14,016,397
INFO	2022-01-31 18:34:35	SortVcf	wrote       700,000 records.  Elapsed time: 00:00:53s.  Time for last 25,000:    0s.  Last read position: LG05:14,765,822
INFO	2022-01-31 18:34:36	SortVcf	wrote       725,000 records.  Elapsed time: 00:00:54s.  Time for last 25,000:    0s.  Last read position: LG05:15,357,561
INFO	2022-01-31 18:34:36	SortVcf	wrote       750,000 records.  Elapsed time: 00:00:54s.  Time for last 25,000:    0s.  Last read position: LG05:16,214,532
[Mon Jan 31 18:34:36 PST 2022] picard.vcf.SortVcf done. Elapsed time: 1.51 minutes.
Runtime.totalMemory()=13169590272
Tool returned:
0
