==========================================
SLURM_JOB_ID = 7439941
SLURM_JOB_NODELIST = a01-12
TMPDIR = /tmp/SLURM_7439941
==========================================
Using GATK jar /home1/mharden/.conda/envs/gatk4/share/gatk4-4.2.2.0-1/gatk-package-4.2.2.0-local.jar
Running:
    java -Dsamjdk.use_async_io_read_samtools=false -Dsamjdk.use_async_io_write_samtools=true -Dsamjdk.use_async_io_write_tribble=false -Dsamjdk.compression_level=2 -jar /home1/mharden/.conda/envs/gatk4/share/gatk4-4.2.2.0-1/gatk-package-4.2.2.0-local.jar MergeVcfs -R Kr2015_Undaria.pinnatifida_superscaffolds.fasta --SEQUENCE_DICTIONARY Kr2015_Undaria.pinnatifida_superscaffolds.dict -I 0004-scattered.interval_list.sorted.vcf.gz -O Undaria_Variants.vcf
16:38:17.755 INFO  NativeLibraryLoader - Loading libgkl_compression.so from jar:file:/home1/mharden/.conda/envs/gatk4/share/gatk4-4.2.2.0-1/gatk-package-4.2.2.0-local.jar!/com/intel/gkl/native/libgkl_compression.so
[Sun Feb 13 16:38:17 PST 2022] MergeVcfs --INPUT 0004-scattered.interval_list.sorted.vcf.gz --OUTPUT Undaria_Variants.vcf --SEQUENCE_DICTIONARY Kr2015_Undaria.pinnatifida_superscaffolds.dict --REFERENCE_SEQUENCE Kr2015_Undaria.pinnatifida_superscaffolds.fasta --VERBOSITY INFO --QUIET false --VALIDATION_STRINGENCY STRICT --COMPRESSION_LEVEL 2 --MAX_RECORDS_IN_RAM 500000 --CREATE_INDEX true --CREATE_MD5_FILE false --GA4GH_CLIENT_SECRETS client_secrets.json --help false --version false --showHidden false --USE_JDK_DEFLATER false --USE_JDK_INFLATER false
Feb 13, 2022 4:38:17 PM shaded.cloud_nio.com.google.auth.oauth2.ComputeEngineCredentials runningOnComputeEngine
INFO: Failed to detect whether we are running on Google Compute Engine.
[Sun Feb 13 16:38:17 PST 2022] Executing as mharden@a01-12.hpc.usc.edu on Linux 3.10.0-1062.4.1.el7.x86_64 amd64; OpenJDK 64-Bit Server VM 1.8.0_302-b08; Deflater: Intel; Inflater: Intel; Provider GCS is available; Picard version: Version:4.2.2.0
INFO	2022-02-13 16:38:18	MergeVcfs	Processed        10,000 records.  Elapsed time: 00:00:00s.  Time for last 10,000:    0s.  Last read position: LG00:77,402,822
INFO	2022-02-13 16:38:18	MergeVcfs	Processed        20,000 records.  Elapsed time: 00:00:00s.  Time for last 10,000:    0s.  Last read position: LG00:77,661,899
INFO	2022-02-13 16:38:18	MergeVcfs	Processed        30,000 records.  Elapsed time: 00:00:00s.  Time for last 10,000:    0s.  Last read position: LG00:77,969,336
INFO	2022-02-13 16:38:18	MergeVcfs	Processed        40,000 records.  Elapsed time: 00:00:00s.  Time for last 10,000:    0s.  Last read position: LG00:78,310,093
INFO	2022-02-13 16:38:18	MergeVcfs	Processed        50,000 records.  Elapsed time: 00:00:00s.  Time for last 10,000:    0s.  Last read position: LG00:79,042,628
INFO	2022-02-13 16:38:18	MergeVcfs	Processed        60,000 records.  Elapsed time: 00:00:01s.  Time for last 10,000:    0s.  Last read position: LG00:79,428,296
INFO	2022-02-13 16:38:19	MergeVcfs	Processed        70,000 records.  Elapsed time: 00:00:01s.  Time for last 10,000:    0s.  Last read position: LG00:79,859,513
INFO	2022-02-13 16:38:19	MergeVcfs	Processed        80,000 records.  Elapsed time: 00:00:01s.  Time for last 10,000:    0s.  Last read position: LG00:80,183,806
INFO	2022-02-13 16:38:19	MergeVcfs	Processed        90,000 records.  Elapsed time: 00:00:01s.  Time for last 10,000:    0s.  Last read position: LG00:80,410,998
INFO	2022-02-13 16:38:19	MergeVcfs	Processed       100,000 records.  Elapsed time: 00:00:01s.  Time for last 10,000:    0s.  Last read position: LG00:80,880,961
INFO	2022-02-13 16:38:19	MergeVcfs	Processed       110,000 records.  Elapsed time: 00:00:01s.  Time for last 10,000:    0s.  Last read position: LG00:81,260,884
INFO	2022-02-13 16:38:19	MergeVcfs	Processed       120,000 records.  Elapsed time: 00:00:01s.  Time for last 10,000:    0s.  Last read position: LG00:81,594,332
INFO	2022-02-13 16:38:19	MergeVcfs	Processed       130,000 records.  Elapsed time: 00:00:02s.  Time for last 10,000:    0s.  Last read position: LG00:81,828,553
INFO	2022-02-13 16:38:19	MergeVcfs	Processed       140,000 records.  Elapsed time: 00:00:02s.  Time for last 10,000:    0s.  Last read position: LG00:82,240,975
INFO	2022-02-13 16:38:20	MergeVcfs	Processed       150,000 records.  Elapsed time: 00:00:02s.  Time for last 10,000:    0s.  Last read position: LG00:82,575,711
INFO	2022-02-13 16:38:20	MergeVcfs	Processed       160,000 records.  Elapsed time: 00:00:02s.  Time for last 10,000:    0s.  Last read position: LG00:82,922,923
INFO	2022-02-13 16:38:20	MergeVcfs	Processed       170,000 records.  Elapsed time: 00:00:02s.  Time for last 10,000:    0s.  Last read position: LG00:83,098,972
INFO	2022-02-13 16:38:20	MergeVcfs	Processed       180,000 records.  Elapsed time: 00:00:02s.  Time for last 10,000:    0s.  Last read position: LG00:83,489,986
INFO	2022-02-13 16:38:20	MergeVcfs	Processed       190,000 records.  Elapsed time: 00:00:02s.  Time for last 10,000:    0s.  Last read position: LG00:83,858,807
INFO	2022-02-13 16:38:20	MergeVcfs	Processed       200,000 records.  Elapsed time: 00:00:02s.  Time for last 10,000:    0s.  Last read position: LG00:84,232,677
INFO	2022-02-13 16:38:20	MergeVcfs	Processed       210,000 records.  Elapsed time: 00:00:03s.  Time for last 10,000:    0s.  Last read position: LG00:84,671,168
INFO	2022-02-13 16:38:20	MergeVcfs	Processed       220,000 records.  Elapsed time: 00:00:03s.  Time for last 10,000:    0s.  Last read position: LG00:85,015,272
INFO	2022-02-13 16:38:21	MergeVcfs	Processed       230,000 records.  Elapsed time: 00:00:03s.  Time for last 10,000:    0s.  Last read position: LG00:85,427,033
INFO	2022-02-13 16:38:21	MergeVcfs	Processed       240,000 records.  Elapsed time: 00:00:03s.  Time for last 10,000:    0s.  Last read position: LG00:85,817,336
INFO	2022-02-13 16:38:21	MergeVcfs	Processed       250,000 records.  Elapsed time: 00:00:03s.  Time for last 10,000:    0s.  Last read position: LG00:86,140,481
INFO	2022-02-13 16:38:21	MergeVcfs	Processed       260,000 records.  Elapsed time: 00:00:03s.  Time for last 10,000:    0s.  Last read position: LG00:86,512,890
INFO	2022-02-13 16:38:21	MergeVcfs	Processed       270,000 records.  Elapsed time: 00:00:03s.  Time for last 10,000:    0s.  Last read position: LG00:86,891,106
INFO	2022-02-13 16:38:21	MergeVcfs	Processed       280,000 records.  Elapsed time: 00:00:03s.  Time for last 10,000:    0s.  Last read position: LG00:87,190,286
INFO	2022-02-13 16:38:21	MergeVcfs	Processed       290,000 records.  Elapsed time: 00:00:03s.  Time for last 10,000:    0s.  Last read position: LG00:87,505,066
INFO	2022-02-13 16:38:21	MergeVcfs	Processed       300,000 records.  Elapsed time: 00:00:04s.  Time for last 10,000:    0s.  Last read position: LG00:87,755,035
INFO	2022-02-13 16:38:22	MergeVcfs	Processed       310,000 records.  Elapsed time: 00:00:04s.  Time for last 10,000:    0s.  Last read position: LG00:88,397,622
INFO	2022-02-13 16:38:22	MergeVcfs	Processed       320,000 records.  Elapsed time: 00:00:04s.  Time for last 10,000:    0s.  Last read position: LG00:88,976,792
INFO	2022-02-13 16:38:22	MergeVcfs	Processed       330,000 records.  Elapsed time: 00:00:04s.  Time for last 10,000:    0s.  Last read position: LG00:89,338,215
INFO	2022-02-13 16:38:22	MergeVcfs	Processed       340,000 records.  Elapsed time: 00:00:04s.  Time for last 10,000:    0s.  Last read position: LG00:89,963,688
INFO	2022-02-13 16:38:22	MergeVcfs	Processed       350,000 records.  Elapsed time: 00:00:04s.  Time for last 10,000:    0s.  Last read position: LG00:90,399,609
INFO	2022-02-13 16:38:22	MergeVcfs	Processed       360,000 records.  Elapsed time: 00:00:04s.  Time for last 10,000:    0s.  Last read position: LG00:91,055,845
INFO	2022-02-13 16:38:22	MergeVcfs	Processed       370,000 records.  Elapsed time: 00:00:04s.  Time for last 10,000:    0s.  Last read position: LG00:91,305,648
INFO	2022-02-13 16:38:22	MergeVcfs	Processed       380,000 records.  Elapsed time: 00:00:05s.  Time for last 10,000:    0s.  Last read position: LG00:91,797,198
INFO	2022-02-13 16:38:23	MergeVcfs	Processed       390,000 records.  Elapsed time: 00:00:05s.  Time for last 10,000:    0s.  Last read position: LG00:92,177,801
INFO	2022-02-13 16:38:23	MergeVcfs	Processed       400,000 records.  Elapsed time: 00:00:05s.  Time for last 10,000:    0s.  Last read position: LG00:92,435,660
INFO	2022-02-13 16:38:23	MergeVcfs	Processed       410,000 records.  Elapsed time: 00:00:05s.  Time for last 10,000:    0s.  Last read position: LG00:93,065,917
INFO	2022-02-13 16:38:23	MergeVcfs	Processed       420,000 records.  Elapsed time: 00:00:05s.  Time for last 10,000:    0s.  Last read position: LG00:93,489,883
INFO	2022-02-13 16:38:23	MergeVcfs	Processed       430,000 records.  Elapsed time: 00:00:05s.  Time for last 10,000:    0s.  Last read position: LG00:93,796,906
INFO	2022-02-13 16:38:23	MergeVcfs	Processed       440,000 records.  Elapsed time: 00:00:05s.  Time for last 10,000:    0s.  Last read position: LG00:94,237,499
INFO	2022-02-13 16:38:23	MergeVcfs	Processed       450,000 records.  Elapsed time: 00:00:05s.  Time for last 10,000:    0s.  Last read position: LG00:94,658,598
INFO	2022-02-13 16:38:23	MergeVcfs	Processed       460,000 records.  Elapsed time: 00:00:06s.  Time for last 10,000:    0s.  Last read position: LG00:95,060,616
INFO	2022-02-13 16:38:24	MergeVcfs	Processed       470,000 records.  Elapsed time: 00:00:06s.  Time for last 10,000:    0s.  Last read position: LG00:95,657,903
INFO	2022-02-13 16:38:24	MergeVcfs	Processed       480,000 records.  Elapsed time: 00:00:06s.  Time for last 10,000:    0s.  Last read position: LG00:96,005,902
16:38:24.140 WARN  IntelInflater - Zero Bytes Written : 0
[Sun Feb 13 16:38:24 PST 2022] picard.vcf.MergeVcfs done. Elapsed time: 0.11 minutes.
Runtime.totalMemory()=2883059712
Tool returned:
0
