==========================================
SLURM_JOB_ID = 7439964
SLURM_JOB_NODELIST = a03-18
TMPDIR = /tmp/SLURM_7439964
==========================================
Using GATK jar /home1/mharden/.conda/envs/gatk4/share/gatk4-4.2.2.0-1/gatk-package-4.2.2.0-local.jar
Running:
    java -Dsamjdk.use_async_io_read_samtools=false -Dsamjdk.use_async_io_write_samtools=true -Dsamjdk.use_async_io_write_tribble=false -Dsamjdk.compression_level=2 -jar /home1/mharden/.conda/envs/gatk4/share/gatk4-4.2.2.0-1/gatk-package-4.2.2.0-local.jar MergeVcfs -R Kr2015_Undaria.pinnatifida_superscaffolds.fasta --SEQUENCE_DICTIONARY Kr2015_Undaria.pinnatifida_superscaffolds.dict -I 0027-scattered.interval_list.sorted.vcf.gz -O Undaria_Variants.vcf
16:38:30.485 INFO  NativeLibraryLoader - Loading libgkl_compression.so from jar:file:/home1/mharden/.conda/envs/gatk4/share/gatk4-4.2.2.0-1/gatk-package-4.2.2.0-local.jar!/com/intel/gkl/native/libgkl_compression.so
[Sun Feb 13 16:38:30 PST 2022] MergeVcfs --INPUT 0027-scattered.interval_list.sorted.vcf.gz --OUTPUT Undaria_Variants.vcf --SEQUENCE_DICTIONARY Kr2015_Undaria.pinnatifida_superscaffolds.dict --REFERENCE_SEQUENCE Kr2015_Undaria.pinnatifida_superscaffolds.fasta --VERBOSITY INFO --QUIET false --VALIDATION_STRINGENCY STRICT --COMPRESSION_LEVEL 2 --MAX_RECORDS_IN_RAM 500000 --CREATE_INDEX true --CREATE_MD5_FILE false --GA4GH_CLIENT_SECRETS client_secrets.json --help false --version false --showHidden false --USE_JDK_DEFLATER false --USE_JDK_INFLATER false
Feb 13, 2022 4:38:30 PM shaded.cloud_nio.com.google.auth.oauth2.ComputeEngineCredentials runningOnComputeEngine
INFO: Failed to detect whether we are running on Google Compute Engine.
[Sun Feb 13 16:38:30 PST 2022] Executing as mharden@a03-18.hpc.usc.edu on Linux 3.10.0-1062.4.1.el7.x86_64 amd64; OpenJDK 64-Bit Server VM 1.8.0_302-b08; Deflater: Intel; Inflater: Intel; Provider GCS is available; Picard version: Version:4.2.2.0
INFO	2022-02-13 16:38:30	MergeVcfs	Processed        10,000 records.  Elapsed time: 00:00:00s.  Time for last 10,000:    0s.  Last read position: LG21:8,360,079
INFO	2022-02-13 16:38:31	MergeVcfs	Processed        20,000 records.  Elapsed time: 00:00:00s.  Time for last 10,000:    0s.  Last read position: LG21:8,684,324
INFO	2022-02-13 16:38:31	MergeVcfs	Processed        30,000 records.  Elapsed time: 00:00:00s.  Time for last 10,000:    0s.  Last read position: LG21:8,903,470
INFO	2022-02-13 16:38:31	MergeVcfs	Processed        40,000 records.  Elapsed time: 00:00:00s.  Time for last 10,000:    0s.  Last read position: LG21:9,170,250
INFO	2022-02-13 16:38:31	MergeVcfs	Processed        50,000 records.  Elapsed time: 00:00:01s.  Time for last 10,000:    0s.  Last read position: LG21:9,343,625
INFO	2022-02-13 16:38:31	MergeVcfs	Processed        60,000 records.  Elapsed time: 00:00:01s.  Time for last 10,000:    0s.  Last read position: LG21:9,575,882
INFO	2022-02-13 16:38:31	MergeVcfs	Processed        70,000 records.  Elapsed time: 00:00:01s.  Time for last 10,000:    0s.  Last read position: LG21:9,779,376
INFO	2022-02-13 16:38:32	MergeVcfs	Processed        80,000 records.  Elapsed time: 00:00:01s.  Time for last 10,000:    0s.  Last read position: LG21:10,033,796
INFO	2022-02-13 16:38:32	MergeVcfs	Processed        90,000 records.  Elapsed time: 00:00:01s.  Time for last 10,000:    0s.  Last read position: LG21:10,298,568
INFO	2022-02-13 16:38:32	MergeVcfs	Processed       100,000 records.  Elapsed time: 00:00:01s.  Time for last 10,000:    0s.  Last read position: LG21:10,601,560
INFO	2022-02-13 16:38:32	MergeVcfs	Processed       110,000 records.  Elapsed time: 00:00:01s.  Time for last 10,000:    0s.  Last read position: LG21:10,818,482
INFO	2022-02-13 16:38:32	MergeVcfs	Processed       120,000 records.  Elapsed time: 00:00:02s.  Time for last 10,000:    0s.  Last read position: LG21:11,030,894
INFO	2022-02-13 16:38:32	MergeVcfs	Processed       130,000 records.  Elapsed time: 00:00:02s.  Time for last 10,000:    0s.  Last read position: LG21:11,288,906
INFO	2022-02-13 16:38:32	MergeVcfs	Processed       140,000 records.  Elapsed time: 00:00:02s.  Time for last 10,000:    0s.  Last read position: LG21:11,571,079
INFO	2022-02-13 16:38:33	MergeVcfs	Processed       150,000 records.  Elapsed time: 00:00:02s.  Time for last 10,000:    0s.  Last read position: LG21:11,972,527
INFO	2022-02-13 16:38:33	MergeVcfs	Processed       160,000 records.  Elapsed time: 00:00:02s.  Time for last 10,000:    0s.  Last read position: LG21:12,155,861
INFO	2022-02-13 16:38:33	MergeVcfs	Processed       170,000 records.  Elapsed time: 00:00:02s.  Time for last 10,000:    0s.  Last read position: LG21:12,301,014
INFO	2022-02-13 16:38:33	MergeVcfs	Processed       180,000 records.  Elapsed time: 00:00:02s.  Time for last 10,000:    0s.  Last read position: LG21:12,544,149
INFO	2022-02-13 16:38:33	MergeVcfs	Processed       190,000 records.  Elapsed time: 00:00:03s.  Time for last 10,000:    0s.  Last read position: LG21:12,763,616
INFO	2022-02-13 16:38:33	MergeVcfs	Processed       200,000 records.  Elapsed time: 00:00:03s.  Time for last 10,000:    0s.  Last read position: LG21:13,026,359
INFO	2022-02-13 16:38:33	MergeVcfs	Processed       210,000 records.  Elapsed time: 00:00:03s.  Time for last 10,000:    0s.  Last read position: LG21:13,366,215
INFO	2022-02-13 16:38:33	MergeVcfs	Processed       220,000 records.  Elapsed time: 00:00:03s.  Time for last 10,000:    0s.  Last read position: LG21:13,611,081
INFO	2022-02-13 16:38:34	MergeVcfs	Processed       230,000 records.  Elapsed time: 00:00:03s.  Time for last 10,000:    0s.  Last read position: LG21:13,848,012
INFO	2022-02-13 16:38:34	MergeVcfs	Processed       240,000 records.  Elapsed time: 00:00:03s.  Time for last 10,000:    0s.  Last read position: LG21:14,120,959
INFO	2022-02-13 16:38:34	MergeVcfs	Processed       250,000 records.  Elapsed time: 00:00:03s.  Time for last 10,000:    0s.  Last read position: LG21:14,248,382
INFO	2022-02-13 16:38:34	MergeVcfs	Processed       260,000 records.  Elapsed time: 00:00:03s.  Time for last 10,000:    0s.  Last read position: LG21:14,425,909
INFO	2022-02-13 16:38:34	MergeVcfs	Processed       270,000 records.  Elapsed time: 00:00:04s.  Time for last 10,000:    0s.  Last read position: LG22:79,905
INFO	2022-02-13 16:38:34	MergeVcfs	Processed       280,000 records.  Elapsed time: 00:00:04s.  Time for last 10,000:    0s.  Last read position: LG22:323,286
INFO	2022-02-13 16:38:34	MergeVcfs	Processed       290,000 records.  Elapsed time: 00:00:04s.  Time for last 10,000:    0s.  Last read position: LG22:528,125
INFO	2022-02-13 16:38:35	MergeVcfs	Processed       300,000 records.  Elapsed time: 00:00:04s.  Time for last 10,000:    0s.  Last read position: LG22:803,376
INFO	2022-02-13 16:38:35	MergeVcfs	Processed       310,000 records.  Elapsed time: 00:00:04s.  Time for last 10,000:    0s.  Last read position: LG22:1,168,132
INFO	2022-02-13 16:38:35	MergeVcfs	Processed       320,000 records.  Elapsed time: 00:00:04s.  Time for last 10,000:    0s.  Last read position: LG22:1,765,088
INFO	2022-02-13 16:38:35	MergeVcfs	Processed       330,000 records.  Elapsed time: 00:00:04s.  Time for last 10,000:    0s.  Last read position: LG22:2,010,301
INFO	2022-02-13 16:38:35	MergeVcfs	Processed       340,000 records.  Elapsed time: 00:00:05s.  Time for last 10,000:    0s.  Last read position: LG22:2,268,309
INFO	2022-02-13 16:38:35	MergeVcfs	Processed       350,000 records.  Elapsed time: 00:00:05s.  Time for last 10,000:    0s.  Last read position: LG22:2,512,148
INFO	2022-02-13 16:38:35	MergeVcfs	Processed       360,000 records.  Elapsed time: 00:00:05s.  Time for last 10,000:    0s.  Last read position: LG22:2,651,225
INFO	2022-02-13 16:38:36	MergeVcfs	Processed       370,000 records.  Elapsed time: 00:00:05s.  Time for last 10,000:    0s.  Last read position: LG22:2,842,379
INFO	2022-02-13 16:38:36	MergeVcfs	Processed       380,000 records.  Elapsed time: 00:00:05s.  Time for last 10,000:    0s.  Last read position: LG22:3,093,223
INFO	2022-02-13 16:38:36	MergeVcfs	Processed       390,000 records.  Elapsed time: 00:00:05s.  Time for last 10,000:    0s.  Last read position: LG22:3,337,549
INFO	2022-02-13 16:38:36	MergeVcfs	Processed       400,000 records.  Elapsed time: 00:00:05s.  Time for last 10,000:    0s.  Last read position: LG22:3,636,782
INFO	2022-02-13 16:38:36	MergeVcfs	Processed       410,000 records.  Elapsed time: 00:00:06s.  Time for last 10,000:    0s.  Last read position: LG22:3,940,700
INFO	2022-02-13 16:38:36	MergeVcfs	Processed       420,000 records.  Elapsed time: 00:00:06s.  Time for last 10,000:    0s.  Last read position: LG22:4,178,908
INFO	2022-02-13 16:38:36	MergeVcfs	Processed       430,000 records.  Elapsed time: 00:00:06s.  Time for last 10,000:    0s.  Last read position: LG22:4,428,395
INFO	2022-02-13 16:38:37	MergeVcfs	Processed       440,000 records.  Elapsed time: 00:00:06s.  Time for last 10,000:    0s.  Last read position: LG22:4,727,819
INFO	2022-02-13 16:38:37	MergeVcfs	Processed       450,000 records.  Elapsed time: 00:00:06s.  Time for last 10,000:    0s.  Last read position: LG22:5,016,460
INFO	2022-02-13 16:38:37	MergeVcfs	Processed       460,000 records.  Elapsed time: 00:00:06s.  Time for last 10,000:    0s.  Last read position: LG22:5,200,776
INFO	2022-02-13 16:38:37	MergeVcfs	Processed       470,000 records.  Elapsed time: 00:00:06s.  Time for last 10,000:    0s.  Last read position: LG22:5,428,293
INFO	2022-02-13 16:38:37	MergeVcfs	Processed       480,000 records.  Elapsed time: 00:00:06s.  Time for last 10,000:    0s.  Last read position: LG22:5,681,810
INFO	2022-02-13 16:38:37	MergeVcfs	Processed       490,000 records.  Elapsed time: 00:00:07s.  Time for last 10,000:    0s.  Last read position: LG22:5,914,217
INFO	2022-02-13 16:38:37	MergeVcfs	Processed       500,000 records.  Elapsed time: 00:00:07s.  Time for last 10,000:    0s.  Last read position: LG22:6,243,786
INFO	2022-02-13 16:38:37	MergeVcfs	Processed       510,000 records.  Elapsed time: 00:00:07s.  Time for last 10,000:    0s.  Last read position: LG22:6,422,842
INFO	2022-02-13 16:38:38	MergeVcfs	Processed       520,000 records.  Elapsed time: 00:00:07s.  Time for last 10,000:    0s.  Last read position: LG22:6,583,377
INFO	2022-02-13 16:38:38	MergeVcfs	Processed       530,000 records.  Elapsed time: 00:00:07s.  Time for last 10,000:    0s.  Last read position: LG22:6,852,489
INFO	2022-02-13 16:38:38	MergeVcfs	Processed       540,000 records.  Elapsed time: 00:00:07s.  Time for last 10,000:    0s.  Last read position: LG22:7,031,677
INFO	2022-02-13 16:38:38	MergeVcfs	Processed       550,000 records.  Elapsed time: 00:00:07s.  Time for last 10,000:    0s.  Last read position: LG22:7,295,324
INFO	2022-02-13 16:38:38	MergeVcfs	Processed       560,000 records.  Elapsed time: 00:00:08s.  Time for last 10,000:    0s.  Last read position: LG22:7,510,689
INFO	2022-02-13 16:38:38	MergeVcfs	Processed       570,000 records.  Elapsed time: 00:00:08s.  Time for last 10,000:    0s.  Last read position: LG22:7,732,099
INFO	2022-02-13 16:38:38	MergeVcfs	Processed       580,000 records.  Elapsed time: 00:00:08s.  Time for last 10,000:    0s.  Last read position: LG22:7,834,287
INFO	2022-02-13 16:38:39	MergeVcfs	Processed       590,000 records.  Elapsed time: 00:00:08s.  Time for last 10,000:    0s.  Last read position: LG22:7,991,952
INFO	2022-02-13 16:38:39	MergeVcfs	Processed       600,000 records.  Elapsed time: 00:00:08s.  Time for last 10,000:    0s.  Last read position: LG22:8,159,776
INFO	2022-02-13 16:38:39	MergeVcfs	Processed       610,000 records.  Elapsed time: 00:00:08s.  Time for last 10,000:    0s.  Last read position: LG22:8,400,772
INFO	2022-02-13 16:38:39	MergeVcfs	Processed       620,000 records.  Elapsed time: 00:00:08s.  Time for last 10,000:    0s.  Last read position: LG22:8,706,146
INFO	2022-02-13 16:38:39	MergeVcfs	Processed       630,000 records.  Elapsed time: 00:00:08s.  Time for last 10,000:    0s.  Last read position: LG22:8,944,214
INFO	2022-02-13 16:38:39	MergeVcfs	Processed       640,000 records.  Elapsed time: 00:00:09s.  Time for last 10,000:    0s.  Last read position: LG22:9,083,504
INFO	2022-02-13 16:38:39	MergeVcfs	Processed       650,000 records.  Elapsed time: 00:00:09s.  Time for last 10,000:    0s.  Last read position: LG22:9,404,763
INFO	2022-02-13 16:38:39	MergeVcfs	Processed       660,000 records.  Elapsed time: 00:00:09s.  Time for last 10,000:    0s.  Last read position: LG22:9,662,825
INFO	2022-02-13 16:38:40	MergeVcfs	Processed       670,000 records.  Elapsed time: 00:00:09s.  Time for last 10,000:    0s.  Last read position: LG22:9,888,279
INFO	2022-02-13 16:38:40	MergeVcfs	Processed       680,000 records.  Elapsed time: 00:00:09s.  Time for last 10,000:    0s.  Last read position: LG22:10,043,430
INFO	2022-02-13 16:38:40	MergeVcfs	Processed       690,000 records.  Elapsed time: 00:00:09s.  Time for last 10,000:    0s.  Last read position: LG22:10,409,445
INFO	2022-02-13 16:38:40	MergeVcfs	Processed       700,000 records.  Elapsed time: 00:00:09s.  Time for last 10,000:    0s.  Last read position: LG22:10,606,033
INFO	2022-02-13 16:38:40	MergeVcfs	Processed       710,000 records.  Elapsed time: 00:00:10s.  Time for last 10,000:    0s.  Last read position: LG22:10,846,944
INFO	2022-02-13 16:38:40	MergeVcfs	Processed       720,000 records.  Elapsed time: 00:00:10s.  Time for last 10,000:    0s.  Last read position: LG22:11,108,875
INFO	2022-02-13 16:38:40	MergeVcfs	Processed       730,000 records.  Elapsed time: 00:00:10s.  Time for last 10,000:    0s.  Last read position: LG22:11,297,524
INFO	2022-02-13 16:38:41	MergeVcfs	Processed       740,000 records.  Elapsed time: 00:00:10s.  Time for last 10,000:    0s.  Last read position: LG22:11,445,390
INFO	2022-02-13 16:38:41	MergeVcfs	Processed       750,000 records.  Elapsed time: 00:00:10s.  Time for last 10,000:    0s.  Last read position: LG22:11,572,013
INFO	2022-02-13 16:38:41	MergeVcfs	Processed       760,000 records.  Elapsed time: 00:00:10s.  Time for last 10,000:    0s.  Last read position: LG22:11,822,842
INFO	2022-02-13 16:38:41	MergeVcfs	Processed       770,000 records.  Elapsed time: 00:00:10s.  Time for last 10,000:    0s.  Last read position: LG22:11,966,843
INFO	2022-02-13 16:38:41	MergeVcfs	Processed       780,000 records.  Elapsed time: 00:00:11s.  Time for last 10,000:    0s.  Last read position: LG23:221,862
INFO	2022-02-13 16:38:41	MergeVcfs	Processed       790,000 records.  Elapsed time: 00:00:11s.  Time for last 10,000:    0s.  Last read position: LG23:404,066
16:38:41.919 WARN  IntelInflater - Zero Bytes Written : 0
INFO	2022-02-13 16:38:41	MergeVcfs	Processed       800,000 records.  Elapsed time: 00:00:11s.  Time for last 10,000:    0s.  Last read position: LG23:570,393
[Sun Feb 13 16:38:41 PST 2022] picard.vcf.MergeVcfs done. Elapsed time: 0.19 minutes.
Runtime.totalMemory()=3338141696
Tool returned:
0
