==========================================
SLURM_JOB_ID = 7264063
SLURM_JOB_NODELIST = a01-03
TMPDIR = /tmp/SLURM_7264063
==========================================
Using GATK jar /home1/mharden/.conda/envs/gatk4/share/gatk4-4.2.2.0-1/gatk-package-4.2.2.0-local.jar
Running:
    java -Dsamjdk.use_async_io_read_samtools=false -Dsamjdk.use_async_io_write_samtools=true -Dsamjdk.use_async_io_write_tribble=false -Dsamjdk.compression_level=2 -jar /home1/mharden/.conda/envs/gatk4/share/gatk4-4.2.2.0-1/gatk-package-4.2.2.0-local.jar SortVcf -I 0005-scattered.interval_list.vcf.gz -O 0005-scattered.interval_list.sorted.vcf.gz
18:25:05.189 INFO  NativeLibraryLoader - Loading libgkl_compression.so from jar:file:/home1/mharden/.conda/envs/gatk4/share/gatk4-4.2.2.0-1/gatk-package-4.2.2.0-local.jar!/com/intel/gkl/native/libgkl_compression.so
[Mon Jan 31 18:25:05 PST 2022] SortVcf --INPUT 0005-scattered.interval_list.vcf.gz --OUTPUT 0005-scattered.interval_list.sorted.vcf.gz --VERBOSITY INFO --QUIET false --VALIDATION_STRINGENCY STRICT --COMPRESSION_LEVEL 2 --MAX_RECORDS_IN_RAM 500000 --CREATE_INDEX true --CREATE_MD5_FILE false --GA4GH_CLIENT_SECRETS client_secrets.json --help false --version false --showHidden false --USE_JDK_DEFLATER false --USE_JDK_INFLATER false
Jan 31, 2022 6:25:05 PM shaded.cloud_nio.com.google.auth.oauth2.ComputeEngineCredentials runningOnComputeEngine
INFO: Failed to detect whether we are running on Google Compute Engine.
[Mon Jan 31 18:25:05 PST 2022] Executing as mharden@a01-03.hpc.usc.edu on Linux 3.10.0-1062.4.1.el7.x86_64 amd64; OpenJDK 64-Bit Server VM 1.8.0_302-b08; Deflater: Intel; Inflater: Intel; Provider GCS is available; Picard version: Version:4.2.2.0
INFO	2022-01-31 18:25:05	SortVcf	Reading entries from input file 1
INFO	2022-01-31 18:25:05	SortVcf	read        25,000 records.  Elapsed time: 00:00:00s.  Time for last 25,000:    0s.  Last read position: LG00:97,223,852
INFO	2022-01-31 18:25:05	SortVcf	read        50,000 records.  Elapsed time: 00:00:00s.  Time for last 25,000:    0s.  Last read position: LG00:98,489,755
INFO	2022-01-31 18:25:06	SortVcf	read        75,000 records.  Elapsed time: 00:00:00s.  Time for last 25,000:    0s.  Last read position: LG00:99,382,929
INFO	2022-01-31 18:25:06	SortVcf	read       100,000 records.  Elapsed time: 00:00:01s.  Time for last 25,000:    0s.  Last read position: LG00:100,287,775
INFO	2022-01-31 18:25:06	SortVcf	read       125,000 records.  Elapsed time: 00:00:01s.  Time for last 25,000:    0s.  Last read position: LG00:101,662,885
INFO	2022-01-31 18:25:06	SortVcf	read       150,000 records.  Elapsed time: 00:00:01s.  Time for last 25,000:    0s.  Last read position: LG00:103,115,351
INFO	2022-01-31 18:25:07	SortVcf	read       175,000 records.  Elapsed time: 00:00:01s.  Time for last 25,000:    0s.  Last read position: LG00:104,270,992
INFO	2022-01-31 18:25:07	SortVcf	read       200,000 records.  Elapsed time: 00:00:01s.  Time for last 25,000:    0s.  Last read position: LG00:105,434,264
INFO	2022-01-31 18:25:07	SortVcf	read       225,000 records.  Elapsed time: 00:00:02s.  Time for last 25,000:    0s.  Last read position: LG00:106,547,820
INFO	2022-01-31 18:25:07	SortVcf	read       250,000 records.  Elapsed time: 00:00:02s.  Time for last 25,000:    0s.  Last read position: LG00:107,793,385
INFO	2022-01-31 18:25:07	SortVcf	read       275,000 records.  Elapsed time: 00:00:02s.  Time for last 25,000:    0s.  Last read position: LG00:109,615,466
INFO	2022-01-31 18:25:08	SortVcf	read       300,000 records.  Elapsed time: 00:00:02s.  Time for last 25,000:    0s.  Last read position: LG00:110,706,799
INFO	2022-01-31 18:25:08	SortVcf	read       325,000 records.  Elapsed time: 00:00:02s.  Time for last 25,000:    0s.  Last read position: LG00:111,625,406
INFO	2022-01-31 18:25:09	SortVcf	read       350,000 records.  Elapsed time: 00:00:04s.  Time for last 25,000:    1s.  Last read position: LG00:112,488,221
INFO	2022-01-31 18:25:09	SortVcf	read       375,000 records.  Elapsed time: 00:00:04s.  Time for last 25,000:    0s.  Last read position: LG00:114,096,680
18:25:09.819 WARN  IntelInflater - Zero Bytes Written : 0
INFO	2022-01-31 18:25:10	SortVcf	wrote        25,000 records.  Elapsed time: 00:00:00s.  Time for last 25,000:    0s.  Last read position: LG00:97,223,852
INFO	2022-01-31 18:25:10	SortVcf	wrote        50,000 records.  Elapsed time: 00:00:00s.  Time for last 25,000:    0s.  Last read position: LG00:98,489,755
INFO	2022-01-31 18:25:10	SortVcf	wrote        75,000 records.  Elapsed time: 00:00:00s.  Time for last 25,000:    0s.  Last read position: LG00:99,382,929
INFO	2022-01-31 18:25:10	SortVcf	wrote       100,000 records.  Elapsed time: 00:00:00s.  Time for last 25,000:    0s.  Last read position: LG00:100,287,775
INFO	2022-01-31 18:25:10	SortVcf	wrote       125,000 records.  Elapsed time: 00:00:01s.  Time for last 25,000:    0s.  Last read position: LG00:101,662,885
INFO	2022-01-31 18:25:11	SortVcf	wrote       150,000 records.  Elapsed time: 00:00:01s.  Time for last 25,000:    0s.  Last read position: LG00:103,115,351
INFO	2022-01-31 18:25:11	SortVcf	wrote       175,000 records.  Elapsed time: 00:00:01s.  Time for last 25,000:    0s.  Last read position: LG00:104,270,992
INFO	2022-01-31 18:25:11	SortVcf	wrote       200,000 records.  Elapsed time: 00:00:01s.  Time for last 25,000:    0s.  Last read position: LG00:105,434,264
INFO	2022-01-31 18:25:11	SortVcf	wrote       225,000 records.  Elapsed time: 00:00:01s.  Time for last 25,000:    0s.  Last read position: LG00:106,547,820
INFO	2022-01-31 18:25:11	SortVcf	wrote       250,000 records.  Elapsed time: 00:00:01s.  Time for last 25,000:    0s.  Last read position: LG00:107,793,385
INFO	2022-01-31 18:25:11	SortVcf	wrote       275,000 records.  Elapsed time: 00:00:02s.  Time for last 25,000:    0s.  Last read position: LG00:109,615,466
INFO	2022-01-31 18:25:12	SortVcf	wrote       300,000 records.  Elapsed time: 00:00:02s.  Time for last 25,000:    0s.  Last read position: LG00:110,706,799
INFO	2022-01-31 18:25:12	SortVcf	wrote       325,000 records.  Elapsed time: 00:00:02s.  Time for last 25,000:    0s.  Last read position: LG00:111,625,406
INFO	2022-01-31 18:25:12	SortVcf	wrote       350,000 records.  Elapsed time: 00:00:02s.  Time for last 25,000:    0s.  Last read position: LG00:112,488,221
INFO	2022-01-31 18:25:12	SortVcf	wrote       375,000 records.  Elapsed time: 00:00:02s.  Time for last 25,000:    0s.  Last read position: LG00:114,096,680
[Mon Jan 31 18:25:12 PST 2022] picard.vcf.SortVcf done. Elapsed time: 0.13 minutes.
Runtime.totalMemory()=7172259840
Tool returned:
0
