==========================================
SLURM_JOB_ID = 7439960
SLURM_JOB_NODELIST = b22-24
TMPDIR = /tmp/SLURM_7439960
==========================================
Using GATK jar /home1/mharden/.conda/envs/gatk4/share/gatk4-4.2.2.0-1/gatk-package-4.2.2.0-local.jar
Running:
    java -Dsamjdk.use_async_io_read_samtools=false -Dsamjdk.use_async_io_write_samtools=true -Dsamjdk.use_async_io_write_tribble=false -Dsamjdk.compression_level=2 -jar /home1/mharden/.conda/envs/gatk4/share/gatk4-4.2.2.0-1/gatk-package-4.2.2.0-local.jar MergeVcfs -R Kr2015_Undaria.pinnatifida_superscaffolds.fasta --SEQUENCE_DICTIONARY Kr2015_Undaria.pinnatifida_superscaffolds.dict -I 0023-scattered.interval_list.sorted.vcf.gz -O Undaria_Variants.vcf
16:38:28.819 INFO  NativeLibraryLoader - Loading libgkl_compression.so from jar:file:/home1/mharden/.conda/envs/gatk4/share/gatk4-4.2.2.0-1/gatk-package-4.2.2.0-local.jar!/com/intel/gkl/native/libgkl_compression.so
[Sun Feb 13 16:38:28 PST 2022] MergeVcfs --INPUT 0023-scattered.interval_list.sorted.vcf.gz --OUTPUT Undaria_Variants.vcf --SEQUENCE_DICTIONARY Kr2015_Undaria.pinnatifida_superscaffolds.dict --REFERENCE_SEQUENCE Kr2015_Undaria.pinnatifida_superscaffolds.fasta --VERBOSITY INFO --QUIET false --VALIDATION_STRINGENCY STRICT --COMPRESSION_LEVEL 2 --MAX_RECORDS_IN_RAM 500000 --CREATE_INDEX true --CREATE_MD5_FILE false --GA4GH_CLIENT_SECRETS client_secrets.json --help false --version false --showHidden false --USE_JDK_DEFLATER false --USE_JDK_INFLATER false
Feb 13, 2022 4:38:28 PM shaded.cloud_nio.com.google.auth.oauth2.ComputeEngineCredentials runningOnComputeEngine
INFO: Failed to detect whether we are running on Google Compute Engine.
[Sun Feb 13 16:38:28 PST 2022] Executing as mharden@b22-24.hpc.usc.edu on Linux 3.10.0-1062.4.1.el7.x86_64 amd64; OpenJDK 64-Bit Server VM 1.8.0_302-b08; Deflater: Intel; Inflater: Intel; Provider GCS is available; Picard version: Version:4.2.2.0
INFO	2022-02-13 16:38:29	MergeVcfs	Processed        10,000 records.  Elapsed time: 00:00:00s.  Time for last 10,000:    0s.  Last read position: LG15:17,526,438
INFO	2022-02-13 16:38:29	MergeVcfs	Processed        20,000 records.  Elapsed time: 00:00:00s.  Time for last 10,000:    0s.  Last read position: LG15:17,735,267
INFO	2022-02-13 16:38:29	MergeVcfs	Processed        30,000 records.  Elapsed time: 00:00:00s.  Time for last 10,000:    0s.  Last read position: LG15:17,972,735
INFO	2022-02-13 16:38:29	MergeVcfs	Processed        40,000 records.  Elapsed time: 00:00:01s.  Time for last 10,000:    0s.  Last read position: LG15:18,215,193
INFO	2022-02-13 16:38:30	MergeVcfs	Processed        50,000 records.  Elapsed time: 00:00:01s.  Time for last 10,000:    0s.  Last read position: LG16:66,348
INFO	2022-02-13 16:38:30	MergeVcfs	Processed        60,000 records.  Elapsed time: 00:00:01s.  Time for last 10,000:    0s.  Last read position: LG16:210,514
INFO	2022-02-13 16:38:30	MergeVcfs	Processed        70,000 records.  Elapsed time: 00:00:01s.  Time for last 10,000:    0s.  Last read position: LG16:467,464
INFO	2022-02-13 16:38:30	MergeVcfs	Processed        80,000 records.  Elapsed time: 00:00:01s.  Time for last 10,000:    0s.  Last read position: LG16:726,086
INFO	2022-02-13 16:38:30	MergeVcfs	Processed        90,000 records.  Elapsed time: 00:00:01s.  Time for last 10,000:    0s.  Last read position: LG16:1,052,322
INFO	2022-02-13 16:38:31	MergeVcfs	Processed       100,000 records.  Elapsed time: 00:00:02s.  Time for last 10,000:    0s.  Last read position: LG16:1,369,181
INFO	2022-02-13 16:38:31	MergeVcfs	Processed       110,000 records.  Elapsed time: 00:00:02s.  Time for last 10,000:    0s.  Last read position: LG16:1,648,725
INFO	2022-02-13 16:38:31	MergeVcfs	Processed       120,000 records.  Elapsed time: 00:00:02s.  Time for last 10,000:    0s.  Last read position: LG16:1,900,646
INFO	2022-02-13 16:38:31	MergeVcfs	Processed       130,000 records.  Elapsed time: 00:00:02s.  Time for last 10,000:    0s.  Last read position: LG16:2,104,322
INFO	2022-02-13 16:38:31	MergeVcfs	Processed       140,000 records.  Elapsed time: 00:00:02s.  Time for last 10,000:    0s.  Last read position: LG16:2,326,298
INFO	2022-02-13 16:38:31	MergeVcfs	Processed       150,000 records.  Elapsed time: 00:00:03s.  Time for last 10,000:    0s.  Last read position: LG16:2,619,790
INFO	2022-02-13 16:38:32	MergeVcfs	Processed       160,000 records.  Elapsed time: 00:00:03s.  Time for last 10,000:    0s.  Last read position: LG16:2,820,526
INFO	2022-02-13 16:38:32	MergeVcfs	Processed       170,000 records.  Elapsed time: 00:00:03s.  Time for last 10,000:    0s.  Last read position: LG16:3,008,634
INFO	2022-02-13 16:38:32	MergeVcfs	Processed       180,000 records.  Elapsed time: 00:00:03s.  Time for last 10,000:    0s.  Last read position: LG16:3,187,145
INFO	2022-02-13 16:38:32	MergeVcfs	Processed       190,000 records.  Elapsed time: 00:00:03s.  Time for last 10,000:    0s.  Last read position: LG16:3,371,075
INFO	2022-02-13 16:38:32	MergeVcfs	Processed       200,000 records.  Elapsed time: 00:00:03s.  Time for last 10,000:    0s.  Last read position: LG16:3,647,481
INFO	2022-02-13 16:38:33	MergeVcfs	Processed       210,000 records.  Elapsed time: 00:00:04s.  Time for last 10,000:    0s.  Last read position: LG16:3,849,977
INFO	2022-02-13 16:38:33	MergeVcfs	Processed       220,000 records.  Elapsed time: 00:00:04s.  Time for last 10,000:    0s.  Last read position: LG16:4,012,017
INFO	2022-02-13 16:38:33	MergeVcfs	Processed       230,000 records.  Elapsed time: 00:00:04s.  Time for last 10,000:    0s.  Last read position: LG16:4,125,829
INFO	2022-02-13 16:38:33	MergeVcfs	Processed       240,000 records.  Elapsed time: 00:00:04s.  Time for last 10,000:    0s.  Last read position: LG16:4,391,470
INFO	2022-02-13 16:38:33	MergeVcfs	Processed       250,000 records.  Elapsed time: 00:00:04s.  Time for last 10,000:    0s.  Last read position: LG16:4,655,069
INFO	2022-02-13 16:38:33	MergeVcfs	Processed       260,000 records.  Elapsed time: 00:00:04s.  Time for last 10,000:    0s.  Last read position: LG16:4,854,353
INFO	2022-02-13 16:38:34	MergeVcfs	Processed       270,000 records.  Elapsed time: 00:00:05s.  Time for last 10,000:    0s.  Last read position: LG16:4,995,162
INFO	2022-02-13 16:38:34	MergeVcfs	Processed       280,000 records.  Elapsed time: 00:00:05s.  Time for last 10,000:    0s.  Last read position: LG16:5,136,708
INFO	2022-02-13 16:38:34	MergeVcfs	Processed       290,000 records.  Elapsed time: 00:00:05s.  Time for last 10,000:    0s.  Last read position: LG16:5,255,405
INFO	2022-02-13 16:38:34	MergeVcfs	Processed       300,000 records.  Elapsed time: 00:00:05s.  Time for last 10,000:    0s.  Last read position: LG16:5,351,803
INFO	2022-02-13 16:38:34	MergeVcfs	Processed       310,000 records.  Elapsed time: 00:00:05s.  Time for last 10,000:    0s.  Last read position: LG16:5,617,896
INFO	2022-02-13 16:38:34	MergeVcfs	Processed       320,000 records.  Elapsed time: 00:00:05s.  Time for last 10,000:    0s.  Last read position: LG16:5,861,476
INFO	2022-02-13 16:38:35	MergeVcfs	Processed       330,000 records.  Elapsed time: 00:00:06s.  Time for last 10,000:    0s.  Last read position: LG16:6,027,685
INFO	2022-02-13 16:38:35	MergeVcfs	Processed       340,000 records.  Elapsed time: 00:00:06s.  Time for last 10,000:    0s.  Last read position: LG16:6,210,643
INFO	2022-02-13 16:38:35	MergeVcfs	Processed       350,000 records.  Elapsed time: 00:00:06s.  Time for last 10,000:    0s.  Last read position: LG16:6,393,126
INFO	2022-02-13 16:38:35	MergeVcfs	Processed       360,000 records.  Elapsed time: 00:00:06s.  Time for last 10,000:    0s.  Last read position: LG16:6,597,832
INFO	2022-02-13 16:38:35	MergeVcfs	Processed       370,000 records.  Elapsed time: 00:00:06s.  Time for last 10,000:    0s.  Last read position: LG16:6,762,745
INFO	2022-02-13 16:38:35	MergeVcfs	Processed       380,000 records.  Elapsed time: 00:00:07s.  Time for last 10,000:    0s.  Last read position: LG16:7,042,123
INFO	2022-02-13 16:38:36	MergeVcfs	Processed       390,000 records.  Elapsed time: 00:00:07s.  Time for last 10,000:    0s.  Last read position: LG16:7,347,321
INFO	2022-02-13 16:38:36	MergeVcfs	Processed       400,000 records.  Elapsed time: 00:00:07s.  Time for last 10,000:    0s.  Last read position: LG16:7,583,382
INFO	2022-02-13 16:38:36	MergeVcfs	Processed       410,000 records.  Elapsed time: 00:00:07s.  Time for last 10,000:    0s.  Last read position: LG16:7,881,191
INFO	2022-02-13 16:38:36	MergeVcfs	Processed       420,000 records.  Elapsed time: 00:00:07s.  Time for last 10,000:    0s.  Last read position: LG16:8,154,819
INFO	2022-02-13 16:38:36	MergeVcfs	Processed       430,000 records.  Elapsed time: 00:00:07s.  Time for last 10,000:    0s.  Last read position: LG16:8,503,118
INFO	2022-02-13 16:38:36	MergeVcfs	Processed       440,000 records.  Elapsed time: 00:00:08s.  Time for last 10,000:    0s.  Last read position: LG16:8,730,443
INFO	2022-02-13 16:38:37	MergeVcfs	Processed       450,000 records.  Elapsed time: 00:00:08s.  Time for last 10,000:    0s.  Last read position: LG16:9,019,375
INFO	2022-02-13 16:38:37	MergeVcfs	Processed       460,000 records.  Elapsed time: 00:00:08s.  Time for last 10,000:    0s.  Last read position: LG16:9,237,560
INFO	2022-02-13 16:38:37	MergeVcfs	Processed       470,000 records.  Elapsed time: 00:00:08s.  Time for last 10,000:    0s.  Last read position: LG16:9,489,662
INFO	2022-02-13 16:38:37	MergeVcfs	Processed       480,000 records.  Elapsed time: 00:00:08s.  Time for last 10,000:    0s.  Last read position: LG16:9,811,518
INFO	2022-02-13 16:38:37	MergeVcfs	Processed       490,000 records.  Elapsed time: 00:00:08s.  Time for last 10,000:    0s.  Last read position: LG16:10,077,573
INFO	2022-02-13 16:38:37	MergeVcfs	Processed       500,000 records.  Elapsed time: 00:00:09s.  Time for last 10,000:    0s.  Last read position: LG16:10,214,329
INFO	2022-02-13 16:38:38	MergeVcfs	Processed       510,000 records.  Elapsed time: 00:00:09s.  Time for last 10,000:    0s.  Last read position: LG16:10,414,308
INFO	2022-02-13 16:38:38	MergeVcfs	Processed       520,000 records.  Elapsed time: 00:00:09s.  Time for last 10,000:    0s.  Last read position: LG16:10,680,926
INFO	2022-02-13 16:38:38	MergeVcfs	Processed       530,000 records.  Elapsed time: 00:00:09s.  Time for last 10,000:    0s.  Last read position: LG16:10,914,995
INFO	2022-02-13 16:38:38	MergeVcfs	Processed       540,000 records.  Elapsed time: 00:00:09s.  Time for last 10,000:    0s.  Last read position: LG16:11,262,454
INFO	2022-02-13 16:38:38	MergeVcfs	Processed       550,000 records.  Elapsed time: 00:00:09s.  Time for last 10,000:    0s.  Last read position: LG16:11,666,806
INFO	2022-02-13 16:38:39	MergeVcfs	Processed       560,000 records.  Elapsed time: 00:00:10s.  Time for last 10,000:    0s.  Last read position: LG16:11,897,027
INFO	2022-02-13 16:38:39	MergeVcfs	Processed       570,000 records.  Elapsed time: 00:00:10s.  Time for last 10,000:    0s.  Last read position: LG16:12,086,686
INFO	2022-02-13 16:38:39	MergeVcfs	Processed       580,000 records.  Elapsed time: 00:00:10s.  Time for last 10,000:    0s.  Last read position: LG16:12,261,350
INFO	2022-02-13 16:38:39	MergeVcfs	Processed       590,000 records.  Elapsed time: 00:00:10s.  Time for last 10,000:    0s.  Last read position: LG16:12,570,719
INFO	2022-02-13 16:38:39	MergeVcfs	Processed       600,000 records.  Elapsed time: 00:00:10s.  Time for last 10,000:    0s.  Last read position: LG16:12,879,994
INFO	2022-02-13 16:38:39	MergeVcfs	Processed       610,000 records.  Elapsed time: 00:00:10s.  Time for last 10,000:    0s.  Last read position: LG16:13,079,628
INFO	2022-02-13 16:38:40	MergeVcfs	Processed       620,000 records.  Elapsed time: 00:00:11s.  Time for last 10,000:    0s.  Last read position: LG16:13,357,263
INFO	2022-02-13 16:38:40	MergeVcfs	Processed       630,000 records.  Elapsed time: 00:00:11s.  Time for last 10,000:    0s.  Last read position: LG16:13,597,075
INFO	2022-02-13 16:38:40	MergeVcfs	Processed       640,000 records.  Elapsed time: 00:00:11s.  Time for last 10,000:    0s.  Last read position: LG16:13,864,374
INFO	2022-02-13 16:38:40	MergeVcfs	Processed       650,000 records.  Elapsed time: 00:00:11s.  Time for last 10,000:    0s.  Last read position: LG16:14,151,350
INFO	2022-02-13 16:38:40	MergeVcfs	Processed       660,000 records.  Elapsed time: 00:00:11s.  Time for last 10,000:    0s.  Last read position: LG16:14,472,205
INFO	2022-02-13 16:38:40	MergeVcfs	Processed       670,000 records.  Elapsed time: 00:00:12s.  Time for last 10,000:    0s.  Last read position: LG16:14,648,300
INFO	2022-02-13 16:38:41	MergeVcfs	Processed       680,000 records.  Elapsed time: 00:00:12s.  Time for last 10,000:    0s.  Last read position: LG16:15,010,006
INFO	2022-02-13 16:38:41	MergeVcfs	Processed       690,000 records.  Elapsed time: 00:00:12s.  Time for last 10,000:    0s.  Last read position: LG16:15,260,108
INFO	2022-02-13 16:38:41	MergeVcfs	Processed       700,000 records.  Elapsed time: 00:00:12s.  Time for last 10,000:    0s.  Last read position: LG17:180,284
INFO	2022-02-13 16:38:41	MergeVcfs	Processed       710,000 records.  Elapsed time: 00:00:12s.  Time for last 10,000:    0s.  Last read position: LG17:483,113
INFO	2022-02-13 16:38:41	MergeVcfs	Processed       720,000 records.  Elapsed time: 00:00:12s.  Time for last 10,000:    0s.  Last read position: LG17:593,273
INFO	2022-02-13 16:38:42	MergeVcfs	Processed       730,000 records.  Elapsed time: 00:00:13s.  Time for last 10,000:    0s.  Last read position: LG17:758,178
INFO	2022-02-13 16:38:42	MergeVcfs	Processed       740,000 records.  Elapsed time: 00:00:13s.  Time for last 10,000:    0s.  Last read position: LG17:1,018,242
INFO	2022-02-13 16:38:42	MergeVcfs	Processed       750,000 records.  Elapsed time: 00:00:13s.  Time for last 10,000:    0s.  Last read position: LG17:1,336,267
INFO	2022-02-13 16:38:42	MergeVcfs	Processed       760,000 records.  Elapsed time: 00:00:13s.  Time for last 10,000:    0s.  Last read position: LG17:1,645,040
INFO	2022-02-13 16:38:42	MergeVcfs	Processed       770,000 records.  Elapsed time: 00:00:13s.  Time for last 10,000:    0s.  Last read position: LG17:1,900,365
INFO	2022-02-13 16:38:42	MergeVcfs	Processed       780,000 records.  Elapsed time: 00:00:13s.  Time for last 10,000:    0s.  Last read position: LG17:2,087,188
INFO	2022-02-13 16:38:43	MergeVcfs	Processed       790,000 records.  Elapsed time: 00:00:14s.  Time for last 10,000:    0s.  Last read position: LG17:2,370,402
INFO	2022-02-13 16:38:43	MergeVcfs	Processed       800,000 records.  Elapsed time: 00:00:14s.  Time for last 10,000:    0s.  Last read position: LG17:2,644,473
INFO	2022-02-13 16:38:43	MergeVcfs	Processed       810,000 records.  Elapsed time: 00:00:14s.  Time for last 10,000:    0s.  Last read position: LG17:2,822,925
16:38:43.572 WARN  IntelInflater - Zero Bytes Written : 0
[Sun Feb 13 16:38:43 PST 2022] picard.vcf.MergeVcfs done. Elapsed time: 0.25 minutes.
Runtime.totalMemory()=3225419776
Tool returned:
0
