==========================================
SLURM_JOB_ID = 7264099
SLURM_JOB_NODELIST = a01-03
TMPDIR = /tmp/SLURM_7264099
==========================================
Using GATK jar /home1/mharden/.conda/envs/gatk4/share/gatk4-4.2.2.0-1/gatk-package-4.2.2.0-local.jar
Running:
    java -Dsamjdk.use_async_io_read_samtools=false -Dsamjdk.use_async_io_write_samtools=true -Dsamjdk.use_async_io_write_tribble=false -Dsamjdk.compression_level=2 -jar /home1/mharden/.conda/envs/gatk4/share/gatk4-4.2.2.0-1/gatk-package-4.2.2.0-local.jar SortVcf -I 0025-scattered.interval_list.vcf.gz -O 0025-scattered.interval_list.sorted.vcf.gz
18:43:52.447 INFO  NativeLibraryLoader - Loading libgkl_compression.so from jar:file:/home1/mharden/.conda/envs/gatk4/share/gatk4-4.2.2.0-1/gatk-package-4.2.2.0-local.jar!/com/intel/gkl/native/libgkl_compression.so
[Mon Jan 31 18:43:52 PST 2022] SortVcf --INPUT 0025-scattered.interval_list.vcf.gz --OUTPUT 0025-scattered.interval_list.sorted.vcf.gz --VERBOSITY INFO --QUIET false --VALIDATION_STRINGENCY STRICT --COMPRESSION_LEVEL 2 --MAX_RECORDS_IN_RAM 500000 --CREATE_INDEX true --CREATE_MD5_FILE false --GA4GH_CLIENT_SECRETS client_secrets.json --help false --version false --showHidden false --USE_JDK_DEFLATER false --USE_JDK_INFLATER false
Jan 31, 2022 6:43:52 PM shaded.cloud_nio.com.google.auth.oauth2.ComputeEngineCredentials runningOnComputeEngine
INFO: Failed to detect whether we are running on Google Compute Engine.
[Mon Jan 31 18:43:52 PST 2022] Executing as mharden@a01-03.hpc.usc.edu on Linux 3.10.0-1062.4.1.el7.x86_64 amd64; OpenJDK 64-Bit Server VM 1.8.0_302-b08; Deflater: Intel; Inflater: Intel; Provider GCS is available; Picard version: Version:4.2.2.0
INFO	2022-01-31 18:43:52	SortVcf	Reading entries from input file 1
INFO	2022-01-31 18:43:55	SortVcf	read        25,000 records.  Elapsed time: 00:00:02s.  Time for last 25,000:    2s.  Last read position: LG18:10,515,860
INFO	2022-01-31 18:43:56	SortVcf	read        50,000 records.  Elapsed time: 00:00:03s.  Time for last 25,000:    1s.  Last read position: LG18:10,930,076
INFO	2022-01-31 18:43:56	SortVcf	read        75,000 records.  Elapsed time: 00:00:03s.  Time for last 25,000:    0s.  Last read position: LG18:11,509,774
INFO	2022-01-31 18:43:57	SortVcf	read       100,000 records.  Elapsed time: 00:00:04s.  Time for last 25,000:    0s.  Last read position: LG18:12,085,156
INFO	2022-01-31 18:43:57	SortVcf	read       125,000 records.  Elapsed time: 00:00:04s.  Time for last 25,000:    0s.  Last read position: LG19:248,395
INFO	2022-01-31 18:43:57	SortVcf	read       150,000 records.  Elapsed time: 00:00:05s.  Time for last 25,000:    0s.  Last read position: LG19:787,356
INFO	2022-01-31 18:43:58	SortVcf	read       175,000 records.  Elapsed time: 00:00:05s.  Time for last 25,000:    0s.  Last read position: LG19:1,566,034
INFO	2022-01-31 18:43:59	SortVcf	read       200,000 records.  Elapsed time: 00:00:06s.  Time for last 25,000:    1s.  Last read position: LG19:2,296,352
INFO	2022-01-31 18:43:59	SortVcf	read       225,000 records.  Elapsed time: 00:00:06s.  Time for last 25,000:    0s.  Last read position: LG19:2,879,353
INFO	2022-01-31 18:43:59	SortVcf	read       250,000 records.  Elapsed time: 00:00:07s.  Time for last 25,000:    0s.  Last read position: LG19:3,350,510
INFO	2022-01-31 18:43:59	SortVcf	read       275,000 records.  Elapsed time: 00:00:07s.  Time for last 25,000:    0s.  Last read position: LG19:3,863,060
INFO	2022-01-31 18:44:00	SortVcf	read       300,000 records.  Elapsed time: 00:00:07s.  Time for last 25,000:    0s.  Last read position: LG19:4,240,590
INFO	2022-01-31 18:44:01	SortVcf	read       325,000 records.  Elapsed time: 00:00:08s.  Time for last 25,000:    1s.  Last read position: LG19:4,770,045
INFO	2022-01-31 18:44:01	SortVcf	read       350,000 records.  Elapsed time: 00:00:08s.  Time for last 25,000:    0s.  Last read position: LG19:5,276,049
INFO	2022-01-31 18:44:01	SortVcf	read       375,000 records.  Elapsed time: 00:00:09s.  Time for last 25,000:    0s.  Last read position: LG19:5,811,714
INFO	2022-01-31 18:44:02	SortVcf	read       400,000 records.  Elapsed time: 00:00:09s.  Time for last 25,000:    0s.  Last read position: LG19:6,390,100
INFO	2022-01-31 18:44:02	SortVcf	read       425,000 records.  Elapsed time: 00:00:09s.  Time for last 25,000:    0s.  Last read position: LG19:7,042,231
INFO	2022-01-31 18:44:02	SortVcf	read       450,000 records.  Elapsed time: 00:00:09s.  Time for last 25,000:    0s.  Last read position: LG19:7,921,711
INFO	2022-01-31 18:44:02	SortVcf	read       475,000 records.  Elapsed time: 00:00:10s.  Time for last 25,000:    0s.  Last read position: LG19:8,651,800
INFO	2022-01-31 18:44:03	SortVcf	read       500,000 records.  Elapsed time: 00:00:10s.  Time for last 25,000:    0s.  Last read position: LG19:9,291,683
INFO	2022-01-31 18:44:08	SortVcf	read       525,000 records.  Elapsed time: 00:00:15s.  Time for last 25,000:    5s.  Last read position: LG19:9,898,613
INFO	2022-01-31 18:44:08	SortVcf	read       550,000 records.  Elapsed time: 00:00:16s.  Time for last 25,000:    0s.  Last read position: LG19:10,547,416
INFO	2022-01-31 18:44:09	SortVcf	read       575,000 records.  Elapsed time: 00:00:16s.  Time for last 25,000:    0s.  Last read position: LG19:11,176,062
INFO	2022-01-31 18:44:09	SortVcf	read       600,000 records.  Elapsed time: 00:00:16s.  Time for last 25,000:    0s.  Last read position: LG19:11,637,628
INFO	2022-01-31 18:44:09	SortVcf	read       625,000 records.  Elapsed time: 00:00:16s.  Time for last 25,000:    0s.  Last read position: LG19:12,239,791
INFO	2022-01-31 18:44:09	SortVcf	read       650,000 records.  Elapsed time: 00:00:17s.  Time for last 25,000:    0s.  Last read position: LG19:12,874,125
INFO	2022-01-31 18:44:10	SortVcf	read       675,000 records.  Elapsed time: 00:00:17s.  Time for last 25,000:    0s.  Last read position: LG19:13,369,599
INFO	2022-01-31 18:44:10	SortVcf	read       700,000 records.  Elapsed time: 00:00:17s.  Time for last 25,000:    0s.  Last read position: LG19:13,885,343
INFO	2022-01-31 18:44:10	SortVcf	read       725,000 records.  Elapsed time: 00:00:17s.  Time for last 25,000:    0s.  Last read position: LG19:14,304,099
INFO	2022-01-31 18:44:10	SortVcf	read       750,000 records.  Elapsed time: 00:00:18s.  Time for last 25,000:    0s.  Last read position: LG19:15,071,437
INFO	2022-01-31 18:44:10	SortVcf	read       775,000 records.  Elapsed time: 00:00:18s.  Time for last 25,000:    0s.  Last read position: LG20:68,046
INFO	2022-01-31 18:44:11	SortVcf	read       800,000 records.  Elapsed time: 00:00:18s.  Time for last 25,000:    0s.  Last read position: LG20:905,136
18:44:11.161 WARN  IntelInflater - Zero Bytes Written : 0
INFO	2022-01-31 18:44:15	SortVcf	wrote        25,000 records.  Elapsed time: 00:00:04s.  Time for last 25,000:    0s.  Last read position: LG18:10,515,860
INFO	2022-01-31 18:44:15	SortVcf	wrote        50,000 records.  Elapsed time: 00:00:04s.  Time for last 25,000:    0s.  Last read position: LG18:10,930,076
INFO	2022-01-31 18:44:15	SortVcf	wrote        75,000 records.  Elapsed time: 00:00:04s.  Time for last 25,000:    0s.  Last read position: LG18:11,509,774
INFO	2022-01-31 18:44:16	SortVcf	wrote       100,000 records.  Elapsed time: 00:00:04s.  Time for last 25,000:    0s.  Last read position: LG18:12,085,156
INFO	2022-01-31 18:44:18	SortVcf	wrote       125,000 records.  Elapsed time: 00:00:07s.  Time for last 25,000:    2s.  Last read position: LG19:248,395
INFO	2022-01-31 18:44:18	SortVcf	wrote       150,000 records.  Elapsed time: 00:00:07s.  Time for last 25,000:    0s.  Last read position: LG19:787,356
INFO	2022-01-31 18:44:19	SortVcf	wrote       175,000 records.  Elapsed time: 00:00:07s.  Time for last 25,000:    0s.  Last read position: LG19:1,566,034
INFO	2022-01-31 18:44:19	SortVcf	wrote       200,000 records.  Elapsed time: 00:00:08s.  Time for last 25,000:    0s.  Last read position: LG19:2,296,352
INFO	2022-01-31 18:44:19	SortVcf	wrote       225,000 records.  Elapsed time: 00:00:08s.  Time for last 25,000:    0s.  Last read position: LG19:2,879,353
INFO	2022-01-31 18:44:20	SortVcf	wrote       250,000 records.  Elapsed time: 00:00:08s.  Time for last 25,000:    0s.  Last read position: LG19:3,350,510
INFO	2022-01-31 18:44:20	SortVcf	wrote       275,000 records.  Elapsed time: 00:00:09s.  Time for last 25,000:    0s.  Last read position: LG19:3,863,060
INFO	2022-01-31 18:44:20	SortVcf	wrote       300,000 records.  Elapsed time: 00:00:09s.  Time for last 25,000:    0s.  Last read position: LG19:4,240,590
INFO	2022-01-31 18:44:20	SortVcf	wrote       325,000 records.  Elapsed time: 00:00:09s.  Time for last 25,000:    0s.  Last read position: LG19:4,770,045
INFO	2022-01-31 18:44:21	SortVcf	wrote       350,000 records.  Elapsed time: 00:00:10s.  Time for last 25,000:    0s.  Last read position: LG19:5,276,049
INFO	2022-01-31 18:44:21	SortVcf	wrote       375,000 records.  Elapsed time: 00:00:10s.  Time for last 25,000:    0s.  Last read position: LG19:5,811,714
INFO	2022-01-31 18:44:21	SortVcf	wrote       400,000 records.  Elapsed time: 00:00:10s.  Time for last 25,000:    0s.  Last read position: LG19:6,390,100
INFO	2022-01-31 18:44:22	SortVcf	wrote       425,000 records.  Elapsed time: 00:00:10s.  Time for last 25,000:    0s.  Last read position: LG19:7,042,231
INFO	2022-01-31 18:44:22	SortVcf	wrote       450,000 records.  Elapsed time: 00:00:11s.  Time for last 25,000:    0s.  Last read position: LG19:7,921,711
INFO	2022-01-31 18:44:22	SortVcf	wrote       475,000 records.  Elapsed time: 00:00:11s.  Time for last 25,000:    0s.  Last read position: LG19:8,651,800
INFO	2022-01-31 18:44:23	SortVcf	wrote       500,000 records.  Elapsed time: 00:00:11s.  Time for last 25,000:    0s.  Last read position: LG19:9,291,683
INFO	2022-01-31 18:44:23	SortVcf	wrote       525,000 records.  Elapsed time: 00:00:12s.  Time for last 25,000:    0s.  Last read position: LG19:9,898,613
INFO	2022-01-31 18:44:23	SortVcf	wrote       550,000 records.  Elapsed time: 00:00:12s.  Time for last 25,000:    0s.  Last read position: LG19:10,547,416
INFO	2022-01-31 18:44:23	SortVcf	wrote       575,000 records.  Elapsed time: 00:00:12s.  Time for last 25,000:    0s.  Last read position: LG19:11,176,062
INFO	2022-01-31 18:44:24	SortVcf	wrote       600,000 records.  Elapsed time: 00:00:13s.  Time for last 25,000:    0s.  Last read position: LG19:11,637,628
INFO	2022-01-31 18:44:24	SortVcf	wrote       625,000 records.  Elapsed time: 00:00:13s.  Time for last 25,000:    0s.  Last read position: LG19:12,239,791
INFO	2022-01-31 18:44:24	SortVcf	wrote       650,000 records.  Elapsed time: 00:00:13s.  Time for last 25,000:    0s.  Last read position: LG19:12,874,125
INFO	2022-01-31 18:44:25	SortVcf	wrote       675,000 records.  Elapsed time: 00:00:13s.  Time for last 25,000:    0s.  Last read position: LG19:13,369,599
INFO	2022-01-31 18:44:25	SortVcf	wrote       700,000 records.  Elapsed time: 00:00:14s.  Time for last 25,000:    0s.  Last read position: LG19:13,885,343
INFO	2022-01-31 18:44:25	SortVcf	wrote       725,000 records.  Elapsed time: 00:00:14s.  Time for last 25,000:    0s.  Last read position: LG19:14,304,099
INFO	2022-01-31 18:44:26	SortVcf	wrote       750,000 records.  Elapsed time: 00:00:14s.  Time for last 25,000:    0s.  Last read position: LG19:15,071,437
INFO	2022-01-31 18:44:26	SortVcf	wrote       775,000 records.  Elapsed time: 00:00:15s.  Time for last 25,000:    0s.  Last read position: LG20:68,046
INFO	2022-01-31 18:44:26	SortVcf	wrote       800,000 records.  Elapsed time: 00:00:15s.  Time for last 25,000:    0s.  Last read position: LG20:905,136
[Mon Jan 31 18:44:26 PST 2022] picard.vcf.SortVcf done. Elapsed time: 0.57 minutes.
Runtime.totalMemory()=11078205440
Tool returned:
0
