==========================================
SLURM_JOB_ID = 7264100
SLURM_JOB_NODELIST = b22-28
TMPDIR = /tmp/SLURM_7264100
==========================================
Using GATK jar /home1/mharden/.conda/envs/gatk4/share/gatk4-4.2.2.0-1/gatk-package-4.2.2.0-local.jar
Running:
    java -Dsamjdk.use_async_io_read_samtools=false -Dsamjdk.use_async_io_write_samtools=true -Dsamjdk.use_async_io_write_tribble=false -Dsamjdk.compression_level=2 -jar /home1/mharden/.conda/envs/gatk4/share/gatk4-4.2.2.0-1/gatk-package-4.2.2.0-local.jar SortVcf -I 0026-scattered.interval_list.vcf.gz -O 0026-scattered.interval_list.sorted.vcf.gz
18:44:28.307 INFO  NativeLibraryLoader - Loading libgkl_compression.so from jar:file:/home1/mharden/.conda/envs/gatk4/share/gatk4-4.2.2.0-1/gatk-package-4.2.2.0-local.jar!/com/intel/gkl/native/libgkl_compression.so
[Mon Jan 31 18:44:28 PST 2022] SortVcf --INPUT 0026-scattered.interval_list.vcf.gz --OUTPUT 0026-scattered.interval_list.sorted.vcf.gz --VERBOSITY INFO --QUIET false --VALIDATION_STRINGENCY STRICT --COMPRESSION_LEVEL 2 --MAX_RECORDS_IN_RAM 500000 --CREATE_INDEX true --CREATE_MD5_FILE false --GA4GH_CLIENT_SECRETS client_secrets.json --help false --version false --showHidden false --USE_JDK_DEFLATER false --USE_JDK_INFLATER false
Jan 31, 2022 6:44:28 PM shaded.cloud_nio.com.google.auth.oauth2.ComputeEngineCredentials runningOnComputeEngine
INFO: Failed to detect whether we are running on Google Compute Engine.
[Mon Jan 31 18:44:28 PST 2022] Executing as mharden@b22-28.hpc.usc.edu on Linux 3.10.0-1062.4.1.el7.x86_64 amd64; OpenJDK 64-Bit Server VM 1.8.0_302-b08; Deflater: Intel; Inflater: Intel; Provider GCS is available; Picard version: Version:4.2.2.0
INFO	2022-01-31 18:44:28	SortVcf	Reading entries from input file 1
INFO	2022-01-31 18:44:29	SortVcf	read        25,000 records.  Elapsed time: 00:00:00s.  Time for last 25,000:    0s.  Last read position: LG20:1,648,808
INFO	2022-01-31 18:44:30	SortVcf	read        50,000 records.  Elapsed time: 00:00:01s.  Time for last 25,000:    0s.  Last read position: LG20:2,415,062
INFO	2022-01-31 18:44:30	SortVcf	read        75,000 records.  Elapsed time: 00:00:01s.  Time for last 25,000:    0s.  Last read position: LG20:2,909,879
INFO	2022-01-31 18:44:31	SortVcf	read       100,000 records.  Elapsed time: 00:00:03s.  Time for last 25,000:    1s.  Last read position: LG20:3,411,568
INFO	2022-01-31 18:44:32	SortVcf	read       125,000 records.  Elapsed time: 00:00:03s.  Time for last 25,000:    0s.  Last read position: LG20:3,860,186
INFO	2022-01-31 18:44:32	SortVcf	read       150,000 records.  Elapsed time: 00:00:03s.  Time for last 25,000:    0s.  Last read position: LG20:4,316,233
INFO	2022-01-31 18:44:33	SortVcf	read       175,000 records.  Elapsed time: 00:00:04s.  Time for last 25,000:    0s.  Last read position: LG20:4,933,323
INFO	2022-01-31 18:44:33	SortVcf	read       200,000 records.  Elapsed time: 00:00:04s.  Time for last 25,000:    0s.  Last read position: LG20:5,397,449
INFO	2022-01-31 18:44:35	SortVcf	read       225,000 records.  Elapsed time: 00:00:06s.  Time for last 25,000:    1s.  Last read position: LG20:6,001,471
INFO	2022-01-31 18:44:35	SortVcf	read       250,000 records.  Elapsed time: 00:00:06s.  Time for last 25,000:    0s.  Last read position: LG20:6,674,437
INFO	2022-01-31 18:44:35	SortVcf	read       275,000 records.  Elapsed time: 00:00:07s.  Time for last 25,000:    0s.  Last read position: LG20:7,410,291
INFO	2022-01-31 18:44:36	SortVcf	read       300,000 records.  Elapsed time: 00:00:07s.  Time for last 25,000:    0s.  Last read position: LG20:7,996,555
INFO	2022-01-31 18:44:36	SortVcf	read       325,000 records.  Elapsed time: 00:00:07s.  Time for last 25,000:    0s.  Last read position: LG20:8,548,621
INFO	2022-01-31 18:44:37	SortVcf	read       350,000 records.  Elapsed time: 00:00:09s.  Time for last 25,000:    1s.  Last read position: LG20:9,045,034
INFO	2022-01-31 18:44:38	SortVcf	read       375,000 records.  Elapsed time: 00:00:09s.  Time for last 25,000:    0s.  Last read position: LG20:9,679,929
INFO	2022-01-31 18:44:38	SortVcf	read       400,000 records.  Elapsed time: 00:00:09s.  Time for last 25,000:    0s.  Last read position: LG20:10,208,656
INFO	2022-01-31 18:44:38	SortVcf	read       425,000 records.  Elapsed time: 00:00:10s.  Time for last 25,000:    0s.  Last read position: LG20:10,834,170
INFO	2022-01-31 18:44:39	SortVcf	read       450,000 records.  Elapsed time: 00:00:10s.  Time for last 25,000:    0s.  Last read position: LG20:11,603,806
INFO	2022-01-31 18:44:39	SortVcf	read       475,000 records.  Elapsed time: 00:00:11s.  Time for last 25,000:    0s.  Last read position: LG20:12,327,295
INFO	2022-01-31 18:44:40	SortVcf	read       500,000 records.  Elapsed time: 00:00:11s.  Time for last 25,000:    0s.  Last read position: LG21:595,120
INFO	2022-01-31 18:44:46	SortVcf	read       525,000 records.  Elapsed time: 00:00:17s.  Time for last 25,000:    6s.  Last read position: LG21:1,294,259
INFO	2022-01-31 18:44:46	SortVcf	read       550,000 records.  Elapsed time: 00:00:18s.  Time for last 25,000:    0s.  Last read position: LG21:2,110,300
INFO	2022-01-31 18:44:47	SortVcf	read       575,000 records.  Elapsed time: 00:00:18s.  Time for last 25,000:    0s.  Last read position: LG21:2,925,628
INFO	2022-01-31 18:44:47	SortVcf	read       600,000 records.  Elapsed time: 00:00:18s.  Time for last 25,000:    0s.  Last read position: LG21:3,669,669
INFO	2022-01-31 18:44:47	SortVcf	read       625,000 records.  Elapsed time: 00:00:18s.  Time for last 25,000:    0s.  Last read position: LG21:4,199,087
INFO	2022-01-31 18:44:47	SortVcf	read       650,000 records.  Elapsed time: 00:00:19s.  Time for last 25,000:    0s.  Last read position: LG21:4,811,430
INFO	2022-01-31 18:44:48	SortVcf	read       675,000 records.  Elapsed time: 00:00:19s.  Time for last 25,000:    0s.  Last read position: LG21:5,463,654
INFO	2022-01-31 18:44:48	SortVcf	read       700,000 records.  Elapsed time: 00:00:19s.  Time for last 25,000:    0s.  Last read position: LG21:6,155,044
INFO	2022-01-31 18:44:49	SortVcf	read       725,000 records.  Elapsed time: 00:00:20s.  Time for last 25,000:    0s.  Last read position: LG21:6,853,074
INFO	2022-01-31 18:44:49	SortVcf	read       750,000 records.  Elapsed time: 00:00:20s.  Time for last 25,000:    0s.  Last read position: LG21:7,529,672
18:44:49.446 WARN  IntelInflater - Zero Bytes Written : 0
INFO	2022-01-31 18:45:15	SortVcf	wrote        25,000 records.  Elapsed time: 00:00:26s.  Time for last 25,000:    0s.  Last read position: LG20:1,648,808
INFO	2022-01-31 18:45:15	SortVcf	wrote        50,000 records.  Elapsed time: 00:00:26s.  Time for last 25,000:    0s.  Last read position: LG20:2,415,062
INFO	2022-01-31 18:45:16	SortVcf	wrote        75,000 records.  Elapsed time: 00:00:26s.  Time for last 25,000:    0s.  Last read position: LG20:2,909,879
INFO	2022-01-31 18:45:16	SortVcf	wrote       100,000 records.  Elapsed time: 00:00:27s.  Time for last 25,000:    0s.  Last read position: LG20:3,411,568
INFO	2022-01-31 18:45:17	SortVcf	wrote       125,000 records.  Elapsed time: 00:00:27s.  Time for last 25,000:    0s.  Last read position: LG20:3,860,186
INFO	2022-01-31 18:45:17	SortVcf	wrote       150,000 records.  Elapsed time: 00:00:28s.  Time for last 25,000:    0s.  Last read position: LG20:4,316,233
INFO	2022-01-31 18:45:17	SortVcf	wrote       175,000 records.  Elapsed time: 00:00:28s.  Time for last 25,000:    0s.  Last read position: LG20:4,933,323
INFO	2022-01-31 18:45:18	SortVcf	wrote       200,000 records.  Elapsed time: 00:00:28s.  Time for last 25,000:    0s.  Last read position: LG20:5,397,449
INFO	2022-01-31 18:45:18	SortVcf	wrote       225,000 records.  Elapsed time: 00:00:29s.  Time for last 25,000:    0s.  Last read position: LG20:6,001,471
INFO	2022-01-31 18:45:19	SortVcf	wrote       250,000 records.  Elapsed time: 00:00:29s.  Time for last 25,000:    0s.  Last read position: LG20:6,674,437
INFO	2022-01-31 18:45:19	SortVcf	wrote       275,000 records.  Elapsed time: 00:00:29s.  Time for last 25,000:    0s.  Last read position: LG20:7,410,291
INFO	2022-01-31 18:45:19	SortVcf	wrote       300,000 records.  Elapsed time: 00:00:30s.  Time for last 25,000:    0s.  Last read position: LG20:7,996,555
INFO	2022-01-31 18:45:20	SortVcf	wrote       325,000 records.  Elapsed time: 00:00:30s.  Time for last 25,000:    0s.  Last read position: LG20:8,548,621
INFO	2022-01-31 18:45:20	SortVcf	wrote       350,000 records.  Elapsed time: 00:00:31s.  Time for last 25,000:    0s.  Last read position: LG20:9,045,034
INFO	2022-01-31 18:45:21	SortVcf	wrote       375,000 records.  Elapsed time: 00:00:31s.  Time for last 25,000:    0s.  Last read position: LG20:9,679,929
INFO	2022-01-31 18:45:21	SortVcf	wrote       400,000 records.  Elapsed time: 00:00:32s.  Time for last 25,000:    0s.  Last read position: LG20:10,208,656
INFO	2022-01-31 18:45:21	SortVcf	wrote       425,000 records.  Elapsed time: 00:00:32s.  Time for last 25,000:    0s.  Last read position: LG20:10,834,170
INFO	2022-01-31 18:45:22	SortVcf	wrote       450,000 records.  Elapsed time: 00:00:33s.  Time for last 25,000:    0s.  Last read position: LG20:11,603,806
INFO	2022-01-31 18:45:23	SortVcf	wrote       475,000 records.  Elapsed time: 00:00:33s.  Time for last 25,000:    0s.  Last read position: LG20:12,327,295
INFO	2022-01-31 18:45:40	SortVcf	wrote       500,000 records.  Elapsed time: 00:00:51s.  Time for last 25,000:   17s.  Last read position: LG21:595,120
INFO	2022-01-31 18:45:41	SortVcf	wrote       525,000 records.  Elapsed time: 00:00:52s.  Time for last 25,000:    1s.  Last read position: LG21:1,294,259
INFO	2022-01-31 18:45:42	SortVcf	wrote       550,000 records.  Elapsed time: 00:00:52s.  Time for last 25,000:    0s.  Last read position: LG21:2,110,300
INFO	2022-01-31 18:45:42	SortVcf	wrote       575,000 records.  Elapsed time: 00:00:53s.  Time for last 25,000:    0s.  Last read position: LG21:2,925,628
INFO	2022-01-31 18:45:43	SortVcf	wrote       600,000 records.  Elapsed time: 00:00:53s.  Time for last 25,000:    0s.  Last read position: LG21:3,669,669
INFO	2022-01-31 18:45:43	SortVcf	wrote       625,000 records.  Elapsed time: 00:00:54s.  Time for last 25,000:    0s.  Last read position: LG21:4,199,087
INFO	2022-01-31 18:45:43	SortVcf	wrote       650,000 records.  Elapsed time: 00:00:54s.  Time for last 25,000:    0s.  Last read position: LG21:4,811,430
INFO	2022-01-31 18:45:44	SortVcf	wrote       675,000 records.  Elapsed time: 00:00:54s.  Time for last 25,000:    0s.  Last read position: LG21:5,463,654
INFO	2022-01-31 18:45:44	SortVcf	wrote       700,000 records.  Elapsed time: 00:00:55s.  Time for last 25,000:    0s.  Last read position: LG21:6,155,044
INFO	2022-01-31 18:45:45	SortVcf	wrote       725,000 records.  Elapsed time: 00:00:55s.  Time for last 25,000:    0s.  Last read position: LG21:6,853,074
INFO	2022-01-31 18:45:45	SortVcf	wrote       750,000 records.  Elapsed time: 00:00:56s.  Time for last 25,000:    0s.  Last read position: LG21:7,529,672
[Mon Jan 31 18:45:45 PST 2022] picard.vcf.SortVcf done. Elapsed time: 1.29 minutes.
Runtime.totalMemory()=13054246912
Tool returned:
0
