==========================================
SLURM_JOB_ID = 7187962
SLURM_JOB_NODELIST = a03-02
TMPDIR = /tmp/SLURM_7187962
==========================================
Using GATK jar /home1/mharden/.conda/envs/gatk4/share/gatk4-4.2.2.0-1/gatk-package-4.2.2.0-local.jar
Running:
    java -Dsamjdk.use_async_io_read_samtools=false -Dsamjdk.use_async_io_write_samtools=true -Dsamjdk.use_async_io_write_tribble=false -Dsamjdk.compression_level=2 -jar /home1/mharden/.conda/envs/gatk4/share/gatk4-4.2.2.0-1/gatk-package-4.2.2.0-local.jar GenomicsDBImport -L interval_list_33/0022-scattered.interval_list -V GVCF.list --sequence-dictionary Kr2015_Undaria.pinnatifida_superscaffolds.dict --reference Kr2015_Undaria.pinnatifida_superscaffolds.fasta --genomicsdb-workspace-path 0022-scattered.interval_list_data
08:43:58.834 INFO  NativeLibraryLoader - Loading libgkl_compression.so from jar:file:/home1/mharden/.conda/envs/gatk4/share/gatk4-4.2.2.0-1/gatk-package-4.2.2.0-local.jar!/com/intel/gkl/native/libgkl_compression.so
Jan 21, 2022 8:43:58 AM shaded.cloud_nio.com.google.auth.oauth2.ComputeEngineCredentials runningOnComputeEngine
INFO: Failed to detect whether we are running on Google Compute Engine.
08:43:58.920 INFO  GenomicsDBImport - ------------------------------------------------------------
08:43:58.920 INFO  GenomicsDBImport - The Genome Analysis Toolkit (GATK) v4.2.2.0
08:43:58.920 INFO  GenomicsDBImport - For support and documentation go to https://software.broadinstitute.org/gatk/
08:43:58.920 INFO  GenomicsDBImport - Executing as mharden@a03-02.hpc.usc.edu on Linux v3.10.0-1062.4.1.el7.x86_64 amd64
08:43:58.920 INFO  GenomicsDBImport - Java runtime: OpenJDK 64-Bit Server VM v1.8.0_302-b08
08:43:58.921 INFO  GenomicsDBImport - Start Date/Time: January 21, 2022 8:43:58 AM PST
08:43:58.921 INFO  GenomicsDBImport - ------------------------------------------------------------
08:43:58.921 INFO  GenomicsDBImport - ------------------------------------------------------------
08:43:58.921 INFO  GenomicsDBImport - HTSJDK Version: 2.24.1
08:43:58.921 INFO  GenomicsDBImport - Picard Version: 2.25.4
08:43:58.921 INFO  GenomicsDBImport - Built for Spark Version: 2.4.5
08:43:58.921 INFO  GenomicsDBImport - HTSJDK Defaults.COMPRESSION_LEVEL : 2
08:43:58.921 INFO  GenomicsDBImport - HTSJDK Defaults.USE_ASYNC_IO_READ_FOR_SAMTOOLS : false
08:43:58.921 INFO  GenomicsDBImport - HTSJDK Defaults.USE_ASYNC_IO_WRITE_FOR_SAMTOOLS : true
08:43:58.921 INFO  GenomicsDBImport - HTSJDK Defaults.USE_ASYNC_IO_WRITE_FOR_TRIBBLE : false
08:43:58.921 INFO  GenomicsDBImport - Deflater: IntelDeflater
08:43:58.921 INFO  GenomicsDBImport - Inflater: IntelInflater
08:43:58.921 INFO  GenomicsDBImport - GCS max retries/reopens: 20
08:43:58.921 INFO  GenomicsDBImport - Requester pays: disabled
08:43:58.921 INFO  GenomicsDBImport - Initializing engine
08:44:00.136 INFO  FeatureManager - Using codec IntervalListCodec to read file file:///scratch/mharden/undaria_variation/interval_list_33/0022-scattered.interval_list
08:44:00.148 INFO  IntervalArgumentCollection - Processing 19228639 bp from intervals
08:44:00.165 INFO  GenomicsDBImport - Done initializing engine
08:44:00.347 INFO  GenomicsDBLibLoader - GenomicsDB native library version : 1.4.1-d59e886
08:44:00.351 INFO  GenomicsDBImport - Vid Map JSON file will be written to /scratch/mharden/undaria_variation/0022-scattered.interval_list_data/vidmap.json
08:44:00.351 INFO  GenomicsDBImport - Callset Map JSON file will be written to /scratch/mharden/undaria_variation/0022-scattered.interval_list_data/callset.json
08:44:00.351 INFO  GenomicsDBImport - Complete VCF Header will be written to /scratch/mharden/undaria_variation/0022-scattered.interval_list_data/vcfheader.vcf
08:44:00.351 INFO  GenomicsDBImport - Importing to workspace - /scratch/mharden/undaria_variation/0022-scattered.interval_list_data
08:44:01.365 INFO  GenomicsDBImport - Importing batch 1 with 41 samples
08:56:26.620 INFO  GenomicsDBImport - Importing batch 1 with 41 samples
11:04:31.011 INFO  GenomicsDBImport - Done importing batch 1/1
11:04:31.014 INFO  GenomicsDBImport - Import completed!
11:04:31.014 INFO  GenomicsDBImport - Shutting down engine
[January 21, 2022 11:04:31 AM PST] org.broadinstitute.hellbender.tools.genomicsdb.GenomicsDBImport done. Elapsed time: 140.54 minutes.
Runtime.totalMemory()=1621098496
Tool returned:
true
