==========================================
SLURM_JOB_ID = 7439942
SLURM_JOB_NODELIST = a01-13
TMPDIR = /tmp/SLURM_7439942
==========================================
Using GATK jar /home1/mharden/.conda/envs/gatk4/share/gatk4-4.2.2.0-1/gatk-package-4.2.2.0-local.jar
Running:
    java -Dsamjdk.use_async_io_read_samtools=false -Dsamjdk.use_async_io_write_samtools=true -Dsamjdk.use_async_io_write_tribble=false -Dsamjdk.compression_level=2 -jar /home1/mharden/.conda/envs/gatk4/share/gatk4-4.2.2.0-1/gatk-package-4.2.2.0-local.jar MergeVcfs -R Kr2015_Undaria.pinnatifida_superscaffolds.fasta --SEQUENCE_DICTIONARY Kr2015_Undaria.pinnatifida_superscaffolds.dict -I 0005-scattered.interval_list.sorted.vcf.gz -O Undaria_Variants.vcf
16:38:17.788 INFO  NativeLibraryLoader - Loading libgkl_compression.so from jar:file:/home1/mharden/.conda/envs/gatk4/share/gatk4-4.2.2.0-1/gatk-package-4.2.2.0-local.jar!/com/intel/gkl/native/libgkl_compression.so
[Sun Feb 13 16:38:17 PST 2022] MergeVcfs --INPUT 0005-scattered.interval_list.sorted.vcf.gz --OUTPUT Undaria_Variants.vcf --SEQUENCE_DICTIONARY Kr2015_Undaria.pinnatifida_superscaffolds.dict --REFERENCE_SEQUENCE Kr2015_Undaria.pinnatifida_superscaffolds.fasta --VERBOSITY INFO --QUIET false --VALIDATION_STRINGENCY STRICT --COMPRESSION_LEVEL 2 --MAX_RECORDS_IN_RAM 500000 --CREATE_INDEX true --CREATE_MD5_FILE false --GA4GH_CLIENT_SECRETS client_secrets.json --help false --version false --showHidden false --USE_JDK_DEFLATER false --USE_JDK_INFLATER false
Feb 13, 2022 4:38:17 PM shaded.cloud_nio.com.google.auth.oauth2.ComputeEngineCredentials runningOnComputeEngine
INFO: Failed to detect whether we are running on Google Compute Engine.
[Sun Feb 13 16:38:17 PST 2022] Executing as mharden@a01-13.hpc.usc.edu on Linux 3.10.0-1062.4.1.el7.x86_64 amd64; OpenJDK 64-Bit Server VM 1.8.0_302-b08; Deflater: Intel; Inflater: Intel; Provider GCS is available; Picard version: Version:4.2.2.0
INFO	2022-02-13 16:38:18	MergeVcfs	Processed        10,000 records.  Elapsed time: 00:00:00s.  Time for last 10,000:    0s.  Last read position: LG00:96,526,008
INFO	2022-02-13 16:38:18	MergeVcfs	Processed        20,000 records.  Elapsed time: 00:00:00s.  Time for last 10,000:    0s.  Last read position: LG00:96,856,173
INFO	2022-02-13 16:38:18	MergeVcfs	Processed        30,000 records.  Elapsed time: 00:00:00s.  Time for last 10,000:    0s.  Last read position: LG00:97,501,151
INFO	2022-02-13 16:38:18	MergeVcfs	Processed        40,000 records.  Elapsed time: 00:00:00s.  Time for last 10,000:    0s.  Last read position: LG00:98,009,921
INFO	2022-02-13 16:38:18	MergeVcfs	Processed        50,000 records.  Elapsed time: 00:00:00s.  Time for last 10,000:    0s.  Last read position: LG00:98,489,755
INFO	2022-02-13 16:38:18	MergeVcfs	Processed        60,000 records.  Elapsed time: 00:00:01s.  Time for last 10,000:    0s.  Last read position: LG00:98,689,159
INFO	2022-02-13 16:38:19	MergeVcfs	Processed        70,000 records.  Elapsed time: 00:00:01s.  Time for last 10,000:    0s.  Last read position: LG00:99,202,179
INFO	2022-02-13 16:38:19	MergeVcfs	Processed        80,000 records.  Elapsed time: 00:00:01s.  Time for last 10,000:    0s.  Last read position: LG00:99,524,038
INFO	2022-02-13 16:38:19	MergeVcfs	Processed        90,000 records.  Elapsed time: 00:00:01s.  Time for last 10,000:    0s.  Last read position: LG00:99,846,691
INFO	2022-02-13 16:38:19	MergeVcfs	Processed       100,000 records.  Elapsed time: 00:00:01s.  Time for last 10,000:    0s.  Last read position: LG00:100,287,775
INFO	2022-02-13 16:38:19	MergeVcfs	Processed       110,000 records.  Elapsed time: 00:00:01s.  Time for last 10,000:    0s.  Last read position: LG00:100,857,061
INFO	2022-02-13 16:38:19	MergeVcfs	Processed       120,000 records.  Elapsed time: 00:00:01s.  Time for last 10,000:    0s.  Last read position: LG00:101,389,672
INFO	2022-02-13 16:38:19	MergeVcfs	Processed       130,000 records.  Elapsed time: 00:00:01s.  Time for last 10,000:    0s.  Last read position: LG00:102,016,069
INFO	2022-02-13 16:38:19	MergeVcfs	Processed       140,000 records.  Elapsed time: 00:00:02s.  Time for last 10,000:    0s.  Last read position: LG00:102,696,702
INFO	2022-02-13 16:38:20	MergeVcfs	Processed       150,000 records.  Elapsed time: 00:00:02s.  Time for last 10,000:    0s.  Last read position: LG00:103,115,351
INFO	2022-02-13 16:38:20	MergeVcfs	Processed       160,000 records.  Elapsed time: 00:00:02s.  Time for last 10,000:    0s.  Last read position: LG00:103,558,826
INFO	2022-02-13 16:38:20	MergeVcfs	Processed       170,000 records.  Elapsed time: 00:00:02s.  Time for last 10,000:    0s.  Last read position: LG00:103,977,932
INFO	2022-02-13 16:38:20	MergeVcfs	Processed       180,000 records.  Elapsed time: 00:00:02s.  Time for last 10,000:    0s.  Last read position: LG00:104,568,763
INFO	2022-02-13 16:38:20	MergeVcfs	Processed       190,000 records.  Elapsed time: 00:00:02s.  Time for last 10,000:    0s.  Last read position: LG00:104,853,903
INFO	2022-02-13 16:38:20	MergeVcfs	Processed       200,000 records.  Elapsed time: 00:00:02s.  Time for last 10,000:    0s.  Last read position: LG00:105,434,264
INFO	2022-02-13 16:38:20	MergeVcfs	Processed       210,000 records.  Elapsed time: 00:00:02s.  Time for last 10,000:    0s.  Last read position: LG00:105,844,908
INFO	2022-02-13 16:38:20	MergeVcfs	Processed       220,000 records.  Elapsed time: 00:00:03s.  Time for last 10,000:    0s.  Last read position: LG00:106,292,169
INFO	2022-02-13 16:38:21	MergeVcfs	Processed       230,000 records.  Elapsed time: 00:00:03s.  Time for last 10,000:    0s.  Last read position: LG00:106,817,239
INFO	2022-02-13 16:38:21	MergeVcfs	Processed       240,000 records.  Elapsed time: 00:00:03s.  Time for last 10,000:    0s.  Last read position: LG00:107,293,196
INFO	2022-02-13 16:38:21	MergeVcfs	Processed       250,000 records.  Elapsed time: 00:00:03s.  Time for last 10,000:    0s.  Last read position: LG00:107,793,385
INFO	2022-02-13 16:38:21	MergeVcfs	Processed       260,000 records.  Elapsed time: 00:00:03s.  Time for last 10,000:    0s.  Last read position: LG00:108,573,510
INFO	2022-02-13 16:38:21	MergeVcfs	Processed       270,000 records.  Elapsed time: 00:00:03s.  Time for last 10,000:    0s.  Last read position: LG00:109,333,756
INFO	2022-02-13 16:38:21	MergeVcfs	Processed       280,000 records.  Elapsed time: 00:00:03s.  Time for last 10,000:    0s.  Last read position: LG00:109,824,411
INFO	2022-02-13 16:38:21	MergeVcfs	Processed       290,000 records.  Elapsed time: 00:00:03s.  Time for last 10,000:    0s.  Last read position: LG00:110,388,969
INFO	2022-02-13 16:38:21	MergeVcfs	Processed       300,000 records.  Elapsed time: 00:00:04s.  Time for last 10,000:    0s.  Last read position: LG00:110,706,799
INFO	2022-02-13 16:38:22	MergeVcfs	Processed       310,000 records.  Elapsed time: 00:00:04s.  Time for last 10,000:    0s.  Last read position: LG00:111,206,980
INFO	2022-02-13 16:38:22	MergeVcfs	Processed       320,000 records.  Elapsed time: 00:00:04s.  Time for last 10,000:    0s.  Last read position: LG00:111,445,301
INFO	2022-02-13 16:38:22	MergeVcfs	Processed       330,000 records.  Elapsed time: 00:00:04s.  Time for last 10,000:    0s.  Last read position: LG00:111,804,067
INFO	2022-02-13 16:38:22	MergeVcfs	Processed       340,000 records.  Elapsed time: 00:00:04s.  Time for last 10,000:    0s.  Last read position: LG00:112,198,398
INFO	2022-02-13 16:38:22	MergeVcfs	Processed       350,000 records.  Elapsed time: 00:00:04s.  Time for last 10,000:    0s.  Last read position: LG00:112,488,221
INFO	2022-02-13 16:38:22	MergeVcfs	Processed       360,000 records.  Elapsed time: 00:00:04s.  Time for last 10,000:    0s.  Last read position: LG00:113,163,416
INFO	2022-02-13 16:38:22	MergeVcfs	Processed       370,000 records.  Elapsed time: 00:00:04s.  Time for last 10,000:    0s.  Last read position: LG00:113,731,403
INFO	2022-02-13 16:38:22	MergeVcfs	Processed       380,000 records.  Elapsed time: 00:00:04s.  Time for last 10,000:    0s.  Last read position: LG00:114,430,337
INFO	2022-02-13 16:38:22	MergeVcfs	Processed       390,000 records.  Elapsed time: 00:00:05s.  Time for last 10,000:    0s.  Last read position: LG00:115,121,181
16:38:23.007 WARN  IntelInflater - Zero Bytes Written : 0
[Sun Feb 13 16:38:23 PST 2022] picard.vcf.MergeVcfs done. Elapsed time: 0.09 minutes.
Runtime.totalMemory()=2951217152
Tool returned:
0
