==========================================
SLURM_JOB_ID = 7188734
SLURM_JOB_NODELIST = b22-21
TMPDIR = /tmp/SLURM_7188734
==========================================
Using GATK jar /home1/mharden/.conda/envs/gatk4/share/gatk4-4.2.2.0-1/gatk-package-4.2.2.0-local.jar
Running:
    java -Dsamjdk.use_async_io_read_samtools=false -Dsamjdk.use_async_io_write_samtools=true -Dsamjdk.use_async_io_write_tribble=false -Dsamjdk.compression_level=2 -jar /home1/mharden/.conda/envs/gatk4/share/gatk4-4.2.2.0-1/gatk-package-4.2.2.0-local.jar GenotypeGVCFs -R Kr2015_Undaria.pinnatifida_superscaffolds.fasta --sequence-dictionary Kr2015_Undaria.pinnatifida_superscaffolds.dict -V gendb://0015-scattered.interval_list_data -O 0015-scattered.interval_list.vcf.gz
11:34:19.445 INFO  NativeLibraryLoader - Loading libgkl_compression.so from jar:file:/home1/mharden/.conda/envs/gatk4/share/gatk4-4.2.2.0-1/gatk-package-4.2.2.0-local.jar!/com/intel/gkl/native/libgkl_compression.so
Jan 21, 2022 11:34:19 AM shaded.cloud_nio.com.google.auth.oauth2.ComputeEngineCredentials runningOnComputeEngine
INFO: Failed to detect whether we are running on Google Compute Engine.
11:34:19.546 INFO  GenotypeGVCFs - ------------------------------------------------------------
11:34:19.546 INFO  GenotypeGVCFs - The Genome Analysis Toolkit (GATK) v4.2.2.0
11:34:19.546 INFO  GenotypeGVCFs - For support and documentation go to https://software.broadinstitute.org/gatk/
11:34:19.547 INFO  GenotypeGVCFs - Executing as mharden@b22-21.hpc.usc.edu on Linux v3.10.0-1062.4.1.el7.x86_64 amd64
11:34:19.547 INFO  GenotypeGVCFs - Java runtime: OpenJDK 64-Bit Server VM v1.8.0_302-b08
11:34:19.547 INFO  GenotypeGVCFs - Start Date/Time: January 21, 2022 11:34:19 AM PST
11:34:19.547 INFO  GenotypeGVCFs - ------------------------------------------------------------
11:34:19.547 INFO  GenotypeGVCFs - ------------------------------------------------------------
11:34:19.547 INFO  GenotypeGVCFs - HTSJDK Version: 2.24.1
11:34:19.547 INFO  GenotypeGVCFs - Picard Version: 2.25.4
11:34:19.547 INFO  GenotypeGVCFs - Built for Spark Version: 2.4.5
11:34:19.547 INFO  GenotypeGVCFs - HTSJDK Defaults.COMPRESSION_LEVEL : 2
11:34:19.547 INFO  GenotypeGVCFs - HTSJDK Defaults.USE_ASYNC_IO_READ_FOR_SAMTOOLS : false
11:34:19.547 INFO  GenotypeGVCFs - HTSJDK Defaults.USE_ASYNC_IO_WRITE_FOR_SAMTOOLS : true
11:34:19.547 INFO  GenotypeGVCFs - HTSJDK Defaults.USE_ASYNC_IO_WRITE_FOR_TRIBBLE : false
11:34:19.548 INFO  GenotypeGVCFs - Deflater: IntelDeflater
11:34:19.548 INFO  GenotypeGVCFs - Inflater: IntelInflater
11:34:19.548 INFO  GenotypeGVCFs - GCS max retries/reopens: 20
11:34:19.548 INFO  GenotypeGVCFs - Requester pays: disabled
11:34:19.548 INFO  GenotypeGVCFs - Initializing engine
11:34:20.065 INFO  GenomicsDBLibLoader - GenomicsDB native library version : 1.4.1-d59e886
11:34:20.435 info  NativeGenomicsDB - pid=38862 tid=38863 No valid combination operation found for INFO field InbreedingCoeff  - the field will NOT be part of INFO fields in the generated VCF records
11:34:20.435 info  NativeGenomicsDB - pid=38862 tid=38863 No valid combination operation found for INFO field MLEAC  - the field will NOT be part of INFO fields in the generated VCF records
11:34:20.435 info  NativeGenomicsDB - pid=38862 tid=38863 No valid combination operation found for INFO field MLEAF  - the field will NOT be part of INFO fields in the generated VCF records
11:34:20.752 INFO  GenotypeGVCFs - Done initializing engine
11:34:20.787 INFO  ProgressMeter - Starting traversal
11:34:20.787 INFO  ProgressMeter -        Current Locus  Elapsed Minutes    Variants Processed  Variants/Minute
11:35:41.886 INFO  ProgressMeter -         LG07:1913785              1.4                  1000            739.8
11:35:51.940 INFO  ProgressMeter -         LG07:1984746              1.5                 68000          44759.9
11:36:09.257 INFO  ProgressMeter -         LG07:1999772              1.8                 83000          45911.3
11:36:19.263 INFO  ProgressMeter -         LG07:2079936              2.0                159000          80522.6
11:36:57.991 INFO  ProgressMeter -         LG07:2090948              2.6                170000          64883.8
11:37:07.997 INFO  ProgressMeter -         LG07:2170228              2.8                245000          87913.4
11:37:23.663 INFO  ProgressMeter -         LG07:2179685              3.0                254000          83335.2
11:37:35.074 INFO  ProgressMeter -         LG07:2260966              3.2                333000         102837.6
11:38:09.729 INFO  ProgressMeter -         LG07:2269536              3.8                341000          89367.6
11:38:19.750 INFO  ProgressMeter -         LG07:2344994              4.0                416000         104451.3
11:38:35.886 INFO  ProgressMeter -         LG07:2349004              4.3                420000          98785.2
11:38:45.894 INFO  ProgressMeter -         LG07:2471266              4.4                503000         113840.8
11:39:28.608 INFO  ProgressMeter -         LG07:2502180              5.1                532000         103696.6
11:39:38.655 INFO  ProgressMeter -         LG07:2598502              5.3                611000         115330.9
11:39:56.637 INFO  ProgressMeter -         LG07:2624008              5.6                631000         112728.9
11:40:08.491 INFO  ProgressMeter -         LG07:2695839              5.8                700000         120792.4
11:40:46.518 INFO  ProgressMeter -         LG07:2712077              6.4                716000         111373.0
11:40:56.593 INFO  ProgressMeter -         LG07:2782636              6.6                786000         119149.3
11:41:15.279 INFO  ProgressMeter -         LG07:2793796              6.9                797000         115370.1
11:41:27.140 INFO  ProgressMeter -         LG07:2861589              7.1                863000         121448.7
11:42:10.107 INFO  ProgressMeter -         LG07:2881933              7.8                883000         112886.7
11:42:20.130 INFO  ProgressMeter -         LG07:2955602              8.0                951000         119037.9
11:42:38.750 INFO  ProgressMeter -         LG07:2977295              8.3                972000         117117.1
11:42:49.239 INFO  ProgressMeter -         LG07:3038755              8.5               1032000         121781.4
11:43:31.737 INFO  ProgressMeter -         LG07:3062065              9.2               1055000         114892.7
11:43:41.744 INFO  ProgressMeter -         LG07:3140156              9.3               1130000         120865.5
11:43:58.800 INFO  ProgressMeter -         LG07:3153222              9.6               1143000         118647.9
11:44:08.905 INFO  ProgressMeter -         LG07:3209537              9.8               1199000         122322.4
11:44:47.667 INFO  ProgressMeter -         LG07:3238940             10.4               1228000         117534.5
11:44:57.711 INFO  ProgressMeter -         LG07:3318643             10.6               1304000         122840.4
11:45:17.102 INFO  ProgressMeter -         LG07:3326709             10.9               1312000         119942.4
11:45:27.125 INFO  ProgressMeter -         LG07:3402428             11.1               1387000         124891.6
11:46:08.919 INFO  ProgressMeter -         LG07:3410633             11.8               1395000         118198.3
11:46:20.158 INFO  ProgressMeter -         LG07:3486436             12.0               1470000         122607.1
11:46:39.949 INFO  ProgressMeter -         LG07:3493469             12.3               1477000         119892.5
11:46:49.990 INFO  ProgressMeter -         LG07:3561862             12.5               1544000         123651.4
11:47:26.837 INFO  ProgressMeter -         LG07:3580597             13.1               1562000         119229.1
11:47:36.866 INFO  ProgressMeter -         LG07:3646850             13.3               1627000         122626.0
11:47:56.555 INFO  ProgressMeter -         LG07:3663926             13.6               1644000         120916.7
11:48:06.583 INFO  ProgressMeter -         LG07:3737838             13.8               1716000         124679.7
11:48:42.858 INFO  ProgressMeter -         LG07:3748854             14.4               1727000         120198.9
11:48:53.377 INFO  ProgressMeter -         LG07:3817625             14.5               1795000         123425.7
11:49:11.471 INFO  ProgressMeter -         LG07:3833636             14.8               1811000         121996.1
11:49:21.523 INFO  ProgressMeter -         LG07:3929842             15.0               1888000         125763.8
11:50:00.226 INFO  ProgressMeter -         LG07:3994756             15.7               1928000         123137.5
11:50:10.901 INFO  ProgressMeter -         LG07:4067144             15.8               1996000         126048.0
11:50:28.411 INFO  ProgressMeter -         LG07:4089162             16.1               2018000         125131.2
11:50:38.464 INFO  ProgressMeter -         LG07:4172742             16.3               2100000         128876.9
11:51:13.921 INFO  ProgressMeter -         LG07:4180746             16.9               2108000         124840.3
11:51:24.138 INFO  ProgressMeter -         LG07:4261404             17.1               2177000         127639.5
11:51:41.954 INFO  ProgressMeter -         LG07:4291680             17.4               2206000         127126.6
11:52:24.953 INFO  ProgressMeter -         LG07:4381718             18.1               2295000         127010.2
11:52:35.013 INFO  ProgressMeter -         LG07:4450791             18.2               2364000         129625.9
11:53:09.739 INFO  ProgressMeter -         LG07:4467828             18.8               2381000         126542.3
11:53:19.749 INFO  ProgressMeter -         LG07:4548339             19.0               2459000         129539.0
11:54:05.212 INFO  ProgressMeter -         LG07:4563709             19.7               2474000         125326.6
11:54:15.262 INFO  ProgressMeter -         LG07:4637514             19.9               2546000         127888.8
11:54:34.898 INFO  ProgressMeter -         LG07:4652748             20.2               2561000         126561.7
11:54:44.905 INFO  ProgressMeter -         LG07:4725171             20.4               2632000         129007.2
11:55:25.643 INFO  ProgressMeter -         LG07:4739733             21.1               2646000         125516.4
11:55:35.709 INFO  ProgressMeter -         LG07:4817505             21.2               2721000         128054.9
11:55:52.511 INFO  ProgressMeter -         LG07:4829716             21.5               2733000         126946.6
11:56:02.570 INFO  ProgressMeter -         LG07:4917956             21.7               2810000         129514.8
11:56:45.153 INFO  ProgressMeter -         LG07:4947060             22.4               2837000         126617.3
11:56:55.213 INFO  ProgressMeter -         LG07:5017485             22.6               2907000         128777.8
11:57:13.451 INFO  ProgressMeter -         LG07:5031904             22.9               2921000         127678.7
11:57:25.047 INFO  ProgressMeter -         LG07:5100566             23.1               2989000         129556.6
11:58:01.948 INFO  ProgressMeter -         LG07:5113670             23.7               3002000         126741.4
11:58:11.980 INFO  ProgressMeter -         LG07:5179591             23.9               3067000         128578.0
11:58:29.931 INFO  ProgressMeter -         LG07:5199772             24.2               3087000         127813.4
11:58:40.709 INFO  ProgressMeter -         LG07:5265715             24.3               3151000         129500.1
11:59:16.769 INFO  ProgressMeter -         LG07:5303380             24.9               3178000         127461.4
11:59:26.826 INFO  ProgressMeter -         LG07:5378893             25.1               3243000         129199.8
11:59:47.254 INFO  ProgressMeter -         LG07:5403792             25.4               3267000         128414.2
11:59:58.696 INFO  ProgressMeter -         LG07:5477395             25.6               3336000         130150.7
12:00:39.010 INFO  ProgressMeter -         LG07:5506269             26.3               3362000         127814.6
12:00:49.025 INFO  ProgressMeter -         LG07:5572958             26.5               3427000         129464.2
12:01:09.915 INFO  ProgressMeter -         LG07:5590964             26.8               3445000         128454.7
12:01:20.008 INFO  ProgressMeter -         LG07:5655926             27.0               3509000         130025.5
12:01:56.091 INFO  ProgressMeter -         LG07:5675382             27.6               3528000         127879.8
12:02:06.132 INFO  ProgressMeter -         LG07:5741631             27.8               3593000         129450.7
12:02:26.855 INFO  ProgressMeter -         LG07:5757643             28.1               3609000         128429.0
12:02:36.977 INFO  ProgressMeter -         LG07:5841055             28.3               3675000         129997.2
12:03:16.489 INFO  ProgressMeter -         LG07:5895085             28.9               3717000         128489.8
12:03:26.669 INFO  ProgressMeter -         LG07:5987856             29.1               3789000         130215.0
12:03:47.660 INFO  ProgressMeter -         LG07:6042043             29.4               3824000         129856.5
12:03:57.742 INFO  ProgressMeter -         LG07:6110118             29.6               3891000         131382.1
12:04:35.136 INFO  ProgressMeter -         LG07:6126699             30.2               3906000         129170.3
12:04:45.630 INFO  ProgressMeter -         LG07:6190886             30.4               3969000         130498.9
12:05:04.545 INFO  ProgressMeter -         LG07:6210677             30.7               3988000         129778.4
12:05:14.638 INFO  ProgressMeter -         LG07:6286891             30.9               4061000         131434.5
12:05:53.633 INFO  ProgressMeter -         LG07:6300195             31.5               4074000         129138.9
12:06:04.352 INFO  ProgressMeter -         LG07:6366129             31.7               4137000         130397.4
12:06:24.530 INFO  ProgressMeter -         LG07:6388156             32.1               4159000         129715.9
12:06:34.579 INFO  ProgressMeter -         LG07:6476966             32.2               4222000         130996.5
12:07:16.255 INFO  ProgressMeter -         LG07:6512572             32.9               4255000         129235.2
12:07:27.263 INFO  ProgressMeter -         LG07:6565741             33.1               4307000         130089.7
12:07:50.825 INFO  ProgressMeter -         LG07:6597432             33.5               4338000         129490.1
12:08:00.839 INFO  ProgressMeter -         LG07:6699965             33.7               4413000         131075.8
12:08:46.716 INFO  ProgressMeter -         LG07:6731717             34.4               4444000         129065.4
12:08:56.789 INFO  ProgressMeter -         LG07:6829398             34.6               4518000         130577.9
12:09:18.760 INFO  ProgressMeter -         LG07:6874313             35.0               4553000         130211.4
12:09:28.804 INFO  ProgressMeter -         LG07:6959574             35.1               4624000         131611.8
12:10:09.147 INFO  ProgressMeter -         LG07:6999142             35.8               4651000         129894.4
12:10:19.236 INFO  ProgressMeter -         LG07:7078539             36.0               4719000         131177.5
12:10:41.050 INFO  ProgressMeter -         LG07:7141135             36.3               4758000         130938.3
12:10:51.069 INFO  ProgressMeter -         LG07:7222821             36.5               4827000         132229.5
12:11:42.548 INFO  ProgressMeter -         LG07:7328955             37.4               4887000         130799.0
12:11:52.559 INFO  ProgressMeter -         LG07:7404160             37.5               4956000         132056.1
12:12:12.920 INFO  ProgressMeter -         LG07:7419204             37.9               4971000         131268.8
12:12:22.932 INFO  ProgressMeter -         LG07:7493237             38.0               5037000         132428.0
12:13:06.627 INFO  ProgressMeter -         LG07:7515729             38.8               5059000         130507.7
12:13:16.630 INFO  ProgressMeter -         LG07:7582438             38.9               5121000         131541.4
12:13:38.722 INFO  ProgressMeter -         LG07:7606063             39.3               5144000         130894.2
12:13:50.231 INFO  ProgressMeter -         LG07:7668436             39.5               5202000         131727.1
12:14:33.919 INFO  ProgressMeter -         LG07:7801871             40.2               5264000         130883.8
12:14:44.522 INFO  ProgressMeter -         LG07:7924877             40.4               5345000         132316.4
12:15:06.075 INFO  ProgressMeter -         LG07:7965028             40.8               5374000         131861.8
12:15:16.101 INFO  ProgressMeter -         LG07:8029265             40.9               5437000         132862.8
12:15:54.264 INFO  ProgressMeter -         LG07:8046277             41.6               5454000         131238.5
12:16:04.330 INFO  ProgressMeter -         LG07:8107237             41.7               5513000         132124.8
12:16:25.902 INFO  ProgressMeter -         LG07:8143482             42.1               5540000         131637.6
12:16:35.910 INFO  ProgressMeter -         LG07:8203873             42.3               5598000         132490.7
12:17:19.092 INFO  ProgressMeter -         LG07:8230143             43.0               5622000         130830.2
12:17:29.093 INFO  ProgressMeter -         LG07:8364318             43.1               5707000         132295.0
12:17:53.404 INFO  ProgressMeter -         LG07:8399082             43.5               5739000         131798.9
12:18:03.430 INFO  ProgressMeter -         LG07:8468049             43.7               5805000         132805.0
12:18:44.156 INFO  ProgressMeter -         LG07:8489487             44.4               5825000         131224.8
12:18:54.160 INFO  ProgressMeter -         LG07:8557518             44.6               5890000         132192.6
12:19:16.003 INFO  ProgressMeter -         LG07:8581178             44.9               5913000         131633.2
12:19:26.033 INFO  ProgressMeter -         LG07:8644271             45.1               5975000         132520.3
12:20:03.497 INFO  ProgressMeter -         LG07:8662186             45.7               5992000         131082.0
12:20:13.562 INFO  ProgressMeter -         LG07:8724204             45.9               6050000         131866.9
12:20:35.557 INFO  ProgressMeter -         LG07:8747381             46.2               6073000         131319.0
12:20:45.600 INFO  ProgressMeter -         LG07:8809719             46.4               6135000         132181.2
12:21:29.105 INFO  ProgressMeter -         LG07:8831065             47.1               6156000         130593.5
12:21:39.205 INFO  ProgressMeter -         LG07:8905400             47.3               6220000         131481.7
12:21:58.110 INFO  ProgressMeter -         LG07:8927980             47.6               6242000         131073.7
12:22:09.949 INFO  ProgressMeter -         LG07:9008904             47.8               6320000         132164.0
12:22:46.725 INFO  ProgressMeter -         LG07:9017035             48.4               6328000         130656.7
12:22:56.779 INFO  ProgressMeter -         LG07:9089782             48.6               6400000         131687.6
12:23:15.803 INFO  ProgressMeter -         LG07:9100084             48.9               6410000         131038.5
12:23:25.893 INFO  ProgressMeter -         LG07:9192385             49.1               6481000         132036.0
12:24:11.101 INFO  ProgressMeter -         LG07:9218592             49.8               6507000         130561.5
12:24:21.125 INFO  ProgressMeter -         LG07:9283900             50.0               6571000         131405.2
12:24:39.768 INFO  ProgressMeter -         LG07:9297930             50.3               6585000         130872.0
12:24:51.631 INFO  ProgressMeter -         LG07:9385107             50.5               6656000         131765.3
12:25:52.783 INFO  ProgressMeter -         LG07:9403438             51.5               6674000         129508.6
12:26:02.794 INFO  ProgressMeter -         LG07:9467486             51.7               6735000         130270.5
12:26:23.275 INFO  ProgressMeter -         LG07:9489503             52.0               6757000         129838.8
12:26:34.381 INFO  ProgressMeter -         LG07:9547562             52.2               6814000         130470.0
12:27:16.506 INFO  ProgressMeter -         LG07:9570640             52.9               6837000         129173.9
12:27:26.531 INFO  ProgressMeter -         LG07:9631087             53.1               6896000         129878.6
12:27:48.987 INFO  ProgressMeter -         LG07:9652663             53.5               6917000         129362.3
12:27:59.018 INFO  ProgressMeter -         LG07:9712190             53.6               6976000         130059.0
12:28:37.722 INFO  ProgressMeter -         LG07:9741690             54.3               6999000         128937.2
12:28:47.780 INFO  ProgressMeter -         LG07:9812927             54.4               7066000         129770.7
12:29:07.957 INFO  ProgressMeter -         LG07:9837036             54.8               7085000         129321.0
12:29:17.965 INFO  ProgressMeter -         LG07:9901334             55.0               7147000         130056.7
12:29:59.807 INFO  ProgressMeter -         LG07:9918703             55.7               7164000         128732.4
12:30:09.878 INFO  ProgressMeter -        LG07:10006621             55.8               7231000         129545.6
12:30:30.694 INFO  ProgressMeter -        LG07:10028795             56.2               7253000         129137.1
12:30:40.973 INFO  ProgressMeter -        LG07:10121126             56.3               7309000         129738.4
12:31:22.660 INFO  ProgressMeter -        LG07:10164258             57.0               7350000         128876.8
12:31:32.666 INFO  ProgressMeter -        LG07:10251226             57.2               7415000         129637.4
12:31:56.242 INFO  ProgressMeter -        LG07:10282856             57.6               7441000         129204.4
12:32:06.248 INFO  ProgressMeter -        LG07:10370778             57.8               7506000         129956.7
12:32:50.257 INFO  ProgressMeter -        LG07:10405409             58.5               7539000         128891.3
12:33:00.257 INFO  ProgressMeter -        LG07:10461316             58.7               7594000         129462.7
12:33:22.686 INFO  ProgressMeter -        LG07:10491845             59.0               7624000         129151.1
12:33:32.777 INFO  ProgressMeter -        LG07:10557462             59.2               7689000         129882.1
12:34:19.253 INFO  ProgressMeter -        LG07:10571903             60.0               7703000         128438.1
12:34:29.287 INFO  ProgressMeter -        LG07:10668019             60.1               7770000         129195.0
12:34:52.092 INFO  ProgressMeter -        LG07:10715350             60.5               7809000         129028.0
12:35:02.908 INFO  ProgressMeter -        LG07:10839370             60.7               7882000         129847.4
12:35:50.278 INFO  ProgressMeter -        LG07:10882598             61.5               7924000         128863.3
12:36:00.281 INFO  ProgressMeter -        LG07:11006367             61.7               7999000         129731.3
12:36:10.301 INFO  ProgressMeter -        LG07:11100493             61.8               8062000         130399.8
12:36:32.286 INFO  ProgressMeter -        LG07:11109329             62.2               8068000         129728.0
12:36:42.296 INFO  ProgressMeter -        LG07:11164805             62.4               8121000         130230.9
12:37:26.337 INFO  ProgressMeter -        LG07:11197614             63.1               8151000         129191.3
12:37:36.990 INFO  ProgressMeter -        LG07:11290058             63.3               8220000         129919.3
12:37:58.365 INFO  ProgressMeter -        LG07:11318290             63.6               8247000         129616.2
12:38:08.457 INFO  ProgressMeter -        LG07:11372807             63.8               8299000         130089.6
12:38:50.775 INFO  ProgressMeter -        LG07:11417516             64.5               8335000         129225.2
12:39:02.361 INFO  ProgressMeter -        LG07:11532228             64.7               8412000         130029.7
12:39:23.702 INFO  ProgressMeter -        LG07:11561405             65.0               8441000         129764.5
12:39:33.740 INFO  ProgressMeter -        LG07:11655279             65.2               8508000         130459.0
12:40:16.124 INFO  ProgressMeter -        LG07:11721998             65.9               8554000         129758.9
12:40:27.393 INFO  ProgressMeter -        LG07:11822765             66.1               8624000         130449.1
12:40:49.224 INFO  ProgressMeter -        LG07:11852902             66.5               8652000         130156.2
12:40:59.231 INFO  ProgressMeter -        LG07:11938052             66.6               8721000         130865.9
12:41:28.216 INFO  ProgressMeter -        LG07:11971324             67.1               8752000         130385.9
12:41:39.033 INFO  ProgressMeter -        LG07:12044369             67.3               8818000         131017.3
12:43:05.579 INFO  ProgressMeter -             LG08:383             68.7               8886000         129257.4
12:43:15.608 INFO  ProgressMeter -           LG08:68881             68.9               8950000         129872.6
12:43:33.086 INFO  ProgressMeter -           LG08:90995             69.2               8972000         129643.8
12:43:43.167 INFO  ProgressMeter -          LG08:168928             69.4               9046000         130396.6
12:44:22.985 INFO  ProgressMeter -          LG08:185161             70.0               9061000         129375.2
12:44:32.997 INFO  ProgressMeter -          LG08:261412             70.2               9133000         130093.2
12:44:51.498 INFO  ProgressMeter -          LG08:275851             70.5               9146000         129708.7
12:45:01.551 INFO  ProgressMeter -          LG08:344228             70.7               9212000         130335.0
12:45:41.430 INFO  ProgressMeter -          LG08:360436             71.3               9227000         129331.0
12:45:51.514 INFO  ProgressMeter -          LG08:427787             71.5               9292000         129936.1
12:46:12.587 INFO  ProgressMeter -          LG08:483007             71.9               9332000         129857.6
12:46:22.602 INFO  ProgressMeter -          LG08:544332             72.0               9391000         130375.8
12:47:01.300 INFO  ProgressMeter -          LG08:580065             72.7               9423000         129659.1
12:47:11.355 INFO  ProgressMeter -          LG08:678983             72.8               9503000         130459.0
12:47:29.206 INFO  ProgressMeter -          LG08:696873             73.1               9520000         130160.8
12:47:39.806 INFO  ProgressMeter -          LG08:762759             73.3               9581000         130679.1
12:48:16.742 INFO  ProgressMeter -          LG08:788180             73.9               9606000         129929.2
12:48:26.785 INFO  ProgressMeter -          LG08:862342             74.1               9680000         130634.3
12:48:45.809 INFO  ProgressMeter -          LG08:877355             74.4               9695000         130279.3
12:48:55.868 INFO  ProgressMeter -          LG08:959432             74.6               9772000         131018.9
12:49:33.248 INFO  ProgressMeter -          LG08:971444             75.2               9784000         130093.1
12:49:43.281 INFO  ProgressMeter -         LG08:1046088             75.4               9854000         130733.2
12:50:01.884 INFO  ProgressMeter -         LG08:1062101             75.7               9870000         130409.0
12:50:11.915 INFO  ProgressMeter -         LG08:1149888             75.9               9941000         131057.6
12:50:50.695 INFO  ProgressMeter -         LG08:1220128             76.5               9999000         130708.5
12:51:00.712 INFO  ProgressMeter -         LG08:1339103             76.7              10096000         131689.1
12:51:22.921 INFO  ProgressMeter -         LG08:1390624             77.0              10142000         131653.5
12:51:33.042 INFO  ProgressMeter -         LG08:1460148             77.2              10209000         132233.7
12:52:11.065 INFO  ProgressMeter -         LG08:1488921             77.8              10230000         131426.9
12:52:21.138 INFO  ProgressMeter -         LG08:1558224             78.0              10295000         131977.3
12:52:41.106 INFO  ProgressMeter -         LG08:1583327             78.3              10320000         131735.7
12:52:51.141 INFO  ProgressMeter -         LG08:1666980             78.5              10388000         132321.3
12:53:29.927 INFO  ProgressMeter -         LG08:1687139             79.2              10408000         131493.3
12:53:39.979 INFO  ProgressMeter -         LG08:1753214             79.3              10473000         132035.0
12:53:58.415 INFO  ProgressMeter -         LG08:1773798             79.6              10493000         131776.7
12:54:08.445 INFO  ProgressMeter -         LG08:1841410             79.8              10560000         132340.3
12:54:42.986 INFO  ProgressMeter -         LG08:1859098             80.4              10577000         131603.9
12:54:53.605 INFO  ProgressMeter -         LG08:1932755             80.5              10641000         132109.3
12:55:12.603 INFO  ProgressMeter -         LG08:1958155             80.9              10666000         131901.1
12:55:22.710 INFO  ProgressMeter -         LG08:2022196             81.0              10729000         132404.4
12:55:59.985 INFO  ProgressMeter -         LG08:2058587             81.7              10756000         131727.7
12:56:09.986 INFO  ProgressMeter -         LG08:2132921             81.8              10823000         132278.2
12:56:28.097 INFO  ProgressMeter -         LG08:2157407             82.1              10847000         132084.2
12:56:38.097 INFO  ProgressMeter -         LG08:2232633             82.3              10920000         132703.8
12:57:16.139 INFO  ProgressMeter -         LG08:2271279             82.9              10945000         131990.7
12:57:26.495 INFO  ProgressMeter -         LG08:2364850             83.1              11022000         132643.1
12:57:46.596 INFO  ProgressMeter -         LG08:2441873             83.4              11084000         132853.7
12:57:57.368 INFO  ProgressMeter -         LG08:2557009             83.6              11174000         133644.8
12:58:54.255 INFO  ProgressMeter -         LG08:2599713             84.6              11216000         132643.0
12:59:04.259 INFO  ProgressMeter -         LG08:2672470             84.7              11281000         133149.2
12:59:22.055 INFO  ProgressMeter -         LG08:2694884             85.0              11303000         132943.4
12:59:32.066 INFO  ProgressMeter -         LG08:2785845             85.2              11379000         133575.2
13:00:12.884 INFO  ProgressMeter -         LG08:2885133             85.9              11445000         133285.5
13:00:22.923 INFO  ProgressMeter -         LG08:2964794             86.0              11516000         133851.6
13:00:40.852 INFO  ProgressMeter -         LG08:2982070             86.3              11533000         133585.2
13:00:50.934 INFO  ProgressMeter -         LG08:3099848             86.5              11603000         134134.9
13:01:33.378 INFO  ProgressMeter -         LG08:3145062             87.2              11629000         133345.0
13:01:43.477 INFO  ProgressMeter -         LG08:3213822             87.4              11697000         133866.4
13:02:01.949 INFO  ProgressMeter -         LG08:3221823             87.7              11705000         133487.6
13:02:12.642 INFO  ProgressMeter -         LG08:3272932             87.9              11756000         133797.3
13:02:52.766 INFO  ProgressMeter -         LG08:3301080             88.5              11784000         133102.9
13:03:02.840 INFO  ProgressMeter -         LG08:3365657             88.7              11848000         133572.5
13:03:23.379 INFO  ProgressMeter -         LG08:3382873             89.0              11865000         133249.9
13:03:33.464 INFO  ProgressMeter -         LG08:3445326             89.2              11926000         133682.6
13:04:17.685 INFO  ProgressMeter -         LG08:3483884             89.9              11959000         132954.2
13:04:29.086 INFO  ProgressMeter -         LG08:3544809             90.1              12019000         133339.5
13:04:53.280 INFO  ProgressMeter -         LG08:3586065             90.5              12054000         133132.2
13:05:03.324 INFO  ProgressMeter -         LG08:3650554             90.7              12115000         133559.0
13:05:47.301 INFO  ProgressMeter -         LG08:3699320             91.4              12154000         132915.0
13:05:57.739 INFO  ProgressMeter -         LG08:3756677             91.6              12210000         133273.9
13:06:18.156 INFO  ProgressMeter -         LG08:3786666             92.0              12239000         133096.0
13:06:28.218 INFO  ProgressMeter -         LG08:3850859             92.1              12301000         133526.8
13:07:08.107 INFO  ProgressMeter -         LG08:3879273             92.8              12324000         132817.9
13:07:18.140 INFO  ProgressMeter -         LG08:3944425             93.0              12387000         133256.8
13:07:35.799 INFO  ProgressMeter -         LG08:3965007             93.3              12406000         133039.9
13:07:45.821 INFO  ProgressMeter -         LG08:4038382             93.4              12469000         133476.4
13:08:29.517 INFO  ProgressMeter -         LG08:4123699             94.1              12523000         133017.5
13:08:39.595 INFO  ProgressMeter -         LG08:4189920             94.3              12587000         133459.2
13:08:59.351 INFO  ProgressMeter -         LG08:4253786             94.6              12625000         133396.4
13:09:09.402 INFO  ProgressMeter -         LG08:4321638             94.8              12691000         133856.8
13:09:52.949 INFO  ProgressMeter -         LG08:4340022             95.5              12709000         133028.3
13:10:02.967 INFO  ProgressMeter -         LG08:4399183             95.7              12767000         133402.3
13:10:21.699 INFO  ProgressMeter -         LG08:4419304             96.0              12787000         133176.8
13:10:31.767 INFO  ProgressMeter -         LG08:4484053             96.2              12850000         133599.5
13:11:11.252 INFO  ProgressMeter -         LG08:4512600             96.8              12874000         132939.4
13:11:21.464 INFO  ProgressMeter -         LG08:4590645             97.0              12934000         133324.7
13:11:42.519 INFO  ProgressMeter -         LG08:4642350             97.4              12969000         133203.6
13:11:52.970 INFO  ProgressMeter -         LG08:4715186             97.5              13038000         133673.2
13:12:03.051 INFO  ProgressMeter -         LG08:4832436             97.7              13135000         134436.1
13:12:43.893 INFO  ProgressMeter -         LG08:4842660             98.4              13145000         133607.6
13:12:55.155 INFO  ProgressMeter -         LG08:4941962             98.6              13237000         134286.5
13:13:17.540 INFO  ProgressMeter -         LG08:4974238             98.9              13268000         134093.5
13:13:28.383 INFO  ProgressMeter -         LG08:5077896             99.1              13350000         134676.3
13:14:11.644 INFO  ProgressMeter -         LG08:5177764             99.8              13432000         134525.0
13:14:21.646 INFO  ProgressMeter -         LG08:5239220            100.0              13492000         134900.7
13:14:43.624 INFO  ProgressMeter -         LG08:5276645            100.4              13522000         134707.3
13:14:53.731 INFO  ProgressMeter -         LG08:5340088            100.5              13583000         135088.3
13:15:30.926 INFO  ProgressMeter -         LG08:5375650            101.2              13613000         134557.1
13:15:41.698 INFO  ProgressMeter -         LG08:5441247            101.3              13677000         134950.2
13:16:00.797 INFO  ProgressMeter -         LG08:5460291            101.7              13695000         134704.7
13:16:10.812 INFO  ProgressMeter -         LG08:5551823            101.8              13763000         135151.7
13:16:51.321 INFO  ProgressMeter -         LG08:5595795            102.5              13801000         134632.2
13:17:01.353 INFO  ProgressMeter -         LG08:5671058            102.7              13865000         135036.3
13:17:28.841 INFO  ProgressMeter -         LG08:5748809            103.1              13923000         134998.8
13:17:38.942 INFO  ProgressMeter -         LG08:5816463            103.3              13987000         135398.4
13:18:24.916 INFO  ProgressMeter -         LG08:5857934            104.1              14028000         134795.4
13:18:35.067 INFO  ProgressMeter -         LG08:5973680            104.2              14109000         135353.7
13:19:00.780 INFO  ProgressMeter -         LG08:6006486            104.7              14141000         135105.2
13:19:10.842 INFO  ProgressMeter -         LG08:6058996            104.8              14192000         135375.6
13:20:04.363 INFO  ProgressMeter -         LG08:6093981            105.7              14225000         134545.6
13:20:14.997 INFO  ProgressMeter -         LG08:6149489            105.9              14280000         134839.7
13:20:40.038 INFO  ProgressMeter -         LG08:6178205            106.3              14308000         134573.8
13:20:50.095 INFO  ProgressMeter -         LG08:6251383            106.5              14372000         134963.0
13:21:33.677 INFO  ProgressMeter -         LG08:6303932            107.2              14409000         134393.7
13:21:43.763 INFO  ProgressMeter -         LG08:6373509            107.4              14477000         134816.6
13:22:01.866 INFO  ProgressMeter -         LG08:6392011            107.7              14494000         134596.7
13:22:12.222 INFO  ProgressMeter -         LG08:6457592            107.9              14549000         134891.3
13:22:50.063 INFO  ProgressMeter -         LG08:6482707            108.5              14574000         134337.5
13:23:00.102 INFO  ProgressMeter -         LG08:6552280            108.7              14643000         134765.7
13:23:18.894 INFO  ProgressMeter -         LG08:6566079            109.0              14655000         134488.5
13:23:28.937 INFO  ProgressMeter -         LG08:6630329            109.1              14718000         134859.5
13:24:10.082 INFO  ProgressMeter -         LG08:6692398            109.8              14756000         134363.4
13:24:20.849 INFO  ProgressMeter -         LG08:6840871            110.0              14852000         135016.9
13:24:47.912 INFO  ProgressMeter -         LG08:6931153            110.5              14934000         135208.0
13:24:58.387 INFO  ProgressMeter -         LG08:7048313            110.6              15016000         135735.8
13:25:41.170 INFO  ProgressMeter -         LG08:7102267            111.3              15067000         135324.6
13:25:51.851 INFO  ProgressMeter -         LG08:7218767            111.5              15151000         135861.8
13:26:17.040 INFO  ProgressMeter -         LG08:7279339            111.9              15210000         135879.3
13:26:27.046 INFO  ProgressMeter -         LG08:7370908            112.1              15283000         136328.4
13:27:09.844 INFO  ProgressMeter -         LG08:7424285            112.8              15329000         135874.2
13:27:19.858 INFO  ProgressMeter -         LG08:7523145            113.0              15408000         136372.7
13:27:42.747 INFO  ProgressMeter -         LG08:7568330            113.4              15448000         136266.6
13:27:52.849 INFO  ProgressMeter -         LG08:7669149            113.5              15519000         136689.9
13:28:03.418 INFO  ProgressMeter -         LG08:7772628            113.7              15594000         137137.7
13:28:41.039 INFO  ProgressMeter -         LG08:7779661            114.3              15601000         136446.9
13:28:52.096 INFO  ProgressMeter -         LG08:7862861            114.5              15675000         136873.5
13:29:12.457 INFO  ProgressMeter -         LG08:7890155            114.9              15702000         136704.2
13:29:22.491 INFO  ProgressMeter -         LG08:7955206            115.0              15764000         137044.4
13:30:03.679 INFO  ProgressMeter -         LG08:7977322            115.7              15786000         136421.5
13:30:13.717 INFO  ProgressMeter -         LG08:8046100            115.9              15854000         136811.4
13:30:32.014 INFO  ProgressMeter -         LG08:8058499            116.2              15866000         136555.6
13:30:42.034 INFO  ProgressMeter -         LG08:8142173            116.4              15931000         136918.2
13:31:21.288 INFO  ProgressMeter -         LG08:8192362            117.0              15973000         136511.6
13:31:32.087 INFO  ProgressMeter -         LG08:8236201            117.2              16015000         136660.4
13:32:03.335 INFO  ProgressMeter -         LG08:8281890            117.7              16060000         136438.0
13:32:13.932 INFO  ProgressMeter -         LG08:8342677            117.9              16118000         136725.6
13:32:50.467 INFO  ProgressMeter -         LG08:8367811            118.5              16143000         136234.0
13:33:00.508 INFO  ProgressMeter -         LG08:8435178            118.7              16209000         136598.0
13:33:21.585 INFO  ProgressMeter -         LG08:8458336            119.0              16230000         136371.3
13:33:31.607 INFO  ProgressMeter -         LG08:8523523            119.2              16294000         136717.2
13:34:09.636 INFO  ProgressMeter -         LG08:8543521            119.8              16313000         136152.5
13:34:19.702 INFO  ProgressMeter -         LG08:8612973            120.0              16381000         136528.9
13:34:37.884 INFO  ProgressMeter -         LG08:8629323            120.3              16397000         136318.0
13:34:47.900 INFO  ProgressMeter -         LG08:8698457            120.5              16465000         136693.6
13:35:24.633 INFO  ProgressMeter -         LG08:8711614            121.1              16478000         136109.7
13:35:34.635 INFO  ProgressMeter -         LG08:8784097            121.2              16548000         136500.0
13:35:54.112 INFO  ProgressMeter -         LG08:8803068            121.6              16566000         136283.5
13:36:04.204 INFO  ProgressMeter -         LG08:8869383            121.7              16631000         136629.2
13:36:32.853 INFO  ProgressMeter -         LG08:8887990            122.2              16649000         136242.7
13:36:43.117 INFO  ProgressMeter -         LG08:8959565            122.4              16719000         136624.2
GENOMICSDB_TIMER,GenomicsDB iterator next() timer,Wall-clock time(s),6094.9637243008365,Cpu time(s),1122.9377185472722
13:36:50.741 INFO  ProgressMeter -         LG08:9000937            122.5              16759087         136809.7
13:36:50.741 INFO  ProgressMeter - Traversal complete. Processed 16759087 total variants in 122.5 minutes.
13:36:50.755 INFO  GenotypeGVCFs - Shutting down engine
[January 21, 2022 1:36:50 PM PST] org.broadinstitute.hellbender.tools.walkers.GenotypeGVCFs done. Elapsed time: 122.52 minutes.
Runtime.totalMemory()=1544028160
