==========================================
SLURM_JOB_ID = 7439969
SLURM_JOB_NODELIST = a01-13
TMPDIR = /tmp/SLURM_7439969
==========================================
Using GATK jar /home1/mharden/.conda/envs/gatk4/share/gatk4-4.2.2.0-1/gatk-package-4.2.2.0-local.jar
Running:
    java -Dsamjdk.use_async_io_read_samtools=false -Dsamjdk.use_async_io_write_samtools=true -Dsamjdk.use_async_io_write_tribble=false -Dsamjdk.compression_level=2 -jar /home1/mharden/.conda/envs/gatk4/share/gatk4-4.2.2.0-1/gatk-package-4.2.2.0-local.jar MergeVcfs -R Kr2015_Undaria.pinnatifida_superscaffolds.fasta --SEQUENCE_DICTIONARY Kr2015_Undaria.pinnatifida_superscaffolds.dict -I 0032-scattered.interval_list.sorted.vcf.gz -O Undaria_Variants.vcf
16:38:37.217 INFO  NativeLibraryLoader - Loading libgkl_compression.so from jar:file:/home1/mharden/.conda/envs/gatk4/share/gatk4-4.2.2.0-1/gatk-package-4.2.2.0-local.jar!/com/intel/gkl/native/libgkl_compression.so
[Sun Feb 13 16:38:37 PST 2022] MergeVcfs --INPUT 0032-scattered.interval_list.sorted.vcf.gz --OUTPUT Undaria_Variants.vcf --SEQUENCE_DICTIONARY Kr2015_Undaria.pinnatifida_superscaffolds.dict --REFERENCE_SEQUENCE Kr2015_Undaria.pinnatifida_superscaffolds.fasta --VERBOSITY INFO --QUIET false --VALIDATION_STRINGENCY STRICT --COMPRESSION_LEVEL 2 --MAX_RECORDS_IN_RAM 500000 --CREATE_INDEX true --CREATE_MD5_FILE false --GA4GH_CLIENT_SECRETS client_secrets.json --help false --version false --showHidden false --USE_JDK_DEFLATER false --USE_JDK_INFLATER false
Feb 13, 2022 4:38:37 PM shaded.cloud_nio.com.google.auth.oauth2.ComputeEngineCredentials runningOnComputeEngine
INFO: Failed to detect whether we are running on Google Compute Engine.
[Sun Feb 13 16:38:37 PST 2022] Executing as mharden@a01-13.hpc.usc.edu on Linux 3.10.0-1062.4.1.el7.x86_64 amd64; OpenJDK 64-Bit Server VM 1.8.0_302-b08; Deflater: Intel; Inflater: Intel; Provider GCS is available; Picard version: Version:4.2.2.0
INFO	2022-02-13 16:38:37	MergeVcfs	Processed        10,000 records.  Elapsed time: 00:00:00s.  Time for last 10,000:    0s.  Last read position: LG28:7,929,750
INFO	2022-02-13 16:38:37	MergeVcfs	Processed        20,000 records.  Elapsed time: 00:00:00s.  Time for last 10,000:    0s.  Last read position: LG28:8,238,282
INFO	2022-02-13 16:38:38	MergeVcfs	Processed        30,000 records.  Elapsed time: 00:00:00s.  Time for last 10,000:    0s.  Last read position: LG28:8,522,595
INFO	2022-02-13 16:38:38	MergeVcfs	Processed        40,000 records.  Elapsed time: 00:00:00s.  Time for last 10,000:    0s.  Last read position: LG28:8,806,856
INFO	2022-02-13 16:38:38	MergeVcfs	Processed        50,000 records.  Elapsed time: 00:00:01s.  Time for last 10,000:    0s.  Last read position: LG28:9,143,690
INFO	2022-02-13 16:38:38	MergeVcfs	Processed        60,000 records.  Elapsed time: 00:00:01s.  Time for last 10,000:    0s.  Last read position: LG28:9,358,991
INFO	2022-02-13 16:38:38	MergeVcfs	Processed        70,000 records.  Elapsed time: 00:00:01s.  Time for last 10,000:    0s.  Last read position: LG28:9,615,917
INFO	2022-02-13 16:38:38	MergeVcfs	Processed        80,000 records.  Elapsed time: 00:00:01s.  Time for last 10,000:    0s.  Last read position: LG28:9,858,877
INFO	2022-02-13 16:38:38	MergeVcfs	Processed        90,000 records.  Elapsed time: 00:00:01s.  Time for last 10,000:    0s.  Last read position: LG28:10,190,172
INFO	2022-02-13 16:38:39	MergeVcfs	Processed       100,000 records.  Elapsed time: 00:00:01s.  Time for last 10,000:    0s.  Last read position: LG28:10,425,806
INFO	2022-02-13 16:38:39	MergeVcfs	Processed       110,000 records.  Elapsed time: 00:00:01s.  Time for last 10,000:    0s.  Last read position: LG28:10,751,041
INFO	2022-02-13 16:38:39	MergeVcfs	Processed       120,000 records.  Elapsed time: 00:00:02s.  Time for last 10,000:    0s.  Last read position: LG28:11,097,122
INFO	2022-02-13 16:38:39	MergeVcfs	Processed       130,000 records.  Elapsed time: 00:00:02s.  Time for last 10,000:    0s.  Last read position: LG28:11,404,459
INFO	2022-02-13 16:38:39	MergeVcfs	Processed       140,000 records.  Elapsed time: 00:00:02s.  Time for last 10,000:    0s.  Last read position: LG28:11,848,478
INFO	2022-02-13 16:38:39	MergeVcfs	Processed       150,000 records.  Elapsed time: 00:00:02s.  Time for last 10,000:    0s.  Last read position: LG29:250,439
INFO	2022-02-13 16:38:39	MergeVcfs	Processed       160,000 records.  Elapsed time: 00:00:02s.  Time for last 10,000:    0s.  Last read position: LG29:446,632
INFO	2022-02-13 16:38:40	MergeVcfs	Processed       170,000 records.  Elapsed time: 00:00:02s.  Time for last 10,000:    0s.  Last read position: LG29:719,949
INFO	2022-02-13 16:38:40	MergeVcfs	Processed       180,000 records.  Elapsed time: 00:00:02s.  Time for last 10,000:    0s.  Last read position: LG29:1,004,474
INFO	2022-02-13 16:38:40	MergeVcfs	Processed       190,000 records.  Elapsed time: 00:00:03s.  Time for last 10,000:    0s.  Last read position: LG29:1,328,263
INFO	2022-02-13 16:38:40	MergeVcfs	Processed       200,000 records.  Elapsed time: 00:00:03s.  Time for last 10,000:    0s.  Last read position: LG29:1,568,346
INFO	2022-02-13 16:38:40	MergeVcfs	Processed       210,000 records.  Elapsed time: 00:00:03s.  Time for last 10,000:    0s.  Last read position: LG29:1,882,410
INFO	2022-02-13 16:38:40	MergeVcfs	Processed       220,000 records.  Elapsed time: 00:00:03s.  Time for last 10,000:    0s.  Last read position: LG29:2,167,700
INFO	2022-02-13 16:38:40	MergeVcfs	Processed       230,000 records.  Elapsed time: 00:00:03s.  Time for last 10,000:    0s.  Last read position: LG29:2,504,419
INFO	2022-02-13 16:38:41	MergeVcfs	Processed       240,000 records.  Elapsed time: 00:00:03s.  Time for last 10,000:    0s.  Last read position: LG29:2,844,420
INFO	2022-02-13 16:38:41	MergeVcfs	Processed       250,000 records.  Elapsed time: 00:00:03s.  Time for last 10,000:    0s.  Last read position: LG29:3,162,431
INFO	2022-02-13 16:38:41	MergeVcfs	Processed       260,000 records.  Elapsed time: 00:00:04s.  Time for last 10,000:    0s.  Last read position: LG29:3,475,535
INFO	2022-02-13 16:38:41	MergeVcfs	Processed       270,000 records.  Elapsed time: 00:00:04s.  Time for last 10,000:    0s.  Last read position: LG29:3,736,527
INFO	2022-02-13 16:38:41	MergeVcfs	Processed       280,000 records.  Elapsed time: 00:00:04s.  Time for last 10,000:    0s.  Last read position: LG29:3,984,795
INFO	2022-02-13 16:38:41	MergeVcfs	Processed       290,000 records.  Elapsed time: 00:00:04s.  Time for last 10,000:    0s.  Last read position: LG29:4,217,785
INFO	2022-02-13 16:38:41	MergeVcfs	Processed       300,000 records.  Elapsed time: 00:00:04s.  Time for last 10,000:    0s.  Last read position: LG29:4,387,460
INFO	2022-02-13 16:38:42	MergeVcfs	Processed       310,000 records.  Elapsed time: 00:00:04s.  Time for last 10,000:    0s.  Last read position: LG29:4,642,516
INFO	2022-02-13 16:38:42	MergeVcfs	Processed       320,000 records.  Elapsed time: 00:00:04s.  Time for last 10,000:    0s.  Last read position: LG29:4,867,953
INFO	2022-02-13 16:38:42	MergeVcfs	Processed       330,000 records.  Elapsed time: 00:00:05s.  Time for last 10,000:    0s.  Last read position: LG30:436,876
INFO	2022-02-13 16:38:42	MergeVcfs	Processed       340,000 records.  Elapsed time: 00:00:05s.  Time for last 10,000:    0s.  Last read position: LG30:735,373
INFO	2022-02-13 16:38:42	MergeVcfs	Processed       350,000 records.  Elapsed time: 00:00:05s.  Time for last 10,000:    0s.  Last read position: LG30:985,356
INFO	2022-02-13 16:38:42	MergeVcfs	Processed       360,000 records.  Elapsed time: 00:00:05s.  Time for last 10,000:    0s.  Last read position: LG30:1,192,291
INFO	2022-02-13 16:38:42	MergeVcfs	Processed       370,000 records.  Elapsed time: 00:00:05s.  Time for last 10,000:    0s.  Last read position: LG30:1,333,773
INFO	2022-02-13 16:38:43	MergeVcfs	Processed       380,000 records.  Elapsed time: 00:00:05s.  Time for last 10,000:    0s.  Last read position: LG30:1,548,457
INFO	2022-02-13 16:38:43	MergeVcfs	Processed       390,000 records.  Elapsed time: 00:00:05s.  Time for last 10,000:    0s.  Last read position: LG30:1,877,991
INFO	2022-02-13 16:38:43	MergeVcfs	Processed       400,000 records.  Elapsed time: 00:00:06s.  Time for last 10,000:    0s.  Last read position: LG30:2,174,392
INFO	2022-02-13 16:38:43	MergeVcfs	Processed       410,000 records.  Elapsed time: 00:00:06s.  Time for last 10,000:    0s.  Last read position: LG30:2,548,577
INFO	2022-02-13 16:38:43	MergeVcfs	Processed       420,000 records.  Elapsed time: 00:00:06s.  Time for last 10,000:    0s.  Last read position: LG30:2,920,392
INFO	2022-02-13 16:38:43	MergeVcfs	Processed       430,000 records.  Elapsed time: 00:00:06s.  Time for last 10,000:    0s.  Last read position: LG30:3,166,184
INFO	2022-02-13 16:38:43	MergeVcfs	Processed       440,000 records.  Elapsed time: 00:00:06s.  Time for last 10,000:    0s.  Last read position: LG30:3,351,567
INFO	2022-02-13 16:38:44	MergeVcfs	Processed       450,000 records.  Elapsed time: 00:00:06s.  Time for last 10,000:    0s.  Last read position: LG30:3,474,287
INFO	2022-02-13 16:38:44	MergeVcfs	Processed       460,000 records.  Elapsed time: 00:00:06s.  Time for last 10,000:    0s.  Last read position: LG30:3,727,329
INFO	2022-02-13 16:38:44	MergeVcfs	Processed       470,000 records.  Elapsed time: 00:00:07s.  Time for last 10,000:    0s.  Last read position: LG30:3,922,504
INFO	2022-02-13 16:38:44	MergeVcfs	Processed       480,000 records.  Elapsed time: 00:00:07s.  Time for last 10,000:    0s.  Last read position: LG30:4,115,886
INFO	2022-02-13 16:38:44	MergeVcfs	Processed       490,000 records.  Elapsed time: 00:00:07s.  Time for last 10,000:    0s.  Last read position: LG30:4,272,765
INFO	2022-02-13 16:38:44	MergeVcfs	Processed       500,000 records.  Elapsed time: 00:00:07s.  Time for last 10,000:    0s.  Last read position: LG30:4,463,721
INFO	2022-02-13 16:38:44	MergeVcfs	Processed       510,000 records.  Elapsed time: 00:00:07s.  Time for last 10,000:    0s.  Last read position: LG30:4,611,112
INFO	2022-02-13 16:38:45	MergeVcfs	Processed       520,000 records.  Elapsed time: 00:00:07s.  Time for last 10,000:    0s.  Last read position: LG30:4,903,630
INFO	2022-02-13 16:38:45	MergeVcfs	Processed       530,000 records.  Elapsed time: 00:00:07s.  Time for last 10,000:    0s.  Last read position: LG30:5,104,121
INFO	2022-02-13 16:38:45	MergeVcfs	Processed       540,000 records.  Elapsed time: 00:00:08s.  Time for last 10,000:    0s.  Last read position: LG30:5,261,593
INFO	2022-02-13 16:38:45	MergeVcfs	Processed       550,000 records.  Elapsed time: 00:00:08s.  Time for last 10,000:    0s.  Last read position: LG30:5,466,033
INFO	2022-02-13 16:38:45	MergeVcfs	Processed       560,000 records.  Elapsed time: 00:00:08s.  Time for last 10,000:    0s.  Last read position: LG30:5,595,278
INFO	2022-02-13 16:38:45	MergeVcfs	Processed       570,000 records.  Elapsed time: 00:00:08s.  Time for last 10,000:    0s.  Last read position: LG30:5,815,894
INFO	2022-02-13 16:38:45	MergeVcfs	Processed       580,000 records.  Elapsed time: 00:00:08s.  Time for last 10,000:    0s.  Last read position: LG30:6,083,962
INFO	2022-02-13 16:38:46	MergeVcfs	Processed       590,000 records.  Elapsed time: 00:00:08s.  Time for last 10,000:    0s.  Last read position: LG30:6,244,538
INFO	2022-02-13 16:38:46	MergeVcfs	Processed       600,000 records.  Elapsed time: 00:00:08s.  Time for last 10,000:    0s.  Last read position: LG30:6,440,525
INFO	2022-02-13 16:38:46	MergeVcfs	Processed       610,000 records.  Elapsed time: 00:00:09s.  Time for last 10,000:    0s.  Last read position: LG30:6,628,378
INFO	2022-02-13 16:38:46	MergeVcfs	Processed       620,000 records.  Elapsed time: 00:00:09s.  Time for last 10,000:    0s.  Last read position: LG30:6,965,291
INFO	2022-02-13 16:38:46	MergeVcfs	Processed       630,000 records.  Elapsed time: 00:00:09s.  Time for last 10,000:    0s.  Last read position: LG30:7,303,682
INFO	2022-02-13 16:38:46	MergeVcfs	Processed       640,000 records.  Elapsed time: 00:00:09s.  Time for last 10,000:    0s.  Last read position: LG30:7,524,392
INFO	2022-02-13 16:38:46	MergeVcfs	Processed       650,000 records.  Elapsed time: 00:00:09s.  Time for last 10,000:    0s.  Last read position: LG30:7,860,559
INFO	2022-02-13 16:38:47	MergeVcfs	Processed       660,000 records.  Elapsed time: 00:00:09s.  Time for last 10,000:    0s.  Last read position: LG30:8,067,929
INFO	2022-02-13 16:38:47	MergeVcfs	Processed       670,000 records.  Elapsed time: 00:00:09s.  Time for last 10,000:    0s.  Last read position: LG30:8,232,304
INFO	2022-02-13 16:38:47	MergeVcfs	Processed       680,000 records.  Elapsed time: 00:00:10s.  Time for last 10,000:    0s.  Last read position: LG30:8,462,209
INFO	2022-02-13 16:38:47	MergeVcfs	Processed       690,000 records.  Elapsed time: 00:00:10s.  Time for last 10,000:    0s.  Last read position: LG30:8,727,456
INFO	2022-02-13 16:38:47	MergeVcfs	Processed       700,000 records.  Elapsed time: 00:00:10s.  Time for last 10,000:    0s.  Last read position: LG30:8,925,581
INFO	2022-02-13 16:38:47	MergeVcfs	Processed       710,000 records.  Elapsed time: 00:00:10s.  Time for last 10,000:    0s.  Last read position: LG30:9,045,094
INFO	2022-02-13 16:38:47	MergeVcfs	Processed       720,000 records.  Elapsed time: 00:00:10s.  Time for last 10,000:    0s.  Last read position: LG30:9,347,070
INFO	2022-02-13 16:38:48	MergeVcfs	Processed       730,000 records.  Elapsed time: 00:00:10s.  Time for last 10,000:    0s.  Last read position: LG30:9,525,098
16:38:48.136 WARN  IntelInflater - Zero Bytes Written : 0
[Sun Feb 13 16:38:48 PST 2022] picard.vcf.MergeVcfs done. Elapsed time: 0.18 minutes.
Runtime.totalMemory()=3459776512
Tool returned:
0
