==========================================
SLURM_JOB_ID = 7264094
SLURM_JOB_NODELIST = a01-03
TMPDIR = /tmp/SLURM_7264094
==========================================
Using GATK jar /home1/mharden/.conda/envs/gatk4/share/gatk4-4.2.2.0-1/gatk-package-4.2.2.0-local.jar
Running:
    java -Dsamjdk.use_async_io_read_samtools=false -Dsamjdk.use_async_io_write_samtools=true -Dsamjdk.use_async_io_write_tribble=false -Dsamjdk.compression_level=2 -jar /home1/mharden/.conda/envs/gatk4/share/gatk4-4.2.2.0-1/gatk-package-4.2.2.0-local.jar SortVcf -I 0021-scattered.interval_list.vcf.gz -O 0021-scattered.interval_list.sorted.vcf.gz
18:39:45.429 INFO  NativeLibraryLoader - Loading libgkl_compression.so from jar:file:/home1/mharden/.conda/envs/gatk4/share/gatk4-4.2.2.0-1/gatk-package-4.2.2.0-local.jar!/com/intel/gkl/native/libgkl_compression.so
[Mon Jan 31 18:39:45 PST 2022] SortVcf --INPUT 0021-scattered.interval_list.vcf.gz --OUTPUT 0021-scattered.interval_list.sorted.vcf.gz --VERBOSITY INFO --QUIET false --VALIDATION_STRINGENCY STRICT --COMPRESSION_LEVEL 2 --MAX_RECORDS_IN_RAM 500000 --CREATE_INDEX true --CREATE_MD5_FILE false --GA4GH_CLIENT_SECRETS client_secrets.json --help false --version false --showHidden false --USE_JDK_DEFLATER false --USE_JDK_INFLATER false
Jan 31, 2022 6:39:45 PM shaded.cloud_nio.com.google.auth.oauth2.ComputeEngineCredentials runningOnComputeEngine
INFO: Failed to detect whether we are running on Google Compute Engine.
[Mon Jan 31 18:39:45 PST 2022] Executing as mharden@a01-03.hpc.usc.edu on Linux 3.10.0-1062.4.1.el7.x86_64 amd64; OpenJDK 64-Bit Server VM 1.8.0_302-b08; Deflater: Intel; Inflater: Intel; Provider GCS is available; Picard version: Version:4.2.2.0
INFO	2022-01-31 18:39:45	SortVcf	Reading entries from input file 1
INFO	2022-01-31 18:39:47	SortVcf	read        25,000 records.  Elapsed time: 00:00:01s.  Time for last 25,000:    1s.  Last read position: LG13:8,168,172
INFO	2022-01-31 18:39:48	SortVcf	read        50,000 records.  Elapsed time: 00:00:03s.  Time for last 25,000:    1s.  Last read position: LG13:8,722,378
INFO	2022-01-31 18:39:52	SortVcf	read        75,000 records.  Elapsed time: 00:00:06s.  Time for last 25,000:    3s.  Last read position: LG13:9,313,129
INFO	2022-01-31 18:39:53	SortVcf	read       100,000 records.  Elapsed time: 00:00:07s.  Time for last 25,000:    1s.  Last read position: LG13:9,948,670
INFO	2022-01-31 18:39:53	SortVcf	read       125,000 records.  Elapsed time: 00:00:08s.  Time for last 25,000:    0s.  Last read position: LG13:10,644,302
INFO	2022-01-31 18:39:54	SortVcf	read       150,000 records.  Elapsed time: 00:00:08s.  Time for last 25,000:    0s.  Last read position: LG13:11,207,312
INFO	2022-01-31 18:39:54	SortVcf	read       175,000 records.  Elapsed time: 00:00:08s.  Time for last 25,000:    0s.  Last read position: LG13:11,736,226
INFO	2022-01-31 18:39:54	SortVcf	read       200,000 records.  Elapsed time: 00:00:08s.  Time for last 25,000:    0s.  Last read position: LG13:12,424,258
INFO	2022-01-31 18:39:54	SortVcf	read       225,000 records.  Elapsed time: 00:00:09s.  Time for last 25,000:    0s.  Last read position: LG13:12,944,307
INFO	2022-01-31 18:39:55	SortVcf	read       250,000 records.  Elapsed time: 00:00:09s.  Time for last 25,000:    0s.  Last read position: LG13:13,545,776
INFO	2022-01-31 18:39:55	SortVcf	read       275,000 records.  Elapsed time: 00:00:09s.  Time for last 25,000:    0s.  Last read position: LG13:14,129,572
INFO	2022-01-31 18:39:55	SortVcf	read       300,000 records.  Elapsed time: 00:00:10s.  Time for last 25,000:    0s.  Last read position: LG13:14,457,633
INFO	2022-01-31 18:39:56	SortVcf	read       325,000 records.  Elapsed time: 00:00:10s.  Time for last 25,000:    0s.  Last read position: LG14:228,853
INFO	2022-01-31 18:39:56	SortVcf	read       350,000 records.  Elapsed time: 00:00:10s.  Time for last 25,000:    0s.  Last read position: LG14:979,173
INFO	2022-01-31 18:39:56	SortVcf	read       375,000 records.  Elapsed time: 00:00:10s.  Time for last 25,000:    0s.  Last read position: LG14:1,472,289
INFO	2022-01-31 18:39:57	SortVcf	read       400,000 records.  Elapsed time: 00:00:12s.  Time for last 25,000:    1s.  Last read position: LG14:2,131,950
INFO	2022-01-31 18:39:58	SortVcf	read       425,000 records.  Elapsed time: 00:00:12s.  Time for last 25,000:    0s.  Last read position: LG14:2,748,932
INFO	2022-01-31 18:39:58	SortVcf	read       450,000 records.  Elapsed time: 00:00:12s.  Time for last 25,000:    0s.  Last read position: LG14:3,301,795
INFO	2022-01-31 18:39:58	SortVcf	read       475,000 records.  Elapsed time: 00:00:12s.  Time for last 25,000:    0s.  Last read position: LG14:3,867,066
INFO	2022-01-31 18:39:58	SortVcf	read       500,000 records.  Elapsed time: 00:00:13s.  Time for last 25,000:    0s.  Last read position: LG14:4,478,462
INFO	2022-01-31 18:40:04	SortVcf	read       525,000 records.  Elapsed time: 00:00:18s.  Time for last 25,000:    5s.  Last read position: LG14:4,998,441
INFO	2022-01-31 18:40:04	SortVcf	read       550,000 records.  Elapsed time: 00:00:18s.  Time for last 25,000:    0s.  Last read position: LG14:5,621,410
INFO	2022-01-31 18:40:04	SortVcf	read       575,000 records.  Elapsed time: 00:00:18s.  Time for last 25,000:    0s.  Last read position: LG14:6,121,597
INFO	2022-01-31 18:40:04	SortVcf	read       600,000 records.  Elapsed time: 00:00:19s.  Time for last 25,000:    0s.  Last read position: LG14:6,685,124
INFO	2022-01-31 18:40:05	SortVcf	read       625,000 records.  Elapsed time: 00:00:19s.  Time for last 25,000:    0s.  Last read position: LG14:7,221,727
INFO	2022-01-31 18:40:05	SortVcf	read       650,000 records.  Elapsed time: 00:00:19s.  Time for last 25,000:    0s.  Last read position: LG14:7,804,567
INFO	2022-01-31 18:40:05	SortVcf	read       675,000 records.  Elapsed time: 00:00:20s.  Time for last 25,000:    0s.  Last read position: LG14:8,556,840
INFO	2022-01-31 18:40:06	SortVcf	read       700,000 records.  Elapsed time: 00:00:20s.  Time for last 25,000:    0s.  Last read position: LG14:9,368,032
INFO	2022-01-31 18:40:08	SortVcf	read       725,000 records.  Elapsed time: 00:00:23s.  Time for last 25,000:    2s.  Last read position: LG14:10,220,265
INFO	2022-01-31 18:40:09	SortVcf	read       750,000 records.  Elapsed time: 00:00:23s.  Time for last 25,000:    0s.  Last read position: LG14:10,857,799
INFO	2022-01-31 18:40:09	SortVcf	read       775,000 records.  Elapsed time: 00:00:23s.  Time for last 25,000:    0s.  Last read position: LG14:11,516,059
18:40:09.338 WARN  IntelInflater - Zero Bytes Written : 0
INFO	2022-01-31 18:40:50	SortVcf	wrote        25,000 records.  Elapsed time: 00:00:40s.  Time for last 25,000:   37s.  Last read position: LG13:8,168,172
INFO	2022-01-31 18:40:50	SortVcf	wrote        50,000 records.  Elapsed time: 00:00:41s.  Time for last 25,000:    0s.  Last read position: LG13:8,722,378
INFO	2022-01-31 18:40:50	SortVcf	wrote        75,000 records.  Elapsed time: 00:00:41s.  Time for last 25,000:    0s.  Last read position: LG13:9,313,129
INFO	2022-01-31 18:40:51	SortVcf	wrote       100,000 records.  Elapsed time: 00:00:41s.  Time for last 25,000:    0s.  Last read position: LG13:9,948,670
INFO	2022-01-31 18:40:51	SortVcf	wrote       125,000 records.  Elapsed time: 00:00:42s.  Time for last 25,000:    0s.  Last read position: LG13:10,644,302
INFO	2022-01-31 18:40:51	SortVcf	wrote       150,000 records.  Elapsed time: 00:00:42s.  Time for last 25,000:    0s.  Last read position: LG13:11,207,312
INFO	2022-01-31 18:40:51	SortVcf	wrote       175,000 records.  Elapsed time: 00:00:42s.  Time for last 25,000:    0s.  Last read position: LG13:11,736,226
INFO	2022-01-31 18:40:52	SortVcf	wrote       200,000 records.  Elapsed time: 00:00:42s.  Time for last 25,000:    0s.  Last read position: LG13:12,424,258
INFO	2022-01-31 18:40:52	SortVcf	wrote       225,000 records.  Elapsed time: 00:00:43s.  Time for last 25,000:    0s.  Last read position: LG13:12,944,307
INFO	2022-01-31 18:40:52	SortVcf	wrote       250,000 records.  Elapsed time: 00:00:43s.  Time for last 25,000:    0s.  Last read position: LG13:13,545,776
INFO	2022-01-31 18:42:10	SortVcf	wrote       275,000 records.  Elapsed time: 00:02:00s.  Time for last 25,000:   77s.  Last read position: LG13:14,129,572
INFO	2022-01-31 18:42:10	SortVcf	wrote       300,000 records.  Elapsed time: 00:02:00s.  Time for last 25,000:    0s.  Last read position: LG13:14,457,633
INFO	2022-01-31 18:42:10	SortVcf	wrote       325,000 records.  Elapsed time: 00:02:01s.  Time for last 25,000:    0s.  Last read position: LG14:228,853
INFO	2022-01-31 18:42:10	SortVcf	wrote       350,000 records.  Elapsed time: 00:02:01s.  Time for last 25,000:    0s.  Last read position: LG14:979,173
INFO	2022-01-31 18:42:11	SortVcf	wrote       375,000 records.  Elapsed time: 00:02:01s.  Time for last 25,000:    0s.  Last read position: LG14:1,472,289
INFO	2022-01-31 18:42:11	SortVcf	wrote       400,000 records.  Elapsed time: 00:02:02s.  Time for last 25,000:    0s.  Last read position: LG14:2,131,950
INFO	2022-01-31 18:42:11	SortVcf	wrote       425,000 records.  Elapsed time: 00:02:02s.  Time for last 25,000:    0s.  Last read position: LG14:2,748,932
INFO	2022-01-31 18:42:12	SortVcf	wrote       450,000 records.  Elapsed time: 00:02:02s.  Time for last 25,000:    0s.  Last read position: LG14:3,301,795
INFO	2022-01-31 18:42:12	SortVcf	wrote       475,000 records.  Elapsed time: 00:02:03s.  Time for last 25,000:    0s.  Last read position: LG14:3,867,066
INFO	2022-01-31 18:42:12	SortVcf	wrote       500,000 records.  Elapsed time: 00:02:03s.  Time for last 25,000:    0s.  Last read position: LG14:4,478,462
INFO	2022-01-31 18:42:13	SortVcf	wrote       525,000 records.  Elapsed time: 00:02:03s.  Time for last 25,000:    0s.  Last read position: LG14:4,998,441
INFO	2022-01-31 18:42:13	SortVcf	wrote       550,000 records.  Elapsed time: 00:02:04s.  Time for last 25,000:    0s.  Last read position: LG14:5,621,410
INFO	2022-01-31 18:42:13	SortVcf	wrote       575,000 records.  Elapsed time: 00:02:04s.  Time for last 25,000:    0s.  Last read position: LG14:6,121,597
INFO	2022-01-31 18:42:14	SortVcf	wrote       600,000 records.  Elapsed time: 00:02:04s.  Time for last 25,000:    0s.  Last read position: LG14:6,685,124
INFO	2022-01-31 18:42:14	SortVcf	wrote       625,000 records.  Elapsed time: 00:02:05s.  Time for last 25,000:    0s.  Last read position: LG14:7,221,727
INFO	2022-01-31 18:42:14	SortVcf	wrote       650,000 records.  Elapsed time: 00:02:05s.  Time for last 25,000:    0s.  Last read position: LG14:7,804,567
INFO	2022-01-31 18:42:14	SortVcf	wrote       675,000 records.  Elapsed time: 00:02:05s.  Time for last 25,000:    0s.  Last read position: LG14:8,556,840
INFO	2022-01-31 18:42:15	SortVcf	wrote       700,000 records.  Elapsed time: 00:02:05s.  Time for last 25,000:    0s.  Last read position: LG14:9,368,032
INFO	2022-01-31 18:42:15	SortVcf	wrote       725,000 records.  Elapsed time: 00:02:06s.  Time for last 25,000:    0s.  Last read position: LG14:10,220,265
INFO	2022-01-31 18:42:15	SortVcf	wrote       750,000 records.  Elapsed time: 00:02:06s.  Time for last 25,000:    0s.  Last read position: LG14:10,857,799
INFO	2022-01-31 18:42:16	SortVcf	wrote       775,000 records.  Elapsed time: 00:02:06s.  Time for last 25,000:    0s.  Last read position: LG14:11,516,059
[Mon Jan 31 18:42:16 PST 2022] picard.vcf.SortVcf done. Elapsed time: 2.51 minutes.
Runtime.totalMemory()=10548674560
Tool returned:
0
