==========================================
SLURM_JOB_ID = 7264059
SLURM_JOB_NODELIST = a01-03
TMPDIR = /tmp/SLURM_7264059
==========================================
Using GATK jar /home1/mharden/.conda/envs/gatk4/share/gatk4-4.2.2.0-1/gatk-package-4.2.2.0-local.jar
Running:
    java -Dsamjdk.use_async_io_read_samtools=false -Dsamjdk.use_async_io_write_samtools=true -Dsamjdk.use_async_io_write_tribble=false -Dsamjdk.compression_level=2 -jar /home1/mharden/.conda/envs/gatk4/share/gatk4-4.2.2.0-1/gatk-package-4.2.2.0-local.jar SortVcf -I 0003-scattered.interval_list.vcf.gz -O 0003-scattered.interval_list.sorted.vcf.gz
18:23:41.024 INFO  NativeLibraryLoader - Loading libgkl_compression.so from jar:file:/home1/mharden/.conda/envs/gatk4/share/gatk4-4.2.2.0-1/gatk-package-4.2.2.0-local.jar!/com/intel/gkl/native/libgkl_compression.so
[Mon Jan 31 18:23:41 PST 2022] SortVcf --INPUT 0003-scattered.interval_list.vcf.gz --OUTPUT 0003-scattered.interval_list.sorted.vcf.gz --VERBOSITY INFO --QUIET false --VALIDATION_STRINGENCY STRICT --COMPRESSION_LEVEL 2 --MAX_RECORDS_IN_RAM 500000 --CREATE_INDEX true --CREATE_MD5_FILE false --GA4GH_CLIENT_SECRETS client_secrets.json --help false --version false --showHidden false --USE_JDK_DEFLATER false --USE_JDK_INFLATER false
Jan 31, 2022 6:23:41 PM shaded.cloud_nio.com.google.auth.oauth2.ComputeEngineCredentials runningOnComputeEngine
INFO: Failed to detect whether we are running on Google Compute Engine.
[Mon Jan 31 18:23:41 PST 2022] Executing as mharden@a01-03.hpc.usc.edu on Linux 3.10.0-1062.4.1.el7.x86_64 amd64; OpenJDK 64-Bit Server VM 1.8.0_302-b08; Deflater: Intel; Inflater: Intel; Provider GCS is available; Picard version: Version:4.2.2.0
INFO	2022-01-31 18:23:41	SortVcf	Reading entries from input file 1
INFO	2022-01-31 18:23:41	SortVcf	read        25,000 records.  Elapsed time: 00:00:00s.  Time for last 25,000:    0s.  Last read position: LG00:58,704,538
INFO	2022-01-31 18:23:41	SortVcf	read        50,000 records.  Elapsed time: 00:00:00s.  Time for last 25,000:    0s.  Last read position: LG00:59,316,878
INFO	2022-01-31 18:23:42	SortVcf	read        75,000 records.  Elapsed time: 00:00:00s.  Time for last 25,000:    0s.  Last read position: LG00:60,269,691
INFO	2022-01-31 18:23:42	SortVcf	read       100,000 records.  Elapsed time: 00:00:01s.  Time for last 25,000:    0s.  Last read position: LG00:61,162,442
INFO	2022-01-31 18:23:42	SortVcf	read       125,000 records.  Elapsed time: 00:00:01s.  Time for last 25,000:    0s.  Last read position: LG00:61,784,249
INFO	2022-01-31 18:23:42	SortVcf	read       150,000 records.  Elapsed time: 00:00:01s.  Time for last 25,000:    0s.  Last read position: LG00:62,884,651
INFO	2022-01-31 18:23:43	SortVcf	read       175,000 records.  Elapsed time: 00:00:01s.  Time for last 25,000:    0s.  Last read position: LG00:63,677,104
INFO	2022-01-31 18:23:43	SortVcf	read       200,000 records.  Elapsed time: 00:00:02s.  Time for last 25,000:    0s.  Last read position: LG00:64,485,633
INFO	2022-01-31 18:23:43	SortVcf	read       225,000 records.  Elapsed time: 00:00:02s.  Time for last 25,000:    0s.  Last read position: LG00:65,338,511
INFO	2022-01-31 18:23:43	SortVcf	read       250,000 records.  Elapsed time: 00:00:02s.  Time for last 25,000:    0s.  Last read position: LG00:66,216,764
INFO	2022-01-31 18:23:43	SortVcf	read       275,000 records.  Elapsed time: 00:00:02s.  Time for last 25,000:    0s.  Last read position: LG00:66,950,459
INFO	2022-01-31 18:23:44	SortVcf	read       300,000 records.  Elapsed time: 00:00:02s.  Time for last 25,000:    0s.  Last read position: LG00:67,765,747
INFO	2022-01-31 18:23:44	SortVcf	read       325,000 records.  Elapsed time: 00:00:03s.  Time for last 25,000:    0s.  Last read position: LG00:68,776,007
INFO	2022-01-31 18:23:45	SortVcf	read       350,000 records.  Elapsed time: 00:00:04s.  Time for last 25,000:    1s.  Last read position: LG00:69,638,393
INFO	2022-01-31 18:23:45	SortVcf	read       375,000 records.  Elapsed time: 00:00:04s.  Time for last 25,000:    0s.  Last read position: LG00:70,322,090
INFO	2022-01-31 18:23:45	SortVcf	read       400,000 records.  Elapsed time: 00:00:04s.  Time for last 25,000:    0s.  Last read position: LG00:71,790,647
INFO	2022-01-31 18:23:46	SortVcf	read       425,000 records.  Elapsed time: 00:00:04s.  Time for last 25,000:    0s.  Last read position: LG00:72,876,152
INFO	2022-01-31 18:23:46	SortVcf	read       450,000 records.  Elapsed time: 00:00:05s.  Time for last 25,000:    0s.  Last read position: LG00:73,973,563
INFO	2022-01-31 18:23:46	SortVcf	read       475,000 records.  Elapsed time: 00:00:05s.  Time for last 25,000:    0s.  Last read position: LG00:75,355,941
INFO	2022-01-31 18:23:46	SortVcf	read       500,000 records.  Elapsed time: 00:00:05s.  Time for last 25,000:    0s.  Last read position: LG00:76,208,586
18:23:51.298 WARN  IntelInflater - Zero Bytes Written : 0
INFO	2022-01-31 18:24:29	SortVcf	wrote        25,000 records.  Elapsed time: 00:00:37s.  Time for last 25,000:   26s.  Last read position: LG00:58,704,538
INFO	2022-01-31 18:24:29	SortVcf	wrote        50,000 records.  Elapsed time: 00:00:38s.  Time for last 25,000:    0s.  Last read position: LG00:59,316,878
INFO	2022-01-31 18:24:29	SortVcf	wrote        75,000 records.  Elapsed time: 00:00:38s.  Time for last 25,000:    0s.  Last read position: LG00:60,269,691
INFO	2022-01-31 18:24:29	SortVcf	wrote       100,000 records.  Elapsed time: 00:00:38s.  Time for last 25,000:    0s.  Last read position: LG00:61,162,442
INFO	2022-01-31 18:24:30	SortVcf	wrote       125,000 records.  Elapsed time: 00:00:38s.  Time for last 25,000:    0s.  Last read position: LG00:61,784,249
INFO	2022-01-31 18:24:30	SortVcf	wrote       150,000 records.  Elapsed time: 00:00:39s.  Time for last 25,000:    0s.  Last read position: LG00:62,884,651
INFO	2022-01-31 18:24:30	SortVcf	wrote       175,000 records.  Elapsed time: 00:00:39s.  Time for last 25,000:    0s.  Last read position: LG00:63,677,104
INFO	2022-01-31 18:24:30	SortVcf	wrote       200,000 records.  Elapsed time: 00:00:39s.  Time for last 25,000:    0s.  Last read position: LG00:64,485,633
INFO	2022-01-31 18:24:31	SortVcf	wrote       225,000 records.  Elapsed time: 00:00:39s.  Time for last 25,000:    0s.  Last read position: LG00:65,338,511
INFO	2022-01-31 18:24:31	SortVcf	wrote       250,000 records.  Elapsed time: 00:00:40s.  Time for last 25,000:    0s.  Last read position: LG00:66,216,764
INFO	2022-01-31 18:24:31	SortVcf	wrote       275,000 records.  Elapsed time: 00:00:40s.  Time for last 25,000:    0s.  Last read position: LG00:66,950,459
INFO	2022-01-31 18:24:31	SortVcf	wrote       300,000 records.  Elapsed time: 00:00:40s.  Time for last 25,000:    0s.  Last read position: LG00:67,765,747
INFO	2022-01-31 18:24:32	SortVcf	wrote       325,000 records.  Elapsed time: 00:00:40s.  Time for last 25,000:    0s.  Last read position: LG00:68,776,007
INFO	2022-01-31 18:24:32	SortVcf	wrote       350,000 records.  Elapsed time: 00:00:41s.  Time for last 25,000:    0s.  Last read position: LG00:69,638,393
INFO	2022-01-31 18:24:32	SortVcf	wrote       375,000 records.  Elapsed time: 00:00:41s.  Time for last 25,000:    0s.  Last read position: LG00:70,322,090
INFO	2022-01-31 18:24:33	SortVcf	wrote       400,000 records.  Elapsed time: 00:00:41s.  Time for last 25,000:    0s.  Last read position: LG00:71,790,647
INFO	2022-01-31 18:24:33	SortVcf	wrote       425,000 records.  Elapsed time: 00:00:41s.  Time for last 25,000:    0s.  Last read position: LG00:72,876,152
INFO	2022-01-31 18:24:33	SortVcf	wrote       450,000 records.  Elapsed time: 00:00:42s.  Time for last 25,000:    0s.  Last read position: LG00:73,973,563
INFO	2022-01-31 18:24:33	SortVcf	wrote       475,000 records.  Elapsed time: 00:00:42s.  Time for last 25,000:    0s.  Last read position: LG00:75,355,941
INFO	2022-01-31 18:24:34	SortVcf	wrote       500,000 records.  Elapsed time: 00:00:42s.  Time for last 25,000:    0s.  Last read position: LG00:76,208,586
[Mon Jan 31 18:24:34 PST 2022] picard.vcf.SortVcf done. Elapsed time: 0.89 minutes.
Runtime.totalMemory()=8941207552
Tool returned:
0
