==========================================
SLURM_JOB_ID = 7439955
SLURM_JOB_NODELIST = a03-03
TMPDIR = /tmp/SLURM_7439955
==========================================
Using GATK jar /home1/mharden/.conda/envs/gatk4/share/gatk4-4.2.2.0-1/gatk-package-4.2.2.0-local.jar
Running:
    java -Dsamjdk.use_async_io_read_samtools=false -Dsamjdk.use_async_io_write_samtools=true -Dsamjdk.use_async_io_write_tribble=false -Dsamjdk.compression_level=2 -jar /home1/mharden/.conda/envs/gatk4/share/gatk4-4.2.2.0-1/gatk-package-4.2.2.0-local.jar MergeVcfs -R Kr2015_Undaria.pinnatifida_superscaffolds.fasta --SEQUENCE_DICTIONARY Kr2015_Undaria.pinnatifida_superscaffolds.dict -I 0018-scattered.interval_list.sorted.vcf.gz -O Undaria_Variants.vcf
16:38:24.479 INFO  NativeLibraryLoader - Loading libgkl_compression.so from jar:file:/home1/mharden/.conda/envs/gatk4/share/gatk4-4.2.2.0-1/gatk-package-4.2.2.0-local.jar!/com/intel/gkl/native/libgkl_compression.so
[Sun Feb 13 16:38:24 PST 2022] MergeVcfs --INPUT 0018-scattered.interval_list.sorted.vcf.gz --OUTPUT Undaria_Variants.vcf --SEQUENCE_DICTIONARY Kr2015_Undaria.pinnatifida_superscaffolds.dict --REFERENCE_SEQUENCE Kr2015_Undaria.pinnatifida_superscaffolds.fasta --VERBOSITY INFO --QUIET false --VALIDATION_STRINGENCY STRICT --COMPRESSION_LEVEL 2 --MAX_RECORDS_IN_RAM 500000 --CREATE_INDEX true --CREATE_MD5_FILE false --GA4GH_CLIENT_SECRETS client_secrets.json --help false --version false --showHidden false --USE_JDK_DEFLATER false --USE_JDK_INFLATER false
Feb 13, 2022 4:38:24 PM shaded.cloud_nio.com.google.auth.oauth2.ComputeEngineCredentials runningOnComputeEngine
INFO: Failed to detect whether we are running on Google Compute Engine.
[Sun Feb 13 16:38:24 PST 2022] Executing as mharden@a03-03.hpc.usc.edu on Linux 3.10.0-1062.4.1.el7.x86_64 amd64; OpenJDK 64-Bit Server VM 1.8.0_302-b08; Deflater: Intel; Inflater: Intel; Provider GCS is available; Picard version: Version:4.2.2.0
INFO	2022-02-13 16:38:24	MergeVcfs	Processed        10,000 records.  Elapsed time: 00:00:00s.  Time for last 10,000:    0s.  Last read position: LG10:19,624,390
INFO	2022-02-13 16:38:25	MergeVcfs	Processed        20,000 records.  Elapsed time: 00:00:00s.  Time for last 10,000:    0s.  Last read position: LG10:19,750,756
INFO	2022-02-13 16:38:25	MergeVcfs	Processed        30,000 records.  Elapsed time: 00:00:00s.  Time for last 10,000:    0s.  Last read position: LG10:19,891,091
INFO	2022-02-13 16:38:25	MergeVcfs	Processed        40,000 records.  Elapsed time: 00:00:00s.  Time for last 10,000:    0s.  Last read position: LG10:20,145,186
INFO	2022-02-13 16:38:25	MergeVcfs	Processed        50,000 records.  Elapsed time: 00:00:00s.  Time for last 10,000:    0s.  Last read position: LG10:20,429,037
INFO	2022-02-13 16:38:25	MergeVcfs	Processed        60,000 records.  Elapsed time: 00:00:01s.  Time for last 10,000:    0s.  Last read position: LG10:20,582,799
INFO	2022-02-13 16:38:25	MergeVcfs	Processed        70,000 records.  Elapsed time: 00:00:01s.  Time for last 10,000:    0s.  Last read position: LG10:20,860,304
INFO	2022-02-13 16:38:25	MergeVcfs	Processed        80,000 records.  Elapsed time: 00:00:01s.  Time for last 10,000:    0s.  Last read position: LG10:21,145,444
INFO	2022-02-13 16:38:26	MergeVcfs	Processed        90,000 records.  Elapsed time: 00:00:01s.  Time for last 10,000:    0s.  Last read position: LG10:21,388,045
INFO	2022-02-13 16:38:26	MergeVcfs	Processed       100,000 records.  Elapsed time: 00:00:01s.  Time for last 10,000:    0s.  Last read position: LG10:21,576,026
INFO	2022-02-13 16:38:26	MergeVcfs	Processed       110,000 records.  Elapsed time: 00:00:01s.  Time for last 10,000:    0s.  Last read position: LG10:21,729,249
INFO	2022-02-13 16:38:26	MergeVcfs	Processed       120,000 records.  Elapsed time: 00:00:01s.  Time for last 10,000:    0s.  Last read position: LG10:21,968,770
INFO	2022-02-13 16:38:26	MergeVcfs	Processed       130,000 records.  Elapsed time: 00:00:02s.  Time for last 10,000:    0s.  Last read position: LG10:22,078,393
INFO	2022-02-13 16:38:26	MergeVcfs	Processed       140,000 records.  Elapsed time: 00:00:02s.  Time for last 10,000:    0s.  Last read position: LG10:22,243,722
INFO	2022-02-13 16:38:26	MergeVcfs	Processed       150,000 records.  Elapsed time: 00:00:02s.  Time for last 10,000:    0s.  Last read position: LG10:22,408,342
INFO	2022-02-13 16:38:27	MergeVcfs	Processed       160,000 records.  Elapsed time: 00:00:02s.  Time for last 10,000:    0s.  Last read position: LG10:22,529,056
INFO	2022-02-13 16:38:27	MergeVcfs	Processed       170,000 records.  Elapsed time: 00:00:02s.  Time for last 10,000:    0s.  Last read position: LG10:22,667,062
INFO	2022-02-13 16:38:27	MergeVcfs	Processed       180,000 records.  Elapsed time: 00:00:02s.  Time for last 10,000:    0s.  Last read position: LG10:22,798,343
INFO	2022-02-13 16:38:27	MergeVcfs	Processed       190,000 records.  Elapsed time: 00:00:02s.  Time for last 10,000:    0s.  Last read position: LG10:22,968,880
INFO	2022-02-13 16:38:27	MergeVcfs	Processed       200,000 records.  Elapsed time: 00:00:03s.  Time for last 10,000:    0s.  Last read position: LG10:23,238,120
INFO	2022-02-13 16:38:27	MergeVcfs	Processed       210,000 records.  Elapsed time: 00:00:03s.  Time for last 10,000:    0s.  Last read position: LG10:23,569,367
INFO	2022-02-13 16:38:27	MergeVcfs	Processed       220,000 records.  Elapsed time: 00:00:03s.  Time for last 10,000:    0s.  Last read position: LG10:24,028,251
INFO	2022-02-13 16:38:27	MergeVcfs	Processed       230,000 records.  Elapsed time: 00:00:03s.  Time for last 10,000:    0s.  Last read position: LG10:24,301,635
INFO	2022-02-13 16:38:28	MergeVcfs	Processed       240,000 records.  Elapsed time: 00:00:03s.  Time for last 10,000:    0s.  Last read position: LG10:24,587,624
INFO	2022-02-13 16:38:28	MergeVcfs	Processed       250,000 records.  Elapsed time: 00:00:03s.  Time for last 10,000:    0s.  Last read position: LG10:24,842,220
INFO	2022-02-13 16:38:28	MergeVcfs	Processed       260,000 records.  Elapsed time: 00:00:03s.  Time for last 10,000:    0s.  Last read position: LG10:25,114,238
INFO	2022-02-13 16:38:28	MergeVcfs	Processed       270,000 records.  Elapsed time: 00:00:03s.  Time for last 10,000:    0s.  Last read position: LG10:25,471,669
INFO	2022-02-13 16:38:28	MergeVcfs	Processed       280,000 records.  Elapsed time: 00:00:04s.  Time for last 10,000:    0s.  Last read position: LG10:25,681,259
INFO	2022-02-13 16:38:28	MergeVcfs	Processed       290,000 records.  Elapsed time: 00:00:04s.  Time for last 10,000:    0s.  Last read position: LG10:25,932,212
INFO	2022-02-13 16:38:28	MergeVcfs	Processed       300,000 records.  Elapsed time: 00:00:04s.  Time for last 10,000:    0s.  Last read position: LG10:26,330,767
INFO	2022-02-13 16:38:29	MergeVcfs	Processed       310,000 records.  Elapsed time: 00:00:04s.  Time for last 10,000:    0s.  Last read position: LG10:26,623,450
INFO	2022-02-13 16:38:29	MergeVcfs	Processed       320,000 records.  Elapsed time: 00:00:04s.  Time for last 10,000:    0s.  Last read position: LG10:26,901,492
INFO	2022-02-13 16:38:29	MergeVcfs	Processed       330,000 records.  Elapsed time: 00:00:04s.  Time for last 10,000:    0s.  Last read position: LG10:27,225,441
INFO	2022-02-13 16:38:29	MergeVcfs	Processed       340,000 records.  Elapsed time: 00:00:04s.  Time for last 10,000:    0s.  Last read position: LG10:27,331,101
INFO	2022-02-13 16:38:29	MergeVcfs	Processed       350,000 records.  Elapsed time: 00:00:05s.  Time for last 10,000:    0s.  Last read position: LG10:27,597,277
INFO	2022-02-13 16:38:29	MergeVcfs	Processed       360,000 records.  Elapsed time: 00:00:05s.  Time for last 10,000:    0s.  Last read position: LG10:27,730,894
INFO	2022-02-13 16:38:29	MergeVcfs	Processed       370,000 records.  Elapsed time: 00:00:05s.  Time for last 10,000:    0s.  Last read position: LG10:27,979,626
INFO	2022-02-13 16:38:30	MergeVcfs	Processed       380,000 records.  Elapsed time: 00:00:05s.  Time for last 10,000:    0s.  Last read position: LG10:28,192,146
INFO	2022-02-13 16:38:30	MergeVcfs	Processed       390,000 records.  Elapsed time: 00:00:05s.  Time for last 10,000:    0s.  Last read position: LG10:28,472,010
INFO	2022-02-13 16:38:30	MergeVcfs	Processed       400,000 records.  Elapsed time: 00:00:05s.  Time for last 10,000:    0s.  Last read position: LG10:28,623,207
INFO	2022-02-13 16:38:30	MergeVcfs	Processed       410,000 records.  Elapsed time: 00:00:05s.  Time for last 10,000:    0s.  Last read position: LG10:28,766,168
INFO	2022-02-13 16:38:30	MergeVcfs	Processed       420,000 records.  Elapsed time: 00:00:06s.  Time for last 10,000:    0s.  Last read position: LG11:90,229
INFO	2022-02-13 16:38:30	MergeVcfs	Processed       430,000 records.  Elapsed time: 00:00:06s.  Time for last 10,000:    0s.  Last read position: LG11:320,520
INFO	2022-02-13 16:38:30	MergeVcfs	Processed       440,000 records.  Elapsed time: 00:00:06s.  Time for last 10,000:    0s.  Last read position: LG11:484,413
INFO	2022-02-13 16:38:30	MergeVcfs	Processed       450,000 records.  Elapsed time: 00:00:06s.  Time for last 10,000:    0s.  Last read position: LG11:732,285
INFO	2022-02-13 16:38:31	MergeVcfs	Processed       460,000 records.  Elapsed time: 00:00:06s.  Time for last 10,000:    0s.  Last read position: LG11:931,877
INFO	2022-02-13 16:38:31	MergeVcfs	Processed       470,000 records.  Elapsed time: 00:00:06s.  Time for last 10,000:    0s.  Last read position: LG11:1,095,641
INFO	2022-02-13 16:38:31	MergeVcfs	Processed       480,000 records.  Elapsed time: 00:00:06s.  Time for last 10,000:    0s.  Last read position: LG11:1,212,813
INFO	2022-02-13 16:38:31	MergeVcfs	Processed       490,000 records.  Elapsed time: 00:00:06s.  Time for last 10,000:    0s.  Last read position: LG11:1,387,853
INFO	2022-02-13 16:38:31	MergeVcfs	Processed       500,000 records.  Elapsed time: 00:00:07s.  Time for last 10,000:    0s.  Last read position: LG11:1,607,160
INFO	2022-02-13 16:38:31	MergeVcfs	Processed       510,000 records.  Elapsed time: 00:00:07s.  Time for last 10,000:    0s.  Last read position: LG11:1,753,751
INFO	2022-02-13 16:38:31	MergeVcfs	Processed       520,000 records.  Elapsed time: 00:00:07s.  Time for last 10,000:    0s.  Last read position: LG11:1,946,195
INFO	2022-02-13 16:38:32	MergeVcfs	Processed       530,000 records.  Elapsed time: 00:00:07s.  Time for last 10,000:    0s.  Last read position: LG11:2,199,535
INFO	2022-02-13 16:38:32	MergeVcfs	Processed       540,000 records.  Elapsed time: 00:00:07s.  Time for last 10,000:    0s.  Last read position: LG11:2,571,088
INFO	2022-02-13 16:38:32	MergeVcfs	Processed       550,000 records.  Elapsed time: 00:00:07s.  Time for last 10,000:    0s.  Last read position: LG11:2,759,184
INFO	2022-02-13 16:38:32	MergeVcfs	Processed       560,000 records.  Elapsed time: 00:00:07s.  Time for last 10,000:    0s.  Last read position: LG11:3,027,516
INFO	2022-02-13 16:38:32	MergeVcfs	Processed       570,000 records.  Elapsed time: 00:00:07s.  Time for last 10,000:    0s.  Last read position: LG11:3,231,579
INFO	2022-02-13 16:38:32	MergeVcfs	Processed       580,000 records.  Elapsed time: 00:00:08s.  Time for last 10,000:    0s.  Last read position: LG11:3,464,397
INFO	2022-02-13 16:38:32	MergeVcfs	Processed       590,000 records.  Elapsed time: 00:00:08s.  Time for last 10,000:    0s.  Last read position: LG11:3,703,278
INFO	2022-02-13 16:38:32	MergeVcfs	Processed       600,000 records.  Elapsed time: 00:00:08s.  Time for last 10,000:    0s.  Last read position: LG11:3,921,040
INFO	2022-02-13 16:38:33	MergeVcfs	Processed       610,000 records.  Elapsed time: 00:00:08s.  Time for last 10,000:    0s.  Last read position: LG11:4,757,745
INFO	2022-02-13 16:38:33	MergeVcfs	Processed       620,000 records.  Elapsed time: 00:00:08s.  Time for last 10,000:    0s.  Last read position: LG11:5,002,018
INFO	2022-02-13 16:38:33	MergeVcfs	Processed       630,000 records.  Elapsed time: 00:00:08s.  Time for last 10,000:    0s.  Last read position: LG11:5,328,710
INFO	2022-02-13 16:38:33	MergeVcfs	Processed       640,000 records.  Elapsed time: 00:00:08s.  Time for last 10,000:    0s.  Last read position: LG11:5,746,190
INFO	2022-02-13 16:38:33	MergeVcfs	Processed       650,000 records.  Elapsed time: 00:00:09s.  Time for last 10,000:    0s.  Last read position: LG11:6,063,834
INFO	2022-02-13 16:38:33	MergeVcfs	Processed       660,000 records.  Elapsed time: 00:00:09s.  Time for last 10,000:    0s.  Last read position: LG11:6,255,024
INFO	2022-02-13 16:38:33	MergeVcfs	Processed       670,000 records.  Elapsed time: 00:00:09s.  Time for last 10,000:    0s.  Last read position: LG11:6,573,779
INFO	2022-02-13 16:38:33	MergeVcfs	Processed       680,000 records.  Elapsed time: 00:00:09s.  Time for last 10,000:    0s.  Last read position: LG11:6,814,418
INFO	2022-02-13 16:38:34	MergeVcfs	Processed       690,000 records.  Elapsed time: 00:00:09s.  Time for last 10,000:    0s.  Last read position: LG11:7,081,980
INFO	2022-02-13 16:38:34	MergeVcfs	Processed       700,000 records.  Elapsed time: 00:00:09s.  Time for last 10,000:    0s.  Last read position: LG11:7,299,181
INFO	2022-02-13 16:38:34	MergeVcfs	Processed       710,000 records.  Elapsed time: 00:00:09s.  Time for last 10,000:    0s.  Last read position: LG11:7,590,226
INFO	2022-02-13 16:38:34	MergeVcfs	Processed       720,000 records.  Elapsed time: 00:00:09s.  Time for last 10,000:    0s.  Last read position: LG11:7,784,184
INFO	2022-02-13 16:38:34	MergeVcfs	Processed       730,000 records.  Elapsed time: 00:00:10s.  Time for last 10,000:    0s.  Last read position: LG11:8,031,763
INFO	2022-02-13 16:38:34	MergeVcfs	Processed       740,000 records.  Elapsed time: 00:00:10s.  Time for last 10,000:    0s.  Last read position: LG11:8,343,121
INFO	2022-02-13 16:38:34	MergeVcfs	Processed       750,000 records.  Elapsed time: 00:00:10s.  Time for last 10,000:    0s.  Last read position: LG11:8,600,161
INFO	2022-02-13 16:38:35	MergeVcfs	Processed       760,000 records.  Elapsed time: 00:00:10s.  Time for last 10,000:    0s.  Last read position: LG11:8,862,121
INFO	2022-02-13 16:38:35	MergeVcfs	Processed       770,000 records.  Elapsed time: 00:00:10s.  Time for last 10,000:    0s.  Last read position: LG11:9,147,674
INFO	2022-02-13 16:38:35	MergeVcfs	Processed       780,000 records.  Elapsed time: 00:00:10s.  Time for last 10,000:    0s.  Last read position: LG11:9,424,464
INFO	2022-02-13 16:38:35	MergeVcfs	Processed       790,000 records.  Elapsed time: 00:00:10s.  Time for last 10,000:    0s.  Last read position: LG11:9,596,503
INFO	2022-02-13 16:38:35	MergeVcfs	Processed       800,000 records.  Elapsed time: 00:00:11s.  Time for last 10,000:    0s.  Last read position: LG11:9,779,937
16:38:35.673 WARN  IntelInflater - Zero Bytes Written : 0
[Sun Feb 13 16:38:35 PST 2022] picard.vcf.MergeVcfs done. Elapsed time: 0.19 minutes.
Runtime.totalMemory()=3254255616
Tool returned:
0
