==========================================
SLURM_JOB_ID = 7439948
SLURM_JOB_NODELIST = a04-04
TMPDIR = /tmp/SLURM_7439948
==========================================
Using GATK jar /home1/mharden/.conda/envs/gatk4/share/gatk4-4.2.2.0-1/gatk-package-4.2.2.0-local.jar
Running:
    java -Dsamjdk.use_async_io_read_samtools=false -Dsamjdk.use_async_io_write_samtools=true -Dsamjdk.use_async_io_write_tribble=false -Dsamjdk.compression_level=2 -jar /home1/mharden/.conda/envs/gatk4/share/gatk4-4.2.2.0-1/gatk-package-4.2.2.0-local.jar MergeVcfs -R Kr2015_Undaria.pinnatifida_superscaffolds.fasta --SEQUENCE_DICTIONARY Kr2015_Undaria.pinnatifida_superscaffolds.dict -I 0011-scattered.interval_list.sorted.vcf.gz -O Undaria_Variants.vcf
16:38:17.819 INFO  NativeLibraryLoader - Loading libgkl_compression.so from jar:file:/home1/mharden/.conda/envs/gatk4/share/gatk4-4.2.2.0-1/gatk-package-4.2.2.0-local.jar!/com/intel/gkl/native/libgkl_compression.so
[Sun Feb 13 16:38:17 PST 2022] MergeVcfs --INPUT 0011-scattered.interval_list.sorted.vcf.gz --OUTPUT Undaria_Variants.vcf --SEQUENCE_DICTIONARY Kr2015_Undaria.pinnatifida_superscaffolds.dict --REFERENCE_SEQUENCE Kr2015_Undaria.pinnatifida_superscaffolds.fasta --VERBOSITY INFO --QUIET false --VALIDATION_STRINGENCY STRICT --COMPRESSION_LEVEL 2 --MAX_RECORDS_IN_RAM 500000 --CREATE_INDEX true --CREATE_MD5_FILE false --GA4GH_CLIENT_SECRETS client_secrets.json --help false --version false --showHidden false --USE_JDK_DEFLATER false --USE_JDK_INFLATER false
Feb 13, 2022 4:38:17 PM shaded.cloud_nio.com.google.auth.oauth2.ComputeEngineCredentials runningOnComputeEngine
INFO: Failed to detect whether we are running on Google Compute Engine.
[Sun Feb 13 16:38:17 PST 2022] Executing as mharden@a04-04.hpc.usc.edu on Linux 3.10.0-1062.4.1.el7.x86_64 amd64; OpenJDK 64-Bit Server VM 1.8.0_302-b08; Deflater: Intel; Inflater: Intel; Provider GCS is available; Picard version: Version:4.2.2.0
INFO	2022-02-13 16:38:18	MergeVcfs	Processed        10,000 records.  Elapsed time: 00:00:00s.  Time for last 10,000:    0s.  Last read position: LG02:10,982,953
INFO	2022-02-13 16:38:18	MergeVcfs	Processed        20,000 records.  Elapsed time: 00:00:00s.  Time for last 10,000:    0s.  Last read position: LG02:11,230,840
INFO	2022-02-13 16:38:18	MergeVcfs	Processed        30,000 records.  Elapsed time: 00:00:00s.  Time for last 10,000:    0s.  Last read position: LG02:11,411,191
INFO	2022-02-13 16:38:18	MergeVcfs	Processed        40,000 records.  Elapsed time: 00:00:00s.  Time for last 10,000:    0s.  Last read position: LG02:11,652,509
INFO	2022-02-13 16:38:18	MergeVcfs	Processed        50,000 records.  Elapsed time: 00:00:01s.  Time for last 10,000:    0s.  Last read position: LG02:11,857,197
INFO	2022-02-13 16:38:19	MergeVcfs	Processed        60,000 records.  Elapsed time: 00:00:01s.  Time for last 10,000:    0s.  Last read position: LG02:12,023,082
INFO	2022-02-13 16:38:19	MergeVcfs	Processed        70,000 records.  Elapsed time: 00:00:01s.  Time for last 10,000:    0s.  Last read position: LG02:12,257,217
INFO	2022-02-13 16:38:19	MergeVcfs	Processed        80,000 records.  Elapsed time: 00:00:01s.  Time for last 10,000:    0s.  Last read position: LG02:12,479,700
INFO	2022-02-13 16:38:19	MergeVcfs	Processed        90,000 records.  Elapsed time: 00:00:01s.  Time for last 10,000:    0s.  Last read position: LG02:12,704,298
INFO	2022-02-13 16:38:19	MergeVcfs	Processed       100,000 records.  Elapsed time: 00:00:01s.  Time for last 10,000:    0s.  Last read position: LG02:12,876,087
INFO	2022-02-13 16:38:19	MergeVcfs	Processed       110,000 records.  Elapsed time: 00:00:01s.  Time for last 10,000:    0s.  Last read position: LG02:13,031,727
INFO	2022-02-13 16:38:19	MergeVcfs	Processed       120,000 records.  Elapsed time: 00:00:02s.  Time for last 10,000:    0s.  Last read position: LG02:13,200,237
INFO	2022-02-13 16:38:20	MergeVcfs	Processed       130,000 records.  Elapsed time: 00:00:02s.  Time for last 10,000:    0s.  Last read position: LG02:13,379,323
INFO	2022-02-13 16:38:20	MergeVcfs	Processed       140,000 records.  Elapsed time: 00:00:02s.  Time for last 10,000:    0s.  Last read position: LG02:13,589,448
INFO	2022-02-13 16:38:20	MergeVcfs	Processed       150,000 records.  Elapsed time: 00:00:02s.  Time for last 10,000:    0s.  Last read position: LG02:13,819,161
INFO	2022-02-13 16:38:20	MergeVcfs	Processed       160,000 records.  Elapsed time: 00:00:02s.  Time for last 10,000:    0s.  Last read position: LG02:14,039,625
INFO	2022-02-13 16:38:20	MergeVcfs	Processed       170,000 records.  Elapsed time: 00:00:02s.  Time for last 10,000:    0s.  Last read position: LG02:14,292,086
INFO	2022-02-13 16:38:20	MergeVcfs	Processed       180,000 records.  Elapsed time: 00:00:02s.  Time for last 10,000:    0s.  Last read position: LG02:14,424,107
INFO	2022-02-13 16:38:20	MergeVcfs	Processed       190,000 records.  Elapsed time: 00:00:02s.  Time for last 10,000:    0s.  Last read position: LG02:14,569,865
INFO	2022-02-13 16:38:21	MergeVcfs	Processed       200,000 records.  Elapsed time: 00:00:03s.  Time for last 10,000:    0s.  Last read position: LG02:14,718,983
INFO	2022-02-13 16:38:21	MergeVcfs	Processed       210,000 records.  Elapsed time: 00:00:03s.  Time for last 10,000:    0s.  Last read position: LG02:14,849,351
INFO	2022-02-13 16:38:21	MergeVcfs	Processed       220,000 records.  Elapsed time: 00:00:03s.  Time for last 10,000:    0s.  Last read position: LG02:15,034,725
INFO	2022-02-13 16:38:21	MergeVcfs	Processed       230,000 records.  Elapsed time: 00:00:03s.  Time for last 10,000:    0s.  Last read position: LG02:15,129,495
INFO	2022-02-13 16:38:21	MergeVcfs	Processed       240,000 records.  Elapsed time: 00:00:03s.  Time for last 10,000:    0s.  Last read position: LG02:15,267,920
INFO	2022-02-13 16:38:21	MergeVcfs	Processed       250,000 records.  Elapsed time: 00:00:03s.  Time for last 10,000:    0s.  Last read position: LG02:15,347,024
INFO	2022-02-13 16:38:21	MergeVcfs	Processed       260,000 records.  Elapsed time: 00:00:03s.  Time for last 10,000:    0s.  Last read position: LG02:15,423,407
INFO	2022-02-13 16:38:21	MergeVcfs	Processed       270,000 records.  Elapsed time: 00:00:04s.  Time for last 10,000:    0s.  Last read position: LG02:15,566,635
INFO	2022-02-13 16:38:22	MergeVcfs	Processed       280,000 records.  Elapsed time: 00:00:04s.  Time for last 10,000:    0s.  Last read position: LG02:15,653,262
INFO	2022-02-13 16:38:22	MergeVcfs	Processed       290,000 records.  Elapsed time: 00:00:04s.  Time for last 10,000:    0s.  Last read position: LG02:15,755,212
INFO	2022-02-13 16:38:22	MergeVcfs	Processed       300,000 records.  Elapsed time: 00:00:04s.  Time for last 10,000:    0s.  Last read position: LG02:15,881,612
INFO	2022-02-13 16:38:22	MergeVcfs	Processed       310,000 records.  Elapsed time: 00:00:04s.  Time for last 10,000:    0s.  Last read position: LG02:16,042,300
INFO	2022-02-13 16:38:22	MergeVcfs	Processed       320,000 records.  Elapsed time: 00:00:04s.  Time for last 10,000:    0s.  Last read position: LG02:16,226,310
INFO	2022-02-13 16:38:22	MergeVcfs	Processed       330,000 records.  Elapsed time: 00:00:04s.  Time for last 10,000:    0s.  Last read position: LG02:16,439,487
INFO	2022-02-13 16:38:22	MergeVcfs	Processed       340,000 records.  Elapsed time: 00:00:04s.  Time for last 10,000:    0s.  Last read position: LG02:16,600,325
INFO	2022-02-13 16:38:22	MergeVcfs	Processed       350,000 records.  Elapsed time: 00:00:05s.  Time for last 10,000:    0s.  Last read position: LG02:16,758,896
INFO	2022-02-13 16:38:23	MergeVcfs	Processed       360,000 records.  Elapsed time: 00:00:05s.  Time for last 10,000:    0s.  Last read position: LG02:16,931,259
INFO	2022-02-13 16:38:23	MergeVcfs	Processed       370,000 records.  Elapsed time: 00:00:05s.  Time for last 10,000:    0s.  Last read position: LG02:17,058,221
INFO	2022-02-13 16:38:23	MergeVcfs	Processed       380,000 records.  Elapsed time: 00:00:05s.  Time for last 10,000:    0s.  Last read position: LG02:17,161,228
INFO	2022-02-13 16:38:23	MergeVcfs	Processed       390,000 records.  Elapsed time: 00:00:05s.  Time for last 10,000:    0s.  Last read position: LG02:17,341,428
INFO	2022-02-13 16:38:23	MergeVcfs	Processed       400,000 records.  Elapsed time: 00:00:05s.  Time for last 10,000:    0s.  Last read position: LG02:17,569,121
INFO	2022-02-13 16:38:23	MergeVcfs	Processed       410,000 records.  Elapsed time: 00:00:05s.  Time for last 10,000:    0s.  Last read position: LG02:17,734,332
INFO	2022-02-13 16:38:23	MergeVcfs	Processed       420,000 records.  Elapsed time: 00:00:05s.  Time for last 10,000:    0s.  Last read position: LG02:17,934,399
INFO	2022-02-13 16:38:24	MergeVcfs	Processed       430,000 records.  Elapsed time: 00:00:06s.  Time for last 10,000:    0s.  Last read position: LG02:18,163,751
INFO	2022-02-13 16:38:24	MergeVcfs	Processed       440,000 records.  Elapsed time: 00:00:06s.  Time for last 10,000:    0s.  Last read position: LG02:18,424,148
INFO	2022-02-13 16:38:24	MergeVcfs	Processed       450,000 records.  Elapsed time: 00:00:06s.  Time for last 10,000:    0s.  Last read position: LG02:18,587,832
INFO	2022-02-13 16:38:24	MergeVcfs	Processed       460,000 records.  Elapsed time: 00:00:06s.  Time for last 10,000:    0s.  Last read position: LG02:18,826,108
INFO	2022-02-13 16:38:24	MergeVcfs	Processed       470,000 records.  Elapsed time: 00:00:06s.  Time for last 10,000:    0s.  Last read position: LG02:19,065,946
INFO	2022-02-13 16:38:24	MergeVcfs	Processed       480,000 records.  Elapsed time: 00:00:06s.  Time for last 10,000:    0s.  Last read position: LG03:201,388
INFO	2022-02-13 16:38:24	MergeVcfs	Processed       490,000 records.  Elapsed time: 00:00:06s.  Time for last 10,000:    0s.  Last read position: LG03:366,483
INFO	2022-02-13 16:38:24	MergeVcfs	Processed       500,000 records.  Elapsed time: 00:00:07s.  Time for last 10,000:    0s.  Last read position: LG03:680,446
INFO	2022-02-13 16:38:25	MergeVcfs	Processed       510,000 records.  Elapsed time: 00:00:07s.  Time for last 10,000:    0s.  Last read position: LG03:873,747
INFO	2022-02-13 16:38:25	MergeVcfs	Processed       520,000 records.  Elapsed time: 00:00:07s.  Time for last 10,000:    0s.  Last read position: LG03:1,131,814
INFO	2022-02-13 16:38:25	MergeVcfs	Processed       530,000 records.  Elapsed time: 00:00:07s.  Time for last 10,000:    0s.  Last read position: LG03:1,400,132
INFO	2022-02-13 16:38:25	MergeVcfs	Processed       540,000 records.  Elapsed time: 00:00:07s.  Time for last 10,000:    0s.  Last read position: LG03:1,590,716
INFO	2022-02-13 16:38:25	MergeVcfs	Processed       550,000 records.  Elapsed time: 00:00:07s.  Time for last 10,000:    0s.  Last read position: LG03:1,781,990
INFO	2022-02-13 16:38:25	MergeVcfs	Processed       560,000 records.  Elapsed time: 00:00:07s.  Time for last 10,000:    0s.  Last read position: LG03:1,939,487
INFO	2022-02-13 16:38:25	MergeVcfs	Processed       570,000 records.  Elapsed time: 00:00:07s.  Time for last 10,000:    0s.  Last read position: LG03:2,121,572
INFO	2022-02-13 16:38:25	MergeVcfs	Processed       580,000 records.  Elapsed time: 00:00:08s.  Time for last 10,000:    0s.  Last read position: LG03:2,238,479
INFO	2022-02-13 16:38:26	MergeVcfs	Processed       590,000 records.  Elapsed time: 00:00:08s.  Time for last 10,000:    0s.  Last read position: LG03:2,371,423
INFO	2022-02-13 16:38:26	MergeVcfs	Processed       600,000 records.  Elapsed time: 00:00:08s.  Time for last 10,000:    0s.  Last read position: LG03:2,514,747
INFO	2022-02-13 16:38:26	MergeVcfs	Processed       610,000 records.  Elapsed time: 00:00:08s.  Time for last 10,000:    0s.  Last read position: LG03:2,665,284
INFO	2022-02-13 16:38:26	MergeVcfs	Processed       620,000 records.  Elapsed time: 00:00:08s.  Time for last 10,000:    0s.  Last read position: LG03:2,862,895
INFO	2022-02-13 16:38:26	MergeVcfs	Processed       630,000 records.  Elapsed time: 00:00:08s.  Time for last 10,000:    0s.  Last read position: LG03:3,101,848
INFO	2022-02-13 16:38:26	MergeVcfs	Processed       640,000 records.  Elapsed time: 00:00:08s.  Time for last 10,000:    0s.  Last read position: LG03:3,346,265
INFO	2022-02-13 16:38:26	MergeVcfs	Processed       650,000 records.  Elapsed time: 00:00:09s.  Time for last 10,000:    0s.  Last read position: LG03:3,518,037
INFO	2022-02-13 16:38:27	MergeVcfs	Processed       660,000 records.  Elapsed time: 00:00:09s.  Time for last 10,000:    0s.  Last read position: LG03:3,705,050
INFO	2022-02-13 16:38:27	MergeVcfs	Processed       670,000 records.  Elapsed time: 00:00:09s.  Time for last 10,000:    0s.  Last read position: LG03:3,903,416
INFO	2022-02-13 16:38:27	MergeVcfs	Processed       680,000 records.  Elapsed time: 00:00:09s.  Time for last 10,000:    0s.  Last read position: LG03:4,147,524
INFO	2022-02-13 16:38:27	MergeVcfs	Processed       690,000 records.  Elapsed time: 00:00:09s.  Time for last 10,000:    0s.  Last read position: LG03:4,363,591
INFO	2022-02-13 16:38:27	MergeVcfs	Processed       700,000 records.  Elapsed time: 00:00:09s.  Time for last 10,000:    0s.  Last read position: LG03:4,561,668
INFO	2022-02-13 16:38:27	MergeVcfs	Processed       710,000 records.  Elapsed time: 00:00:09s.  Time for last 10,000:    0s.  Last read position: LG03:4,760,305
INFO	2022-02-13 16:38:27	MergeVcfs	Processed       720,000 records.  Elapsed time: 00:00:09s.  Time for last 10,000:    0s.  Last read position: LG03:4,881,093
INFO	2022-02-13 16:38:27	MergeVcfs	Processed       730,000 records.  Elapsed time: 00:00:10s.  Time for last 10,000:    0s.  Last read position: LG03:5,047,271
INFO	2022-02-13 16:38:28	MergeVcfs	Processed       740,000 records.  Elapsed time: 00:00:10s.  Time for last 10,000:    0s.  Last read position: LG03:5,245,229
INFO	2022-02-13 16:38:28	MergeVcfs	Processed       750,000 records.  Elapsed time: 00:00:10s.  Time for last 10,000:    0s.  Last read position: LG03:5,425,090
INFO	2022-02-13 16:38:28	MergeVcfs	Processed       760,000 records.  Elapsed time: 00:00:10s.  Time for last 10,000:    0s.  Last read position: LG03:5,670,006
INFO	2022-02-13 16:38:28	MergeVcfs	Processed       770,000 records.  Elapsed time: 00:00:10s.  Time for last 10,000:    0s.  Last read position: LG03:5,771,274
INFO	2022-02-13 16:38:28	MergeVcfs	Processed       780,000 records.  Elapsed time: 00:00:10s.  Time for last 10,000:    0s.  Last read position: LG03:5,898,559
INFO	2022-02-13 16:38:28	MergeVcfs	Processed       790,000 records.  Elapsed time: 00:00:10s.  Time for last 10,000:    0s.  Last read position: LG03:5,997,843
INFO	2022-02-13 16:38:28	MergeVcfs	Processed       800,000 records.  Elapsed time: 00:00:10s.  Time for last 10,000:    0s.  Last read position: LG03:6,131,702
INFO	2022-02-13 16:38:29	MergeVcfs	Processed       810,000 records.  Elapsed time: 00:00:11s.  Time for last 10,000:    0s.  Last read position: LG03:6,282,552
INFO	2022-02-13 16:38:29	MergeVcfs	Processed       820,000 records.  Elapsed time: 00:00:11s.  Time for last 10,000:    0s.  Last read position: LG03:6,407,698
INFO	2022-02-13 16:38:29	MergeVcfs	Processed       830,000 records.  Elapsed time: 00:00:11s.  Time for last 10,000:    0s.  Last read position: LG03:6,583,739
INFO	2022-02-13 16:38:29	MergeVcfs	Processed       840,000 records.  Elapsed time: 00:00:11s.  Time for last 10,000:    0s.  Last read position: LG03:7,075,614
INFO	2022-02-13 16:38:29	MergeVcfs	Processed       850,000 records.  Elapsed time: 00:00:11s.  Time for last 10,000:    0s.  Last read position: LG03:7,342,921
INFO	2022-02-13 16:38:29	MergeVcfs	Processed       860,000 records.  Elapsed time: 00:00:11s.  Time for last 10,000:    0s.  Last read position: LG03:7,529,668
INFO	2022-02-13 16:38:29	MergeVcfs	Processed       870,000 records.  Elapsed time: 00:00:11s.  Time for last 10,000:    0s.  Last read position: LG03:7,745,680
INFO	2022-02-13 16:38:29	MergeVcfs	Processed       880,000 records.  Elapsed time: 00:00:12s.  Time for last 10,000:    0s.  Last read position: LG03:8,106,279
INFO	2022-02-13 16:38:30	MergeVcfs	Processed       890,000 records.  Elapsed time: 00:00:12s.  Time for last 10,000:    0s.  Last read position: LG03:8,638,718
INFO	2022-02-13 16:38:30	MergeVcfs	Processed       900,000 records.  Elapsed time: 00:00:12s.  Time for last 10,000:    0s.  Last read position: LG03:8,842,450
INFO	2022-02-13 16:38:30	MergeVcfs	Processed       910,000 records.  Elapsed time: 00:00:12s.  Time for last 10,000:    0s.  Last read position: LG03:9,269,617
INFO	2022-02-13 16:38:30	MergeVcfs	Processed       920,000 records.  Elapsed time: 00:00:12s.  Time for last 10,000:    0s.  Last read position: LG03:9,499,228
INFO	2022-02-13 16:38:30	MergeVcfs	Processed       930,000 records.  Elapsed time: 00:00:12s.  Time for last 10,000:    0s.  Last read position: LG03:9,688,656
INFO	2022-02-13 16:38:30	MergeVcfs	Processed       940,000 records.  Elapsed time: 00:00:12s.  Time for last 10,000:    0s.  Last read position: LG03:9,968,822
INFO	2022-02-13 16:38:30	MergeVcfs	Processed       950,000 records.  Elapsed time: 00:00:13s.  Time for last 10,000:    0s.  Last read position: LG03:10,211,053
INFO	2022-02-13 16:38:31	MergeVcfs	Processed       960,000 records.  Elapsed time: 00:00:13s.  Time for last 10,000:    0s.  Last read position: LG03:10,448,674
INFO	2022-02-13 16:38:31	MergeVcfs	Processed       970,000 records.  Elapsed time: 00:00:13s.  Time for last 10,000:    0s.  Last read position: LG03:10,653,941
16:38:31.318 WARN  IntelInflater - Zero Bytes Written : 0
[Sun Feb 13 16:38:31 PST 2022] picard.vcf.MergeVcfs done. Elapsed time: 0.23 minutes.
Runtime.totalMemory()=3614441472
Tool returned:
0
