==========================================
SLURM_JOB_ID = 7264097
SLURM_JOB_NODELIST = b22-28
TMPDIR = /tmp/SLURM_7264097
==========================================
Using GATK jar /home1/mharden/.conda/envs/gatk4/share/gatk4-4.2.2.0-1/gatk-package-4.2.2.0-local.jar
Running:
    java -Dsamjdk.use_async_io_read_samtools=false -Dsamjdk.use_async_io_write_samtools=true -Dsamjdk.use_async_io_write_tribble=false -Dsamjdk.compression_level=2 -jar /home1/mharden/.conda/envs/gatk4/share/gatk4-4.2.2.0-1/gatk-package-4.2.2.0-local.jar SortVcf -I 0023-scattered.interval_list.vcf.gz -O 0023-scattered.interval_list.sorted.vcf.gz
18:42:09.693 INFO  NativeLibraryLoader - Loading libgkl_compression.so from jar:file:/home1/mharden/.conda/envs/gatk4/share/gatk4-4.2.2.0-1/gatk-package-4.2.2.0-local.jar!/com/intel/gkl/native/libgkl_compression.so
[Mon Jan 31 18:42:09 PST 2022] SortVcf --INPUT 0023-scattered.interval_list.vcf.gz --OUTPUT 0023-scattered.interval_list.sorted.vcf.gz --VERBOSITY INFO --QUIET false --VALIDATION_STRINGENCY STRICT --COMPRESSION_LEVEL 2 --MAX_RECORDS_IN_RAM 500000 --CREATE_INDEX true --CREATE_MD5_FILE false --GA4GH_CLIENT_SECRETS client_secrets.json --help false --version false --showHidden false --USE_JDK_DEFLATER false --USE_JDK_INFLATER false
Jan 31, 2022 6:42:09 PM shaded.cloud_nio.com.google.auth.oauth2.ComputeEngineCredentials runningOnComputeEngine
INFO: Failed to detect whether we are running on Google Compute Engine.
[Mon Jan 31 18:42:09 PST 2022] Executing as mharden@b22-28.hpc.usc.edu on Linux 3.10.0-1062.4.1.el7.x86_64 amd64; OpenJDK 64-Bit Server VM 1.8.0_302-b08; Deflater: Intel; Inflater: Intel; Provider GCS is available; Picard version: Version:4.2.2.0
INFO	2022-01-31 18:42:09	SortVcf	Reading entries from input file 1
INFO	2022-01-31 18:42:12	SortVcf	read        25,000 records.  Elapsed time: 00:00:02s.  Time for last 25,000:    2s.  Last read position: LG15:17,841,324
INFO	2022-01-31 18:42:14	SortVcf	read        50,000 records.  Elapsed time: 00:00:04s.  Time for last 25,000:    1s.  Last read position: LG16:66,348
INFO	2022-01-31 18:42:14	SortVcf	read        75,000 records.  Elapsed time: 00:00:04s.  Time for last 25,000:    0s.  Last read position: LG16:590,844
INFO	2022-01-31 18:42:16	SortVcf	read       100,000 records.  Elapsed time: 00:00:06s.  Time for last 25,000:    1s.  Last read position: LG16:1,369,181
INFO	2022-01-31 18:42:16	SortVcf	read       125,000 records.  Elapsed time: 00:00:06s.  Time for last 25,000:    0s.  Last read position: LG16:2,029,372
INFO	2022-01-31 18:42:16	SortVcf	read       150,000 records.  Elapsed time: 00:00:06s.  Time for last 25,000:    0s.  Last read position: LG16:2,619,790
INFO	2022-01-31 18:42:17	SortVcf	read       175,000 records.  Elapsed time: 00:00:07s.  Time for last 25,000:    0s.  Last read position: LG16:3,090,633
INFO	2022-01-31 18:42:23	SortVcf	read       200,000 records.  Elapsed time: 00:00:13s.  Time for last 25,000:    6s.  Last read position: LG16:3,647,481
INFO	2022-01-31 18:42:24	SortVcf	read       225,000 records.  Elapsed time: 00:00:14s.  Time for last 25,000:    0s.  Last read position: LG16:4,066,870
INFO	2022-01-31 18:42:24	SortVcf	read       250,000 records.  Elapsed time: 00:00:14s.  Time for last 25,000:    0s.  Last read position: LG16:4,655,069
INFO	2022-01-31 18:42:24	SortVcf	read       275,000 records.  Elapsed time: 00:00:14s.  Time for last 25,000:    0s.  Last read position: LG16:5,071,148
INFO	2022-01-31 18:42:25	SortVcf	read       300,000 records.  Elapsed time: 00:00:15s.  Time for last 25,000:    0s.  Last read position: LG16:5,351,803
INFO	2022-01-31 18:42:26	SortVcf	read       325,000 records.  Elapsed time: 00:00:16s.  Time for last 25,000:    1s.  Last read position: LG16:5,937,228
INFO	2022-01-31 18:42:27	SortVcf	read       350,000 records.  Elapsed time: 00:00:17s.  Time for last 25,000:    0s.  Last read position: LG16:6,393,126
INFO	2022-01-31 18:42:27	SortVcf	read       375,000 records.  Elapsed time: 00:00:17s.  Time for last 25,000:    0s.  Last read position: LG16:6,944,079
INFO	2022-01-31 18:42:27	SortVcf	read       400,000 records.  Elapsed time: 00:00:17s.  Time for last 25,000:    0s.  Last read position: LG16:7,583,382
INFO	2022-01-31 18:42:40	SortVcf	read       425,000 records.  Elapsed time: 00:00:30s.  Time for last 25,000:   12s.  Last read position: LG16:8,364,147
INFO	2022-01-31 18:42:40	SortVcf	read       450,000 records.  Elapsed time: 00:00:30s.  Time for last 25,000:    0s.  Last read position: LG16:9,019,375
INFO	2022-01-31 18:42:40	SortVcf	read       475,000 records.  Elapsed time: 00:00:30s.  Time for last 25,000:    0s.  Last read position: LG16:9,628,734
INFO	2022-01-31 18:42:41	SortVcf	read       500,000 records.  Elapsed time: 00:00:31s.  Time for last 25,000:    0s.  Last read position: LG16:10,214,329
INFO	2022-01-31 18:42:47	SortVcf	read       525,000 records.  Elapsed time: 00:00:37s.  Time for last 25,000:    6s.  Last read position: LG16:10,758,612
INFO	2022-01-31 18:42:48	SortVcf	read       550,000 records.  Elapsed time: 00:00:38s.  Time for last 25,000:    0s.  Last read position: LG16:11,666,806
INFO	2022-01-31 18:42:48	SortVcf	read       575,000 records.  Elapsed time: 00:00:38s.  Time for last 25,000:    0s.  Last read position: LG16:12,163,893
INFO	2022-01-31 18:42:54	SortVcf	read       600,000 records.  Elapsed time: 00:00:44s.  Time for last 25,000:    5s.  Last read position: LG16:12,879,994
INFO	2022-01-31 18:43:05	SortVcf	read       625,000 records.  Elapsed time: 00:00:55s.  Time for last 25,000:   10s.  Last read position: LG16:13,469,666
INFO	2022-01-31 18:43:05	SortVcf	read       650,000 records.  Elapsed time: 00:00:55s.  Time for last 25,000:    0s.  Last read position: LG16:14,151,350
INFO	2022-01-31 18:43:05	SortVcf	read       675,000 records.  Elapsed time: 00:00:55s.  Time for last 25,000:    0s.  Last read position: LG16:14,776,714
INFO	2022-01-31 18:43:05	SortVcf	read       700,000 records.  Elapsed time: 00:00:56s.  Time for last 25,000:    0s.  Last read position: LG17:180,284
INFO	2022-01-31 18:43:06	SortVcf	read       725,000 records.  Elapsed time: 00:00:56s.  Time for last 25,000:    0s.  Last read position: LG17:667,714
INFO	2022-01-31 18:43:06	SortVcf	read       750,000 records.  Elapsed time: 00:00:56s.  Time for last 25,000:    0s.  Last read position: LG17:1,336,267
INFO	2022-01-31 18:43:06	SortVcf	read       775,000 records.  Elapsed time: 00:00:56s.  Time for last 25,000:    0s.  Last read position: LG17:1,995,355
INFO	2022-01-31 18:43:07	SortVcf	read       800,000 records.  Elapsed time: 00:00:57s.  Time for last 25,000:    0s.  Last read position: LG17:2,644,473
18:43:07.379 WARN  IntelInflater - Zero Bytes Written : 0
INFO	2022-01-31 18:43:12	SortVcf	wrote        25,000 records.  Elapsed time: 00:00:04s.  Time for last 25,000:    0s.  Last read position: LG15:17,841,324
INFO	2022-01-31 18:43:12	SortVcf	wrote        50,000 records.  Elapsed time: 00:00:05s.  Time for last 25,000:    0s.  Last read position: LG16:66,348
INFO	2022-01-31 18:43:12	SortVcf	wrote        75,000 records.  Elapsed time: 00:00:05s.  Time for last 25,000:    0s.  Last read position: LG16:590,844
INFO	2022-01-31 18:43:13	SortVcf	wrote       100,000 records.  Elapsed time: 00:00:06s.  Time for last 25,000:    0s.  Last read position: LG16:1,369,181
INFO	2022-01-31 18:43:13	SortVcf	wrote       125,000 records.  Elapsed time: 00:00:06s.  Time for last 25,000:    0s.  Last read position: LG16:2,029,372
INFO	2022-01-31 18:43:14	SortVcf	wrote       150,000 records.  Elapsed time: 00:00:06s.  Time for last 25,000:    0s.  Last read position: LG16:2,619,790
INFO	2022-01-31 18:43:14	SortVcf	wrote       175,000 records.  Elapsed time: 00:00:07s.  Time for last 25,000:    0s.  Last read position: LG16:3,090,633
INFO	2022-01-31 18:43:14	SortVcf	wrote       200,000 records.  Elapsed time: 00:00:07s.  Time for last 25,000:    0s.  Last read position: LG16:3,647,481
INFO	2022-01-31 18:43:15	SortVcf	wrote       225,000 records.  Elapsed time: 00:00:07s.  Time for last 25,000:    0s.  Last read position: LG16:4,066,870
INFO	2022-01-31 18:43:15	SortVcf	wrote       250,000 records.  Elapsed time: 00:00:08s.  Time for last 25,000:    0s.  Last read position: LG16:4,655,069
INFO	2022-01-31 18:43:16	SortVcf	wrote       275,000 records.  Elapsed time: 00:00:08s.  Time for last 25,000:    0s.  Last read position: LG16:5,071,148
INFO	2022-01-31 18:43:16	SortVcf	wrote       300,000 records.  Elapsed time: 00:00:09s.  Time for last 25,000:    0s.  Last read position: LG16:5,351,803
INFO	2022-01-31 18:43:16	SortVcf	wrote       325,000 records.  Elapsed time: 00:00:09s.  Time for last 25,000:    0s.  Last read position: LG16:5,937,228
INFO	2022-01-31 18:43:21	SortVcf	wrote       350,000 records.  Elapsed time: 00:00:13s.  Time for last 25,000:    4s.  Last read position: LG16:6,393,126
INFO	2022-01-31 18:43:21	SortVcf	wrote       375,000 records.  Elapsed time: 00:00:14s.  Time for last 25,000:    0s.  Last read position: LG16:6,944,079
INFO	2022-01-31 18:43:22	SortVcf	wrote       400,000 records.  Elapsed time: 00:00:14s.  Time for last 25,000:    0s.  Last read position: LG16:7,583,382
INFO	2022-01-31 18:43:22	SortVcf	wrote       425,000 records.  Elapsed time: 00:00:15s.  Time for last 25,000:    0s.  Last read position: LG16:8,364,147
INFO	2022-01-31 18:43:22	SortVcf	wrote       450,000 records.  Elapsed time: 00:00:15s.  Time for last 25,000:    0s.  Last read position: LG16:9,019,375
INFO	2022-01-31 18:43:23	SortVcf	wrote       475,000 records.  Elapsed time: 00:00:16s.  Time for last 25,000:    0s.  Last read position: LG16:9,628,734
INFO	2022-01-31 18:43:24	SortVcf	wrote       500,000 records.  Elapsed time: 00:00:16s.  Time for last 25,000:    0s.  Last read position: LG16:10,214,329
INFO	2022-01-31 18:43:26	SortVcf	wrote       525,000 records.  Elapsed time: 00:00:19s.  Time for last 25,000:    2s.  Last read position: LG16:10,758,612
INFO	2022-01-31 18:43:49	SortVcf	wrote       550,000 records.  Elapsed time: 00:00:42s.  Time for last 25,000:   22s.  Last read position: LG16:11,666,806
INFO	2022-01-31 18:43:50	SortVcf	wrote       575,000 records.  Elapsed time: 00:00:42s.  Time for last 25,000:    0s.  Last read position: LG16:12,163,893
INFO	2022-01-31 18:43:50	SortVcf	wrote       600,000 records.  Elapsed time: 00:00:43s.  Time for last 25,000:    0s.  Last read position: LG16:12,879,994
INFO	2022-01-31 18:43:50	SortVcf	wrote       625,000 records.  Elapsed time: 00:00:43s.  Time for last 25,000:    0s.  Last read position: LG16:13,469,666
INFO	2022-01-31 18:43:51	SortVcf	wrote       650,000 records.  Elapsed time: 00:00:43s.  Time for last 25,000:    0s.  Last read position: LG16:14,151,350
INFO	2022-01-31 18:44:23	SortVcf	wrote       675,000 records.  Elapsed time: 00:01:16s.  Time for last 25,000:   32s.  Last read position: LG16:14,776,714
INFO	2022-01-31 18:44:24	SortVcf	wrote       700,000 records.  Elapsed time: 00:01:16s.  Time for last 25,000:    0s.  Last read position: LG17:180,284
INFO	2022-01-31 18:44:24	SortVcf	wrote       725,000 records.  Elapsed time: 00:01:17s.  Time for last 25,000:    0s.  Last read position: LG17:667,714
INFO	2022-01-31 18:44:24	SortVcf	wrote       750,000 records.  Elapsed time: 00:01:17s.  Time for last 25,000:    0s.  Last read position: LG17:1,336,267
INFO	2022-01-31 18:44:25	SortVcf	wrote       775,000 records.  Elapsed time: 00:01:18s.  Time for last 25,000:    0s.  Last read position: LG17:1,995,355
INFO	2022-01-31 18:44:25	SortVcf	wrote       800,000 records.  Elapsed time: 00:01:18s.  Time for last 25,000:    0s.  Last read position: LG17:2,644,473
[Mon Jan 31 18:44:26 PST 2022] picard.vcf.SortVcf done. Elapsed time: 2.27 minutes.
Runtime.totalMemory()=12076974080
Tool returned:
0
