==========================================
SLURM_JOB_ID = 7264095
SLURM_JOB_NODELIST = b22-28
TMPDIR = /tmp/SLURM_7264095
==========================================
Using GATK jar /home1/mharden/.conda/envs/gatk4/share/gatk4-4.2.2.0-1/gatk-package-4.2.2.0-local.jar
Running:
    java -Dsamjdk.use_async_io_read_samtools=false -Dsamjdk.use_async_io_write_samtools=true -Dsamjdk.use_async_io_write_tribble=false -Dsamjdk.compression_level=2 -jar /home1/mharden/.conda/envs/gatk4/share/gatk4-4.2.2.0-1/gatk-package-4.2.2.0-local.jar SortVcf -I 0022-scattered.interval_list.vcf.gz -O 0022-scattered.interval_list.sorted.vcf.gz
18:40:28.776 INFO  NativeLibraryLoader - Loading libgkl_compression.so from jar:file:/home1/mharden/.conda/envs/gatk4/share/gatk4-4.2.2.0-1/gatk-package-4.2.2.0-local.jar!/com/intel/gkl/native/libgkl_compression.so
[Mon Jan 31 18:40:28 PST 2022] SortVcf --INPUT 0022-scattered.interval_list.vcf.gz --OUTPUT 0022-scattered.interval_list.sorted.vcf.gz --VERBOSITY INFO --QUIET false --VALIDATION_STRINGENCY STRICT --COMPRESSION_LEVEL 2 --MAX_RECORDS_IN_RAM 500000 --CREATE_INDEX true --CREATE_MD5_FILE false --GA4GH_CLIENT_SECRETS client_secrets.json --help false --version false --showHidden false --USE_JDK_DEFLATER false --USE_JDK_INFLATER false
Jan 31, 2022 6:40:28 PM shaded.cloud_nio.com.google.auth.oauth2.ComputeEngineCredentials runningOnComputeEngine
INFO: Failed to detect whether we are running on Google Compute Engine.
[Mon Jan 31 18:40:28 PST 2022] Executing as mharden@b22-28.hpc.usc.edu on Linux 3.10.0-1062.4.1.el7.x86_64 amd64; OpenJDK 64-Bit Server VM 1.8.0_302-b08; Deflater: Intel; Inflater: Intel; Provider GCS is available; Picard version: Version:4.2.2.0
INFO	2022-01-31 18:40:29	SortVcf	Reading entries from input file 1
INFO	2022-01-31 18:40:31	SortVcf	read        25,000 records.  Elapsed time: 00:00:01s.  Time for last 25,000:    1s.  Last read position: LG14:12,301,986
INFO	2022-01-31 18:40:33	SortVcf	read        50,000 records.  Elapsed time: 00:00:03s.  Time for last 25,000:    1s.  Last read position: LG14:12,957,434
INFO	2022-01-31 18:40:33	SortVcf	read        75,000 records.  Elapsed time: 00:00:03s.  Time for last 25,000:    0s.  Last read position: LG15:166,273
INFO	2022-01-31 18:40:36	SortVcf	read       100,000 records.  Elapsed time: 00:00:06s.  Time for last 25,000:    3s.  Last read position: LG15:1,026,757
INFO	2022-01-31 18:40:37	SortVcf	read       125,000 records.  Elapsed time: 00:00:07s.  Time for last 25,000:    0s.  Last read position: LG15:1,562,477
INFO	2022-01-31 18:40:41	SortVcf	read       150,000 records.  Elapsed time: 00:00:11s.  Time for last 25,000:    4s.  Last read position: LG15:2,213,935
INFO	2022-01-31 18:40:42	SortVcf	read       175,000 records.  Elapsed time: 00:00:12s.  Time for last 25,000:    0s.  Last read position: LG15:2,806,464
INFO	2022-01-31 18:40:42	SortVcf	read       200,000 records.  Elapsed time: 00:00:12s.  Time for last 25,000:    0s.  Last read position: LG15:3,465,311
INFO	2022-01-31 18:40:42	SortVcf	read       225,000 records.  Elapsed time: 00:00:13s.  Time for last 25,000:    0s.  Last read position: LG15:4,101,574
INFO	2022-01-31 18:40:43	SortVcf	read       250,000 records.  Elapsed time: 00:00:13s.  Time for last 25,000:    0s.  Last read position: LG15:4,847,333
INFO	2022-01-31 18:40:43	SortVcf	read       275,000 records.  Elapsed time: 00:00:13s.  Time for last 25,000:    0s.  Last read position: LG15:5,551,045
INFO	2022-01-31 18:40:43	SortVcf	read       300,000 records.  Elapsed time: 00:00:14s.  Time for last 25,000:    0s.  Last read position: LG15:6,276,227
INFO	2022-01-31 18:40:45	SortVcf	read       325,000 records.  Elapsed time: 00:00:15s.  Time for last 25,000:    1s.  Last read position: LG15:7,099,696
INFO	2022-01-31 18:40:45	SortVcf	read       350,000 records.  Elapsed time: 00:00:15s.  Time for last 25,000:    0s.  Last read position: LG15:7,905,183
INFO	2022-01-31 18:40:45	SortVcf	read       375,000 records.  Elapsed time: 00:00:16s.  Time for last 25,000:    0s.  Last read position: LG15:8,378,868
INFO	2022-01-31 18:40:46	SortVcf	read       400,000 records.  Elapsed time: 00:00:16s.  Time for last 25,000:    0s.  Last read position: LG15:8,966,061
INFO	2022-01-31 18:40:46	SortVcf	read       425,000 records.  Elapsed time: 00:00:17s.  Time for last 25,000:    0s.  Last read position: LG15:9,737,726
INFO	2022-01-31 18:40:47	SortVcf	read       450,000 records.  Elapsed time: 00:00:17s.  Time for last 25,000:    0s.  Last read position: LG15:10,570,551
INFO	2022-01-31 18:40:47	SortVcf	read       475,000 records.  Elapsed time: 00:00:17s.  Time for last 25,000:    0s.  Last read position: LG15:11,157,381
INFO	2022-01-31 18:40:48	SortVcf	read       500,000 records.  Elapsed time: 00:00:18s.  Time for last 25,000:    1s.  Last read position: LG15:11,723,380
INFO	2022-01-31 18:40:55	SortVcf	read       525,000 records.  Elapsed time: 00:00:25s.  Time for last 25,000:    6s.  Last read position: LG15:12,417,591
INFO	2022-01-31 18:40:55	SortVcf	read       550,000 records.  Elapsed time: 00:00:25s.  Time for last 25,000:    0s.  Last read position: LG15:12,977,489
INFO	2022-01-31 18:40:55	SortVcf	read       575,000 records.  Elapsed time: 00:00:26s.  Time for last 25,000:    0s.  Last read position: LG15:13,429,888
INFO	2022-01-31 18:40:56	SortVcf	read       600,000 records.  Elapsed time: 00:00:26s.  Time for last 25,000:    0s.  Last read position: LG15:13,929,108
INFO	2022-01-31 18:40:56	SortVcf	read       625,000 records.  Elapsed time: 00:00:26s.  Time for last 25,000:    0s.  Last read position: LG15:14,491,815
INFO	2022-01-31 18:40:57	SortVcf	read       650,000 records.  Elapsed time: 00:00:27s.  Time for last 25,000:    0s.  Last read position: LG15:15,081,315
INFO	2022-01-31 18:40:57	SortVcf	read       675,000 records.  Elapsed time: 00:00:27s.  Time for last 25,000:    0s.  Last read position: LG15:15,658,863
INFO	2022-01-31 18:40:57	SortVcf	read       700,000 records.  Elapsed time: 00:00:27s.  Time for last 25,000:    0s.  Last read position: LG15:16,210,131
INFO	2022-01-31 18:40:57	SortVcf	read       725,000 records.  Elapsed time: 00:00:28s.  Time for last 25,000:    0s.  Last read position: LG15:17,005,570
18:40:57.897 WARN  IntelInflater - Zero Bytes Written : 0
INFO	2022-01-31 18:41:20	SortVcf	wrote        25,000 records.  Elapsed time: 00:00:22s.  Time for last 25,000:    5s.  Last read position: LG14:12,301,986
INFO	2022-01-31 18:41:21	SortVcf	wrote        50,000 records.  Elapsed time: 00:00:23s.  Time for last 25,000:    0s.  Last read position: LG14:12,957,434
INFO	2022-01-31 18:41:21	SortVcf	wrote        75,000 records.  Elapsed time: 00:00:23s.  Time for last 25,000:    0s.  Last read position: LG15:166,273
INFO	2022-01-31 18:41:22	SortVcf	wrote       100,000 records.  Elapsed time: 00:00:24s.  Time for last 25,000:    0s.  Last read position: LG15:1,026,757
INFO	2022-01-31 18:41:22	SortVcf	wrote       125,000 records.  Elapsed time: 00:00:24s.  Time for last 25,000:    0s.  Last read position: LG15:1,562,477
INFO	2022-01-31 18:41:22	SortVcf	wrote       150,000 records.  Elapsed time: 00:00:24s.  Time for last 25,000:    0s.  Last read position: LG15:2,213,935
INFO	2022-01-31 18:41:23	SortVcf	wrote       175,000 records.  Elapsed time: 00:00:25s.  Time for last 25,000:    0s.  Last read position: LG15:2,806,464
INFO	2022-01-31 18:41:23	SortVcf	wrote       200,000 records.  Elapsed time: 00:00:25s.  Time for last 25,000:    0s.  Last read position: LG15:3,465,311
INFO	2022-01-31 18:41:23	SortVcf	wrote       225,000 records.  Elapsed time: 00:00:26s.  Time for last 25,000:    0s.  Last read position: LG15:4,101,574
INFO	2022-01-31 18:41:24	SortVcf	wrote       250,000 records.  Elapsed time: 00:00:26s.  Time for last 25,000:    0s.  Last read position: LG15:4,847,333
INFO	2022-01-31 18:41:24	SortVcf	wrote       275,000 records.  Elapsed time: 00:00:26s.  Time for last 25,000:    0s.  Last read position: LG15:5,551,045
INFO	2022-01-31 18:41:25	SortVcf	wrote       300,000 records.  Elapsed time: 00:00:27s.  Time for last 25,000:    0s.  Last read position: LG15:6,276,227
INFO	2022-01-31 18:41:25	SortVcf	wrote       325,000 records.  Elapsed time: 00:00:27s.  Time for last 25,000:    0s.  Last read position: LG15:7,099,696
INFO	2022-01-31 18:41:26	SortVcf	wrote       350,000 records.  Elapsed time: 00:00:28s.  Time for last 25,000:    0s.  Last read position: LG15:7,905,183
INFO	2022-01-31 18:41:26	SortVcf	wrote       375,000 records.  Elapsed time: 00:00:28s.  Time for last 25,000:    0s.  Last read position: LG15:8,378,868
INFO	2022-01-31 18:41:27	SortVcf	wrote       400,000 records.  Elapsed time: 00:00:30s.  Time for last 25,000:    1s.  Last read position: LG15:8,966,061
INFO	2022-01-31 18:41:41	SortVcf	wrote       425,000 records.  Elapsed time: 00:00:43s.  Time for last 25,000:   13s.  Last read position: LG15:9,737,726
INFO	2022-01-31 18:41:41	SortVcf	wrote       450,000 records.  Elapsed time: 00:00:43s.  Time for last 25,000:    0s.  Last read position: LG15:10,570,551
INFO	2022-01-31 18:41:41	SortVcf	wrote       475,000 records.  Elapsed time: 00:00:44s.  Time for last 25,000:    0s.  Last read position: LG15:11,157,381
INFO	2022-01-31 18:41:42	SortVcf	wrote       500,000 records.  Elapsed time: 00:00:44s.  Time for last 25,000:    0s.  Last read position: LG15:11,723,380
INFO	2022-01-31 18:41:42	SortVcf	wrote       525,000 records.  Elapsed time: 00:00:44s.  Time for last 25,000:    0s.  Last read position: LG15:12,417,591
INFO	2022-01-31 18:41:43	SortVcf	wrote       550,000 records.  Elapsed time: 00:00:45s.  Time for last 25,000:    0s.  Last read position: LG15:12,977,489
INFO	2022-01-31 18:41:43	SortVcf	wrote       575,000 records.  Elapsed time: 00:00:45s.  Time for last 25,000:    0s.  Last read position: LG15:13,429,888
INFO	2022-01-31 18:41:43	SortVcf	wrote       600,000 records.  Elapsed time: 00:00:46s.  Time for last 25,000:    0s.  Last read position: LG15:13,929,108
INFO	2022-01-31 18:41:44	SortVcf	wrote       625,000 records.  Elapsed time: 00:00:46s.  Time for last 25,000:    0s.  Last read position: LG15:14,491,815
INFO	2022-01-31 18:41:44	SortVcf	wrote       650,000 records.  Elapsed time: 00:00:46s.  Time for last 25,000:    0s.  Last read position: LG15:15,081,315
INFO	2022-01-31 18:41:45	SortVcf	wrote       675,000 records.  Elapsed time: 00:00:47s.  Time for last 25,000:    0s.  Last read position: LG15:15,658,863
INFO	2022-01-31 18:42:01	SortVcf	wrote       700,000 records.  Elapsed time: 00:01:03s.  Time for last 25,000:   15s.  Last read position: LG15:16,210,131
INFO	2022-01-31 18:42:01	SortVcf	wrote       725,000 records.  Elapsed time: 00:01:03s.  Time for last 25,000:    0s.  Last read position: LG15:17,005,570
[Mon Jan 31 18:42:02 PST 2022] picard.vcf.SortVcf done. Elapsed time: 1.55 minutes.
Runtime.totalMemory()=10236198912
Tool returned:
0
