==========================================
SLURM_JOB_ID = 7439952
SLURM_JOB_NODELIST = a03-19
TMPDIR = /tmp/SLURM_7439952
==========================================
Using GATK jar /home1/mharden/.conda/envs/gatk4/share/gatk4-4.2.2.0-1/gatk-package-4.2.2.0-local.jar
Running:
    java -Dsamjdk.use_async_io_read_samtools=false -Dsamjdk.use_async_io_write_samtools=true -Dsamjdk.use_async_io_write_tribble=false -Dsamjdk.compression_level=2 -jar /home1/mharden/.conda/envs/gatk4/share/gatk4-4.2.2.0-1/gatk-package-4.2.2.0-local.jar MergeVcfs -R Kr2015_Undaria.pinnatifida_superscaffolds.fasta --SEQUENCE_DICTIONARY Kr2015_Undaria.pinnatifida_superscaffolds.dict -I 0015-scattered.interval_list.sorted.vcf.gz -O Undaria_Variants.vcf
16:38:17.881 INFO  NativeLibraryLoader - Loading libgkl_compression.so from jar:file:/home1/mharden/.conda/envs/gatk4/share/gatk4-4.2.2.0-1/gatk-package-4.2.2.0-local.jar!/com/intel/gkl/native/libgkl_compression.so
[Sun Feb 13 16:38:17 PST 2022] MergeVcfs --INPUT 0015-scattered.interval_list.sorted.vcf.gz --OUTPUT Undaria_Variants.vcf --SEQUENCE_DICTIONARY Kr2015_Undaria.pinnatifida_superscaffolds.dict --REFERENCE_SEQUENCE Kr2015_Undaria.pinnatifida_superscaffolds.fasta --VERBOSITY INFO --QUIET false --VALIDATION_STRINGENCY STRICT --COMPRESSION_LEVEL 2 --MAX_RECORDS_IN_RAM 500000 --CREATE_INDEX true --CREATE_MD5_FILE false --GA4GH_CLIENT_SECRETS client_secrets.json --help false --version false --showHidden false --USE_JDK_DEFLATER false --USE_JDK_INFLATER false
Feb 13, 2022 4:38:17 PM shaded.cloud_nio.com.google.auth.oauth2.ComputeEngineCredentials runningOnComputeEngine
INFO: Failed to detect whether we are running on Google Compute Engine.
[Sun Feb 13 16:38:17 PST 2022] Executing as mharden@a03-19.hpc.usc.edu on Linux 3.10.0-1062.4.1.el7.x86_64 amd64; OpenJDK 64-Bit Server VM 1.8.0_302-b08; Deflater: Intel; Inflater: Intel; Provider GCS is available; Picard version: Version:4.2.2.0
INFO	2022-02-13 16:38:18	MergeVcfs	Processed        10,000 records.  Elapsed time: 00:00:00s.  Time for last 10,000:    0s.  Last read position: LG07:2,172,052
INFO	2022-02-13 16:38:18	MergeVcfs	Processed        20,000 records.  Elapsed time: 00:00:00s.  Time for last 10,000:    0s.  Last read position: LG07:2,514,542
INFO	2022-02-13 16:38:18	MergeVcfs	Processed        30,000 records.  Elapsed time: 00:00:00s.  Time for last 10,000:    0s.  Last read position: LG07:2,785,793
INFO	2022-02-13 16:38:18	MergeVcfs	Processed        40,000 records.  Elapsed time: 00:00:00s.  Time for last 10,000:    0s.  Last read position: LG07:2,997,461
INFO	2022-02-13 16:38:18	MergeVcfs	Processed        50,000 records.  Elapsed time: 00:00:00s.  Time for last 10,000:    0s.  Last read position: LG07:3,251,347
INFO	2022-02-13 16:38:19	MergeVcfs	Processed        60,000 records.  Elapsed time: 00:00:01s.  Time for last 10,000:    0s.  Last read position: LG07:3,533,053
INFO	2022-02-13 16:38:19	MergeVcfs	Processed        70,000 records.  Elapsed time: 00:00:01s.  Time for last 10,000:    0s.  Last read position: LG07:3,761,989
INFO	2022-02-13 16:38:19	MergeVcfs	Processed        80,000 records.  Elapsed time: 00:00:01s.  Time for last 10,000:    0s.  Last read position: LG07:4,112,344
INFO	2022-02-13 16:38:19	MergeVcfs	Processed        90,000 records.  Elapsed time: 00:00:01s.  Time for last 10,000:    0s.  Last read position: LG07:4,512,319
INFO	2022-02-13 16:38:19	MergeVcfs	Processed       100,000 records.  Elapsed time: 00:00:01s.  Time for last 10,000:    0s.  Last read position: LG07:4,760,460
INFO	2022-02-13 16:38:19	MergeVcfs	Processed       110,000 records.  Elapsed time: 00:00:01s.  Time for last 10,000:    0s.  Last read position: LG07:5,018,977
INFO	2022-02-13 16:38:19	MergeVcfs	Processed       120,000 records.  Elapsed time: 00:00:01s.  Time for last 10,000:    0s.  Last read position: LG07:5,198,760
INFO	2022-02-13 16:38:20	MergeVcfs	Processed       130,000 records.  Elapsed time: 00:00:02s.  Time for last 10,000:    0s.  Last read position: LG07:5,427,850
INFO	2022-02-13 16:38:20	MergeVcfs	Processed       140,000 records.  Elapsed time: 00:00:02s.  Time for last 10,000:    0s.  Last read position: LG07:5,607,756
INFO	2022-02-13 16:38:20	MergeVcfs	Processed       150,000 records.  Elapsed time: 00:00:02s.  Time for last 10,000:    0s.  Last read position: LG07:5,765,749
INFO	2022-02-13 16:38:20	MergeVcfs	Processed       160,000 records.  Elapsed time: 00:00:02s.  Time for last 10,000:    0s.  Last read position: LG07:6,044,620
INFO	2022-02-13 16:38:20	MergeVcfs	Processed       170,000 records.  Elapsed time: 00:00:02s.  Time for last 10,000:    0s.  Last read position: LG07:6,277,508
INFO	2022-02-13 16:38:20	MergeVcfs	Processed       180,000 records.  Elapsed time: 00:00:02s.  Time for last 10,000:    0s.  Last read position: LG07:6,499,050
INFO	2022-02-13 16:38:20	MergeVcfs	Processed       190,000 records.  Elapsed time: 00:00:02s.  Time for last 10,000:    0s.  Last read position: LG07:6,670,476
INFO	2022-02-13 16:38:20	MergeVcfs	Processed       200,000 records.  Elapsed time: 00:00:02s.  Time for last 10,000:    0s.  Last read position: LG07:6,969,601
INFO	2022-02-13 16:38:21	MergeVcfs	Processed       210,000 records.  Elapsed time: 00:00:03s.  Time for last 10,000:    0s.  Last read position: LG07:7,338,966
INFO	2022-02-13 16:38:21	MergeVcfs	Processed       220,000 records.  Elapsed time: 00:00:03s.  Time for last 10,000:    0s.  Last read position: LG07:7,537,071
INFO	2022-02-13 16:38:21	MergeVcfs	Processed       230,000 records.  Elapsed time: 00:00:03s.  Time for last 10,000:    0s.  Last read position: LG07:7,849,683
INFO	2022-02-13 16:38:21	MergeVcfs	Processed       240,000 records.  Elapsed time: 00:00:03s.  Time for last 10,000:    0s.  Last read position: LG07:8,096,127
INFO	2022-02-13 16:38:21	MergeVcfs	Processed       250,000 records.  Elapsed time: 00:00:03s.  Time for last 10,000:    0s.  Last read position: LG07:8,344,566
INFO	2022-02-13 16:38:21	MergeVcfs	Processed       260,000 records.  Elapsed time: 00:00:03s.  Time for last 10,000:    0s.  Last read position: LG07:8,583,640
INFO	2022-02-13 16:38:21	MergeVcfs	Processed       270,000 records.  Elapsed time: 00:00:03s.  Time for last 10,000:    0s.  Last read position: LG07:8,754,334
INFO	2022-02-13 16:38:22	MergeVcfs	Processed       280,000 records.  Elapsed time: 00:00:04s.  Time for last 10,000:    0s.  Last read position: LG07:8,971,855
INFO	2022-02-13 16:38:22	MergeVcfs	Processed       290,000 records.  Elapsed time: 00:00:04s.  Time for last 10,000:    0s.  Last read position: LG07:9,225,721
INFO	2022-02-13 16:38:22	MergeVcfs	Processed       300,000 records.  Elapsed time: 00:00:04s.  Time for last 10,000:    0s.  Last read position: LG07:9,453,102
INFO	2022-02-13 16:38:22	MergeVcfs	Processed       310,000 records.  Elapsed time: 00:00:04s.  Time for last 10,000:    0s.  Last read position: LG07:9,613,717
INFO	2022-02-13 16:38:22	MergeVcfs	Processed       320,000 records.  Elapsed time: 00:00:04s.  Time for last 10,000:    0s.  Last read position: LG07:9,823,424
INFO	2022-02-13 16:38:22	MergeVcfs	Processed       330,000 records.  Elapsed time: 00:00:04s.  Time for last 10,000:    0s.  Last read position: LG07:10,036,945
INFO	2022-02-13 16:38:22	MergeVcfs	Processed       340,000 records.  Elapsed time: 00:00:04s.  Time for last 10,000:    0s.  Last read position: LG07:10,290,772
INFO	2022-02-13 16:38:22	MergeVcfs	Processed       350,000 records.  Elapsed time: 00:00:04s.  Time for last 10,000:    0s.  Last read position: LG07:10,482,532
INFO	2022-02-13 16:38:23	MergeVcfs	Processed       360,000 records.  Elapsed time: 00:00:05s.  Time for last 10,000:    0s.  Last read position: LG07:10,620,269
INFO	2022-02-13 16:38:23	MergeVcfs	Processed       370,000 records.  Elapsed time: 00:00:05s.  Time for last 10,000:    0s.  Last read position: LG07:10,875,660
INFO	2022-02-13 16:38:23	MergeVcfs	Processed       380,000 records.  Elapsed time: 00:00:05s.  Time for last 10,000:    0s.  Last read position: LG07:11,087,420
INFO	2022-02-13 16:38:23	MergeVcfs	Processed       390,000 records.  Elapsed time: 00:00:05s.  Time for last 10,000:    0s.  Last read position: LG07:11,229,154
INFO	2022-02-13 16:38:23	MergeVcfs	Processed       400,000 records.  Elapsed time: 00:00:05s.  Time for last 10,000:    0s.  Last read position: LG07:11,375,290
INFO	2022-02-13 16:38:23	MergeVcfs	Processed       410,000 records.  Elapsed time: 00:00:05s.  Time for last 10,000:    0s.  Last read position: LG07:11,596,875
INFO	2022-02-13 16:38:23	MergeVcfs	Processed       420,000 records.  Elapsed time: 00:00:05s.  Time for last 10,000:    0s.  Last read position: LG07:11,864,019
INFO	2022-02-13 16:38:24	MergeVcfs	Processed       430,000 records.  Elapsed time: 00:00:06s.  Time for last 10,000:    0s.  Last read position: LG07:12,041,790
INFO	2022-02-13 16:38:24	MergeVcfs	Processed       440,000 records.  Elapsed time: 00:00:06s.  Time for last 10,000:    0s.  Last read position: LG08:98,099
INFO	2022-02-13 16:38:24	MergeVcfs	Processed       450,000 records.  Elapsed time: 00:00:06s.  Time for last 10,000:    0s.  Last read position: LG08:311,638
INFO	2022-02-13 16:38:24	MergeVcfs	Processed       460,000 records.  Elapsed time: 00:00:06s.  Time for last 10,000:    0s.  Last read position: LG08:482,577
INFO	2022-02-13 16:38:24	MergeVcfs	Processed       470,000 records.  Elapsed time: 00:00:06s.  Time for last 10,000:    0s.  Last read position: LG08:692,595
INFO	2022-02-13 16:38:24	MergeVcfs	Processed       480,000 records.  Elapsed time: 00:00:06s.  Time for last 10,000:    0s.  Last read position: LG08:921,046
INFO	2022-02-13 16:38:24	MergeVcfs	Processed       490,000 records.  Elapsed time: 00:00:06s.  Time for last 10,000:    0s.  Last read position: LG08:1,197,730
INFO	2022-02-13 16:38:24	MergeVcfs	Processed       500,000 records.  Elapsed time: 00:00:06s.  Time for last 10,000:    0s.  Last read position: LG08:1,475,223
INFO	2022-02-13 16:38:25	MergeVcfs	Processed       510,000 records.  Elapsed time: 00:00:07s.  Time for last 10,000:    0s.  Last read position: LG08:1,665,837
INFO	2022-02-13 16:38:25	MergeVcfs	Processed       520,000 records.  Elapsed time: 00:00:07s.  Time for last 10,000:    0s.  Last read position: LG08:1,857,947
INFO	2022-02-13 16:38:25	MergeVcfs	Processed       530,000 records.  Elapsed time: 00:00:07s.  Time for last 10,000:    0s.  Last read position: LG08:2,014,748
INFO	2022-02-13 16:38:25	MergeVcfs	Processed       540,000 records.  Elapsed time: 00:00:07s.  Time for last 10,000:    0s.  Last read position: LG08:2,220,148
INFO	2022-02-13 16:38:25	MergeVcfs	Processed       550,000 records.  Elapsed time: 00:00:07s.  Time for last 10,000:    0s.  Last read position: LG08:2,581,720
INFO	2022-02-13 16:38:25	MergeVcfs	Processed       560,000 records.  Elapsed time: 00:00:07s.  Time for last 10,000:    0s.  Last read position: LG08:2,827,300
INFO	2022-02-13 16:38:25	MergeVcfs	Processed       570,000 records.  Elapsed time: 00:00:07s.  Time for last 10,000:    0s.  Last read position: LG08:3,160,206
INFO	2022-02-13 16:38:26	MergeVcfs	Processed       580,000 records.  Elapsed time: 00:00:08s.  Time for last 10,000:    0s.  Last read position: LG08:3,301,755
INFO	2022-02-13 16:38:26	MergeVcfs	Processed       590,000 records.  Elapsed time: 00:00:08s.  Time for last 10,000:    0s.  Last read position: LG08:3,458,202
INFO	2022-02-13 16:38:26	MergeVcfs	Processed       600,000 records.  Elapsed time: 00:00:08s.  Time for last 10,000:    0s.  Last read position: LG08:3,573,632
INFO	2022-02-13 16:38:26	MergeVcfs	Processed       610,000 records.  Elapsed time: 00:00:08s.  Time for last 10,000:    0s.  Last read position: LG08:3,713,478
INFO	2022-02-13 16:38:26	MergeVcfs	Processed       620,000 records.  Elapsed time: 00:00:08s.  Time for last 10,000:    0s.  Last read position: LG08:3,827,007
INFO	2022-02-13 16:38:26	MergeVcfs	Processed       630,000 records.  Elapsed time: 00:00:08s.  Time for last 10,000:    0s.  Last read position: LG08:3,977,870
INFO	2022-02-13 16:38:26	MergeVcfs	Processed       640,000 records.  Elapsed time: 00:00:08s.  Time for last 10,000:    0s.  Last read position: LG08:4,177,953
INFO	2022-02-13 16:38:26	MergeVcfs	Processed       650,000 records.  Elapsed time: 00:00:08s.  Time for last 10,000:    0s.  Last read position: LG08:4,370,362
INFO	2022-02-13 16:38:27	MergeVcfs	Processed       660,000 records.  Elapsed time: 00:00:09s.  Time for last 10,000:    0s.  Last read position: LG08:4,514,741
INFO	2022-02-13 16:38:27	MergeVcfs	Processed       670,000 records.  Elapsed time: 00:00:09s.  Time for last 10,000:    0s.  Last read position: LG08:4,665,870
INFO	2022-02-13 16:38:27	MergeVcfs	Processed       680,000 records.  Elapsed time: 00:00:09s.  Time for last 10,000:    0s.  Last read position: LG08:4,940,972
INFO	2022-02-13 16:38:27	MergeVcfs	Processed       690,000 records.  Elapsed time: 00:00:09s.  Time for last 10,000:    0s.  Last read position: LG08:5,117,363
INFO	2022-02-13 16:38:27	MergeVcfs	Processed       700,000 records.  Elapsed time: 00:00:09s.  Time for last 10,000:    0s.  Last read position: LG08:5,272,326
INFO	2022-02-13 16:38:27	MergeVcfs	Processed       710,000 records.  Elapsed time: 00:00:09s.  Time for last 10,000:    0s.  Last read position: LG08:5,413,813
INFO	2022-02-13 16:38:27	MergeVcfs	Processed       720,000 records.  Elapsed time: 00:00:09s.  Time for last 10,000:    0s.  Last read position: LG08:5,576,681
INFO	2022-02-13 16:38:27	MergeVcfs	Processed       730,000 records.  Elapsed time: 00:00:09s.  Time for last 10,000:    0s.  Last read position: LG08:5,681,875
INFO	2022-02-13 16:38:28	MergeVcfs	Processed       740,000 records.  Elapsed time: 00:00:10s.  Time for last 10,000:    0s.  Last read position: LG08:5,862,586
INFO	2022-02-13 16:38:28	MergeVcfs	Processed       750,000 records.  Elapsed time: 00:00:10s.  Time for last 10,000:    0s.  Last read position: LG08:6,048,684
INFO	2022-02-13 16:38:28	MergeVcfs	Processed       760,000 records.  Elapsed time: 00:00:10s.  Time for last 10,000:    0s.  Last read position: LG08:6,162,446
INFO	2022-02-13 16:38:28	MergeVcfs	Processed       770,000 records.  Elapsed time: 00:00:10s.  Time for last 10,000:    0s.  Last read position: LG08:6,347,559
INFO	2022-02-13 16:38:28	MergeVcfs	Processed       780,000 records.  Elapsed time: 00:00:10s.  Time for last 10,000:    0s.  Last read position: LG08:6,535,320
INFO	2022-02-13 16:38:28	MergeVcfs	Processed       790,000 records.  Elapsed time: 00:00:10s.  Time for last 10,000:    0s.  Last read position: LG08:6,859,325
INFO	2022-02-13 16:38:28	MergeVcfs	Processed       800,000 records.  Elapsed time: 00:00:10s.  Time for last 10,000:    0s.  Last read position: LG08:7,068,391
INFO	2022-02-13 16:38:28	MergeVcfs	Processed       810,000 records.  Elapsed time: 00:00:11s.  Time for last 10,000:    0s.  Last read position: LG08:7,242,543
INFO	2022-02-13 16:38:29	MergeVcfs	Processed       820,000 records.  Elapsed time: 00:00:11s.  Time for last 10,000:    0s.  Last read position: LG08:7,421,159
INFO	2022-02-13 16:38:29	MergeVcfs	Processed       830,000 records.  Elapsed time: 00:00:11s.  Time for last 10,000:    0s.  Last read position: LG08:7,570,796
INFO	2022-02-13 16:38:29	MergeVcfs	Processed       840,000 records.  Elapsed time: 00:00:11s.  Time for last 10,000:    0s.  Last read position: LG08:7,773,583
INFO	2022-02-13 16:38:29	MergeVcfs	Processed       850,000 records.  Elapsed time: 00:00:11s.  Time for last 10,000:    0s.  Last read position: LG08:7,948,661
INFO	2022-02-13 16:38:29	MergeVcfs	Processed       860,000 records.  Elapsed time: 00:00:11s.  Time for last 10,000:    0s.  Last read position: LG08:8,153,783
INFO	2022-02-13 16:38:29	MergeVcfs	Processed       870,000 records.  Elapsed time: 00:00:11s.  Time for last 10,000:    0s.  Last read position: LG08:8,324,571
INFO	2022-02-13 16:38:29	MergeVcfs	Processed       880,000 records.  Elapsed time: 00:00:11s.  Time for last 10,000:    0s.  Last read position: LG08:8,507,636
INFO	2022-02-13 16:38:30	MergeVcfs	Processed       890,000 records.  Elapsed time: 00:00:12s.  Time for last 10,000:    0s.  Last read position: LG08:8,701,884
INFO	2022-02-13 16:38:30	MergeVcfs	Processed       900,000 records.  Elapsed time: 00:00:12s.  Time for last 10,000:    0s.  Last read position: LG08:8,877,780
16:38:30.269 WARN  IntelInflater - Zero Bytes Written : 0
[Sun Feb 13 16:38:30 PST 2022] picard.vcf.MergeVcfs done. Elapsed time: 0.21 minutes.
Runtime.totalMemory()=3287810048
Tool returned:
0
