==========================================
SLURM_JOB_ID = 7264103
SLURM_JOB_NODELIST = a01-03
TMPDIR = /tmp/SLURM_7264103
==========================================
Using GATK jar /home1/mharden/.conda/envs/gatk4/share/gatk4-4.2.2.0-1/gatk-package-4.2.2.0-local.jar
Running:
    java -Dsamjdk.use_async_io_read_samtools=false -Dsamjdk.use_async_io_write_samtools=true -Dsamjdk.use_async_io_write_tribble=false -Dsamjdk.compression_level=2 -jar /home1/mharden/.conda/envs/gatk4/share/gatk4-4.2.2.0-1/gatk-package-4.2.2.0-local.jar SortVcf -I 0029-scattered.interval_list.vcf.gz -O 0029-scattered.interval_list.sorted.vcf.gz
18:46:32.975 INFO  NativeLibraryLoader - Loading libgkl_compression.so from jar:file:/home1/mharden/.conda/envs/gatk4/share/gatk4-4.2.2.0-1/gatk-package-4.2.2.0-local.jar!/com/intel/gkl/native/libgkl_compression.so
[Mon Jan 31 18:46:32 PST 2022] SortVcf --INPUT 0029-scattered.interval_list.vcf.gz --OUTPUT 0029-scattered.interval_list.sorted.vcf.gz --VERBOSITY INFO --QUIET false --VALIDATION_STRINGENCY STRICT --COMPRESSION_LEVEL 2 --MAX_RECORDS_IN_RAM 500000 --CREATE_INDEX true --CREATE_MD5_FILE false --GA4GH_CLIENT_SECRETS client_secrets.json --help false --version false --showHidden false --USE_JDK_DEFLATER false --USE_JDK_INFLATER false
Jan 31, 2022 6:46:33 PM shaded.cloud_nio.com.google.auth.oauth2.ComputeEngineCredentials runningOnComputeEngine
INFO: Failed to detect whether we are running on Google Compute Engine.
[Mon Jan 31 18:46:33 PST 2022] Executing as mharden@a01-03.hpc.usc.edu on Linux 3.10.0-1062.4.1.el7.x86_64 amd64; OpenJDK 64-Bit Server VM 1.8.0_302-b08; Deflater: Intel; Inflater: Intel; Provider GCS is available; Picard version: Version:4.2.2.0
INFO	2022-01-31 18:46:33	SortVcf	Reading entries from input file 1
INFO	2022-01-31 18:46:39	SortVcf	read        25,000 records.  Elapsed time: 00:00:06s.  Time for last 25,000:    6s.  Last read position: LG24:4,208,689
INFO	2022-01-31 18:46:40	SortVcf	read        50,000 records.  Elapsed time: 00:00:07s.  Time for last 25,000:    1s.  Last read position: LG24:4,797,953
INFO	2022-01-31 18:46:41	SortVcf	read        75,000 records.  Elapsed time: 00:00:07s.  Time for last 25,000:    0s.  Last read position: LG24:5,366,621
INFO	2022-01-31 18:46:41	SortVcf	read       100,000 records.  Elapsed time: 00:00:08s.  Time for last 25,000:    0s.  Last read position: LG24:6,404,395
INFO	2022-01-31 18:46:41	SortVcf	read       125,000 records.  Elapsed time: 00:00:08s.  Time for last 25,000:    0s.  Last read position: LG24:7,131,858
INFO	2022-01-31 18:46:42	SortVcf	read       150,000 records.  Elapsed time: 00:00:08s.  Time for last 25,000:    0s.  Last read position: LG24:7,757,286
INFO	2022-01-31 18:46:42	SortVcf	read       175,000 records.  Elapsed time: 00:00:09s.  Time for last 25,000:    0s.  Last read position: LG24:8,822,978
INFO	2022-01-31 18:46:42	SortVcf	read       200,000 records.  Elapsed time: 00:00:09s.  Time for last 25,000:    0s.  Last read position: LG24:9,464,980
INFO	2022-01-31 18:46:43	SortVcf	read       225,000 records.  Elapsed time: 00:00:09s.  Time for last 25,000:    0s.  Last read position: LG24:10,533,139
INFO	2022-01-31 18:46:43	SortVcf	read       250,000 records.  Elapsed time: 00:00:10s.  Time for last 25,000:    0s.  Last read position: LG24:11,323,818
INFO	2022-01-31 18:46:43	SortVcf	read       275,000 records.  Elapsed time: 00:00:10s.  Time for last 25,000:    0s.  Last read position: LG24:11,853,495
INFO	2022-01-31 18:46:45	SortVcf	read       300,000 records.  Elapsed time: 00:00:11s.  Time for last 25,000:    1s.  Last read position: LG24:12,482,219
INFO	2022-01-31 18:46:45	SortVcf	read       325,000 records.  Elapsed time: 00:00:12s.  Time for last 25,000:    0s.  Last read position: LG24:13,038,239
INFO	2022-01-31 18:46:46	SortVcf	read       350,000 records.  Elapsed time: 00:00:12s.  Time for last 25,000:    0s.  Last read position: LG24:13,637,813
INFO	2022-01-31 18:46:46	SortVcf	read       375,000 records.  Elapsed time: 00:00:12s.  Time for last 25,000:    0s.  Last read position: LG25:585,180
INFO	2022-01-31 18:46:46	SortVcf	read       400,000 records.  Elapsed time: 00:00:13s.  Time for last 25,000:    0s.  Last read position: LG25:1,255,023
INFO	2022-01-31 18:46:46	SortVcf	read       425,000 records.  Elapsed time: 00:00:13s.  Time for last 25,000:    0s.  Last read position: LG25:1,719,806
INFO	2022-01-31 18:46:48	SortVcf	read       450,000 records.  Elapsed time: 00:00:15s.  Time for last 25,000:    1s.  Last read position: LG25:2,255,563
INFO	2022-01-31 18:46:48	SortVcf	read       475,000 records.  Elapsed time: 00:00:15s.  Time for last 25,000:    0s.  Last read position: LG25:2,878,075
INFO	2022-01-31 18:46:48	SortVcf	read       500,000 records.  Elapsed time: 00:00:15s.  Time for last 25,000:    0s.  Last read position: LG25:3,381,902
INFO	2022-01-31 18:46:53	SortVcf	read       525,000 records.  Elapsed time: 00:00:20s.  Time for last 25,000:    4s.  Last read position: LG25:4,025,200
INFO	2022-01-31 18:47:04	SortVcf	read       550,000 records.  Elapsed time: 00:00:31s.  Time for last 25,000:   10s.  Last read position: LG25:4,722,145
INFO	2022-01-31 18:47:04	SortVcf	read       575,000 records.  Elapsed time: 00:00:31s.  Time for last 25,000:    0s.  Last read position: LG25:5,231,036
INFO	2022-01-31 18:47:04	SortVcf	read       600,000 records.  Elapsed time: 00:00:31s.  Time for last 25,000:    0s.  Last read position: LG25:5,904,540
INFO	2022-01-31 18:47:05	SortVcf	read       625,000 records.  Elapsed time: 00:00:31s.  Time for last 25,000:    0s.  Last read position: LG25:6,502,296
INFO	2022-01-31 18:47:05	SortVcf	read       650,000 records.  Elapsed time: 00:00:32s.  Time for last 25,000:    0s.  Last read position: LG25:7,174,339
INFO	2022-01-31 18:47:05	SortVcf	read       675,000 records.  Elapsed time: 00:00:32s.  Time for last 25,000:    0s.  Last read position: LG25:7,775,981
INFO	2022-01-31 18:47:05	SortVcf	read       700,000 records.  Elapsed time: 00:00:32s.  Time for last 25,000:    0s.  Last read position: LG25:8,393,346
18:47:06.032 WARN  IntelInflater - Zero Bytes Written : 0
INFO	2022-01-31 18:47:10	SortVcf	wrote        25,000 records.  Elapsed time: 00:00:04s.  Time for last 25,000:    0s.  Last read position: LG24:4,208,689
INFO	2022-01-31 18:47:10	SortVcf	wrote        50,000 records.  Elapsed time: 00:00:04s.  Time for last 25,000:    0s.  Last read position: LG24:4,797,953
INFO	2022-01-31 18:47:10	SortVcf	wrote        75,000 records.  Elapsed time: 00:00:04s.  Time for last 25,000:    0s.  Last read position: LG24:5,366,621
INFO	2022-01-31 18:47:10	SortVcf	wrote       100,000 records.  Elapsed time: 00:00:04s.  Time for last 25,000:    0s.  Last read position: LG24:6,404,395
INFO	2022-01-31 18:47:11	SortVcf	wrote       125,000 records.  Elapsed time: 00:00:05s.  Time for last 25,000:    0s.  Last read position: LG24:7,131,858
INFO	2022-01-31 18:47:11	SortVcf	wrote       150,000 records.  Elapsed time: 00:00:05s.  Time for last 25,000:    0s.  Last read position: LG24:7,757,286
INFO	2022-01-31 18:47:11	SortVcf	wrote       175,000 records.  Elapsed time: 00:00:05s.  Time for last 25,000:    0s.  Last read position: LG24:8,822,978
INFO	2022-01-31 18:47:12	SortVcf	wrote       200,000 records.  Elapsed time: 00:00:06s.  Time for last 25,000:    0s.  Last read position: LG24:9,464,980
INFO	2022-01-31 18:47:12	SortVcf	wrote       225,000 records.  Elapsed time: 00:00:06s.  Time for last 25,000:    0s.  Last read position: LG24:10,533,139
INFO	2022-01-31 18:47:12	SortVcf	wrote       250,000 records.  Elapsed time: 00:00:06s.  Time for last 25,000:    0s.  Last read position: LG24:11,323,818
INFO	2022-01-31 18:47:13	SortVcf	wrote       275,000 records.  Elapsed time: 00:00:07s.  Time for last 25,000:    0s.  Last read position: LG24:11,853,495
INFO	2022-01-31 18:47:13	SortVcf	wrote       300,000 records.  Elapsed time: 00:00:07s.  Time for last 25,000:    0s.  Last read position: LG24:12,482,219
INFO	2022-01-31 18:47:13	SortVcf	wrote       325,000 records.  Elapsed time: 00:00:07s.  Time for last 25,000:    0s.  Last read position: LG24:13,038,239
INFO	2022-01-31 18:47:13	SortVcf	wrote       350,000 records.  Elapsed time: 00:00:07s.  Time for last 25,000:    0s.  Last read position: LG24:13,637,813
INFO	2022-01-31 18:47:14	SortVcf	wrote       375,000 records.  Elapsed time: 00:00:08s.  Time for last 25,000:    0s.  Last read position: LG25:585,180
INFO	2022-01-31 18:47:14	SortVcf	wrote       400,000 records.  Elapsed time: 00:00:08s.  Time for last 25,000:    0s.  Last read position: LG25:1,255,023
INFO	2022-01-31 18:47:14	SortVcf	wrote       425,000 records.  Elapsed time: 00:00:08s.  Time for last 25,000:    0s.  Last read position: LG25:1,719,806
INFO	2022-01-31 18:47:15	SortVcf	wrote       450,000 records.  Elapsed time: 00:00:09s.  Time for last 25,000:    0s.  Last read position: LG25:2,255,563
INFO	2022-01-31 18:47:15	SortVcf	wrote       475,000 records.  Elapsed time: 00:00:09s.  Time for last 25,000:    0s.  Last read position: LG25:2,878,075
INFO	2022-01-31 18:47:15	SortVcf	wrote       500,000 records.  Elapsed time: 00:00:09s.  Time for last 25,000:    0s.  Last read position: LG25:3,381,902
INFO	2022-01-31 18:47:15	SortVcf	wrote       525,000 records.  Elapsed time: 00:00:09s.  Time for last 25,000:    0s.  Last read position: LG25:4,025,200
INFO	2022-01-31 18:47:16	SortVcf	wrote       550,000 records.  Elapsed time: 00:00:10s.  Time for last 25,000:    0s.  Last read position: LG25:4,722,145
INFO	2022-01-31 18:47:16	SortVcf	wrote       575,000 records.  Elapsed time: 00:00:10s.  Time for last 25,000:    0s.  Last read position: LG25:5,231,036
INFO	2022-01-31 18:47:16	SortVcf	wrote       600,000 records.  Elapsed time: 00:00:10s.  Time for last 25,000:    0s.  Last read position: LG25:5,904,540
INFO	2022-01-31 18:47:17	SortVcf	wrote       625,000 records.  Elapsed time: 00:00:11s.  Time for last 25,000:    0s.  Last read position: LG25:6,502,296
INFO	2022-01-31 18:47:17	SortVcf	wrote       650,000 records.  Elapsed time: 00:00:11s.  Time for last 25,000:    0s.  Last read position: LG25:7,174,339
INFO	2022-01-31 18:47:17	SortVcf	wrote       675,000 records.  Elapsed time: 00:00:11s.  Time for last 25,000:    0s.  Last read position: LG25:7,775,981
INFO	2022-01-31 18:47:17	SortVcf	wrote       700,000 records.  Elapsed time: 00:00:11s.  Time for last 25,000:    0s.  Last read position: LG25:8,393,346
[Mon Jan 31 18:47:25 PST 2022] picard.vcf.SortVcf done. Elapsed time: 0.88 minutes.
Runtime.totalMemory()=10000793600
Tool returned:
0
