==========================================
SLURM_JOB_ID = 7165957
SLURM_JOB_NODELIST = b22-26
TMPDIR = /tmp/SLURM_7165957
==========================================
Using GATK jar /home1/mharden/.conda/envs/gatk4/share/gatk4-4.2.2.0-1/gatk-package-4.2.2.0-local.jar
Running:
    java -Dsamjdk.use_async_io_read_samtools=false -Dsamjdk.use_async_io_write_samtools=true -Dsamjdk.use_async_io_write_tribble=false -Dsamjdk.compression_level=2 -jar /home1/mharden/.conda/envs/gatk4/share/gatk4-4.2.2.0-1/gatk-package-4.2.2.0-local.jar GenomicsDBImport -L .interval_list -V GVCF.list --sequence-dictionary Kr2015_Undaria.pinnatifida_superscaffolds.dict --reference Kr2015_Undaria.pinnatifida_superscaffolds.fasta.fai --genomicsdb-workspace-path _data
13:52:23.728 INFO  NativeLibraryLoader - Loading libgkl_compression.so from jar:file:/home1/mharden/.conda/envs/gatk4/share/gatk4-4.2.2.0-1/gatk-package-4.2.2.0-local.jar!/com/intel/gkl/native/libgkl_compression.so
Jan 19, 2022 1:52:23 PM shaded.cloud_nio.com.google.auth.oauth2.ComputeEngineCredentials runningOnComputeEngine
INFO: Failed to detect whether we are running on Google Compute Engine.
13:52:23.831 INFO  GenomicsDBImport - ------------------------------------------------------------
13:52:23.831 INFO  GenomicsDBImport - The Genome Analysis Toolkit (GATK) v4.2.2.0
13:52:23.831 INFO  GenomicsDBImport - For support and documentation go to https://software.broadinstitute.org/gatk/
13:52:23.831 INFO  GenomicsDBImport - Executing as mharden@b22-26.hpc.usc.edu on Linux v3.10.0-1062.4.1.el7.x86_64 amd64
13:52:23.832 INFO  GenomicsDBImport - Java runtime: OpenJDK 64-Bit Server VM v1.8.0_302-b08
13:52:23.832 INFO  GenomicsDBImport - Start Date/Time: January 19, 2022 1:52:23 PM PST
13:52:23.832 INFO  GenomicsDBImport - ------------------------------------------------------------
13:52:23.832 INFO  GenomicsDBImport - ------------------------------------------------------------
13:52:23.832 INFO  GenomicsDBImport - HTSJDK Version: 2.24.1
13:52:23.832 INFO  GenomicsDBImport - Picard Version: 2.25.4
13:52:23.832 INFO  GenomicsDBImport - Built for Spark Version: 2.4.5
13:52:23.832 INFO  GenomicsDBImport - HTSJDK Defaults.COMPRESSION_LEVEL : 2
13:52:23.832 INFO  GenomicsDBImport - HTSJDK Defaults.USE_ASYNC_IO_READ_FOR_SAMTOOLS : false
13:52:23.832 INFO  GenomicsDBImport - HTSJDK Defaults.USE_ASYNC_IO_WRITE_FOR_SAMTOOLS : true
13:52:23.832 INFO  GenomicsDBImport - HTSJDK Defaults.USE_ASYNC_IO_WRITE_FOR_TRIBBLE : false
13:52:23.832 INFO  GenomicsDBImport - Deflater: IntelDeflater
13:52:23.832 INFO  GenomicsDBImport - Inflater: IntelInflater
13:52:23.833 INFO  GenomicsDBImport - GCS max retries/reopens: 20
13:52:23.833 INFO  GenomicsDBImport - Requester pays: disabled
13:52:23.833 INFO  GenomicsDBImport - Initializing engine
13:52:25.253 INFO  GenomicsDBImport - Shutting down engine
[January 19, 2022 1:52:25 PM PST] org.broadinstitute.hellbender.tools.genomicsdb.GenomicsDBImport done. Elapsed time: 0.03 minutes.
Runtime.totalMemory()=2492465152
***********************************************************************

A USER ERROR has occurred: Badly formed genome unclippedLoc: Query interval ".interval_list" is not valid for this input.

***********************************************************************
Set the system property GATK_STACKTRACE_ON_USER_EXCEPTION (--java-options '-DGATK_STACKTRACE_ON_USER_EXCEPTION=true') to print the stack trace.
