==========================================
SLURM_JOB_ID = 7264077
SLURM_JOB_NODELIST = a01-03
TMPDIR = /tmp/SLURM_7264077
==========================================
Using GATK jar /home1/mharden/.conda/envs/gatk4/share/gatk4-4.2.2.0-1/gatk-package-4.2.2.0-local.jar
Running:
    java -Dsamjdk.use_async_io_read_samtools=false -Dsamjdk.use_async_io_write_samtools=true -Dsamjdk.use_async_io_write_tribble=false -Dsamjdk.compression_level=2 -jar /home1/mharden/.conda/envs/gatk4/share/gatk4-4.2.2.0-1/gatk-package-4.2.2.0-local.jar SortVcf -I 0012-scattered.interval_list.vcf.gz -O 0012-scattered.interval_list.sorted.vcf.gz
18:31:58.338 INFO  NativeLibraryLoader - Loading libgkl_compression.so from jar:file:/home1/mharden/.conda/envs/gatk4/share/gatk4-4.2.2.0-1/gatk-package-4.2.2.0-local.jar!/com/intel/gkl/native/libgkl_compression.so
[Mon Jan 31 18:31:58 PST 2022] SortVcf --INPUT 0012-scattered.interval_list.vcf.gz --OUTPUT 0012-scattered.interval_list.sorted.vcf.gz --VERBOSITY INFO --QUIET false --VALIDATION_STRINGENCY STRICT --COMPRESSION_LEVEL 2 --MAX_RECORDS_IN_RAM 500000 --CREATE_INDEX true --CREATE_MD5_FILE false --GA4GH_CLIENT_SECRETS client_secrets.json --help false --version false --showHidden false --USE_JDK_DEFLATER false --USE_JDK_INFLATER false
Jan 31, 2022 6:31:58 PM shaded.cloud_nio.com.google.auth.oauth2.ComputeEngineCredentials runningOnComputeEngine
INFO: Failed to detect whether we are running on Google Compute Engine.
[Mon Jan 31 18:31:58 PST 2022] Executing as mharden@a01-03.hpc.usc.edu on Linux 3.10.0-1062.4.1.el7.x86_64 amd64; OpenJDK 64-Bit Server VM 1.8.0_302-b08; Deflater: Intel; Inflater: Intel; Provider GCS is available; Picard version: Version:4.2.2.0
INFO	2022-01-31 18:31:58	SortVcf	Reading entries from input file 1
INFO	2022-01-31 18:31:59	SortVcf	read        25,000 records.  Elapsed time: 00:00:00s.  Time for last 25,000:    0s.  Last read position: LG03:11,678,941
INFO	2022-01-31 18:32:00	SortVcf	read        50,000 records.  Elapsed time: 00:00:01s.  Time for last 25,000:    0s.  Last read position: LG03:12,035,459
INFO	2022-01-31 18:32:00	SortVcf	read        75,000 records.  Elapsed time: 00:00:01s.  Time for last 25,000:    0s.  Last read position: LG03:12,486,729
INFO	2022-01-31 18:32:02	SortVcf	read       100,000 records.  Elapsed time: 00:00:03s.  Time for last 25,000:    2s.  Last read position: LG03:12,901,200
INFO	2022-01-31 18:32:02	SortVcf	read       125,000 records.  Elapsed time: 00:00:03s.  Time for last 25,000:    0s.  Last read position: LG03:13,358,839
INFO	2022-01-31 18:32:03	SortVcf	read       150,000 records.  Elapsed time: 00:00:04s.  Time for last 25,000:    0s.  Last read position: LG03:13,938,064
INFO	2022-01-31 18:32:04	SortVcf	read       175,000 records.  Elapsed time: 00:00:05s.  Time for last 25,000:    1s.  Last read position: LG03:14,403,689
INFO	2022-01-31 18:32:04	SortVcf	read       200,000 records.  Elapsed time: 00:00:05s.  Time for last 25,000:    0s.  Last read position: LG03:14,868,535
INFO	2022-01-31 18:32:04	SortVcf	read       225,000 records.  Elapsed time: 00:00:06s.  Time for last 25,000:    0s.  Last read position: LG03:15,299,570
INFO	2022-01-31 18:32:05	SortVcf	read       250,000 records.  Elapsed time: 00:00:06s.  Time for last 25,000:    0s.  Last read position: LG03:15,714,019
INFO	2022-01-31 18:32:05	SortVcf	read       275,000 records.  Elapsed time: 00:00:06s.  Time for last 25,000:    0s.  Last read position: LG03:16,364,502
INFO	2022-01-31 18:32:06	SortVcf	read       300,000 records.  Elapsed time: 00:00:07s.  Time for last 25,000:    1s.  Last read position: LG04:256,268
INFO	2022-01-31 18:32:06	SortVcf	read       325,000 records.  Elapsed time: 00:00:08s.  Time for last 25,000:    0s.  Last read position: LG04:894,700
INFO	2022-01-31 18:32:07	SortVcf	read       350,000 records.  Elapsed time: 00:00:08s.  Time for last 25,000:    0s.  Last read position: LG04:1,620,109
INFO	2022-01-31 18:32:07	SortVcf	read       375,000 records.  Elapsed time: 00:00:08s.  Time for last 25,000:    0s.  Last read position: LG04:2,346,466
INFO	2022-01-31 18:32:08	SortVcf	read       400,000 records.  Elapsed time: 00:00:10s.  Time for last 25,000:    1s.  Last read position: LG04:3,100,128
INFO	2022-01-31 18:32:11	SortVcf	read       425,000 records.  Elapsed time: 00:00:12s.  Time for last 25,000:    2s.  Last read position: LG04:3,742,788
INFO	2022-01-31 18:32:11	SortVcf	read       450,000 records.  Elapsed time: 00:00:12s.  Time for last 25,000:    0s.  Last read position: LG04:4,354,796
INFO	2022-01-31 18:32:12	SortVcf	read       475,000 records.  Elapsed time: 00:00:13s.  Time for last 25,000:    0s.  Last read position: LG04:4,993,541
INFO	2022-01-31 18:32:12	SortVcf	read       500,000 records.  Elapsed time: 00:00:13s.  Time for last 25,000:    0s.  Last read position: LG04:5,638,198
INFO	2022-01-31 18:32:17	SortVcf	read       525,000 records.  Elapsed time: 00:00:18s.  Time for last 25,000:    5s.  Last read position: LG04:6,431,646
INFO	2022-01-31 18:32:17	SortVcf	read       550,000 records.  Elapsed time: 00:00:18s.  Time for last 25,000:    0s.  Last read position: LG04:6,950,189
INFO	2022-01-31 18:32:17	SortVcf	read       575,000 records.  Elapsed time: 00:00:18s.  Time for last 25,000:    0s.  Last read position: LG04:7,510,172
INFO	2022-01-31 18:32:17	SortVcf	read       600,000 records.  Elapsed time: 00:00:19s.  Time for last 25,000:    0s.  Last read position: LG04:8,039,552
INFO	2022-01-31 18:32:18	SortVcf	read       625,000 records.  Elapsed time: 00:00:19s.  Time for last 25,000:    0s.  Last read position: LG04:8,565,831
INFO	2022-01-31 18:32:18	SortVcf	read       650,000 records.  Elapsed time: 00:00:19s.  Time for last 25,000:    0s.  Last read position: LG04:9,227,972
INFO	2022-01-31 18:32:18	SortVcf	read       675,000 records.  Elapsed time: 00:00:19s.  Time for last 25,000:    0s.  Last read position: LG04:9,966,799
INFO	2022-01-31 18:32:19	SortVcf	read       700,000 records.  Elapsed time: 00:00:20s.  Time for last 25,000:    0s.  Last read position: LG04:10,537,535
INFO	2022-01-31 18:32:54	SortVcf	read       725,000 records.  Elapsed time: 00:00:55s.  Time for last 25,000:   35s.  Last read position: LG04:11,024,348
INFO	2022-01-31 18:32:57	SortVcf	read       750,000 records.  Elapsed time: 00:00:58s.  Time for last 25,000:    3s.  Last read position: LG04:11,767,260
INFO	2022-01-31 18:32:57	SortVcf	read       775,000 records.  Elapsed time: 00:00:59s.  Time for last 25,000:    0s.  Last read position: LG04:12,243,324
INFO	2022-01-31 18:32:58	SortVcf	read       800,000 records.  Elapsed time: 00:00:59s.  Time for last 25,000:    0s.  Last read position: LG04:12,745,498
INFO	2022-01-31 18:32:58	SortVcf	read       825,000 records.  Elapsed time: 00:00:59s.  Time for last 25,000:    0s.  Last read position: LG04:13,336,846
18:32:58.360 WARN  IntelInflater - Zero Bytes Written : 0
INFO	2022-01-31 18:33:02	SortVcf	wrote        25,000 records.  Elapsed time: 00:00:03s.  Time for last 25,000:    0s.  Last read position: LG03:11,678,941
INFO	2022-01-31 18:33:02	SortVcf	wrote        50,000 records.  Elapsed time: 00:00:04s.  Time for last 25,000:    0s.  Last read position: LG03:12,035,459
INFO	2022-01-31 18:33:02	SortVcf	wrote        75,000 records.  Elapsed time: 00:00:04s.  Time for last 25,000:    0s.  Last read position: LG03:12,486,729
INFO	2022-01-31 18:33:03	SortVcf	wrote       100,000 records.  Elapsed time: 00:00:04s.  Time for last 25,000:    0s.  Last read position: LG03:12,901,200
INFO	2022-01-31 18:33:03	SortVcf	wrote       125,000 records.  Elapsed time: 00:00:05s.  Time for last 25,000:    0s.  Last read position: LG03:13,358,839
INFO	2022-01-31 18:33:04	SortVcf	wrote       150,000 records.  Elapsed time: 00:00:05s.  Time for last 25,000:    0s.  Last read position: LG03:13,938,064
INFO	2022-01-31 18:33:04	SortVcf	wrote       175,000 records.  Elapsed time: 00:00:05s.  Time for last 25,000:    0s.  Last read position: LG03:14,403,689
INFO	2022-01-31 18:33:04	SortVcf	wrote       200,000 records.  Elapsed time: 00:00:06s.  Time for last 25,000:    0s.  Last read position: LG03:14,868,535
INFO	2022-01-31 18:33:05	SortVcf	wrote       225,000 records.  Elapsed time: 00:00:06s.  Time for last 25,000:    0s.  Last read position: LG03:15,299,570
INFO	2022-01-31 18:33:05	SortVcf	wrote       250,000 records.  Elapsed time: 00:00:07s.  Time for last 25,000:    0s.  Last read position: LG03:15,714,019
INFO	2022-01-31 18:33:05	SortVcf	wrote       275,000 records.  Elapsed time: 00:00:07s.  Time for last 25,000:    0s.  Last read position: LG03:16,364,502
INFO	2022-01-31 18:33:06	SortVcf	wrote       300,000 records.  Elapsed time: 00:00:07s.  Time for last 25,000:    0s.  Last read position: LG04:256,268
INFO	2022-01-31 18:33:06	SortVcf	wrote       325,000 records.  Elapsed time: 00:00:08s.  Time for last 25,000:    0s.  Last read position: LG04:894,700
INFO	2022-01-31 18:33:06	SortVcf	wrote       350,000 records.  Elapsed time: 00:00:08s.  Time for last 25,000:    0s.  Last read position: LG04:1,620,109
INFO	2022-01-31 18:33:07	SortVcf	wrote       375,000 records.  Elapsed time: 00:00:09s.  Time for last 25,000:    0s.  Last read position: LG04:2,346,466
INFO	2022-01-31 18:33:08	SortVcf	wrote       400,000 records.  Elapsed time: 00:00:10s.  Time for last 25,000:    1s.  Last read position: LG04:3,100,128
INFO	2022-01-31 18:33:38	SortVcf	wrote       425,000 records.  Elapsed time: 00:00:39s.  Time for last 25,000:   29s.  Last read position: LG04:3,742,788
INFO	2022-01-31 18:33:38	SortVcf	wrote       450,000 records.  Elapsed time: 00:00:39s.  Time for last 25,000:    0s.  Last read position: LG04:4,354,796
INFO	2022-01-31 18:33:38	SortVcf	wrote       475,000 records.  Elapsed time: 00:00:40s.  Time for last 25,000:    0s.  Last read position: LG04:4,993,541
INFO	2022-01-31 18:33:38	SortVcf	wrote       500,000 records.  Elapsed time: 00:00:40s.  Time for last 25,000:    0s.  Last read position: LG04:5,638,198
INFO	2022-01-31 18:33:39	SortVcf	wrote       525,000 records.  Elapsed time: 00:00:40s.  Time for last 25,000:    0s.  Last read position: LG04:6,431,646
INFO	2022-01-31 18:33:39	SortVcf	wrote       550,000 records.  Elapsed time: 00:00:41s.  Time for last 25,000:    0s.  Last read position: LG04:6,950,189
INFO	2022-01-31 18:33:39	SortVcf	wrote       575,000 records.  Elapsed time: 00:00:41s.  Time for last 25,000:    0s.  Last read position: LG04:7,510,172
INFO	2022-01-31 18:33:40	SortVcf	wrote       600,000 records.  Elapsed time: 00:00:41s.  Time for last 25,000:    0s.  Last read position: LG04:8,039,552
INFO	2022-01-31 18:33:40	SortVcf	wrote       625,000 records.  Elapsed time: 00:00:42s.  Time for last 25,000:    0s.  Last read position: LG04:8,565,831
INFO	2022-01-31 18:33:40	SortVcf	wrote       650,000 records.  Elapsed time: 00:00:42s.  Time for last 25,000:    0s.  Last read position: LG04:9,227,972
INFO	2022-01-31 18:33:40	SortVcf	wrote       675,000 records.  Elapsed time: 00:00:42s.  Time for last 25,000:    0s.  Last read position: LG04:9,966,799
INFO	2022-01-31 18:33:41	SortVcf	wrote       700,000 records.  Elapsed time: 00:00:42s.  Time for last 25,000:    0s.  Last read position: LG04:10,537,535
INFO	2022-01-31 18:33:41	SortVcf	wrote       725,000 records.  Elapsed time: 00:00:43s.  Time for last 25,000:    0s.  Last read position: LG04:11,024,348
INFO	2022-01-31 18:33:41	SortVcf	wrote       750,000 records.  Elapsed time: 00:00:43s.  Time for last 25,000:    0s.  Last read position: LG04:11,767,260
INFO	2022-01-31 18:33:42	SortVcf	wrote       775,000 records.  Elapsed time: 00:00:43s.  Time for last 25,000:    0s.  Last read position: LG04:12,243,324
INFO	2022-01-31 18:33:42	SortVcf	wrote       800,000 records.  Elapsed time: 00:00:44s.  Time for last 25,000:    0s.  Last read position: LG04:12,745,498
INFO	2022-01-31 18:33:42	SortVcf	wrote       825,000 records.  Elapsed time: 00:00:44s.  Time for last 25,000:    0s.  Last read position: LG04:13,336,846
[Mon Jan 31 18:33:43 PST 2022] picard.vcf.SortVcf done. Elapsed time: 1.75 minutes.
Runtime.totalMemory()=11947474944
Tool returned:
0
