==========================================
SLURM_JOB_ID = 7439961
SLURM_JOB_NODELIST = b22-13
TMPDIR = /tmp/SLURM_7439961
==========================================
Using GATK jar /home1/mharden/.conda/envs/gatk4/share/gatk4-4.2.2.0-1/gatk-package-4.2.2.0-local.jar
Running:
    java -Dsamjdk.use_async_io_read_samtools=false -Dsamjdk.use_async_io_write_samtools=true -Dsamjdk.use_async_io_write_tribble=false -Dsamjdk.compression_level=2 -jar /home1/mharden/.conda/envs/gatk4/share/gatk4-4.2.2.0-1/gatk-package-4.2.2.0-local.jar MergeVcfs -R Kr2015_Undaria.pinnatifida_superscaffolds.fasta --SEQUENCE_DICTIONARY Kr2015_Undaria.pinnatifida_superscaffolds.dict -I 0024-scattered.interval_list.sorted.vcf.gz -O Undaria_Variants.vcf
16:38:30.050 INFO  NativeLibraryLoader - Loading libgkl_compression.so from jar:file:/home1/mharden/.conda/envs/gatk4/share/gatk4-4.2.2.0-1/gatk-package-4.2.2.0-local.jar!/com/intel/gkl/native/libgkl_compression.so
[Sun Feb 13 16:38:30 PST 2022] MergeVcfs --INPUT 0024-scattered.interval_list.sorted.vcf.gz --OUTPUT Undaria_Variants.vcf --SEQUENCE_DICTIONARY Kr2015_Undaria.pinnatifida_superscaffolds.dict --REFERENCE_SEQUENCE Kr2015_Undaria.pinnatifida_superscaffolds.fasta --VERBOSITY INFO --QUIET false --VALIDATION_STRINGENCY STRICT --COMPRESSION_LEVEL 2 --MAX_RECORDS_IN_RAM 500000 --CREATE_INDEX true --CREATE_MD5_FILE false --GA4GH_CLIENT_SECRETS client_secrets.json --help false --version false --showHidden false --USE_JDK_DEFLATER false --USE_JDK_INFLATER false
Feb 13, 2022 4:38:30 PM shaded.cloud_nio.com.google.auth.oauth2.ComputeEngineCredentials runningOnComputeEngine
INFO: Failed to detect whether we are running on Google Compute Engine.
[Sun Feb 13 16:38:30 PST 2022] Executing as mharden@b22-13.hpc.usc.edu on Linux 3.10.0-1062.4.1.el7.x86_64 amd64; OpenJDK 64-Bit Server VM 1.8.0_302-b08; Deflater: Intel; Inflater: Intel; Provider GCS is available; Picard version: Version:4.2.2.0
INFO	2022-02-13 16:38:30	MergeVcfs	Processed        10,000 records.  Elapsed time: 00:00:00s.  Time for last 10,000:    0s.  Last read position: LG17:3,154,076
INFO	2022-02-13 16:38:30	MergeVcfs	Processed        20,000 records.  Elapsed time: 00:00:00s.  Time for last 10,000:    0s.  Last read position: LG17:3,340,773
INFO	2022-02-13 16:38:31	MergeVcfs	Processed        30,000 records.  Elapsed time: 00:00:00s.  Time for last 10,000:    0s.  Last read position: LG17:3,508,881
INFO	2022-02-13 16:38:31	MergeVcfs	Processed        40,000 records.  Elapsed time: 00:00:01s.  Time for last 10,000:    0s.  Last read position: LG17:3,679,966
INFO	2022-02-13 16:38:31	MergeVcfs	Processed        50,000 records.  Elapsed time: 00:00:01s.  Time for last 10,000:    0s.  Last read position: LG17:3,849,950
INFO	2022-02-13 16:38:31	MergeVcfs	Processed        60,000 records.  Elapsed time: 00:00:01s.  Time for last 10,000:    0s.  Last read position: LG17:4,006,852
INFO	2022-02-13 16:38:31	MergeVcfs	Processed        70,000 records.  Elapsed time: 00:00:01s.  Time for last 10,000:    0s.  Last read position: LG17:4,214,122
INFO	2022-02-13 16:38:31	MergeVcfs	Processed        80,000 records.  Elapsed time: 00:00:01s.  Time for last 10,000:    0s.  Last read position: LG17:4,610,467
INFO	2022-02-13 16:38:32	MergeVcfs	Processed        90,000 records.  Elapsed time: 00:00:01s.  Time for last 10,000:    0s.  Last read position: LG17:4,885,553
INFO	2022-02-13 16:38:32	MergeVcfs	Processed       100,000 records.  Elapsed time: 00:00:02s.  Time for last 10,000:    0s.  Last read position: LG17:5,213,438
INFO	2022-02-13 16:38:32	MergeVcfs	Processed       110,000 records.  Elapsed time: 00:00:02s.  Time for last 10,000:    0s.  Last read position: LG17:5,361,911
INFO	2022-02-13 16:38:32	MergeVcfs	Processed       120,000 records.  Elapsed time: 00:00:02s.  Time for last 10,000:    0s.  Last read position: LG17:5,524,151
INFO	2022-02-13 16:38:32	MergeVcfs	Processed       130,000 records.  Elapsed time: 00:00:02s.  Time for last 10,000:    0s.  Last read position: LG17:5,781,292
INFO	2022-02-13 16:38:32	MergeVcfs	Processed       140,000 records.  Elapsed time: 00:00:02s.  Time for last 10,000:    0s.  Last read position: LG17:6,089,630
INFO	2022-02-13 16:38:33	MergeVcfs	Processed       150,000 records.  Elapsed time: 00:00:02s.  Time for last 10,000:    0s.  Last read position: LG17:6,330,675
INFO	2022-02-13 16:38:33	MergeVcfs	Processed       160,000 records.  Elapsed time: 00:00:03s.  Time for last 10,000:    0s.  Last read position: LG17:6,648,662
INFO	2022-02-13 16:38:33	MergeVcfs	Processed       170,000 records.  Elapsed time: 00:00:03s.  Time for last 10,000:    0s.  Last read position: LG17:6,943,868
INFO	2022-02-13 16:38:33	MergeVcfs	Processed       180,000 records.  Elapsed time: 00:00:03s.  Time for last 10,000:    0s.  Last read position: LG17:7,207,619
INFO	2022-02-13 16:38:33	MergeVcfs	Processed       190,000 records.  Elapsed time: 00:00:03s.  Time for last 10,000:    0s.  Last read position: LG17:7,429,506
INFO	2022-02-13 16:38:33	MergeVcfs	Processed       200,000 records.  Elapsed time: 00:00:03s.  Time for last 10,000:    0s.  Last read position: LG17:7,615,987
INFO	2022-02-13 16:38:34	MergeVcfs	Processed       210,000 records.  Elapsed time: 00:00:03s.  Time for last 10,000:    0s.  Last read position: LG17:7,881,799
INFO	2022-02-13 16:38:34	MergeVcfs	Processed       220,000 records.  Elapsed time: 00:00:04s.  Time for last 10,000:    0s.  Last read position: LG17:8,214,926
INFO	2022-02-13 16:38:34	MergeVcfs	Processed       230,000 records.  Elapsed time: 00:00:04s.  Time for last 10,000:    0s.  Last read position: LG17:8,467,978
INFO	2022-02-13 16:38:34	MergeVcfs	Processed       240,000 records.  Elapsed time: 00:00:04s.  Time for last 10,000:    0s.  Last read position: LG17:8,672,983
INFO	2022-02-13 16:38:34	MergeVcfs	Processed       250,000 records.  Elapsed time: 00:00:04s.  Time for last 10,000:    0s.  Last read position: LG17:8,881,998
INFO	2022-02-13 16:38:34	MergeVcfs	Processed       260,000 records.  Elapsed time: 00:00:04s.  Time for last 10,000:    0s.  Last read position: LG17:9,119,084
INFO	2022-02-13 16:38:35	MergeVcfs	Processed       270,000 records.  Elapsed time: 00:00:04s.  Time for last 10,000:    0s.  Last read position: LG17:9,304,648
INFO	2022-02-13 16:38:35	MergeVcfs	Processed       280,000 records.  Elapsed time: 00:00:05s.  Time for last 10,000:    0s.  Last read position: LG17:9,567,062
INFO	2022-02-13 16:38:35	MergeVcfs	Processed       290,000 records.  Elapsed time: 00:00:05s.  Time for last 10,000:    0s.  Last read position: LG17:9,862,130
INFO	2022-02-13 16:38:35	MergeVcfs	Processed       300,000 records.  Elapsed time: 00:00:05s.  Time for last 10,000:    0s.  Last read position: LG17:10,178,325
INFO	2022-02-13 16:38:35	MergeVcfs	Processed       310,000 records.  Elapsed time: 00:00:05s.  Time for last 10,000:    0s.  Last read position: LG17:10,436,654
INFO	2022-02-13 16:38:35	MergeVcfs	Processed       320,000 records.  Elapsed time: 00:00:05s.  Time for last 10,000:    0s.  Last read position: LG17:10,872,838
INFO	2022-02-13 16:38:36	MergeVcfs	Processed       330,000 records.  Elapsed time: 00:00:05s.  Time for last 10,000:    0s.  Last read position: LG17:11,170,618
INFO	2022-02-13 16:38:36	MergeVcfs	Processed       340,000 records.  Elapsed time: 00:00:06s.  Time for last 10,000:    0s.  Last read position: LG17:11,421,785
INFO	2022-02-13 16:38:36	MergeVcfs	Processed       350,000 records.  Elapsed time: 00:00:06s.  Time for last 10,000:    0s.  Last read position: LG17:11,689,682
INFO	2022-02-13 16:38:36	MergeVcfs	Processed       360,000 records.  Elapsed time: 00:00:06s.  Time for last 10,000:    0s.  Last read position: LG17:11,799,981
INFO	2022-02-13 16:38:36	MergeVcfs	Processed       370,000 records.  Elapsed time: 00:00:06s.  Time for last 10,000:    0s.  Last read position: LG17:11,896,279
INFO	2022-02-13 16:38:36	MergeVcfs	Processed       380,000 records.  Elapsed time: 00:00:06s.  Time for last 10,000:    0s.  Last read position: LG17:12,096,072
INFO	2022-02-13 16:38:37	MergeVcfs	Processed       390,000 records.  Elapsed time: 00:00:06s.  Time for last 10,000:    0s.  Last read position: LG18:78,697
INFO	2022-02-13 16:38:37	MergeVcfs	Processed       400,000 records.  Elapsed time: 00:00:07s.  Time for last 10,000:    0s.  Last read position: LG18:264,798
INFO	2022-02-13 16:38:37	MergeVcfs	Processed       410,000 records.  Elapsed time: 00:00:07s.  Time for last 10,000:    0s.  Last read position: LG18:472,113
INFO	2022-02-13 16:38:37	MergeVcfs	Processed       420,000 records.  Elapsed time: 00:00:07s.  Time for last 10,000:    0s.  Last read position: LG18:691,142
INFO	2022-02-13 16:38:37	MergeVcfs	Processed       430,000 records.  Elapsed time: 00:00:07s.  Time for last 10,000:    0s.  Last read position: LG18:841,763
INFO	2022-02-13 16:38:37	MergeVcfs	Processed       440,000 records.  Elapsed time: 00:00:07s.  Time for last 10,000:    0s.  Last read position: LG18:1,122,595
INFO	2022-02-13 16:38:38	MergeVcfs	Processed       450,000 records.  Elapsed time: 00:00:07s.  Time for last 10,000:    0s.  Last read position: LG18:1,298,198
INFO	2022-02-13 16:38:38	MergeVcfs	Processed       460,000 records.  Elapsed time: 00:00:08s.  Time for last 10,000:    0s.  Last read position: LG18:1,484,397
INFO	2022-02-13 16:38:38	MergeVcfs	Processed       470,000 records.  Elapsed time: 00:00:08s.  Time for last 10,000:    0s.  Last read position: LG18:1,801,127
INFO	2022-02-13 16:38:38	MergeVcfs	Processed       480,000 records.  Elapsed time: 00:00:08s.  Time for last 10,000:    0s.  Last read position: LG18:1,965,396
INFO	2022-02-13 16:38:38	MergeVcfs	Processed       490,000 records.  Elapsed time: 00:00:08s.  Time for last 10,000:    0s.  Last read position: LG18:2,255,655
INFO	2022-02-13 16:38:38	MergeVcfs	Processed       500,000 records.  Elapsed time: 00:00:08s.  Time for last 10,000:    0s.  Last read position: LG18:2,413,774
INFO	2022-02-13 16:38:39	MergeVcfs	Processed       510,000 records.  Elapsed time: 00:00:08s.  Time for last 10,000:    0s.  Last read position: LG18:2,625,121
INFO	2022-02-13 16:38:39	MergeVcfs	Processed       520,000 records.  Elapsed time: 00:00:09s.  Time for last 10,000:    0s.  Last read position: LG18:2,768,879
INFO	2022-02-13 16:38:39	MergeVcfs	Processed       530,000 records.  Elapsed time: 00:00:09s.  Time for last 10,000:    0s.  Last read position: LG18:2,907,405
INFO	2022-02-13 16:38:39	MergeVcfs	Processed       540,000 records.  Elapsed time: 00:00:09s.  Time for last 10,000:    0s.  Last read position: LG18:3,145,573
INFO	2022-02-13 16:38:39	MergeVcfs	Processed       550,000 records.  Elapsed time: 00:00:09s.  Time for last 10,000:    0s.  Last read position: LG18:3,318,508
INFO	2022-02-13 16:38:39	MergeVcfs	Processed       560,000 records.  Elapsed time: 00:00:09s.  Time for last 10,000:    0s.  Last read position: LG18:3,507,413
INFO	2022-02-13 16:38:40	MergeVcfs	Processed       570,000 records.  Elapsed time: 00:00:09s.  Time for last 10,000:    0s.  Last read position: LG18:3,745,940
INFO	2022-02-13 16:38:40	MergeVcfs	Processed       580,000 records.  Elapsed time: 00:00:10s.  Time for last 10,000:    0s.  Last read position: LG18:3,979,296
INFO	2022-02-13 16:38:40	MergeVcfs	Processed       590,000 records.  Elapsed time: 00:00:10s.  Time for last 10,000:    0s.  Last read position: LG18:4,133,954
INFO	2022-02-13 16:38:40	MergeVcfs	Processed       600,000 records.  Elapsed time: 00:00:10s.  Time for last 10,000:    0s.  Last read position: LG18:4,259,301
INFO	2022-02-13 16:38:40	MergeVcfs	Processed       610,000 records.  Elapsed time: 00:00:10s.  Time for last 10,000:    0s.  Last read position: LG18:4,466,725
INFO	2022-02-13 16:38:40	MergeVcfs	Processed       620,000 records.  Elapsed time: 00:00:10s.  Time for last 10,000:    0s.  Last read position: LG18:4,595,640
INFO	2022-02-13 16:38:41	MergeVcfs	Processed       630,000 records.  Elapsed time: 00:00:10s.  Time for last 10,000:    0s.  Last read position: LG18:4,803,518
INFO	2022-02-13 16:38:41	MergeVcfs	Processed       640,000 records.  Elapsed time: 00:00:11s.  Time for last 10,000:    0s.  Last read position: LG18:4,962,594
INFO	2022-02-13 16:38:41	MergeVcfs	Processed       650,000 records.  Elapsed time: 00:00:11s.  Time for last 10,000:    0s.  Last read position: LG18:5,118,649
INFO	2022-02-13 16:38:41	MergeVcfs	Processed       660,000 records.  Elapsed time: 00:00:11s.  Time for last 10,000:    0s.  Last read position: LG18:5,238,572
INFO	2022-02-13 16:38:41	MergeVcfs	Processed       670,000 records.  Elapsed time: 00:00:11s.  Time for last 10,000:    0s.  Last read position: LG18:5,487,493
INFO	2022-02-13 16:38:41	MergeVcfs	Processed       680,000 records.  Elapsed time: 00:00:11s.  Time for last 10,000:    0s.  Last read position: LG18:5,847,993
INFO	2022-02-13 16:38:42	MergeVcfs	Processed       690,000 records.  Elapsed time: 00:00:11s.  Time for last 10,000:    0s.  Last read position: LG18:6,144,005
INFO	2022-02-13 16:38:42	MergeVcfs	Processed       700,000 records.  Elapsed time: 00:00:12s.  Time for last 10,000:    0s.  Last read position: LG18:6,451,671
INFO	2022-02-13 16:38:42	MergeVcfs	Processed       710,000 records.  Elapsed time: 00:00:12s.  Time for last 10,000:    0s.  Last read position: LG18:6,618,011
INFO	2022-02-13 16:38:42	MergeVcfs	Processed       720,000 records.  Elapsed time: 00:00:12s.  Time for last 10,000:    0s.  Last read position: LG18:6,802,354
INFO	2022-02-13 16:38:42	MergeVcfs	Processed       730,000 records.  Elapsed time: 00:00:12s.  Time for last 10,000:    0s.  Last read position: LG18:6,975,954
INFO	2022-02-13 16:38:42	MergeVcfs	Processed       740,000 records.  Elapsed time: 00:00:12s.  Time for last 10,000:    0s.  Last read position: LG18:7,099,968
INFO	2022-02-13 16:38:43	MergeVcfs	Processed       750,000 records.  Elapsed time: 00:00:12s.  Time for last 10,000:    0s.  Last read position: LG18:7,290,981
INFO	2022-02-13 16:38:43	MergeVcfs	Processed       760,000 records.  Elapsed time: 00:00:13s.  Time for last 10,000:    0s.  Last read position: LG18:7,463,648
INFO	2022-02-13 16:38:43	MergeVcfs	Processed       770,000 records.  Elapsed time: 00:00:13s.  Time for last 10,000:    0s.  Last read position: LG18:7,618,720
INFO	2022-02-13 16:38:43	MergeVcfs	Processed       780,000 records.  Elapsed time: 00:00:13s.  Time for last 10,000:    0s.  Last read position: LG18:7,755,846
INFO	2022-02-13 16:38:43	MergeVcfs	Processed       790,000 records.  Elapsed time: 00:00:13s.  Time for last 10,000:    0s.  Last read position: LG18:7,958,140
INFO	2022-02-13 16:38:43	MergeVcfs	Processed       800,000 records.  Elapsed time: 00:00:13s.  Time for last 10,000:    0s.  Last read position: LG18:8,129,237
INFO	2022-02-13 16:38:44	MergeVcfs	Processed       810,000 records.  Elapsed time: 00:00:13s.  Time for last 10,000:    0s.  Last read position: LG18:8,269,656
INFO	2022-02-13 16:38:44	MergeVcfs	Processed       820,000 records.  Elapsed time: 00:00:14s.  Time for last 10,000:    0s.  Last read position: LG18:8,453,725
INFO	2022-02-13 16:38:44	MergeVcfs	Processed       830,000 records.  Elapsed time: 00:00:14s.  Time for last 10,000:    0s.  Last read position: LG18:8,752,053
INFO	2022-02-13 16:38:44	MergeVcfs	Processed       840,000 records.  Elapsed time: 00:00:14s.  Time for last 10,000:    0s.  Last read position: LG18:8,971,583
INFO	2022-02-13 16:38:44	MergeVcfs	Processed       850,000 records.  Elapsed time: 00:00:14s.  Time for last 10,000:    0s.  Last read position: LG18:9,246,277
INFO	2022-02-13 16:38:45	MergeVcfs	Processed       860,000 records.  Elapsed time: 00:00:14s.  Time for last 10,000:    0s.  Last read position: LG18:9,528,384
INFO	2022-02-13 16:38:45	MergeVcfs	Processed       870,000 records.  Elapsed time: 00:00:15s.  Time for last 10,000:    0s.  Last read position: LG18:9,786,240
16:38:45.317 WARN  IntelInflater - Zero Bytes Written : 0
[Sun Feb 13 16:38:45 PST 2022] picard.vcf.MergeVcfs done. Elapsed time: 0.26 minutes.
Runtime.totalMemory()=3253207040
Tool returned:
0
