==========================================
SLURM_JOB_ID = 7439949
SLURM_JOB_NODELIST = a03-16
TMPDIR = /tmp/SLURM_7439949
==========================================
Using GATK jar /home1/mharden/.conda/envs/gatk4/share/gatk4-4.2.2.0-1/gatk-package-4.2.2.0-local.jar
Running:
    java -Dsamjdk.use_async_io_read_samtools=false -Dsamjdk.use_async_io_write_samtools=true -Dsamjdk.use_async_io_write_tribble=false -Dsamjdk.compression_level=2 -jar /home1/mharden/.conda/envs/gatk4/share/gatk4-4.2.2.0-1/gatk-package-4.2.2.0-local.jar MergeVcfs -R Kr2015_Undaria.pinnatifida_superscaffolds.fasta --SEQUENCE_DICTIONARY Kr2015_Undaria.pinnatifida_superscaffolds.dict -I 0012-scattered.interval_list.sorted.vcf.gz -O Undaria_Variants.vcf
16:38:17.842 INFO  NativeLibraryLoader - Loading libgkl_compression.so from jar:file:/home1/mharden/.conda/envs/gatk4/share/gatk4-4.2.2.0-1/gatk-package-4.2.2.0-local.jar!/com/intel/gkl/native/libgkl_compression.so
[Sun Feb 13 16:38:17 PST 2022] MergeVcfs --INPUT 0012-scattered.interval_list.sorted.vcf.gz --OUTPUT Undaria_Variants.vcf --SEQUENCE_DICTIONARY Kr2015_Undaria.pinnatifida_superscaffolds.dict --REFERENCE_SEQUENCE Kr2015_Undaria.pinnatifida_superscaffolds.fasta --VERBOSITY INFO --QUIET false --VALIDATION_STRINGENCY STRICT --COMPRESSION_LEVEL 2 --MAX_RECORDS_IN_RAM 500000 --CREATE_INDEX true --CREATE_MD5_FILE false --GA4GH_CLIENT_SECRETS client_secrets.json --help false --version false --showHidden false --USE_JDK_DEFLATER false --USE_JDK_INFLATER false
Feb 13, 2022 4:38:17 PM shaded.cloud_nio.com.google.auth.oauth2.ComputeEngineCredentials runningOnComputeEngine
INFO: Failed to detect whether we are running on Google Compute Engine.
[Sun Feb 13 16:38:17 PST 2022] Executing as mharden@a03-16.hpc.usc.edu on Linux 3.10.0-1062.4.1.el7.x86_64 amd64; OpenJDK 64-Bit Server VM 1.8.0_302-b08; Deflater: Intel; Inflater: Intel; Provider GCS is available; Picard version: Version:4.2.2.0
INFO	2022-02-13 16:38:18	MergeVcfs	Processed        10,000 records.  Elapsed time: 00:00:00s.  Time for last 10,000:    0s.  Last read position: LG03:11,239,632
INFO	2022-02-13 16:38:18	MergeVcfs	Processed        20,000 records.  Elapsed time: 00:00:00s.  Time for last 10,000:    0s.  Last read position: LG03:11,587,358
INFO	2022-02-13 16:38:18	MergeVcfs	Processed        30,000 records.  Elapsed time: 00:00:00s.  Time for last 10,000:    0s.  Last read position: LG03:11,769,134
INFO	2022-02-13 16:38:18	MergeVcfs	Processed        40,000 records.  Elapsed time: 00:00:00s.  Time for last 10,000:    0s.  Last read position: LG03:11,906,702
INFO	2022-02-13 16:38:18	MergeVcfs	Processed        50,000 records.  Elapsed time: 00:00:00s.  Time for last 10,000:    0s.  Last read position: LG03:12,035,459
INFO	2022-02-13 16:38:19	MergeVcfs	Processed        60,000 records.  Elapsed time: 00:00:01s.  Time for last 10,000:    0s.  Last read position: LG03:12,194,701
INFO	2022-02-13 16:38:19	MergeVcfs	Processed        70,000 records.  Elapsed time: 00:00:01s.  Time for last 10,000:    0s.  Last read position: LG03:12,427,108
INFO	2022-02-13 16:38:19	MergeVcfs	Processed        80,000 records.  Elapsed time: 00:00:01s.  Time for last 10,000:    0s.  Last read position: LG03:12,530,790
INFO	2022-02-13 16:38:19	MergeVcfs	Processed        90,000 records.  Elapsed time: 00:00:01s.  Time for last 10,000:    0s.  Last read position: LG03:12,618,097
INFO	2022-02-13 16:38:19	MergeVcfs	Processed       100,000 records.  Elapsed time: 00:00:01s.  Time for last 10,000:    0s.  Last read position: LG03:12,901,200
INFO	2022-02-13 16:38:19	MergeVcfs	Processed       110,000 records.  Elapsed time: 00:00:01s.  Time for last 10,000:    0s.  Last read position: LG03:13,077,181
INFO	2022-02-13 16:38:19	MergeVcfs	Processed       120,000 records.  Elapsed time: 00:00:01s.  Time for last 10,000:    0s.  Last read position: LG03:13,279,128
INFO	2022-02-13 16:38:19	MergeVcfs	Processed       130,000 records.  Elapsed time: 00:00:02s.  Time for last 10,000:    0s.  Last read position: LG03:13,468,140
INFO	2022-02-13 16:38:20	MergeVcfs	Processed       140,000 records.  Elapsed time: 00:00:02s.  Time for last 10,000:    0s.  Last read position: LG03:13,694,492
INFO	2022-02-13 16:38:20	MergeVcfs	Processed       150,000 records.  Elapsed time: 00:00:02s.  Time for last 10,000:    0s.  Last read position: LG03:13,938,064
INFO	2022-02-13 16:38:20	MergeVcfs	Processed       160,000 records.  Elapsed time: 00:00:02s.  Time for last 10,000:    0s.  Last read position: LG03:14,102,414
INFO	2022-02-13 16:38:20	MergeVcfs	Processed       170,000 records.  Elapsed time: 00:00:02s.  Time for last 10,000:    0s.  Last read position: LG03:14,252,777
INFO	2022-02-13 16:38:20	MergeVcfs	Processed       180,000 records.  Elapsed time: 00:00:02s.  Time for last 10,000:    0s.  Last read position: LG03:14,539,767
INFO	2022-02-13 16:38:20	MergeVcfs	Processed       190,000 records.  Elapsed time: 00:00:02s.  Time for last 10,000:    0s.  Last read position: LG03:14,740,335
INFO	2022-02-13 16:38:20	MergeVcfs	Processed       200,000 records.  Elapsed time: 00:00:02s.  Time for last 10,000:    0s.  Last read position: LG03:14,868,535
INFO	2022-02-13 16:38:21	MergeVcfs	Processed       210,000 records.  Elapsed time: 00:00:03s.  Time for last 10,000:    0s.  Last read position: LG03:15,012,060
INFO	2022-02-13 16:38:21	MergeVcfs	Processed       220,000 records.  Elapsed time: 00:00:03s.  Time for last 10,000:    0s.  Last read position: LG03:15,180,626
INFO	2022-02-13 16:38:21	MergeVcfs	Processed       230,000 records.  Elapsed time: 00:00:03s.  Time for last 10,000:    0s.  Last read position: LG03:15,411,310
INFO	2022-02-13 16:38:21	MergeVcfs	Processed       240,000 records.  Elapsed time: 00:00:03s.  Time for last 10,000:    0s.  Last read position: LG03:15,583,001
INFO	2022-02-13 16:38:21	MergeVcfs	Processed       250,000 records.  Elapsed time: 00:00:03s.  Time for last 10,000:    0s.  Last read position: LG03:15,714,019
INFO	2022-02-13 16:38:21	MergeVcfs	Processed       260,000 records.  Elapsed time: 00:00:03s.  Time for last 10,000:    0s.  Last read position: LG03:15,913,572
INFO	2022-02-13 16:38:21	MergeVcfs	Processed       270,000 records.  Elapsed time: 00:00:03s.  Time for last 10,000:    0s.  Last read position: LG03:16,216,768
INFO	2022-02-13 16:38:21	MergeVcfs	Processed       280,000 records.  Elapsed time: 00:00:04s.  Time for last 10,000:    0s.  Last read position: LG03:16,515,214
INFO	2022-02-13 16:38:22	MergeVcfs	Processed       290,000 records.  Elapsed time: 00:00:04s.  Time for last 10,000:    0s.  Last read position: LG04:1,016
INFO	2022-02-13 16:38:22	MergeVcfs	Processed       300,000 records.  Elapsed time: 00:00:04s.  Time for last 10,000:    0s.  Last read position: LG04:256,268
INFO	2022-02-13 16:38:22	MergeVcfs	Processed       310,000 records.  Elapsed time: 00:00:04s.  Time for last 10,000:    0s.  Last read position: LG04:506,361
INFO	2022-02-13 16:38:22	MergeVcfs	Processed       320,000 records.  Elapsed time: 00:00:04s.  Time for last 10,000:    0s.  Last read position: LG04:761,941
INFO	2022-02-13 16:38:22	MergeVcfs	Processed       330,000 records.  Elapsed time: 00:00:04s.  Time for last 10,000:    0s.  Last read position: LG04:1,070,200
INFO	2022-02-13 16:38:22	MergeVcfs	Processed       340,000 records.  Elapsed time: 00:00:04s.  Time for last 10,000:    0s.  Last read position: LG04:1,431,022
INFO	2022-02-13 16:38:22	MergeVcfs	Processed       350,000 records.  Elapsed time: 00:00:04s.  Time for last 10,000:    0s.  Last read position: LG04:1,620,109
INFO	2022-02-13 16:38:23	MergeVcfs	Processed       360,000 records.  Elapsed time: 00:00:05s.  Time for last 10,000:    0s.  Last read position: LG04:1,934,900
INFO	2022-02-13 16:38:23	MergeVcfs	Processed       370,000 records.  Elapsed time: 00:00:05s.  Time for last 10,000:    0s.  Last read position: LG04:2,215,869
INFO	2022-02-13 16:38:23	MergeVcfs	Processed       380,000 records.  Elapsed time: 00:00:05s.  Time for last 10,000:    0s.  Last read position: LG04:2,506,963
INFO	2022-02-13 16:38:23	MergeVcfs	Processed       390,000 records.  Elapsed time: 00:00:05s.  Time for last 10,000:    0s.  Last read position: LG04:2,818,762
INFO	2022-02-13 16:38:23	MergeVcfs	Processed       400,000 records.  Elapsed time: 00:00:05s.  Time for last 10,000:    0s.  Last read position: LG04:3,100,128
INFO	2022-02-13 16:38:23	MergeVcfs	Processed       410,000 records.  Elapsed time: 00:00:05s.  Time for last 10,000:    0s.  Last read position: LG04:3,393,011
INFO	2022-02-13 16:38:23	MergeVcfs	Processed       420,000 records.  Elapsed time: 00:00:05s.  Time for last 10,000:    0s.  Last read position: LG04:3,636,425
INFO	2022-02-13 16:38:23	MergeVcfs	Processed       430,000 records.  Elapsed time: 00:00:06s.  Time for last 10,000:    0s.  Last read position: LG04:3,889,096
INFO	2022-02-13 16:38:24	MergeVcfs	Processed       440,000 records.  Elapsed time: 00:00:06s.  Time for last 10,000:    0s.  Last read position: LG04:4,119,288
INFO	2022-02-13 16:38:24	MergeVcfs	Processed       450,000 records.  Elapsed time: 00:00:06s.  Time for last 10,000:    0s.  Last read position: LG04:4,354,796
INFO	2022-02-13 16:38:24	MergeVcfs	Processed       460,000 records.  Elapsed time: 00:00:06s.  Time for last 10,000:    0s.  Last read position: LG04:4,602,477
INFO	2022-02-13 16:38:24	MergeVcfs	Processed       470,000 records.  Elapsed time: 00:00:06s.  Time for last 10,000:    0s.  Last read position: LG04:4,869,543
INFO	2022-02-13 16:38:24	MergeVcfs	Processed       480,000 records.  Elapsed time: 00:00:06s.  Time for last 10,000:    0s.  Last read position: LG04:5,095,800
INFO	2022-02-13 16:38:24	MergeVcfs	Processed       490,000 records.  Elapsed time: 00:00:06s.  Time for last 10,000:    0s.  Last read position: LG04:5,408,555
INFO	2022-02-13 16:38:24	MergeVcfs	Processed       500,000 records.  Elapsed time: 00:00:06s.  Time for last 10,000:    0s.  Last read position: LG04:5,638,198
INFO	2022-02-13 16:38:24	MergeVcfs	Processed       510,000 records.  Elapsed time: 00:00:07s.  Time for last 10,000:    0s.  Last read position: LG04:6,031,844
INFO	2022-02-13 16:38:25	MergeVcfs	Processed       520,000 records.  Elapsed time: 00:00:07s.  Time for last 10,000:    0s.  Last read position: LG04:6,294,890
INFO	2022-02-13 16:38:25	MergeVcfs	Processed       530,000 records.  Elapsed time: 00:00:07s.  Time for last 10,000:    0s.  Last read position: LG04:6,526,224
INFO	2022-02-13 16:38:25	MergeVcfs	Processed       540,000 records.  Elapsed time: 00:00:07s.  Time for last 10,000:    0s.  Last read position: LG04:6,717,552
INFO	2022-02-13 16:38:25	MergeVcfs	Processed       550,000 records.  Elapsed time: 00:00:07s.  Time for last 10,000:    0s.  Last read position: LG04:6,950,189
INFO	2022-02-13 16:38:25	MergeVcfs	Processed       560,000 records.  Elapsed time: 00:00:07s.  Time for last 10,000:    0s.  Last read position: LG04:7,173,680
INFO	2022-02-13 16:38:25	MergeVcfs	Processed       570,000 records.  Elapsed time: 00:00:07s.  Time for last 10,000:    0s.  Last read position: LG04:7,389,778
INFO	2022-02-13 16:38:25	MergeVcfs	Processed       580,000 records.  Elapsed time: 00:00:07s.  Time for last 10,000:    0s.  Last read position: LG04:7,610,369
INFO	2022-02-13 16:38:26	MergeVcfs	Processed       590,000 records.  Elapsed time: 00:00:08s.  Time for last 10,000:    0s.  Last read position: LG04:7,839,975
INFO	2022-02-13 16:38:26	MergeVcfs	Processed       600,000 records.  Elapsed time: 00:00:08s.  Time for last 10,000:    0s.  Last read position: LG04:8,039,552
INFO	2022-02-13 16:38:26	MergeVcfs	Processed       610,000 records.  Elapsed time: 00:00:08s.  Time for last 10,000:    0s.  Last read position: LG04:8,255,989
INFO	2022-02-13 16:38:26	MergeVcfs	Processed       620,000 records.  Elapsed time: 00:00:08s.  Time for last 10,000:    0s.  Last read position: LG04:8,471,790
INFO	2022-02-13 16:38:26	MergeVcfs	Processed       630,000 records.  Elapsed time: 00:00:08s.  Time for last 10,000:    0s.  Last read position: LG04:8,686,531
INFO	2022-02-13 16:38:26	MergeVcfs	Processed       640,000 records.  Elapsed time: 00:00:08s.  Time for last 10,000:    0s.  Last read position: LG04:8,954,374
INFO	2022-02-13 16:38:26	MergeVcfs	Processed       650,000 records.  Elapsed time: 00:00:08s.  Time for last 10,000:    0s.  Last read position: LG04:9,227,972
INFO	2022-02-13 16:38:26	MergeVcfs	Processed       660,000 records.  Elapsed time: 00:00:09s.  Time for last 10,000:    0s.  Last read position: LG04:9,595,795
INFO	2022-02-13 16:38:27	MergeVcfs	Processed       670,000 records.  Elapsed time: 00:00:09s.  Time for last 10,000:    0s.  Last read position: LG04:9,788,732
INFO	2022-02-13 16:38:27	MergeVcfs	Processed       680,000 records.  Elapsed time: 00:00:09s.  Time for last 10,000:    0s.  Last read position: LG04:10,093,789
INFO	2022-02-13 16:38:27	MergeVcfs	Processed       690,000 records.  Elapsed time: 00:00:09s.  Time for last 10,000:    0s.  Last read position: LG04:10,315,553
INFO	2022-02-13 16:38:27	MergeVcfs	Processed       700,000 records.  Elapsed time: 00:00:09s.  Time for last 10,000:    0s.  Last read position: LG04:10,537,535
INFO	2022-02-13 16:38:27	MergeVcfs	Processed       710,000 records.  Elapsed time: 00:00:09s.  Time for last 10,000:    0s.  Last read position: LG04:10,737,090
INFO	2022-02-13 16:38:27	MergeVcfs	Processed       720,000 records.  Elapsed time: 00:00:09s.  Time for last 10,000:    0s.  Last read position: LG04:10,928,622
INFO	2022-02-13 16:38:27	MergeVcfs	Processed       730,000 records.  Elapsed time: 00:00:09s.  Time for last 10,000:    0s.  Last read position: LG04:11,183,657
INFO	2022-02-13 16:38:28	MergeVcfs	Processed       740,000 records.  Elapsed time: 00:00:10s.  Time for last 10,000:    0s.  Last read position: LG04:11,525,747
INFO	2022-02-13 16:38:28	MergeVcfs	Processed       750,000 records.  Elapsed time: 00:00:10s.  Time for last 10,000:    0s.  Last read position: LG04:11,767,260
INFO	2022-02-13 16:38:28	MergeVcfs	Processed       760,000 records.  Elapsed time: 00:00:10s.  Time for last 10,000:    0s.  Last read position: LG04:11,978,872
INFO	2022-02-13 16:38:28	MergeVcfs	Processed       770,000 records.  Elapsed time: 00:00:10s.  Time for last 10,000:    0s.  Last read position: LG04:12,170,871
INFO	2022-02-13 16:38:28	MergeVcfs	Processed       780,000 records.  Elapsed time: 00:00:10s.  Time for last 10,000:    0s.  Last read position: LG04:12,342,712
INFO	2022-02-13 16:38:28	MergeVcfs	Processed       790,000 records.  Elapsed time: 00:00:10s.  Time for last 10,000:    0s.  Last read position: LG04:12,580,945
INFO	2022-02-13 16:38:28	MergeVcfs	Processed       800,000 records.  Elapsed time: 00:00:10s.  Time for last 10,000:    0s.  Last read position: LG04:12,745,498
INFO	2022-02-13 16:38:28	MergeVcfs	Processed       810,000 records.  Elapsed time: 00:00:11s.  Time for last 10,000:    0s.  Last read position: LG04:12,940,196
INFO	2022-02-13 16:38:29	MergeVcfs	Processed       820,000 records.  Elapsed time: 00:00:11s.  Time for last 10,000:    0s.  Last read position: LG04:13,212,101
INFO	2022-02-13 16:38:29	MergeVcfs	Processed       830,000 records.  Elapsed time: 00:00:11s.  Time for last 10,000:    0s.  Last read position: LG04:13,455,263
16:38:29.261 WARN  IntelInflater - Zero Bytes Written : 0
[Sun Feb 13 16:38:29 PST 2022] picard.vcf.MergeVcfs done. Elapsed time: 0.19 minutes.
Runtime.totalMemory()=3408920576
Tool returned:
0
