==========================================
SLURM_JOB_ID = 7264090
SLURM_JOB_NODELIST = b22-28
TMPDIR = /tmp/SLURM_7264090
==========================================
Using GATK jar /home1/mharden/.conda/envs/gatk4/share/gatk4-4.2.2.0-1/gatk-package-4.2.2.0-local.jar
Running:
    java -Dsamjdk.use_async_io_read_samtools=false -Dsamjdk.use_async_io_write_samtools=true -Dsamjdk.use_async_io_write_tribble=false -Dsamjdk.compression_level=2 -jar /home1/mharden/.conda/envs/gatk4/share/gatk4-4.2.2.0-1/gatk-package-4.2.2.0-local.jar SortVcf -I 0018-scattered.interval_list.vcf.gz -O 0018-scattered.interval_list.sorted.vcf.gz
18:36:48.734 INFO  NativeLibraryLoader - Loading libgkl_compression.so from jar:file:/home1/mharden/.conda/envs/gatk4/share/gatk4-4.2.2.0-1/gatk-package-4.2.2.0-local.jar!/com/intel/gkl/native/libgkl_compression.so
[Mon Jan 31 18:36:48 PST 2022] SortVcf --INPUT 0018-scattered.interval_list.vcf.gz --OUTPUT 0018-scattered.interval_list.sorted.vcf.gz --VERBOSITY INFO --QUIET false --VALIDATION_STRINGENCY STRICT --COMPRESSION_LEVEL 2 --MAX_RECORDS_IN_RAM 500000 --CREATE_INDEX true --CREATE_MD5_FILE false --GA4GH_CLIENT_SECRETS client_secrets.json --help false --version false --showHidden false --USE_JDK_DEFLATER false --USE_JDK_INFLATER false
Jan 31, 2022 6:36:48 PM shaded.cloud_nio.com.google.auth.oauth2.ComputeEngineCredentials runningOnComputeEngine
INFO: Failed to detect whether we are running on Google Compute Engine.
[Mon Jan 31 18:36:48 PST 2022] Executing as mharden@b22-28.hpc.usc.edu on Linux 3.10.0-1062.4.1.el7.x86_64 amd64; OpenJDK 64-Bit Server VM 1.8.0_302-b08; Deflater: Intel; Inflater: Intel; Provider GCS is available; Picard version: Version:4.2.2.0
INFO	2022-01-31 18:36:48	SortVcf	Reading entries from input file 1
INFO	2022-01-31 18:36:49	SortVcf	read        25,000 records.  Elapsed time: 00:00:00s.  Time for last 25,000:    0s.  Last read position: LG10:19,820,917
INFO	2022-01-31 18:36:50	SortVcf	read        50,000 records.  Elapsed time: 00:00:01s.  Time for last 25,000:    0s.  Last read position: LG10:20,429,037
INFO	2022-01-31 18:36:50	SortVcf	read        75,000 records.  Elapsed time: 00:00:01s.  Time for last 25,000:    0s.  Last read position: LG10:21,049,405
INFO	2022-01-31 18:36:51	SortVcf	read       100,000 records.  Elapsed time: 00:00:02s.  Time for last 25,000:    1s.  Last read position: LG10:21,576,026
INFO	2022-01-31 18:36:51	SortVcf	read       125,000 records.  Elapsed time: 00:00:03s.  Time for last 25,000:    0s.  Last read position: LG10:22,020,344
INFO	2022-01-31 18:36:52	SortVcf	read       150,000 records.  Elapsed time: 00:00:03s.  Time for last 25,000:    0s.  Last read position: LG10:22,408,342
INFO	2022-01-31 18:36:52	SortVcf	read       175,000 records.  Elapsed time: 00:00:03s.  Time for last 25,000:    0s.  Last read position: LG10:22,742,519
INFO	2022-01-31 18:36:52	SortVcf	read       200,000 records.  Elapsed time: 00:00:03s.  Time for last 25,000:    0s.  Last read position: LG10:23,238,120
INFO	2022-01-31 18:36:53	SortVcf	read       225,000 records.  Elapsed time: 00:00:04s.  Time for last 25,000:    0s.  Last read position: LG10:24,177,731
INFO	2022-01-31 18:36:53	SortVcf	read       250,000 records.  Elapsed time: 00:00:04s.  Time for last 25,000:    0s.  Last read position: LG10:24,842,220
INFO	2022-01-31 18:36:53	SortVcf	read       275,000 records.  Elapsed time: 00:00:04s.  Time for last 25,000:    0s.  Last read position: LG10:25,577,694
INFO	2022-01-31 18:36:54	SortVcf	read       300,000 records.  Elapsed time: 00:00:05s.  Time for last 25,000:    0s.  Last read position: LG10:26,330,767
INFO	2022-01-31 18:36:54	SortVcf	read       325,000 records.  Elapsed time: 00:00:05s.  Time for last 25,000:    0s.  Last read position: LG10:27,012,411
INFO	2022-01-31 18:36:56	SortVcf	read       350,000 records.  Elapsed time: 00:00:07s.  Time for last 25,000:    1s.  Last read position: LG10:27,597,277
INFO	2022-01-31 18:36:56	SortVcf	read       375,000 records.  Elapsed time: 00:00:07s.  Time for last 25,000:    0s.  Last read position: LG10:28,098,892
INFO	2022-01-31 18:36:56	SortVcf	read       400,000 records.  Elapsed time: 00:00:07s.  Time for last 25,000:    0s.  Last read position: LG10:28,623,207
INFO	2022-01-31 18:36:56	SortVcf	read       425,000 records.  Elapsed time: 00:00:08s.  Time for last 25,000:    0s.  Last read position: LG11:216,560
INFO	2022-01-31 18:36:57	SortVcf	read       450,000 records.  Elapsed time: 00:00:08s.  Time for last 25,000:    0s.  Last read position: LG11:732,285
INFO	2022-01-31 18:36:57	SortVcf	read       475,000 records.  Elapsed time: 00:00:09s.  Time for last 25,000:    0s.  Last read position: LG11:1,147,652
INFO	2022-01-31 18:36:58	SortVcf	read       500,000 records.  Elapsed time: 00:00:09s.  Time for last 25,000:    0s.  Last read position: LG11:1,607,160
INFO	2022-01-31 18:37:04	SortVcf	read       525,000 records.  Elapsed time: 00:00:15s.  Time for last 25,000:    6s.  Last read position: LG11:2,094,458
INFO	2022-01-31 18:37:04	SortVcf	read       550,000 records.  Elapsed time: 00:00:15s.  Time for last 25,000:    0s.  Last read position: LG11:2,759,184
INFO	2022-01-31 18:37:05	SortVcf	read       575,000 records.  Elapsed time: 00:00:16s.  Time for last 25,000:    0s.  Last read position: LG11:3,335,767
INFO	2022-01-31 18:37:05	SortVcf	read       600,000 records.  Elapsed time: 00:00:16s.  Time for last 25,000:    0s.  Last read position: LG11:3,921,040
INFO	2022-01-31 18:37:05	SortVcf	read       625,000 records.  Elapsed time: 00:00:16s.  Time for last 25,000:    0s.  Last read position: LG11:5,094,079
INFO	2022-01-31 18:37:05	SortVcf	read       650,000 records.  Elapsed time: 00:00:16s.  Time for last 25,000:    0s.  Last read position: LG11:6,063,834
INFO	2022-01-31 18:37:06	SortVcf	read       675,000 records.  Elapsed time: 00:00:17s.  Time for last 25,000:    0s.  Last read position: LG11:6,720,797
INFO	2022-01-31 18:37:06	SortVcf	read       700,000 records.  Elapsed time: 00:00:17s.  Time for last 25,000:    0s.  Last read position: LG11:7,299,181
INFO	2022-01-31 18:37:06	SortVcf	read       725,000 records.  Elapsed time: 00:00:17s.  Time for last 25,000:    0s.  Last read position: LG11:7,855,953
INFO	2022-01-31 18:37:07	SortVcf	read       750,000 records.  Elapsed time: 00:00:18s.  Time for last 25,000:    0s.  Last read position: LG11:8,600,161
INFO	2022-01-31 18:37:07	SortVcf	read       775,000 records.  Elapsed time: 00:00:18s.  Time for last 25,000:    0s.  Last read position: LG11:9,326,817
INFO	2022-01-31 18:37:08	SortVcf	read       800,000 records.  Elapsed time: 00:00:19s.  Time for last 25,000:    0s.  Last read position: LG11:9,779,937
18:37:08.135 WARN  IntelInflater - Zero Bytes Written : 0
INFO	2022-01-31 18:37:12	SortVcf	wrote        25,000 records.  Elapsed time: 00:00:03s.  Time for last 25,000:    0s.  Last read position: LG10:19,820,917
INFO	2022-01-31 18:37:12	SortVcf	wrote        50,000 records.  Elapsed time: 00:00:04s.  Time for last 25,000:    0s.  Last read position: LG10:20,429,037
INFO	2022-01-31 18:37:12	SortVcf	wrote        75,000 records.  Elapsed time: 00:00:04s.  Time for last 25,000:    0s.  Last read position: LG10:21,049,405
INFO	2022-01-31 18:37:13	SortVcf	wrote       100,000 records.  Elapsed time: 00:00:05s.  Time for last 25,000:    0s.  Last read position: LG10:21,576,026
INFO	2022-01-31 18:37:13	SortVcf	wrote       125,000 records.  Elapsed time: 00:00:05s.  Time for last 25,000:    0s.  Last read position: LG10:22,020,344
INFO	2022-01-31 18:37:13	SortVcf	wrote       150,000 records.  Elapsed time: 00:00:05s.  Time for last 25,000:    0s.  Last read position: LG10:22,408,342
INFO	2022-01-31 18:37:14	SortVcf	wrote       175,000 records.  Elapsed time: 00:00:06s.  Time for last 25,000:    0s.  Last read position: LG10:22,742,519
INFO	2022-01-31 18:37:14	SortVcf	wrote       200,000 records.  Elapsed time: 00:00:06s.  Time for last 25,000:    0s.  Last read position: LG10:23,238,120
INFO	2022-01-31 18:37:15	SortVcf	wrote       225,000 records.  Elapsed time: 00:00:06s.  Time for last 25,000:    0s.  Last read position: LG10:24,177,731
INFO	2022-01-31 18:37:15	SortVcf	wrote       250,000 records.  Elapsed time: 00:00:07s.  Time for last 25,000:    0s.  Last read position: LG10:24,842,220
INFO	2022-01-31 18:37:15	SortVcf	wrote       275,000 records.  Elapsed time: 00:00:07s.  Time for last 25,000:    0s.  Last read position: LG10:25,577,694
INFO	2022-01-31 18:37:16	SortVcf	wrote       300,000 records.  Elapsed time: 00:00:08s.  Time for last 25,000:    0s.  Last read position: LG10:26,330,767
INFO	2022-01-31 18:37:16	SortVcf	wrote       325,000 records.  Elapsed time: 00:00:08s.  Time for last 25,000:    0s.  Last read position: LG10:27,012,411
INFO	2022-01-31 18:37:16	SortVcf	wrote       350,000 records.  Elapsed time: 00:00:08s.  Time for last 25,000:    0s.  Last read position: LG10:27,597,277
INFO	2022-01-31 18:37:17	SortVcf	wrote       375,000 records.  Elapsed time: 00:00:09s.  Time for last 25,000:    0s.  Last read position: LG10:28,098,892
INFO	2022-01-31 18:37:17	SortVcf	wrote       400,000 records.  Elapsed time: 00:00:09s.  Time for last 25,000:    0s.  Last read position: LG10:28,623,207
INFO	2022-01-31 18:37:18	SortVcf	wrote       425,000 records.  Elapsed time: 00:00:09s.  Time for last 25,000:    0s.  Last read position: LG11:216,560
INFO	2022-01-31 18:37:18	SortVcf	wrote       450,000 records.  Elapsed time: 00:00:10s.  Time for last 25,000:    0s.  Last read position: LG11:732,285
INFO	2022-01-31 18:37:18	SortVcf	wrote       475,000 records.  Elapsed time: 00:00:10s.  Time for last 25,000:    0s.  Last read position: LG11:1,147,652
INFO	2022-01-31 18:37:19	SortVcf	wrote       500,000 records.  Elapsed time: 00:00:11s.  Time for last 25,000:    0s.  Last read position: LG11:1,607,160
INFO	2022-01-31 18:37:19	SortVcf	wrote       525,000 records.  Elapsed time: 00:00:11s.  Time for last 25,000:    0s.  Last read position: LG11:2,094,458
INFO	2022-01-31 18:37:19	SortVcf	wrote       550,000 records.  Elapsed time: 00:00:11s.  Time for last 25,000:    0s.  Last read position: LG11:2,759,184
INFO	2022-01-31 18:37:20	SortVcf	wrote       575,000 records.  Elapsed time: 00:00:12s.  Time for last 25,000:    0s.  Last read position: LG11:3,335,767
INFO	2022-01-31 18:37:20	SortVcf	wrote       600,000 records.  Elapsed time: 00:00:12s.  Time for last 25,000:    0s.  Last read position: LG11:3,921,040
INFO	2022-01-31 18:37:21	SortVcf	wrote       625,000 records.  Elapsed time: 00:00:12s.  Time for last 25,000:    0s.  Last read position: LG11:5,094,079
INFO	2022-01-31 18:37:21	SortVcf	wrote       650,000 records.  Elapsed time: 00:00:13s.  Time for last 25,000:    0s.  Last read position: LG11:6,063,834
INFO	2022-01-31 18:37:21	SortVcf	wrote       675,000 records.  Elapsed time: 00:00:13s.  Time for last 25,000:    0s.  Last read position: LG11:6,720,797
INFO	2022-01-31 18:37:22	SortVcf	wrote       700,000 records.  Elapsed time: 00:00:13s.  Time for last 25,000:    0s.  Last read position: LG11:7,299,181
INFO	2022-01-31 18:37:22	SortVcf	wrote       725,000 records.  Elapsed time: 00:00:14s.  Time for last 25,000:    0s.  Last read position: LG11:7,855,953
INFO	2022-01-31 18:37:22	SortVcf	wrote       750,000 records.  Elapsed time: 00:00:14s.  Time for last 25,000:    0s.  Last read position: LG11:8,600,161
INFO	2022-01-31 18:37:23	SortVcf	wrote       775,000 records.  Elapsed time: 00:00:15s.  Time for last 25,000:    0s.  Last read position: LG11:9,326,817
INFO	2022-01-31 18:37:23	SortVcf	wrote       800,000 records.  Elapsed time: 00:00:15s.  Time for last 25,000:    0s.  Last read position: LG11:9,779,937
[Mon Jan 31 18:37:23 PST 2022] picard.vcf.SortVcf done. Elapsed time: 0.58 minutes.
Runtime.totalMemory()=11103895552
Tool returned:
0
