==========================================
SLURM_JOB_ID = 7439954
SLURM_JOB_NODELIST = a03-02
TMPDIR = /tmp/SLURM_7439954
==========================================
Using GATK jar /home1/mharden/.conda/envs/gatk4/share/gatk4-4.2.2.0-1/gatk-package-4.2.2.0-local.jar
Running:
    java -Dsamjdk.use_async_io_read_samtools=false -Dsamjdk.use_async_io_write_samtools=true -Dsamjdk.use_async_io_write_tribble=false -Dsamjdk.compression_level=2 -jar /home1/mharden/.conda/envs/gatk4/share/gatk4-4.2.2.0-1/gatk-package-4.2.2.0-local.jar MergeVcfs -R Kr2015_Undaria.pinnatifida_superscaffolds.fasta --SEQUENCE_DICTIONARY Kr2015_Undaria.pinnatifida_superscaffolds.dict -I 0017-scattered.interval_list.sorted.vcf.gz -O Undaria_Variants.vcf
16:38:24.250 INFO  NativeLibraryLoader - Loading libgkl_compression.so from jar:file:/home1/mharden/.conda/envs/gatk4/share/gatk4-4.2.2.0-1/gatk-package-4.2.2.0-local.jar!/com/intel/gkl/native/libgkl_compression.so
[Sun Feb 13 16:38:24 PST 2022] MergeVcfs --INPUT 0017-scattered.interval_list.sorted.vcf.gz --OUTPUT Undaria_Variants.vcf --SEQUENCE_DICTIONARY Kr2015_Undaria.pinnatifida_superscaffolds.dict --REFERENCE_SEQUENCE Kr2015_Undaria.pinnatifida_superscaffolds.fasta --VERBOSITY INFO --QUIET false --VALIDATION_STRINGENCY STRICT --COMPRESSION_LEVEL 2 --MAX_RECORDS_IN_RAM 500000 --CREATE_INDEX true --CREATE_MD5_FILE false --GA4GH_CLIENT_SECRETS client_secrets.json --help false --version false --showHidden false --USE_JDK_DEFLATER false --USE_JDK_INFLATER false
Feb 13, 2022 4:38:24 PM shaded.cloud_nio.com.google.auth.oauth2.ComputeEngineCredentials runningOnComputeEngine
INFO: Failed to detect whether we are running on Google Compute Engine.
[Sun Feb 13 16:38:24 PST 2022] Executing as mharden@a03-02.hpc.usc.edu on Linux 3.10.0-1062.4.1.el7.x86_64 amd64; OpenJDK 64-Bit Server VM 1.8.0_302-b08; Deflater: Intel; Inflater: Intel; Provider GCS is available; Picard version: Version:4.2.2.0
INFO	2022-02-13 16:38:24	MergeVcfs	Processed        10,000 records.  Elapsed time: 00:00:00s.  Time for last 10,000:    0s.  Last read position: LG10:417,938
INFO	2022-02-13 16:38:24	MergeVcfs	Processed        20,000 records.  Elapsed time: 00:00:00s.  Time for last 10,000:    0s.  Last read position: LG10:575,942
INFO	2022-02-13 16:38:25	MergeVcfs	Processed        30,000 records.  Elapsed time: 00:00:00s.  Time for last 10,000:    0s.  Last read position: LG10:738,567
INFO	2022-02-13 16:38:25	MergeVcfs	Processed        40,000 records.  Elapsed time: 00:00:00s.  Time for last 10,000:    0s.  Last read position: LG10:904,422
INFO	2022-02-13 16:38:25	MergeVcfs	Processed        50,000 records.  Elapsed time: 00:00:00s.  Time for last 10,000:    0s.  Last read position: LG10:1,070,487
INFO	2022-02-13 16:38:25	MergeVcfs	Processed        60,000 records.  Elapsed time: 00:00:01s.  Time for last 10,000:    0s.  Last read position: LG10:1,264,472
INFO	2022-02-13 16:38:25	MergeVcfs	Processed        70,000 records.  Elapsed time: 00:00:01s.  Time for last 10,000:    0s.  Last read position: LG10:1,449,949
INFO	2022-02-13 16:38:25	MergeVcfs	Processed        80,000 records.  Elapsed time: 00:00:01s.  Time for last 10,000:    0s.  Last read position: LG10:1,704,017
INFO	2022-02-13 16:38:25	MergeVcfs	Processed        90,000 records.  Elapsed time: 00:00:01s.  Time for last 10,000:    0s.  Last read position: LG10:1,917,296
INFO	2022-02-13 16:38:26	MergeVcfs	Processed       100,000 records.  Elapsed time: 00:00:01s.  Time for last 10,000:    0s.  Last read position: LG10:2,151,780
INFO	2022-02-13 16:38:26	MergeVcfs	Processed       110,000 records.  Elapsed time: 00:00:01s.  Time for last 10,000:    0s.  Last read position: LG10:2,337,095
INFO	2022-02-13 16:38:26	MergeVcfs	Processed       120,000 records.  Elapsed time: 00:00:01s.  Time for last 10,000:    0s.  Last read position: LG10:2,559,566
INFO	2022-02-13 16:38:26	MergeVcfs	Processed       130,000 records.  Elapsed time: 00:00:02s.  Time for last 10,000:    0s.  Last read position: LG10:2,722,403
INFO	2022-02-13 16:38:26	MergeVcfs	Processed       140,000 records.  Elapsed time: 00:00:02s.  Time for last 10,000:    0s.  Last read position: LG10:2,899,541
INFO	2022-02-13 16:38:26	MergeVcfs	Processed       150,000 records.  Elapsed time: 00:00:02s.  Time for last 10,000:    0s.  Last read position: LG10:3,073,216
INFO	2022-02-13 16:38:26	MergeVcfs	Processed       160,000 records.  Elapsed time: 00:00:02s.  Time for last 10,000:    0s.  Last read position: LG10:3,261,857
INFO	2022-02-13 16:38:26	MergeVcfs	Processed       170,000 records.  Elapsed time: 00:00:02s.  Time for last 10,000:    0s.  Last read position: LG10:3,441,585
INFO	2022-02-13 16:38:27	MergeVcfs	Processed       180,000 records.  Elapsed time: 00:00:02s.  Time for last 10,000:    0s.  Last read position: LG10:3,623,415
INFO	2022-02-13 16:38:27	MergeVcfs	Processed       190,000 records.  Elapsed time: 00:00:02s.  Time for last 10,000:    0s.  Last read position: LG10:3,801,075
INFO	2022-02-13 16:38:27	MergeVcfs	Processed       200,000 records.  Elapsed time: 00:00:03s.  Time for last 10,000:    0s.  Last read position: LG10:4,004,384
INFO	2022-02-13 16:38:27	MergeVcfs	Processed       210,000 records.  Elapsed time: 00:00:03s.  Time for last 10,000:    0s.  Last read position: LG10:4,242,932
INFO	2022-02-13 16:38:27	MergeVcfs	Processed       220,000 records.  Elapsed time: 00:00:03s.  Time for last 10,000:    0s.  Last read position: LG10:4,547,542
INFO	2022-02-13 16:38:27	MergeVcfs	Processed       230,000 records.  Elapsed time: 00:00:03s.  Time for last 10,000:    0s.  Last read position: LG10:4,793,546
INFO	2022-02-13 16:38:27	MergeVcfs	Processed       240,000 records.  Elapsed time: 00:00:03s.  Time for last 10,000:    0s.  Last read position: LG10:5,044,119
INFO	2022-02-13 16:38:28	MergeVcfs	Processed       250,000 records.  Elapsed time: 00:00:03s.  Time for last 10,000:    0s.  Last read position: LG10:5,306,480
INFO	2022-02-13 16:38:28	MergeVcfs	Processed       260,000 records.  Elapsed time: 00:00:03s.  Time for last 10,000:    0s.  Last read position: LG10:5,489,908
INFO	2022-02-13 16:38:28	MergeVcfs	Processed       270,000 records.  Elapsed time: 00:00:03s.  Time for last 10,000:    0s.  Last read position: LG10:5,717,675
INFO	2022-02-13 16:38:28	MergeVcfs	Processed       280,000 records.  Elapsed time: 00:00:04s.  Time for last 10,000:    0s.  Last read position: LG10:5,929,194
INFO	2022-02-13 16:38:28	MergeVcfs	Processed       290,000 records.  Elapsed time: 00:00:04s.  Time for last 10,000:    0s.  Last read position: LG10:6,134,952
INFO	2022-02-13 16:38:28	MergeVcfs	Processed       300,000 records.  Elapsed time: 00:00:04s.  Time for last 10,000:    0s.  Last read position: LG10:6,470,796
INFO	2022-02-13 16:38:28	MergeVcfs	Processed       310,000 records.  Elapsed time: 00:00:04s.  Time for last 10,000:    0s.  Last read position: LG10:6,720,917
INFO	2022-02-13 16:38:28	MergeVcfs	Processed       320,000 records.  Elapsed time: 00:00:04s.  Time for last 10,000:    0s.  Last read position: LG10:6,972,860
INFO	2022-02-13 16:38:29	MergeVcfs	Processed       330,000 records.  Elapsed time: 00:00:04s.  Time for last 10,000:    0s.  Last read position: LG10:7,181,247
INFO	2022-02-13 16:38:29	MergeVcfs	Processed       340,000 records.  Elapsed time: 00:00:04s.  Time for last 10,000:    0s.  Last read position: LG10:7,356,153
INFO	2022-02-13 16:38:29	MergeVcfs	Processed       350,000 records.  Elapsed time: 00:00:05s.  Time for last 10,000:    0s.  Last read position: LG10:7,563,830
INFO	2022-02-13 16:38:29	MergeVcfs	Processed       360,000 records.  Elapsed time: 00:00:05s.  Time for last 10,000:    0s.  Last read position: LG10:7,772,635
INFO	2022-02-13 16:38:29	MergeVcfs	Processed       370,000 records.  Elapsed time: 00:00:05s.  Time for last 10,000:    0s.  Last read position: LG10:8,044,270
INFO	2022-02-13 16:38:29	MergeVcfs	Processed       380,000 records.  Elapsed time: 00:00:05s.  Time for last 10,000:    0s.  Last read position: LG10:8,187,825
INFO	2022-02-13 16:38:29	MergeVcfs	Processed       390,000 records.  Elapsed time: 00:00:05s.  Time for last 10,000:    0s.  Last read position: LG10:8,322,487
INFO	2022-02-13 16:38:30	MergeVcfs	Processed       400,000 records.  Elapsed time: 00:00:05s.  Time for last 10,000:    0s.  Last read position: LG10:8,505,675
INFO	2022-02-13 16:38:30	MergeVcfs	Processed       410,000 records.  Elapsed time: 00:00:05s.  Time for last 10,000:    0s.  Last read position: LG10:8,678,632
INFO	2022-02-13 16:38:30	MergeVcfs	Processed       420,000 records.  Elapsed time: 00:00:05s.  Time for last 10,000:    0s.  Last read position: LG10:8,779,663
INFO	2022-02-13 16:38:30	MergeVcfs	Processed       430,000 records.  Elapsed time: 00:00:06s.  Time for last 10,000:    0s.  Last read position: LG10:8,918,149
INFO	2022-02-13 16:38:30	MergeVcfs	Processed       440,000 records.  Elapsed time: 00:00:06s.  Time for last 10,000:    0s.  Last read position: LG10:9,047,059
INFO	2022-02-13 16:38:30	MergeVcfs	Processed       450,000 records.  Elapsed time: 00:00:06s.  Time for last 10,000:    0s.  Last read position: LG10:9,228,298
INFO	2022-02-13 16:38:30	MergeVcfs	Processed       460,000 records.  Elapsed time: 00:00:06s.  Time for last 10,000:    0s.  Last read position: LG10:9,498,680
INFO	2022-02-13 16:38:30	MergeVcfs	Processed       470,000 records.  Elapsed time: 00:00:06s.  Time for last 10,000:    0s.  Last read position: LG10:9,625,904
INFO	2022-02-13 16:38:31	MergeVcfs	Processed       480,000 records.  Elapsed time: 00:00:06s.  Time for last 10,000:    0s.  Last read position: LG10:9,774,893
INFO	2022-02-13 16:38:31	MergeVcfs	Processed       490,000 records.  Elapsed time: 00:00:06s.  Time for last 10,000:    0s.  Last read position: LG10:9,982,001
INFO	2022-02-13 16:38:31	MergeVcfs	Processed       500,000 records.  Elapsed time: 00:00:07s.  Time for last 10,000:    0s.  Last read position: LG10:10,188,371
INFO	2022-02-13 16:38:31	MergeVcfs	Processed       510,000 records.  Elapsed time: 00:00:07s.  Time for last 10,000:    0s.  Last read position: LG10:10,432,591
INFO	2022-02-13 16:38:31	MergeVcfs	Processed       520,000 records.  Elapsed time: 00:00:07s.  Time for last 10,000:    0s.  Last read position: LG10:10,657,443
INFO	2022-02-13 16:38:31	MergeVcfs	Processed       530,000 records.  Elapsed time: 00:00:07s.  Time for last 10,000:    0s.  Last read position: LG10:10,790,470
INFO	2022-02-13 16:38:31	MergeVcfs	Processed       540,000 records.  Elapsed time: 00:00:07s.  Time for last 10,000:    0s.  Last read position: LG10:11,014,538
INFO	2022-02-13 16:38:32	MergeVcfs	Processed       550,000 records.  Elapsed time: 00:00:07s.  Time for last 10,000:    0s.  Last read position: LG10:11,238,539
INFO	2022-02-13 16:38:32	MergeVcfs	Processed       560,000 records.  Elapsed time: 00:00:07s.  Time for last 10,000:    0s.  Last read position: LG10:11,439,141
INFO	2022-02-13 16:38:32	MergeVcfs	Processed       570,000 records.  Elapsed time: 00:00:07s.  Time for last 10,000:    0s.  Last read position: LG10:11,567,232
INFO	2022-02-13 16:38:32	MergeVcfs	Processed       580,000 records.  Elapsed time: 00:00:08s.  Time for last 10,000:    0s.  Last read position: LG10:11,843,291
INFO	2022-02-13 16:38:32	MergeVcfs	Processed       590,000 records.  Elapsed time: 00:00:08s.  Time for last 10,000:    0s.  Last read position: LG10:12,009,428
INFO	2022-02-13 16:38:32	MergeVcfs	Processed       600,000 records.  Elapsed time: 00:00:08s.  Time for last 10,000:    0s.  Last read position: LG10:12,178,337
INFO	2022-02-13 16:38:32	MergeVcfs	Processed       610,000 records.  Elapsed time: 00:00:08s.  Time for last 10,000:    0s.  Last read position: LG10:12,352,270
INFO	2022-02-13 16:38:32	MergeVcfs	Processed       620,000 records.  Elapsed time: 00:00:08s.  Time for last 10,000:    0s.  Last read position: LG10:12,557,035
INFO	2022-02-13 16:38:33	MergeVcfs	Processed       630,000 records.  Elapsed time: 00:00:08s.  Time for last 10,000:    0s.  Last read position: LG10:12,753,689
INFO	2022-02-13 16:38:33	MergeVcfs	Processed       640,000 records.  Elapsed time: 00:00:08s.  Time for last 10,000:    0s.  Last read position: LG10:12,905,871
INFO	2022-02-13 16:38:33	MergeVcfs	Processed       650,000 records.  Elapsed time: 00:00:09s.  Time for last 10,000:    0s.  Last read position: LG10:13,096,764
INFO	2022-02-13 16:38:33	MergeVcfs	Processed       660,000 records.  Elapsed time: 00:00:09s.  Time for last 10,000:    0s.  Last read position: LG10:13,237,652
INFO	2022-02-13 16:38:33	MergeVcfs	Processed       670,000 records.  Elapsed time: 00:00:09s.  Time for last 10,000:    0s.  Last read position: LG10:13,392,282
INFO	2022-02-13 16:38:33	MergeVcfs	Processed       680,000 records.  Elapsed time: 00:00:09s.  Time for last 10,000:    0s.  Last read position: LG10:13,686,446
INFO	2022-02-13 16:38:33	MergeVcfs	Processed       690,000 records.  Elapsed time: 00:00:09s.  Time for last 10,000:    0s.  Last read position: LG10:13,959,190
INFO	2022-02-13 16:38:34	MergeVcfs	Processed       700,000 records.  Elapsed time: 00:00:09s.  Time for last 10,000:    0s.  Last read position: LG10:14,252,747
INFO	2022-02-13 16:38:34	MergeVcfs	Processed       710,000 records.  Elapsed time: 00:00:09s.  Time for last 10,000:    0s.  Last read position: LG10:14,445,689
INFO	2022-02-13 16:38:34	MergeVcfs	Processed       720,000 records.  Elapsed time: 00:00:09s.  Time for last 10,000:    0s.  Last read position: LG10:14,594,759
INFO	2022-02-13 16:38:34	MergeVcfs	Processed       730,000 records.  Elapsed time: 00:00:10s.  Time for last 10,000:    0s.  Last read position: LG10:14,789,863
INFO	2022-02-13 16:38:34	MergeVcfs	Processed       740,000 records.  Elapsed time: 00:00:10s.  Time for last 10,000:    0s.  Last read position: LG10:14,958,456
INFO	2022-02-13 16:38:34	MergeVcfs	Processed       750,000 records.  Elapsed time: 00:00:10s.  Time for last 10,000:    0s.  Last read position: LG10:15,169,631
INFO	2022-02-13 16:38:34	MergeVcfs	Processed       760,000 records.  Elapsed time: 00:00:10s.  Time for last 10,000:    0s.  Last read position: LG10:15,387,852
INFO	2022-02-13 16:38:35	MergeVcfs	Processed       770,000 records.  Elapsed time: 00:00:10s.  Time for last 10,000:    0s.  Last read position: LG10:15,603,470
INFO	2022-02-13 16:38:35	MergeVcfs	Processed       780,000 records.  Elapsed time: 00:00:10s.  Time for last 10,000:    0s.  Last read position: LG10:16,006,003
INFO	2022-02-13 16:38:35	MergeVcfs	Processed       790,000 records.  Elapsed time: 00:00:10s.  Time for last 10,000:    0s.  Last read position: LG10:16,422,323
INFO	2022-02-13 16:38:35	MergeVcfs	Processed       800,000 records.  Elapsed time: 00:00:11s.  Time for last 10,000:    0s.  Last read position: LG10:16,764,065
INFO	2022-02-13 16:38:35	MergeVcfs	Processed       810,000 records.  Elapsed time: 00:00:11s.  Time for last 10,000:    0s.  Last read position: LG10:17,147,358
INFO	2022-02-13 16:38:35	MergeVcfs	Processed       820,000 records.  Elapsed time: 00:00:11s.  Time for last 10,000:    0s.  Last read position: LG10:17,432,954
INFO	2022-02-13 16:38:35	MergeVcfs	Processed       830,000 records.  Elapsed time: 00:00:11s.  Time for last 10,000:    0s.  Last read position: LG10:17,661,686
INFO	2022-02-13 16:38:35	MergeVcfs	Processed       840,000 records.  Elapsed time: 00:00:11s.  Time for last 10,000:    0s.  Last read position: LG10:17,960,904
INFO	2022-02-13 16:38:36	MergeVcfs	Processed       850,000 records.  Elapsed time: 00:00:11s.  Time for last 10,000:    0s.  Last read position: LG10:18,166,995
INFO	2022-02-13 16:38:36	MergeVcfs	Processed       860,000 records.  Elapsed time: 00:00:11s.  Time for last 10,000:    0s.  Last read position: LG10:18,364,895
INFO	2022-02-13 16:38:36	MergeVcfs	Processed       870,000 records.  Elapsed time: 00:00:12s.  Time for last 10,000:    0s.  Last read position: LG10:18,611,408
INFO	2022-02-13 16:38:36	MergeVcfs	Processed       880,000 records.  Elapsed time: 00:00:12s.  Time for last 10,000:    0s.  Last read position: LG10:18,876,042
INFO	2022-02-13 16:38:36	MergeVcfs	Processed       890,000 records.  Elapsed time: 00:00:12s.  Time for last 10,000:    0s.  Last read position: LG10:19,196,460
INFO	2022-02-13 16:38:36	MergeVcfs	Processed       900,000 records.  Elapsed time: 00:00:12s.  Time for last 10,000:    0s.  Last read position: LG10:19,450,093
16:38:36.795 WARN  IntelInflater - Zero Bytes Written : 0
[Sun Feb 13 16:38:36 PST 2022] picard.vcf.MergeVcfs done. Elapsed time: 0.21 minutes.
Runtime.totalMemory()=3275227136
Tool returned:
0
