==========================================
SLURM_JOB_ID = 7264091
SLURM_JOB_NODELIST = a01-03
TMPDIR = /tmp/SLURM_7264091
==========================================
Using GATK jar /home1/mharden/.conda/envs/gatk4/share/gatk4-4.2.2.0-1/gatk-package-4.2.2.0-local.jar
Running:
    java -Dsamjdk.use_async_io_read_samtools=false -Dsamjdk.use_async_io_write_samtools=true -Dsamjdk.use_async_io_write_tribble=false -Dsamjdk.compression_level=2 -jar /home1/mharden/.conda/envs/gatk4/share/gatk4-4.2.2.0-1/gatk-package-4.2.2.0-local.jar SortVcf -I 0019-scattered.interval_list.vcf.gz -O 0019-scattered.interval_list.sorted.vcf.gz
18:37:21.671 INFO  NativeLibraryLoader - Loading libgkl_compression.so from jar:file:/home1/mharden/.conda/envs/gatk4/share/gatk4-4.2.2.0-1/gatk-package-4.2.2.0-local.jar!/com/intel/gkl/native/libgkl_compression.so
[Mon Jan 31 18:37:23 PST 2022] SortVcf --INPUT 0019-scattered.interval_list.vcf.gz --OUTPUT 0019-scattered.interval_list.sorted.vcf.gz --VERBOSITY INFO --QUIET false --VALIDATION_STRINGENCY STRICT --COMPRESSION_LEVEL 2 --MAX_RECORDS_IN_RAM 500000 --CREATE_INDEX true --CREATE_MD5_FILE false --GA4GH_CLIENT_SECRETS client_secrets.json --help false --version false --showHidden false --USE_JDK_DEFLATER false --USE_JDK_INFLATER false
Jan 31, 2022 6:37:23 PM shaded.cloud_nio.com.google.auth.oauth2.ComputeEngineCredentials runningOnComputeEngine
INFO: Failed to detect whether we are running on Google Compute Engine.
[Mon Jan 31 18:37:23 PST 2022] Executing as mharden@a01-03.hpc.usc.edu on Linux 3.10.0-1062.4.1.el7.x86_64 amd64; OpenJDK 64-Bit Server VM 1.8.0_302-b08; Deflater: Intel; Inflater: Intel; Provider GCS is available; Picard version: Version:4.2.2.0
INFO	2022-01-31 18:37:23	SortVcf	Reading entries from input file 1
INFO	2022-01-31 18:37:25	SortVcf	read        25,000 records.  Elapsed time: 00:00:02s.  Time for last 25,000:    2s.  Last read position: LG11:10,380,298
INFO	2022-01-31 18:37:26	SortVcf	read        50,000 records.  Elapsed time: 00:00:03s.  Time for last 25,000:    0s.  Last read position: LG11:11,073,720
INFO	2022-01-31 18:37:26	SortVcf	read        75,000 records.  Elapsed time: 00:00:03s.  Time for last 25,000:    0s.  Last read position: LG11:11,615,476
INFO	2022-01-31 18:37:27	SortVcf	read       100,000 records.  Elapsed time: 00:00:04s.  Time for last 25,000:    0s.  Last read position: LG11:12,470,921
INFO	2022-01-31 18:37:27	SortVcf	read       125,000 records.  Elapsed time: 00:00:04s.  Time for last 25,000:    0s.  Last read position: LG11:13,583,749
INFO	2022-01-31 18:37:29	SortVcf	read       150,000 records.  Elapsed time: 00:00:05s.  Time for last 25,000:    1s.  Last read position: LG11:14,407,607
INFO	2022-01-31 18:37:29	SortVcf	read       175,000 records.  Elapsed time: 00:00:06s.  Time for last 25,000:    0s.  Last read position: LG11:15,024,325
INFO	2022-01-31 18:37:29	SortVcf	read       200,000 records.  Elapsed time: 00:00:06s.  Time for last 25,000:    0s.  Last read position: LG11:16,222,948
INFO	2022-01-31 18:37:29	SortVcf	read       225,000 records.  Elapsed time: 00:00:06s.  Time for last 25,000:    0s.  Last read position: LG11:17,731,114
INFO	2022-01-31 18:37:30	SortVcf	read       250,000 records.  Elapsed time: 00:00:06s.  Time for last 25,000:    0s.  Last read position: LG11:18,352,984
INFO	2022-01-31 18:37:30	SortVcf	read       275,000 records.  Elapsed time: 00:00:07s.  Time for last 25,000:    0s.  Last read position: LG11:18,895,517
INFO	2022-01-31 18:37:30	SortVcf	read       300,000 records.  Elapsed time: 00:00:07s.  Time for last 25,000:    0s.  Last read position: LG11:19,452,538
INFO	2022-01-31 18:37:31	SortVcf	read       325,000 records.  Elapsed time: 00:00:07s.  Time for last 25,000:    0s.  Last read position: LG11:20,098,061
INFO	2022-01-31 18:37:31	SortVcf	read       350,000 records.  Elapsed time: 00:00:07s.  Time for last 25,000:    0s.  Last read position: LG11:20,555,255
INFO	2022-01-31 18:37:31	SortVcf	read       375,000 records.  Elapsed time: 00:00:08s.  Time for last 25,000:    0s.  Last read position: LG11:21,103,071
INFO	2022-01-31 18:37:31	SortVcf	read       400,000 records.  Elapsed time: 00:00:08s.  Time for last 25,000:    0s.  Last read position: LG11:21,592,463
INFO	2022-01-31 18:37:32	SortVcf	read       425,000 records.  Elapsed time: 00:00:08s.  Time for last 25,000:    0s.  Last read position: LG11:22,182,018
INFO	2022-01-31 18:37:32	SortVcf	read       450,000 records.  Elapsed time: 00:00:09s.  Time for last 25,000:    0s.  Last read position: LG11:22,904,427
INFO	2022-01-31 18:37:32	SortVcf	read       475,000 records.  Elapsed time: 00:00:09s.  Time for last 25,000:    0s.  Last read position: LG11:23,401,785
INFO	2022-01-31 18:37:34	SortVcf	read       500,000 records.  Elapsed time: 00:00:11s.  Time for last 25,000:    1s.  Last read position: LG11:23,955,160
INFO	2022-01-31 18:38:39	SortVcf	read       525,000 records.  Elapsed time: 00:01:15s.  Time for last 25,000:   64s.  Last read position: LG11:24,254,774
INFO	2022-01-31 18:38:39	SortVcf	read       550,000 records.  Elapsed time: 00:01:16s.  Time for last 25,000:    0s.  Last read position: LG11:24,622,020
INFO	2022-01-31 18:38:39	SortVcf	read       575,000 records.  Elapsed time: 00:01:16s.  Time for last 25,000:    0s.  Last read position: LG11:24,839,589
INFO	2022-01-31 18:38:39	SortVcf	read       600,000 records.  Elapsed time: 00:01:16s.  Time for last 25,000:    0s.  Last read position: LG11:25,103,632
INFO	2022-01-31 18:38:40	SortVcf	read       625,000 records.  Elapsed time: 00:01:16s.  Time for last 25,000:    0s.  Last read position: LG11:25,587,013
INFO	2022-01-31 18:38:40	SortVcf	read       650,000 records.  Elapsed time: 00:01:17s.  Time for last 25,000:    0s.  Last read position: LG11:26,053,469
INFO	2022-01-31 18:38:40	SortVcf	read       675,000 records.  Elapsed time: 00:01:17s.  Time for last 25,000:    0s.  Last read position: LG11:26,539,397
INFO	2022-01-31 18:38:40	SortVcf	read       700,000 records.  Elapsed time: 00:01:17s.  Time for last 25,000:    0s.  Last read position: LG12:883,026
INFO	2022-01-31 18:38:41	SortVcf	read       725,000 records.  Elapsed time: 00:01:17s.  Time for last 25,000:    0s.  Last read position: LG12:1,599,450
INFO	2022-01-31 18:38:41	SortVcf	read       750,000 records.  Elapsed time: 00:01:18s.  Time for last 25,000:    0s.  Last read position: LG12:2,289,544
18:38:41.527 WARN  IntelInflater - Zero Bytes Written : 0
INFO	2022-01-31 18:38:48	SortVcf	wrote        25,000 records.  Elapsed time: 00:00:06s.  Time for last 25,000:    1s.  Last read position: LG11:10,380,298
INFO	2022-01-31 18:38:49	SortVcf	wrote        50,000 records.  Elapsed time: 00:00:07s.  Time for last 25,000:    1s.  Last read position: LG11:11,073,720
INFO	2022-01-31 18:38:49	SortVcf	wrote        75,000 records.  Elapsed time: 00:00:08s.  Time for last 25,000:    0s.  Last read position: LG11:11,615,476
INFO	2022-01-31 18:38:50	SortVcf	wrote       100,000 records.  Elapsed time: 00:00:08s.  Time for last 25,000:    0s.  Last read position: LG11:12,470,921
INFO	2022-01-31 18:38:50	SortVcf	wrote       125,000 records.  Elapsed time: 00:00:08s.  Time for last 25,000:    0s.  Last read position: LG11:13,583,749
INFO	2022-01-31 18:38:50	SortVcf	wrote       150,000 records.  Elapsed time: 00:00:09s.  Time for last 25,000:    0s.  Last read position: LG11:14,407,607
INFO	2022-01-31 18:38:51	SortVcf	wrote       175,000 records.  Elapsed time: 00:00:09s.  Time for last 25,000:    0s.  Last read position: LG11:15,024,325
INFO	2022-01-31 18:38:51	SortVcf	wrote       200,000 records.  Elapsed time: 00:00:09s.  Time for last 25,000:    0s.  Last read position: LG11:16,222,948
INFO	2022-01-31 18:38:51	SortVcf	wrote       225,000 records.  Elapsed time: 00:00:10s.  Time for last 25,000:    0s.  Last read position: LG11:17,731,114
INFO	2022-01-31 18:38:51	SortVcf	wrote       250,000 records.  Elapsed time: 00:00:10s.  Time for last 25,000:    0s.  Last read position: LG11:18,352,984
INFO	2022-01-31 18:38:52	SortVcf	wrote       275,000 records.  Elapsed time: 00:00:10s.  Time for last 25,000:    0s.  Last read position: LG11:18,895,517
INFO	2022-01-31 18:38:52	SortVcf	wrote       300,000 records.  Elapsed time: 00:00:10s.  Time for last 25,000:    0s.  Last read position: LG11:19,452,538
INFO	2022-01-31 18:38:52	SortVcf	wrote       325,000 records.  Elapsed time: 00:00:11s.  Time for last 25,000:    0s.  Last read position: LG11:20,098,061
INFO	2022-01-31 18:38:53	SortVcf	wrote       350,000 records.  Elapsed time: 00:00:11s.  Time for last 25,000:    0s.  Last read position: LG11:20,555,255
INFO	2022-01-31 18:38:53	SortVcf	wrote       375,000 records.  Elapsed time: 00:00:11s.  Time for last 25,000:    0s.  Last read position: LG11:21,103,071
INFO	2022-01-31 18:38:53	SortVcf	wrote       400,000 records.  Elapsed time: 00:00:12s.  Time for last 25,000:    0s.  Last read position: LG11:21,592,463
INFO	2022-01-31 18:38:53	SortVcf	wrote       425,000 records.  Elapsed time: 00:00:12s.  Time for last 25,000:    0s.  Last read position: LG11:22,182,018
INFO	2022-01-31 18:38:54	SortVcf	wrote       450,000 records.  Elapsed time: 00:00:12s.  Time for last 25,000:    0s.  Last read position: LG11:22,904,427
INFO	2022-01-31 18:38:54	SortVcf	wrote       475,000 records.  Elapsed time: 00:00:12s.  Time for last 25,000:    0s.  Last read position: LG11:23,401,785
INFO	2022-01-31 18:38:54	SortVcf	wrote       500,000 records.  Elapsed time: 00:00:13s.  Time for last 25,000:    0s.  Last read position: LG11:23,955,160
INFO	2022-01-31 18:38:55	SortVcf	wrote       525,000 records.  Elapsed time: 00:00:13s.  Time for last 25,000:    0s.  Last read position: LG11:24,254,774
INFO	2022-01-31 18:38:55	SortVcf	wrote       550,000 records.  Elapsed time: 00:00:13s.  Time for last 25,000:    0s.  Last read position: LG11:24,622,020
INFO	2022-01-31 18:38:55	SortVcf	wrote       575,000 records.  Elapsed time: 00:00:14s.  Time for last 25,000:    0s.  Last read position: LG11:24,839,589
INFO	2022-01-31 18:38:55	SortVcf	wrote       600,000 records.  Elapsed time: 00:00:14s.  Time for last 25,000:    0s.  Last read position: LG11:25,103,632
INFO	2022-01-31 18:38:56	SortVcf	wrote       625,000 records.  Elapsed time: 00:00:14s.  Time for last 25,000:    0s.  Last read position: LG11:25,587,013
INFO	2022-01-31 18:38:56	SortVcf	wrote       650,000 records.  Elapsed time: 00:00:15s.  Time for last 25,000:    0s.  Last read position: LG11:26,053,469
INFO	2022-01-31 18:38:56	SortVcf	wrote       675,000 records.  Elapsed time: 00:00:15s.  Time for last 25,000:    0s.  Last read position: LG11:26,539,397
INFO	2022-01-31 18:38:57	SortVcf	wrote       700,000 records.  Elapsed time: 00:00:15s.  Time for last 25,000:    0s.  Last read position: LG12:883,026
INFO	2022-01-31 18:38:57	SortVcf	wrote       725,000 records.  Elapsed time: 00:00:15s.  Time for last 25,000:    0s.  Last read position: LG12:1,599,450
INFO	2022-01-31 18:38:57	SortVcf	wrote       750,000 records.  Elapsed time: 00:00:16s.  Time for last 25,000:    0s.  Last read position: LG12:2,289,544
[Mon Jan 31 18:39:23 PST 2022] picard.vcf.SortVcf done. Elapsed time: 2.04 minutes.
Runtime.totalMemory()=11873026048
Tool returned:
0
