==========================================
SLURM_JOB_ID = 7264064
SLURM_JOB_NODELIST = a01-03
TMPDIR = /tmp/SLURM_7264064
==========================================
Using GATK jar /home1/mharden/.conda/envs/gatk4/share/gatk4-4.2.2.0-1/gatk-package-4.2.2.0-local.jar
Running:
    java -Dsamjdk.use_async_io_read_samtools=false -Dsamjdk.use_async_io_write_samtools=true -Dsamjdk.use_async_io_write_tribble=false -Dsamjdk.compression_level=2 -jar /home1/mharden/.conda/envs/gatk4/share/gatk4-4.2.2.0-1/gatk-package-4.2.2.0-local.jar SortVcf -I 0006-scattered.interval_list.vcf.gz -O 0006-scattered.interval_list.sorted.vcf.gz
18:25:14.505 INFO  NativeLibraryLoader - Loading libgkl_compression.so from jar:file:/home1/mharden/.conda/envs/gatk4/share/gatk4-4.2.2.0-1/gatk-package-4.2.2.0-local.jar!/com/intel/gkl/native/libgkl_compression.so
[Mon Jan 31 18:25:14 PST 2022] SortVcf --INPUT 0006-scattered.interval_list.vcf.gz --OUTPUT 0006-scattered.interval_list.sorted.vcf.gz --VERBOSITY INFO --QUIET false --VALIDATION_STRINGENCY STRICT --COMPRESSION_LEVEL 2 --MAX_RECORDS_IN_RAM 500000 --CREATE_INDEX true --CREATE_MD5_FILE false --GA4GH_CLIENT_SECRETS client_secrets.json --help false --version false --showHidden false --USE_JDK_DEFLATER false --USE_JDK_INFLATER false
Jan 31, 2022 6:25:14 PM shaded.cloud_nio.com.google.auth.oauth2.ComputeEngineCredentials runningOnComputeEngine
INFO: Failed to detect whether we are running on Google Compute Engine.
[Mon Jan 31 18:25:14 PST 2022] Executing as mharden@a01-03.hpc.usc.edu on Linux 3.10.0-1062.4.1.el7.x86_64 amd64; OpenJDK 64-Bit Server VM 1.8.0_302-b08; Deflater: Intel; Inflater: Intel; Provider GCS is available; Picard version: Version:4.2.2.0
INFO	2022-01-31 18:25:14	SortVcf	Reading entries from input file 1
INFO	2022-01-31 18:25:14	SortVcf	read        25,000 records.  Elapsed time: 00:00:00s.  Time for last 25,000:    0s.  Last read position: LG00:116,614,113
INFO	2022-01-31 18:25:15	SortVcf	read        50,000 records.  Elapsed time: 00:00:00s.  Time for last 25,000:    0s.  Last read position: LG00:117,761,751
INFO	2022-01-31 18:25:15	SortVcf	read        75,000 records.  Elapsed time: 00:00:00s.  Time for last 25,000:    0s.  Last read position: LG00:119,301,148
INFO	2022-01-31 18:25:15	SortVcf	read       100,000 records.  Elapsed time: 00:00:01s.  Time for last 25,000:    0s.  Last read position: LG00:120,966,838
INFO	2022-01-31 18:25:15	SortVcf	read       125,000 records.  Elapsed time: 00:00:01s.  Time for last 25,000:    0s.  Last read position: LG00:122,300,111
INFO	2022-01-31 18:25:16	SortVcf	read       150,000 records.  Elapsed time: 00:00:01s.  Time for last 25,000:    0s.  Last read position: LG00:123,594,767
INFO	2022-01-31 18:25:16	SortVcf	read       175,000 records.  Elapsed time: 00:00:01s.  Time for last 25,000:    0s.  Last read position: LG00:124,846,654
INFO	2022-01-31 18:25:16	SortVcf	read       200,000 records.  Elapsed time: 00:00:01s.  Time for last 25,000:    0s.  Last read position: LG00:126,071,155
INFO	2022-01-31 18:25:16	SortVcf	read       225,000 records.  Elapsed time: 00:00:02s.  Time for last 25,000:    0s.  Last read position: LG00:127,507,243
INFO	2022-01-31 18:25:17	SortVcf	read       250,000 records.  Elapsed time: 00:00:02s.  Time for last 25,000:    0s.  Last read position: LG00:128,553,622
INFO	2022-01-31 18:25:17	SortVcf	read       275,000 records.  Elapsed time: 00:00:02s.  Time for last 25,000:    0s.  Last read position: LG00:130,080,631
INFO	2022-01-31 18:25:17	SortVcf	read       300,000 records.  Elapsed time: 00:00:02s.  Time for last 25,000:    0s.  Last read position: LG00:131,441,518
INFO	2022-01-31 18:25:17	SortVcf	read       325,000 records.  Elapsed time: 00:00:03s.  Time for last 25,000:    0s.  Last read position: LG00:132,969,479
INFO	2022-01-31 18:25:17	SortVcf	read       350,000 records.  Elapsed time: 00:00:03s.  Time for last 25,000:    0s.  Last read position: LG00:134,318,207
18:25:17.978 WARN  IntelInflater - Zero Bytes Written : 0
INFO	2022-01-31 18:26:24	SortVcf	wrote        25,000 records.  Elapsed time: 00:01:06s.  Time for last 25,000:   32s.  Last read position: LG00:116,614,113
INFO	2022-01-31 18:26:25	SortVcf	wrote        50,000 records.  Elapsed time: 00:01:07s.  Time for last 25,000:    0s.  Last read position: LG00:117,761,751
INFO	2022-01-31 18:26:25	SortVcf	wrote        75,000 records.  Elapsed time: 00:01:07s.  Time for last 25,000:    0s.  Last read position: LG00:119,301,148
INFO	2022-01-31 18:26:25	SortVcf	wrote       100,000 records.  Elapsed time: 00:01:07s.  Time for last 25,000:    0s.  Last read position: LG00:120,966,838
INFO	2022-01-31 18:26:25	SortVcf	wrote       125,000 records.  Elapsed time: 00:01:08s.  Time for last 25,000:    0s.  Last read position: LG00:122,300,111
INFO	2022-01-31 18:26:38	SortVcf	wrote       150,000 records.  Elapsed time: 00:01:20s.  Time for last 25,000:   12s.  Last read position: LG00:123,594,767
INFO	2022-01-31 18:27:09	SortVcf	wrote       175,000 records.  Elapsed time: 00:01:51s.  Time for last 25,000:   31s.  Last read position: LG00:124,846,654
INFO	2022-01-31 18:27:17	SortVcf	wrote       200,000 records.  Elapsed time: 00:01:59s.  Time for last 25,000:    7s.  Last read position: LG00:126,071,155
INFO	2022-01-31 18:27:17	SortVcf	wrote       225,000 records.  Elapsed time: 00:01:59s.  Time for last 25,000:    0s.  Last read position: LG00:127,507,243
INFO	2022-01-31 18:27:17	SortVcf	wrote       250,000 records.  Elapsed time: 00:01:59s.  Time for last 25,000:    0s.  Last read position: LG00:128,553,622
INFO	2022-01-31 18:27:17	SortVcf	wrote       275,000 records.  Elapsed time: 00:01:59s.  Time for last 25,000:    0s.  Last read position: LG00:130,080,631
INFO	2022-01-31 18:27:17	SortVcf	wrote       300,000 records.  Elapsed time: 00:02:00s.  Time for last 25,000:    0s.  Last read position: LG00:131,441,518
INFO	2022-01-31 18:27:18	SortVcf	wrote       325,000 records.  Elapsed time: 00:02:00s.  Time for last 25,000:    0s.  Last read position: LG00:132,969,479
INFO	2022-01-31 18:27:18	SortVcf	wrote       350,000 records.  Elapsed time: 00:02:00s.  Time for last 25,000:    0s.  Last read position: LG00:134,318,207
[Mon Jan 31 18:27:18 PST 2022] picard.vcf.SortVcf done. Elapsed time: 2.06 minutes.
Runtime.totalMemory()=6221201408
Tool returned:
0
