==========================================
SLURM_JOB_ID = 7264105
SLURM_JOB_NODELIST = a01-03
TMPDIR = /tmp/SLURM_7264105
==========================================
Using GATK jar /home1/mharden/.conda/envs/gatk4/share/gatk4-4.2.2.0-1/gatk-package-4.2.2.0-local.jar
Running:
    java -Dsamjdk.use_async_io_read_samtools=false -Dsamjdk.use_async_io_write_samtools=true -Dsamjdk.use_async_io_write_tribble=false -Dsamjdk.compression_level=2 -jar /home1/mharden/.conda/envs/gatk4/share/gatk4-4.2.2.0-1/gatk-package-4.2.2.0-local.jar SortVcf -I 0031-scattered.interval_list.vcf.gz -O 0031-scattered.interval_list.sorted.vcf.gz
18:47:28.004 INFO  NativeLibraryLoader - Loading libgkl_compression.so from jar:file:/home1/mharden/.conda/envs/gatk4/share/gatk4-4.2.2.0-1/gatk-package-4.2.2.0-local.jar!/com/intel/gkl/native/libgkl_compression.so
[Mon Jan 31 18:47:28 PST 2022] SortVcf --INPUT 0031-scattered.interval_list.vcf.gz --OUTPUT 0031-scattered.interval_list.sorted.vcf.gz --VERBOSITY INFO --QUIET false --VALIDATION_STRINGENCY STRICT --COMPRESSION_LEVEL 2 --MAX_RECORDS_IN_RAM 500000 --CREATE_INDEX true --CREATE_MD5_FILE false --GA4GH_CLIENT_SECRETS client_secrets.json --help false --version false --showHidden false --USE_JDK_DEFLATER false --USE_JDK_INFLATER false
Jan 31, 2022 6:47:28 PM shaded.cloud_nio.com.google.auth.oauth2.ComputeEngineCredentials runningOnComputeEngine
INFO: Failed to detect whether we are running on Google Compute Engine.
[Mon Jan 31 18:47:28 PST 2022] Executing as mharden@a01-03.hpc.usc.edu on Linux 3.10.0-1062.4.1.el7.x86_64 amd64; OpenJDK 64-Bit Server VM 1.8.0_302-b08; Deflater: Intel; Inflater: Intel; Provider GCS is available; Picard version: Version:4.2.2.0
INFO	2022-01-31 18:47:31	SortVcf	Reading entries from input file 1
INFO	2022-01-31 18:47:32	SortVcf	read        25,000 records.  Elapsed time: 00:00:00s.  Time for last 25,000:    0s.  Last read position: LG27:1,455,991
INFO	2022-01-31 18:47:32	SortVcf	read        50,000 records.  Elapsed time: 00:00:01s.  Time for last 25,000:    0s.  Last read position: LG27:2,295,076
INFO	2022-01-31 18:47:32	SortVcf	read        75,000 records.  Elapsed time: 00:00:01s.  Time for last 25,000:    0s.  Last read position: LG27:2,849,145
INFO	2022-01-31 18:47:33	SortVcf	read       100,000 records.  Elapsed time: 00:00:02s.  Time for last 25,000:    0s.  Last read position: LG27:3,432,953
INFO	2022-01-31 18:47:33	SortVcf	read       125,000 records.  Elapsed time: 00:00:02s.  Time for last 25,000:    0s.  Last read position: LG27:4,088,547
INFO	2022-01-31 18:47:35	SortVcf	read       150,000 records.  Elapsed time: 00:00:03s.  Time for last 25,000:    1s.  Last read position: LG27:4,400,928
INFO	2022-01-31 18:47:35	SortVcf	read       175,000 records.  Elapsed time: 00:00:04s.  Time for last 25,000:    0s.  Last read position: LG27:4,823,874
INFO	2022-01-31 18:47:35	SortVcf	read       200,000 records.  Elapsed time: 00:00:04s.  Time for last 25,000:    0s.  Last read position: LG27:5,268,264
INFO	2022-01-31 18:47:35	SortVcf	read       225,000 records.  Elapsed time: 00:00:04s.  Time for last 25,000:    0s.  Last read position: LG27:5,543,936
INFO	2022-01-31 18:47:36	SortVcf	read       250,000 records.  Elapsed time: 00:00:04s.  Time for last 25,000:    0s.  Last read position: LG27:5,958,239
INFO	2022-01-31 18:47:36	SortVcf	read       275,000 records.  Elapsed time: 00:00:04s.  Time for last 25,000:    0s.  Last read position: LG27:6,542,155
INFO	2022-01-31 18:47:36	SortVcf	read       300,000 records.  Elapsed time: 00:00:05s.  Time for last 25,000:    0s.  Last read position: LG27:7,166,675
INFO	2022-01-31 18:47:36	SortVcf	read       325,000 records.  Elapsed time: 00:00:05s.  Time for last 25,000:    0s.  Last read position: LG27:7,736,889
INFO	2022-01-31 18:47:37	SortVcf	read       350,000 records.  Elapsed time: 00:00:05s.  Time for last 25,000:    0s.  Last read position: LG27:8,402,203
INFO	2022-01-31 18:47:37	SortVcf	read       375,000 records.  Elapsed time: 00:00:06s.  Time for last 25,000:    0s.  Last read position: LG27:9,285,063
INFO	2022-01-31 18:47:38	SortVcf	read       400,000 records.  Elapsed time: 00:00:07s.  Time for last 25,000:    1s.  Last read position: LG27:9,986,704
INFO	2022-01-31 18:47:39	SortVcf	read       425,000 records.  Elapsed time: 00:00:07s.  Time for last 25,000:    0s.  Last read position: LG27:10,671,720
INFO	2022-01-31 18:47:39	SortVcf	read       450,000 records.  Elapsed time: 00:00:08s.  Time for last 25,000:    0s.  Last read position: LG27:11,458,326
INFO	2022-01-31 18:47:39	SortVcf	read       475,000 records.  Elapsed time: 00:00:08s.  Time for last 25,000:    0s.  Last read position: LG27:12,199,661
INFO	2022-01-31 18:47:39	SortVcf	read       500,000 records.  Elapsed time: 00:00:08s.  Time for last 25,000:    0s.  Last read position: LG28:1,053,286
INFO	2022-01-31 18:47:44	SortVcf	read       525,000 records.  Elapsed time: 00:00:13s.  Time for last 25,000:    5s.  Last read position: LG28:1,572,632
INFO	2022-01-31 18:47:44	SortVcf	read       550,000 records.  Elapsed time: 00:00:13s.  Time for last 25,000:    0s.  Last read position: LG28:2,459,186
INFO	2022-01-31 18:47:45	SortVcf	read       575,000 records.  Elapsed time: 00:00:13s.  Time for last 25,000:    0s.  Last read position: LG28:3,406,238
INFO	2022-01-31 18:47:45	SortVcf	read       600,000 records.  Elapsed time: 00:00:14s.  Time for last 25,000:    0s.  Last read position: LG28:4,121,260
INFO	2022-01-31 18:47:45	SortVcf	read       625,000 records.  Elapsed time: 00:00:14s.  Time for last 25,000:    0s.  Last read position: LG28:4,841,079
INFO	2022-01-31 18:47:46	SortVcf	read       650,000 records.  Elapsed time: 00:00:14s.  Time for last 25,000:    0s.  Last read position: LG28:5,329,742
INFO	2022-01-31 18:47:46	SortVcf	read       675,000 records.  Elapsed time: 00:00:15s.  Time for last 25,000:    0s.  Last read position: LG28:5,836,839
INFO	2022-01-31 18:47:46	SortVcf	read       700,000 records.  Elapsed time: 00:00:15s.  Time for last 25,000:    0s.  Last read position: LG28:6,488,411
INFO	2022-01-31 18:47:47	SortVcf	read       725,000 records.  Elapsed time: 00:00:15s.  Time for last 25,000:    0s.  Last read position: LG28:7,083,324
18:47:47.198 WARN  IntelInflater - Zero Bytes Written : 0
INFO	2022-01-31 18:47:49	SortVcf	wrote        25,000 records.  Elapsed time: 00:00:02s.  Time for last 25,000:    0s.  Last read position: LG27:1,455,991
INFO	2022-01-31 18:47:50	SortVcf	wrote        50,000 records.  Elapsed time: 00:00:02s.  Time for last 25,000:    0s.  Last read position: LG27:2,295,076
INFO	2022-01-31 18:47:50	SortVcf	wrote        75,000 records.  Elapsed time: 00:00:03s.  Time for last 25,000:    0s.  Last read position: LG27:2,849,145
INFO	2022-01-31 18:47:50	SortVcf	wrote       100,000 records.  Elapsed time: 00:00:03s.  Time for last 25,000:    0s.  Last read position: LG27:3,432,953
INFO	2022-01-31 18:47:51	SortVcf	wrote       125,000 records.  Elapsed time: 00:00:03s.  Time for last 25,000:    0s.  Last read position: LG27:4,088,547
INFO	2022-01-31 18:47:51	SortVcf	wrote       150,000 records.  Elapsed time: 00:00:04s.  Time for last 25,000:    0s.  Last read position: LG27:4,400,928
INFO	2022-01-31 18:47:51	SortVcf	wrote       175,000 records.  Elapsed time: 00:00:04s.  Time for last 25,000:    0s.  Last read position: LG27:4,823,874
INFO	2022-01-31 18:47:51	SortVcf	wrote       200,000 records.  Elapsed time: 00:00:04s.  Time for last 25,000:    0s.  Last read position: LG27:5,268,264
INFO	2022-01-31 18:47:52	SortVcf	wrote       225,000 records.  Elapsed time: 00:00:04s.  Time for last 25,000:    0s.  Last read position: LG27:5,543,936
INFO	2022-01-31 18:47:52	SortVcf	wrote       250,000 records.  Elapsed time: 00:00:05s.  Time for last 25,000:    0s.  Last read position: LG27:5,958,239
INFO	2022-01-31 18:47:52	SortVcf	wrote       275,000 records.  Elapsed time: 00:00:05s.  Time for last 25,000:    0s.  Last read position: LG27:6,542,155
INFO	2022-01-31 18:47:53	SortVcf	wrote       300,000 records.  Elapsed time: 00:00:05s.  Time for last 25,000:    0s.  Last read position: LG27:7,166,675
INFO	2022-01-31 18:47:53	SortVcf	wrote       325,000 records.  Elapsed time: 00:00:06s.  Time for last 25,000:    0s.  Last read position: LG27:7,736,889
INFO	2022-01-31 18:47:53	SortVcf	wrote       350,000 records.  Elapsed time: 00:00:06s.  Time for last 25,000:    0s.  Last read position: LG27:8,402,203
INFO	2022-01-31 18:47:54	SortVcf	wrote       375,000 records.  Elapsed time: 00:00:06s.  Time for last 25,000:    0s.  Last read position: LG27:9,285,063
INFO	2022-01-31 18:47:54	SortVcf	wrote       400,000 records.  Elapsed time: 00:00:07s.  Time for last 25,000:    0s.  Last read position: LG27:9,986,704
INFO	2022-01-31 18:47:59	SortVcf	wrote       425,000 records.  Elapsed time: 00:00:12s.  Time for last 25,000:    5s.  Last read position: LG27:10,671,720
INFO	2022-01-31 18:48:00	SortVcf	wrote       450,000 records.  Elapsed time: 00:00:12s.  Time for last 25,000:    0s.  Last read position: LG27:11,458,326
INFO	2022-01-31 18:48:00	SortVcf	wrote       475,000 records.  Elapsed time: 00:00:13s.  Time for last 25,000:    0s.  Last read position: LG27:12,199,661
INFO	2022-01-31 18:48:00	SortVcf	wrote       500,000 records.  Elapsed time: 00:00:13s.  Time for last 25,000:    0s.  Last read position: LG28:1,053,286
INFO	2022-01-31 18:48:01	SortVcf	wrote       525,000 records.  Elapsed time: 00:00:13s.  Time for last 25,000:    0s.  Last read position: LG28:1,572,632
INFO	2022-01-31 18:48:01	SortVcf	wrote       550,000 records.  Elapsed time: 00:00:14s.  Time for last 25,000:    0s.  Last read position: LG28:2,459,186
INFO	2022-01-31 18:48:01	SortVcf	wrote       575,000 records.  Elapsed time: 00:00:14s.  Time for last 25,000:    0s.  Last read position: LG28:3,406,238
INFO	2022-01-31 18:48:01	SortVcf	wrote       600,000 records.  Elapsed time: 00:00:14s.  Time for last 25,000:    0s.  Last read position: LG28:4,121,260
INFO	2022-01-31 18:48:02	SortVcf	wrote       625,000 records.  Elapsed time: 00:00:15s.  Time for last 25,000:    0s.  Last read position: LG28:4,841,079
INFO	2022-01-31 18:48:02	SortVcf	wrote       650,000 records.  Elapsed time: 00:00:15s.  Time for last 25,000:    0s.  Last read position: LG28:5,329,742
INFO	2022-01-31 18:48:02	SortVcf	wrote       675,000 records.  Elapsed time: 00:00:15s.  Time for last 25,000:    0s.  Last read position: LG28:5,836,839
INFO	2022-01-31 18:48:03	SortVcf	wrote       700,000 records.  Elapsed time: 00:00:15s.  Time for last 25,000:    0s.  Last read position: LG28:6,488,411
INFO	2022-01-31 18:48:03	SortVcf	wrote       725,000 records.  Elapsed time: 00:00:16s.  Time for last 25,000:    0s.  Last read position: LG28:7,083,324
[Mon Jan 31 18:48:03 PST 2022] picard.vcf.SortVcf done. Elapsed time: 0.59 minutes.
Runtime.totalMemory()=10618929152
Tool returned:
0
