==========================================
SLURM_JOB_ID = 1174479
SLURM_JOB_NODELIST = b10-23
TMPDIR = /tmp/SLURM_1174479
==========================================
Display: 
Java memory size is set to 14G
Launching application...

QualiMap v.2.2.2-dev
Built on 2016-12-11 14:41

Selected tool: bamqc
Available memory (Mb): 33
Max memory (Mb): 15032
Starting bam qc....
Loading sam header...
Loading locator...
Loading reference...
Number of windows: 400, effective number of windows: 432
Chunk of reads size: 1000
Number of threads: 12
Processed 50 out of 432 windows...
Processed 100 out of 432 windows...
Processed 150 out of 432 windows...
Processed 200 out of 432 windows...
Processed 250 out of 432 windows...
Processed 300 out of 432 windows...
Processed 350 out of 432 windows...
Processed 400 out of 432 windows...
Total processed windows:432
Number of reads: 183301102
Number of valid reads: 171112874
Number of correct strand reads:0

Inside of regions...
Num mapped reads: 171112874
Num mapped first of pair: 85915426
Num mapped second of pair: 85197448
Num singletons: 4743888
Time taken to analyze reads: 713
Computing descriptors...
numberOfMappedBases: 16718102516
referenceSize: 634545109
numberOfSequencedBases: 16693220078
numberOfAs: 4363272084
Computing per chromosome statistics...
Computing histograms...
Overall analysis time: 742
end of bam qc
Computing report...
Writing HTML report...
HTML report created successfully

Finished
