==========================================
SLURM_JOB_ID = 1174476
SLURM_JOB_NODELIST = b10-17
TMPDIR = /tmp/SLURM_1174476
==========================================
Display: 
Java memory size is set to 14G
Launching application...

QualiMap v.2.2.2-dev
Built on 2016-12-11 14:41

Selected tool: bamqc
Available memory (Mb): 33
Max memory (Mb): 15032
Starting bam qc....
Loading sam header...
Loading locator...
Loading reference...
Number of windows: 400, effective number of windows: 432
Chunk of reads size: 1000
Number of threads: 12
Processed 50 out of 432 windows...
Processed 100 out of 432 windows...
Processed 150 out of 432 windows...
Processed 200 out of 432 windows...
Processed 250 out of 432 windows...
Processed 300 out of 432 windows...
Processed 350 out of 432 windows...
Processed 400 out of 432 windows...
Total processed windows:432
Number of reads: 184858356
Number of valid reads: 173067381
Number of correct strand reads:0

Inside of regions...
Num mapped reads: 173067381
Num mapped first of pair: 86875706
Num mapped second of pair: 86191675
Num singletons: 3701205
Time taken to analyze reads: 696
Computing descriptors...
numberOfMappedBases: 17083199465
referenceSize: 634545109
numberOfSequencedBases: 17064826693
numberOfAs: 4478712574
Computing per chromosome statistics...
Computing histograms...
Overall analysis time: 724
end of bam qc
Computing report...
Writing HTML report...
HTML report created successfully

Finished
