==========================================
SLURM_JOB_ID = 1174473
SLURM_JOB_NODELIST = b08-18
TMPDIR = /tmp/SLURM_1174473
==========================================
Display: 
Java memory size is set to 14G
Launching application...

QualiMap v.2.2.2-dev
Built on 2016-12-11 14:41

Selected tool: bamqc
Available memory (Mb): 33
Max memory (Mb): 15032
Starting bam qc....
Loading sam header...
Loading locator...
Loading reference...
Number of windows: 400, effective number of windows: 432
Chunk of reads size: 1000
Number of threads: 12
Processed 50 out of 432 windows...
Processed 100 out of 432 windows...
Processed 150 out of 432 windows...
Processed 200 out of 432 windows...
Processed 250 out of 432 windows...
Processed 300 out of 432 windows...
Processed 350 out of 432 windows...
Processed 400 out of 432 windows...
Total processed windows:432
Number of reads: 163043954
Number of valid reads: 154313156
Number of correct strand reads:0

Inside of regions...
Num mapped reads: 154313156
Num mapped first of pair: 77446694
Num mapped second of pair: 76866462
Num singletons: 3263640
Time taken to analyze reads: 649
Computing descriptors...
numberOfMappedBases: 15063458580
referenceSize: 634545109
numberOfSequencedBases: 15047049791
numberOfAs: 3880975099
Computing per chromosome statistics...
Computing histograms...
Overall analysis time: 680
end of bam qc
Computing report...
Writing HTML report...
HTML report created successfully

Finished
