==========================================
SLURM_JOB_ID = 1174503
SLURM_JOB_NODELIST = a05-34
TMPDIR = /tmp/SLURM_1174503
==========================================
Display: 
Java memory size is set to 14G
Launching application...

QualiMap v.2.2.2-dev
Built on 2016-12-11 14:41

Selected tool: bamqc
Available memory (Mb): 33
Max memory (Mb): 15032
Starting bam qc....
Loading sam header...
Loading locator...
Loading reference...
Number of windows: 400, effective number of windows: 432
Chunk of reads size: 1000
Number of threads: 12
Processed 50 out of 432 windows...
Processed 100 out of 432 windows...
Processed 150 out of 432 windows...
Processed 200 out of 432 windows...
Processed 250 out of 432 windows...
Processed 300 out of 432 windows...
Processed 350 out of 432 windows...
Processed 400 out of 432 windows...
Total processed windows:432
Number of reads: 177227174
Number of valid reads: 165748075
Number of correct strand reads:0

Inside of regions...
Num mapped reads: 165748075
Num mapped first of pair: 83307940
Num mapped second of pair: 82440135
Num singletons: 4453349
Time taken to analyze reads: 754
Computing descriptors...
numberOfMappedBases: 16111562193
referenceSize: 634545109
numberOfSequencedBases: 16091257088
numberOfAs: 4163504910
Computing per chromosome statistics...
Computing histograms...
Overall analysis time: 782
end of bam qc
Computing report...
Writing HTML report...
HTML report created successfully

Finished
