==========================================
SLURM_JOB_ID = 1174495
SLURM_JOB_NODELIST = a05-18
TMPDIR = /tmp/SLURM_1174495
==========================================
Display: 
Java memory size is set to 14G
Launching application...

QualiMap v.2.2.2-dev
Built on 2016-12-11 14:41

Selected tool: bamqc
Available memory (Mb): 33
Max memory (Mb): 15032
Starting bam qc....
Loading sam header...
Loading locator...
Loading reference...
Number of windows: 400, effective number of windows: 432
Chunk of reads size: 1000
Number of threads: 12
Processed 50 out of 432 windows...
Processed 100 out of 432 windows...
Processed 150 out of 432 windows...
Processed 200 out of 432 windows...
Processed 250 out of 432 windows...
Processed 300 out of 432 windows...
Processed 350 out of 432 windows...
Processed 400 out of 432 windows...
Total processed windows:432
Number of reads: 149346656
Number of valid reads: 136653262
Number of correct strand reads:0

Inside of regions...
Num mapped reads: 136653262
Num mapped first of pair: 68583068
Num mapped second of pair: 68070194
Num singletons: 3085820
Time taken to analyze reads: 580
Computing descriptors...
numberOfMappedBases: 13289933261
referenceSize: 634545109
numberOfSequencedBases: 13274367040
numberOfAs: 3546062453
Computing per chromosome statistics...
Computing histograms...
Overall analysis time: 603
end of bam qc
Computing report...
Writing HTML report...
HTML report created successfully

Finished
