==========================================
SLURM_JOB_ID = 1174472
SLURM_JOB_NODELIST = b08-12
TMPDIR = /tmp/SLURM_1174472
==========================================
Display: 
Java memory size is set to 14G
Launching application...

QualiMap v.2.2.2-dev
Built on 2016-12-11 14:41

Selected tool: bamqc
Available memory (Mb): 33
Max memory (Mb): 15032
Starting bam qc....
Loading sam header...
Loading locator...
Loading reference...
Number of windows: 400, effective number of windows: 432
Chunk of reads size: 1000
Number of threads: 12
Processed 50 out of 432 windows...
Processed 100 out of 432 windows...
Processed 150 out of 432 windows...
Processed 200 out of 432 windows...
Processed 250 out of 432 windows...
Processed 300 out of 432 windows...
Processed 350 out of 432 windows...
Processed 400 out of 432 windows...
Total processed windows:432
Number of reads: 173595724
Number of valid reads: 160814568
Number of correct strand reads:0

Inside of regions...
Num mapped reads: 160814568
Num mapped first of pair: 81117774
Num mapped second of pair: 79696794
Num singletons: 3880450
Time taken to analyze reads: 734
Computing descriptors...
numberOfMappedBases: 15696492837
referenceSize: 634545109
numberOfSequencedBases: 15680179708
numberOfAs: 4091546404
Computing per chromosome statistics...
Computing histograms...
Overall analysis time: 763
end of bam qc
Computing report...
Writing HTML report...
HTML report created successfully

Finished
