==========================================
SLURM_JOB_ID = 1174492
SLURM_JOB_NODELIST = a05-11
TMPDIR = /tmp/SLURM_1174492
==========================================
Display: 
Java memory size is set to 14G
Launching application...

QualiMap v.2.2.2-dev
Built on 2016-12-11 14:41

Selected tool: bamqc
Available memory (Mb): 33
Max memory (Mb): 15032
Starting bam qc....
Loading sam header...
Loading locator...
Loading reference...
Number of windows: 400, effective number of windows: 432
Chunk of reads size: 1000
Number of threads: 12
Processed 50 out of 432 windows...
Processed 100 out of 432 windows...
Processed 150 out of 432 windows...
Processed 200 out of 432 windows...
Processed 250 out of 432 windows...
Processed 300 out of 432 windows...
Processed 350 out of 432 windows...
Processed 400 out of 432 windows...
Total processed windows:432
Number of reads: 153194074
Number of valid reads: 143507723
Number of correct strand reads:0

Inside of regions...
Num mapped reads: 143507723
Num mapped first of pair: 72131269
Num mapped second of pair: 71376454
Num singletons: 3555615
Time taken to analyze reads: 606
Computing descriptors...
numberOfMappedBases: 13788945591
referenceSize: 634545109
numberOfSequencedBases: 13773183967
numberOfAs: 3562945881
Computing per chromosome statistics...
Computing histograms...
Overall analysis time: 630
end of bam qc
Computing report...
Writing HTML report...
HTML report created successfully

Finished
