==========================================
SLURM_JOB_ID = 1174489
SLURM_JOB_NODELIST = a05-08
TMPDIR = /tmp/SLURM_1174489
==========================================
Display: 
Java memory size is set to 14G
Launching application...

QualiMap v.2.2.2-dev
Built on 2016-12-11 14:41

Selected tool: bamqc
Available memory (Mb): 33
Max memory (Mb): 15032
Starting bam qc....
Loading sam header...
Loading locator...
Loading reference...
Number of windows: 400, effective number of windows: 432
Chunk of reads size: 1000
Number of threads: 12
Processed 50 out of 432 windows...
Processed 100 out of 432 windows...
Processed 150 out of 432 windows...
Processed 200 out of 432 windows...
Processed 250 out of 432 windows...
Processed 300 out of 432 windows...
Processed 350 out of 432 windows...
Processed 400 out of 432 windows...
Total processed windows:432
Number of reads: 159335030
Number of valid reads: 150328619
Number of correct strand reads:0

Inside of regions...
Num mapped reads: 150328619
Num mapped first of pair: 75465125
Num mapped second of pair: 74863494
Num singletons: 3240419
Time taken to analyze reads: 636
Computing descriptors...
numberOfMappedBases: 14796880827
referenceSize: 634545109
numberOfSequencedBases: 14780943306
numberOfAs: 3864494726
Computing per chromosome statistics...
Computing histograms...
Overall analysis time: 668
end of bam qc
Computing report...
Writing HTML report...
HTML report created successfully

Finished
