==========================================
SLURM_JOB_ID = 1174500
SLURM_JOB_NODELIST = a05-23
TMPDIR = /tmp/SLURM_1174500
==========================================
Display: 
Java memory size is set to 14G
Launching application...

QualiMap v.2.2.2-dev
Built on 2016-12-11 14:41

Selected tool: bamqc
Available memory (Mb): 33
Max memory (Mb): 15032
Starting bam qc....
Loading sam header...
Loading locator...
Loading reference...
Number of windows: 400, effective number of windows: 432
Chunk of reads size: 1000
Number of threads: 12
Processed 50 out of 432 windows...
Processed 100 out of 432 windows...
Processed 150 out of 432 windows...
Processed 200 out of 432 windows...
Processed 250 out of 432 windows...
Processed 300 out of 432 windows...
Processed 350 out of 432 windows...
Processed 400 out of 432 windows...
Total processed windows:432
Number of reads: 58128392
Number of valid reads: 54312064
Number of correct strand reads:0

Inside of regions...
Num mapped reads: 54312064
Num mapped first of pair: 27412155
Num mapped second of pair: 26899909
Num singletons: 1332544
Time taken to analyze reads: 234
Computing descriptors...
numberOfMappedBases: 5319887038
referenceSize: 634545109
numberOfSequencedBases: 5314465245
numberOfAs: 1393031714
Computing per chromosome statistics...
Computing histograms...
Overall analysis time: 242
end of bam qc
Computing report...
Writing HTML report...
HTML report created successfully

Finished
