[2021-08-25 16:56:05,146] multiqc                                            [DEBUG  ]  This is MultiQC v1.11
[2021-08-25 16:56:05,149] multiqc                                            [DEBUG  ]  No MultiQC config found: /home1/mharden/.conda/envs/multiqc/lib/python3.9/site-packages/multiqc_config.yaml
[2021-08-25 16:56:05,150] multiqc                                            [DEBUG  ]  No MultiQC config found: /home1/mharden/.multiqc_config.yaml
[2021-08-25 16:56:05,151] multiqc                                            [DEBUG  ]  No MultiQC config found: multiqc_config.yaml
[2021-08-25 16:56:05,152] multiqc                                            [DEBUG  ]  Command used: /home1/mharden/.conda/envs/multiqc/bin/multiqc .
[2021-08-25 16:56:05,877] multiqc                                            [DEBUG  ]  Latest MultiQC version is v1.11
[2021-08-25 16:56:05,878] multiqc                                            [DEBUG  ]  Command     : /home1/mharden/.conda/envs/multiqc/bin/multiqc .
[2021-08-25 16:56:05,878] multiqc                                            [DEBUG  ]  Working dir : /scratch/mharden/undaria_variation/bowtie2logs
[2021-08-25 16:56:05,878] multiqc                                            [DEBUG  ]  Template    : default
[2021-08-25 16:56:05,878] multiqc                                            [DEBUG  ]  Running Python 3.9.6 | packaged by conda-forge | (default, Jul 11 2021, 03:39:48)  [GCC 9.3.0]
[2021-08-25 16:56:05,878] multiqc                                            [DEBUG  ]  Analysing modules: custom_content, ccs, ngsderive, purple, conpair, lima, peddy, somalier, methylQA, mosdepth, phantompeakqualtools, qualimap, preseq, quast, qorts, rna_seqc, rockhopper, rsem, rseqc, busco, bustools, goleft_indexcov, gffcompare, disambiguate, supernova, deeptools, sargasso, verifybamid, mirtrace, happy, mirtop, sambamba, homer, hops, macs2, theta2, snpeff, gatk, htseq, bcftools, featureCounts, fgbio, dragen, dedup, damageprofiler, biobambam2, jcvi, mtnucratio, picard, vep, sentieon, prokka, qc3C, nanostat, samblaster, samtools, sexdeterrmine, eigenstratdatabasetools, bamtools, jellyfish, vcftools, longranger, stacks, varscan2, snippy, bbmap, bismark, biscuit, hicexplorer, hicup, hicpro, salmon, kallisto, slamdunk, star, hisat2, tophat, bowtie2, bowtie1, snpsplit, odgi, pangolin, kat, leehom, adapterRemoval, clipandmerge, cutadapt, flexbar, kaiju, kraken, malt, trimmomatic, sickle, skewer, sortmerna, biobloomtools, fastq_screen, afterqc, fastp, fastqc, pychopper, pycoqc, minionqc, multivcfanalyzer, clusterflow, bcl2fastq, bclconvert, interop, ivar, flash, seqyclean, optitype
[2021-08-25 16:56:05,878] multiqc                                            [DEBUG  ]  Using temporary directory for creating report: /tmp/tmpmjk1y5gu
[2021-08-25 16:56:06,026] multiqc                                            [INFO   ]  Search path : /scratch/mharden/undaria_variation/bowtie2logs
[2021-08-25 16:56:06,465] multiqc                                            [DEBUG  ]  File ignored by ccs/v4 because it exceeded search pattern filesize limit: bowtie2build.out
[2021-08-25 16:56:06,472] multiqc                                            [DEBUG  ]  File ignored by hicexplorer because it exceeded search pattern filesize limit: bowtie2build.out
[2021-08-25 16:56:06,472] multiqc                                            [DEBUG  ]  File ignored by nanostat because it exceeded search pattern filesize limit: bowtie2build.out
[2021-08-25 16:56:06,472] multiqc                                            [DEBUG  ]  File ignored by lima/summary because it exceeded search pattern filesize limit: bowtie2build.out
[2021-08-25 16:56:06,485] multiqc                                            [DEBUG  ]  File ignored by longranger/invocation because it exceeded search pattern filesize limit: bowtie2build.out
[2021-08-25 16:56:08,666] multiqc                                            [DEBUG  ]  File ignored by ccs/v4 because it exceeded search pattern filesize limit: SRR12223712bowtie2.out
[2021-08-25 16:56:08,675] multiqc                                            [DEBUG  ]  File ignored by lima/summary because it exceeded search pattern filesize limit: SRR12223712bowtie2.out
[2021-08-25 16:56:09,935] multiqc.plots.bargraph                             [DEBUG  ]  Using matplotlib version 3.4.3
[2021-08-25 16:56:09,945] multiqc.plots.linegraph                            [DEBUG  ]  Using matplotlib version 3.4.3
[2021-08-25 16:56:09,959] multiqc                                            [DEBUG  ]  No samples found: custom_content
[2021-08-25 16:56:09,972] multiqc                                            [DEBUG  ]  No samples found: ccs
[2021-08-25 16:56:09,984] multiqc                                            [DEBUG  ]  No samples found: ngsderive
[2021-08-25 16:56:09,996] multiqc                                            [DEBUG  ]  No samples found: purple
[2021-08-25 16:56:10,003] multiqc                                            [DEBUG  ]  No samples found: conpair
[2021-08-25 16:56:10,024] multiqc                                            [DEBUG  ]  No samples found: lima
[2021-08-25 16:56:10,030] multiqc                                            [DEBUG  ]  No samples found: peddy
[2021-08-25 16:56:10,053] multiqc                                            [DEBUG  ]  No samples found: somalier
[2021-08-25 16:56:10,069] multiqc                                            [DEBUG  ]  No samples found: methylQA
[2021-08-25 16:56:10,114] multiqc.modules.mosdepth.mosdepth                  [DEBUG  ]  include_contigs: []
[2021-08-25 16:56:10,114] multiqc.modules.mosdepth.mosdepth                  [DEBUG  ]  exclude_contigs: []
[2021-08-25 16:56:10,114] multiqc                                            [DEBUG  ]  No samples found: mosdepth
[2021-08-25 16:56:10,129] multiqc                                            [DEBUG  ]  No samples found: phantompeakqualtools
[2021-08-25 16:56:10,137] multiqc                                            [DEBUG  ]  No samples found: qualimap
[2021-08-25 16:56:10,156] multiqc                                            [DEBUG  ]  No samples found: preseq
[2021-08-25 16:56:10,170] multiqc                                            [DEBUG  ]  No samples found: quast
[2021-08-25 16:56:10,193] multiqc                                            [DEBUG  ]  No samples found: qorts
[2021-08-25 16:56:10,199] multiqc                                            [DEBUG  ]  No samples found: rna_seqc
[2021-08-25 16:56:10,204] multiqc                                            [DEBUG  ]  No samples found: rockhopper
[2021-08-25 16:56:10,209] multiqc                                            [DEBUG  ]  No samples found: rsem
[2021-08-25 16:56:10,284] multiqc                                            [DEBUG  ]  No samples found: rseqc
[2021-08-25 16:56:10,289] multiqc                                            [DEBUG  ]  No samples found: busco
[2021-08-25 16:56:10,303] multiqc                                            [DEBUG  ]  No samples found: bustools
[2021-08-25 16:56:10,310] multiqc                                            [DEBUG  ]  No samples found: goleft_indexcov
[2021-08-25 16:56:10,339] multiqc                                            [DEBUG  ]  No samples found: gffcompare
[2021-08-25 16:56:10,354] multiqc                                            [DEBUG  ]  No samples found: disambiguate
[2021-08-25 16:56:10,372] multiqc                                            [DEBUG  ]  No samples found: supernova
[2021-08-25 16:56:10,457] multiqc                                            [DEBUG  ]  No samples found: deeptools
[2021-08-25 16:56:10,478] multiqc                                            [DEBUG  ]  No samples found: sargasso
[2021-08-25 16:56:10,491] multiqc                                            [DEBUG  ]  No samples found: verifybamid
[2021-08-25 16:56:10,496] multiqc                                            [DEBUG  ]  No samples found: mirtrace
[2021-08-25 16:56:10,512] multiqc                                            [DEBUG  ]  No samples found: happy
[2021-08-25 16:56:10,518] multiqc                                            [DEBUG  ]  No samples found: mirtop
[2021-08-25 16:56:10,523] multiqc                                            [DEBUG  ]  No samples found: sambamba
[2021-08-25 16:56:10,556] multiqc                                            [DEBUG  ]  No samples found: homer
[2021-08-25 16:56:10,562] multiqc                                            [DEBUG  ]  No samples found: hops
[2021-08-25 16:56:10,574] multiqc                                            [DEBUG  ]  No samples found: macs2
[2021-08-25 16:56:10,591] multiqc                                            [DEBUG  ]  No samples found: theta2
[2021-08-25 16:56:10,601] multiqc                                            [DEBUG  ]  No samples found: snpeff
[2021-08-25 16:56:10,626] multiqc                                            [DEBUG  ]  No samples found: gatk
[2021-08-25 16:56:10,647] multiqc                                            [DEBUG  ]  No samples found: htseq
[2021-08-25 16:56:10,672] multiqc                                            [DEBUG  ]  No samples found: bcftools
[2021-08-25 16:56:10,682] multiqc                                            [DEBUG  ]  No samples found: featureCounts
[2021-08-25 16:56:10,723] multiqc                                            [DEBUG  ]  No samples found: fgbio
[2021-08-25 16:56:10,783] multiqc                                            [DEBUG  ]  No samples found: dragen
[2021-08-25 16:56:10,794] multiqc                                            [DEBUG  ]  No samples found: dedup
[2021-08-25 16:56:10,801] multiqc                                            [DEBUG  ]  No samples found: damageprofiler
[2021-08-25 16:56:10,950] multiqc                                            [DEBUG  ]  No samples found: biobambam2
[2021-08-25 16:56:10,961] multiqc                                            [DEBUG  ]  No samples found: jcvi
[2021-08-25 16:56:10,976] multiqc                                            [DEBUG  ]  No samples found: mtnucratio
[2021-08-25 16:56:10,978] multiqc                                            [DEBUG  ]  No samples found: picard
[2021-08-25 16:56:10,989] multiqc                                            [DEBUG  ]  No samples found: vep
[2021-08-25 16:56:11,006] multiqc                                            [DEBUG  ]  No samples found: sentieon
[2021-08-25 16:56:11,016] multiqc                                            [DEBUG  ]  No samples found: prokka
[2021-08-25 16:56:11,032] multiqc                                            [DEBUG  ]  No samples found: qc3C
[2021-08-25 16:56:11,050] multiqc                                            [DEBUG  ]  No samples found: nanostat
[2021-08-25 16:56:11,057] multiqc                                            [DEBUG  ]  No samples found: samblaster
[2021-08-25 16:56:11,090] multiqc                                            [DEBUG  ]  No samples found: samtools
[2021-08-25 16:56:11,109] multiqc                                            [DEBUG  ]  No samples found: sexdeterrmine
[2021-08-25 16:56:11,122] multiqc                                            [DEBUG  ]  No samples found: eigenstratdatabasetools
[2021-08-25 16:56:11,133] multiqc                                            [DEBUG  ]  No samples found: bamtools
[2021-08-25 16:56:11,151] multiqc                                            [DEBUG  ]  No samples found: jellyfish
[2021-08-25 16:56:11,193] multiqc                                            [DEBUG  ]  No samples found: vcftools
[2021-08-25 16:56:11,198] multiqc                                            [DEBUG  ]  No samples found: longranger
[2021-08-25 16:56:11,208] multiqc                                            [DEBUG  ]  No samples found: stacks
[2021-08-25 16:56:11,224] multiqc                                            [DEBUG  ]  No samples found: varscan2
[2021-08-25 16:56:11,238] multiqc                                            [DEBUG  ]  No samples found: snippy
[2021-08-25 16:56:11,257] multiqc                                            [DEBUG  ]  No samples found: bbmap
[2021-08-25 16:56:11,267] multiqc                                            [DEBUG  ]  No samples found: bismark
[2021-08-25 16:56:11,284] multiqc                                            [DEBUG  ]  No samples found: biscuit
[2021-08-25 16:56:11,300] multiqc                                            [DEBUG  ]  No samples found: hicexplorer
[2021-08-25 16:56:11,305] multiqc                                            [DEBUG  ]  No samples found: hicup
[2021-08-25 16:56:11,320] multiqc                                            [DEBUG  ]  No samples found: hicpro
[2021-08-25 16:56:11,330] multiqc                                            [DEBUG  ]  No samples found: salmon
[2021-08-25 16:56:11,341] multiqc                                            [DEBUG  ]  No samples found: kallisto
[2021-08-25 16:56:11,346] multiqc                                            [DEBUG  ]  No samples found: slamdunk
[2021-08-25 16:56:11,363] multiqc                                            [DEBUG  ]  No samples found: star
[2021-08-25 16:56:11,371] multiqc                                            [DEBUG  ]  No samples found: hisat2
[2021-08-25 16:56:11,382] multiqc                                            [DEBUG  ]  No samples found: tophat
[2021-08-25 16:56:11,430] multiqc.modules.bowtie2.bowtie2                    [INFO   ]  Found 41 reports
[2021-08-25 16:56:11,448] multiqc                                            [DEBUG  ]  No samples found: bowtie1
[2021-08-25 16:56:11,461] multiqc                                            [DEBUG  ]  No samples found: snpsplit
[2021-08-25 16:56:11,472] multiqc                                            [DEBUG  ]  No samples found: odgi
[2021-08-25 16:56:11,476] multiqc                                            [DEBUG  ]  No samples found: pangolin
[2021-08-25 16:56:11,486] multiqc                                            [DEBUG  ]  No samples found: kat
[2021-08-25 16:56:11,502] multiqc                                            [DEBUG  ]  No samples found: leehom
[2021-08-25 16:56:11,507] multiqc                                            [DEBUG  ]  No samples found: adapterRemoval
[2021-08-25 16:56:11,542] multiqc                                            [DEBUG  ]  No samples found: clipandmerge
[2021-08-25 16:56:11,547] multiqc                                            [DEBUG  ]  No samples found: cutadapt
[2021-08-25 16:56:11,561] multiqc                                            [DEBUG  ]  No samples found: flexbar
[2021-08-25 16:56:11,569] multiqc                                            [DEBUG  ]  No samples found: kaiju
[2021-08-25 16:56:11,577] multiqc                                            [DEBUG  ]  No samples found: kraken
[2021-08-25 16:56:11,587] multiqc                                            [DEBUG  ]  No samples found: malt
[2021-08-25 16:56:11,597] multiqc                                            [DEBUG  ]  No samples found: trimmomatic
[2021-08-25 16:56:11,606] multiqc                                            [DEBUG  ]  No samples found: sickle
[2021-08-25 16:56:11,619] multiqc                                            [DEBUG  ]  No samples found: skewer
[2021-08-25 16:56:11,624] multiqc                                            [DEBUG  ]  No samples found: sortmerna
[2021-08-25 16:56:11,637] multiqc                                            [DEBUG  ]  No samples found: biobloomtools
[2021-08-25 16:56:11,645] multiqc                                            [DEBUG  ]  No samples found: fastq_screen
[2021-08-25 16:56:11,652] multiqc                                            [DEBUG  ]  No samples found: afterqc
[2021-08-25 16:56:11,664] multiqc                                            [DEBUG  ]  No samples found: fastp
[2021-08-25 16:56:11,668] multiqc                                            [DEBUG  ]  No samples found: fastqc
[2021-08-25 16:56:11,679] multiqc                                            [DEBUG  ]  No samples found: pychopper
[2021-08-25 16:56:11,688] multiqc                                            [DEBUG  ]  No samples found: pycoqc
[2021-08-25 16:56:11,699] multiqc                                            [DEBUG  ]  No samples found: minionqc
[2021-08-25 16:56:11,708] multiqc                                            [DEBUG  ]  No samples found: multivcfanalyzer
[2021-08-25 16:56:11,721] multiqc                                            [DEBUG  ]  No samples found: clusterflow
[2021-08-25 16:56:11,728] multiqc                                            [DEBUG  ]  No samples found: bcl2fastq
[2021-08-25 16:56:11,737] multiqc                                            [DEBUG  ]  No samples found: bclconvert
[2021-08-25 16:56:11,753] multiqc                                            [DEBUG  ]  No samples found: interop
[2021-08-25 16:56:11,769] multiqc                                            [DEBUG  ]  No samples found: ivar
[2021-08-25 16:56:11,784] multiqc                                            [DEBUG  ]  No samples found: flash
[2021-08-25 16:56:11,796] multiqc                                            [DEBUG  ]  No samples found: seqyclean
[2021-08-25 16:56:11,803] multiqc                                            [DEBUG  ]  No samples found: optitype
[2021-08-25 16:56:11,812] multiqc                                            [INFO   ]  Compressing plot data
[2021-08-25 16:56:11,825] multiqc                                            [INFO   ]  Report      : multiqc_report.html
[2021-08-25 16:56:11,825] multiqc                                            [INFO   ]  Data        : multiqc_data
[2021-08-25 16:56:11,826] multiqc                                            [DEBUG  ]  Moving data file from '/tmp/tmpmjk1y5gu/multiqc_data' to '/scratch/mharden/undaria_variation/bowtie2logs/multiqc_data'
[2021-08-25 16:56:12,176] multiqc                                            [INFO   ]  MultiQC complete
