==========================================
SLURM_JOB_ID = 709768
SLURM_JOB_NODELIST = a05-09
TMPDIR = /tmp/SLURM_709768
==========================================
81804068 reads; of these:
  81804068 (100.00%) were paired; of these:
    54178692 (66.23%) aligned concordantly 0 times
    15522073 (18.97%) aligned concordantly exactly 1 time
    12103303 (14.80%) aligned concordantly >1 times
    ----
    54178692 pairs aligned concordantly 0 times; of these:
      23535754 (43.44%) aligned discordantly 1 time
    ----
    30642938 pairs aligned 0 times concordantly or discordantly; of these:
      61285876 mates make up the pairs; of these:
        10243720 (16.71%) aligned 0 times
        10854232 (17.71%) aligned exactly 1 time
        40187924 (65.57%) aligned >1 times
93.74% overall alignment rate
