==========================================
SLURM_JOB_ID = 709794
SLURM_JOB_NODELIST = b01-09
TMPDIR = /tmp/SLURM_709794
==========================================
105025951 reads; of these:
  105025951 (100.00%) were paired; of these:
    61081564 (58.16%) aligned concordantly 0 times
    25554820 (24.33%) aligned concordantly exactly 1 time
    18389567 (17.51%) aligned concordantly >1 times
    ----
    61081564 pairs aligned concordantly 0 times; of these:
      25765568 (42.18%) aligned discordantly 1 time
    ----
    35315996 pairs aligned 0 times concordantly or discordantly; of these:
      70631992 mates make up the pairs; of these:
        11272427 (15.96%) aligned 0 times
        12832205 (18.17%) aligned exactly 1 time
        46527360 (65.87%) aligned >1 times
94.63% overall alignment rate
