==========================================
SLURM_JOB_ID = 709767
SLURM_JOB_NODELIST = a05-08
TMPDIR = /tmp/SLURM_709767
==========================================
85182300 reads; of these:
  85182300 (100.00%) were paired; of these:
    47104913 (55.30%) aligned concordantly 0 times
    23459873 (27.54%) aligned concordantly exactly 1 time
    14617514 (17.16%) aligned concordantly >1 times
    ----
    47104913 pairs aligned concordantly 0 times; of these:
      16947118 (35.98%) aligned discordantly 1 time
    ----
    30157795 pairs aligned 0 times concordantly or discordantly; of these:
      60315590 mates make up the pairs; of these:
        23862980 (39.56%) aligned 0 times
        7747822 (12.85%) aligned exactly 1 time
        28704788 (47.59%) aligned >1 times
85.99% overall alignment rate
