==========================================
SLURM_JOB_ID = 709760
SLURM_JOB_NODELIST = b08-06
TMPDIR = /tmp/SLURM_709760
==========================================
85288694 reads; of these:
  85288694 (100.00%) were paired; of these:
    46721971 (54.78%) aligned concordantly 0 times
    23591903 (27.66%) aligned concordantly exactly 1 time
    14974820 (17.56%) aligned concordantly >1 times
    ----
    46721971 pairs aligned concordantly 0 times; of these:
      19455886 (41.64%) aligned discordantly 1 time
    ----
    27266085 pairs aligned 0 times concordantly or discordantly; of these:
      54532170 mates make up the pairs; of these:
        11380530 (20.87%) aligned 0 times
        9517993 (17.45%) aligned exactly 1 time
        33633647 (61.68%) aligned >1 times
93.33% overall alignment rate
