==========================================
SLURM_JOB_ID = 709754
SLURM_JOB_NODELIST = b10-21
TMPDIR = /tmp/SLURM_709754
==========================================
79317616 reads; of these:
  79317616 (100.00%) were paired; of these:
    50236936 (63.34%) aligned concordantly 0 times
    16963485 (21.39%) aligned concordantly exactly 1 time
    12117195 (15.28%) aligned concordantly >1 times
    ----
    50236936 pairs aligned concordantly 0 times; of these:
      22079636 (43.95%) aligned discordantly 1 time
    ----
    28157300 pairs aligned 0 times concordantly or discordantly; of these:
      56314600 mates make up the pairs; of these:
        10411642 (18.49%) aligned 0 times
        9964220 (17.69%) aligned exactly 1 time
        35938738 (63.82%) aligned >1 times
93.44% overall alignment rate
