==========================================
SLURM_JOB_ID = 709761
SLURM_JOB_NODELIST = b08-07
TMPDIR = /tmp/SLURM_709761
==========================================
82519973 reads; of these:
  82519973 (100.00%) were paired; of these:
    44892842 (54.40%) aligned concordantly 0 times
    23283554 (28.22%) aligned concordantly exactly 1 time
    14343577 (17.38%) aligned concordantly >1 times
    ----
    44892842 pairs aligned concordantly 0 times; of these:
      19093426 (42.53%) aligned discordantly 1 time
    ----
    25799416 pairs aligned 0 times concordantly or discordantly; of these:
      51598832 mates make up the pairs; of these:
        10514007 (20.38%) aligned 0 times
        9180067 (17.79%) aligned exactly 1 time
        31904758 (61.83%) aligned >1 times
93.63% overall alignment rate
