==========================================
SLURM_JOB_ID = 709787
SLURM_JOB_NODELIST = a05-40
TMPDIR = /tmp/SLURM_709787
==========================================
115952569 reads; of these:
  115952569 (100.00%) were paired; of these:
    14138073 (12.19%) aligned concordantly 0 times
    70567455 (60.86%) aligned concordantly exactly 1 time
    31247041 (26.95%) aligned concordantly >1 times
    ----
    14138073 pairs aligned concordantly 0 times; of these:
      642736 (4.55%) aligned discordantly 1 time
    ----
    13495337 pairs aligned 0 times concordantly or discordantly; of these:
      26990674 mates make up the pairs; of these:
        21013917 (77.86%) aligned 0 times
        2647762 (9.81%) aligned exactly 1 time
        3328995 (12.33%) aligned >1 times
90.94% overall alignment rate
