==========================================
SLURM_JOB_ID = 709785
SLURM_JOB_NODELIST = a05-38
TMPDIR = /tmp/SLURM_709785
==========================================
68640489 reads; of these:
  68640489 (100.00%) were paired; of these:
    41664861 (60.70%) aligned concordantly 0 times
    15941127 (23.22%) aligned concordantly exactly 1 time
    11034501 (16.08%) aligned concordantly >1 times
    ----
    41664861 pairs aligned concordantly 0 times; of these:
      17096142 (41.03%) aligned discordantly 1 time
    ----
    24568719 pairs aligned 0 times concordantly or discordantly; of these:
      49137438 mates make up the pairs; of these:
        11046811 (22.48%) aligned 0 times
        8232687 (16.75%) aligned exactly 1 time
        29857940 (60.76%) aligned >1 times
91.95% overall alignment rate
