==========================================
SLURM_JOB_ID = 709762
SLURM_JOB_NODELIST = b08-08
TMPDIR = /tmp/SLURM_709762
==========================================
84403710 reads; of these:
  84403710 (100.00%) were paired; of these:
    43763649 (51.85%) aligned concordantly 0 times
    24961249 (29.57%) aligned concordantly exactly 1 time
    15678812 (18.58%) aligned concordantly >1 times
    ----
    43763649 pairs aligned concordantly 0 times; of these:
      18096603 (41.35%) aligned discordantly 1 time
    ----
    25667046 pairs aligned 0 times concordantly or discordantly; of these:
      51334092 mates make up the pairs; of these:
        11197510 (21.81%) aligned 0 times
        8977234 (17.49%) aligned exactly 1 time
        31159348 (60.70%) aligned >1 times
93.37% overall alignment rate
