==========================================
SLURM_JOB_ID = 709753
SLURM_JOB_NODELIST = b10-19
TMPDIR = /tmp/SLURM_709753
==========================================
81521977 reads; of these:
  81521977 (100.00%) were paired; of these:
    46755743 (57.35%) aligned concordantly 0 times
    21046391 (25.82%) aligned concordantly exactly 1 time
    13719843 (16.83%) aligned concordantly >1 times
    ----
    46755743 pairs aligned concordantly 0 times; of these:
      20503093 (43.85%) aligned discordantly 1 time
    ----
    26252650 pairs aligned 0 times concordantly or discordantly; of these:
      52505300 mates make up the pairs; of these:
        8730798 (16.63%) aligned 0 times
        9355367 (17.82%) aligned exactly 1 time
        34419135 (65.55%) aligned >1 times
94.65% overall alignment rate
