==========================================
SLURM_JOB_ID = 709771
SLURM_JOB_NODELIST = a05-12
TMPDIR = /tmp/SLURM_709771
==========================================
83148832 reads; of these:
  83148832 (100.00%) were paired; of these:
    51481950 (61.92%) aligned concordantly 0 times
    18156039 (21.84%) aligned concordantly exactly 1 time
    13510843 (16.25%) aligned concordantly >1 times
    ----
    51481950 pairs aligned concordantly 0 times; of these:
      21449646 (41.66%) aligned discordantly 1 time
    ----
    30032304 pairs aligned 0 times concordantly or discordantly; of these:
      60064608 mates make up the pairs; of these:
        11790400 (19.63%) aligned 0 times
        10141107 (16.88%) aligned exactly 1 time
        38133101 (63.49%) aligned >1 times
92.91% overall alignment rate
