==========================================
SLURM_JOB_ID = 709777
SLURM_JOB_NODELIST = a05-22
TMPDIR = /tmp/SLURM_709777
==========================================
77695129 reads; of these:
  77695129 (100.00%) were paired; of these:
    41432697 (53.33%) aligned concordantly 0 times
    21717364 (27.95%) aligned concordantly exactly 1 time
    14545068 (18.72%) aligned concordantly >1 times
    ----
    41432697 pairs aligned concordantly 0 times; of these:
      18015077 (43.48%) aligned discordantly 1 time
    ----
    23417620 pairs aligned 0 times concordantly or discordantly; of these:
      46835240 mates make up the pairs; of these:
        8341706 (17.81%) aligned 0 times
        8274261 (17.67%) aligned exactly 1 time
        30219273 (64.52%) aligned >1 times
94.63% overall alignment rate
