==========================================
SLURM_JOB_ID = 709778
SLURM_JOB_NODELIST = a05-23
TMPDIR = /tmp/SLURM_709778
==========================================
87001570 reads; of these:
  87001570 (100.00%) were paired; of these:
    44458743 (51.10%) aligned concordantly 0 times
    25432961 (29.23%) aligned concordantly exactly 1 time
    17109866 (19.67%) aligned concordantly >1 times
    ----
    44458743 pairs aligned concordantly 0 times; of these:
      19252306 (43.30%) aligned discordantly 1 time
    ----
    25206437 pairs aligned 0 times concordantly or discordantly; of these:
      50412874 mates make up the pairs; of these:
        9636308 (19.11%) aligned 0 times
        8865660 (17.59%) aligned exactly 1 time
        31910906 (63.30%) aligned >1 times
94.46% overall alignment rate
