==========================================
SLURM_JOB_ID = 709756
SLURM_JOB_NODELIST = b08-18
TMPDIR = /tmp/SLURM_709756
==========================================
92429178 reads; of these:
  92429178 (100.00%) were paired; of these:
    58865555 (63.69%) aligned concordantly 0 times
    19816091 (21.44%) aligned concordantly exactly 1 time
    13747532 (14.87%) aligned concordantly >1 times
    ----
    58865555 pairs aligned concordantly 0 times; of these:
      26140513 (44.41%) aligned discordantly 1 time
    ----
    32725042 pairs aligned 0 times concordantly or discordantly; of these:
      65450084 mates make up the pairs; of these:
        11790975 (18.02%) aligned 0 times
        11315116 (17.29%) aligned exactly 1 time
        42343993 (64.70%) aligned >1 times
93.62% overall alignment rate
