==========================================
SLURM_JOB_ID = 709759
SLURM_JOB_NODELIST = b08-05
TMPDIR = /tmp/SLURM_709759
==========================================
91650551 reads; of these:
  91650551 (100.00%) were paired; of these:
    48163100 (52.55%) aligned concordantly 0 times
    26866693 (29.31%) aligned concordantly exactly 1 time
    16620758 (18.13%) aligned concordantly >1 times
    ----
    48163100 pairs aligned concordantly 0 times; of these:
      20171380 (41.88%) aligned discordantly 1 time
    ----
    27991720 pairs aligned 0 times concordantly or discordantly; of these:
      55983440 mates make up the pairs; of these:
        12188228 (21.77%) aligned 0 times
        9844469 (17.58%) aligned exactly 1 time
        33950743 (60.64%) aligned >1 times
93.35% overall alignment rate
