==========================================
SLURM_JOB_ID = 709766
SLURM_JOB_NODELIST = a05-07
TMPDIR = /tmp/SLURM_709766
==========================================
84609684 reads; of these:
  84609684 (100.00%) were paired; of these:
    44108214 (52.13%) aligned concordantly 0 times
    25307171 (29.91%) aligned concordantly exactly 1 time
    15194299 (17.96%) aligned concordantly >1 times
    ----
    44108214 pairs aligned concordantly 0 times; of these:
      19860420 (45.03%) aligned discordantly 1 time
    ----
    24247794 pairs aligned 0 times concordantly or discordantly; of these:
      48495588 mates make up the pairs; of these:
        8977142 (18.51%) aligned 0 times
        8659245 (17.86%) aligned exactly 1 time
        30859201 (63.63%) aligned >1 times
94.69% overall alignment rate
