==========================================
SLURM_JOB_ID = 709792
SLURM_JOB_NODELIST = b01-07
TMPDIR = /tmp/SLURM_709792
==========================================
90281249 reads; of these:
  90281249 (100.00%) were paired; of these:
    56856275 (62.98%) aligned concordantly 0 times
    19794363 (21.93%) aligned concordantly exactly 1 time
    13630611 (15.10%) aligned concordantly >1 times
    ----
    56856275 pairs aligned concordantly 0 times; of these:
      25179929 (44.29%) aligned discordantly 1 time
    ----
    31676346 pairs aligned 0 times concordantly or discordantly; of these:
      63352692 mates make up the pairs; of these:
        10113956 (15.96%) aligned 0 times
        11238664 (17.74%) aligned exactly 1 time
        42000072 (66.30%) aligned >1 times
94.40% overall alignment rate
