==========================================
SLURM_JOB_ID = 709775
SLURM_JOB_NODELIST = a05-20
TMPDIR = /tmp/SLURM_709775
==========================================
74673328 reads; of these:
  74673328 (100.00%) were paired; of these:
    41034230 (54.95%) aligned concordantly 0 times
    20035353 (26.83%) aligned concordantly exactly 1 time
    13603745 (18.22%) aligned concordantly >1 times
    ----
    41034230 pairs aligned concordantly 0 times; of these:
      16997488 (41.42%) aligned discordantly 1 time
    ----
    24036742 pairs aligned 0 times concordantly or discordantly; of these:
      48073484 mates make up the pairs; of these:
        12693394 (26.40%) aligned 0 times
        7810075 (16.25%) aligned exactly 1 time
        27570015 (57.35%) aligned >1 times
91.50% overall alignment rate
