==========================================
SLURM_JOB_ID = 709764
SLURM_JOB_NODELIST = b08-10
TMPDIR = /tmp/SLURM_709764
==========================================
84245004 reads; of these:
  84245004 (100.00%) were paired; of these:
    43848091 (52.05%) aligned concordantly 0 times
    24849377 (29.50%) aligned concordantly exactly 1 time
    15547536 (18.46%) aligned concordantly >1 times
    ----
    43848091 pairs aligned concordantly 0 times; of these:
      18992650 (43.31%) aligned discordantly 1 time
    ----
    24855441 pairs aligned 0 times concordantly or discordantly; of these:
      49710882 mates make up the pairs; of these:
        9244881 (18.60%) aligned 0 times
        8635279 (17.37%) aligned exactly 1 time
        31830722 (64.03%) aligned >1 times
94.51% overall alignment rate
