==========================================
SLURM_JOB_ID = 709779
SLURM_JOB_NODELIST = a05-24
TMPDIR = /tmp/SLURM_709779
==========================================
77695656 reads; of these:
  77695656 (100.00%) were paired; of these:
    43826549 (56.41%) aligned concordantly 0 times
    20323114 (26.16%) aligned concordantly exactly 1 time
    13545993 (17.43%) aligned concordantly >1 times
    ----
    43826549 pairs aligned concordantly 0 times; of these:
      17905148 (40.85%) aligned discordantly 1 time
    ----
    25921401 pairs aligned 0 times concordantly or discordantly; of these:
      51842802 mates make up the pairs; of these:
        12065335 (23.27%) aligned 0 times
        8489516 (16.38%) aligned exactly 1 time
        31287951 (60.35%) aligned >1 times
92.24% overall alignment rate
