==========================================
SLURM_JOB_ID = 709774
SLURM_JOB_NODELIST = a05-19
TMPDIR = /tmp/SLURM_709774
==========================================
73901781 reads; of these:
  73901781 (100.00%) were paired; of these:
    43478290 (58.83%) aligned concordantly 0 times
    17560844 (23.76%) aligned concordantly exactly 1 time
    12862647 (17.41%) aligned concordantly >1 times
    ----
    43478290 pairs aligned concordantly 0 times; of these:
      18315841 (42.13%) aligned discordantly 1 time
    ----
    25162449 pairs aligned 0 times concordantly or discordantly; of these:
      50324898 mates make up the pairs; of these:
        9128723 (18.14%) aligned 0 times
        8942264 (17.77%) aligned exactly 1 time
        32253911 (64.09%) aligned >1 times
93.82% overall alignment rate
