==========================================
SLURM_JOB_ID = 709769
SLURM_JOB_NODELIST = a05-10
TMPDIR = /tmp/SLURM_709769
==========================================
79667515 reads; of these:
  79667515 (100.00%) were paired; of these:
    48801470 (61.26%) aligned concordantly 0 times
    18096000 (22.71%) aligned concordantly exactly 1 time
    12770045 (16.03%) aligned concordantly >1 times
    ----
    48801470 pairs aligned concordantly 0 times; of these:
      21555847 (44.17%) aligned discordantly 1 time
    ----
    27245623 pairs aligned 0 times concordantly or discordantly; of these:
      54491246 mates make up the pairs; of these:
        9006411 (16.53%) aligned 0 times
        9461734 (17.36%) aligned exactly 1 time
        36023101 (66.11%) aligned >1 times
94.35% overall alignment rate
