==========================================
SLURM_JOB_ID = 709770
SLURM_JOB_NODELIST = a05-11
TMPDIR = /tmp/SLURM_709770
==========================================
66901662 reads; of these:
  66901662 (100.00%) were paired; of these:
    39888239 (59.62%) aligned concordantly 0 times
    15373760 (22.98%) aligned concordantly exactly 1 time
    11639663 (17.40%) aligned concordantly >1 times
    ----
    39888239 pairs aligned concordantly 0 times; of these:
      16668811 (41.79%) aligned discordantly 1 time
    ----
    23219428 pairs aligned 0 times concordantly or discordantly; of these:
      46438856 mates make up the pairs; of these:
        10256124 (22.09%) aligned 0 times
        7944457 (17.11%) aligned exactly 1 time
        28238275 (60.81%) aligned >1 times
92.33% overall alignment rate
