==========================================
SLURM_JOB_ID = 709784
SLURM_JOB_NODELIST = a05-37
TMPDIR = /tmp/SLURM_709784
==========================================
81538630 reads; of these:
  81538630 (100.00%) were paired; of these:
    45329090 (55.59%) aligned concordantly 0 times
    21335230 (26.17%) aligned concordantly exactly 1 time
    14874310 (18.24%) aligned concordantly >1 times
    ----
    45329090 pairs aligned concordantly 0 times; of these:
      18712070 (41.28%) aligned discordantly 1 time
    ----
    26617020 pairs aligned 0 times concordantly or discordantly; of these:
      53234040 mates make up the pairs; of these:
        10437563 (19.61%) aligned 0 times
        9504689 (17.85%) aligned exactly 1 time
        33291788 (62.54%) aligned >1 times
93.60% overall alignment rate
