==========================================
SLURM_JOB_ID = 709776
SLURM_JOB_NODELIST = a05-21
TMPDIR = /tmp/SLURM_709776
==========================================
79334066 reads; of these:
  79334066 (100.00%) were paired; of these:
    45340720 (57.15%) aligned concordantly 0 times
    20081635 (25.31%) aligned concordantly exactly 1 time
    13911711 (17.54%) aligned concordantly >1 times
    ----
    45340720 pairs aligned concordantly 0 times; of these:
      20315727 (44.81%) aligned discordantly 1 time
    ----
    25024993 pairs aligned 0 times concordantly or discordantly; of these:
      50049986 mates make up the pairs; of these:
        7927790 (15.84%) aligned 0 times
        8900743 (17.78%) aligned exactly 1 time
        33221453 (66.38%) aligned >1 times
95.00% overall alignment rate
