==========================================
SLURM_JOB_ID = 709782
SLURM_JOB_NODELIST = a05-35
TMPDIR = /tmp/SLURM_709782
==========================================
96438520 reads; of these:
  96438520 (100.00%) were paired; of these:
    58178813 (60.33%) aligned concordantly 0 times
    22997068 (23.85%) aligned concordantly exactly 1 time
    15262639 (15.83%) aligned concordantly >1 times
    ----
    58178813 pairs aligned concordantly 0 times; of these:
      23655717 (40.66%) aligned discordantly 1 time
    ----
    34523096 pairs aligned 0 times concordantly or discordantly; of these:
      69046192 mates make up the pairs; of these:
        15939385 (23.09%) aligned 0 times
        11381311 (16.48%) aligned exactly 1 time
        41725496 (60.43%) aligned >1 times
91.74% overall alignment rate
