==========================================
SLURM_JOB_ID = 709752
SLURM_JOB_NODELIST = b10-17
TMPDIR = /tmp/SLURM_709752
==========================================
86797862 reads; of these:
  86797862 (100.00%) were paired; of these:
    51005640 (58.76%) aligned concordantly 0 times
    21349006 (24.60%) aligned concordantly exactly 1 time
    14443216 (16.64%) aligned concordantly >1 times
    ----
    51005640 pairs aligned concordantly 0 times; of these:
      21535920 (42.22%) aligned discordantly 1 time
    ----
    29469720 pairs aligned 0 times concordantly or discordantly; of these:
      58939440 mates make up the pairs; of these:
        12781156 (21.69%) aligned 0 times
        10143217 (17.21%) aligned exactly 1 time
        36015067 (61.11%) aligned >1 times
92.64% overall alignment rate
