==========================================
SLURM_JOB_ID = 709773
SLURM_JOB_NODELIST = a05-18
TMPDIR = /tmp/SLURM_709773
==========================================
84809544 reads; of these:
  84809544 (100.00%) were paired; of these:
    52122125 (61.46%) aligned concordantly 0 times
    18425046 (21.73%) aligned concordantly exactly 1 time
    14262373 (16.82%) aligned concordantly >1 times
    ----
    52122125 pairs aligned concordantly 0 times; of these:
      22145689 (42.49%) aligned discordantly 1 time
    ----
    29976436 pairs aligned 0 times concordantly or discordantly; of these:
      59952872 mates make up the pairs; of these:
        10326227 (17.22%) aligned 0 times
        10994275 (18.34%) aligned exactly 1 time
        38632370 (64.44%) aligned >1 times
93.91% overall alignment rate
