==========================================
SLURM_JOB_ID = 709786
SLURM_JOB_NODELIST = a05-39
TMPDIR = /tmp/SLURM_709786
==========================================
76339085 reads; of these:
  76339085 (100.00%) were paired; of these:
    41959600 (54.96%) aligned concordantly 0 times
    20142420 (26.39%) aligned concordantly exactly 1 time
    14237065 (18.65%) aligned concordantly >1 times
    ----
    41959600 pairs aligned concordantly 0 times; of these:
      17062195 (40.66%) aligned discordantly 1 time
    ----
    24897405 pairs aligned 0 times concordantly or discordantly; of these:
      49794810 mates make up the pairs; of these:
        10207240 (20.50%) aligned 0 times
        8940929 (17.96%) aligned exactly 1 time
        30646641 (61.55%) aligned >1 times
93.31% overall alignment rate
