Started analysis of SRR12223739_SRP271933_Undaria_pinnatifida_individual_1_2016-04-19_INTRO_Fr_Roscoff_1_France_1.fastq.gz
Approx 5% complete for SRR12223739_SRP271933_Undaria_pinnatifida_individual_1_2016-04-19_INTRO_Fr_Roscoff_1_France_1.fastq.gz
Approx 10% complete for SRR12223739_SRP271933_Undaria_pinnatifida_individual_1_2016-04-19_INTRO_Fr_Roscoff_1_France_1.fastq.gz
Approx 15% complete for SRR12223739_SRP271933_Undaria_pinnatifida_individual_1_2016-04-19_INTRO_Fr_Roscoff_1_France_1.fastq.gz
Approx 20% complete for SRR12223739_SRP271933_Undaria_pinnatifida_individual_1_2016-04-19_INTRO_Fr_Roscoff_1_France_1.fastq.gz
Approx 25% complete for SRR12223739_SRP271933_Undaria_pinnatifida_individual_1_2016-04-19_INTRO_Fr_Roscoff_1_France_1.fastq.gz
Approx 30% complete for SRR12223739_SRP271933_Undaria_pinnatifida_individual_1_2016-04-19_INTRO_Fr_Roscoff_1_France_1.fastq.gz
Approx 35% complete for SRR12223739_SRP271933_Undaria_pinnatifida_individual_1_2016-04-19_INTRO_Fr_Roscoff_1_France_1.fastq.gz
Approx 40% complete for SRR12223739_SRP271933_Undaria_pinnatifida_individual_1_2016-04-19_INTRO_Fr_Roscoff_1_France_1.fastq.gz
Approx 45% complete for SRR12223739_SRP271933_Undaria_pinnatifida_individual_1_2016-04-19_INTRO_Fr_Roscoff_1_France_1.fastq.gz
Approx 50% complete for SRR12223739_SRP271933_Undaria_pinnatifida_individual_1_2016-04-19_INTRO_Fr_Roscoff_1_France_1.fastq.gz
Approx 55% complete for SRR12223739_SRP271933_Undaria_pinnatifida_individual_1_2016-04-19_INTRO_Fr_Roscoff_1_France_1.fastq.gz
Approx 60% complete for SRR12223739_SRP271933_Undaria_pinnatifida_individual_1_2016-04-19_INTRO_Fr_Roscoff_1_France_1.fastq.gz
Approx 65% complete for SRR12223739_SRP271933_Undaria_pinnatifida_individual_1_2016-04-19_INTRO_Fr_Roscoff_1_France_1.fastq.gz
Approx 70% complete for SRR12223739_SRP271933_Undaria_pinnatifida_individual_1_2016-04-19_INTRO_Fr_Roscoff_1_France_1.fastq.gz
Approx 75% complete for SRR12223739_SRP271933_Undaria_pinnatifida_individual_1_2016-04-19_INTRO_Fr_Roscoff_1_France_1.fastq.gz
Approx 80% complete for SRR12223739_SRP271933_Undaria_pinnatifida_individual_1_2016-04-19_INTRO_Fr_Roscoff_1_France_1.fastq.gz
Approx 85% complete for SRR12223739_SRP271933_Undaria_pinnatifida_individual_1_2016-04-19_INTRO_Fr_Roscoff_1_France_1.fastq.gz
Approx 90% complete for SRR12223739_SRP271933_Undaria_pinnatifida_individual_1_2016-04-19_INTRO_Fr_Roscoff_1_France_1.fastq.gz
Approx 95% complete for SRR12223739_SRP271933_Undaria_pinnatifida_individual_1_2016-04-19_INTRO_Fr_Roscoff_1_France_1.fastq.gz
Failed to process file SRR12223739_SRP271933_Undaria_pinnatifida_individual_1_2016-04-19_INTRO_Fr_Roscoff_1_France_1.fastq.gz
uk.ac.babraham.FastQC.Sequence.SequenceFormatException: Ran out of data in the middle of a fastq entry.  Your file is probably truncated
	at uk.ac.babraham.FastQC.Sequence.FastQFile.readNext(FastQFile.java:179)
	at uk.ac.babraham.FastQC.Sequence.FastQFile.next(FastQFile.java:125)
	at uk.ac.babraham.FastQC.Analysis.AnalysisRunner.run(AnalysisRunner.java:77)
	at java.base/java.lang.Thread.run(Thread.java:844)
